STAGE DEPENDENCIES:
  Stage-1 is a root stage
  Stage-0 depends on stages: Stage-1

STAGE PLANS:
  Stage: Stage-1
    Tez
      DagId: hive_20170626025544_d424e139-33af-40a0-9477-13b6269c3e17:401
      Edges:
        Map 1 <- Map 3 (BROADCAST_EDGE), Reducer 7 (BROADCAST_EDGE), Reducer 8 (BROADCAST_EDGE)
        Map 6 <- Map 3 (BROADCAST_EDGE), Reducer 5 (BROADCAST_EDGE)
        Reducer 2 <- Map 1 (SIMPLE_EDGE)
        Reducer 5 <- Map 4 (CUSTOM_SIMPLE_EDGE)
        Reducer 7 <- Map 4 (BROADCAST_EDGE), Map 6 (SIMPLE_EDGE)
        Reducer 8 <- Reducer 7 (CUSTOM_SIMPLE_EDGE)
      DagName: query32.sql
      Vertices:
        Map 1 
            Map Operator Tree:
                TableScan
                  alias: catalog_sales
                  filterExpr: (cs_item_sk is not null and (cs_item_sk BETWEEN DynamicValue(RS_31_item_i_item_sk_min) AND DynamicValue(RS_31_item_i_item_sk_max) and in_bloom_filter(cs_item_sk, DynamicValue(RS_31_item_i_item_sk_bloom_filter)))) (type: boolean)
                  Statistics: Num rows: 143352541321 Data size: 3439017047488 Basic stats: COMPLETE Column stats: PARTIAL
                  Filter Operator
                    predicate: (cs_item_sk is not null and (cs_item_sk BETWEEN DynamicValue(RS_31_item_i_item_sk_min) AND DynamicValue(RS_31_item_i_item_sk_max) and in_bloom_filter(cs_item_sk, DynamicValue(RS_31_item_i_item_sk_bloom_filter)))) (type: boolean)
                    Statistics: Num rows: 143352541321 Data size: 3439017047488 Basic stats: COMPLETE Column stats: PARTIAL
                    Select Operator
                      expressions: cs_item_sk (type: bigint), cs_ext_discount_amt (type: double), cs_sold_date_sk (type: bigint)
                      outputColumnNames: _col0, _col1, _col2
                      Statistics: Num rows: 143352541321 Data size: 3439017047488 Basic stats: COMPLETE Column stats: PARTIAL
                      Map Join Operator
                        condition map:
                             Inner Join 0 to 1
                        keys:
                          0 _col2 (type: bigint)
                          1 _col0 (type: bigint)
                        outputColumnNames: _col0, _col1
                        input vertices:
                          1 Map 3
                        Statistics: Num rows: 15926969777 Data size: 254831516432 Basic stats: COMPLETE Column stats: PARTIAL
                        Map Join Operator
                          condition map:
                               Inner Join 0 to 1
                          keys:
                            0 _col0 (type: bigint)
                            1 _col0 (type: bigint)
                          outputColumnNames: _col1, _col7
                          input vertices:
                            1 Reducer 7
                          Statistics: Num rows: 3 Data size: 48 Basic stats: COMPLETE Column stats: PARTIAL
                          Filter Operator
                            predicate: (_col1 > _col7) (type: boolean)
                            Statistics: Num rows: 1 Data size: 16 Basic stats: COMPLETE Column stats: PARTIAL
                            Select Operator
                              expressions: _col1 (type: double)
                              outputColumnNames: _col1
                              Statistics: Num rows: 1 Data size: 16 Basic stats: COMPLETE Column stats: PARTIAL
                              Group By Operator
                                aggregations: sum(_col1)
                                mode: hash
                                outputColumnNames: _col0
                                Statistics: Num rows: 1 Data size: 8 Basic stats: COMPLETE Column stats: PARTIAL
                                Reduce Output Operator
                                  sort order: 
                                  Statistics: Num rows: 1 Data size: 8 Basic stats: COMPLETE Column stats: PARTIAL
                                  TopN Hash Memory Usage: 0.04
                                  value expressions: _col0 (type: double)
            Execution mode: vectorized, llap
            LLAP IO: all inputs
        Map 3 
            Map Operator Tree:
                TableScan
                  alias: date_dim
                  filterExpr: (CAST( d_date AS TIMESTAMP) BETWEEN 1998-03-18 00:00:00.0 AND 1998-06-16 00:00:00.0 and d_date_sk is not null) (type: boolean)
                  Statistics: Num rows: 73049 Data size: 7450998 Basic stats: COMPLETE Column stats: COMPLETE
                  Filter Operator
                    predicate: (CAST( d_date AS TIMESTAMP) BETWEEN 1998-03-18 00:00:00.0 AND 1998-06-16 00:00:00.0 and d_date_sk is not null) (type: boolean)
                    Statistics: Num rows: 8116 Data size: 827832 Basic stats: COMPLETE Column stats: COMPLETE
                    Select Operator
                      expressions: d_date_sk (type: bigint)
                      outputColumnNames: _col0
                      Statistics: Num rows: 8116 Data size: 827832 Basic stats: COMPLETE Column stats: COMPLETE
                      Reduce Output Operator
                        key expressions: _col0 (type: bigint)
                        sort order: +
                        Map-reduce partition columns: _col0 (type: bigint)
                        Statistics: Num rows: 8116 Data size: 827832 Basic stats: COMPLETE Column stats: COMPLETE
                      Select Operator
                        expressions: _col0 (type: bigint)
                        outputColumnNames: _col0
                        Statistics: Num rows: 8116 Data size: 827832 Basic stats: COMPLETE Column stats: COMPLETE
                        Group By Operator
                          keys: _col0 (type: bigint)
                          mode: hash
                          outputColumnNames: _col0
                          Statistics: Num rows: 8116 Data size: 827832 Basic stats: COMPLETE Column stats: COMPLETE
                          Dynamic Partitioning Event Operator
                            Target column: cs_sold_date_sk (bigint)
                            Target Input: catalog_sales
                            Partition key expr: cs_sold_date_sk
                            Statistics: Num rows: 8116 Data size: 827832 Basic stats: COMPLETE Column stats: COMPLETE
                            Target Vertex: Map 1
                  Filter Operator
                    predicate: (CAST( d_date AS TIMESTAMP) BETWEEN 1998-03-18 00:00:00.0 AND 1998-06-16 00:00:00.0 and d_date_sk is not null) (type: boolean)
                    Statistics: Num rows: 8116 Data size: 827832 Basic stats: COMPLETE Column stats: COMPLETE
                    Select Operator
                      expressions: d_date_sk (type: bigint)
                      outputColumnNames: _col0
                      Statistics: Num rows: 8116 Data size: 827832 Basic stats: COMPLETE Column stats: COMPLETE
                      Reduce Output Operator
                        key expressions: _col0 (type: bigint)
                        sort order: +
                        Map-reduce partition columns: _col0 (type: bigint)
                        Statistics: Num rows: 8116 Data size: 827832 Basic stats: COMPLETE Column stats: COMPLETE
                      Select Operator
                        expressions: _col0 (type: bigint)
                        outputColumnNames: _col0
                        Statistics: Num rows: 8116 Data size: 827832 Basic stats: COMPLETE Column stats: COMPLETE
                        Group By Operator
                          keys: _col0 (type: bigint)
                          mode: hash
                          outputColumnNames: _col0
                          Statistics: Num rows: 8116 Data size: 827832 Basic stats: COMPLETE Column stats: COMPLETE
                          Dynamic Partitioning Event Operator
                            Target column: cs_sold_date_sk (bigint)
                            Target Input: catalog_sales
                            Partition key expr: cs_sold_date_sk
                            Statistics: Num rows: 8116 Data size: 827832 Basic stats: COMPLETE Column stats: COMPLETE
                            Target Vertex: Map 6
            Execution mode: vectorized, llap
            LLAP IO: all inputs
        Map 4 
            Map Operator Tree:
                TableScan
                  alias: item
                  filterExpr: ((i_manufact_id = 269) and i_item_sk is not null) (type: boolean)
                  Statistics: Num rows: 502000 Data size: 6018972 Basic stats: COMPLETE Column stats: COMPLETE
                  Filter Operator
                    predicate: ((i_manufact_id = 269) and i_item_sk is not null) (type: boolean)
                    Statistics: Num rows: 726 Data size: 8708 Basic stats: COMPLETE Column stats: COMPLETE
                    Select Operator
                      expressions: i_item_sk (type: bigint)
                      outputColumnNames: _col0
                      Statistics: Num rows: 726 Data size: 8712 Basic stats: COMPLETE Column stats: COMPLETE
                      Reduce Output Operator
                        key expressions: _col0 (type: bigint)
                        sort order: +
                        Map-reduce partition columns: _col0 (type: bigint)
                        Statistics: Num rows: 726 Data size: 8712 Basic stats: COMPLETE Column stats: COMPLETE
                      Select Operator
                        expressions: _col0 (type: bigint)
                        outputColumnNames: _col0
                        Statistics: Num rows: 726 Data size: 5808 Basic stats: COMPLETE Column stats: COMPLETE
                        Group By Operator
                          aggregations: min(_col0), max(_col0), bloom_filter(_col0, expectedEntries=1000000)
                          mode: hash
                          outputColumnNames: _col0, _col1, _col2
                          Statistics: Num rows: 1 Data size: 24 Basic stats: COMPLETE Column stats: COMPLETE
                          Reduce Output Operator
                            sort order: 
                            Statistics: Num rows: 1 Data size: 24 Basic stats: COMPLETE Column stats: COMPLETE
                            value expressions: _col0 (type: bigint), _col1 (type: bigint), _col2 (type: binary)
            Execution mode: vectorized, llap
            LLAP IO: all inputs
        Map 6 
            Map Operator Tree:
                TableScan
                  alias: catalog_sales
                  filterExpr: ((cs_item_sk = cs_item_sk) and (cs_item_sk BETWEEN DynamicValue(RS_23_item_i_item_sk_min) AND DynamicValue(RS_23_item_i_item_sk_max) and in_bloom_filter(cs_item_sk, DynamicValue(RS_23_item_i_item_sk_bloom_filter)))) (type: boolean)
                  Statistics: Num rows: 143352541321 Data size: 3439017047488 Basic stats: COMPLETE Column stats: PARTIAL
                  Filter Operator
                    predicate: ((cs_item_sk = cs_item_sk) and (cs_item_sk BETWEEN DynamicValue(RS_23_item_i_item_sk_min) AND DynamicValue(RS_23_item_i_item_sk_max) and in_bloom_filter(cs_item_sk, DynamicValue(RS_23_item_i_item_sk_bloom_filter)))) (type: boolean)
                    Statistics: Num rows: 71676270660 Data size: 1719508523736 Basic stats: COMPLETE Column stats: PARTIAL
                    Select Operator
                      expressions: cs_item_sk (type: bigint), cs_ext_discount_amt (type: double), cs_sold_date_sk (type: bigint)
                      outputColumnNames: _col0, _col1, _col2
                      Statistics: Num rows: 71676270660 Data size: 1719508523736 Basic stats: COMPLETE Column stats: PARTIAL
                      Map Join Operator
                        condition map:
                             Inner Join 0 to 1
                        keys:
                          0 _col2 (type: bigint)
                          1 _col0 (type: bigint)
                        outputColumnNames: _col0, _col1
                        input vertices:
                          1 Map 3
                        Statistics: Num rows: 7963484889 Data size: 127415758224 Basic stats: COMPLETE Column stats: PARTIAL
                        Group By Operator
                          aggregations: avg(_col1)
                          keys: _col0 (type: bigint)
                          mode: hash
                          outputColumnNames: _col0, _col1
                          Statistics: Num rows: 34237071 Data size: 3012862248 Basic stats: COMPLETE Column stats: PARTIAL
                          Reduce Output Operator
                            key expressions: _col0 (type: bigint)
                            sort order: +
                            Map-reduce partition columns: _col0 (type: bigint)
                            Statistics: Num rows: 34237071 Data size: 3012862248 Basic stats: COMPLETE Column stats: PARTIAL
                            value expressions: _col1 (type: struct<count:bigint,sum:double,input:double>)
            Execution mode: vectorized, llap
            LLAP IO: all inputs
        Reducer 2 
            Execution mode: vectorized, llap
            Reduce Operator Tree:
              Group By Operator
                aggregations: sum(VALUE._col0)
                mode: mergepartial
                outputColumnNames: _col0
                Statistics: Num rows: 1 Data size: 8 Basic stats: COMPLETE Column stats: PARTIAL
                Limit
                  Number of rows: 100
                  Statistics: Num rows: 1 Data size: 8 Basic stats: COMPLETE Column stats: PARTIAL
                  File Output Operator
                    compressed: false
                    Statistics: Num rows: 1 Data size: 8 Basic stats: COMPLETE Column stats: PARTIAL
                    table:
                        input format: org.apache.hadoop.mapred.SequenceFileInputFormat
                        output format: org.apache.hadoop.hive.ql.io.HiveSequenceFileOutputFormat
                        serde: org.apache.hadoop.hive.serde2.lazy.LazySimpleSerDe
        Reducer 5 
            Execution mode: vectorized, llap
            Reduce Operator Tree:
              Group By Operator
                aggregations: min(VALUE._col0), max(VALUE._col1), bloom_filter(VALUE._col2, expectedEntries=1000000)
                mode: final
                outputColumnNames: _col0, _col1, _col2
                Statistics: Num rows: 1 Data size: 24 Basic stats: COMPLETE Column stats: COMPLETE
                Reduce Output Operator
                  sort order: 
                  Statistics: Num rows: 1 Data size: 24 Basic stats: COMPLETE Column stats: COMPLETE
                  value expressions: _col0 (type: bigint), _col1 (type: bigint), _col2 (type: binary)
        Reducer 7 
            Execution mode: llap
            Reduce Operator Tree:
              Group By Operator
                aggregations: avg(VALUE._col0)
                keys: KEY._col0 (type: bigint)
                mode: mergepartial
                outputColumnNames: _col0, _col1
                Statistics: Num rows: 18029 Data size: 288464 Basic stats: COMPLETE Column stats: PARTIAL
                Select Operator
                  expressions: (1.3 * _col1) (type: double), _col0 (type: bigint)
                  outputColumnNames: _col0, _col1
                  Statistics: Num rows: 18029 Data size: 288464 Basic stats: COMPLETE Column stats: PARTIAL
                  Map Join Operator
                    condition map:
                         Inner Join 0 to 1
                    keys:
                      0 _col0 (type: bigint)
                      1 _col1 (type: bigint)
                    outputColumnNames: _col0, _col2
                    input vertices:
                      0 Map 4
                    Statistics: Num rows: 27 Data size: 432 Basic stats: COMPLETE Column stats: PARTIAL
                    Reduce Output Operator
                      key expressions: _col0 (type: bigint)
                      sort order: +
                      Map-reduce partition columns: _col0 (type: bigint)
                      Statistics: Num rows: 27 Data size: 432 Basic stats: COMPLETE Column stats: PARTIAL
                      value expressions: _col2 (type: double)
                    Select Operator
                      expressions: _col0 (type: bigint)
                      outputColumnNames: _col0
                      Statistics: Num rows: 27 Data size: 216 Basic stats: COMPLETE Column stats: PARTIAL
                      Group By Operator
                        aggregations: min(_col0), max(_col0), bloom_filter(_col0, expectedEntries=1000000)
                        mode: hash
                        outputColumnNames: _col0, _col1, _col2
                        Statistics: Num rows: 1 Data size: 24 Basic stats: COMPLETE Column stats: PARTIAL
                        Reduce Output Operator
                          sort order: 
                          Statistics: Num rows: 1 Data size: 24 Basic stats: COMPLETE Column stats: PARTIAL
                          value expressions: _col0 (type: bigint), _col1 (type: bigint), _col2 (type: binary)
        Reducer 8 
            Execution mode: vectorized, llap
            Reduce Operator Tree:
              Group By Operator
                aggregations: min(VALUE._col0), max(VALUE._col1), bloom_filter(VALUE._col2, expectedEntries=1000000)
                mode: final
                outputColumnNames: _col0, _col1, _col2
                Statistics: Num rows: 1 Data size: 24 Basic stats: COMPLETE Column stats: PARTIAL
                Reduce Output Operator
                  sort order: 
                  Statistics: Num rows: 1 Data size: 24 Basic stats: COMPLETE Column stats: PARTIAL
                  value expressions: _col0 (type: bigint), _col1 (type: bigint), _col2 (type: binary)

  Stage: Stage-0
    Fetch Operator
      limit: 100
      Processor Tree:
        ListSink