STAGE DEPENDENCIES:
  Stage-1 is a root stage
  Stage-0 depends on stages: Stage-1

STAGE PLANS:
  Stage: Stage-1
    Tez
      DagId: hive_20170626205223_eb6d2528-ecc1-4e91-a10a-aa8d814561df:659
      Edges:
        Map 1 <- Map 8 (BROADCAST_EDGE), Union 2 (CONTAINS)
        Map 11 <- Map 12 (BROADCAST_EDGE), Union 2 (CONTAINS)
        Map 13 <- Map 8 (BROADCAST_EDGE), Union 14 (CONTAINS)
        Map 16 <- Map 10 (BROADCAST_EDGE), Union 14 (CONTAINS)
        Map 17 <- Map 12 (BROADCAST_EDGE), Union 14 (CONTAINS)
        Map 18 <- Map 20 (BROADCAST_EDGE), Map 21 (BROADCAST_EDGE), Reducer 25 (BROADCAST_EDGE), Reducer 26 (BROADCAST_EDGE)
        Map 22 <- Map 21 (BROADCAST_EDGE), Map 8 (BROADCAST_EDGE)
        Map 27 <- Map 21 (BROADCAST_EDGE), Map 8 (BROADCAST_EDGE)
        Map 29 <- Map 21 (BROADCAST_EDGE), Map 8 (BROADCAST_EDGE)
        Map 31 <- Map 8 (BROADCAST_EDGE), Union 32 (CONTAINS)
        Map 35 <- Map 10 (BROADCAST_EDGE), Union 32 (CONTAINS)
        Map 36 <- Map 12 (BROADCAST_EDGE), Union 32 (CONTAINS)
        Map 37 <- Map 8 (BROADCAST_EDGE), Union 38 (CONTAINS)
        Map 40 <- Map 10 (BROADCAST_EDGE), Union 38 (CONTAINS)
        Map 41 <- Map 12 (BROADCAST_EDGE), Union 38 (CONTAINS)
        Map 42 <- Map 20 (BROADCAST_EDGE), Map 21 (BROADCAST_EDGE), Reducer 47 (BROADCAST_EDGE), Reducer 48 (BROADCAST_EDGE)
        Map 44 <- Map 21 (BROADCAST_EDGE), Map 8 (BROADCAST_EDGE)
        Map 49 <- Map 21 (BROADCAST_EDGE), Map 8 (BROADCAST_EDGE)
        Map 51 <- Map 21 (BROADCAST_EDGE), Map 8 (BROADCAST_EDGE)
        Map 53 <- Map 8 (BROADCAST_EDGE), Union 54 (CONTAINS)
        Map 57 <- Map 10 (BROADCAST_EDGE), Union 54 (CONTAINS)
        Map 58 <- Map 12 (BROADCAST_EDGE), Union 54 (CONTAINS)
        Map 59 <- Map 8 (BROADCAST_EDGE), Union 60 (CONTAINS)
        Map 62 <- Map 10 (BROADCAST_EDGE), Union 60 (CONTAINS)
        Map 63 <- Map 12 (BROADCAST_EDGE), Union 60 (CONTAINS)
        Map 64 <- Map 20 (BROADCAST_EDGE), Map 21 (BROADCAST_EDGE), Reducer 69 (BROADCAST_EDGE), Reducer 70 (BROADCAST_EDGE)
        Map 66 <- Map 21 (BROADCAST_EDGE), Map 8 (BROADCAST_EDGE)
        Map 71 <- Map 21 (BROADCAST_EDGE), Map 8 (BROADCAST_EDGE)
        Map 73 <- Map 21 (BROADCAST_EDGE), Map 8 (BROADCAST_EDGE)
        Map 9 <- Map 10 (BROADCAST_EDGE), Union 2 (CONTAINS)
        Reducer 15 <- Union 14 (SIMPLE_EDGE)
        Reducer 19 <- Map 18 (SIMPLE_EDGE)
        Reducer 23 <- Map 22 (SIMPLE_EDGE), Union 24 (CONTAINS)
        Reducer 25 <- Map 21 (BROADCAST_EDGE), Union 24 (SIMPLE_EDGE)
        Reducer 26 <- Reducer 25 (CUSTOM_SIMPLE_EDGE)
        Reducer 28 <- Map 27 (SIMPLE_EDGE), Union 24 (CONTAINS)
        Reducer 3 <- Reducer 15 (BROADCAST_EDGE), Union 2 (SIMPLE_EDGE)
        Reducer 30 <- Map 29 (SIMPLE_EDGE), Union 24 (CONTAINS)
        Reducer 33 <- Reducer 39 (BROADCAST_EDGE), Union 32 (SIMPLE_EDGE)
        Reducer 34 <- Reducer 33 (XPROD_EDGE), Reducer 43 (XPROD_EDGE), Union 5 (CONTAINS)
        Reducer 39 <- Union 38 (SIMPLE_EDGE)
        Reducer 4 <- Reducer 19 (XPROD_EDGE), Reducer 3 (XPROD_EDGE), Union 5 (CONTAINS)
        Reducer 43 <- Map 42 (SIMPLE_EDGE)
        Reducer 45 <- Map 44 (SIMPLE_EDGE), Union 46 (CONTAINS)
        Reducer 47 <- Map 21 (BROADCAST_EDGE), Union 46 (SIMPLE_EDGE)
        Reducer 48 <- Reducer 47 (CUSTOM_SIMPLE_EDGE)
        Reducer 50 <- Map 49 (SIMPLE_EDGE), Union 46 (CONTAINS)
        Reducer 52 <- Map 51 (SIMPLE_EDGE), Union 46 (CONTAINS)
        Reducer 55 <- Reducer 61 (BROADCAST_EDGE), Union 54 (SIMPLE_EDGE)
        Reducer 56 <- Reducer 55 (XPROD_EDGE), Reducer 65 (XPROD_EDGE), Union 5 (CONTAINS)
        Reducer 6 <- Union 5 (SIMPLE_EDGE)
        Reducer 61 <- Union 60 (SIMPLE_EDGE)
        Reducer 65 <- Map 64 (SIMPLE_EDGE)
        Reducer 67 <- Map 66 (SIMPLE_EDGE), Union 68 (CONTAINS)
        Reducer 69 <- Map 21 (BROADCAST_EDGE), Union 68 (SIMPLE_EDGE)
        Reducer 7 <- Reducer 6 (SIMPLE_EDGE)
        Reducer 70 <- Reducer 69 (CUSTOM_SIMPLE_EDGE)
        Reducer 72 <- Map 71 (SIMPLE_EDGE), Union 68 (CONTAINS)
        Reducer 74 <- Map 73 (SIMPLE_EDGE), Union 68 (CONTAINS)
      DagName: query14_a.sql
      Vertices:
        Map 1 
            Map Operator Tree:
                TableScan
                  alias: store_sales
                  filterExpr: ss_sold_date_sk is not null (type: boolean)
                  Statistics: Num rows: 275035746821 Data size: 3287177240756 Basic stats: COMPLETE Column stats: COMPLETE
                  Select Operator
                    expressions: ss_quantity (type: int), ss_sold_date_sk (type: bigint)
                    outputColumnNames: _col0, _col2
                    Statistics: Num rows: 275035746821 Data size: 3287177240756 Basic stats: COMPLETE Column stats: COMPLETE
                    Map Join Operator
                      condition map:
                           Inner Join 0 to 1
                      keys:
                        0 _col2 (type: bigint)
                        1 _col0 (type: bigint)
                      outputColumnNames: _col0
                      input vertices:
                        1 Map 8
                      Statistics: Num rows: 30557435444 Data size: 122229741776 Basic stats: COMPLETE Column stats: COMPLETE
                      Select Operator
                        expressions: _col0 (type: int)
                        outputColumnNames: _col0
                        Statistics: Num rows: 54479375636 Data size: 217917502544 Basic stats: COMPLETE Column stats: COMPLETE
                        Group By Operator
                          aggregations: count(_col0)
                          mode: hash
                          outputColumnNames: _col0
                          Statistics: Num rows: 1 Data size: 8 Basic stats: COMPLETE Column stats: COMPLETE
                          Reduce Output Operator
                            sort order: 
                            Statistics: Num rows: 1 Data size: 8 Basic stats: COMPLETE Column stats: COMPLETE
                            value expressions: _col0 (type: bigint)
            Execution mode: vectorized, llap
            LLAP IO: all inputs
        Map 10 
            Map Operator Tree:
                TableScan
                  alias: date_dim
                  filterExpr: (d_year BETWEEN 1998 AND 2000 and d_date_sk is not null) (type: boolean)
                  Statistics: Num rows: 73049 Data size: 876588 Basic stats: COMPLETE Column stats: COMPLETE
                  Filter Operator
                    predicate: (d_year BETWEEN 1998 AND 2000 and d_date_sk is not null) (type: boolean)
                    Statistics: Num rows: 8116 Data size: 97392 Basic stats: COMPLETE Column stats: COMPLETE
                    Select Operator
                      expressions: d_date_sk (type: bigint)
                      outputColumnNames: _col0
                      Statistics: Num rows: 8116 Data size: 97392 Basic stats: COMPLETE Column stats: COMPLETE
                      Reduce Output Operator
                        key expressions: _col0 (type: bigint)
                        sort order: +
                        Map-reduce partition columns: _col0 (type: bigint)
                        Statistics: Num rows: 8116 Data size: 97392 Basic stats: COMPLETE Column stats: COMPLETE
                      Select Operator
                        expressions: _col0 (type: bigint)
                        outputColumnNames: _col0
                        Statistics: Num rows: 8116 Data size: 97392 Basic stats: COMPLETE Column stats: COMPLETE
                        Group By Operator
                          keys: _col0 (type: bigint)
                          mode: hash
                          outputColumnNames: _col0
                          Statistics: Num rows: 4058 Data size: 48696 Basic stats: COMPLETE Column stats: COMPLETE
                          Dynamic Partitioning Event Operator
                            Target column: cs_sold_date_sk (bigint)
                            Target Input: catalog_sales
                            Partition key expr: cs_sold_date_sk
                            Statistics: Num rows: 4058 Data size: 48696 Basic stats: COMPLETE Column stats: COMPLETE
                            Target Vertex: Map 9
                  Filter Operator
                    predicate: (d_year BETWEEN 1998 AND 2000 and d_date_sk is not null) (type: boolean)
                    Statistics: Num rows: 8116 Data size: 97392 Basic stats: COMPLETE Column stats: COMPLETE
                    Select Operator
                      expressions: d_date_sk (type: bigint)
                      outputColumnNames: _col0
                      Statistics: Num rows: 8116 Data size: 97392 Basic stats: COMPLETE Column stats: COMPLETE
                      Reduce Output Operator
                        key expressions: _col0 (type: bigint)
                        sort order: +
                        Map-reduce partition columns: _col0 (type: bigint)
                        Statistics: Num rows: 8116 Data size: 97392 Basic stats: COMPLETE Column stats: COMPLETE
                      Select Operator
                        expressions: _col0 (type: bigint)
                        outputColumnNames: _col0
                        Statistics: Num rows: 8116 Data size: 97392 Basic stats: COMPLETE Column stats: COMPLETE
                        Group By Operator
                          keys: _col0 (type: bigint)
                          mode: hash
                          outputColumnNames: _col0
                          Statistics: Num rows: 4058 Data size: 48696 Basic stats: COMPLETE Column stats: COMPLETE
                          Dynamic Partitioning Event Operator
                            Target column: cs_sold_date_sk (bigint)
                            Target Input: catalog_sales
                            Partition key expr: cs_sold_date_sk
                            Statistics: Num rows: 4058 Data size: 48696 Basic stats: COMPLETE Column stats: COMPLETE
                            Target Vertex: Map 16
                  Filter Operator
                    predicate: (d_year BETWEEN 1998 AND 2000 and d_date_sk is not null) (type: boolean)
                    Statistics: Num rows: 8116 Data size: 97392 Basic stats: COMPLETE Column stats: COMPLETE
                    Select Operator
                      expressions: d_date_sk (type: bigint)
                      outputColumnNames: _col0
                      Statistics: Num rows: 8116 Data size: 97392 Basic stats: COMPLETE Column stats: COMPLETE
                      Reduce Output Operator
                        key expressions: _col0 (type: bigint)
                        sort order: +
                        Map-reduce partition columns: _col0 (type: bigint)
                        Statistics: Num rows: 8116 Data size: 97392 Basic stats: COMPLETE Column stats: COMPLETE
                      Select Operator
                        expressions: _col0 (type: bigint)
                        outputColumnNames: _col0
                        Statistics: Num rows: 8116 Data size: 97392 Basic stats: COMPLETE Column stats: COMPLETE
                        Group By Operator
                          keys: _col0 (type: bigint)
                          mode: hash
                          outputColumnNames: _col0
                          Statistics: Num rows: 4058 Data size: 48696 Basic stats: COMPLETE Column stats: COMPLETE
                          Dynamic Partitioning Event Operator
                            Target column: cs_sold_date_sk (bigint)
                            Target Input: catalog_sales
                            Partition key expr: cs_sold_date_sk
                            Statistics: Num rows: 4058 Data size: 48696 Basic stats: COMPLETE Column stats: COMPLETE
                            Target Vertex: Map 35
                  Filter Operator
                    predicate: (d_year BETWEEN 1998 AND 2000 and d_date_sk is not null) (type: boolean)
                    Statistics: Num rows: 8116 Data size: 97392 Basic stats: COMPLETE Column stats: COMPLETE
                    Select Operator
                      expressions: d_date_sk (type: bigint)
                      outputColumnNames: _col0
                      Statistics: Num rows: 8116 Data size: 97392 Basic stats: COMPLETE Column stats: COMPLETE
                      Reduce Output Operator
                        key expressions: _col0 (type: bigint)
                        sort order: +
                        Map-reduce partition columns: _col0 (type: bigint)
                        Statistics: Num rows: 8116 Data size: 97392 Basic stats: COMPLETE Column stats: COMPLETE
                      Select Operator
                        expressions: _col0 (type: bigint)
                        outputColumnNames: _col0
                        Statistics: Num rows: 8116 Data size: 97392 Basic stats: COMPLETE Column stats: COMPLETE
                        Group By Operator
                          keys: _col0 (type: bigint)
                          mode: hash
                          outputColumnNames: _col0
                          Statistics: Num rows: 4058 Data size: 48696 Basic stats: COMPLETE Column stats: COMPLETE
                          Dynamic Partitioning Event Operator
                            Target column: cs_sold_date_sk (bigint)
                            Target Input: catalog_sales
                            Partition key expr: cs_sold_date_sk
                            Statistics: Num rows: 4058 Data size: 48696 Basic stats: COMPLETE Column stats: COMPLETE
                            Target Vertex: Map 40
                  Filter Operator
                    predicate: (d_year BETWEEN 1998 AND 2000 and d_date_sk is not null) (type: boolean)
                    Statistics: Num rows: 8116 Data size: 97392 Basic stats: COMPLETE Column stats: COMPLETE
                    Select Operator
                      expressions: d_date_sk (type: bigint)
                      outputColumnNames: _col0
                      Statistics: Num rows: 8116 Data size: 97392 Basic stats: COMPLETE Column stats: COMPLETE
                      Reduce Output Operator
                        key expressions: _col0 (type: bigint)
                        sort order: +
                        Map-reduce partition columns: _col0 (type: bigint)
                        Statistics: Num rows: 8116 Data size: 97392 Basic stats: COMPLETE Column stats: COMPLETE
                      Select Operator
                        expressions: _col0 (type: bigint)
                        outputColumnNames: _col0
                        Statistics: Num rows: 8116 Data size: 97392 Basic stats: COMPLETE Column stats: COMPLETE
                        Group By Operator
                          keys: _col0 (type: bigint)
                          mode: hash
                          outputColumnNames: _col0
                          Statistics: Num rows: 4058 Data size: 48696 Basic stats: COMPLETE Column stats: COMPLETE
                          Dynamic Partitioning Event Operator
                            Target column: cs_sold_date_sk (bigint)
                            Target Input: catalog_sales
                            Partition key expr: cs_sold_date_sk
                            Statistics: Num rows: 4058 Data size: 48696 Basic stats: COMPLETE Column stats: COMPLETE
                            Target Vertex: Map 57
                  Filter Operator
                    predicate: (d_year BETWEEN 1998 AND 2000 and d_date_sk is not null) (type: boolean)
                    Statistics: Num rows: 8116 Data size: 97392 Basic stats: COMPLETE Column stats: COMPLETE
                    Select Operator
                      expressions: d_date_sk (type: bigint)
                      outputColumnNames: _col0
                      Statistics: Num rows: 8116 Data size: 97392 Basic stats: COMPLETE Column stats: COMPLETE
                      Reduce Output Operator
                        key expressions: _col0 (type: bigint)
                        sort order: +
                        Map-reduce partition columns: _col0 (type: bigint)
                        Statistics: Num rows: 8116 Data size: 97392 Basic stats: COMPLETE Column stats: COMPLETE
                      Select Operator
                        expressions: _col0 (type: bigint)
                        outputColumnNames: _col0
                        Statistics: Num rows: 8116 Data size: 97392 Basic stats: COMPLETE Column stats: COMPLETE
                        Group By Operator
                          keys: _col0 (type: bigint)
                          mode: hash
                          outputColumnNames: _col0
                          Statistics: Num rows: 4058 Data size: 48696 Basic stats: COMPLETE Column stats: COMPLETE
                          Dynamic Partitioning Event Operator
                            Target column: cs_sold_date_sk (bigint)
                            Target Input: catalog_sales
                            Partition key expr: cs_sold_date_sk
                            Statistics: Num rows: 4058 Data size: 48696 Basic stats: COMPLETE Column stats: COMPLETE
                            Target Vertex: Map 62
            Execution mode: vectorized, llap
            LLAP IO: all inputs
        Map 11 
            Map Operator Tree:
                TableScan
                  alias: web_sales
                  filterExpr: ws_sold_date_sk is not null (type: boolean)
                  Statistics: Num rows: 71959659800 Data size: 863497865336 Basic stats: COMPLETE Column stats: COMPLETE
                  Select Operator
                    expressions: ws_quantity (type: int), ws_sold_date_sk (type: bigint)
                    outputColumnNames: _col0, _col2
                    Statistics: Num rows: 71959659800 Data size: 863497865336 Basic stats: COMPLETE Column stats: COMPLETE
                    Map Join Operator
                      condition map:
                           Inner Join 0 to 1
                      keys:
                        0 _col2 (type: bigint)
                        1 _col0 (type: bigint)
                      outputColumnNames: _col0
                      input vertices:
                        1 Map 12
                      Statistics: Num rows: 7994970415 Data size: 31979881660 Basic stats: COMPLETE Column stats: COMPLETE
                      Select Operator
                        expressions: _col0 (type: int)
                        outputColumnNames: _col0
                        Statistics: Num rows: 54479375636 Data size: 217917502544 Basic stats: COMPLETE Column stats: COMPLETE
                        Group By Operator
                          aggregations: count(_col0)
                          mode: hash
                          outputColumnNames: _col0
                          Statistics: Num rows: 1 Data size: 8 Basic stats: COMPLETE Column stats: COMPLETE
                          Reduce Output Operator
                            sort order: 
                            Statistics: Num rows: 1 Data size: 8 Basic stats: COMPLETE Column stats: COMPLETE
                            value expressions: _col0 (type: bigint)
            Execution mode: vectorized, llap
            LLAP IO: all inputs
        Map 12 
            Map Operator Tree:
                TableScan
                  alias: date_dim
                  filterExpr: (d_year BETWEEN 1998 AND 2000 and d_date_sk is not null) (type: boolean)
                  Statistics: Num rows: 73049 Data size: 876588 Basic stats: COMPLETE Column stats: COMPLETE
                  Filter Operator
                    predicate: (d_year BETWEEN 1998 AND 2000 and d_date_sk is not null) (type: boolean)
                    Statistics: Num rows: 8116 Data size: 97392 Basic stats: COMPLETE Column stats: COMPLETE
                    Select Operator
                      expressions: d_date_sk (type: bigint)
                      outputColumnNames: _col0
                      Statistics: Num rows: 8116 Data size: 97392 Basic stats: COMPLETE Column stats: COMPLETE
                      Reduce Output Operator
                        key expressions: _col0 (type: bigint)
                        sort order: +
                        Map-reduce partition columns: _col0 (type: bigint)
                        Statistics: Num rows: 8116 Data size: 97392 Basic stats: COMPLETE Column stats: COMPLETE
                      Select Operator
                        expressions: _col0 (type: bigint)
                        outputColumnNames: _col0
                        Statistics: Num rows: 8116 Data size: 97392 Basic stats: COMPLETE Column stats: COMPLETE
                        Group By Operator
                          keys: _col0 (type: bigint)
                          mode: hash
                          outputColumnNames: _col0
                          Statistics: Num rows: 4058 Data size: 48696 Basic stats: COMPLETE Column stats: COMPLETE
                          Dynamic Partitioning Event Operator
                            Target column: ws_sold_date_sk (bigint)
                            Target Input: web_sales
                            Partition key expr: ws_sold_date_sk
                            Statistics: Num rows: 4058 Data size: 48696 Basic stats: COMPLETE Column stats: COMPLETE
                            Target Vertex: Map 11
                  Filter Operator
                    predicate: (d_year BETWEEN 1998 AND 2000 and d_date_sk is not null) (type: boolean)
                    Statistics: Num rows: 8116 Data size: 97392 Basic stats: COMPLETE Column stats: COMPLETE
                    Select Operator
                      expressions: d_date_sk (type: bigint)
                      outputColumnNames: _col0
                      Statistics: Num rows: 8116 Data size: 97392 Basic stats: COMPLETE Column stats: COMPLETE
                      Reduce Output Operator
                        key expressions: _col0 (type: bigint)
                        sort order: +
                        Map-reduce partition columns: _col0 (type: bigint)
                        Statistics: Num rows: 8116 Data size: 97392 Basic stats: COMPLETE Column stats: COMPLETE
                      Select Operator
                        expressions: _col0 (type: bigint)
                        outputColumnNames: _col0
                        Statistics: Num rows: 8116 Data size: 97392 Basic stats: COMPLETE Column stats: COMPLETE
                        Group By Operator
                          keys: _col0 (type: bigint)
                          mode: hash
                          outputColumnNames: _col0
                          Statistics: Num rows: 4058 Data size: 48696 Basic stats: COMPLETE Column stats: COMPLETE
                          Dynamic Partitioning Event Operator
                            Target column: ws_sold_date_sk (bigint)
                            Target Input: web_sales
                            Partition key expr: ws_sold_date_sk
                            Statistics: Num rows: 4058 Data size: 48696 Basic stats: COMPLETE Column stats: COMPLETE
                            Target Vertex: Map 17
                  Filter Operator
                    predicate: (d_year BETWEEN 1998 AND 2000 and d_date_sk is not null) (type: boolean)
                    Statistics: Num rows: 8116 Data size: 97392 Basic stats: COMPLETE Column stats: COMPLETE
                    Select Operator
                      expressions: d_date_sk (type: bigint)
                      outputColumnNames: _col0
                      Statistics: Num rows: 8116 Data size: 97392 Basic stats: COMPLETE Column stats: COMPLETE
                      Reduce Output Operator
                        key expressions: _col0 (type: bigint)
                        sort order: +
                        Map-reduce partition columns: _col0 (type: bigint)
                        Statistics: Num rows: 8116 Data size: 97392 Basic stats: COMPLETE Column stats: COMPLETE
                      Select Operator
                        expressions: _col0 (type: bigint)
                        outputColumnNames: _col0
                        Statistics: Num rows: 8116 Data size: 97392 Basic stats: COMPLETE Column stats: COMPLETE
                        Group By Operator
                          keys: _col0 (type: bigint)
                          mode: hash
                          outputColumnNames: _col0
                          Statistics: Num rows: 4058 Data size: 48696 Basic stats: COMPLETE Column stats: COMPLETE
                          Dynamic Partitioning Event Operator
                            Target column: ws_sold_date_sk (bigint)
                            Target Input: web_sales
                            Partition key expr: ws_sold_date_sk
                            Statistics: Num rows: 4058 Data size: 48696 Basic stats: COMPLETE Column stats: COMPLETE
                            Target Vertex: Map 36
                  Filter Operator
                    predicate: (d_year BETWEEN 1998 AND 2000 and d_date_sk is not null) (type: boolean)
                    Statistics: Num rows: 8116 Data size: 97392 Basic stats: COMPLETE Column stats: COMPLETE
                    Select Operator
                      expressions: d_date_sk (type: bigint)
                      outputColumnNames: _col0
                      Statistics: Num rows: 8116 Data size: 97392 Basic stats: COMPLETE Column stats: COMPLETE
                      Reduce Output Operator
                        key expressions: _col0 (type: bigint)
                        sort order: +
                        Map-reduce partition columns: _col0 (type: bigint)
                        Statistics: Num rows: 8116 Data size: 97392 Basic stats: COMPLETE Column stats: COMPLETE
                      Select Operator
                        expressions: _col0 (type: bigint)
                        outputColumnNames: _col0
                        Statistics: Num rows: 8116 Data size: 97392 Basic stats: COMPLETE Column stats: COMPLETE
                        Group By Operator
                          keys: _col0 (type: bigint)
                          mode: hash
                          outputColumnNames: _col0
                          Statistics: Num rows: 4058 Data size: 48696 Basic stats: COMPLETE Column stats: COMPLETE
                          Dynamic Partitioning Event Operator
                            Target column: ws_sold_date_sk (bigint)
                            Target Input: web_sales
                            Partition key expr: ws_sold_date_sk
                            Statistics: Num rows: 4058 Data size: 48696 Basic stats: COMPLETE Column stats: COMPLETE
                            Target Vertex: Map 41
                  Filter Operator
                    predicate: (d_year BETWEEN 1998 AND 2000 and d_date_sk is not null) (type: boolean)
                    Statistics: Num rows: 8116 Data size: 97392 Basic stats: COMPLETE Column stats: COMPLETE
                    Select Operator
                      expressions: d_date_sk (type: bigint)
                      outputColumnNames: _col0
                      Statistics: Num rows: 8116 Data size: 97392 Basic stats: COMPLETE Column stats: COMPLETE
                      Reduce Output Operator
                        key expressions: _col0 (type: bigint)
                        sort order: +
                        Map-reduce partition columns: _col0 (type: bigint)
                        Statistics: Num rows: 8116 Data size: 97392 Basic stats: COMPLETE Column stats: COMPLETE
                      Select Operator
                        expressions: _col0 (type: bigint)
                        outputColumnNames: _col0
                        Statistics: Num rows: 8116 Data size: 97392 Basic stats: COMPLETE Column stats: COMPLETE
                        Group By Operator
                          keys: _col0 (type: bigint)
                          mode: hash
                          outputColumnNames: _col0
                          Statistics: Num rows: 4058 Data size: 48696 Basic stats: COMPLETE Column stats: COMPLETE
                          Dynamic Partitioning Event Operator
                            Target column: ws_sold_date_sk (bigint)
                            Target Input: web_sales
                            Partition key expr: ws_sold_date_sk
                            Statistics: Num rows: 4058 Data size: 48696 Basic stats: COMPLETE Column stats: COMPLETE
                            Target Vertex: Map 58
                  Filter Operator
                    predicate: (d_year BETWEEN 1998 AND 2000 and d_date_sk is not null) (type: boolean)
                    Statistics: Num rows: 8116 Data size: 97392 Basic stats: COMPLETE Column stats: COMPLETE
                    Select Operator
                      expressions: d_date_sk (type: bigint)
                      outputColumnNames: _col0
                      Statistics: Num rows: 8116 Data size: 97392 Basic stats: COMPLETE Column stats: COMPLETE
                      Reduce Output Operator
                        key expressions: _col0 (type: bigint)
                        sort order: +
                        Map-reduce partition columns: _col0 (type: bigint)
                        Statistics: Num rows: 8116 Data size: 97392 Basic stats: COMPLETE Column stats: COMPLETE
                      Select Operator
                        expressions: _col0 (type: bigint)
                        outputColumnNames: _col0
                        Statistics: Num rows: 8116 Data size: 97392 Basic stats: COMPLETE Column stats: COMPLETE
                        Group By Operator
                          keys: _col0 (type: bigint)
                          mode: hash
                          outputColumnNames: _col0
                          Statistics: Num rows: 4058 Data size: 48696 Basic stats: COMPLETE Column stats: COMPLETE
                          Dynamic Partitioning Event Operator
                            Target column: ws_sold_date_sk (bigint)
                            Target Input: web_sales
                            Partition key expr: ws_sold_date_sk
                            Statistics: Num rows: 4058 Data size: 48696 Basic stats: COMPLETE Column stats: COMPLETE
                            Target Vertex: Map 63
            Execution mode: vectorized, llap
            LLAP IO: all inputs
        Map 13 
            Map Operator Tree:
                TableScan
                  alias: store_sales
                  filterExpr: ss_sold_date_sk is not null (type: boolean)
                  Statistics: Num rows: 275035746821 Data size: 5461010520492 Basic stats: COMPLETE Column stats: COMPLETE
                  Select Operator
                    expressions: ss_quantity (type: int), ss_list_price (type: double), ss_sold_date_sk (type: bigint)
                    outputColumnNames: _col0, _col1, _col2
                    Statistics: Num rows: 275035746821 Data size: 5461010520492 Basic stats: COMPLETE Column stats: COMPLETE
                    Map Join Operator
                      condition map:
                           Inner Join 0 to 1
                      keys:
                        0 _col2 (type: bigint)
                        1 _col0 (type: bigint)
                      outputColumnNames: _col0, _col1
                      input vertices:
                        1 Map 8
                      Statistics: Num rows: 30557435444 Data size: 366689225328 Basic stats: COMPLETE Column stats: COMPLETE
                      Select Operator
                        expressions: (UDFToDouble(_col0) * _col1) (type: double)
                        outputColumnNames: _col0
                        Statistics: Num rows: 54479375636 Data size: 653752507632 Basic stats: COMPLETE Column stats: COMPLETE
                        Group By Operator
                          aggregations: avg(_col0)
                          mode: hash
                          outputColumnNames: _col0
                          Statistics: Num rows: 1 Data size: 80 Basic stats: COMPLETE Column stats: COMPLETE
                          Reduce Output Operator
                            sort order: 
                            Statistics: Num rows: 1 Data size: 80 Basic stats: COMPLETE Column stats: COMPLETE
                            value expressions: _col0 (type: struct<count:bigint,sum:double,input:double>)
            Execution mode: vectorized, llap
            LLAP IO: all inputs
        Map 16 
            Map Operator Tree:
                TableScan
                  alias: catalog_sales
                  filterExpr: cs_sold_date_sk is not null (type: boolean)
                  Statistics: Num rows: 143352541321 Data size: 2864870429520 Basic stats: COMPLETE Column stats: COMPLETE
                  Select Operator
                    expressions: cs_quantity (type: int), cs_list_price (type: double), cs_sold_date_sk (type: bigint)
                    outputColumnNames: _col0, _col1, _col2
                    Statistics: Num rows: 143352541321 Data size: 2864870429520 Basic stats: COMPLETE Column stats: COMPLETE
                    Map Join Operator
                      condition map:
                           Inner Join 0 to 1
                      keys:
                        0 _col2 (type: bigint)
                        1 _col0 (type: bigint)
                      outputColumnNames: _col0, _col1
                      input vertices:
                        1 Map 10
                      Statistics: Num rows: 15926969777 Data size: 191123637324 Basic stats: COMPLETE Column stats: COMPLETE
                      Select Operator
                        expressions: (UDFToDouble(_col0) * _col1) (type: double)
                        outputColumnNames: _col0
                        Statistics: Num rows: 54479375636 Data size: 653752507632 Basic stats: COMPLETE Column stats: COMPLETE
                        Group By Operator
                          aggregations: avg(_col0)
                          mode: hash
                          outputColumnNames: _col0
                          Statistics: Num rows: 1 Data size: 80 Basic stats: COMPLETE Column stats: COMPLETE
                          Reduce Output Operator
                            sort order: 
                            Statistics: Num rows: 1 Data size: 80 Basic stats: COMPLETE Column stats: COMPLETE
                            value expressions: _col0 (type: struct<count:bigint,sum:double,input:double>)
            Execution mode: vectorized, llap
            LLAP IO: all inputs
        Map 17 
            Map Operator Tree:
                TableScan
                  alias: web_sales
                  filterExpr: ws_sold_date_sk is not null (type: boolean)
                  Statistics: Num rows: 71959659800 Data size: 1439138946080 Basic stats: COMPLETE Column stats: COMPLETE
                  Select Operator
                    expressions: ws_quantity (type: int), ws_list_price (type: double), ws_sold_date_sk (type: bigint)
                    outputColumnNames: _col0, _col1, _col2
                    Statistics: Num rows: 71959659800 Data size: 1439138946080 Basic stats: COMPLETE Column stats: COMPLETE
                    Map Join Operator
                      condition map:
                           Inner Join 0 to 1
                      keys:
                        0 _col2 (type: bigint)
                        1 _col0 (type: bigint)
                      outputColumnNames: _col0, _col1
                      input vertices:
                        1 Map 12
                      Statistics: Num rows: 7994970415 Data size: 95939644980 Basic stats: COMPLETE Column stats: COMPLETE
                      Select Operator
                        expressions: (UDFToDouble(_col0) * _col1) (type: double)
                        outputColumnNames: _col0
                        Statistics: Num rows: 54479375636 Data size: 653752507632 Basic stats: COMPLETE Column stats: COMPLETE
                        Group By Operator
                          aggregations: avg(_col0)
                          mode: hash
                          outputColumnNames: _col0
                          Statistics: Num rows: 1 Data size: 80 Basic stats: COMPLETE Column stats: COMPLETE
                          Reduce Output Operator
                            sort order: 
                            Statistics: Num rows: 1 Data size: 80 Basic stats: COMPLETE Column stats: COMPLETE
                            value expressions: _col0 (type: struct<count:bigint,sum:double,input:double>)
            Execution mode: vectorized, llap
            LLAP IO: all inputs
        Map 18 
            Map Operator Tree:
                TableScan
                  alias: store_sales
                  filterExpr: (ss_item_sk is not null and (ss_item_sk BETWEEN DynamicValue(RS_179_item_i_item_sk_min) AND DynamicValue(RS_179_item_i_item_sk_max) and in_bloom_filter(ss_item_sk, DynamicValue(RS_179_item_i_item_sk_bloom_filter)))) (type: boolean)
                  Statistics: Num rows: 275035746821 Data size: 7661296495060 Basic stats: COMPLETE Column stats: COMPLETE
                  Filter Operator
                    predicate: (ss_item_sk is not null and (ss_item_sk BETWEEN DynamicValue(RS_179_item_i_item_sk_min) AND DynamicValue(RS_179_item_i_item_sk_max) and in_bloom_filter(ss_item_sk, DynamicValue(RS_179_item_i_item_sk_bloom_filter)))) (type: boolean)
                    Statistics: Num rows: 275035746821 Data size: 7661296495060 Basic stats: COMPLETE Column stats: COMPLETE
                    Select Operator
                      expressions: ss_item_sk (type: bigint), ss_quantity (type: int), ss_list_price (type: double), ss_sold_date_sk (type: bigint)
                      outputColumnNames: _col0, _col1, _col2, _col3
                      Statistics: Num rows: 275035746821 Data size: 7661296495060 Basic stats: COMPLETE Column stats: COMPLETE
                      Map Join Operator
                        condition map:
                             Inner Join 0 to 1
                        keys:
                          0 _col3 (type: bigint)
                          1 _col0 (type: bigint)
                        outputColumnNames: _col0, _col1, _col2
                        input vertices:
                          1 Map 20
                        Statistics: Num rows: 98204190491 Data size: 1964083809820 Basic stats: COMPLETE Column stats: COMPLETE
                        Map Join Operator
                          condition map:
                               Inner Join 0 to 1
                          keys:
                            0 _col0 (type: bigint)
                            1 _col0 (type: bigint)
                          outputColumnNames: _col0, _col1, _col2, _col8, _col9, _col10
                          input vertices:
                            1 Map 21
                          Statistics: Num rows: 98204190491 Data size: 3142534095712 Basic stats: COMPLETE Column stats: COMPLETE
                          Map Join Operator
                            condition map:
                                 Left Semi Join 0 to 1
                            keys:
                              0 _col0 (type: bigint)
                              1 _col0 (type: bigint)
                            outputColumnNames: _col1, _col2, _col8, _col9, _col10
                            input vertices:
                              1 Reducer 25
                            Statistics: Num rows: 1 Data size: 24 Basic stats: COMPLETE Column stats: COMPLETE
                            Select Operator
                              expressions: _col8 (type: int), _col9 (type: int), _col10 (type: int), (UDFToDouble(_col1) * _col2) (type: double)
                              outputColumnNames: _col0, _col1, _col2, _col3
                              Statistics: Num rows: 1 Data size: 24 Basic stats: COMPLETE Column stats: COMPLETE
                              Group By Operator
                                aggregations: sum(_col3), count()
                                keys: _col0 (type: int), _col1 (type: int), _col2 (type: int)
                                mode: hash
                                outputColumnNames: _col0, _col1, _col2, _col3, _col4
                                Statistics: Num rows: 1 Data size: 28 Basic stats: COMPLETE Column stats: COMPLETE
                                Reduce Output Operator
                                  key expressions: _col0 (type: int), _col1 (type: int), _col2 (type: int)
                                  sort order: +++
                                  Map-reduce partition columns: _col0 (type: int), _col1 (type: int), _col2 (type: int)
                                  Statistics: Num rows: 1 Data size: 28 Basic stats: COMPLETE Column stats: COMPLETE
                                  value expressions: _col3 (type: double), _col4 (type: bigint)
            Execution mode: vectorized, llap
            LLAP IO: all inputs
        Map 20 
            Map Operator Tree:
                TableScan
                  alias: date_dim
                  filterExpr: ((d_year = 2000) and (d_moy = 11) and d_date_sk is not null) (type: boolean)
                  Statistics: Num rows: 73049 Data size: 1168784 Basic stats: COMPLETE Column stats: COMPLETE
                  Filter Operator
                    predicate: ((d_year = 2000) and (d_moy = 11) and d_date_sk is not null) (type: boolean)
                    Statistics: Num rows: 652 Data size: 10432 Basic stats: COMPLETE Column stats: COMPLETE
                    Select Operator
                      expressions: d_date_sk (type: bigint)
                      outputColumnNames: _col0
                      Statistics: Num rows: 652 Data size: 10432 Basic stats: COMPLETE Column stats: COMPLETE
                      Reduce Output Operator
                        key expressions: _col0 (type: bigint)
                        sort order: +
                        Map-reduce partition columns: _col0 (type: bigint)
                        Statistics: Num rows: 652 Data size: 10432 Basic stats: COMPLETE Column stats: COMPLETE
                      Select Operator
                        expressions: _col0 (type: bigint)
                        outputColumnNames: _col0
                        Statistics: Num rows: 652 Data size: 10432 Basic stats: COMPLETE Column stats: COMPLETE
                        Group By Operator
                          keys: _col0 (type: bigint)
                          mode: hash
                          outputColumnNames: _col0
                          Statistics: Num rows: 326 Data size: 5216 Basic stats: COMPLETE Column stats: COMPLETE
                          Dynamic Partitioning Event Operator
                            Target column: ss_sold_date_sk (bigint)
                            Target Input: store_sales
                            Partition key expr: ss_sold_date_sk
                            Statistics: Num rows: 326 Data size: 5216 Basic stats: COMPLETE Column stats: COMPLETE
                            Target Vertex: Map 18
                  Filter Operator
                    predicate: ((d_year = 2000) and (d_moy = 11) and d_date_sk is not null) (type: boolean)
                    Statistics: Num rows: 652 Data size: 10432 Basic stats: COMPLETE Column stats: COMPLETE
                    Select Operator
                      expressions: d_date_sk (type: bigint)
                      outputColumnNames: _col0
                      Statistics: Num rows: 652 Data size: 10432 Basic stats: COMPLETE Column stats: COMPLETE
                      Reduce Output Operator
                        key expressions: _col0 (type: bigint)
                        sort order: +
                        Map-reduce partition columns: _col0 (type: bigint)
                        Statistics: Num rows: 652 Data size: 10432 Basic stats: COMPLETE Column stats: COMPLETE
                      Select Operator
                        expressions: _col0 (type: bigint)
                        outputColumnNames: _col0
                        Statistics: Num rows: 652 Data size: 10432 Basic stats: COMPLETE Column stats: COMPLETE
                        Group By Operator
                          keys: _col0 (type: bigint)
                          mode: hash
                          outputColumnNames: _col0
                          Statistics: Num rows: 326 Data size: 5216 Basic stats: COMPLETE Column stats: COMPLETE
                          Dynamic Partitioning Event Operator
                            Target column: cs_sold_date_sk (bigint)
                            Target Input: catalog_sales
                            Partition key expr: cs_sold_date_sk
                            Statistics: Num rows: 326 Data size: 5216 Basic stats: COMPLETE Column stats: COMPLETE
                            Target Vertex: Map 42
                  Filter Operator
                    predicate: ((d_year = 2000) and (d_moy = 11) and d_date_sk is not null) (type: boolean)
                    Statistics: Num rows: 652 Data size: 10432 Basic stats: COMPLETE Column stats: COMPLETE
                    Select Operator
                      expressions: d_date_sk (type: bigint)
                      outputColumnNames: _col0
                      Statistics: Num rows: 652 Data size: 10432 Basic stats: COMPLETE Column stats: COMPLETE
                      Reduce Output Operator
                        key expressions: _col0 (type: bigint)
                        sort order: +
                        Map-reduce partition columns: _col0 (type: bigint)
                        Statistics: Num rows: 652 Data size: 10432 Basic stats: COMPLETE Column stats: COMPLETE
                      Select Operator
                        expressions: _col0 (type: bigint)
                        outputColumnNames: _col0
                        Statistics: Num rows: 652 Data size: 10432 Basic stats: COMPLETE Column stats: COMPLETE
                        Group By Operator
                          keys: _col0 (type: bigint)
                          mode: hash
                          outputColumnNames: _col0
                          Statistics: Num rows: 326 Data size: 5216 Basic stats: COMPLETE Column stats: COMPLETE
                          Dynamic Partitioning Event Operator
                            Target column: ws_sold_date_sk (bigint)
                            Target Input: web_sales
                            Partition key expr: ws_sold_date_sk
                            Statistics: Num rows: 326 Data size: 5216 Basic stats: COMPLETE Column stats: COMPLETE
                            Target Vertex: Map 64
            Execution mode: vectorized, llap
            LLAP IO: all inputs
        Map 21 
            Map Operator Tree:
                TableScan
                  alias: item
                  filterExpr: (i_item_sk is not null or (i_brand_id is not null and i_class_id is not null and i_category_id is not null and i_item_sk is not null) or (i_item_sk is not null and i_brand_id is not null and i_class_id is not null and i_category_id is not null) or (i_item_sk is not null and i_brand_id is not null and i_class_id is not null and i_category_id is not null) or (i_item_sk is not null and i_brand_id is not null and i_class_id is not null and i_category_id is not null)) (type: boolean)
                  Statistics: Num rows: 502000 Data size: 10025276 Basic stats: COMPLETE Column stats: COMPLETE
                  Filter Operator
                    predicate: i_item_sk is not null (type: boolean)
                    Statistics: Num rows: 502000 Data size: 10025276 Basic stats: COMPLETE Column stats: COMPLETE
                    Select Operator
                      expressions: i_item_sk (type: bigint), i_brand_id (type: int), i_class_id (type: int), i_category_id (type: int)
                      outputColumnNames: _col0, _col1, _col2, _col3
                      Statistics: Num rows: 502000 Data size: 10025276 Basic stats: COMPLETE Column stats: COMPLETE
                      Reduce Output Operator
                        key expressions: _col0 (type: bigint)
                        sort order: +
                        Map-reduce partition columns: _col0 (type: bigint)
                        Statistics: Num rows: 502000 Data size: 10025276 Basic stats: COMPLETE Column stats: COMPLETE
                        value expressions: _col1 (type: int), _col2 (type: int), _col3 (type: int)
                  Filter Operator
                    predicate: (i_brand_id is not null and i_class_id is not null and i_category_id is not null and i_item_sk is not null) (type: boolean)
                    Statistics: Num rows: 498325 Data size: 9951884 Basic stats: COMPLETE Column stats: COMPLETE
                    Select Operator
                      expressions: i_item_sk (type: bigint), i_brand_id (type: int), i_class_id (type: int), i_category_id (type: int)
                      outputColumnNames: _col0, _col1, _col2, _col3
                      Statistics: Num rows: 498325 Data size: 9951884 Basic stats: COMPLETE Column stats: COMPLETE
                      Reduce Output Operator
                        key expressions: _col1 (type: int), _col2 (type: int), _col3 (type: int)
                        sort order: +++
                        Map-reduce partition columns: _col1 (type: int), _col2 (type: int), _col3 (type: int)
                        Statistics: Num rows: 498325 Data size: 9951884 Basic stats: COMPLETE Column stats: COMPLETE
                        value expressions: _col0 (type: bigint)
                  Filter Operator
                    predicate: (i_item_sk is not null and i_brand_id is not null and i_class_id is not null and i_category_id is not null) (type: boolean)
                    Statistics: Num rows: 498325 Data size: 9951884 Basic stats: COMPLETE Column stats: COMPLETE
                    Select Operator
                      expressions: i_item_sk (type: bigint), i_brand_id (type: int), i_class_id (type: int), i_category_id (type: int)
                      outputColumnNames: _col0, _col1, _col2, _col3
                      Statistics: Num rows: 498325 Data size: 9951884 Basic stats: COMPLETE Column stats: COMPLETE
                      Reduce Output Operator
                        key expressions: _col0 (type: bigint)
                        sort order: +
                        Map-reduce partition columns: _col0 (type: bigint)
                        Statistics: Num rows: 498325 Data size: 9951884 Basic stats: COMPLETE Column stats: COMPLETE
                        value expressions: _col1 (type: int), _col2 (type: int), _col3 (type: int)
                  Filter Operator
                    predicate: (i_item_sk is not null and i_brand_id is not null and i_class_id is not null and i_category_id is not null) (type: boolean)
                    Statistics: Num rows: 498325 Data size: 9951884 Basic stats: COMPLETE Column stats: COMPLETE
                    Select Operator
                      expressions: i_item_sk (type: bigint), i_brand_id (type: int), i_class_id (type: int), i_category_id (type: int)
                      outputColumnNames: _col0, _col1, _col2, _col3
                      Statistics: Num rows: 498325 Data size: 9951884 Basic stats: COMPLETE Column stats: COMPLETE
                      Reduce Output Operator
                        key expressions: _col0 (type: bigint)
                        sort order: +
                        Map-reduce partition columns: _col0 (type: bigint)
                        Statistics: Num rows: 498325 Data size: 9951884 Basic stats: COMPLETE Column stats: COMPLETE
                        value expressions: _col1 (type: int), _col2 (type: int), _col3 (type: int)
                  Filter Operator
                    predicate: (i_item_sk is not null and i_brand_id is not null and i_class_id is not null and i_category_id is not null) (type: boolean)
                    Statistics: Num rows: 498325 Data size: 9951884 Basic stats: COMPLETE Column stats: COMPLETE
                    Select Operator
                      expressions: i_item_sk (type: bigint), i_brand_id (type: int), i_class_id (type: int), i_category_id (type: int)
                      outputColumnNames: _col0, _col1, _col2, _col3
                      Statistics: Num rows: 498325 Data size: 9951884 Basic stats: COMPLETE Column stats: COMPLETE
                      Reduce Output Operator
                        key expressions: _col0 (type: bigint)
                        sort order: +
                        Map-reduce partition columns: _col0 (type: bigint)
                        Statistics: Num rows: 498325 Data size: 9951884 Basic stats: COMPLETE Column stats: COMPLETE
                        value expressions: _col1 (type: int), _col2 (type: int), _col3 (type: int)
                  Filter Operator
                    predicate: i_item_sk is not null (type: boolean)
                    Statistics: Num rows: 502000 Data size: 10025276 Basic stats: COMPLETE Column stats: COMPLETE
                    Select Operator
                      expressions: i_item_sk (type: bigint), i_brand_id (type: int), i_class_id (type: int), i_category_id (type: int)
                      outputColumnNames: _col0, _col1, _col2, _col3
                      Statistics: Num rows: 502000 Data size: 10025276 Basic stats: COMPLETE Column stats: COMPLETE
                      Reduce Output Operator
                        key expressions: _col0 (type: bigint)
                        sort order: +
                        Map-reduce partition columns: _col0 (type: bigint)
                        Statistics: Num rows: 502000 Data size: 10025276 Basic stats: COMPLETE Column stats: COMPLETE
                        value expressions: _col1 (type: int), _col2 (type: int), _col3 (type: int)
                  Filter Operator
                    predicate: (i_brand_id is not null and i_class_id is not null and i_category_id is not null and i_item_sk is not null) (type: boolean)
                    Statistics: Num rows: 498325 Data size: 9951884 Basic stats: COMPLETE Column stats: COMPLETE
                    Select Operator
                      expressions: i_item_sk (type: bigint), i_brand_id (type: int), i_class_id (type: int), i_category_id (type: int)
                      outputColumnNames: _col0, _col1, _col2, _col3
                      Statistics: Num rows: 498325 Data size: 9951884 Basic stats: COMPLETE Column stats: COMPLETE
                      Reduce Output Operator
                        key expressions: _col1 (type: int), _col2 (type: int), _col3 (type: int)
                        sort order: +++
                        Map-reduce partition columns: _col1 (type: int), _col2 (type: int), _col3 (type: int)
                        Statistics: Num rows: 498325 Data size: 9951884 Basic stats: COMPLETE Column stats: COMPLETE
                        value expressions: _col0 (type: bigint)
                  Filter Operator
                    predicate: (i_item_sk is not null and i_brand_id is not null and i_class_id is not null and i_category_id is not null) (type: boolean)
                    Statistics: Num rows: 498325 Data size: 9951884 Basic stats: COMPLETE Column stats: COMPLETE
                    Select Operator
                      expressions: i_item_sk (type: bigint), i_brand_id (type: int), i_class_id (type: int), i_category_id (type: int)
                      outputColumnNames: _col0, _col1, _col2, _col3
                      Statistics: Num rows: 498325 Data size: 9951884 Basic stats: COMPLETE Column stats: COMPLETE
                      Reduce Output Operator
                        key expressions: _col0 (type: bigint)
                        sort order: +
                        Map-reduce partition columns: _col0 (type: bigint)
                        Statistics: Num rows: 498325 Data size: 9951884 Basic stats: COMPLETE Column stats: COMPLETE
                        value expressions: _col1 (type: int), _col2 (type: int), _col3 (type: int)
                  Filter Operator
                    predicate: (i_item_sk is not null and i_brand_id is not null and i_class_id is not null and i_category_id is not null) (type: boolean)
                    Statistics: Num rows: 498325 Data size: 9951884 Basic stats: COMPLETE Column stats: COMPLETE
                    Select Operator
                      expressions: i_item_sk (type: bigint), i_brand_id (type: int), i_class_id (type: int), i_category_id (type: int)
                      outputColumnNames: _col0, _col1, _col2, _col3
                      Statistics: Num rows: 498325 Data size: 9951884 Basic stats: COMPLETE Column stats: COMPLETE
                      Reduce Output Operator
                        key expressions: _col0 (type: bigint)
                        sort order: +
                        Map-reduce partition columns: _col0 (type: bigint)
                        Statistics: Num rows: 498325 Data size: 9951884 Basic stats: COMPLETE Column stats: COMPLETE
                        value expressions: _col1 (type: int), _col2 (type: int), _col3 (type: int)
                  Filter Operator
                    predicate: (i_item_sk is not null and i_brand_id is not null and i_class_id is not null and i_category_id is not null) (type: boolean)
                    Statistics: Num rows: 498325 Data size: 9951884 Basic stats: COMPLETE Column stats: COMPLETE
                    Select Operator
                      expressions: i_item_sk (type: bigint), i_brand_id (type: int), i_class_id (type: int), i_category_id (type: int)
                      outputColumnNames: _col0, _col1, _col2, _col3
                      Statistics: Num rows: 498325 Data size: 9951884 Basic stats: COMPLETE Column stats: COMPLETE
                      Reduce Output Operator
                        key expressions: _col0 (type: bigint)
                        sort order: +
                        Map-reduce partition columns: _col0 (type: bigint)
                        Statistics: Num rows: 498325 Data size: 9951884 Basic stats: COMPLETE Column stats: COMPLETE
                        value expressions: _col1 (type: int), _col2 (type: int), _col3 (type: int)
                  Filter Operator
                    predicate: i_item_sk is not null (type: boolean)
                    Statistics: Num rows: 502000 Data size: 10025276 Basic stats: COMPLETE Column stats: COMPLETE
                    Select Operator
                      expressions: i_item_sk (type: bigint), i_brand_id (type: int), i_class_id (type: int), i_category_id (type: int)
                      outputColumnNames: _col0, _col1, _col2, _col3
                      Statistics: Num rows: 502000 Data size: 10025276 Basic stats: COMPLETE Column stats: COMPLETE
                      Reduce Output Operator
                        key expressions: _col0 (type: bigint)
                        sort order: +
                        Map-reduce partition columns: _col0 (type: bigint)
                        Statistics: Num rows: 502000 Data size: 10025276 Basic stats: COMPLETE Column stats: COMPLETE
                        value expressions: _col1 (type: int), _col2 (type: int), _col3 (type: int)
                  Filter Operator
                    predicate: (i_brand_id is not null and i_class_id is not null and i_category_id is not null and i_item_sk is not null) (type: boolean)
                    Statistics: Num rows: 498325 Data size: 9951884 Basic stats: COMPLETE Column stats: COMPLETE
                    Select Operator
                      expressions: i_item_sk (type: bigint), i_brand_id (type: int), i_class_id (type: int), i_category_id (type: int)
                      outputColumnNames: _col0, _col1, _col2, _col3
                      Statistics: Num rows: 498325 Data size: 9951884 Basic stats: COMPLETE Column stats: COMPLETE
                      Reduce Output Operator
                        key expressions: _col1 (type: int), _col2 (type: int), _col3 (type: int)
                        sort order: +++
                        Map-reduce partition columns: _col1 (type: int), _col2 (type: int), _col3 (type: int)
                        Statistics: Num rows: 498325 Data size: 9951884 Basic stats: COMPLETE Column stats: COMPLETE
                        value expressions: _col0 (type: bigint)
                  Filter Operator
                    predicate: (i_item_sk is not null and i_brand_id is not null and i_class_id is not null and i_category_id is not null) (type: boolean)
                    Statistics: Num rows: 498325 Data size: 9951884 Basic stats: COMPLETE Column stats: COMPLETE
                    Select Operator
                      expressions: i_item_sk (type: bigint), i_brand_id (type: int), i_class_id (type: int), i_category_id (type: int)
                      outputColumnNames: _col0, _col1, _col2, _col3
                      Statistics: Num rows: 498325 Data size: 9951884 Basic stats: COMPLETE Column stats: COMPLETE
                      Reduce Output Operator
                        key expressions: _col0 (type: bigint)
                        sort order: +
                        Map-reduce partition columns: _col0 (type: bigint)
                        Statistics: Num rows: 498325 Data size: 9951884 Basic stats: COMPLETE Column stats: COMPLETE
                        value expressions: _col1 (type: int), _col2 (type: int), _col3 (type: int)
                  Filter Operator
                    predicate: (i_item_sk is not null and i_brand_id is not null and i_class_id is not null and i_category_id is not null) (type: boolean)
                    Statistics: Num rows: 498325 Data size: 9951884 Basic stats: COMPLETE Column stats: COMPLETE
                    Select Operator
                      expressions: i_item_sk (type: bigint), i_brand_id (type: int), i_class_id (type: int), i_category_id (type: int)
                      outputColumnNames: _col0, _col1, _col2, _col3
                      Statistics: Num rows: 498325 Data size: 9951884 Basic stats: COMPLETE Column stats: COMPLETE
                      Reduce Output Operator
                        key expressions: _col0 (type: bigint)
                        sort order: +
                        Map-reduce partition columns: _col0 (type: bigint)
                        Statistics: Num rows: 498325 Data size: 9951884 Basic stats: COMPLETE Column stats: COMPLETE
                        value expressions: _col1 (type: int), _col2 (type: int), _col3 (type: int)
                  Filter Operator
                    predicate: (i_item_sk is not null and i_brand_id is not null and i_class_id is not null and i_category_id is not null) (type: boolean)
                    Statistics: Num rows: 498325 Data size: 9951884 Basic stats: COMPLETE Column stats: COMPLETE
                    Select Operator
                      expressions: i_item_sk (type: bigint), i_brand_id (type: int), i_class_id (type: int), i_category_id (type: int)
                      outputColumnNames: _col0, _col1, _col2, _col3
                      Statistics: Num rows: 498325 Data size: 9951884 Basic stats: COMPLETE Column stats: COMPLETE
                      Reduce Output Operator
                        key expressions: _col0 (type: bigint)
                        sort order: +
                        Map-reduce partition columns: _col0 (type: bigint)
                        Statistics: Num rows: 498325 Data size: 9951884 Basic stats: COMPLETE Column stats: COMPLETE
                        value expressions: _col1 (type: int), _col2 (type: int), _col3 (type: int)
            Execution mode: vectorized, llap
            LLAP IO: all inputs
        Map 22 
            Map Operator Tree:
                TableScan
                  alias: store_sales
                  filterExpr: ss_item_sk is not null (type: boolean)
                  Statistics: Num rows: 275035746821 Data size: 4400571949136 Basic stats: COMPLETE Column stats: COMPLETE
                  Filter Operator
                    predicate: ss_item_sk is not null (type: boolean)
                    Statistics: Num rows: 275035746821 Data size: 4400571949136 Basic stats: COMPLETE Column stats: COMPLETE
                    Select Operator
                      expressions: ss_item_sk (type: bigint), ss_sold_date_sk (type: bigint)
                      outputColumnNames: _col0, _col1
                      Statistics: Num rows: 275035746821 Data size: 4400571949136 Basic stats: COMPLETE Column stats: COMPLETE
                      Map Join Operator
                        condition map:
                             Inner Join 0 to 1
                        keys:
                          0 _col1 (type: bigint)
                          1 _col0 (type: bigint)
                        outputColumnNames: _col0
                        input vertices:
                          1 Map 8
                        Statistics: Num rows: 30557435444 Data size: 244459483552 Basic stats: COMPLETE Column stats: COMPLETE
                        Map Join Operator
                          condition map:
                               Inner Join 0 to 1
                          keys:
                            0 _col0 (type: bigint)
                            1 _col0 (type: bigint)
                          outputColumnNames: _col5, _col6, _col7
                          input vertices:
                            1 Map 21
                          Statistics: Num rows: 30333733563 Data size: 364004802756 Basic stats: COMPLETE Column stats: COMPLETE
                          Select Operator
                            expressions: _col5 (type: int), _col6 (type: int), _col7 (type: int)
                            outputColumnNames: _col0, _col1, _col2
                            Statistics: Num rows: 30333733563 Data size: 364004802756 Basic stats: COMPLETE Column stats: COMPLETE
                            Group By Operator
                              aggregations: count(1)
                              keys: _col0 (type: int), _col1 (type: int), _col2 (type: int)
                              mode: hash
                              outputColumnNames: _col0, _col1, _col2, _col3
                              Statistics: Num rows: 563033625 Data size: 11260672500 Basic stats: COMPLETE Column stats: COMPLETE
                              Reduce Output Operator
                                key expressions: _col0 (type: int), _col1 (type: int), _col2 (type: int)
                                sort order: +++
                                Map-reduce partition columns: _col0 (type: int), _col1 (type: int), _col2 (type: int)
                                Statistics: Num rows: 563033625 Data size: 11260672500 Basic stats: COMPLETE Column stats: COMPLETE
                                value expressions: _col3 (type: bigint)
            Execution mode: vectorized, llap
            LLAP IO: all inputs
        Map 27 
            Map Operator Tree:
                TableScan
                  alias: catalog_sales
                  filterExpr: cs_item_sk is not null (type: boolean)
                  Statistics: Num rows: 143352541321 Data size: 2293640661136 Basic stats: COMPLETE Column stats: COMPLETE
                  Filter Operator
                    predicate: cs_item_sk is not null (type: boolean)
                    Statistics: Num rows: 143352541321 Data size: 2293640661136 Basic stats: COMPLETE Column stats: COMPLETE
                    Select Operator
                      expressions: cs_item_sk (type: bigint), cs_sold_date_sk (type: bigint)
                      outputColumnNames: _col0, _col1
                      Statistics: Num rows: 143352541321 Data size: 2293640661136 Basic stats: COMPLETE Column stats: COMPLETE
                      Map Join Operator
                        condition map:
                             Inner Join 0 to 1
                        keys:
                          0 _col1 (type: bigint)
                          1 _col0 (type: bigint)
                        outputColumnNames: _col0
                        input vertices:
                          1 Map 8
                        Statistics: Num rows: 15926969777 Data size: 127415758216 Basic stats: COMPLETE Column stats: COMPLETE
                        Map Join Operator
                          condition map:
                               Inner Join 0 to 1
                          keys:
                            0 _col0 (type: bigint)
                            1 _col0 (type: bigint)
                          outputColumnNames: _col5, _col6, _col7
                          input vertices:
                            1 Map 21
                          Statistics: Num rows: 15810373177 Data size: 189724478124 Basic stats: COMPLETE Column stats: COMPLETE
                          Select Operator
                            expressions: _col5 (type: int), _col6 (type: int), _col7 (type: int)
                            outputColumnNames: _col0, _col1, _col2
                            Statistics: Num rows: 15810373177 Data size: 189724478124 Basic stats: COMPLETE Column stats: COMPLETE
                            Group By Operator
                              aggregations: count(1)
                              keys: _col0 (type: int), _col1 (type: int), _col2 (type: int)
                              mode: hash
                              outputColumnNames: _col0, _col1, _col2, _col3
                              Statistics: Num rows: 293503980 Data size: 5870079600 Basic stats: COMPLETE Column stats: COMPLETE
                              Reduce Output Operator
                                key expressions: _col0 (type: int), _col1 (type: int), _col2 (type: int)
                                sort order: +++
                                Map-reduce partition columns: _col0 (type: int), _col1 (type: int), _col2 (type: int)
                                Statistics: Num rows: 293503980 Data size: 5870079600 Basic stats: COMPLETE Column stats: COMPLETE
                                value expressions: _col3 (type: bigint)
            Execution mode: vectorized, llap
            LLAP IO: all inputs
        Map 29 
            Map Operator Tree:
                TableScan
                  alias: web_sales
                  filterExpr: ws_item_sk is not null (type: boolean)
                  Statistics: Num rows: 71959659800 Data size: 1151354556800 Basic stats: COMPLETE Column stats: COMPLETE
                  Filter Operator
                    predicate: ws_item_sk is not null (type: boolean)
                    Statistics: Num rows: 71959659800 Data size: 1151354556800 Basic stats: COMPLETE Column stats: COMPLETE
                    Select Operator
                      expressions: ws_item_sk (type: bigint), ws_sold_date_sk (type: bigint)
                      outputColumnNames: _col0, _col1
                      Statistics: Num rows: 71959659800 Data size: 1151354556800 Basic stats: COMPLETE Column stats: COMPLETE
                      Map Join Operator
                        condition map:
                             Inner Join 0 to 1
                        keys:
                          0 _col1 (type: bigint)
                          1 _col0 (type: bigint)
                        outputColumnNames: _col0
                        input vertices:
                          1 Map 8
                        Statistics: Num rows: 7994970415 Data size: 63959763320 Basic stats: COMPLETE Column stats: COMPLETE
                        Map Join Operator
                          condition map:
                               Inner Join 0 to 1
                          keys:
                            0 _col0 (type: bigint)
                            1 _col0 (type: bigint)
                          outputColumnNames: _col5, _col6, _col7
                          input vertices:
                            1 Map 21
                          Statistics: Num rows: 7936441619 Data size: 95237299428 Basic stats: COMPLETE Column stats: COMPLETE
                          Select Operator
                            expressions: _col5 (type: int), _col6 (type: int), _col7 (type: int)
                            outputColumnNames: _col0, _col1, _col2
                            Statistics: Num rows: 7936441619 Data size: 95237299428 Basic stats: COMPLETE Column stats: COMPLETE
                            Group By Operator
                              aggregations: count(1)
                              keys: _col0 (type: int), _col1 (type: int), _col2 (type: int)
                              mode: hash
                              outputColumnNames: _col0, _col1, _col2, _col3
                              Statistics: Num rows: 147374700 Data size: 2947494000 Basic stats: COMPLETE Column stats: COMPLETE
                              Reduce Output Operator
                                key expressions: _col0 (type: int), _col1 (type: int), _col2 (type: int)
                                sort order: +++
                                Map-reduce partition columns: _col0 (type: int), _col1 (type: int), _col2 (type: int)
                                Statistics: Num rows: 147374700 Data size: 2947494000 Basic stats: COMPLETE Column stats: COMPLETE
                                value expressions: _col3 (type: bigint)
            Execution mode: vectorized, llap
            LLAP IO: all inputs
        Map 31 
            Map Operator Tree:
                TableScan
                  alias: store_sales
                  filterExpr: ss_sold_date_sk is not null (type: boolean)
                  Statistics: Num rows: 275035746821 Data size: 3287177240756 Basic stats: COMPLETE Column stats: COMPLETE
                  Select Operator
                    expressions: ss_quantity (type: int), ss_sold_date_sk (type: bigint)
                    outputColumnNames: _col0, _col2
                    Statistics: Num rows: 275035746821 Data size: 3287177240756 Basic stats: COMPLETE Column stats: COMPLETE
                    Map Join Operator
                      condition map:
                           Inner Join 0 to 1
                      keys:
                        0 _col2 (type: bigint)
                        1 _col0 (type: bigint)
                      outputColumnNames: _col0
                      input vertices:
                        1 Map 8
                      Statistics: Num rows: 30557435444 Data size: 122229741776 Basic stats: COMPLETE Column stats: COMPLETE
                      Select Operator
                        expressions: _col0 (type: int)
                        outputColumnNames: _col0
                        Statistics: Num rows: 54479375636 Data size: 217917502544 Basic stats: COMPLETE Column stats: COMPLETE
                        Group By Operator
                          aggregations: count(_col0)
                          mode: hash
                          outputColumnNames: _col0
                          Statistics: Num rows: 1 Data size: 8 Basic stats: COMPLETE Column stats: COMPLETE
                          Reduce Output Operator
                            sort order: 
                            Statistics: Num rows: 1 Data size: 8 Basic stats: COMPLETE Column stats: COMPLETE
                            value expressions: _col0 (type: bigint)
            Execution mode: vectorized, llap
            LLAP IO: all inputs
        Map 35 
            Map Operator Tree:
                TableScan
                  alias: catalog_sales
                  filterExpr: cs_sold_date_sk is not null (type: boolean)
                  Statistics: Num rows: 143352541321 Data size: 1719501183952 Basic stats: COMPLETE Column stats: COMPLETE
                  Select Operator
                    expressions: cs_quantity (type: int), cs_sold_date_sk (type: bigint)
                    outputColumnNames: _col0, _col2
                    Statistics: Num rows: 143352541321 Data size: 1719501183952 Basic stats: COMPLETE Column stats: COMPLETE
                    Map Join Operator
                      condition map:
                           Inner Join 0 to 1
                      keys:
                        0 _col2 (type: bigint)
                        1 _col0 (type: bigint)
                      outputColumnNames: _col0
                      input vertices:
                        1 Map 10
                      Statistics: Num rows: 15926969777 Data size: 63707879108 Basic stats: COMPLETE Column stats: COMPLETE
                      Select Operator
                        expressions: _col0 (type: int)
                        outputColumnNames: _col0
                        Statistics: Num rows: 54479375636 Data size: 217917502544 Basic stats: COMPLETE Column stats: COMPLETE
                        Group By Operator
                          aggregations: count(_col0)
                          mode: hash
                          outputColumnNames: _col0
                          Statistics: Num rows: 1 Data size: 8 Basic stats: COMPLETE Column stats: COMPLETE
                          Reduce Output Operator
                            sort order: 
                            Statistics: Num rows: 1 Data size: 8 Basic stats: COMPLETE Column stats: COMPLETE
                            value expressions: _col0 (type: bigint)
            Execution mode: vectorized, llap
            LLAP IO: all inputs
        Map 36 
            Map Operator Tree:
                TableScan
                  alias: web_sales
                  filterExpr: ws_sold_date_sk is not null (type: boolean)
                  Statistics: Num rows: 71959659800 Data size: 863497865336 Basic stats: COMPLETE Column stats: COMPLETE
                  Select Operator
                    expressions: ws_quantity (type: int), ws_sold_date_sk (type: bigint)
                    outputColumnNames: _col0, _col2
                    Statistics: Num rows: 71959659800 Data size: 863497865336 Basic stats: COMPLETE Column stats: COMPLETE
                    Map Join Operator
                      condition map:
                           Inner Join 0 to 1
                      keys:
                        0 _col2 (type: bigint)
                        1 _col0 (type: bigint)
                      outputColumnNames: _col0
                      input vertices:
                        1 Map 12
                      Statistics: Num rows: 7994970415 Data size: 31979881660 Basic stats: COMPLETE Column stats: COMPLETE
                      Select Operator
                        expressions: _col0 (type: int)
                        outputColumnNames: _col0
                        Statistics: Num rows: 54479375636 Data size: 217917502544 Basic stats: COMPLETE Column stats: COMPLETE
                        Group By Operator
                          aggregations: count(_col0)
                          mode: hash
                          outputColumnNames: _col0
                          Statistics: Num rows: 1 Data size: 8 Basic stats: COMPLETE Column stats: COMPLETE
                          Reduce Output Operator
                            sort order: 
                            Statistics: Num rows: 1 Data size: 8 Basic stats: COMPLETE Column stats: COMPLETE
                            value expressions: _col0 (type: bigint)
            Execution mode: vectorized, llap
            LLAP IO: all inputs
        Map 37 
            Map Operator Tree:
                TableScan
                  alias: store_sales
                  filterExpr: ss_sold_date_sk is not null (type: boolean)
                  Statistics: Num rows: 275035746821 Data size: 5461010520492 Basic stats: COMPLETE Column stats: COMPLETE
                  Select Operator
                    expressions: ss_quantity (type: int), ss_list_price (type: double), ss_sold_date_sk (type: bigint)
                    outputColumnNames: _col0, _col1, _col2
                    Statistics: Num rows: 275035746821 Data size: 5461010520492 Basic stats: COMPLETE Column stats: COMPLETE
                    Map Join Operator
                      condition map:
                           Inner Join 0 to 1
                      keys:
                        0 _col2 (type: bigint)
                        1 _col0 (type: bigint)
                      outputColumnNames: _col0, _col1
                      input vertices:
                        1 Map 8
                      Statistics: Num rows: 30557435444 Data size: 366689225328 Basic stats: COMPLETE Column stats: COMPLETE
                      Select Operator
                        expressions: (UDFToDouble(_col0) * _col1) (type: double)
                        outputColumnNames: _col0
                        Statistics: Num rows: 54479375636 Data size: 653752507632 Basic stats: COMPLETE Column stats: COMPLETE
                        Group By Operator
                          aggregations: avg(_col0)
                          mode: hash
                          outputColumnNames: _col0
                          Statistics: Num rows: 1 Data size: 80 Basic stats: COMPLETE Column stats: COMPLETE
                          Reduce Output Operator
                            sort order: 
                            Statistics: Num rows: 1 Data size: 80 Basic stats: COMPLETE Column stats: COMPLETE
                            value expressions: _col0 (type: struct<count:bigint,sum:double,input:double>)
            Execution mode: vectorized, llap
            LLAP IO: all inputs
        Map 40 
            Map Operator Tree:
                TableScan
                  alias: catalog_sales
                  filterExpr: cs_sold_date_sk is not null (type: boolean)
                  Statistics: Num rows: 143352541321 Data size: 2864870429520 Basic stats: COMPLETE Column stats: COMPLETE
                  Select Operator
                    expressions: cs_quantity (type: int), cs_list_price (type: double), cs_sold_date_sk (type: bigint)
                    outputColumnNames: _col0, _col1, _col2
                    Statistics: Num rows: 143352541321 Data size: 2864870429520 Basic stats: COMPLETE Column stats: COMPLETE
                    Map Join Operator
                      condition map:
                           Inner Join 0 to 1
                      keys:
                        0 _col2 (type: bigint)
                        1 _col0 (type: bigint)
                      outputColumnNames: _col0, _col1
                      input vertices:
                        1 Map 10
                      Statistics: Num rows: 15926969777 Data size: 191123637324 Basic stats: COMPLETE Column stats: COMPLETE
                      Select Operator
                        expressions: (UDFToDouble(_col0) * _col1) (type: double)
                        outputColumnNames: _col0
                        Statistics: Num rows: 54479375636 Data size: 653752507632 Basic stats: COMPLETE Column stats: COMPLETE
                        Group By Operator
                          aggregations: avg(_col0)
                          mode: hash
                          outputColumnNames: _col0
                          Statistics: Num rows: 1 Data size: 80 Basic stats: COMPLETE Column stats: COMPLETE
                          Reduce Output Operator
                            sort order: 
                            Statistics: Num rows: 1 Data size: 80 Basic stats: COMPLETE Column stats: COMPLETE
                            value expressions: _col0 (type: struct<count:bigint,sum:double,input:double>)
            Execution mode: vectorized, llap
            LLAP IO: all inputs
        Map 41 
            Map Operator Tree:
                TableScan
                  alias: web_sales
                  filterExpr: ws_sold_date_sk is not null (type: boolean)
                  Statistics: Num rows: 71959659800 Data size: 1439138946080 Basic stats: COMPLETE Column stats: COMPLETE
                  Select Operator
                    expressions: ws_quantity (type: int), ws_list_price (type: double), ws_sold_date_sk (type: bigint)
                    outputColumnNames: _col0, _col1, _col2
                    Statistics: Num rows: 71959659800 Data size: 1439138946080 Basic stats: COMPLETE Column stats: COMPLETE
                    Map Join Operator
                      condition map:
                           Inner Join 0 to 1
                      keys:
                        0 _col2 (type: bigint)
                        1 _col0 (type: bigint)
                      outputColumnNames: _col0, _col1
                      input vertices:
                        1 Map 12
                      Statistics: Num rows: 7994970415 Data size: 95939644980 Basic stats: COMPLETE Column stats: COMPLETE
                      Select Operator
                        expressions: (UDFToDouble(_col0) * _col1) (type: double)
                        outputColumnNames: _col0
                        Statistics: Num rows: 54479375636 Data size: 653752507632 Basic stats: COMPLETE Column stats: COMPLETE
                        Group By Operator
                          aggregations: avg(_col0)
                          mode: hash
                          outputColumnNames: _col0
                          Statistics: Num rows: 1 Data size: 80 Basic stats: COMPLETE Column stats: COMPLETE
                          Reduce Output Operator
                            sort order: 
                            Statistics: Num rows: 1 Data size: 80 Basic stats: COMPLETE Column stats: COMPLETE
                            value expressions: _col0 (type: struct<count:bigint,sum:double,input:double>)
            Execution mode: vectorized, llap
            LLAP IO: all inputs
        Map 42 
            Map Operator Tree:
                TableScan
                  alias: catalog_sales
                  filterExpr: (cs_item_sk is not null and (cs_item_sk BETWEEN DynamicValue(RS_374_item_i_item_sk_min) AND DynamicValue(RS_374_item_i_item_sk_max) and in_bloom_filter(cs_item_sk, DynamicValue(RS_374_item_i_item_sk_bloom_filter)))) (type: boolean)
                  Statistics: Num rows: 143352541321 Data size: 4011690760088 Basic stats: COMPLETE Column stats: COMPLETE
                  Filter Operator
                    predicate: (cs_item_sk is not null and (cs_item_sk BETWEEN DynamicValue(RS_374_item_i_item_sk_min) AND DynamicValue(RS_374_item_i_item_sk_max) and in_bloom_filter(cs_item_sk, DynamicValue(RS_374_item_i_item_sk_bloom_filter)))) (type: boolean)
                    Statistics: Num rows: 143352541321 Data size: 4011690760088 Basic stats: COMPLETE Column stats: COMPLETE
                    Select Operator
                      expressions: cs_item_sk (type: bigint), cs_quantity (type: int), cs_list_price (type: double), cs_sold_date_sk (type: bigint)
                      outputColumnNames: _col0, _col1, _col2, _col3
                      Statistics: Num rows: 143352541321 Data size: 4011690760088 Basic stats: COMPLETE Column stats: COMPLETE
                      Map Join Operator
                        condition map:
                             Inner Join 0 to 1
                        keys:
                          0 _col3 (type: bigint)
                          1 _col0 (type: bigint)
                        outputColumnNames: _col0, _col1, _col2
                        input vertices:
                          1 Map 20
                        Statistics: Num rows: 50823590249 Data size: 1016471804980 Basic stats: COMPLETE Column stats: COMPLETE
                        Map Join Operator
                          condition map:
                               Inner Join 0 to 1
                          keys:
                            0 _col0 (type: bigint)
                            1 _col0 (type: bigint)
                          outputColumnNames: _col0, _col1, _col2, _col8, _col9, _col10
                          input vertices:
                            1 Map 21
                          Statistics: Num rows: 50823590249 Data size: 1626354887968 Basic stats: COMPLETE Column stats: COMPLETE
                          Map Join Operator
                            condition map:
                                 Left Semi Join 0 to 1
                            keys:
                              0 _col0 (type: bigint)
                              1 _col0 (type: bigint)
                            outputColumnNames: _col1, _col2, _col8, _col9, _col10
                            input vertices:
                              1 Reducer 47
                            Statistics: Num rows: 1 Data size: 24 Basic stats: COMPLETE Column stats: COMPLETE
                            Select Operator
                              expressions: _col8 (type: int), _col9 (type: int), _col10 (type: int), (UDFToDouble(_col1) * _col2) (type: double)
                              outputColumnNames: _col0, _col1, _col2, _col3
                              Statistics: Num rows: 1 Data size: 24 Basic stats: COMPLETE Column stats: COMPLETE
                              Group By Operator
                                aggregations: sum(_col3), count()
                                keys: _col0 (type: int), _col1 (type: int), _col2 (type: int)
                                mode: hash
                                outputColumnNames: _col0, _col1, _col2, _col3, _col4
                                Statistics: Num rows: 1 Data size: 28 Basic stats: COMPLETE Column stats: COMPLETE
                                Reduce Output Operator
                                  key expressions: _col0 (type: int), _col1 (type: int), _col2 (type: int)
                                  sort order: +++
                                  Map-reduce partition columns: _col0 (type: int), _col1 (type: int), _col2 (type: int)
                                  Statistics: Num rows: 1 Data size: 28 Basic stats: COMPLETE Column stats: COMPLETE
                                  value expressions: _col3 (type: double), _col4 (type: bigint)
            Execution mode: vectorized, llap
            LLAP IO: all inputs
        Map 44 
            Map Operator Tree:
                TableScan
                  alias: store_sales
                  filterExpr: ss_item_sk is not null (type: boolean)
                  Statistics: Num rows: 275035746821 Data size: 4400571949136 Basic stats: COMPLETE Column stats: COMPLETE
                  Filter Operator
                    predicate: ss_item_sk is not null (type: boolean)
                    Statistics: Num rows: 275035746821 Data size: 4400571949136 Basic stats: COMPLETE Column stats: COMPLETE
                    Select Operator
                      expressions: ss_item_sk (type: bigint), ss_sold_date_sk (type: bigint)
                      outputColumnNames: _col0, _col1
                      Statistics: Num rows: 275035746821 Data size: 4400571949136 Basic stats: COMPLETE Column stats: COMPLETE
                      Map Join Operator
                        condition map:
                             Inner Join 0 to 1
                        keys:
                          0 _col1 (type: bigint)
                          1 _col0 (type: bigint)
                        outputColumnNames: _col0
                        input vertices:
                          1 Map 8
                        Statistics: Num rows: 30557435444 Data size: 244459483552 Basic stats: COMPLETE Column stats: COMPLETE
                        Map Join Operator
                          condition map:
                               Inner Join 0 to 1
                          keys:
                            0 _col0 (type: bigint)
                            1 _col0 (type: bigint)
                          outputColumnNames: _col5, _col6, _col7
                          input vertices:
                            1 Map 21
                          Statistics: Num rows: 30333733563 Data size: 364004802756 Basic stats: COMPLETE Column stats: COMPLETE
                          Select Operator
                            expressions: _col5 (type: int), _col6 (type: int), _col7 (type: int)
                            outputColumnNames: _col0, _col1, _col2
                            Statistics: Num rows: 30333733563 Data size: 364004802756 Basic stats: COMPLETE Column stats: COMPLETE
                            Group By Operator
                              aggregations: count(1)
                              keys: _col0 (type: int), _col1 (type: int), _col2 (type: int)
                              mode: hash
                              outputColumnNames: _col0, _col1, _col2, _col3
                              Statistics: Num rows: 563033625 Data size: 11260672500 Basic stats: COMPLETE Column stats: COMPLETE
                              Reduce Output Operator
                                key expressions: _col0 (type: int), _col1 (type: int), _col2 (type: int)
                                sort order: +++
                                Map-reduce partition columns: _col0 (type: int), _col1 (type: int), _col2 (type: int)
                                Statistics: Num rows: 563033625 Data size: 11260672500 Basic stats: COMPLETE Column stats: COMPLETE
                                value expressions: _col3 (type: bigint)
            Execution mode: vectorized, llap
            LLAP IO: all inputs
        Map 49 
            Map Operator Tree:
                TableScan
                  alias: catalog_sales
                  filterExpr: cs_item_sk is not null (type: boolean)
                  Statistics: Num rows: 143352541321 Data size: 2293640661136 Basic stats: COMPLETE Column stats: COMPLETE
                  Filter Operator
                    predicate: cs_item_sk is not null (type: boolean)
                    Statistics: Num rows: 143352541321 Data size: 2293640661136 Basic stats: COMPLETE Column stats: COMPLETE
                    Select Operator
                      expressions: cs_item_sk (type: bigint), cs_sold_date_sk (type: bigint)
                      outputColumnNames: _col0, _col1
                      Statistics: Num rows: 143352541321 Data size: 2293640661136 Basic stats: COMPLETE Column stats: COMPLETE
                      Map Join Operator
                        condition map:
                             Inner Join 0 to 1
                        keys:
                          0 _col1 (type: bigint)
                          1 _col0 (type: bigint)
                        outputColumnNames: _col0
                        input vertices:
                          1 Map 8
                        Statistics: Num rows: 15926969777 Data size: 127415758216 Basic stats: COMPLETE Column stats: COMPLETE
                        Map Join Operator
                          condition map:
                               Inner Join 0 to 1
                          keys:
                            0 _col0 (type: bigint)
                            1 _col0 (type: bigint)
                          outputColumnNames: _col5, _col6, _col7
                          input vertices:
                            1 Map 21
                          Statistics: Num rows: 15810373177 Data size: 189724478124 Basic stats: COMPLETE Column stats: COMPLETE
                          Select Operator
                            expressions: _col5 (type: int), _col6 (type: int), _col7 (type: int)
                            outputColumnNames: _col0, _col1, _col2
                            Statistics: Num rows: 15810373177 Data size: 189724478124 Basic stats: COMPLETE Column stats: COMPLETE
                            Group By Operator
                              aggregations: count(1)
                              keys: _col0 (type: int), _col1 (type: int), _col2 (type: int)
                              mode: hash
                              outputColumnNames: _col0, _col1, _col2, _col3
                              Statistics: Num rows: 293503980 Data size: 5870079600 Basic stats: COMPLETE Column stats: COMPLETE
                              Reduce Output Operator
                                key expressions: _col0 (type: int), _col1 (type: int), _col2 (type: int)
                                sort order: +++
                                Map-reduce partition columns: _col0 (type: int), _col1 (type: int), _col2 (type: int)
                                Statistics: Num rows: 293503980 Data size: 5870079600 Basic stats: COMPLETE Column stats: COMPLETE
                                value expressions: _col3 (type: bigint)
            Execution mode: vectorized, llap
            LLAP IO: all inputs
        Map 51 
            Map Operator Tree:
                TableScan
                  alias: web_sales
                  filterExpr: ws_item_sk is not null (type: boolean)
                  Statistics: Num rows: 71959659800 Data size: 1151354556800 Basic stats: COMPLETE Column stats: COMPLETE
                  Filter Operator
                    predicate: ws_item_sk is not null (type: boolean)
                    Statistics: Num rows: 71959659800 Data size: 1151354556800 Basic stats: COMPLETE Column stats: COMPLETE
                    Select Operator
                      expressions: ws_item_sk (type: bigint), ws_sold_date_sk (type: bigint)
                      outputColumnNames: _col0, _col1
                      Statistics: Num rows: 71959659800 Data size: 1151354556800 Basic stats: COMPLETE Column stats: COMPLETE
                      Map Join Operator
                        condition map:
                             Inner Join 0 to 1
                        keys:
                          0 _col1 (type: bigint)
                          1 _col0 (type: bigint)
                        outputColumnNames: _col0
                        input vertices:
                          1 Map 8
                        Statistics: Num rows: 7994970415 Data size: 63959763320 Basic stats: COMPLETE Column stats: COMPLETE
                        Map Join Operator
                          condition map:
                               Inner Join 0 to 1
                          keys:
                            0 _col0 (type: bigint)
                            1 _col0 (type: bigint)
                          outputColumnNames: _col5, _col6, _col7
                          input vertices:
                            1 Map 21
                          Statistics: Num rows: 7936441619 Data size: 95237299428 Basic stats: COMPLETE Column stats: COMPLETE
                          Select Operator
                            expressions: _col5 (type: int), _col6 (type: int), _col7 (type: int)
                            outputColumnNames: _col0, _col1, _col2
                            Statistics: Num rows: 7936441619 Data size: 95237299428 Basic stats: COMPLETE Column stats: COMPLETE
                            Group By Operator
                              aggregations: count(1)
                              keys: _col0 (type: int), _col1 (type: int), _col2 (type: int)
                              mode: hash
                              outputColumnNames: _col0, _col1, _col2, _col3
                              Statistics: Num rows: 147374700 Data size: 2947494000 Basic stats: COMPLETE Column stats: COMPLETE
                              Reduce Output Operator
                                key expressions: _col0 (type: int), _col1 (type: int), _col2 (type: int)
                                sort order: +++
                                Map-reduce partition columns: _col0 (type: int), _col1 (type: int), _col2 (type: int)
                                Statistics: Num rows: 147374700 Data size: 2947494000 Basic stats: COMPLETE Column stats: COMPLETE
                                value expressions: _col3 (type: bigint)
            Execution mode: vectorized, llap
            LLAP IO: all inputs
        Map 53 
            Map Operator Tree:
                TableScan
                  alias: store_sales
                  filterExpr: ss_sold_date_sk is not null (type: boolean)
                  Statistics: Num rows: 275035746821 Data size: 3287177240756 Basic stats: COMPLETE Column stats: COMPLETE
                  Select Operator
                    expressions: ss_quantity (type: int), ss_sold_date_sk (type: bigint)
                    outputColumnNames: _col0, _col2
                    Statistics: Num rows: 275035746821 Data size: 3287177240756 Basic stats: COMPLETE Column stats: COMPLETE
                    Map Join Operator
                      condition map:
                           Inner Join 0 to 1
                      keys:
                        0 _col2 (type: bigint)
                        1 _col0 (type: bigint)
                      outputColumnNames: _col0
                      input vertices:
                        1 Map 8
                      Statistics: Num rows: 30557435444 Data size: 122229741776 Basic stats: COMPLETE Column stats: COMPLETE
                      Select Operator
                        expressions: _col0 (type: int)
                        outputColumnNames: _col0
                        Statistics: Num rows: 54479375636 Data size: 217917502544 Basic stats: COMPLETE Column stats: COMPLETE
                        Group By Operator
                          aggregations: count(_col0)
                          mode: hash
                          outputColumnNames: _col0
                          Statistics: Num rows: 1 Data size: 8 Basic stats: COMPLETE Column stats: COMPLETE
                          Reduce Output Operator
                            sort order: 
                            Statistics: Num rows: 1 Data size: 8 Basic stats: COMPLETE Column stats: COMPLETE
                            value expressions: _col0 (type: bigint)
            Execution mode: vectorized, llap
            LLAP IO: all inputs
        Map 57 
            Map Operator Tree:
                TableScan
                  alias: catalog_sales
                  filterExpr: cs_sold_date_sk is not null (type: boolean)
                  Statistics: Num rows: 143352541321 Data size: 1719501183952 Basic stats: COMPLETE Column stats: COMPLETE
                  Select Operator
                    expressions: cs_quantity (type: int), cs_sold_date_sk (type: bigint)
                    outputColumnNames: _col0, _col2
                    Statistics: Num rows: 143352541321 Data size: 1719501183952 Basic stats: COMPLETE Column stats: COMPLETE
                    Map Join Operator
                      condition map:
                           Inner Join 0 to 1
                      keys:
                        0 _col2 (type: bigint)
                        1 _col0 (type: bigint)
                      outputColumnNames: _col0
                      input vertices:
                        1 Map 10
                      Statistics: Num rows: 15926969777 Data size: 63707879108 Basic stats: COMPLETE Column stats: COMPLETE
                      Select Operator
                        expressions: _col0 (type: int)
                        outputColumnNames: _col0
                        Statistics: Num rows: 54479375636 Data size: 217917502544 Basic stats: COMPLETE Column stats: COMPLETE
                        Group By Operator
                          aggregations: count(_col0)
                          mode: hash
                          outputColumnNames: _col0
                          Statistics: Num rows: 1 Data size: 8 Basic stats: COMPLETE Column stats: COMPLETE
                          Reduce Output Operator
                            sort order: 
                            Statistics: Num rows: 1 Data size: 8 Basic stats: COMPLETE Column stats: COMPLETE
                            value expressions: _col0 (type: bigint)
            Execution mode: vectorized, llap
            LLAP IO: all inputs
        Map 58 
            Map Operator Tree:
                TableScan
                  alias: web_sales
                  filterExpr: ws_sold_date_sk is not null (type: boolean)
                  Statistics: Num rows: 71959659800 Data size: 863497865336 Basic stats: COMPLETE Column stats: COMPLETE
                  Select Operator
                    expressions: ws_quantity (type: int), ws_sold_date_sk (type: bigint)
                    outputColumnNames: _col0, _col2
                    Statistics: Num rows: 71959659800 Data size: 863497865336 Basic stats: COMPLETE Column stats: COMPLETE
                    Map Join Operator
                      condition map:
                           Inner Join 0 to 1
                      keys:
                        0 _col2 (type: bigint)
                        1 _col0 (type: bigint)
                      outputColumnNames: _col0
                      input vertices:
                        1 Map 12
                      Statistics: Num rows: 7994970415 Data size: 31979881660 Basic stats: COMPLETE Column stats: COMPLETE
                      Select Operator
                        expressions: _col0 (type: int)
                        outputColumnNames: _col0
                        Statistics: Num rows: 54479375636 Data size: 217917502544 Basic stats: COMPLETE Column stats: COMPLETE
                        Group By Operator
                          aggregations: count(_col0)
                          mode: hash
                          outputColumnNames: _col0
                          Statistics: Num rows: 1 Data size: 8 Basic stats: COMPLETE Column stats: COMPLETE
                          Reduce Output Operator
                            sort order: 
                            Statistics: Num rows: 1 Data size: 8 Basic stats: COMPLETE Column stats: COMPLETE
                            value expressions: _col0 (type: bigint)
            Execution mode: vectorized, llap
            LLAP IO: all inputs
        Map 59 
            Map Operator Tree:
                TableScan
                  alias: store_sales
                  filterExpr: ss_sold_date_sk is not null (type: boolean)
                  Statistics: Num rows: 275035746821 Data size: 5461010520492 Basic stats: COMPLETE Column stats: COMPLETE
                  Select Operator
                    expressions: ss_quantity (type: int), ss_list_price (type: double), ss_sold_date_sk (type: bigint)
                    outputColumnNames: _col0, _col1, _col2
                    Statistics: Num rows: 275035746821 Data size: 5461010520492 Basic stats: COMPLETE Column stats: COMPLETE
                    Map Join Operator
                      condition map:
                           Inner Join 0 to 1
                      keys:
                        0 _col2 (type: bigint)
                        1 _col0 (type: bigint)
                      outputColumnNames: _col0, _col1
                      input vertices:
                        1 Map 8
                      Statistics: Num rows: 30557435444 Data size: 366689225328 Basic stats: COMPLETE Column stats: COMPLETE
                      Select Operator
                        expressions: (UDFToDouble(_col0) * _col1) (type: double)
                        outputColumnNames: _col0
                        Statistics: Num rows: 54479375636 Data size: 653752507632 Basic stats: COMPLETE Column stats: COMPLETE
                        Group By Operator
                          aggregations: avg(_col0)
                          mode: hash
                          outputColumnNames: _col0
                          Statistics: Num rows: 1 Data size: 80 Basic stats: COMPLETE Column stats: COMPLETE
                          Reduce Output Operator
                            sort order: 
                            Statistics: Num rows: 1 Data size: 80 Basic stats: COMPLETE Column stats: COMPLETE
                            value expressions: _col0 (type: struct<count:bigint,sum:double,input:double>)
            Execution mode: vectorized, llap
            LLAP IO: all inputs
        Map 62 
            Map Operator Tree:
                TableScan
                  alias: catalog_sales
                  filterExpr: cs_sold_date_sk is not null (type: boolean)
                  Statistics: Num rows: 143352541321 Data size: 2864870429520 Basic stats: COMPLETE Column stats: COMPLETE
                  Select Operator
                    expressions: cs_quantity (type: int), cs_list_price (type: double), cs_sold_date_sk (type: bigint)
                    outputColumnNames: _col0, _col1, _col2
                    Statistics: Num rows: 143352541321 Data size: 2864870429520 Basic stats: COMPLETE Column stats: COMPLETE
                    Map Join Operator
                      condition map:
                           Inner Join 0 to 1
                      keys:
                        0 _col2 (type: bigint)
                        1 _col0 (type: bigint)
                      outputColumnNames: _col0, _col1
                      input vertices:
                        1 Map 10
                      Statistics: Num rows: 15926969777 Data size: 191123637324 Basic stats: COMPLETE Column stats: COMPLETE
                      Select Operator
                        expressions: (UDFToDouble(_col0) * _col1) (type: double)
                        outputColumnNames: _col0
                        Statistics: Num rows: 54479375636 Data size: 653752507632 Basic stats: COMPLETE Column stats: COMPLETE
                        Group By Operator
                          aggregations: avg(_col0)
                          mode: hash
                          outputColumnNames: _col0
                          Statistics: Num rows: 1 Data size: 80 Basic stats: COMPLETE Column stats: COMPLETE
                          Reduce Output Operator
                            sort order: 
                            Statistics: Num rows: 1 Data size: 80 Basic stats: COMPLETE Column stats: COMPLETE
                            value expressions: _col0 (type: struct<count:bigint,sum:double,input:double>)
            Execution mode: vectorized, llap
            LLAP IO: all inputs
        Map 63 
            Map Operator Tree:
                TableScan
                  alias: web_sales
                  filterExpr: ws_sold_date_sk is not null (type: boolean)
                  Statistics: Num rows: 71959659800 Data size: 1439138946080 Basic stats: COMPLETE Column stats: COMPLETE
                  Select Operator
                    expressions: ws_quantity (type: int), ws_list_price (type: double), ws_sold_date_sk (type: bigint)
                    outputColumnNames: _col0, _col1, _col2
                    Statistics: Num rows: 71959659800 Data size: 1439138946080 Basic stats: COMPLETE Column stats: COMPLETE
                    Map Join Operator
                      condition map:
                           Inner Join 0 to 1
                      keys:
                        0 _col2 (type: bigint)
                        1 _col0 (type: bigint)
                      outputColumnNames: _col0, _col1
                      input vertices:
                        1 Map 12
                      Statistics: Num rows: 7994970415 Data size: 95939644980 Basic stats: COMPLETE Column stats: COMPLETE
                      Select Operator
                        expressions: (UDFToDouble(_col0) * _col1) (type: double)
                        outputColumnNames: _col0
                        Statistics: Num rows: 54479375636 Data size: 653752507632 Basic stats: COMPLETE Column stats: COMPLETE
                        Group By Operator
                          aggregations: avg(_col0)
                          mode: hash
                          outputColumnNames: _col0
                          Statistics: Num rows: 1 Data size: 80 Basic stats: COMPLETE Column stats: COMPLETE
                          Reduce Output Operator
                            sort order: 
                            Statistics: Num rows: 1 Data size: 80 Basic stats: COMPLETE Column stats: COMPLETE
                            value expressions: _col0 (type: struct<count:bigint,sum:double,input:double>)
            Execution mode: vectorized, llap
            LLAP IO: all inputs
        Map 64 
            Map Operator Tree:
                TableScan
                  alias: web_sales
                  filterExpr: (ws_item_sk is not null and (ws_item_sk BETWEEN DynamicValue(RS_571_item_i_item_sk_min) AND DynamicValue(RS_571_item_i_item_sk_max) and in_bloom_filter(ws_item_sk, DynamicValue(RS_571_item_i_item_sk_bloom_filter)))) (type: boolean)
                  Statistics: Num rows: 71959659800 Data size: 2014816224480 Basic stats: COMPLETE Column stats: COMPLETE
                  Filter Operator
                    predicate: (ws_item_sk is not null and (ws_item_sk BETWEEN DynamicValue(RS_571_item_i_item_sk_min) AND DynamicValue(RS_571_item_i_item_sk_max) and in_bloom_filter(ws_item_sk, DynamicValue(RS_571_item_i_item_sk_bloom_filter)))) (type: boolean)
                    Statistics: Num rows: 71959659800 Data size: 2014816224480 Basic stats: COMPLETE Column stats: COMPLETE
                    Select Operator
                      expressions: ws_item_sk (type: bigint), ws_quantity (type: int), ws_list_price (type: double), ws_sold_date_sk (type: bigint)
                      outputColumnNames: _col0, _col1, _col2, _col3
                      Statistics: Num rows: 71959659800 Data size: 2014816224480 Basic stats: COMPLETE Column stats: COMPLETE
                      Map Join Operator
                        condition map:
                             Inner Join 0 to 1
                        keys:
                          0 _col3 (type: bigint)
                          1 _col0 (type: bigint)
                        outputColumnNames: _col0, _col1, _col2
                        input vertices:
                          1 Map 20
                        Statistics: Num rows: 25693896959 Data size: 513877939180 Basic stats: COMPLETE Column stats: COMPLETE
                        Map Join Operator
                          condition map:
                               Inner Join 0 to 1
                          keys:
                            0 _col0 (type: bigint)
                            1 _col0 (type: bigint)
                          outputColumnNames: _col0, _col1, _col2, _col8, _col9, _col10
                          input vertices:
                            1 Map 21
                          Statistics: Num rows: 25693896959 Data size: 822204702688 Basic stats: COMPLETE Column stats: COMPLETE
                          Map Join Operator
                            condition map:
                                 Left Semi Join 0 to 1
                            keys:
                              0 _col0 (type: bigint)
                              1 _col0 (type: bigint)
                            outputColumnNames: _col1, _col2, _col8, _col9, _col10
                            input vertices:
                              1 Reducer 69
                            Statistics: Num rows: 1 Data size: 24 Basic stats: COMPLETE Column stats: COMPLETE
                            Select Operator
                              expressions: _col8 (type: int), _col9 (type: int), _col10 (type: int), (UDFToDouble(_col1) * _col2) (type: double)
                              outputColumnNames: _col0, _col1, _col2, _col3
                              Statistics: Num rows: 1 Data size: 24 Basic stats: COMPLETE Column stats: COMPLETE
                              Group By Operator
                                aggregations: sum(_col3), count()
                                keys: _col0 (type: int), _col1 (type: int), _col2 (type: int)
                                mode: hash
                                outputColumnNames: _col0, _col1, _col2, _col3, _col4
                                Statistics: Num rows: 1 Data size: 28 Basic stats: COMPLETE Column stats: COMPLETE
                                Reduce Output Operator
                                  key expressions: _col0 (type: int), _col1 (type: int), _col2 (type: int)
                                  sort order: +++
                                  Map-reduce partition columns: _col0 (type: int), _col1 (type: int), _col2 (type: int)
                                  Statistics: Num rows: 1 Data size: 28 Basic stats: COMPLETE Column stats: COMPLETE
                                  value expressions: _col3 (type: double), _col4 (type: bigint)
            Execution mode: vectorized, llap
            LLAP IO: all inputs
        Map 66 
            Map Operator Tree:
                TableScan
                  alias: store_sales
                  filterExpr: ss_item_sk is not null (type: boolean)
                  Statistics: Num rows: 275035746821 Data size: 4400571949136 Basic stats: COMPLETE Column stats: COMPLETE
                  Filter Operator
                    predicate: ss_item_sk is not null (type: boolean)
                    Statistics: Num rows: 275035746821 Data size: 4400571949136 Basic stats: COMPLETE Column stats: COMPLETE
                    Select Operator
                      expressions: ss_item_sk (type: bigint), ss_sold_date_sk (type: bigint)
                      outputColumnNames: _col0, _col1
                      Statistics: Num rows: 275035746821 Data size: 4400571949136 Basic stats: COMPLETE Column stats: COMPLETE
                      Map Join Operator
                        condition map:
                             Inner Join 0 to 1
                        keys:
                          0 _col1 (type: bigint)
                          1 _col0 (type: bigint)
                        outputColumnNames: _col0
                        input vertices:
                          1 Map 8
                        Statistics: Num rows: 30557435444 Data size: 244459483552 Basic stats: COMPLETE Column stats: COMPLETE
                        Map Join Operator
                          condition map:
                               Inner Join 0 to 1
                          keys:
                            0 _col0 (type: bigint)
                            1 _col0 (type: bigint)
                          outputColumnNames: _col5, _col6, _col7
                          input vertices:
                            1 Map 21
                          Statistics: Num rows: 30333733563 Data size: 364004802756 Basic stats: COMPLETE Column stats: COMPLETE
                          Select Operator
                            expressions: _col5 (type: int), _col6 (type: int), _col7 (type: int)
                            outputColumnNames: _col0, _col1, _col2
                            Statistics: Num rows: 30333733563 Data size: 364004802756 Basic stats: COMPLETE Column stats: COMPLETE
                            Group By Operator
                              aggregations: count(1)
                              keys: _col0 (type: int), _col1 (type: int), _col2 (type: int)
                              mode: hash
                              outputColumnNames: _col0, _col1, _col2, _col3
                              Statistics: Num rows: 563033625 Data size: 11260672500 Basic stats: COMPLETE Column stats: COMPLETE
                              Reduce Output Operator
                                key expressions: _col0 (type: int), _col1 (type: int), _col2 (type: int)
                                sort order: +++
                                Map-reduce partition columns: _col0 (type: int), _col1 (type: int), _col2 (type: int)
                                Statistics: Num rows: 563033625 Data size: 11260672500 Basic stats: COMPLETE Column stats: COMPLETE
                                value expressions: _col3 (type: bigint)
            Execution mode: vectorized, llap
            LLAP IO: all inputs
        Map 71 
            Map Operator Tree:
                TableScan
                  alias: catalog_sales
                  filterExpr: cs_item_sk is not null (type: boolean)
                  Statistics: Num rows: 143352541321 Data size: 2293640661136 Basic stats: COMPLETE Column stats: COMPLETE
                  Filter Operator
                    predicate: cs_item_sk is not null (type: boolean)
                    Statistics: Num rows: 143352541321 Data size: 2293640661136 Basic stats: COMPLETE Column stats: COMPLETE
                    Select Operator
                      expressions: cs_item_sk (type: bigint), cs_sold_date_sk (type: bigint)
                      outputColumnNames: _col0, _col1
                      Statistics: Num rows: 143352541321 Data size: 2293640661136 Basic stats: COMPLETE Column stats: COMPLETE
                      Map Join Operator
                        condition map:
                             Inner Join 0 to 1
                        keys:
                          0 _col1 (type: bigint)
                          1 _col0 (type: bigint)
                        outputColumnNames: _col0
                        input vertices:
                          1 Map 8
                        Statistics: Num rows: 15926969777 Data size: 127415758216 Basic stats: COMPLETE Column stats: COMPLETE
                        Map Join Operator
                          condition map:
                               Inner Join 0 to 1
                          keys:
                            0 _col0 (type: bigint)
                            1 _col0 (type: bigint)
                          outputColumnNames: _col5, _col6, _col7
                          input vertices:
                            1 Map 21
                          Statistics: Num rows: 15810373177 Data size: 189724478124 Basic stats: COMPLETE Column stats: COMPLETE
                          Select Operator
                            expressions: _col5 (type: int), _col6 (type: int), _col7 (type: int)
                            outputColumnNames: _col0, _col1, _col2
                            Statistics: Num rows: 15810373177 Data size: 189724478124 Basic stats: COMPLETE Column stats: COMPLETE
                            Group By Operator
                              aggregations: count(1)
                              keys: _col0 (type: int), _col1 (type: int), _col2 (type: int)
                              mode: hash
                              outputColumnNames: _col0, _col1, _col2, _col3
                              Statistics: Num rows: 293503980 Data size: 5870079600 Basic stats: COMPLETE Column stats: COMPLETE
                              Reduce Output Operator
                                key expressions: _col0 (type: int), _col1 (type: int), _col2 (type: int)
                                sort order: +++
                                Map-reduce partition columns: _col0 (type: int), _col1 (type: int), _col2 (type: int)
                                Statistics: Num rows: 293503980 Data size: 5870079600 Basic stats: COMPLETE Column stats: COMPLETE
                                value expressions: _col3 (type: bigint)
            Execution mode: vectorized, llap
            LLAP IO: all inputs
        Map 73 
            Map Operator Tree:
                TableScan
                  alias: web_sales
                  filterExpr: ws_item_sk is not null (type: boolean)
                  Statistics: Num rows: 71959659800 Data size: 1151354556800 Basic stats: COMPLETE Column stats: COMPLETE
                  Filter Operator
                    predicate: ws_item_sk is not null (type: boolean)
                    Statistics: Num rows: 71959659800 Data size: 1151354556800 Basic stats: COMPLETE Column stats: COMPLETE
                    Select Operator
                      expressions: ws_item_sk (type: bigint), ws_sold_date_sk (type: bigint)
                      outputColumnNames: _col0, _col1
                      Statistics: Num rows: 71959659800 Data size: 1151354556800 Basic stats: COMPLETE Column stats: COMPLETE
                      Map Join Operator
                        condition map:
                             Inner Join 0 to 1
                        keys:
                          0 _col1 (type: bigint)
                          1 _col0 (type: bigint)
                        outputColumnNames: _col0
                        input vertices:
                          1 Map 8
                        Statistics: Num rows: 7994970415 Data size: 63959763320 Basic stats: COMPLETE Column stats: COMPLETE
                        Map Join Operator
                          condition map:
                               Inner Join 0 to 1
                          keys:
                            0 _col0 (type: bigint)
                            1 _col0 (type: bigint)
                          outputColumnNames: _col5, _col6, _col7
                          input vertices:
                            1 Map 21
                          Statistics: Num rows: 7936441619 Data size: 95237299428 Basic stats: COMPLETE Column stats: COMPLETE
                          Select Operator
                            expressions: _col5 (type: int), _col6 (type: int), _col7 (type: int)
                            outputColumnNames: _col0, _col1, _col2
                            Statistics: Num rows: 7936441619 Data size: 95237299428 Basic stats: COMPLETE Column stats: COMPLETE
                            Group By Operator
                              aggregations: count(1)
                              keys: _col0 (type: int), _col1 (type: int), _col2 (type: int)
                              mode: hash
                              outputColumnNames: _col0, _col1, _col2, _col3
                              Statistics: Num rows: 147374700 Data size: 2947494000 Basic stats: COMPLETE Column stats: COMPLETE
                              Reduce Output Operator
                                key expressions: _col0 (type: int), _col1 (type: int), _col2 (type: int)
                                sort order: +++
                                Map-reduce partition columns: _col0 (type: int), _col1 (type: int), _col2 (type: int)
                                Statistics: Num rows: 147374700 Data size: 2947494000 Basic stats: COMPLETE Column stats: COMPLETE
                                value expressions: _col3 (type: bigint)
            Execution mode: vectorized, llap
            LLAP IO: all inputs
        Map 8 
            Map Operator Tree:
                TableScan
                  alias: date_dim
                  filterExpr: ((d_year BETWEEN 1999 AND 2001 and d_date_sk is not null) or (d_year BETWEEN 1999 AND 2001 and d_date_sk is not null) or (d_year BETWEEN 1999 AND 2001 and d_date_sk is not null) or (d_year BETWEEN 1999 AND 2001 and d_date_sk is not null)) (type: boolean)
                  Statistics: Num rows: 73049 Data size: 876588 Basic stats: COMPLETE Column stats: COMPLETE
                  Filter Operator
                    predicate: (d_year BETWEEN 1999 AND 2001 and d_date_sk is not null) (type: boolean)
                    Statistics: Num rows: 8116 Data size: 97392 Basic stats: COMPLETE Column stats: COMPLETE
                    Select Operator
                      expressions: d_date_sk (type: bigint)
                      outputColumnNames: _col0
                      Statistics: Num rows: 8116 Data size: 97392 Basic stats: COMPLETE Column stats: COMPLETE
                      Reduce Output Operator
                        key expressions: _col0 (type: bigint)
                        sort order: +
                        Map-reduce partition columns: _col0 (type: bigint)
                        Statistics: Num rows: 8116 Data size: 97392 Basic stats: COMPLETE Column stats: COMPLETE
                      Select Operator
                        expressions: _col0 (type: bigint)
                        outputColumnNames: _col0
                        Statistics: Num rows: 8116 Data size: 97392 Basic stats: COMPLETE Column stats: COMPLETE
                        Group By Operator
                          keys: _col0 (type: bigint)
                          mode: hash
                          outputColumnNames: _col0
                          Statistics: Num rows: 4058 Data size: 48696 Basic stats: COMPLETE Column stats: COMPLETE
                          Dynamic Partitioning Event Operator
                            Target column: ss_sold_date_sk (bigint)
                            Target Input: store_sales
                            Partition key expr: ss_sold_date_sk
                            Statistics: Num rows: 4058 Data size: 48696 Basic stats: COMPLETE Column stats: COMPLETE
                            Target Vertex: Map 1
                  Filter Operator
                    predicate: (d_year BETWEEN 1999 AND 2001 and d_date_sk is not null) (type: boolean)
                    Statistics: Num rows: 8116 Data size: 97392 Basic stats: COMPLETE Column stats: COMPLETE
                    Select Operator
                      expressions: d_date_sk (type: bigint)
                      outputColumnNames: _col0
                      Statistics: Num rows: 8116 Data size: 97392 Basic stats: COMPLETE Column stats: COMPLETE
                      Reduce Output Operator
                        key expressions: _col0 (type: bigint)
                        sort order: +
                        Map-reduce partition columns: _col0 (type: bigint)
                        Statistics: Num rows: 8116 Data size: 97392 Basic stats: COMPLETE Column stats: COMPLETE
                      Select Operator
                        expressions: _col0 (type: bigint)
                        outputColumnNames: _col0
                        Statistics: Num rows: 8116 Data size: 97392 Basic stats: COMPLETE Column stats: COMPLETE
                        Group By Operator
                          keys: _col0 (type: bigint)
                          mode: hash
                          outputColumnNames: _col0
                          Statistics: Num rows: 4058 Data size: 48696 Basic stats: COMPLETE Column stats: COMPLETE
                          Dynamic Partitioning Event Operator
                            Target column: ss_sold_date_sk (bigint)
                            Target Input: store_sales
                            Partition key expr: ss_sold_date_sk
                            Statistics: Num rows: 4058 Data size: 48696 Basic stats: COMPLETE Column stats: COMPLETE
                            Target Vertex: Map 13
                  Filter Operator
                    predicate: (d_year BETWEEN 1999 AND 2001 and d_date_sk is not null) (type: boolean)
                    Statistics: Num rows: 8116 Data size: 97392 Basic stats: COMPLETE Column stats: COMPLETE
                    Select Operator
                      expressions: d_date_sk (type: bigint)
                      outputColumnNames: _col0
                      Statistics: Num rows: 8116 Data size: 97392 Basic stats: COMPLETE Column stats: COMPLETE
                      Reduce Output Operator
                        key expressions: _col0 (type: bigint)
                        sort order: +
                        Map-reduce partition columns: _col0 (type: bigint)
                        Statistics: Num rows: 8116 Data size: 97392 Basic stats: COMPLETE Column stats: COMPLETE
                      Select Operator
                        expressions: _col0 (type: bigint)
                        outputColumnNames: _col0
                        Statistics: Num rows: 8116 Data size: 97392 Basic stats: COMPLETE Column stats: COMPLETE
                        Group By Operator
                          keys: _col0 (type: bigint)
                          mode: hash
                          outputColumnNames: _col0
                          Statistics: Num rows: 4058 Data size: 48696 Basic stats: COMPLETE Column stats: COMPLETE
                          Dynamic Partitioning Event Operator
                            Target column: ss_sold_date_sk (bigint)
                            Target Input: store_sales
                            Partition key expr: ss_sold_date_sk
                            Statistics: Num rows: 4058 Data size: 48696 Basic stats: COMPLETE Column stats: COMPLETE
                            Target Vertex: Map 22
                  Filter Operator
                    predicate: (d_year BETWEEN 1999 AND 2001 and d_date_sk is not null) (type: boolean)
                    Statistics: Num rows: 8116 Data size: 97392 Basic stats: COMPLETE Column stats: COMPLETE
                    Select Operator
                      expressions: d_date_sk (type: bigint)
                      outputColumnNames: _col0
                      Statistics: Num rows: 8116 Data size: 97392 Basic stats: COMPLETE Column stats: COMPLETE
                      Reduce Output Operator
                        key expressions: _col0 (type: bigint)
                        sort order: +
                        Map-reduce partition columns: _col0 (type: bigint)
                        Statistics: Num rows: 8116 Data size: 97392 Basic stats: COMPLETE Column stats: COMPLETE
                      Select Operator
                        expressions: _col0 (type: bigint)
                        outputColumnNames: _col0
                        Statistics: Num rows: 8116 Data size: 97392 Basic stats: COMPLETE Column stats: COMPLETE
                        Group By Operator
                          keys: _col0 (type: bigint)
                          mode: hash
                          outputColumnNames: _col0
                          Statistics: Num rows: 4058 Data size: 48696 Basic stats: COMPLETE Column stats: COMPLETE
                          Dynamic Partitioning Event Operator
                            Target column: cs_sold_date_sk (bigint)
                            Target Input: catalog_sales
                            Partition key expr: cs_sold_date_sk
                            Statistics: Num rows: 4058 Data size: 48696 Basic stats: COMPLETE Column stats: COMPLETE
                            Target Vertex: Map 27
                  Filter Operator
                    predicate: (d_year BETWEEN 1999 AND 2001 and d_date_sk is not null) (type: boolean)
                    Statistics: Num rows: 8116 Data size: 97392 Basic stats: COMPLETE Column stats: COMPLETE
                    Select Operator
                      expressions: d_date_sk (type: bigint)
                      outputColumnNames: _col0
                      Statistics: Num rows: 8116 Data size: 97392 Basic stats: COMPLETE Column stats: COMPLETE
                      Reduce Output Operator
                        key expressions: _col0 (type: bigint)
                        sort order: +
                        Map-reduce partition columns: _col0 (type: bigint)
                        Statistics: Num rows: 8116 Data size: 97392 Basic stats: COMPLETE Column stats: COMPLETE
                      Select Operator
                        expressions: _col0 (type: bigint)
                        outputColumnNames: _col0
                        Statistics: Num rows: 8116 Data size: 97392 Basic stats: COMPLETE Column stats: COMPLETE
                        Group By Operator
                          keys: _col0 (type: bigint)
                          mode: hash
                          outputColumnNames: _col0
                          Statistics: Num rows: 4058 Data size: 48696 Basic stats: COMPLETE Column stats: COMPLETE
                          Dynamic Partitioning Event Operator
                            Target column: ws_sold_date_sk (bigint)
                            Target Input: web_sales
                            Partition key expr: ws_sold_date_sk
                            Statistics: Num rows: 4058 Data size: 48696 Basic stats: COMPLETE Column stats: COMPLETE
                            Target Vertex: Map 29
                  Filter Operator
                    predicate: (d_year BETWEEN 1999 AND 2001 and d_date_sk is not null) (type: boolean)
                    Statistics: Num rows: 8116 Data size: 97392 Basic stats: COMPLETE Column stats: COMPLETE
                    Select Operator
                      expressions: d_date_sk (type: bigint)
                      outputColumnNames: _col0
                      Statistics: Num rows: 8116 Data size: 97392 Basic stats: COMPLETE Column stats: COMPLETE
                      Reduce Output Operator
                        key expressions: _col0 (type: bigint)
                        sort order: +
                        Map-reduce partition columns: _col0 (type: bigint)
                        Statistics: Num rows: 8116 Data size: 97392 Basic stats: COMPLETE Column stats: COMPLETE
                      Select Operator
                        expressions: _col0 (type: bigint)
                        outputColumnNames: _col0
                        Statistics: Num rows: 8116 Data size: 97392 Basic stats: COMPLETE Column stats: COMPLETE
                        Group By Operator
                          keys: _col0 (type: bigint)
                          mode: hash
                          outputColumnNames: _col0
                          Statistics: Num rows: 4058 Data size: 48696 Basic stats: COMPLETE Column stats: COMPLETE
                          Dynamic Partitioning Event Operator
                            Target column: ss_sold_date_sk (bigint)
                            Target Input: store_sales
                            Partition key expr: ss_sold_date_sk
                            Statistics: Num rows: 4058 Data size: 48696 Basic stats: COMPLETE Column stats: COMPLETE
                            Target Vertex: Map 31
                  Filter Operator
                    predicate: (d_year BETWEEN 1999 AND 2001 and d_date_sk is not null) (type: boolean)
                    Statistics: Num rows: 8116 Data size: 97392 Basic stats: COMPLETE Column stats: COMPLETE
                    Select Operator
                      expressions: d_date_sk (type: bigint)
                      outputColumnNames: _col0
                      Statistics: Num rows: 8116 Data size: 97392 Basic stats: COMPLETE Column stats: COMPLETE
                      Reduce Output Operator
                        key expressions: _col0 (type: bigint)
                        sort order: +
                        Map-reduce partition columns: _col0 (type: bigint)
                        Statistics: Num rows: 8116 Data size: 97392 Basic stats: COMPLETE Column stats: COMPLETE
                      Select Operator
                        expressions: _col0 (type: bigint)
                        outputColumnNames: _col0
                        Statistics: Num rows: 8116 Data size: 97392 Basic stats: COMPLETE Column stats: COMPLETE
                        Group By Operator
                          keys: _col0 (type: bigint)
                          mode: hash
                          outputColumnNames: _col0
                          Statistics: Num rows: 4058 Data size: 48696 Basic stats: COMPLETE Column stats: COMPLETE
                          Dynamic Partitioning Event Operator
                            Target column: ss_sold_date_sk (bigint)
                            Target Input: store_sales
                            Partition key expr: ss_sold_date_sk
                            Statistics: Num rows: 4058 Data size: 48696 Basic stats: COMPLETE Column stats: COMPLETE
                            Target Vertex: Map 37
                  Filter Operator
                    predicate: (d_year BETWEEN 1999 AND 2001 and d_date_sk is not null) (type: boolean)
                    Statistics: Num rows: 8116 Data size: 97392 Basic stats: COMPLETE Column stats: COMPLETE
                    Select Operator
                      expressions: d_date_sk (type: bigint)
                      outputColumnNames: _col0
                      Statistics: Num rows: 8116 Data size: 97392 Basic stats: COMPLETE Column stats: COMPLETE
                      Reduce Output Operator
                        key expressions: _col0 (type: bigint)
                        sort order: +
                        Map-reduce partition columns: _col0 (type: bigint)
                        Statistics: Num rows: 8116 Data size: 97392 Basic stats: COMPLETE Column stats: COMPLETE
                      Select Operator
                        expressions: _col0 (type: bigint)
                        outputColumnNames: _col0
                        Statistics: Num rows: 8116 Data size: 97392 Basic stats: COMPLETE Column stats: COMPLETE
                        Group By Operator
                          keys: _col0 (type: bigint)
                          mode: hash
                          outputColumnNames: _col0
                          Statistics: Num rows: 4058 Data size: 48696 Basic stats: COMPLETE Column stats: COMPLETE
                          Dynamic Partitioning Event Operator
                            Target column: ss_sold_date_sk (bigint)
                            Target Input: store_sales
                            Partition key expr: ss_sold_date_sk
                            Statistics: Num rows: 4058 Data size: 48696 Basic stats: COMPLETE Column stats: COMPLETE
                            Target Vertex: Map 44
                  Filter Operator
                    predicate: (d_year BETWEEN 1999 AND 2001 and d_date_sk is not null) (type: boolean)
                    Statistics: Num rows: 8116 Data size: 97392 Basic stats: COMPLETE Column stats: COMPLETE
                    Select Operator
                      expressions: d_date_sk (type: bigint)
                      outputColumnNames: _col0
                      Statistics: Num rows: 8116 Data size: 97392 Basic stats: COMPLETE Column stats: COMPLETE
                      Reduce Output Operator
                        key expressions: _col0 (type: bigint)
                        sort order: +
                        Map-reduce partition columns: _col0 (type: bigint)
                        Statistics: Num rows: 8116 Data size: 97392 Basic stats: COMPLETE Column stats: COMPLETE
                      Select Operator
                        expressions: _col0 (type: bigint)
                        outputColumnNames: _col0
                        Statistics: Num rows: 8116 Data size: 97392 Basic stats: COMPLETE Column stats: COMPLETE
                        Group By Operator
                          keys: _col0 (type: bigint)
                          mode: hash
                          outputColumnNames: _col0
                          Statistics: Num rows: 4058 Data size: 48696 Basic stats: COMPLETE Column stats: COMPLETE
                          Dynamic Partitioning Event Operator
                            Target column: cs_sold_date_sk (bigint)
                            Target Input: catalog_sales
                            Partition key expr: cs_sold_date_sk
                            Statistics: Num rows: 4058 Data size: 48696 Basic stats: COMPLETE Column stats: COMPLETE
                            Target Vertex: Map 49
                  Filter Operator
                    predicate: (d_year BETWEEN 1999 AND 2001 and d_date_sk is not null) (type: boolean)
                    Statistics: Num rows: 8116 Data size: 97392 Basic stats: COMPLETE Column stats: COMPLETE
                    Select Operator
                      expressions: d_date_sk (type: bigint)
                      outputColumnNames: _col0
                      Statistics: Num rows: 8116 Data size: 97392 Basic stats: COMPLETE Column stats: COMPLETE
                      Reduce Output Operator
                        key expressions: _col0 (type: bigint)
                        sort order: +
                        Map-reduce partition columns: _col0 (type: bigint)
                        Statistics: Num rows: 8116 Data size: 97392 Basic stats: COMPLETE Column stats: COMPLETE
                      Select Operator
                        expressions: _col0 (type: bigint)
                        outputColumnNames: _col0
                        Statistics: Num rows: 8116 Data size: 97392 Basic stats: COMPLETE Column stats: COMPLETE
                        Group By Operator
                          keys: _col0 (type: bigint)
                          mode: hash
                          outputColumnNames: _col0
                          Statistics: Num rows: 4058 Data size: 48696 Basic stats: COMPLETE Column stats: COMPLETE
                          Dynamic Partitioning Event Operator
                            Target column: ws_sold_date_sk (bigint)
                            Target Input: web_sales
                            Partition key expr: ws_sold_date_sk
                            Statistics: Num rows: 4058 Data size: 48696 Basic stats: COMPLETE Column stats: COMPLETE
                            Target Vertex: Map 51
                  Filter Operator
                    predicate: (d_year BETWEEN 1999 AND 2001 and d_date_sk is not null) (type: boolean)
                    Statistics: Num rows: 8116 Data size: 97392 Basic stats: COMPLETE Column stats: COMPLETE
                    Select Operator
                      expressions: d_date_sk (type: bigint)
                      outputColumnNames: _col0
                      Statistics: Num rows: 8116 Data size: 97392 Basic stats: COMPLETE Column stats: COMPLETE
                      Reduce Output Operator
                        key expressions: _col0 (type: bigint)
                        sort order: +
                        Map-reduce partition columns: _col0 (type: bigint)
                        Statistics: Num rows: 8116 Data size: 97392 Basic stats: COMPLETE Column stats: COMPLETE
                      Select Operator
                        expressions: _col0 (type: bigint)
                        outputColumnNames: _col0
                        Statistics: Num rows: 8116 Data size: 97392 Basic stats: COMPLETE Column stats: COMPLETE
                        Group By Operator
                          keys: _col0 (type: bigint)
                          mode: hash
                          outputColumnNames: _col0
                          Statistics: Num rows: 4058 Data size: 48696 Basic stats: COMPLETE Column stats: COMPLETE
                          Dynamic Partitioning Event Operator
                            Target column: ss_sold_date_sk (bigint)
                            Target Input: store_sales
                            Partition key expr: ss_sold_date_sk
                            Statistics: Num rows: 4058 Data size: 48696 Basic stats: COMPLETE Column stats: COMPLETE
                            Target Vertex: Map 53
                  Filter Operator
                    predicate: (d_year BETWEEN 1999 AND 2001 and d_date_sk is not null) (type: boolean)
                    Statistics: Num rows: 8116 Data size: 97392 Basic stats: COMPLETE Column stats: COMPLETE
                    Select Operator
                      expressions: d_date_sk (type: bigint)
                      outputColumnNames: _col0
                      Statistics: Num rows: 8116 Data size: 97392 Basic stats: COMPLETE Column stats: COMPLETE
                      Reduce Output Operator
                        key expressions: _col0 (type: bigint)
                        sort order: +
                        Map-reduce partition columns: _col0 (type: bigint)
                        Statistics: Num rows: 8116 Data size: 97392 Basic stats: COMPLETE Column stats: COMPLETE
                      Select Operator
                        expressions: _col0 (type: bigint)
                        outputColumnNames: _col0
                        Statistics: Num rows: 8116 Data size: 97392 Basic stats: COMPLETE Column stats: COMPLETE
                        Group By Operator
                          keys: _col0 (type: bigint)
                          mode: hash
                          outputColumnNames: _col0
                          Statistics: Num rows: 4058 Data size: 48696 Basic stats: COMPLETE Column stats: COMPLETE
                          Dynamic Partitioning Event Operator
                            Target column: ss_sold_date_sk (bigint)
                            Target Input: store_sales
                            Partition key expr: ss_sold_date_sk
                            Statistics: Num rows: 4058 Data size: 48696 Basic stats: COMPLETE Column stats: COMPLETE
                            Target Vertex: Map 59
                  Filter Operator
                    predicate: (d_year BETWEEN 1999 AND 2001 and d_date_sk is not null) (type: boolean)
                    Statistics: Num rows: 8116 Data size: 97392 Basic stats: COMPLETE Column stats: COMPLETE
                    Select Operator
                      expressions: d_date_sk (type: bigint)
                      outputColumnNames: _col0
                      Statistics: Num rows: 8116 Data size: 97392 Basic stats: COMPLETE Column stats: COMPLETE
                      Reduce Output Operator
                        key expressions: _col0 (type: bigint)
                        sort order: +
                        Map-reduce partition columns: _col0 (type: bigint)
                        Statistics: Num rows: 8116 Data size: 97392 Basic stats: COMPLETE Column stats: COMPLETE
                      Select Operator
                        expressions: _col0 (type: bigint)
                        outputColumnNames: _col0
                        Statistics: Num rows: 8116 Data size: 97392 Basic stats: COMPLETE Column stats: COMPLETE
                        Group By Operator
                          keys: _col0 (type: bigint)
                          mode: hash
                          outputColumnNames: _col0
                          Statistics: Num rows: 4058 Data size: 48696 Basic stats: COMPLETE Column stats: COMPLETE
                          Dynamic Partitioning Event Operator
                            Target column: ss_sold_date_sk (bigint)
                            Target Input: store_sales
                            Partition key expr: ss_sold_date_sk
                            Statistics: Num rows: 4058 Data size: 48696 Basic stats: COMPLETE Column stats: COMPLETE
                            Target Vertex: Map 66
                  Filter Operator
                    predicate: (d_year BETWEEN 1999 AND 2001 and d_date_sk is not null) (type: boolean)
                    Statistics: Num rows: 8116 Data size: 97392 Basic stats: COMPLETE Column stats: COMPLETE
                    Select Operator
                      expressions: d_date_sk (type: bigint)
                      outputColumnNames: _col0
                      Statistics: Num rows: 8116 Data size: 97392 Basic stats: COMPLETE Column stats: COMPLETE
                      Reduce Output Operator
                        key expressions: _col0 (type: bigint)
                        sort order: +
                        Map-reduce partition columns: _col0 (type: bigint)
                        Statistics: Num rows: 8116 Data size: 97392 Basic stats: COMPLETE Column stats: COMPLETE
                      Select Operator
                        expressions: _col0 (type: bigint)
                        outputColumnNames: _col0
                        Statistics: Num rows: 8116 Data size: 97392 Basic stats: COMPLETE Column stats: COMPLETE
                        Group By Operator
                          keys: _col0 (type: bigint)
                          mode: hash
                          outputColumnNames: _col0
                          Statistics: Num rows: 4058 Data size: 48696 Basic stats: COMPLETE Column stats: COMPLETE
                          Dynamic Partitioning Event Operator
                            Target column: cs_sold_date_sk (bigint)
                            Target Input: catalog_sales
                            Partition key expr: cs_sold_date_sk
                            Statistics: Num rows: 4058 Data size: 48696 Basic stats: COMPLETE Column stats: COMPLETE
                            Target Vertex: Map 71
                  Filter Operator
                    predicate: (d_year BETWEEN 1999 AND 2001 and d_date_sk is not null) (type: boolean)
                    Statistics: Num rows: 8116 Data size: 97392 Basic stats: COMPLETE Column stats: COMPLETE
                    Select Operator
                      expressions: d_date_sk (type: bigint)
                      outputColumnNames: _col0
                      Statistics: Num rows: 8116 Data size: 97392 Basic stats: COMPLETE Column stats: COMPLETE
                      Reduce Output Operator
                        key expressions: _col0 (type: bigint)
                        sort order: +
                        Map-reduce partition columns: _col0 (type: bigint)
                        Statistics: Num rows: 8116 Data size: 97392 Basic stats: COMPLETE Column stats: COMPLETE
                      Select Operator
                        expressions: _col0 (type: bigint)
                        outputColumnNames: _col0
                        Statistics: Num rows: 8116 Data size: 97392 Basic stats: COMPLETE Column stats: COMPLETE
                        Group By Operator
                          keys: _col0 (type: bigint)
                          mode: hash
                          outputColumnNames: _col0
                          Statistics: Num rows: 4058 Data size: 48696 Basic stats: COMPLETE Column stats: COMPLETE
                          Dynamic Partitioning Event Operator
                            Target column: ws_sold_date_sk (bigint)
                            Target Input: web_sales
                            Partition key expr: ws_sold_date_sk
                            Statistics: Num rows: 4058 Data size: 48696 Basic stats: COMPLETE Column stats: COMPLETE
                            Target Vertex: Map 73
            Execution mode: vectorized, llap
            LLAP IO: all inputs
        Map 9 
            Map Operator Tree:
                TableScan
                  alias: catalog_sales
                  filterExpr: cs_sold_date_sk is not null (type: boolean)
                  Statistics: Num rows: 143352541321 Data size: 1719501183952 Basic stats: COMPLETE Column stats: COMPLETE
                  Select Operator
                    expressions: cs_quantity (type: int), cs_sold_date_sk (type: bigint)
                    outputColumnNames: _col0, _col2
                    Statistics: Num rows: 143352541321 Data size: 1719501183952 Basic stats: COMPLETE Column stats: COMPLETE
                    Map Join Operator
                      condition map:
                           Inner Join 0 to 1
                      keys:
                        0 _col2 (type: bigint)
                        1 _col0 (type: bigint)
                      outputColumnNames: _col0
                      input vertices:
                        1 Map 10
                      Statistics: Num rows: 15926969777 Data size: 63707879108 Basic stats: COMPLETE Column stats: COMPLETE
                      Select Operator
                        expressions: _col0 (type: int)
                        outputColumnNames: _col0
                        Statistics: Num rows: 54479375636 Data size: 217917502544 Basic stats: COMPLETE Column stats: COMPLETE
                        Group By Operator
                          aggregations: count(_col0)
                          mode: hash
                          outputColumnNames: _col0
                          Statistics: Num rows: 1 Data size: 8 Basic stats: COMPLETE Column stats: COMPLETE
                          Reduce Output Operator
                            sort order: 
                            Statistics: Num rows: 1 Data size: 8 Basic stats: COMPLETE Column stats: COMPLETE
                            value expressions: _col0 (type: bigint)
            Execution mode: vectorized, llap
            LLAP IO: all inputs
        Reducer 15 
            Execution mode: llap
            Reduce Operator Tree:
              Group By Operator
                aggregations: avg(VALUE._col0)
                mode: mergepartial
                outputColumnNames: _col0
                Statistics: Num rows: 1 Data size: 8 Basic stats: COMPLETE Column stats: COMPLETE
                Reduce Output Operator
                  sort order: 
                  Statistics: Num rows: 1 Data size: 8 Basic stats: COMPLETE Column stats: COMPLETE
                  value expressions: _col0 (type: double)
        Reducer 19 
            Execution mode: vectorized, llap
            Reduce Operator Tree:
              Group By Operator
                aggregations: sum(VALUE._col0), count(VALUE._col1)
                keys: KEY._col0 (type: int), KEY._col1 (type: int), KEY._col2 (type: int)
                mode: mergepartial
                outputColumnNames: _col0, _col1, _col2, _col3, _col4
                Statistics: Num rows: 1 Data size: 28 Basic stats: COMPLETE Column stats: COMPLETE
                Reduce Output Operator
                  sort order: 
                  Statistics: Num rows: 1 Data size: 28 Basic stats: COMPLETE Column stats: COMPLETE
                  value expressions: _col0 (type: int), _col1 (type: int), _col2 (type: int), _col3 (type: double), _col4 (type: bigint)
        Reducer 23 
            Execution mode: vectorized, llap
            Reduce Operator Tree:
              Group By Operator
                aggregations: count(VALUE._col0)
                keys: KEY._col0 (type: int), KEY._col1 (type: int), KEY._col2 (type: int)
                mode: mergepartial
                outputColumnNames: _col0, _col1, _col2, _col3
                Statistics: Num rows: 103785 Data size: 2075700 Basic stats: COMPLETE Column stats: COMPLETE
                Group By Operator
                  aggregations: count(_col3)
                  keys: _col0 (type: int), _col1 (type: int), _col2 (type: int)
                  mode: hash
                  outputColumnNames: _col0, _col1, _col2, _col3
                  Statistics: Num rows: 103785 Data size: 2075700 Basic stats: COMPLETE Column stats: COMPLETE
                  Reduce Output Operator
                    key expressions: _col0 (type: int), _col1 (type: int), _col2 (type: int)
                    sort order: +++
                    Map-reduce partition columns: _col0 (type: int), _col1 (type: int), _col2 (type: int)
                    Statistics: Num rows: 103785 Data size: 2075700 Basic stats: COMPLETE Column stats: COMPLETE
                    value expressions: _col3 (type: bigint)
        Reducer 25 
            Execution mode: vectorized, llap
            Reduce Operator Tree:
              Group By Operator
                aggregations: count(VALUE._col0)
                keys: KEY._col0 (type: int), KEY._col1 (type: int), KEY._col2 (type: int)
                mode: mergepartial
                outputColumnNames: _col0, _col1, _col2, _col3
                Statistics: Num rows: 103785 Data size: 2075700 Basic stats: COMPLETE Column stats: COMPLETE
                Filter Operator
                  predicate: (_col3 = 3) (type: boolean)
                  Statistics: Num rows: 1 Data size: 20 Basic stats: COMPLETE Column stats: COMPLETE
                  Select Operator
                    expressions: _col0 (type: int), _col1 (type: int), _col2 (type: int)
                    outputColumnNames: _col0, _col1, _col2
                    Statistics: Num rows: 1 Data size: 12 Basic stats: COMPLETE Column stats: COMPLETE
                    Map Join Operator
                      condition map:
                           Inner Join 0 to 1
                      keys:
                        0 _col1 (type: int), _col2 (type: int), _col3 (type: int)
                        1 _col0 (type: int), _col1 (type: int), _col2 (type: int)
                      outputColumnNames: _col0
                      input vertices:
                        0 Map 21
                      Statistics: Num rows: 112 Data size: 896 Basic stats: COMPLETE Column stats: COMPLETE
                      Group By Operator
                        keys: _col0 (type: bigint)
                        mode: hash
                        outputColumnNames: _col0
                        Statistics: Num rows: 56 Data size: 448 Basic stats: COMPLETE Column stats: COMPLETE
                        Reduce Output Operator
                          key expressions: _col0 (type: bigint)
                          sort order: +
                          Map-reduce partition columns: _col0 (type: bigint)
                          Statistics: Num rows: 56 Data size: 448 Basic stats: COMPLETE Column stats: COMPLETE
                        Select Operator
                          expressions: _col0 (type: bigint)
                          outputColumnNames: _col0
                          Statistics: Num rows: 56 Data size: 448 Basic stats: COMPLETE Column stats: COMPLETE
                          Group By Operator
                            aggregations: min(_col0), max(_col0), bloom_filter(_col0, expectedEntries=1000000)
                            mode: hash
                            outputColumnNames: _col0, _col1, _col2
                            Statistics: Num rows: 1 Data size: 24 Basic stats: COMPLETE Column stats: COMPLETE
                            Reduce Output Operator
                              sort order: 
                              Statistics: Num rows: 1 Data size: 24 Basic stats: COMPLETE Column stats: COMPLETE
                              value expressions: _col0 (type: bigint), _col1 (type: bigint), _col2 (type: binary)
        Reducer 26 
            Execution mode: vectorized, llap
            Reduce Operator Tree:
              Group By Operator
                aggregations: min(VALUE._col0), max(VALUE._col1), bloom_filter(VALUE._col2, expectedEntries=1000000)
                mode: final
                outputColumnNames: _col0, _col1, _col2
                Statistics: Num rows: 1 Data size: 24 Basic stats: COMPLETE Column stats: COMPLETE
                Reduce Output Operator
                  sort order: 
                  Statistics: Num rows: 1 Data size: 24 Basic stats: COMPLETE Column stats: COMPLETE
                  value expressions: _col0 (type: bigint), _col1 (type: bigint), _col2 (type: binary)
        Reducer 28 
            Execution mode: vectorized, llap
            Reduce Operator Tree:
              Group By Operator
                aggregations: count(VALUE._col0)
                keys: KEY._col0 (type: int), KEY._col1 (type: int), KEY._col2 (type: int)
                mode: mergepartial
                outputColumnNames: _col0, _col1, _col2, _col3
                Statistics: Num rows: 103785 Data size: 2075700 Basic stats: COMPLETE Column stats: COMPLETE
                Group By Operator
                  aggregations: count(_col3)
                  keys: _col0 (type: int), _col1 (type: int), _col2 (type: int)
                  mode: hash
                  outputColumnNames: _col0, _col1, _col2, _col3
                  Statistics: Num rows: 103785 Data size: 2075700 Basic stats: COMPLETE Column stats: COMPLETE
                  Reduce Output Operator
                    key expressions: _col0 (type: int), _col1 (type: int), _col2 (type: int)
                    sort order: +++
                    Map-reduce partition columns: _col0 (type: int), _col1 (type: int), _col2 (type: int)
                    Statistics: Num rows: 103785 Data size: 2075700 Basic stats: COMPLETE Column stats: COMPLETE
                    value expressions: _col3 (type: bigint)
        Reducer 3 
            Execution mode: vectorized, llap
            Reduce Operator Tree:
              Group By Operator
                aggregations: count(VALUE._col0)
                mode: mergepartial
                outputColumnNames: _col0
                Statistics: Num rows: 1 Data size: 8 Basic stats: COMPLETE Column stats: COMPLETE
                Select Operator
                  Statistics: Num rows: 1 Data size: 8 Basic stats: COMPLETE Column stats: COMPLETE
                  Group By Operator
                    aggregations: count()
                    mode: complete
                    outputColumnNames: _col0
                    Statistics: Num rows: 1 Data size: 8 Basic stats: COMPLETE Column stats: COMPLETE
                    Filter Operator
                      predicate: (sq_count_check(_col0) <= 1) (type: boolean)
                      Statistics: Num rows: 1 Data size: 8 Basic stats: COMPLETE Column stats: COMPLETE
                      Select Operator
                        Statistics: Num rows: 1 Data size: 8 Basic stats: COMPLETE Column stats: COMPLETE
                        Map Join Operator
                          condition map:
                               Left Outer Join0 to 1
                          keys:
                            0 
                            1 
                          outputColumnNames: _col1
                          input vertices:
                            1 Reducer 15
                          Statistics: Num rows: 1 Data size: 8 Basic stats: COMPLETE Column stats: COMPLETE
                          Reduce Output Operator
                            sort order: 
                            Statistics: Num rows: 1 Data size: 8 Basic stats: COMPLETE Column stats: COMPLETE
                            value expressions: _col1 (type: double)
        Reducer 30 
            Execution mode: vectorized, llap
            Reduce Operator Tree:
              Group By Operator
                aggregations: count(VALUE._col0)
                keys: KEY._col0 (type: int), KEY._col1 (type: int), KEY._col2 (type: int)
                mode: mergepartial
                outputColumnNames: _col0, _col1, _col2, _col3
                Statistics: Num rows: 103785 Data size: 2075700 Basic stats: COMPLETE Column stats: COMPLETE
                Group By Operator
                  aggregations: count(_col3)
                  keys: _col0 (type: int), _col1 (type: int), _col2 (type: int)
                  mode: hash
                  outputColumnNames: _col0, _col1, _col2, _col3
                  Statistics: Num rows: 103785 Data size: 2075700 Basic stats: COMPLETE Column stats: COMPLETE
                  Reduce Output Operator
                    key expressions: _col0 (type: int), _col1 (type: int), _col2 (type: int)
                    sort order: +++
                    Map-reduce partition columns: _col0 (type: int), _col1 (type: int), _col2 (type: int)
                    Statistics: Num rows: 103785 Data size: 2075700 Basic stats: COMPLETE Column stats: COMPLETE
                    value expressions: _col3 (type: bigint)
        Reducer 33 
            Execution mode: vectorized, llap
            Reduce Operator Tree:
              Group By Operator
                aggregations: count(VALUE._col0)
                mode: mergepartial
                outputColumnNames: _col0
                Statistics: Num rows: 1 Data size: 8 Basic stats: COMPLETE Column stats: COMPLETE
                Select Operator
                  Statistics: Num rows: 1 Data size: 8 Basic stats: COMPLETE Column stats: COMPLETE
                  Group By Operator
                    aggregations: count()
                    mode: complete
                    outputColumnNames: _col0
                    Statistics: Num rows: 1 Data size: 8 Basic stats: COMPLETE Column stats: COMPLETE
                    Filter Operator
                      predicate: (sq_count_check(_col0) <= 1) (type: boolean)
                      Statistics: Num rows: 1 Data size: 8 Basic stats: COMPLETE Column stats: COMPLETE
                      Select Operator
                        Statistics: Num rows: 1 Data size: 8 Basic stats: COMPLETE Column stats: COMPLETE
                        Map Join Operator
                          condition map:
                               Left Outer Join0 to 1
                          keys:
                            0 
                            1 
                          outputColumnNames: _col1
                          input vertices:
                            1 Reducer 39
                          Statistics: Num rows: 1 Data size: 8 Basic stats: COMPLETE Column stats: COMPLETE
                          Reduce Output Operator
                            sort order: 
                            Statistics: Num rows: 1 Data size: 8 Basic stats: COMPLETE Column stats: COMPLETE
                            value expressions: _col1 (type: double)
        Reducer 34 
            Execution mode: llap
            Reduce Operator Tree:
              Merge Join Operator
                condition map:
                     Inner Join 0 to 1
                keys:
                  0 
                  1 
                outputColumnNames: _col1, _col2, _col3, _col4, _col5, _col6
                Statistics: Num rows: 1 Data size: 36 Basic stats: COMPLETE Column stats: COMPLETE
                Filter Operator
                  predicate: (_col5 > _col1) (type: boolean)
                  Statistics: Num rows: 1 Data size: 36 Basic stats: COMPLETE Column stats: COMPLETE
                  Select Operator
                    expressions: 'catalog' (type: string), _col2 (type: int), _col3 (type: int), _col4 (type: int), _col5 (type: double), _col6 (type: bigint)
                    outputColumnNames: _col0, _col1, _col2, _col3, _col4, _col5
                    Statistics: Num rows: 1 Data size: 119 Basic stats: COMPLETE Column stats: COMPLETE
                    Group By Operator
                      aggregations: sum(_col4), sum(_col5)
                      keys: _col0 (type: string), _col1 (type: int), _col2 (type: int), _col3 (type: int), 0 (type: int)
                      mode: hash
                      outputColumnNames: _col0, _col1, _col2, _col3, _col4, _col5, _col6
                      Statistics: Num rows: 5 Data size: 615 Basic stats: COMPLETE Column stats: COMPLETE
                      Reduce Output Operator
                        key expressions: _col0 (type: string), _col1 (type: int), _col2 (type: int), _col3 (type: int), _col4 (type: int)
                        sort order: +++++
                        Map-reduce partition columns: _col0 (type: string), _col1 (type: int), _col2 (type: int), _col3 (type: int), _col4 (type: int)
                        Statistics: Num rows: 5 Data size: 615 Basic stats: COMPLETE Column stats: COMPLETE
                        TopN Hash Memory Usage: 0.04
                        value expressions: _col5 (type: double), _col6 (type: bigint)
        Reducer 39 
            Execution mode: llap
            Reduce Operator Tree:
              Group By Operator
                aggregations: avg(VALUE._col0)
                mode: mergepartial
                outputColumnNames: _col0
                Statistics: Num rows: 1 Data size: 8 Basic stats: COMPLETE Column stats: COMPLETE
                Reduce Output Operator
                  sort order: 
                  Statistics: Num rows: 1 Data size: 8 Basic stats: COMPLETE Column stats: COMPLETE
                  value expressions: _col0 (type: double)
        Reducer 4 
            Execution mode: llap
            Reduce Operator Tree:
              Merge Join Operator
                condition map:
                     Inner Join 0 to 1
                keys:
                  0 
                  1 
                outputColumnNames: _col1, _col2, _col3, _col4, _col5, _col6
                Statistics: Num rows: 1 Data size: 36 Basic stats: COMPLETE Column stats: COMPLETE
                Filter Operator
                  predicate: (_col5 > _col1) (type: boolean)
                  Statistics: Num rows: 1 Data size: 36 Basic stats: COMPLETE Column stats: COMPLETE
                  Select Operator
                    expressions: 'store' (type: string), _col2 (type: int), _col3 (type: int), _col4 (type: int), _col5 (type: double), _col6 (type: bigint)
                    outputColumnNames: _col0, _col1, _col2, _col3, _col4, _col5
                    Statistics: Num rows: 1 Data size: 117 Basic stats: COMPLETE Column stats: COMPLETE
                    Group By Operator
                      aggregations: sum(_col4), sum(_col5)
                      keys: _col0 (type: string), _col1 (type: int), _col2 (type: int), _col3 (type: int), 0 (type: int)
                      mode: hash
                      outputColumnNames: _col0, _col1, _col2, _col3, _col4, _col5, _col6
                      Statistics: Num rows: 5 Data size: 615 Basic stats: COMPLETE Column stats: COMPLETE
                      Reduce Output Operator
                        key expressions: _col0 (type: string), _col1 (type: int), _col2 (type: int), _col3 (type: int), _col4 (type: int)
                        sort order: +++++
                        Map-reduce partition columns: _col0 (type: string), _col1 (type: int), _col2 (type: int), _col3 (type: int), _col4 (type: int)
                        Statistics: Num rows: 5 Data size: 615 Basic stats: COMPLETE Column stats: COMPLETE
                        TopN Hash Memory Usage: 0.04
                        value expressions: _col5 (type: double), _col6 (type: bigint)
        Reducer 43 
            Execution mode: vectorized, llap
            Reduce Operator Tree:
              Group By Operator
                aggregations: sum(VALUE._col0), count(VALUE._col1)
                keys: KEY._col0 (type: int), KEY._col1 (type: int), KEY._col2 (type: int)
                mode: mergepartial
                outputColumnNames: _col0, _col1, _col2, _col3, _col4
                Statistics: Num rows: 1 Data size: 28 Basic stats: COMPLETE Column stats: COMPLETE
                Reduce Output Operator
                  sort order: 
                  Statistics: Num rows: 1 Data size: 28 Basic stats: COMPLETE Column stats: COMPLETE
                  value expressions: _col0 (type: int), _col1 (type: int), _col2 (type: int), _col3 (type: double), _col4 (type: bigint)
        Reducer 45 
            Execution mode: vectorized, llap
            Reduce Operator Tree:
              Group By Operator
                aggregations: count(VALUE._col0)
                keys: KEY._col0 (type: int), KEY._col1 (type: int), KEY._col2 (type: int)
                mode: mergepartial
                outputColumnNames: _col0, _col1, _col2, _col3
                Statistics: Num rows: 103785 Data size: 2075700 Basic stats: COMPLETE Column stats: COMPLETE
                Group By Operator
                  aggregations: count(_col3)
                  keys: _col0 (type: int), _col1 (type: int), _col2 (type: int)
                  mode: hash
                  outputColumnNames: _col0, _col1, _col2, _col3
                  Statistics: Num rows: 103785 Data size: 2075700 Basic stats: COMPLETE Column stats: COMPLETE
                  Reduce Output Operator
                    key expressions: _col0 (type: int), _col1 (type: int), _col2 (type: int)
                    sort order: +++
                    Map-reduce partition columns: _col0 (type: int), _col1 (type: int), _col2 (type: int)
                    Statistics: Num rows: 103785 Data size: 2075700 Basic stats: COMPLETE Column stats: COMPLETE
                    value expressions: _col3 (type: bigint)
        Reducer 47 
            Execution mode: vectorized, llap
            Reduce Operator Tree:
              Group By Operator
                aggregations: count(VALUE._col0)
                keys: KEY._col0 (type: int), KEY._col1 (type: int), KEY._col2 (type: int)
                mode: mergepartial
                outputColumnNames: _col0, _col1, _col2, _col3
                Statistics: Num rows: 103785 Data size: 2075700 Basic stats: COMPLETE Column stats: COMPLETE
                Filter Operator
                  predicate: (_col3 = 3) (type: boolean)
                  Statistics: Num rows: 1 Data size: 20 Basic stats: COMPLETE Column stats: COMPLETE
                  Select Operator
                    expressions: _col0 (type: int), _col1 (type: int), _col2 (type: int)
                    outputColumnNames: _col0, _col1, _col2
                    Statistics: Num rows: 1 Data size: 12 Basic stats: COMPLETE Column stats: COMPLETE
                    Map Join Operator
                      condition map:
                           Inner Join 0 to 1
                      keys:
                        0 _col1 (type: int), _col2 (type: int), _col3 (type: int)
                        1 _col0 (type: int), _col1 (type: int), _col2 (type: int)
                      outputColumnNames: _col0
                      input vertices:
                        0 Map 21
                      Statistics: Num rows: 112 Data size: 896 Basic stats: COMPLETE Column stats: COMPLETE
                      Group By Operator
                        keys: _col0 (type: bigint)
                        mode: hash
                        outputColumnNames: _col0
                        Statistics: Num rows: 56 Data size: 448 Basic stats: COMPLETE Column stats: COMPLETE
                        Reduce Output Operator
                          key expressions: _col0 (type: bigint)
                          sort order: +
                          Map-reduce partition columns: _col0 (type: bigint)
                          Statistics: Num rows: 56 Data size: 448 Basic stats: COMPLETE Column stats: COMPLETE
                        Select Operator
                          expressions: _col0 (type: bigint)
                          outputColumnNames: _col0
                          Statistics: Num rows: 56 Data size: 448 Basic stats: COMPLETE Column stats: COMPLETE
                          Group By Operator
                            aggregations: min(_col0), max(_col0), bloom_filter(_col0, expectedEntries=1000000)
                            mode: hash
                            outputColumnNames: _col0, _col1, _col2
                            Statistics: Num rows: 1 Data size: 24 Basic stats: COMPLETE Column stats: COMPLETE
                            Reduce Output Operator
                              sort order: 
                              Statistics: Num rows: 1 Data size: 24 Basic stats: COMPLETE Column stats: COMPLETE
                              value expressions: _col0 (type: bigint), _col1 (type: bigint), _col2 (type: binary)
        Reducer 48 
            Execution mode: vectorized, llap
            Reduce Operator Tree:
              Group By Operator
                aggregations: min(VALUE._col0), max(VALUE._col1), bloom_filter(VALUE._col2, expectedEntries=1000000)
                mode: final
                outputColumnNames: _col0, _col1, _col2
                Statistics: Num rows: 1 Data size: 24 Basic stats: COMPLETE Column stats: COMPLETE
                Reduce Output Operator
                  sort order: 
                  Statistics: Num rows: 1 Data size: 24 Basic stats: COMPLETE Column stats: COMPLETE
                  value expressions: _col0 (type: bigint), _col1 (type: bigint), _col2 (type: binary)
        Reducer 50 
            Execution mode: vectorized, llap
            Reduce Operator Tree:
              Group By Operator
                aggregations: count(VALUE._col0)
                keys: KEY._col0 (type: int), KEY._col1 (type: int), KEY._col2 (type: int)
                mode: mergepartial
                outputColumnNames: _col0, _col1, _col2, _col3
                Statistics: Num rows: 103785 Data size: 2075700 Basic stats: COMPLETE Column stats: COMPLETE
                Group By Operator
                  aggregations: count(_col3)
                  keys: _col0 (type: int), _col1 (type: int), _col2 (type: int)
                  mode: hash
                  outputColumnNames: _col0, _col1, _col2, _col3
                  Statistics: Num rows: 103785 Data size: 2075700 Basic stats: COMPLETE Column stats: COMPLETE
                  Reduce Output Operator
                    key expressions: _col0 (type: int), _col1 (type: int), _col2 (type: int)
                    sort order: +++
                    Map-reduce partition columns: _col0 (type: int), _col1 (type: int), _col2 (type: int)
                    Statistics: Num rows: 103785 Data size: 2075700 Basic stats: COMPLETE Column stats: COMPLETE
                    value expressions: _col3 (type: bigint)
        Reducer 52 
            Execution mode: vectorized, llap
            Reduce Operator Tree:
              Group By Operator
                aggregations: count(VALUE._col0)
                keys: KEY._col0 (type: int), KEY._col1 (type: int), KEY._col2 (type: int)
                mode: mergepartial
                outputColumnNames: _col0, _col1, _col2, _col3
                Statistics: Num rows: 103785 Data size: 2075700 Basic stats: COMPLETE Column stats: COMPLETE
                Group By Operator
                  aggregations: count(_col3)
                  keys: _col0 (type: int), _col1 (type: int), _col2 (type: int)
                  mode: hash
                  outputColumnNames: _col0, _col1, _col2, _col3
                  Statistics: Num rows: 103785 Data size: 2075700 Basic stats: COMPLETE Column stats: COMPLETE
                  Reduce Output Operator
                    key expressions: _col0 (type: int), _col1 (type: int), _col2 (type: int)
                    sort order: +++
                    Map-reduce partition columns: _col0 (type: int), _col1 (type: int), _col2 (type: int)
                    Statistics: Num rows: 103785 Data size: 2075700 Basic stats: COMPLETE Column stats: COMPLETE
                    value expressions: _col3 (type: bigint)
        Reducer 55 
            Execution mode: vectorized, llap
            Reduce Operator Tree:
              Group By Operator
                aggregations: count(VALUE._col0)
                mode: mergepartial
                outputColumnNames: _col0
                Statistics: Num rows: 1 Data size: 8 Basic stats: COMPLETE Column stats: COMPLETE
                Select Operator
                  Statistics: Num rows: 1 Data size: 8 Basic stats: COMPLETE Column stats: COMPLETE
                  Group By Operator
                    aggregations: count()
                    mode: complete
                    outputColumnNames: _col0
                    Statistics: Num rows: 1 Data size: 8 Basic stats: COMPLETE Column stats: COMPLETE
                    Filter Operator
                      predicate: (sq_count_check(_col0) <= 1) (type: boolean)
                      Statistics: Num rows: 1 Data size: 8 Basic stats: COMPLETE Column stats: COMPLETE
                      Select Operator
                        Statistics: Num rows: 1 Data size: 8 Basic stats: COMPLETE Column stats: COMPLETE
                        Map Join Operator
                          condition map:
                               Left Outer Join0 to 1
                          keys:
                            0 
                            1 
                          outputColumnNames: _col1
                          input vertices:
                            1 Reducer 61
                          Statistics: Num rows: 1 Data size: 8 Basic stats: COMPLETE Column stats: COMPLETE
                          Reduce Output Operator
                            sort order: 
                            Statistics: Num rows: 1 Data size: 8 Basic stats: COMPLETE Column stats: COMPLETE
                            value expressions: _col1 (type: double)
        Reducer 56 
            Execution mode: llap
            Reduce Operator Tree:
              Merge Join Operator
                condition map:
                     Inner Join 0 to 1
                keys:
                  0 
                  1 
                outputColumnNames: _col1, _col2, _col3, _col4, _col5, _col6
                Statistics: Num rows: 1 Data size: 36 Basic stats: COMPLETE Column stats: COMPLETE
                Filter Operator
                  predicate: (_col5 > _col1) (type: boolean)
                  Statistics: Num rows: 1 Data size: 36 Basic stats: COMPLETE Column stats: COMPLETE
                  Select Operator
                    expressions: 'web' (type: string), _col2 (type: int), _col3 (type: int), _col4 (type: int), _col5 (type: double), _col6 (type: bigint)
                    outputColumnNames: _col0, _col1, _col2, _col3, _col4, _col5
                    Statistics: Num rows: 1 Data size: 115 Basic stats: COMPLETE Column stats: COMPLETE
                    Group By Operator
                      aggregations: sum(_col4), sum(_col5)
                      keys: _col0 (type: string), _col1 (type: int), _col2 (type: int), _col3 (type: int), 0 (type: int)
                      mode: hash
                      outputColumnNames: _col0, _col1, _col2, _col3, _col4, _col5, _col6
                      Statistics: Num rows: 5 Data size: 615 Basic stats: COMPLETE Column stats: COMPLETE
                      Reduce Output Operator
                        key expressions: _col0 (type: string), _col1 (type: int), _col2 (type: int), _col3 (type: int), _col4 (type: int)
                        sort order: +++++
                        Map-reduce partition columns: _col0 (type: string), _col1 (type: int), _col2 (type: int), _col3 (type: int), _col4 (type: int)
                        Statistics: Num rows: 5 Data size: 615 Basic stats: COMPLETE Column stats: COMPLETE
                        TopN Hash Memory Usage: 0.04
                        value expressions: _col5 (type: double), _col6 (type: bigint)
        Reducer 6 
            Execution mode: llap
            Reduce Operator Tree:
              Group By Operator
                aggregations: sum(VALUE._col0), sum(VALUE._col1)
                keys: KEY._col0 (type: string), KEY._col1 (type: int), KEY._col2 (type: int), KEY._col3 (type: int), KEY._col4 (type: int)
                mode: mergepartial
                outputColumnNames: _col0, _col1, _col2, _col3, _col5, _col6
                Statistics: Num rows: 1 Data size: 123 Basic stats: COMPLETE Column stats: COMPLETE
                pruneGroupingSetId: true
                Select Operator
                  expressions: _col0 (type: string), _col1 (type: int), _col2 (type: int), _col3 (type: int), _col5 (type: double), _col6 (type: bigint)
                  outputColumnNames: _col0, _col1, _col2, _col3, _col4, _col5
                  Statistics: Num rows: 1 Data size: 119 Basic stats: COMPLETE Column stats: COMPLETE
                  Reduce Output Operator
                    key expressions: _col0 (type: string), _col1 (type: int), _col2 (type: int), _col3 (type: int)
                    sort order: ++++
                    Statistics: Num rows: 1 Data size: 119 Basic stats: COMPLETE Column stats: COMPLETE
                    TopN Hash Memory Usage: 0.04
                    value expressions: _col4 (type: double), _col5 (type: bigint)
        Reducer 61 
            Execution mode: llap
            Reduce Operator Tree:
              Group By Operator
                aggregations: avg(VALUE._col0)
                mode: mergepartial
                outputColumnNames: _col0
                Statistics: Num rows: 1 Data size: 8 Basic stats: COMPLETE Column stats: COMPLETE
                Reduce Output Operator
                  sort order: 
                  Statistics: Num rows: 1 Data size: 8 Basic stats: COMPLETE Column stats: COMPLETE
                  value expressions: _col0 (type: double)
        Reducer 65 
            Execution mode: vectorized, llap
            Reduce Operator Tree:
              Group By Operator
                aggregations: sum(VALUE._col0), count(VALUE._col1)
                keys: KEY._col0 (type: int), KEY._col1 (type: int), KEY._col2 (type: int)
                mode: mergepartial
                outputColumnNames: _col0, _col1, _col2, _col3, _col4
                Statistics: Num rows: 1 Data size: 28 Basic stats: COMPLETE Column stats: COMPLETE
                Reduce Output Operator
                  sort order: 
                  Statistics: Num rows: 1 Data size: 28 Basic stats: COMPLETE Column stats: COMPLETE
                  value expressions: _col0 (type: int), _col1 (type: int), _col2 (type: int), _col3 (type: double), _col4 (type: bigint)
        Reducer 67 
            Execution mode: vectorized, llap
            Reduce Operator Tree:
              Group By Operator
                aggregations: count(VALUE._col0)
                keys: KEY._col0 (type: int), KEY._col1 (type: int), KEY._col2 (type: int)
                mode: mergepartial
                outputColumnNames: _col0, _col1, _col2, _col3
                Statistics: Num rows: 103785 Data size: 2075700 Basic stats: COMPLETE Column stats: COMPLETE
                Group By Operator
                  aggregations: count(_col3)
                  keys: _col0 (type: int), _col1 (type: int), _col2 (type: int)
                  mode: hash
                  outputColumnNames: _col0, _col1, _col2, _col3
                  Statistics: Num rows: 103785 Data size: 2075700 Basic stats: COMPLETE Column stats: COMPLETE
                  Reduce Output Operator
                    key expressions: _col0 (type: int), _col1 (type: int), _col2 (type: int)
                    sort order: +++
                    Map-reduce partition columns: _col0 (type: int), _col1 (type: int), _col2 (type: int)
                    Statistics: Num rows: 103785 Data size: 2075700 Basic stats: COMPLETE Column stats: COMPLETE
                    value expressions: _col3 (type: bigint)
        Reducer 69 
            Execution mode: vectorized, llap
            Reduce Operator Tree:
              Group By Operator
                aggregations: count(VALUE._col0)
                keys: KEY._col0 (type: int), KEY._col1 (type: int), KEY._col2 (type: int)
                mode: mergepartial
                outputColumnNames: _col0, _col1, _col2, _col3
                Statistics: Num rows: 103785 Data size: 2075700 Basic stats: COMPLETE Column stats: COMPLETE
                Filter Operator
                  predicate: (_col3 = 3) (type: boolean)
                  Statistics: Num rows: 1 Data size: 20 Basic stats: COMPLETE Column stats: COMPLETE
                  Select Operator
                    expressions: _col0 (type: int), _col1 (type: int), _col2 (type: int)
                    outputColumnNames: _col0, _col1, _col2
                    Statistics: Num rows: 1 Data size: 12 Basic stats: COMPLETE Column stats: COMPLETE
                    Map Join Operator
                      condition map:
                           Inner Join 0 to 1
                      keys:
                        0 _col1 (type: int), _col2 (type: int), _col3 (type: int)
                        1 _col0 (type: int), _col1 (type: int), _col2 (type: int)
                      outputColumnNames: _col0
                      input vertices:
                        0 Map 21
                      Statistics: Num rows: 112 Data size: 896 Basic stats: COMPLETE Column stats: COMPLETE
                      Group By Operator
                        keys: _col0 (type: bigint)
                        mode: hash
                        outputColumnNames: _col0
                        Statistics: Num rows: 56 Data size: 448 Basic stats: COMPLETE Column stats: COMPLETE
                        Reduce Output Operator
                          key expressions: _col0 (type: bigint)
                          sort order: +
                          Map-reduce partition columns: _col0 (type: bigint)
                          Statistics: Num rows: 56 Data size: 448 Basic stats: COMPLETE Column stats: COMPLETE
                        Select Operator
                          expressions: _col0 (type: bigint)
                          outputColumnNames: _col0
                          Statistics: Num rows: 56 Data size: 448 Basic stats: COMPLETE Column stats: COMPLETE
                          Group By Operator
                            aggregations: min(_col0), max(_col0), bloom_filter(_col0, expectedEntries=1000000)
                            mode: hash
                            outputColumnNames: _col0, _col1, _col2
                            Statistics: Num rows: 1 Data size: 24 Basic stats: COMPLETE Column stats: COMPLETE
                            Reduce Output Operator
                              sort order: 
                              Statistics: Num rows: 1 Data size: 24 Basic stats: COMPLETE Column stats: COMPLETE
                              value expressions: _col0 (type: bigint), _col1 (type: bigint), _col2 (type: binary)
        Reducer 7 
            Execution mode: vectorized, llap
            Reduce Operator Tree:
              Select Operator
                expressions: KEY.reducesinkkey0 (type: string), KEY.reducesinkkey1 (type: int), KEY.reducesinkkey2 (type: int), KEY.reducesinkkey3 (type: int), VALUE._col0 (type: double), VALUE._col1 (type: bigint)
                outputColumnNames: _col0, _col1, _col2, _col3, _col4, _col5
                Statistics: Num rows: 1 Data size: 119 Basic stats: COMPLETE Column stats: COMPLETE
                Limit
                  Number of rows: 100
                  Statistics: Num rows: 1 Data size: 119 Basic stats: COMPLETE Column stats: COMPLETE
                  File Output Operator
                    compressed: false
                    Statistics: Num rows: 1 Data size: 119 Basic stats: COMPLETE Column stats: COMPLETE
                    table:
                        input format: org.apache.hadoop.mapred.SequenceFileInputFormat
                        output format: org.apache.hadoop.hive.ql.io.HiveSequenceFileOutputFormat
                        serde: org.apache.hadoop.hive.serde2.lazy.LazySimpleSerDe
        Reducer 70 
            Execution mode: vectorized, llap
            Reduce Operator Tree:
              Group By Operator
                aggregations: min(VALUE._col0), max(VALUE._col1), bloom_filter(VALUE._col2, expectedEntries=1000000)
                mode: final
                outputColumnNames: _col0, _col1, _col2
                Statistics: Num rows: 1 Data size: 24 Basic stats: COMPLETE Column stats: COMPLETE
                Reduce Output Operator
                  sort order: 
                  Statistics: Num rows: 1 Data size: 24 Basic stats: COMPLETE Column stats: COMPLETE
                  value expressions: _col0 (type: bigint), _col1 (type: bigint), _col2 (type: binary)
        Reducer 72 
            Execution mode: vectorized, llap
            Reduce Operator Tree:
              Group By Operator
                aggregations: count(VALUE._col0)
                keys: KEY._col0 (type: int), KEY._col1 (type: int), KEY._col2 (type: int)
                mode: mergepartial
                outputColumnNames: _col0, _col1, _col2, _col3
                Statistics: Num rows: 103785 Data size: 2075700 Basic stats: COMPLETE Column stats: COMPLETE
                Group By Operator
                  aggregations: count(_col3)
                  keys: _col0 (type: int), _col1 (type: int), _col2 (type: int)
                  mode: hash
                  outputColumnNames: _col0, _col1, _col2, _col3
                  Statistics: Num rows: 103785 Data size: 2075700 Basic stats: COMPLETE Column stats: COMPLETE
                  Reduce Output Operator
                    key expressions: _col0 (type: int), _col1 (type: int), _col2 (type: int)
                    sort order: +++
                    Map-reduce partition columns: _col0 (type: int), _col1 (type: int), _col2 (type: int)
                    Statistics: Num rows: 103785 Data size: 2075700 Basic stats: COMPLETE Column stats: COMPLETE
                    value expressions: _col3 (type: bigint)
        Reducer 74 
            Execution mode: vectorized, llap
            Reduce Operator Tree:
              Group By Operator
                aggregations: count(VALUE._col0)
                keys: KEY._col0 (type: int), KEY._col1 (type: int), KEY._col2 (type: int)
                mode: mergepartial
                outputColumnNames: _col0, _col1, _col2, _col3
                Statistics: Num rows: 103785 Data size: 2075700 Basic stats: COMPLETE Column stats: COMPLETE
                Group By Operator
                  aggregations: count(_col3)
                  keys: _col0 (type: int), _col1 (type: int), _col2 (type: int)
                  mode: hash
                  outputColumnNames: _col0, _col1, _col2, _col3
                  Statistics: Num rows: 103785 Data size: 2075700 Basic stats: COMPLETE Column stats: COMPLETE
                  Reduce Output Operator
                    key expressions: _col0 (type: int), _col1 (type: int), _col2 (type: int)
                    sort order: +++
                    Map-reduce partition columns: _col0 (type: int), _col1 (type: int), _col2 (type: int)
                    Statistics: Num rows: 103785 Data size: 2075700 Basic stats: COMPLETE Column stats: COMPLETE
                    value expressions: _col3 (type: bigint)
        Union 14 
            Vertex: Union 14
        Union 2 
            Vertex: Union 2
        Union 24 
            Vertex: Union 24
        Union 32 
            Vertex: Union 32
        Union 38 
            Vertex: Union 38
        Union 46 
            Vertex: Union 46
        Union 5 
            Vertex: Union 5
        Union 54 
            Vertex: Union 54
        Union 60 
            Vertex: Union 60
        Union 68 
            Vertex: Union 68

  Stage: Stage-0
    Fetch Operator
      limit: 100
      Processor Tree:
        ListSink