STAGE DEPENDENCIES:
  Stage-1 is a root stage
  Stage-0 depends on stages: Stage-1

STAGE PLANS:
  Stage: Stage-1
    Tez
      DagId: hive_20170626025722_60e4bca1-8739-4d47-b2d5-50f29d0e44c4:464
      Edges:
        Map 1 <- Map 5 (BROADCAST_EDGE)
        Map 6 <- Map 5 (BROADCAST_EDGE)
        Reducer 2 <- Map 1 (SIMPLE_EDGE)
        Reducer 3 <- Reducer 2 (SIMPLE_EDGE), Reducer 7 (SIMPLE_EDGE)
        Reducer 4 <- Reducer 3 (SIMPLE_EDGE)
        Reducer 7 <- Map 6 (SIMPLE_EDGE)
      DagName: query97.sql
      Vertices:
        Map 1 
            Map Operator Tree:
                TableScan
                  alias: store_sales
                  filterExpr: ss_sold_date_sk is not null (type: boolean)
                  Statistics: Num rows: 275035746821 Data size: 6574355556808 Basic stats: COMPLETE Column stats: PARTIAL
                  Select Operator
                    expressions: ss_item_sk (type: bigint), ss_customer_sk (type: bigint), ss_sold_date_sk (type: bigint)
                    outputColumnNames: _col0, _col1, _col2
                    Statistics: Num rows: 275035746821 Data size: 6574355556808 Basic stats: COMPLETE Column stats: PARTIAL
                    Map Join Operator
                      condition map:
                           Inner Join 0 to 1
                      keys:
                        0 _col2 (type: bigint)
                        1 _col0 (type: bigint)
                      outputColumnNames: _col0, _col1
                      input vertices:
                        1 Map 5
                      Statistics: Num rows: 30557435444 Data size: 488918967104 Basic stats: COMPLETE Column stats: PARTIAL
                      Select Operator
                        expressions: _col1 (type: bigint), _col0 (type: bigint)
                        outputColumnNames: _col1, _col0
                        Statistics: Num rows: 30557435444 Data size: 488918967104 Basic stats: COMPLETE Column stats: PARTIAL
                        Group By Operator
                          keys: _col1 (type: bigint), _col0 (type: bigint)
                          mode: hash
                          outputColumnNames: _col0, _col1
                          Statistics: Num rows: 30557435444 Data size: 488918967104 Basic stats: COMPLETE Column stats: PARTIAL
                          Reduce Output Operator
                            key expressions: _col0 (type: bigint), _col1 (type: bigint)
                            sort order: ++
                            Map-reduce partition columns: _col0 (type: bigint), _col1 (type: bigint)
                            Statistics: Num rows: 30557435444 Data size: 488918967104 Basic stats: COMPLETE Column stats: PARTIAL
            Execution mode: vectorized, llap
            LLAP IO: all inputs
        Map 5 
            Map Operator Tree:
                TableScan
                  alias: date_dim
                  filterExpr: (d_month_seq BETWEEN 1212 AND 1223 and d_date_sk is not null) (type: boolean)
                  Statistics: Num rows: 73049 Data size: 876588 Basic stats: COMPLETE Column stats: COMPLETE
                  Filter Operator
                    predicate: (d_month_seq BETWEEN 1212 AND 1223 and d_date_sk is not null) (type: boolean)
                    Statistics: Num rows: 8116 Data size: 97392 Basic stats: COMPLETE Column stats: COMPLETE
                    Select Operator
                      expressions: d_date_sk (type: bigint)
                      outputColumnNames: _col0
                      Statistics: Num rows: 8116 Data size: 97392 Basic stats: COMPLETE Column stats: COMPLETE
                      Reduce Output Operator
                        key expressions: _col0 (type: bigint)
                        sort order: +
                        Map-reduce partition columns: _col0 (type: bigint)
                        Statistics: Num rows: 8116 Data size: 97392 Basic stats: COMPLETE Column stats: COMPLETE
                      Select Operator
                        expressions: _col0 (type: bigint)
                        outputColumnNames: _col0
                        Statistics: Num rows: 8116 Data size: 97392 Basic stats: COMPLETE Column stats: COMPLETE
                        Group By Operator
                          keys: _col0 (type: bigint)
                          mode: hash
                          outputColumnNames: _col0
                          Statistics: Num rows: 4058 Data size: 48696 Basic stats: COMPLETE Column stats: COMPLETE
                          Dynamic Partitioning Event Operator
                            Target column: ss_sold_date_sk (bigint)
                            Target Input: store_sales
                            Partition key expr: ss_sold_date_sk
                            Statistics: Num rows: 4058 Data size: 48696 Basic stats: COMPLETE Column stats: COMPLETE
                            Target Vertex: Map 1
                  Filter Operator
                    predicate: (d_month_seq BETWEEN 1212 AND 1223 and d_date_sk is not null) (type: boolean)
                    Statistics: Num rows: 8116 Data size: 97392 Basic stats: COMPLETE Column stats: COMPLETE
                    Select Operator
                      expressions: d_date_sk (type: bigint)
                      outputColumnNames: _col0
                      Statistics: Num rows: 8116 Data size: 97392 Basic stats: COMPLETE Column stats: COMPLETE
                      Reduce Output Operator
                        key expressions: _col0 (type: bigint)
                        sort order: +
                        Map-reduce partition columns: _col0 (type: bigint)
                        Statistics: Num rows: 8116 Data size: 97392 Basic stats: COMPLETE Column stats: COMPLETE
                      Select Operator
                        expressions: _col0 (type: bigint)
                        outputColumnNames: _col0
                        Statistics: Num rows: 8116 Data size: 97392 Basic stats: COMPLETE Column stats: COMPLETE
                        Group By Operator
                          keys: _col0 (type: bigint)
                          mode: hash
                          outputColumnNames: _col0
                          Statistics: Num rows: 4058 Data size: 48696 Basic stats: COMPLETE Column stats: COMPLETE
                          Dynamic Partitioning Event Operator
                            Target column: cs_sold_date_sk (bigint)
                            Target Input: catalog_sales
                            Partition key expr: cs_sold_date_sk
                            Statistics: Num rows: 4058 Data size: 48696 Basic stats: COMPLETE Column stats: COMPLETE
                            Target Vertex: Map 6
            Execution mode: vectorized, llap
            LLAP IO: all inputs
        Map 6 
            Map Operator Tree:
                TableScan
                  alias: catalog_sales
                  filterExpr: cs_sold_date_sk is not null (type: boolean)
                  Statistics: Num rows: 143352541321 Data size: 3439031696608 Basic stats: COMPLETE Column stats: PARTIAL
                  Select Operator
                    expressions: cs_bill_customer_sk (type: bigint), cs_item_sk (type: bigint), cs_sold_date_sk (type: bigint)
                    outputColumnNames: _col0, _col1, _col2
                    Statistics: Num rows: 143352541321 Data size: 3439031696608 Basic stats: COMPLETE Column stats: PARTIAL
                    Map Join Operator
                      condition map:
                           Inner Join 0 to 1
                      keys:
                        0 _col2 (type: bigint)
                        1 _col0 (type: bigint)
                      outputColumnNames: _col0, _col1
                      input vertices:
                        1 Map 5
                      Statistics: Num rows: 15926969777 Data size: 254831516432 Basic stats: COMPLETE Column stats: PARTIAL
                      Group By Operator
                        keys: _col0 (type: bigint), _col1 (type: bigint)
                        mode: hash
                        outputColumnNames: _col0, _col1
                        Statistics: Num rows: 15926969777 Data size: 254831516432 Basic stats: COMPLETE Column stats: PARTIAL
                        Reduce Output Operator
                          key expressions: _col0 (type: bigint), _col1 (type: bigint)
                          sort order: ++
                          Map-reduce partition columns: _col0 (type: bigint), _col1 (type: bigint)
                          Statistics: Num rows: 15926969777 Data size: 254831516432 Basic stats: COMPLETE Column stats: PARTIAL
            Execution mode: vectorized, llap
            LLAP IO: all inputs
        Reducer 2 
            Execution mode: vectorized, llap
            Reduce Operator Tree:
              Group By Operator
                keys: KEY._col0 (type: bigint), KEY._col1 (type: bigint)
                mode: mergepartial
                outputColumnNames: _col0, _col1
                Statistics: Num rows: 14708984409 Data size: 235343750544 Basic stats: COMPLETE Column stats: PARTIAL
                Reduce Output Operator
                  key expressions: _col0 (type: bigint), _col1 (type: bigint)
                  sort order: ++
                  Map-reduce partition columns: _col0 (type: bigint), _col1 (type: bigint)
                  Statistics: Num rows: 14708984409 Data size: 235343750544 Basic stats: COMPLETE Column stats: PARTIAL
        Reducer 3 
            Execution mode: llap
            Reduce Operator Tree:
              Merge Join Operator
                condition map:
                     Outer Join 0 to 1
                keys:
                  0 _col0 (type: bigint), _col1 (type: bigint)
                  1 _col0 (type: bigint), _col1 (type: bigint)
                outputColumnNames: _col0, _col2
                Statistics: Num rows: 30635954186 Data size: 490175266976 Basic stats: COMPLETE Column stats: PARTIAL
                Select Operator
                  expressions: CASE WHEN ((_col0 is not null and _col2 is null)) THEN (1) ELSE (0) END (type: int), CASE WHEN ((_col0 is null and _col2 is not null)) THEN (1) ELSE (0) END (type: int), CASE WHEN ((_col0 is not null and _col2 is not null)) THEN (1) ELSE (0) END (type: int)
                  outputColumnNames: _col0, _col1, _col2
                  Statistics: Num rows: 30635954186 Data size: 490175266976 Basic stats: COMPLETE Column stats: PARTIAL
                  Group By Operator
                    aggregations: sum(_col0), sum(_col1), sum(_col2)
                    mode: hash
                    outputColumnNames: _col0, _col1, _col2
                    Statistics: Num rows: 1 Data size: 24 Basic stats: COMPLETE Column stats: PARTIAL
                    Reduce Output Operator
                      sort order: 
                      Statistics: Num rows: 1 Data size: 24 Basic stats: COMPLETE Column stats: PARTIAL
                      TopN Hash Memory Usage: 0.04
                      value expressions: _col0 (type: bigint), _col1 (type: bigint), _col2 (type: bigint)
        Reducer 4 
            Execution mode: vectorized, llap
            Reduce Operator Tree:
              Group By Operator
                aggregations: sum(VALUE._col0), sum(VALUE._col1), sum(VALUE._col2)
                mode: mergepartial
                outputColumnNames: _col0, _col1, _col2
                Statistics: Num rows: 1 Data size: 24 Basic stats: COMPLETE Column stats: PARTIAL
                Limit
                  Number of rows: 100
                  Statistics: Num rows: 1 Data size: 24 Basic stats: COMPLETE Column stats: PARTIAL
                  File Output Operator
                    compressed: false
                    Statistics: Num rows: 1 Data size: 24 Basic stats: COMPLETE Column stats: PARTIAL
                    table:
                        input format: org.apache.hadoop.mapred.SequenceFileInputFormat
                        output format: org.apache.hadoop.hive.ql.io.HiveSequenceFileOutputFormat
                        serde: org.apache.hadoop.hive.serde2.lazy.LazySimpleSerDe
        Reducer 7 
            Execution mode: vectorized, llap
            Reduce Operator Tree:
              Group By Operator
                keys: KEY._col0 (type: bigint), KEY._col1 (type: bigint)
                mode: mergepartial
                outputColumnNames: _col0, _col1
                Statistics: Num rows: 15926969777 Data size: 254831516432 Basic stats: COMPLETE Column stats: PARTIAL
                Reduce Output Operator
                  key expressions: _col0 (type: bigint), _col1 (type: bigint)
                  sort order: ++
                  Map-reduce partition columns: _col0 (type: bigint), _col1 (type: bigint)
                  Statistics: Num rows: 15926969777 Data size: 254831516432 Basic stats: COMPLETE Column stats: PARTIAL

  Stage: Stage-0
    Fetch Operator
      limit: 100
      Processor Tree:
        ListSink