STAGE DEPENDENCIES:
  Stage-1 is a root stage
  Stage-0 depends on stages: Stage-1

STAGE PLANS:
  Stage: Stage-1
    Tez
      DagId: hive_20170626025601_e957f8ce-04e0-4f11-8aca-036a308a2133:419
      Edges:
        Map 1 <- Map 6 (BROADCAST_EDGE)
        Map 7 <- Map 6 (BROADCAST_EDGE)
        Reducer 2 <- Map 1 (SIMPLE_EDGE)
        Reducer 3 <- Reducer 2 (SIMPLE_EDGE), Reducer 8 (SIMPLE_EDGE)
        Reducer 4 <- Reducer 3 (SIMPLE_EDGE)
        Reducer 5 <- Reducer 4 (SIMPLE_EDGE)
        Reducer 8 <- Map 7 (SIMPLE_EDGE)
      DagName: query51.sql
      Vertices:
        Map 1 
            Map Operator Tree:
                TableScan
                  alias: web_sales
                  filterExpr: ws_item_sk is not null (type: boolean)
                  Statistics: Num rows: 71959659800 Data size: 1726996821616 Basic stats: COMPLETE Column stats: COMPLETE
                  Filter Operator
                    predicate: ws_item_sk is not null (type: boolean)
                    Statistics: Num rows: 71959659800 Data size: 1726996821616 Basic stats: COMPLETE Column stats: COMPLETE
                    Select Operator
                      expressions: ws_item_sk (type: bigint), ws_sales_price (type: double), ws_sold_date_sk (type: bigint)
                      outputColumnNames: _col0, _col1, _col2
                      Statistics: Num rows: 71959659800 Data size: 1726996821616 Basic stats: COMPLETE Column stats: COMPLETE
                      Map Join Operator
                        condition map:
                             Inner Join 0 to 1
                        keys:
                          0 _col2 (type: bigint)
                          1 _col0 (type: bigint)
                        outputColumnNames: _col0, _col1, _col4
                        input vertices:
                          1 Map 6
                        Statistics: Num rows: 7994970415 Data size: 879446745650 Basic stats: COMPLETE Column stats: COMPLETE
                        Select Operator
                          expressions: _col0 (type: bigint), _col4 (type: string), _col1 (type: double)
                          outputColumnNames: _col0, _col4, _col1
                          Statistics: Num rows: 7994970415 Data size: 879446745650 Basic stats: COMPLETE Column stats: COMPLETE
                          Group By Operator
                            aggregations: sum(_col1)
                            keys: _col0 (type: bigint), _col4 (type: string)
                            mode: hash
                            outputColumnNames: _col0, _col1, _col2
                            Statistics: Num rows: 7994970415 Data size: 879446745650 Basic stats: COMPLETE Column stats: COMPLETE
                            Reduce Output Operator
                              key expressions: _col0 (type: bigint), _col1 (type: string)
                              sort order: ++
                              Map-reduce partition columns: _col0 (type: bigint)
                              Statistics: Num rows: 7994970415 Data size: 879446745650 Basic stats: COMPLETE Column stats: COMPLETE
                              value expressions: _col2 (type: double)
            Execution mode: vectorized, llap
            LLAP IO: all inputs
        Map 6 
            Map Operator Tree:
                TableScan
                  alias: date_dim
                  filterExpr: (d_month_seq BETWEEN 1212 AND 1223 and d_date_sk is not null) (type: boolean)
                  Statistics: Num rows: 73049 Data size: 7743194 Basic stats: COMPLETE Column stats: COMPLETE
                  Filter Operator
                    predicate: (d_month_seq BETWEEN 1212 AND 1223 and d_date_sk is not null) (type: boolean)
                    Statistics: Num rows: 8116 Data size: 860296 Basic stats: COMPLETE Column stats: COMPLETE
                    Select Operator
                      expressions: d_date_sk (type: bigint), d_date (type: string)
                      outputColumnNames: _col0, _col1
                      Statistics: Num rows: 8116 Data size: 860296 Basic stats: COMPLETE Column stats: COMPLETE
                      Reduce Output Operator
                        key expressions: _col0 (type: bigint)
                        sort order: +
                        Map-reduce partition columns: _col0 (type: bigint)
                        Statistics: Num rows: 8116 Data size: 860296 Basic stats: COMPLETE Column stats: COMPLETE
                        value expressions: _col1 (type: string)
                      Select Operator
                        expressions: _col0 (type: bigint)
                        outputColumnNames: _col0
                        Statistics: Num rows: 8116 Data size: 860296 Basic stats: COMPLETE Column stats: COMPLETE
                        Group By Operator
                          keys: _col0 (type: bigint)
                          mode: hash
                          outputColumnNames: _col0
                          Statistics: Num rows: 8116 Data size: 860296 Basic stats: COMPLETE Column stats: COMPLETE
                          Dynamic Partitioning Event Operator
                            Target column: ws_sold_date_sk (bigint)
                            Target Input: web_sales
                            Partition key expr: ws_sold_date_sk
                            Statistics: Num rows: 8116 Data size: 860296 Basic stats: COMPLETE Column stats: COMPLETE
                            Target Vertex: Map 1
                  Filter Operator
                    predicate: (d_month_seq BETWEEN 1212 AND 1223 and d_date_sk is not null) (type: boolean)
                    Statistics: Num rows: 8116 Data size: 860296 Basic stats: COMPLETE Column stats: COMPLETE
                    Select Operator
                      expressions: d_date_sk (type: bigint), d_date (type: string)
                      outputColumnNames: _col0, _col1
                      Statistics: Num rows: 8116 Data size: 860296 Basic stats: COMPLETE Column stats: COMPLETE
                      Reduce Output Operator
                        key expressions: _col0 (type: bigint)
                        sort order: +
                        Map-reduce partition columns: _col0 (type: bigint)
                        Statistics: Num rows: 8116 Data size: 860296 Basic stats: COMPLETE Column stats: COMPLETE
                        value expressions: _col1 (type: string)
                      Select Operator
                        expressions: _col0 (type: bigint)
                        outputColumnNames: _col0
                        Statistics: Num rows: 8116 Data size: 860296 Basic stats: COMPLETE Column stats: COMPLETE
                        Group By Operator
                          keys: _col0 (type: bigint)
                          mode: hash
                          outputColumnNames: _col0
                          Statistics: Num rows: 8116 Data size: 860296 Basic stats: COMPLETE Column stats: COMPLETE
                          Dynamic Partitioning Event Operator
                            Target column: ss_sold_date_sk (bigint)
                            Target Input: store_sales
                            Partition key expr: ss_sold_date_sk
                            Statistics: Num rows: 8116 Data size: 860296 Basic stats: COMPLETE Column stats: COMPLETE
                            Target Vertex: Map 7
            Execution mode: vectorized, llap
            LLAP IO: all inputs
        Map 7 
            Map Operator Tree:
                TableScan
                  alias: store_sales
                  filterExpr: ss_item_sk is not null (type: boolean)
                  Statistics: Num rows: 275035746821 Data size: 6574424380936 Basic stats: COMPLETE Column stats: COMPLETE
                  Filter Operator
                    predicate: ss_item_sk is not null (type: boolean)
                    Statistics: Num rows: 275035746821 Data size: 6574424380936 Basic stats: COMPLETE Column stats: COMPLETE
                    Select Operator
                      expressions: ss_item_sk (type: bigint), ss_sales_price (type: double), ss_sold_date_sk (type: bigint)
                      outputColumnNames: _col0, _col1, _col2
                      Statistics: Num rows: 275035746821 Data size: 6574424380936 Basic stats: COMPLETE Column stats: COMPLETE
                      Map Join Operator
                        condition map:
                             Inner Join 0 to 1
                        keys:
                          0 _col2 (type: bigint)
                          1 _col0 (type: bigint)
                        outputColumnNames: _col0, _col1, _col4
                        input vertices:
                          1 Map 6
                        Statistics: Num rows: 30557435444 Data size: 3361317898840 Basic stats: COMPLETE Column stats: COMPLETE
                        Select Operator
                          expressions: _col0 (type: bigint), _col4 (type: string), _col1 (type: double)
                          outputColumnNames: _col0, _col4, _col1
                          Statistics: Num rows: 30557435444 Data size: 3361317898840 Basic stats: COMPLETE Column stats: COMPLETE
                          Group By Operator
                            aggregations: sum(_col1)
                            keys: _col0 (type: bigint), _col4 (type: string)
                            mode: hash
                            outputColumnNames: _col0, _col1, _col2
                            Statistics: Num rows: 30557435444 Data size: 3361317898840 Basic stats: COMPLETE Column stats: COMPLETE
                            Reduce Output Operator
                              key expressions: _col0 (type: bigint), _col1 (type: string)
                              sort order: ++
                              Map-reduce partition columns: _col0 (type: bigint)
                              Statistics: Num rows: 30557435444 Data size: 3361317898840 Basic stats: COMPLETE Column stats: COMPLETE
                              value expressions: _col2 (type: double)
            Execution mode: vectorized, llap
            LLAP IO: all inputs
        Reducer 2 
            Execution mode: llap
            Reduce Operator Tree:
              Group By Operator
                aggregations: sum(VALUE._col0)
                keys: KEY._col0 (type: bigint), KEY._col1 (type: string)
                mode: mergepartial
                outputColumnNames: _col0, _col1, _col2
                Statistics: Num rows: 370161162 Data size: 40717727820 Basic stats: COMPLETE Column stats: COMPLETE
                PTF Operator
                  Function definitions:
                      Input definition
                        input alias: ptf_0
                        output shape: _col0: bigint, _col1: string, _col2: double
                        type: WINDOWING
                      Windowing table definition
                        input alias: ptf_1
                        name: windowingtablefunction
                        order by: _col1 ASC NULLS FIRST
                        partition by: _col0
                        raw input shape:
                        window functions:
                            window function definition
                              alias: sum_window_0
                              arguments: _col2
                              name: sum
                              window function: GenericUDAFSumDouble
                              window frame: PRECEDING(MAX)~
                  Statistics: Num rows: 370161162 Data size: 40717727820 Basic stats: COMPLETE Column stats: COMPLETE
                  Select Operator
                    expressions: _col0 (type: bigint), _col1 (type: string), sum_window_0 (type: double)
                    outputColumnNames: _col0, _col1, _col2
                    Statistics: Num rows: 370161162 Data size: 40717727820 Basic stats: COMPLETE Column stats: COMPLETE
                    Reduce Output Operator
                      key expressions: _col0 (type: bigint), _col1 (type: string)
                      sort order: ++
                      Map-reduce partition columns: _col0 (type: bigint), _col1 (type: string)
                      Statistics: Num rows: 370161162 Data size: 40717727820 Basic stats: COMPLETE Column stats: COMPLETE
                      value expressions: _col2 (type: double)
        Reducer 3 
            Execution mode: llap
            Reduce Operator Tree:
              Merge Join Operator
                condition map:
                     Outer Join 0 to 1
                keys:
                  0 _col0 (type: bigint), _col1 (type: string)
                  1 _col0 (type: bigint), _col1 (type: string)
                outputColumnNames: _col0, _col1, _col2, _col3, _col4, _col5
                Statistics: Num rows: 740322324 Data size: 162870911280 Basic stats: COMPLETE Column stats: COMPLETE
                Reduce Output Operator
                  key expressions: CASE WHEN (_col0 is not null) THEN (_col0) ELSE (_col3) END (type: bigint), CASE WHEN (_col1 is not null) THEN (_col1) ELSE (_col4) END (type: string)
                  sort order: ++
                  Map-reduce partition columns: CASE WHEN (_col0 is not null) THEN (_col0) ELSE (_col3) END (type: bigint)
                  Statistics: Num rows: 740322324 Data size: 162870911280 Basic stats: COMPLETE Column stats: COMPLETE
                  value expressions: _col0 (type: bigint), _col1 (type: string), _col2 (type: double), _col3 (type: bigint), _col4 (type: string), _col5 (type: double)
        Reducer 4 
            Execution mode: llap
            Reduce Operator Tree:
              Select Operator
                expressions: VALUE._col0 (type: bigint), VALUE._col1 (type: string), VALUE._col2 (type: double), VALUE._col3 (type: bigint), VALUE._col4 (type: string), VALUE._col5 (type: double)
                outputColumnNames: _col0, _col1, _col2, _col3, _col4, _col5
                Statistics: Num rows: 740322324 Data size: 162870911280 Basic stats: COMPLETE Column stats: COMPLETE
                PTF Operator
                  Function definitions:
                      Input definition
                        input alias: ptf_0
                        output shape: _col0: bigint, _col1: string, _col2: double, _col3: bigint, _col4: string, _col5: double
                        type: WINDOWING
                      Windowing table definition
                        input alias: ptf_1
                        name: windowingtablefunction
                        order by: CASE WHEN (_col1 is not null) THEN (_col1) ELSE (_col4) END ASC NULLS FIRST
                        partition by: CASE WHEN (_col0 is not null) THEN (_col0) ELSE (_col3) END
                        raw input shape:
                        window functions:
                            window function definition
                              alias: max_window_0
                              arguments: _col2
                              name: max
                              window function: GenericUDAFMaxEvaluator
                              window frame: PRECEDING(MAX)~
                            window function definition
                              alias: max_window_1
                              arguments: _col5
                              name: max
                              window function: GenericUDAFMaxEvaluator
                              window frame: PRECEDING(MAX)~
                  Statistics: Num rows: 740322324 Data size: 162870911280 Basic stats: COMPLETE Column stats: COMPLETE
                  Filter Operator
                    predicate: (max_window_0 > max_window_1) (type: boolean)
                    Statistics: Num rows: 246774108 Data size: 54290303760 Basic stats: COMPLETE Column stats: COMPLETE
                    Select Operator
                      expressions: CASE WHEN (_col0 is not null) THEN (_col0) ELSE (_col3) END (type: bigint), CASE WHEN (_col1 is not null) THEN (_col1) ELSE (_col4) END (type: string), _col2 (type: double), _col5 (type: double), max_window_0 (type: double), max_window_1 (type: double)
                      outputColumnNames: _col0, _col1, _col2, _col3, _col4, _col5
                      Statistics: Num rows: 246774108 Data size: 55277400192 Basic stats: COMPLETE Column stats: COMPLETE
                      Reduce Output Operator
                        key expressions: _col0 (type: bigint), _col1 (type: string)
                        sort order: ++
                        Statistics: Num rows: 246774108 Data size: 55277400192 Basic stats: COMPLETE Column stats: COMPLETE
                        TopN Hash Memory Usage: 0.04
                        value expressions: _col2 (type: double), _col3 (type: double), _col4 (type: double), _col5 (type: double)
        Reducer 5 
            Execution mode: vectorized, llap
            Reduce Operator Tree:
              Select Operator
                expressions: KEY.reducesinkkey0 (type: bigint), KEY.reducesinkkey1 (type: string), VALUE._col0 (type: double), VALUE._col1 (type: double), VALUE._col2 (type: double), VALUE._col3 (type: double)
                outputColumnNames: _col0, _col1, _col2, _col3, _col4, _col5
                Statistics: Num rows: 246774108 Data size: 55277400192 Basic stats: COMPLETE Column stats: COMPLETE
                Limit
                  Number of rows: 100
                  Statistics: Num rows: 100 Data size: 22400 Basic stats: COMPLETE Column stats: COMPLETE
                  File Output Operator
                    compressed: false
                    Statistics: Num rows: 100 Data size: 22400 Basic stats: COMPLETE Column stats: COMPLETE
                    table:
                        input format: org.apache.hadoop.mapred.SequenceFileInputFormat
                        output format: org.apache.hadoop.hive.ql.io.HiveSequenceFileOutputFormat
                        serde: org.apache.hadoop.hive.serde2.lazy.LazySimpleSerDe
        Reducer 8 
            Execution mode: llap
            Reduce Operator Tree:
              Group By Operator
                aggregations: sum(VALUE._col0)
                keys: KEY._col0 (type: bigint), KEY._col1 (type: string)
                mode: mergepartial
                outputColumnNames: _col0, _col1, _col2
                Statistics: Num rows: 370161162 Data size: 40717727820 Basic stats: COMPLETE Column stats: COMPLETE
                PTF Operator
                  Function definitions:
                      Input definition
                        input alias: ptf_0
                        output shape: _col0: bigint, _col1: string, _col2: double
                        type: WINDOWING
                      Windowing table definition
                        input alias: ptf_1
                        name: windowingtablefunction
                        order by: _col1 ASC NULLS FIRST
                        partition by: _col0
                        raw input shape:
                        window functions:
                            window function definition
                              alias: sum_window_0
                              arguments: _col2
                              name: sum
                              window function: GenericUDAFSumDouble
                              window frame: PRECEDING(MAX)~
                  Statistics: Num rows: 370161162 Data size: 40717727820 Basic stats: COMPLETE Column stats: COMPLETE
                  Select Operator
                    expressions: _col0 (type: bigint), _col1 (type: string), sum_window_0 (type: double)
                    outputColumnNames: _col0, _col1, _col2
                    Statistics: Num rows: 370161162 Data size: 40717727820 Basic stats: COMPLETE Column stats: COMPLETE
                    Reduce Output Operator
                      key expressions: _col0 (type: bigint), _col1 (type: string)
                      sort order: ++
                      Map-reduce partition columns: _col0 (type: bigint), _col1 (type: string)
                      Statistics: Num rows: 370161162 Data size: 40717727820 Basic stats: COMPLETE Column stats: COMPLETE
                      value expressions: _col2 (type: double)

  Stage: Stage-0
    Fetch Operator
      limit: 100
      Processor Tree:
        ListSink