STAGE DEPENDENCIES:
  Stage-1 is a root stage
  Stage-0 depends on stages: Stage-1

STAGE PLANS:
  Stage: Stage-1
    Tez
      DagId: hive_20170626025641_3aa9fd84-cf24-4de6-a78d-245873144866:437
      Edges:
        Map 1 <- Map 2 (BROADCAST_EDGE)
        Map 10 <- Map 9 (BROADCAST_EDGE)
        Map 12 <- Map 9 (BROADCAST_EDGE)
        Map 3 <- Map 1 (BROADCAST_EDGE)
        Map 5 <- Map 9 (BROADCAST_EDGE), Reducer 4 (BROADCAST_EDGE)
        Reducer 11 <- Map 10 (SIMPLE_EDGE)
        Reducer 13 <- Map 12 (SIMPLE_EDGE)
        Reducer 4 <- Map 3 (CUSTOM_SIMPLE_EDGE)
        Reducer 6 <- Map 3 (BROADCAST_EDGE), Map 5 (SIMPLE_EDGE), Reducer 11 (BROADCAST_EDGE), Reducer 13 (BROADCAST_EDGE)
        Reducer 7 <- Reducer 6 (SIMPLE_EDGE)
        Reducer 8 <- Reducer 7 (SIMPLE_EDGE)
      DagName: query69.sql
      Vertices:
        Map 1 
            Map Operator Tree:
                TableScan
                  alias: c
                  filterExpr: (c_current_addr_sk is not null and c_current_cdemo_sk is not null) (type: boolean)
                  Statistics: Num rows: 1000 Data size: 23800 Basic stats: COMPLETE Column stats: COMPLETE
                  Filter Operator
                    predicate: (c_current_addr_sk is not null and c_current_cdemo_sk is not null) (type: boolean)
                    Statistics: Num rows: 974 Data size: 23184 Basic stats: COMPLETE Column stats: COMPLETE
                    Select Operator
                      expressions: c_customer_sk (type: bigint), c_current_cdemo_sk (type: bigint), c_current_addr_sk (type: bigint)
                      outputColumnNames: _col0, _col1, _col2
                      Statistics: Num rows: 974 Data size: 23184 Basic stats: COMPLETE Column stats: COMPLETE
                      Map Join Operator
                        condition map:
                             Inner Join 0 to 1
                        keys:
                          0 _col2 (type: bigint)
                          1 _col0 (type: bigint)
                        outputColumnNames: _col0, _col1
                        input vertices:
                          1 Map 2
                        Statistics: Num rows: 27 Data size: 432 Basic stats: COMPLETE Column stats: COMPLETE
                        Reduce Output Operator
                          key expressions: _col1 (type: bigint)
                          sort order: +
                          Map-reduce partition columns: _col1 (type: bigint)
                          Statistics: Num rows: 27 Data size: 432 Basic stats: COMPLETE Column stats: COMPLETE
                          value expressions: _col0 (type: bigint)
            Execution mode: vectorized, llap
            LLAP IO: all inputs
        Map 10 
            Map Operator Tree:
                TableScan
                  alias: web_sales
                  filterExpr: (ws_bill_customer_sk = ws_bill_customer_sk) (type: boolean)
                  Statistics: Num rows: 71959659800 Data size: 1151318430128 Basic stats: COMPLETE Column stats: COMPLETE
                  Filter Operator
                    predicate: (ws_bill_customer_sk = ws_bill_customer_sk) (type: boolean)
                    Statistics: Num rows: 35979829900 Data size: 575659215064 Basic stats: COMPLETE Column stats: COMPLETE
                    Select Operator
                      expressions: ws_bill_customer_sk (type: bigint), ws_sold_date_sk (type: bigint)
                      outputColumnNames: _col0, _col1
                      Statistics: Num rows: 35979829900 Data size: 575659215064 Basic stats: COMPLETE Column stats: COMPLETE
                      Map Join Operator
                        condition map:
                             Inner Join 0 to 1
                        keys:
                          0 _col1 (type: bigint)
                          1 _col0 (type: bigint)
                        outputColumnNames: _col0
                        input vertices:
                          1 Map 9
                        Statistics: Num rows: 4275748158 Data size: 34205985264 Basic stats: COMPLETE Column stats: COMPLETE
                        Group By Operator
                          keys: _col0 (type: bigint)
                          mode: hash
                          outputColumnNames: _col0
                          Statistics: Num rows: 121335630 Data size: 970685040 Basic stats: COMPLETE Column stats: COMPLETE
                          Reduce Output Operator
                            key expressions: _col0 (type: bigint)
                            sort order: +
                            Map-reduce partition columns: _col0 (type: bigint)
                            Statistics: Num rows: 121335630 Data size: 970685040 Basic stats: COMPLETE Column stats: COMPLETE
            Execution mode: vectorized, llap
            LLAP IO: all inputs
        Map 12 
            Map Operator Tree:
                TableScan
                  alias: catalog_sales
                  filterExpr: (cs_ship_customer_sk = cs_ship_customer_sk) (type: boolean)
                  Statistics: Num rows: 143352541321 Data size: 2292167886184 Basic stats: COMPLETE Column stats: COMPLETE
                  Filter Operator
                    predicate: (cs_ship_customer_sk = cs_ship_customer_sk) (type: boolean)
                    Statistics: Num rows: 71676270660 Data size: 1146083943088 Basic stats: COMPLETE Column stats: COMPLETE
                    Select Operator
                      expressions: cs_ship_customer_sk (type: bigint), cs_sold_date_sk (type: bigint)
                      outputColumnNames: _col0, _col1
                      Statistics: Num rows: 71676270660 Data size: 1146083943088 Basic stats: COMPLETE Column stats: COMPLETE
                      Map Join Operator
                        condition map:
                             Inner Join 0 to 1
                        keys:
                          0 _col1 (type: bigint)
                          1 _col0 (type: bigint)
                        outputColumnNames: _col0
                        input vertices:
                          1 Map 9
                        Statistics: Num rows: 8457606595 Data size: 67660852760 Basic stats: COMPLETE Column stats: COMPLETE
                        Group By Operator
                          keys: _col0 (type: bigint)
                          mode: hash
                          outputColumnNames: _col0
                          Statistics: Num rows: 1470383412 Data size: 11763067296 Basic stats: COMPLETE Column stats: COMPLETE
                          Reduce Output Operator
                            key expressions: _col0 (type: bigint)
                            sort order: +
                            Map-reduce partition columns: _col0 (type: bigint)
                            Statistics: Num rows: 1470383412 Data size: 11763067296 Basic stats: COMPLETE Column stats: COMPLETE
            Execution mode: vectorized, llap
            LLAP IO: all inputs
        Map 2 
            Map Operator Tree:
                TableScan
                  alias: ca
                  filterExpr: ((ca_state) IN ('co', 'il', 'mn') and ca_address_sk is not null) (type: boolean)
                  Statistics: Num rows: 500 Data size: 47000 Basic stats: COMPLETE Column stats: COMPLETE
                  Filter Operator
                    predicate: ((ca_state) IN ('co', 'il', 'mn') and ca_address_sk is not null) (type: boolean)
                    Statistics: Num rows: 29 Data size: 2726 Basic stats: COMPLETE Column stats: COMPLETE
                    Select Operator
                      expressions: ca_address_sk (type: bigint)
                      outputColumnNames: _col0
                      Statistics: Num rows: 29 Data size: 2726 Basic stats: COMPLETE Column stats: COMPLETE
                      Reduce Output Operator
                        key expressions: _col0 (type: bigint)
                        sort order: +
                        Map-reduce partition columns: _col0 (type: bigint)
                        Statistics: Num rows: 29 Data size: 2726 Basic stats: COMPLETE Column stats: COMPLETE
            Execution mode: vectorized, llap
            LLAP IO: all inputs
        Map 3 
            Map Operator Tree:
                TableScan
                  alias: customer_demographics
                  filterExpr: cd_demo_sk is not null (type: boolean)
                  Statistics: Num rows: 883835 Data size: 324367445 Basic stats: COMPLETE Column stats: COMPLETE
                  Filter Operator
                    predicate: cd_demo_sk is not null (type: boolean)
                    Statistics: Num rows: 883835 Data size: 324367445 Basic stats: COMPLETE Column stats: COMPLETE
                    Select Operator
                      expressions: cd_demo_sk (type: bigint), cd_gender (type: string), cd_marital_status (type: string), cd_education_status (type: string), cd_purchase_estimate (type: int), cd_credit_rating (type: string)
                      outputColumnNames: _col0, _col1, _col2, _col3, _col4, _col5
                      Statistics: Num rows: 883835 Data size: 324367445 Basic stats: COMPLETE Column stats: COMPLETE
                      Map Join Operator
                        condition map:
                             Inner Join 0 to 1
                        keys:
                          0 _col1 (type: bigint)
                          1 _col0 (type: bigint)
                        outputColumnNames: _col0, _col6, _col7, _col8, _col9, _col10
                        input vertices:
                          0 Map 1
                        Statistics: Num rows: 32 Data size: 11744 Basic stats: COMPLETE Column stats: COMPLETE
                        Reduce Output Operator
                          key expressions: _col0 (type: bigint)
                          sort order: +
                          Map-reduce partition columns: _col0 (type: bigint)
                          Statistics: Num rows: 32 Data size: 11744 Basic stats: COMPLETE Column stats: COMPLETE
                          value expressions: _col6 (type: string), _col7 (type: string), _col8 (type: string), _col9 (type: int), _col10 (type: string)
                        Select Operator
                          expressions: _col0 (type: bigint)
                          outputColumnNames: _col0
                          Statistics: Num rows: 32 Data size: 256 Basic stats: COMPLETE Column stats: COMPLETE
                          Group By Operator
                            aggregations: min(_col0), max(_col0), bloom_filter(_col0, expectedEntries=1000000)
                            mode: hash
                            outputColumnNames: _col0, _col1, _col2
                            Statistics: Num rows: 1 Data size: 24 Basic stats: COMPLETE Column stats: COMPLETE
                            Reduce Output Operator
                              sort order: 
                              Statistics: Num rows: 1 Data size: 24 Basic stats: COMPLETE Column stats: COMPLETE
                              value expressions: _col0 (type: bigint), _col1 (type: bigint), _col2 (type: binary)
            Execution mode: vectorized, llap
            LLAP IO: all inputs
        Map 5 
            Map Operator Tree:
                TableScan
                  alias: store_sales
                  filterExpr: ((ss_customer_sk = ss_customer_sk) and (ss_customer_sk BETWEEN DynamicValue(RS_43_c_c_customer_sk_min) AND DynamicValue(RS_43_c_c_customer_sk_max) and in_bloom_filter(ss_customer_sk, DynamicValue(RS_43_c_c_customer_sk_bloom_filter)))) (type: boolean)
                  Statistics: Num rows: 275035746821 Data size: 4374069582240 Basic stats: COMPLETE Column stats: PARTIAL
                  Filter Operator
                    predicate: ((ss_customer_sk = ss_customer_sk) and (ss_customer_sk BETWEEN DynamicValue(RS_43_c_c_customer_sk_min) AND DynamicValue(RS_43_c_c_customer_sk_max) and in_bloom_filter(ss_customer_sk, DynamicValue(RS_43_c_c_customer_sk_bloom_filter)))) (type: boolean)
                    Statistics: Num rows: 137517873410 Data size: 2187034791120 Basic stats: COMPLETE Column stats: PARTIAL
                    Select Operator
                      expressions: ss_customer_sk (type: bigint), ss_sold_date_sk (type: bigint)
                      outputColumnNames: _col0, _col1
                      Statistics: Num rows: 137517873410 Data size: 2187034791120 Basic stats: COMPLETE Column stats: PARTIAL
                      Map Join Operator
                        condition map:
                             Inner Join 0 to 1
                        keys:
                          0 _col1 (type: bigint)
                          1 _col0 (type: bigint)
                        outputColumnNames: _col0
                        input vertices:
                          1 Map 9
                        Statistics: Num rows: 16342261636 Data size: 130738093088 Basic stats: COMPLETE Column stats: PARTIAL
                        Group By Operator
                          keys: _col0 (type: bigint)
                          mode: hash
                          outputColumnNames: _col0
                          Statistics: Num rows: 425207483 Data size: 3401659864 Basic stats: COMPLETE Column stats: PARTIAL
                          Reduce Output Operator
                            key expressions: _col0 (type: bigint)
                            sort order: +
                            Map-reduce partition columns: _col0 (type: bigint)
                            Statistics: Num rows: 425207483 Data size: 3401659864 Basic stats: COMPLETE Column stats: PARTIAL
            Execution mode: vectorized, llap
            LLAP IO: all inputs
        Map 9 
            Map Operator Tree:
                TableScan
                  alias: date_dim
                  filterExpr: ((d_year = 1999) and d_moy BETWEEN 1 AND 3 and d_date_sk is not null) (type: boolean)
                  Statistics: Num rows: 73049 Data size: 1168784 Basic stats: COMPLETE Column stats: COMPLETE
                  Filter Operator
                    predicate: ((d_year = 1999) and d_moy BETWEEN 1 AND 3 and d_date_sk is not null) (type: boolean)
                    Statistics: Num rows: 217 Data size: 3472 Basic stats: COMPLETE Column stats: COMPLETE
                    Select Operator
                      expressions: d_date_sk (type: bigint)
                      outputColumnNames: _col0
                      Statistics: Num rows: 217 Data size: 3472 Basic stats: COMPLETE Column stats: COMPLETE
                      Reduce Output Operator
                        key expressions: _col0 (type: bigint)
                        sort order: +
                        Map-reduce partition columns: _col0 (type: bigint)
                        Statistics: Num rows: 217 Data size: 3472 Basic stats: COMPLETE Column stats: COMPLETE
                      Select Operator
                        expressions: _col0 (type: bigint)
                        outputColumnNames: _col0
                        Statistics: Num rows: 217 Data size: 3472 Basic stats: COMPLETE Column stats: COMPLETE
                        Group By Operator
                          keys: _col0 (type: bigint)
                          mode: hash
                          outputColumnNames: _col0
                          Statistics: Num rows: 108 Data size: 1728 Basic stats: COMPLETE Column stats: COMPLETE
                          Dynamic Partitioning Event Operator
                            Target column: ss_sold_date_sk (bigint)
                            Target Input: store_sales
                            Partition key expr: ss_sold_date_sk
                            Statistics: Num rows: 108 Data size: 1728 Basic stats: COMPLETE Column stats: COMPLETE
                            Target Vertex: Map 5
                  Filter Operator
                    predicate: ((d_year = 1999) and d_moy BETWEEN 1 AND 3 and d_date_sk is not null) (type: boolean)
                    Statistics: Num rows: 217 Data size: 3472 Basic stats: COMPLETE Column stats: COMPLETE
                    Select Operator
                      expressions: d_date_sk (type: bigint)
                      outputColumnNames: _col0
                      Statistics: Num rows: 217 Data size: 3472 Basic stats: COMPLETE Column stats: COMPLETE
                      Reduce Output Operator
                        key expressions: _col0 (type: bigint)
                        sort order: +
                        Map-reduce partition columns: _col0 (type: bigint)
                        Statistics: Num rows: 217 Data size: 3472 Basic stats: COMPLETE Column stats: COMPLETE
                      Select Operator
                        expressions: _col0 (type: bigint)
                        outputColumnNames: _col0
                        Statistics: Num rows: 217 Data size: 3472 Basic stats: COMPLETE Column stats: COMPLETE
                        Group By Operator
                          keys: _col0 (type: bigint)
                          mode: hash
                          outputColumnNames: _col0
                          Statistics: Num rows: 108 Data size: 1728 Basic stats: COMPLETE Column stats: COMPLETE
                          Dynamic Partitioning Event Operator
                            Target column: ws_sold_date_sk (bigint)
                            Target Input: web_sales
                            Partition key expr: ws_sold_date_sk
                            Statistics: Num rows: 108 Data size: 1728 Basic stats: COMPLETE Column stats: COMPLETE
                            Target Vertex: Map 10
                  Filter Operator
                    predicate: ((d_year = 1999) and d_moy BETWEEN 1 AND 3 and d_date_sk is not null) (type: boolean)
                    Statistics: Num rows: 217 Data size: 3472 Basic stats: COMPLETE Column stats: COMPLETE
                    Select Operator
                      expressions: d_date_sk (type: bigint)
                      outputColumnNames: _col0
                      Statistics: Num rows: 217 Data size: 3472 Basic stats: COMPLETE Column stats: COMPLETE
                      Reduce Output Operator
                        key expressions: _col0 (type: bigint)
                        sort order: +
                        Map-reduce partition columns: _col0 (type: bigint)
                        Statistics: Num rows: 217 Data size: 3472 Basic stats: COMPLETE Column stats: COMPLETE
                      Select Operator
                        expressions: _col0 (type: bigint)
                        outputColumnNames: _col0
                        Statistics: Num rows: 217 Data size: 3472 Basic stats: COMPLETE Column stats: COMPLETE
                        Group By Operator
                          keys: _col0 (type: bigint)
                          mode: hash
                          outputColumnNames: _col0
                          Statistics: Num rows: 108 Data size: 1728 Basic stats: COMPLETE Column stats: COMPLETE
                          Dynamic Partitioning Event Operator
                            Target column: cs_sold_date_sk (bigint)
                            Target Input: catalog_sales
                            Partition key expr: cs_sold_date_sk
                            Statistics: Num rows: 108 Data size: 1728 Basic stats: COMPLETE Column stats: COMPLETE
                            Target Vertex: Map 12
            Execution mode: vectorized, llap
            LLAP IO: all inputs
        Reducer 11 
            Execution mode: vectorized, llap
            Reduce Operator Tree:
              Group By Operator
                keys: KEY._col0 (type: bigint)
                mode: mergepartial
                outputColumnNames: _col0
                Statistics: Num rows: 237913 Data size: 1903304 Basic stats: COMPLETE Column stats: COMPLETE
                Select Operator
                  expressions: _col0 (type: bigint), true (type: boolean)
                  outputColumnNames: _col0, _col1
                  Statistics: Num rows: 237913 Data size: 2854956 Basic stats: COMPLETE Column stats: COMPLETE
                  Reduce Output Operator
                    key expressions: _col0 (type: bigint)
                    sort order: +
                    Map-reduce partition columns: _col0 (type: bigint)
                    Statistics: Num rows: 237913 Data size: 2854956 Basic stats: COMPLETE Column stats: COMPLETE
                    value expressions: _col1 (type: boolean)
        Reducer 13 
            Execution mode: vectorized, llap
            Reduce Operator Tree:
              Group By Operator
                keys: KEY._col0 (type: bigint)
                mode: mergepartial
                outputColumnNames: _col0
                Statistics: Num rows: 1457268 Data size: 11658144 Basic stats: COMPLETE Column stats: COMPLETE
                Select Operator
                  expressions: _col0 (type: bigint), true (type: boolean)
                  outputColumnNames: _col0, _col1
                  Statistics: Num rows: 1457268 Data size: 17487216 Basic stats: COMPLETE Column stats: COMPLETE
                  Reduce Output Operator
                    key expressions: _col0 (type: bigint)
                    sort order: +
                    Map-reduce partition columns: _col0 (type: bigint)
                    Statistics: Num rows: 1457268 Data size: 17487216 Basic stats: COMPLETE Column stats: COMPLETE
                    value expressions: _col1 (type: boolean)
        Reducer 4 
            Execution mode: vectorized, llap
            Reduce Operator Tree:
              Group By Operator
                aggregations: min(VALUE._col0), max(VALUE._col1), bloom_filter(VALUE._col2, expectedEntries=1000000)
                mode: final
                outputColumnNames: _col0, _col1, _col2
                Statistics: Num rows: 1 Data size: 24 Basic stats: COMPLETE Column stats: COMPLETE
                Reduce Output Operator
                  sort order: 
                  Statistics: Num rows: 1 Data size: 24 Basic stats: COMPLETE Column stats: COMPLETE
                  value expressions: _col0 (type: bigint), _col1 (type: bigint), _col2 (type: binary)
        Reducer 6 
            Execution mode: vectorized, llap
            Reduce Operator Tree:
              Group By Operator
                keys: KEY._col0 (type: bigint)
                mode: mergepartial
                outputColumnNames: _col0
                Statistics: Num rows: 218167 Data size: 1745336 Basic stats: COMPLETE Column stats: PARTIAL
                Map Join Operator
                  condition map:
                       Inner Join 0 to 1
                  keys:
                    0 _col0 (type: bigint)
                    1 _col0 (type: bigint)
                  outputColumnNames: _col0, _col6, _col7, _col8, _col9, _col10
                  input vertices:
                    0 Map 3
                  Statistics: Num rows: 32 Data size: 11744 Basic stats: COMPLETE Column stats: PARTIAL
                  Map Join Operator
                    condition map:
                         Left Outer Join0 to 1
                    keys:
                      0 _col0 (type: bigint)
                      1 _col0 (type: bigint)
                    outputColumnNames: _col0, _col6, _col7, _col8, _col9, _col10, _col13
                    input vertices:
                      1 Reducer 11
                    Statistics: Num rows: 32 Data size: 11872 Basic stats: COMPLETE Column stats: PARTIAL
                    Filter Operator
                      predicate: _col13 is null (type: boolean)
                      Statistics: Num rows: 1 Data size: 371 Basic stats: COMPLETE Column stats: PARTIAL
                      Select Operator
                        expressions: _col0 (type: bigint), _col10 (type: string), _col6 (type: string), _col7 (type: string), _col8 (type: string), _col9 (type: int)
                        outputColumnNames: _col0, _col10, _col6, _col7, _col8, _col9
                        Statistics: Num rows: 1 Data size: 371 Basic stats: COMPLETE Column stats: PARTIAL
                        Map Join Operator
                          condition map:
                               Left Outer Join0 to 1
                          keys:
                            0 _col0 (type: bigint)
                            1 _col0 (type: bigint)
                          outputColumnNames: _col6, _col7, _col8, _col9, _col10, _col15
                          input vertices:
                            1 Reducer 13
                          Statistics: Num rows: 1 Data size: 363 Basic stats: COMPLETE Column stats: PARTIAL
                          Filter Operator
                            predicate: _col15 is null (type: boolean)
                            Statistics: Num rows: 1 Data size: 363 Basic stats: COMPLETE Column stats: PARTIAL
                            Select Operator
                              expressions: _col6 (type: string), _col7 (type: string), _col8 (type: string), _col9 (type: int), _col10 (type: string)
                              outputColumnNames: _col6, _col7, _col8, _col9, _col10
                              Statistics: Num rows: 1 Data size: 363 Basic stats: COMPLETE Column stats: PARTIAL
                              Group By Operator
                                aggregations: count()
                                keys: _col6 (type: string), _col7 (type: string), _col8 (type: string), _col9 (type: int), _col10 (type: string)
                                mode: hash
                                outputColumnNames: _col0, _col1, _col2, _col3, _col4, _col5
                                Statistics: Num rows: 1 Data size: 367 Basic stats: COMPLETE Column stats: PARTIAL
                                Reduce Output Operator
                                  key expressions: _col0 (type: string), _col1 (type: string), _col2 (type: string), _col3 (type: int), _col4 (type: string)
                                  sort order: +++++
                                  Map-reduce partition columns: _col0 (type: string), _col1 (type: string), _col2 (type: string), _col3 (type: int), _col4 (type: string)
                                  Statistics: Num rows: 1 Data size: 367 Basic stats: COMPLETE Column stats: PARTIAL
                                  TopN Hash Memory Usage: 0.04
                                  value expressions: _col5 (type: bigint)
        Reducer 7 
            Execution mode: vectorized, llap
            Reduce Operator Tree:
              Group By Operator
                aggregations: count(VALUE._col0)
                keys: KEY._col0 (type: string), KEY._col1 (type: string), KEY._col2 (type: string), KEY._col3 (type: int), KEY._col4 (type: string)
                mode: mergepartial
                outputColumnNames: _col0, _col1, _col2, _col3, _col4, _col5
                Statistics: Num rows: 1 Data size: 367 Basic stats: COMPLETE Column stats: PARTIAL
                Select Operator
                  expressions: _col0 (type: string), _col1 (type: string), _col2 (type: string), _col5 (type: bigint), _col3 (type: int), _col4 (type: string)
                  outputColumnNames: _col0, _col1, _col2, _col3, _col4, _col6
                  Statistics: Num rows: 1 Data size: 383 Basic stats: COMPLETE Column stats: PARTIAL
                  Reduce Output Operator
                    key expressions: _col0 (type: string), _col1 (type: string), _col2 (type: string), _col4 (type: int), _col6 (type: string)
                    sort order: +++++
                    Statistics: Num rows: 1 Data size: 383 Basic stats: COMPLETE Column stats: PARTIAL
                    TopN Hash Memory Usage: 0.04
                    value expressions: _col3 (type: bigint)
        Reducer 8 
            Execution mode: vectorized, llap
            Reduce Operator Tree:
              Select Operator
                expressions: KEY.reducesinkkey0 (type: string), KEY.reducesinkkey1 (type: string), KEY.reducesinkkey2 (type: string), VALUE._col0 (type: bigint), KEY.reducesinkkey3 (type: int), VALUE._col0 (type: bigint), KEY.reducesinkkey4 (type: string), VALUE._col0 (type: bigint)
                outputColumnNames: _col0, _col1, _col2, _col3, _col4, _col5, _col6, _col7
                Statistics: Num rows: 1 Data size: 383 Basic stats: COMPLETE Column stats: PARTIAL
                Limit
                  Number of rows: 100
                  Statistics: Num rows: 1 Data size: 383 Basic stats: COMPLETE Column stats: PARTIAL
                  File Output Operator
                    compressed: false
                    Statistics: Num rows: 1 Data size: 383 Basic stats: COMPLETE Column stats: PARTIAL
                    table:
                        input format: org.apache.hadoop.mapred.SequenceFileInputFormat
                        output format: org.apache.hadoop.hive.ql.io.HiveSequenceFileOutputFormat
                        serde: org.apache.hadoop.hive.serde2.lazy.LazySimpleSerDe

  Stage: Stage-0
    Fetch Operator
      limit: 100
      Processor Tree:
        ListSink