STAGE DEPENDENCIES:
  Stage-1 is a root stage
  Stage-0 depends on stages: Stage-1

STAGE PLANS:
  Stage: Stage-1
    Tez
      DagId: hive_20170626025545_b51e9009-b865-433d-894c-d3668119e0a2:402
      Edges:
        Map 1 <- Map 11 (BROADCAST_EDGE), Map 6 (BROADCAST_EDGE), Map 7 (BROADCAST_EDGE), Reducer 12 (BROADCAST_EDGE), Reducer 8 (BROADCAST_EDGE)
        Map 11 <- Reducer 16 (BROADCAST_EDGE), Reducer 17 (BROADCAST_EDGE), Reducer 18 (BROADCAST_EDGE)
        Map 19 <- Map 11 (BROADCAST_EDGE), Map 6 (BROADCAST_EDGE), Map 7 (BROADCAST_EDGE), Reducer 13 (BROADCAST_EDGE), Reducer 9 (BROADCAST_EDGE)
        Map 21 <- Map 11 (BROADCAST_EDGE), Map 6 (BROADCAST_EDGE), Map 7 (BROADCAST_EDGE), Reducer 10 (BROADCAST_EDGE), Reducer 14 (BROADCAST_EDGE)
        Reducer 10 <- Map 7 (CUSTOM_SIMPLE_EDGE)
        Reducer 12 <- Map 11 (CUSTOM_SIMPLE_EDGE)
        Reducer 13 <- Map 11 (CUSTOM_SIMPLE_EDGE)
        Reducer 14 <- Map 11 (CUSTOM_SIMPLE_EDGE)
        Reducer 16 <- Map 15 (SIMPLE_EDGE)
        Reducer 17 <- Map 15 (SIMPLE_EDGE)
        Reducer 18 <- Map 15 (SIMPLE_EDGE)
        Reducer 2 <- Map 1 (SIMPLE_EDGE), Union 3 (CONTAINS)
        Reducer 20 <- Map 19 (SIMPLE_EDGE), Union 3 (CONTAINS)
        Reducer 22 <- Map 21 (SIMPLE_EDGE), Union 3 (CONTAINS)
        Reducer 4 <- Union 3 (SIMPLE_EDGE)
        Reducer 5 <- Reducer 4 (SIMPLE_EDGE)
        Reducer 8 <- Map 7 (CUSTOM_SIMPLE_EDGE)
        Reducer 9 <- Map 7 (CUSTOM_SIMPLE_EDGE)
      DagName: query33.sql
      Vertices:
        Map 1 
            Map Operator Tree:
                TableScan
                  alias: store_sales
                  filterExpr: (ss_addr_sk is not null and ss_item_sk is not null and (ss_addr_sk BETWEEN DynamicValue(RS_27_customer_address_ca_address_sk_min) AND DynamicValue(RS_27_customer_address_ca_address_sk_max) and in_bloom_filter(ss_addr_sk, DynamicValue(RS_27_customer_address_ca_address_sk_bloom_filter))) and (ss_item_sk BETWEEN DynamicValue(RS_30_item_i_item_sk_min) AND DynamicValue(RS_30_item_i_item_sk_max) and in_bloom_filter(ss_item_sk, DynamicValue(RS_30_item_i_item_sk_bloom_filter)))) (type: boolean)
                  Statistics: Num rows: 275035746821 Data size: 8748192106176 Basic stats: COMPLETE Column stats: COMPLETE
                  Filter Operator
                    predicate: (ss_addr_sk is not null and ss_item_sk is not null and (ss_addr_sk BETWEEN DynamicValue(RS_27_customer_address_ca_address_sk_min) AND DynamicValue(RS_27_customer_address_ca_address_sk_max) and in_bloom_filter(ss_addr_sk, DynamicValue(RS_27_customer_address_ca_address_sk_bloom_filter))) and (ss_item_sk BETWEEN DynamicValue(RS_30_item_i_item_sk_min) AND DynamicValue(RS_30_item_i_item_sk_max) and in_bloom_filter(ss_item_sk, DynamicValue(RS_30_item_i_item_sk_bloom_filter)))) (type: boolean)
                    Statistics: Num rows: 271726595283 Data size: 8642936357800 Basic stats: COMPLETE Column stats: COMPLETE
                    Select Operator
                      expressions: ss_item_sk (type: bigint), ss_addr_sk (type: bigint), ss_ext_sales_price (type: double), ss_sold_date_sk (type: bigint)
                      outputColumnNames: _col0, _col1, _col2, _col3
                      Statistics: Num rows: 271726595283 Data size: 8642936357800 Basic stats: COMPLETE Column stats: COMPLETE
                      Map Join Operator
                        condition map:
                             Inner Join 0 to 1
                        keys:
                          0 _col3 (type: bigint)
                          1 _col0 (type: bigint)
                        outputColumnNames: _col0, _col1, _col2
                        input vertices:
                          1 Map 6
                        Statistics: Num rows: 97022625725 Data size: 2328543017400 Basic stats: COMPLETE Column stats: COMPLETE
                        Map Join Operator
                          condition map:
                               Inner Join 0 to 1
                          keys:
                            0 _col1 (type: bigint)
                            1 _col0 (type: bigint)
                          outputColumnNames: _col0, _col2
                          input vertices:
                            1 Map 7
                          Statistics: Num rows: 6298931 Data size: 100782896 Basic stats: COMPLETE Column stats: COMPLETE
                          Map Join Operator
                            condition map:
                                 Inner Join 0 to 1
                            keys:
                              0 _col0 (type: bigint)
                              1 _col0 (type: bigint)
                            outputColumnNames: _col2, _col10
                            input vertices:
                              1 Map 11
                            Statistics: Num rows: 864 Data size: 10368 Basic stats: COMPLETE Column stats: COMPLETE
                            Select Operator
                              expressions: _col10 (type: int), _col2 (type: double)
                              outputColumnNames: _col10, _col2
                              Statistics: Num rows: 864 Data size: 10368 Basic stats: COMPLETE Column stats: COMPLETE
                              Group By Operator
                                aggregations: sum(_col2)
                                keys: _col10 (type: int)
                                mode: hash
                                outputColumnNames: _col0, _col1
                                Statistics: Num rows: 1 Data size: 12 Basic stats: COMPLETE Column stats: COMPLETE
                                Reduce Output Operator
                                  key expressions: _col0 (type: int)
                                  sort order: +
                                  Map-reduce partition columns: _col0 (type: int)
                                  Statistics: Num rows: 1 Data size: 12 Basic stats: COMPLETE Column stats: COMPLETE
                                  value expressions: _col1 (type: double)
            Execution mode: vectorized, llap
            LLAP IO: all inputs
        Map 11 
            Map Operator Tree:
                TableScan
                  alias: item
                  filterExpr: (i_manufact_id is not null and i_item_sk is not null) (type: boolean)
                  Statistics: Num rows: 502000 Data size: 6018972 Basic stats: COMPLETE Column stats: COMPLETE
                  Filter Operator
                    predicate: (i_manufact_id is not null and i_item_sk is not null) (type: boolean)
                    Statistics: Num rows: 500742 Data size: 6003888 Basic stats: COMPLETE Column stats: COMPLETE
                    Select Operator
                      expressions: i_item_sk (type: bigint), i_manufact_id (type: int)
                      outputColumnNames: _col0, _col1
                      Statistics: Num rows: 500742 Data size: 6003888 Basic stats: COMPLETE Column stats: COMPLETE
                      Map Join Operator
                        condition map:
                             Inner Join 0 to 1
                        keys:
                          0 _col1 (type: int)
                          1 _col0 (type: int)
                        outputColumnNames: _col0, _col1
                        input vertices:
                          1 Reducer 16
                        Statistics: Num rows: 50074 Data size: 600888 Basic stats: COMPLETE Column stats: COMPLETE
                        Reduce Output Operator
                          key expressions: _col0 (type: bigint)
                          sort order: +
                          Map-reduce partition columns: _col0 (type: bigint)
                          Statistics: Num rows: 50074 Data size: 600888 Basic stats: COMPLETE Column stats: COMPLETE
                          value expressions: _col1 (type: int)
                        Select Operator
                          expressions: _col0 (type: bigint)
                          outputColumnNames: _col0
                          Statistics: Num rows: 50074 Data size: 400592 Basic stats: COMPLETE Column stats: COMPLETE
                          Group By Operator
                            aggregations: min(_col0), max(_col0), bloom_filter(_col0, expectedEntries=1000000)
                            mode: hash
                            outputColumnNames: _col0, _col1, _col2
                            Statistics: Num rows: 1 Data size: 24 Basic stats: COMPLETE Column stats: COMPLETE
                            Reduce Output Operator
                              sort order: 
                              Statistics: Num rows: 1 Data size: 24 Basic stats: COMPLETE Column stats: COMPLETE
                              value expressions: _col0 (type: bigint), _col1 (type: bigint), _col2 (type: binary)
                  Filter Operator
                    predicate: (i_manufact_id is not null and i_item_sk is not null) (type: boolean)
                    Statistics: Num rows: 500742 Data size: 6003888 Basic stats: COMPLETE Column stats: COMPLETE
                    Select Operator
                      expressions: i_item_sk (type: bigint), i_manufact_id (type: int)
                      outputColumnNames: _col0, _col1
                      Statistics: Num rows: 500742 Data size: 6003888 Basic stats: COMPLETE Column stats: COMPLETE
                      Map Join Operator
                        condition map:
                             Inner Join 0 to 1
                        keys:
                          0 _col1 (type: int)
                          1 _col0 (type: int)
                        outputColumnNames: _col0, _col1
                        input vertices:
                          1 Reducer 17
                        Statistics: Num rows: 50074 Data size: 600888 Basic stats: COMPLETE Column stats: COMPLETE
                        Reduce Output Operator
                          key expressions: _col0 (type: bigint)
                          sort order: +
                          Map-reduce partition columns: _col0 (type: bigint)
                          Statistics: Num rows: 50074 Data size: 600888 Basic stats: COMPLETE Column stats: COMPLETE
                          value expressions: _col1 (type: int)
                        Select Operator
                          expressions: _col0 (type: bigint)
                          outputColumnNames: _col0
                          Statistics: Num rows: 50074 Data size: 400592 Basic stats: COMPLETE Column stats: COMPLETE
                          Group By Operator
                            aggregations: min(_col0), max(_col0), bloom_filter(_col0, expectedEntries=1000000)
                            mode: hash
                            outputColumnNames: _col0, _col1, _col2
                            Statistics: Num rows: 1 Data size: 24 Basic stats: COMPLETE Column stats: COMPLETE
                            Reduce Output Operator
                              sort order: 
                              Statistics: Num rows: 1 Data size: 24 Basic stats: COMPLETE Column stats: COMPLETE
                              value expressions: _col0 (type: bigint), _col1 (type: bigint), _col2 (type: binary)
                  Filter Operator
                    predicate: (i_manufact_id is not null and i_item_sk is not null) (type: boolean)
                    Statistics: Num rows: 500742 Data size: 6003888 Basic stats: COMPLETE Column stats: COMPLETE
                    Select Operator
                      expressions: i_item_sk (type: bigint), i_manufact_id (type: int)
                      outputColumnNames: _col0, _col1
                      Statistics: Num rows: 500742 Data size: 6003888 Basic stats: COMPLETE Column stats: COMPLETE
                      Map Join Operator
                        condition map:
                             Inner Join 0 to 1
                        keys:
                          0 _col1 (type: int)
                          1 _col0 (type: int)
                        outputColumnNames: _col0, _col1
                        input vertices:
                          1 Reducer 18
                        Statistics: Num rows: 50074 Data size: 600888 Basic stats: COMPLETE Column stats: COMPLETE
                        Reduce Output Operator
                          key expressions: _col0 (type: bigint)
                          sort order: +
                          Map-reduce partition columns: _col0 (type: bigint)
                          Statistics: Num rows: 50074 Data size: 600888 Basic stats: COMPLETE Column stats: COMPLETE
                          value expressions: _col1 (type: int)
                        Select Operator
                          expressions: _col0 (type: bigint)
                          outputColumnNames: _col0
                          Statistics: Num rows: 50074 Data size: 400592 Basic stats: COMPLETE Column stats: COMPLETE
                          Group By Operator
                            aggregations: min(_col0), max(_col0), bloom_filter(_col0, expectedEntries=1000000)
                            mode: hash
                            outputColumnNames: _col0, _col1, _col2
                            Statistics: Num rows: 1 Data size: 24 Basic stats: COMPLETE Column stats: COMPLETE
                            Reduce Output Operator
                              sort order: 
                              Statistics: Num rows: 1 Data size: 24 Basic stats: COMPLETE Column stats: COMPLETE
                              value expressions: _col0 (type: bigint), _col1 (type: bigint), _col2 (type: binary)
            Execution mode: vectorized, llap
            LLAP IO: all inputs
        Map 15 
            Map Operator Tree:
                TableScan
                  alias: item
                  filterExpr: ((i_category) IN ('books') and i_manufact_id is not null) (type: boolean)
                  Statistics: Num rows: 502000 Data size: 47182972 Basic stats: COMPLETE Column stats: COMPLETE
                  Filter Operator
                    predicate: ((i_category) IN ('books') and i_manufact_id is not null) (type: boolean)
                    Statistics: Num rows: 50074 Data size: 4706460 Basic stats: COMPLETE Column stats: COMPLETE
                    Select Operator
                      expressions: i_manufact_id (type: int)
                      outputColumnNames: i_manufact_id
                      Statistics: Num rows: 50074 Data size: 4706460 Basic stats: COMPLETE Column stats: COMPLETE
                      Group By Operator
                        keys: i_manufact_id (type: int)
                        mode: hash
                        outputColumnNames: _col0
                        Statistics: Num rows: 70 Data size: 280 Basic stats: COMPLETE Column stats: COMPLETE
                        Reduce Output Operator
                          key expressions: _col0 (type: int)
                          sort order: +
                          Map-reduce partition columns: _col0 (type: int)
                          Statistics: Num rows: 70 Data size: 280 Basic stats: COMPLETE Column stats: COMPLETE
                  Filter Operator
                    predicate: ((i_category) IN ('books') and i_manufact_id is not null) (type: boolean)
                    Statistics: Num rows: 50074 Data size: 4706460 Basic stats: COMPLETE Column stats: COMPLETE
                    Select Operator
                      expressions: i_manufact_id (type: int)
                      outputColumnNames: i_manufact_id
                      Statistics: Num rows: 50074 Data size: 4706460 Basic stats: COMPLETE Column stats: COMPLETE
                      Group By Operator
                        keys: i_manufact_id (type: int)
                        mode: hash
                        outputColumnNames: _col0
                        Statistics: Num rows: 70 Data size: 280 Basic stats: COMPLETE Column stats: COMPLETE
                        Reduce Output Operator
                          key expressions: _col0 (type: int)
                          sort order: +
                          Map-reduce partition columns: _col0 (type: int)
                          Statistics: Num rows: 70 Data size: 280 Basic stats: COMPLETE Column stats: COMPLETE
                  Filter Operator
                    predicate: ((i_category) IN ('books') and i_manufact_id is not null) (type: boolean)
                    Statistics: Num rows: 50074 Data size: 4706460 Basic stats: COMPLETE Column stats: COMPLETE
                    Select Operator
                      expressions: i_manufact_id (type: int)
                      outputColumnNames: i_manufact_id
                      Statistics: Num rows: 50074 Data size: 4706460 Basic stats: COMPLETE Column stats: COMPLETE
                      Group By Operator
                        keys: i_manufact_id (type: int)
                        mode: hash
                        outputColumnNames: _col0
                        Statistics: Num rows: 70 Data size: 280 Basic stats: COMPLETE Column stats: COMPLETE
                        Reduce Output Operator
                          key expressions: _col0 (type: int)
                          sort order: +
                          Map-reduce partition columns: _col0 (type: int)
                          Statistics: Num rows: 70 Data size: 280 Basic stats: COMPLETE Column stats: COMPLETE
            Execution mode: vectorized, llap
            LLAP IO: all inputs
        Map 19 
            Map Operator Tree:
                TableScan
                  alias: catalog_sales
                  filterExpr: (cs_bill_addr_sk is not null and cs_item_sk is not null and (cs_bill_addr_sk BETWEEN DynamicValue(RS_64_customer_address_ca_address_sk_min) AND DynamicValue(RS_64_customer_address_ca_address_sk_max) and in_bloom_filter(cs_bill_addr_sk, DynamicValue(RS_64_customer_address_ca_address_sk_bloom_filter))) and (cs_item_sk BETWEEN DynamicValue(RS_67_item_i_item_sk_min) AND DynamicValue(RS_67_item_i_item_sk_max) and in_bloom_filter(cs_item_sk, DynamicValue(RS_67_item_i_item_sk_bloom_filter)))) (type: boolean)
                  Statistics: Num rows: 143352541321 Data size: 4584379790856 Basic stats: COMPLETE Column stats: COMPLETE
                  Filter Operator
                    predicate: (cs_bill_addr_sk is not null and cs_item_sk is not null and (cs_bill_addr_sk BETWEEN DynamicValue(RS_64_customer_address_ca_address_sk_min) AND DynamicValue(RS_64_customer_address_ca_address_sk_max) and in_bloom_filter(cs_bill_addr_sk, DynamicValue(RS_64_customer_address_ca_address_sk_bloom_filter))) and (cs_item_sk BETWEEN DynamicValue(RS_67_item_i_item_sk_min) AND DynamicValue(RS_67_item_i_item_sk_max) and in_bloom_filter(cs_item_sk, DynamicValue(RS_67_item_i_item_sk_bloom_filter)))) (type: boolean)
                    Statistics: Num rows: 143171803514 Data size: 4578599839264 Basic stats: COMPLETE Column stats: COMPLETE
                    Select Operator
                      expressions: cs_bill_addr_sk (type: bigint), cs_item_sk (type: bigint), cs_ext_sales_price (type: double), cs_sold_date_sk (type: bigint)
                      outputColumnNames: _col0, _col1, _col2, _col3
                      Statistics: Num rows: 143171803514 Data size: 4578599839264 Basic stats: COMPLETE Column stats: COMPLETE
                      Map Join Operator
                        condition map:
                             Inner Join 0 to 1
                        keys:
                          0 _col3 (type: bigint)
                          1 _col0 (type: bigint)
                        outputColumnNames: _col0, _col1, _col2
                        input vertices:
                          1 Map 6
                        Statistics: Num rows: 50759512248 Data size: 1218228293952 Basic stats: COMPLETE Column stats: COMPLETE
                        Map Join Operator
                          condition map:
                               Inner Join 0 to 1
                          keys:
                            0 _col0 (type: bigint)
                            1 _col0 (type: bigint)
                          outputColumnNames: _col1, _col2
                          input vertices:
                            1 Map 7
                          Statistics: Num rows: 660923 Data size: 10574768 Basic stats: COMPLETE Column stats: COMPLETE
                          Map Join Operator
                            condition map:
                                 Inner Join 0 to 1
                            keys:
                              0 _col1 (type: bigint)
                              1 _col0 (type: bigint)
                            outputColumnNames: _col2, _col10
                            input vertices:
                              1 Map 11
                            Statistics: Num rows: 91 Data size: 1092 Basic stats: COMPLETE Column stats: COMPLETE
                            Select Operator
                              expressions: _col10 (type: int), _col2 (type: double)
                              outputColumnNames: _col10, _col2
                              Statistics: Num rows: 91 Data size: 1092 Basic stats: COMPLETE Column stats: COMPLETE
                              Group By Operator
                                aggregations: sum(_col2)
                                keys: _col10 (type: int)
                                mode: hash
                                outputColumnNames: _col0, _col1
                                Statistics: Num rows: 1 Data size: 12 Basic stats: COMPLETE Column stats: COMPLETE
                                Reduce Output Operator
                                  key expressions: _col0 (type: int)
                                  sort order: +
                                  Map-reduce partition columns: _col0 (type: int)
                                  Statistics: Num rows: 1 Data size: 12 Basic stats: COMPLETE Column stats: COMPLETE
                                  value expressions: _col1 (type: double)
            Execution mode: vectorized, llap
            LLAP IO: all inputs
        Map 21 
            Map Operator Tree:
                TableScan
                  alias: web_sales
                  filterExpr: (ws_bill_addr_sk is not null and ws_item_sk is not null and (ws_bill_addr_sk BETWEEN DynamicValue(RS_103_customer_address_ca_address_sk_min) AND DynamicValue(RS_103_customer_address_ca_address_sk_max) and in_bloom_filter(ws_bill_addr_sk, DynamicValue(RS_103_customer_address_ca_address_sk_bloom_filter))) and (ws_item_sk BETWEEN DynamicValue(RS_106_item_i_item_sk_min) AND DynamicValue(RS_106_item_i_item_sk_max) and in_bloom_filter(ws_item_sk, DynamicValue(RS_106_item_i_item_sk_bloom_filter)))) (type: boolean)
                  Statistics: Num rows: 71959659800 Data size: 2302636812280 Basic stats: COMPLETE Column stats: COMPLETE
                  Filter Operator
                    predicate: (ws_bill_addr_sk is not null and ws_item_sk is not null and (ws_bill_addr_sk BETWEEN DynamicValue(RS_103_customer_address_ca_address_sk_min) AND DynamicValue(RS_103_customer_address_ca_address_sk_max) and in_bloom_filter(ws_bill_addr_sk, DynamicValue(RS_103_customer_address_ca_address_sk_bloom_filter))) and (ws_item_sk BETWEEN DynamicValue(RS_106_item_i_item_sk_min) AND DynamicValue(RS_106_item_i_item_sk_max) and in_bloom_filter(ws_item_sk, DynamicValue(RS_106_item_i_item_sk_bloom_filter)))) (type: boolean)
                    Statistics: Num rows: 71955247803 Data size: 2302495632816 Basic stats: COMPLETE Column stats: COMPLETE
                    Select Operator
                      expressions: ws_item_sk (type: bigint), ws_bill_addr_sk (type: bigint), ws_ext_sales_price (type: double), ws_sold_date_sk (type: bigint)
                      outputColumnNames: _col0, _col1, _col2, _col3
                      Statistics: Num rows: 71955247803 Data size: 2302495632816 Basic stats: COMPLETE Column stats: COMPLETE
                      Map Join Operator
                        condition map:
                             Inner Join 0 to 1
                        keys:
                          0 _col3 (type: bigint)
                          1 _col0 (type: bigint)
                        outputColumnNames: _col0, _col1, _col2
                        input vertices:
                          1 Map 6
                        Statistics: Num rows: 25692321612 Data size: 616615718688 Basic stats: COMPLETE Column stats: COMPLETE
                        Map Join Operator
                          condition map:
                               Inner Join 0 to 1
                          keys:
                            0 _col1 (type: bigint)
                            1 _col0 (type: bigint)
                          outputColumnNames: _col0, _col2
                          input vertices:
                            1 Map 7
                          Statistics: Num rows: 1959856 Data size: 31357696 Basic stats: COMPLETE Column stats: COMPLETE
                          Map Join Operator
                            condition map:
                                 Inner Join 0 to 1
                            keys:
                              0 _col0 (type: bigint)
                              1 _col0 (type: bigint)
                            outputColumnNames: _col2, _col10
                            input vertices:
                              1 Map 11
                            Statistics: Num rows: 269 Data size: 3228 Basic stats: COMPLETE Column stats: COMPLETE
                            Select Operator
                              expressions: _col10 (type: int), _col2 (type: double)
                              outputColumnNames: _col10, _col2
                              Statistics: Num rows: 269 Data size: 3228 Basic stats: COMPLETE Column stats: COMPLETE
                              Group By Operator
                                aggregations: sum(_col2)
                                keys: _col10 (type: int)
                                mode: hash
                                outputColumnNames: _col0, _col1
                                Statistics: Num rows: 1 Data size: 12 Basic stats: COMPLETE Column stats: COMPLETE
                                Reduce Output Operator
                                  key expressions: _col0 (type: int)
                                  sort order: +
                                  Map-reduce partition columns: _col0 (type: int)
                                  Statistics: Num rows: 1 Data size: 12 Basic stats: COMPLETE Column stats: COMPLETE
                                  value expressions: _col1 (type: double)
            Execution mode: vectorized, llap
            LLAP IO: all inputs
        Map 6 
            Map Operator Tree:
                TableScan
                  alias: date_dim
                  filterExpr: ((d_year = 1999) and (d_moy = 3) and d_date_sk is not null) (type: boolean)
                  Statistics: Num rows: 73049 Data size: 1168784 Basic stats: COMPLETE Column stats: COMPLETE
                  Filter Operator
                    predicate: ((d_year = 1999) and (d_moy = 3) and d_date_sk is not null) (type: boolean)
                    Statistics: Num rows: 652 Data size: 10432 Basic stats: COMPLETE Column stats: COMPLETE
                    Select Operator
                      expressions: d_date_sk (type: bigint)
                      outputColumnNames: _col0
                      Statistics: Num rows: 652 Data size: 10432 Basic stats: COMPLETE Column stats: COMPLETE
                      Reduce Output Operator
                        key expressions: _col0 (type: bigint)
                        sort order: +
                        Map-reduce partition columns: _col0 (type: bigint)
                        Statistics: Num rows: 652 Data size: 10432 Basic stats: COMPLETE Column stats: COMPLETE
                      Select Operator
                        expressions: _col0 (type: bigint)
                        outputColumnNames: _col0
                        Statistics: Num rows: 652 Data size: 10432 Basic stats: COMPLETE Column stats: COMPLETE
                        Group By Operator
                          keys: _col0 (type: bigint)
                          mode: hash
                          outputColumnNames: _col0
                          Statistics: Num rows: 326 Data size: 5216 Basic stats: COMPLETE Column stats: COMPLETE
                          Dynamic Partitioning Event Operator
                            Target column: ss_sold_date_sk (bigint)
                            Target Input: store_sales
                            Partition key expr: ss_sold_date_sk
                            Statistics: Num rows: 326 Data size: 5216 Basic stats: COMPLETE Column stats: COMPLETE
                            Target Vertex: Map 1
                  Filter Operator
                    predicate: ((d_year = 1999) and (d_moy = 3) and d_date_sk is not null) (type: boolean)
                    Statistics: Num rows: 652 Data size: 10432 Basic stats: COMPLETE Column stats: COMPLETE
                    Select Operator
                      expressions: d_date_sk (type: bigint)
                      outputColumnNames: _col0
                      Statistics: Num rows: 652 Data size: 10432 Basic stats: COMPLETE Column stats: COMPLETE
                      Reduce Output Operator
                        key expressions: _col0 (type: bigint)
                        sort order: +
                        Map-reduce partition columns: _col0 (type: bigint)
                        Statistics: Num rows: 652 Data size: 10432 Basic stats: COMPLETE Column stats: COMPLETE
                      Select Operator
                        expressions: _col0 (type: bigint)
                        outputColumnNames: _col0
                        Statistics: Num rows: 652 Data size: 10432 Basic stats: COMPLETE Column stats: COMPLETE
                        Group By Operator
                          keys: _col0 (type: bigint)
                          mode: hash
                          outputColumnNames: _col0
                          Statistics: Num rows: 326 Data size: 5216 Basic stats: COMPLETE Column stats: COMPLETE
                          Dynamic Partitioning Event Operator
                            Target column: cs_sold_date_sk (bigint)
                            Target Input: catalog_sales
                            Partition key expr: cs_sold_date_sk
                            Statistics: Num rows: 326 Data size: 5216 Basic stats: COMPLETE Column stats: COMPLETE
                            Target Vertex: Map 19
                  Filter Operator
                    predicate: ((d_year = 1999) and (d_moy = 3) and d_date_sk is not null) (type: boolean)
                    Statistics: Num rows: 652 Data size: 10432 Basic stats: COMPLETE Column stats: COMPLETE
                    Select Operator
                      expressions: d_date_sk (type: bigint)
                      outputColumnNames: _col0
                      Statistics: Num rows: 652 Data size: 10432 Basic stats: COMPLETE Column stats: COMPLETE
                      Reduce Output Operator
                        key expressions: _col0 (type: bigint)
                        sort order: +
                        Map-reduce partition columns: _col0 (type: bigint)
                        Statistics: Num rows: 652 Data size: 10432 Basic stats: COMPLETE Column stats: COMPLETE
                      Select Operator
                        expressions: _col0 (type: bigint)
                        outputColumnNames: _col0
                        Statistics: Num rows: 652 Data size: 10432 Basic stats: COMPLETE Column stats: COMPLETE
                        Group By Operator
                          keys: _col0 (type: bigint)
                          mode: hash
                          outputColumnNames: _col0
                          Statistics: Num rows: 326 Data size: 5216 Basic stats: COMPLETE Column stats: COMPLETE
                          Dynamic Partitioning Event Operator
                            Target column: ws_sold_date_sk (bigint)
                            Target Input: web_sales
                            Partition key expr: ws_sold_date_sk
                            Statistics: Num rows: 326 Data size: 5216 Basic stats: COMPLETE Column stats: COMPLETE
                            Target Vertex: Map 21
            Execution mode: vectorized, llap
            LLAP IO: all inputs
        Map 7 
            Map Operator Tree:
                TableScan
                  alias: customer_address
                  filterExpr: ((ca_gmt_offset = -6.0) and ca_address_sk is not null) (type: boolean)
                  Statistics: Num rows: 500 Data size: 7904 Basic stats: COMPLETE Column stats: COMPLETE
                  Filter Operator
                    predicate: ((ca_gmt_offset = -6.0) and ca_address_sk is not null) (type: boolean)
                    Statistics: Num rows: 100 Data size: 1584 Basic stats: COMPLETE Column stats: COMPLETE
                    Select Operator
                      expressions: ca_address_sk (type: bigint)
                      outputColumnNames: _col0
                      Statistics: Num rows: 100 Data size: 1600 Basic stats: COMPLETE Column stats: COMPLETE
                      Reduce Output Operator
                        key expressions: _col0 (type: bigint)
                        sort order: +
                        Map-reduce partition columns: _col0 (type: bigint)
                        Statistics: Num rows: 100 Data size: 1600 Basic stats: COMPLETE Column stats: COMPLETE
                      Select Operator
                        expressions: _col0 (type: bigint)
                        outputColumnNames: _col0
                        Statistics: Num rows: 100 Data size: 800 Basic stats: COMPLETE Column stats: COMPLETE
                        Group By Operator
                          aggregations: min(_col0), max(_col0), bloom_filter(_col0, expectedEntries=1000000)
                          mode: hash
                          outputColumnNames: _col0, _col1, _col2
                          Statistics: Num rows: 1 Data size: 24 Basic stats: COMPLETE Column stats: COMPLETE
                          Reduce Output Operator
                            sort order: 
                            Statistics: Num rows: 1 Data size: 24 Basic stats: COMPLETE Column stats: COMPLETE
                            value expressions: _col0 (type: bigint), _col1 (type: bigint), _col2 (type: binary)
                  Filter Operator
                    predicate: ((ca_gmt_offset = -6.0) and ca_address_sk is not null) (type: boolean)
                    Statistics: Num rows: 100 Data size: 1584 Basic stats: COMPLETE Column stats: COMPLETE
                    Select Operator
                      expressions: ca_address_sk (type: bigint)
                      outputColumnNames: _col0
                      Statistics: Num rows: 100 Data size: 1600 Basic stats: COMPLETE Column stats: COMPLETE
                      Reduce Output Operator
                        key expressions: _col0 (type: bigint)
                        sort order: +
                        Map-reduce partition columns: _col0 (type: bigint)
                        Statistics: Num rows: 100 Data size: 1600 Basic stats: COMPLETE Column stats: COMPLETE
                      Select Operator
                        expressions: _col0 (type: bigint)
                        outputColumnNames: _col0
                        Statistics: Num rows: 100 Data size: 800 Basic stats: COMPLETE Column stats: COMPLETE
                        Group By Operator
                          aggregations: min(_col0), max(_col0), bloom_filter(_col0, expectedEntries=1000000)
                          mode: hash
                          outputColumnNames: _col0, _col1, _col2
                          Statistics: Num rows: 1 Data size: 24 Basic stats: COMPLETE Column stats: COMPLETE
                          Reduce Output Operator
                            sort order: 
                            Statistics: Num rows: 1 Data size: 24 Basic stats: COMPLETE Column stats: COMPLETE
                            value expressions: _col0 (type: bigint), _col1 (type: bigint), _col2 (type: binary)
                  Filter Operator
                    predicate: ((ca_gmt_offset = -6.0) and ca_address_sk is not null) (type: boolean)
                    Statistics: Num rows: 100 Data size: 1584 Basic stats: COMPLETE Column stats: COMPLETE
                    Select Operator
                      expressions: ca_address_sk (type: bigint)
                      outputColumnNames: _col0
                      Statistics: Num rows: 100 Data size: 1600 Basic stats: COMPLETE Column stats: COMPLETE
                      Reduce Output Operator
                        key expressions: _col0 (type: bigint)
                        sort order: +
                        Map-reduce partition columns: _col0 (type: bigint)
                        Statistics: Num rows: 100 Data size: 1600 Basic stats: COMPLETE Column stats: COMPLETE
                      Select Operator
                        expressions: _col0 (type: bigint)
                        outputColumnNames: _col0
                        Statistics: Num rows: 100 Data size: 800 Basic stats: COMPLETE Column stats: COMPLETE
                        Group By Operator
                          aggregations: min(_col0), max(_col0), bloom_filter(_col0, expectedEntries=1000000)
                          mode: hash
                          outputColumnNames: _col0, _col1, _col2
                          Statistics: Num rows: 1 Data size: 24 Basic stats: COMPLETE Column stats: COMPLETE
                          Reduce Output Operator
                            sort order: 
                            Statistics: Num rows: 1 Data size: 24 Basic stats: COMPLETE Column stats: COMPLETE
                            value expressions: _col0 (type: bigint), _col1 (type: bigint), _col2 (type: binary)
            Execution mode: vectorized, llap
            LLAP IO: all inputs
        Reducer 10 
            Execution mode: vectorized, llap
            Reduce Operator Tree:
              Group By Operator
                aggregations: min(VALUE._col0), max(VALUE._col1), bloom_filter(VALUE._col2, expectedEntries=1000000)
                mode: final
                outputColumnNames: _col0, _col1, _col2
                Statistics: Num rows: 1 Data size: 24 Basic stats: COMPLETE Column stats: COMPLETE
                Reduce Output Operator
                  sort order: 
                  Statistics: Num rows: 1 Data size: 24 Basic stats: COMPLETE Column stats: COMPLETE
                  value expressions: _col0 (type: bigint), _col1 (type: bigint), _col2 (type: binary)
        Reducer 12 
            Execution mode: vectorized, llap
            Reduce Operator Tree:
              Group By Operator
                aggregations: min(VALUE._col0), max(VALUE._col1), bloom_filter(VALUE._col2, expectedEntries=1000000)
                mode: final
                outputColumnNames: _col0, _col1, _col2
                Statistics: Num rows: 1 Data size: 24 Basic stats: COMPLETE Column stats: COMPLETE
                Reduce Output Operator
                  sort order: 
                  Statistics: Num rows: 1 Data size: 24 Basic stats: COMPLETE Column stats: COMPLETE
                  value expressions: _col0 (type: bigint), _col1 (type: bigint), _col2 (type: binary)
        Reducer 13 
            Execution mode: vectorized, llap
            Reduce Operator Tree:
              Group By Operator
                aggregations: min(VALUE._col0), max(VALUE._col1), bloom_filter(VALUE._col2, expectedEntries=1000000)
                mode: final
                outputColumnNames: _col0, _col1, _col2
                Statistics: Num rows: 1 Data size: 24 Basic stats: COMPLETE Column stats: COMPLETE
                Reduce Output Operator
                  sort order: 
                  Statistics: Num rows: 1 Data size: 24 Basic stats: COMPLETE Column stats: COMPLETE
                  value expressions: _col0 (type: bigint), _col1 (type: bigint), _col2 (type: binary)
        Reducer 14 
            Execution mode: vectorized, llap
            Reduce Operator Tree:
              Group By Operator
                aggregations: min(VALUE._col0), max(VALUE._col1), bloom_filter(VALUE._col2, expectedEntries=1000000)
                mode: final
                outputColumnNames: _col0, _col1, _col2
                Statistics: Num rows: 1 Data size: 24 Basic stats: COMPLETE Column stats: COMPLETE
                Reduce Output Operator
                  sort order: 
                  Statistics: Num rows: 1 Data size: 24 Basic stats: COMPLETE Column stats: COMPLETE
                  value expressions: _col0 (type: bigint), _col1 (type: bigint), _col2 (type: binary)
        Reducer 16 
            Execution mode: vectorized, llap
            Reduce Operator Tree:
              Group By Operator
                keys: KEY._col0 (type: int)
                mode: mergepartial
                outputColumnNames: _col0
                Statistics: Num rows: 69 Data size: 276 Basic stats: COMPLETE Column stats: COMPLETE
                Reduce Output Operator
                  key expressions: _col0 (type: int)
                  sort order: +
                  Map-reduce partition columns: _col0 (type: int)
                  Statistics: Num rows: 69 Data size: 276 Basic stats: COMPLETE Column stats: COMPLETE
        Reducer 17 
            Execution mode: vectorized, llap
            Reduce Operator Tree:
              Group By Operator
                keys: KEY._col0 (type: int)
                mode: mergepartial
                outputColumnNames: _col0
                Statistics: Num rows: 69 Data size: 276 Basic stats: COMPLETE Column stats: COMPLETE
                Reduce Output Operator
                  key expressions: _col0 (type: int)
                  sort order: +
                  Map-reduce partition columns: _col0 (type: int)
                  Statistics: Num rows: 69 Data size: 276 Basic stats: COMPLETE Column stats: COMPLETE
        Reducer 18 
            Execution mode: vectorized, llap
            Reduce Operator Tree:
              Group By Operator
                keys: KEY._col0 (type: int)
                mode: mergepartial
                outputColumnNames: _col0
                Statistics: Num rows: 69 Data size: 276 Basic stats: COMPLETE Column stats: COMPLETE
                Reduce Output Operator
                  key expressions: _col0 (type: int)
                  sort order: +
                  Map-reduce partition columns: _col0 (type: int)
                  Statistics: Num rows: 69 Data size: 276 Basic stats: COMPLETE Column stats: COMPLETE
        Reducer 2 
            Execution mode: vectorized, llap
            Reduce Operator Tree:
              Group By Operator
                aggregations: sum(VALUE._col0)
                keys: KEY._col0 (type: int)
                mode: mergepartial
                outputColumnNames: _col0, _col1
                Statistics: Num rows: 1 Data size: 12 Basic stats: COMPLETE Column stats: COMPLETE
                Group By Operator
                  aggregations: sum(_col1)
                  keys: _col0 (type: int)
                  mode: hash
                  outputColumnNames: _col0, _col1
                  Statistics: Num rows: 1 Data size: 12 Basic stats: COMPLETE Column stats: COMPLETE
                  Reduce Output Operator
                    key expressions: _col0 (type: int)
                    sort order: +
                    Map-reduce partition columns: _col0 (type: int)
                    Statistics: Num rows: 1 Data size: 12 Basic stats: COMPLETE Column stats: COMPLETE
                    value expressions: _col1 (type: double)
        Reducer 20 
            Execution mode: vectorized, llap
            Reduce Operator Tree:
              Group By Operator
                aggregations: sum(VALUE._col0)
                keys: KEY._col0 (type: int)
                mode: mergepartial
                outputColumnNames: _col0, _col1
                Statistics: Num rows: 1 Data size: 12 Basic stats: COMPLETE Column stats: COMPLETE
                Group By Operator
                  aggregations: sum(_col1)
                  keys: _col0 (type: int)
                  mode: hash
                  outputColumnNames: _col0, _col1
                  Statistics: Num rows: 1 Data size: 12 Basic stats: COMPLETE Column stats: COMPLETE
                  Reduce Output Operator
                    key expressions: _col0 (type: int)
                    sort order: +
                    Map-reduce partition columns: _col0 (type: int)
                    Statistics: Num rows: 1 Data size: 12 Basic stats: COMPLETE Column stats: COMPLETE
                    value expressions: _col1 (type: double)
        Reducer 22 
            Execution mode: vectorized, llap
            Reduce Operator Tree:
              Group By Operator
                aggregations: sum(VALUE._col0)
                keys: KEY._col0 (type: int)
                mode: mergepartial
                outputColumnNames: _col0, _col1
                Statistics: Num rows: 1 Data size: 12 Basic stats: COMPLETE Column stats: COMPLETE
                Group By Operator
                  aggregations: sum(_col1)
                  keys: _col0 (type: int)
                  mode: hash
                  outputColumnNames: _col0, _col1
                  Statistics: Num rows: 1 Data size: 12 Basic stats: COMPLETE Column stats: COMPLETE
                  Reduce Output Operator
                    key expressions: _col0 (type: int)
                    sort order: +
                    Map-reduce partition columns: _col0 (type: int)
                    Statistics: Num rows: 1 Data size: 12 Basic stats: COMPLETE Column stats: COMPLETE
                    value expressions: _col1 (type: double)
        Reducer 4 
            Execution mode: vectorized, llap
            Reduce Operator Tree:
              Group By Operator
                aggregations: sum(VALUE._col0)
                keys: KEY._col0 (type: int)
                mode: mergepartial
                outputColumnNames: _col0, _col1
                Statistics: Num rows: 1 Data size: 12 Basic stats: COMPLETE Column stats: COMPLETE
                Reduce Output Operator
                  key expressions: _col1 (type: double)
                  sort order: +
                  Statistics: Num rows: 1 Data size: 12 Basic stats: COMPLETE Column stats: COMPLETE
                  TopN Hash Memory Usage: 0.04
                  value expressions: _col0 (type: int)
        Reducer 5 
            Execution mode: vectorized, llap
            Reduce Operator Tree:
              Select Operator
                expressions: VALUE._col0 (type: int), KEY.reducesinkkey0 (type: double)
                outputColumnNames: _col0, _col1
                Statistics: Num rows: 1 Data size: 12 Basic stats: COMPLETE Column stats: COMPLETE
                Limit
                  Number of rows: 100
                  Statistics: Num rows: 1 Data size: 12 Basic stats: COMPLETE Column stats: COMPLETE
                  File Output Operator
                    compressed: false
                    Statistics: Num rows: 1 Data size: 12 Basic stats: COMPLETE Column stats: COMPLETE
                    table:
                        input format: org.apache.hadoop.mapred.SequenceFileInputFormat
                        output format: org.apache.hadoop.hive.ql.io.HiveSequenceFileOutputFormat
                        serde: org.apache.hadoop.hive.serde2.lazy.LazySimpleSerDe
        Reducer 8 
            Execution mode: vectorized, llap
            Reduce Operator Tree:
              Group By Operator
                aggregations: min(VALUE._col0), max(VALUE._col1), bloom_filter(VALUE._col2, expectedEntries=1000000)
                mode: final
                outputColumnNames: _col0, _col1, _col2
                Statistics: Num rows: 1 Data size: 24 Basic stats: COMPLETE Column stats: COMPLETE
                Reduce Output Operator
                  sort order: 
                  Statistics: Num rows: 1 Data size: 24 Basic stats: COMPLETE Column stats: COMPLETE
                  value expressions: _col0 (type: bigint), _col1 (type: bigint), _col2 (type: binary)
        Reducer 9 
            Execution mode: vectorized, llap
            Reduce Operator Tree:
              Group By Operator
                aggregations: min(VALUE._col0), max(VALUE._col1), bloom_filter(VALUE._col2, expectedEntries=1000000)
                mode: final
                outputColumnNames: _col0, _col1, _col2
                Statistics: Num rows: 1 Data size: 24 Basic stats: COMPLETE Column stats: COMPLETE
                Reduce Output Operator
                  sort order: 
                  Statistics: Num rows: 1 Data size: 24 Basic stats: COMPLETE Column stats: COMPLETE
                  value expressions: _col0 (type: bigint), _col1 (type: bigint), _col2 (type: binary)
        Union 3 
            Vertex: Union 3

  Stage: Stage-0
    Fetch Operator
      limit: 100
      Processor Tree:
        ListSink