STAGE DEPENDENCIES:
  Stage-1 is a root stage
  Stage-0 depends on stages: Stage-1

STAGE PLANS:
  Stage: Stage-1
    Tez
      DagId: hive_20170626025655_99b96422-3f77-4246-8a0e-a04ccbbfda56:444
      Edges:
        Map 1 <- Map 6 (BROADCAST_EDGE), Map 7 (BROADCAST_EDGE)
        Map 10 <- Map 6 (BROADCAST_EDGE)
        Map 13 <- Map 6 (BROADCAST_EDGE)
        Map 15 <- Map 17 (BROADCAST_EDGE), Map 6 (BROADCAST_EDGE)
        Map 18 <- Map 17 (BROADCAST_EDGE), Map 6 (BROADCAST_EDGE)
        Map 8 <- Map 6 (BROADCAST_EDGE), Map 7 (BROADCAST_EDGE)
        Reducer 11 <- Map 10 (SIMPLE_EDGE)
        Reducer 12 <- Reducer 11 (XPROD_EDGE), Reducer 14 (XPROD_EDGE), Union 3 (CONTAINS)
        Reducer 14 <- Map 13 (SIMPLE_EDGE)
        Reducer 16 <- Map 15 (SIMPLE_EDGE), Reducer 19 (BROADCAST_EDGE), Union 3 (CONTAINS)
        Reducer 19 <- Map 18 (SIMPLE_EDGE)
        Reducer 2 <- Map 1 (SIMPLE_EDGE), Reducer 9 (BROADCAST_EDGE), Union 3 (CONTAINS)
        Reducer 4 <- Union 3 (SIMPLE_EDGE)
        Reducer 5 <- Reducer 4 (SIMPLE_EDGE)
        Reducer 9 <- Map 8 (SIMPLE_EDGE)
      DagName: query77.sql
      Vertices:
        Map 1 
            Map Operator Tree:
                TableScan
                  alias: store_sales
                  filterExpr: ss_store_sk is not null (type: boolean)
                  Statistics: Num rows: 275035746821 Data size: 8721717376328 Basic stats: COMPLETE Column stats: COMPLETE
                  Filter Operator
                    predicate: ss_store_sk is not null (type: boolean)
                    Statistics: Num rows: 271730420523 Data size: 8616901467344 Basic stats: COMPLETE Column stats: COMPLETE
                    Select Operator
                      expressions: ss_store_sk (type: bigint), ss_ext_sales_price (type: double), ss_net_profit (type: double), ss_sold_date_sk (type: bigint)
                      outputColumnNames: _col0, _col1, _col2, _col3
                      Statistics: Num rows: 271730420523 Data size: 8616901467344 Basic stats: COMPLETE Column stats: COMPLETE
                      Map Join Operator
                        condition map:
                             Inner Join 0 to 1
                        keys:
                          0 _col3 (type: bigint)
                          1 _col0 (type: bigint)
                        outputColumnNames: _col0, _col1, _col2
                        input vertices:
                          1 Map 6
                        Statistics: Num rows: 30190202108 Data size: 724564850592 Basic stats: COMPLETE Column stats: COMPLETE
                        Map Join Operator
                          condition map:
                               Inner Join 0 to 1
                          keys:
                            0 _col0 (type: bigint)
                            1 _col0 (type: bigint)
                          outputColumnNames: _col1, _col2, _col6
                          input vertices:
                            1 Map 7
                          Statistics: Num rows: 30190202108 Data size: 724564850592 Basic stats: COMPLETE Column stats: COMPLETE
                          Select Operator
                            expressions: _col6 (type: bigint), _col1 (type: double), _col2 (type: double)
                            outputColumnNames: _col6, _col1, _col2
                            Statistics: Num rows: 30190202108 Data size: 724564850592 Basic stats: COMPLETE Column stats: COMPLETE
                            Group By Operator
                              aggregations: sum(_col1), sum(_col2)
                              keys: _col6 (type: bigint)
                              mode: hash
                              outputColumnNames: _col0, _col1, _col2
                              Statistics: Num rows: 1025715 Data size: 24617160 Basic stats: COMPLETE Column stats: COMPLETE
                              Reduce Output Operator
                                key expressions: _col0 (type: bigint)
                                sort order: +
                                Map-reduce partition columns: _col0 (type: bigint)
                                Statistics: Num rows: 1025715 Data size: 24617160 Basic stats: COMPLETE Column stats: COMPLETE
                                value expressions: _col1 (type: double), _col2 (type: double)
            Execution mode: vectorized, llap
            LLAP IO: all inputs
        Map 10 
            Map Operator Tree:
                TableScan
                  alias: catalog_sales
                  filterExpr: cs_sold_date_sk is not null (type: boolean)
                  Statistics: Num rows: 143352541321 Data size: 4584370137512 Basic stats: COMPLETE Column stats: COMPLETE
                  Select Operator
                    expressions: cs_call_center_sk (type: bigint), cs_ext_sales_price (type: double), cs_net_profit (type: double), cs_sold_date_sk (type: bigint)
                    outputColumnNames: _col0, _col1, _col2, _col3
                    Statistics: Num rows: 143352541321 Data size: 4584370137512 Basic stats: COMPLETE Column stats: COMPLETE
                    Map Join Operator
                      condition map:
                           Inner Join 0 to 1
                      keys:
                        0 _col3 (type: bigint)
                        1 _col0 (type: bigint)
                      outputColumnNames: _col0, _col1, _col2
                      input vertices:
                        1 Map 6
                      Statistics: Num rows: 15926969777 Data size: 382247274648 Basic stats: COMPLETE Column stats: COMPLETE
                      Group By Operator
                        aggregations: sum(_col1), sum(_col2)
                        keys: _col0 (type: bigint)
                        mode: hash
                        outputColumnNames: _col0, _col1, _col2
                        Statistics: Num rows: 17088 Data size: 410112 Basic stats: COMPLETE Column stats: COMPLETE
                        Reduce Output Operator
                          key expressions: _col0 (type: bigint)
                          sort order: +
                          Map-reduce partition columns: _col0 (type: bigint)
                          Statistics: Num rows: 17088 Data size: 410112 Basic stats: COMPLETE Column stats: COMPLETE
                          value expressions: _col1 (type: double), _col2 (type: double)
            Execution mode: vectorized, llap
            LLAP IO: all inputs
        Map 13 
            Map Operator Tree:
                TableScan
                  alias: catalog_returns
                  filterExpr: cr_returned_date_sk is not null (type: boolean)
                  Statistics: Num rows: 14403369483 Data size: 343639826712 Basic stats: COMPLETE Column stats: COMPLETE
                  Select Operator
                    expressions: cr_return_amount (type: double), cr_net_loss (type: double), cr_returned_date_sk (type: bigint)
                    outputColumnNames: _col0, _col1, _col2
                    Statistics: Num rows: 14403369483 Data size: 343639826712 Basic stats: COMPLETE Column stats: COMPLETE
                    Map Join Operator
                      condition map:
                           Inner Join 0 to 1
                      keys:
                        0 _col2 (type: bigint)
                        1 _col0 (type: bigint)
                      outputColumnNames: _col0, _col1
                      input vertices:
                        1 Map 6
                      Statistics: Num rows: 1600264832 Data size: 25604237312 Basic stats: COMPLETE Column stats: COMPLETE
                      Group By Operator
                        aggregations: sum(_col0), sum(_col1)
                        mode: hash
                        outputColumnNames: _col0, _col1
                        Statistics: Num rows: 1 Data size: 16 Basic stats: COMPLETE Column stats: COMPLETE
                        Reduce Output Operator
                          sort order: 
                          Statistics: Num rows: 1 Data size: 16 Basic stats: COMPLETE Column stats: COMPLETE
                          value expressions: _col0 (type: double), _col1 (type: double)
            Execution mode: vectorized, llap
            LLAP IO: all inputs
        Map 15 
            Map Operator Tree:
                TableScan
                  alias: web_sales
                  filterExpr: ws_web_page_sk is not null (type: boolean)
                  Statistics: Num rows: 71959659800 Data size: 2302636248968 Basic stats: COMPLETE Column stats: PARTIAL
                  Filter Operator
                    predicate: ws_web_page_sk is not null (type: boolean)
                    Statistics: Num rows: 71955177389 Data size: 2302492816352 Basic stats: COMPLETE Column stats: PARTIAL
                    Select Operator
                      expressions: ws_web_page_sk (type: bigint), ws_ext_sales_price (type: double), ws_net_profit (type: double), ws_sold_date_sk (type: bigint)
                      outputColumnNames: _col0, _col1, _col2, _col3
                      Statistics: Num rows: 71955177389 Data size: 2302492816352 Basic stats: COMPLETE Column stats: PARTIAL
                      Map Join Operator
                        condition map:
                             Inner Join 0 to 1
                        keys:
                          0 _col3 (type: bigint)
                          1 _col0 (type: bigint)
                        outputColumnNames: _col0, _col1, _col2
                        input vertices:
                          1 Map 6
                        Statistics: Num rows: 7994472404 Data size: 191867337696 Basic stats: COMPLETE Column stats: PARTIAL
                        Map Join Operator
                          condition map:
                               Inner Join 0 to 1
                          keys:
                            0 _col0 (type: bigint)
                            1 _col0 (type: bigint)
                          outputColumnNames: _col1, _col2, _col6
                          input vertices:
                            1 Map 17
                          Statistics: Num rows: 7994472404 Data size: 191867337696 Basic stats: COMPLETE Column stats: PARTIAL
                          Select Operator
                            expressions: _col6 (type: bigint), _col1 (type: double), _col2 (type: double)
                            outputColumnNames: _col6, _col1, _col2
                            Statistics: Num rows: 7994472404 Data size: 191867337696 Basic stats: COMPLETE Column stats: PARTIAL
                            Group By Operator
                              aggregations: sum(_col1), sum(_col2)
                              keys: _col6 (type: bigint)
                              mode: hash
                              outputColumnNames: _col0, _col1, _col2
                              Statistics: Num rows: 958100 Data size: 22994400 Basic stats: COMPLETE Column stats: PARTIAL
                              Reduce Output Operator
                                key expressions: _col0 (type: bigint)
                                sort order: +
                                Map-reduce partition columns: _col0 (type: bigint)
                                Statistics: Num rows: 958100 Data size: 22994400 Basic stats: COMPLETE Column stats: PARTIAL
                                value expressions: _col1 (type: double), _col2 (type: double)
            Execution mode: vectorized, llap
            LLAP IO: all inputs
        Map 17 
            Map Operator Tree:
                TableScan
                  alias: web_page
                  filterExpr: (wp_web_page_sk is not null or wp_web_page_sk is not null) (type: boolean)
                  Statistics: Num rows: 5004 Data size: 40032 Basic stats: COMPLETE Column stats: COMPLETE
                  Filter Operator
                    predicate: wp_web_page_sk is not null (type: boolean)
                    Statistics: Num rows: 5004 Data size: 40032 Basic stats: COMPLETE Column stats: COMPLETE
                    Select Operator
                      expressions: wp_web_page_sk (type: bigint)
                      outputColumnNames: _col0
                      Statistics: Num rows: 5004 Data size: 40032 Basic stats: COMPLETE Column stats: COMPLETE
                      Reduce Output Operator
                        key expressions: _col0 (type: bigint)
                        sort order: +
                        Map-reduce partition columns: _col0 (type: bigint)
                        Statistics: Num rows: 5004 Data size: 40032 Basic stats: COMPLETE Column stats: COMPLETE
                  Filter Operator
                    predicate: wp_web_page_sk is not null (type: boolean)
                    Statistics: Num rows: 5004 Data size: 40032 Basic stats: COMPLETE Column stats: COMPLETE
                    Select Operator
                      expressions: wp_web_page_sk (type: bigint)
                      outputColumnNames: _col0
                      Statistics: Num rows: 5004 Data size: 40032 Basic stats: COMPLETE Column stats: COMPLETE
                      Reduce Output Operator
                        key expressions: _col0 (type: bigint)
                        sort order: +
                        Map-reduce partition columns: _col0 (type: bigint)
                        Statistics: Num rows: 5004 Data size: 40032 Basic stats: COMPLETE Column stats: COMPLETE
            Execution mode: vectorized, llap
            LLAP IO: all inputs
        Map 18 
            Map Operator Tree:
                TableScan
                  alias: web_returns
                  filterExpr: wr_web_page_sk is not null (type: boolean)
                  Statistics: Num rows: 6871539542 Data size: 218207245920 Basic stats: COMPLETE Column stats: COMPLETE
                  Filter Operator
                    predicate: wr_web_page_sk is not null (type: boolean)
                    Statistics: Num rows: 6801593864 Data size: 215986105568 Basic stats: COMPLETE Column stats: COMPLETE
                    Select Operator
                      expressions: wr_web_page_sk (type: bigint), wr_return_amt (type: double), wr_net_loss (type: double), wr_returned_date_sk (type: bigint)
                      outputColumnNames: _col0, _col1, _col2, _col3
                      Statistics: Num rows: 6801593864 Data size: 215986105568 Basic stats: COMPLETE Column stats: COMPLETE
                      Map Join Operator
                        condition map:
                             Inner Join 0 to 1
                        keys:
                          0 _col3 (type: bigint)
                          1 _col0 (type: bigint)
                        outputColumnNames: _col0, _col1, _col2
                        input vertices:
                          1 Map 6
                        Statistics: Num rows: 755680918 Data size: 18136342032 Basic stats: COMPLETE Column stats: COMPLETE
                        Map Join Operator
                          condition map:
                               Inner Join 0 to 1
                          keys:
                            0 _col0 (type: bigint)
                            1 _col0 (type: bigint)
                          outputColumnNames: _col1, _col2, _col6
                          input vertices:
                            1 Map 17
                          Statistics: Num rows: 755680918 Data size: 18136342032 Basic stats: COMPLETE Column stats: COMPLETE
                          Select Operator
                            expressions: _col6 (type: bigint), _col1 (type: double), _col2 (type: double)
                            outputColumnNames: _col6, _col1, _col2
                            Statistics: Num rows: 755680918 Data size: 18136342032 Basic stats: COMPLETE Column stats: COMPLETE
                            Group By Operator
                              aggregations: sum(_col1), sum(_col2)
                              keys: _col6 (type: bigint)
                              mode: hash
                              outputColumnNames: _col0, _col1, _col2
                              Statistics: Num rows: 107045 Data size: 2569080 Basic stats: COMPLETE Column stats: COMPLETE
                              Reduce Output Operator
                                key expressions: _col0 (type: bigint)
                                sort order: +
                                Map-reduce partition columns: _col0 (type: bigint)
                                Statistics: Num rows: 107045 Data size: 2569080 Basic stats: COMPLETE Column stats: COMPLETE
                                value expressions: _col1 (type: double), _col2 (type: double)
            Execution mode: vectorized, llap
            LLAP IO: all inputs
        Map 6 
            Map Operator Tree:
                TableScan
                  alias: date_dim
                  filterExpr: (CAST( d_date AS TIMESTAMP) BETWEEN 1998-08-04 00:00:00.0 AND 1998-09-03 00:00:00.0 and d_date_sk is not null) (type: boolean)
                  Statistics: Num rows: 73049 Data size: 7450998 Basic stats: COMPLETE Column stats: COMPLETE
                  Filter Operator
                    predicate: (CAST( d_date AS TIMESTAMP) BETWEEN 1998-08-04 00:00:00.0 AND 1998-09-03 00:00:00.0 and d_date_sk is not null) (type: boolean)
                    Statistics: Num rows: 8116 Data size: 827832 Basic stats: COMPLETE Column stats: COMPLETE
                    Select Operator
                      expressions: d_date_sk (type: bigint)
                      outputColumnNames: _col0
                      Statistics: Num rows: 8116 Data size: 827832 Basic stats: COMPLETE Column stats: COMPLETE
                      Reduce Output Operator
                        key expressions: _col0 (type: bigint)
                        sort order: +
                        Map-reduce partition columns: _col0 (type: bigint)
                        Statistics: Num rows: 8116 Data size: 827832 Basic stats: COMPLETE Column stats: COMPLETE
                      Select Operator
                        expressions: _col0 (type: bigint)
                        outputColumnNames: _col0
                        Statistics: Num rows: 8116 Data size: 827832 Basic stats: COMPLETE Column stats: COMPLETE
                        Group By Operator
                          keys: _col0 (type: bigint)
                          mode: hash
                          outputColumnNames: _col0
                          Statistics: Num rows: 8116 Data size: 827832 Basic stats: COMPLETE Column stats: COMPLETE
                          Dynamic Partitioning Event Operator
                            Target column: ss_sold_date_sk (bigint)
                            Target Input: store_sales
                            Partition key expr: ss_sold_date_sk
                            Statistics: Num rows: 8116 Data size: 827832 Basic stats: COMPLETE Column stats: COMPLETE
                            Target Vertex: Map 1
                  Filter Operator
                    predicate: (CAST( d_date AS TIMESTAMP) BETWEEN 1998-08-04 00:00:00.0 AND 1998-09-03 00:00:00.0 and d_date_sk is not null) (type: boolean)
                    Statistics: Num rows: 8116 Data size: 827832 Basic stats: COMPLETE Column stats: COMPLETE
                    Select Operator
                      expressions: d_date_sk (type: bigint)
                      outputColumnNames: _col0
                      Statistics: Num rows: 8116 Data size: 827832 Basic stats: COMPLETE Column stats: COMPLETE
                      Reduce Output Operator
                        key expressions: _col0 (type: bigint)
                        sort order: +
                        Map-reduce partition columns: _col0 (type: bigint)
                        Statistics: Num rows: 8116 Data size: 827832 Basic stats: COMPLETE Column stats: COMPLETE
                      Select Operator
                        expressions: _col0 (type: bigint)
                        outputColumnNames: _col0
                        Statistics: Num rows: 8116 Data size: 827832 Basic stats: COMPLETE Column stats: COMPLETE
                        Group By Operator
                          keys: _col0 (type: bigint)
                          mode: hash
                          outputColumnNames: _col0
                          Statistics: Num rows: 8116 Data size: 827832 Basic stats: COMPLETE Column stats: COMPLETE
                          Dynamic Partitioning Event Operator
                            Target column: sr_returned_date_sk (bigint)
                            Target Input: store_returns
                            Partition key expr: sr_returned_date_sk
                            Statistics: Num rows: 8116 Data size: 827832 Basic stats: COMPLETE Column stats: COMPLETE
                            Target Vertex: Map 8
                  Filter Operator
                    predicate: (CAST( d_date AS TIMESTAMP) BETWEEN 1998-08-04 00:00:00.0 AND 1998-09-03 00:00:00.0 and d_date_sk is not null) (type: boolean)
                    Statistics: Num rows: 8116 Data size: 827832 Basic stats: COMPLETE Column stats: COMPLETE
                    Select Operator
                      expressions: d_date_sk (type: bigint)
                      outputColumnNames: _col0
                      Statistics: Num rows: 8116 Data size: 827832 Basic stats: COMPLETE Column stats: COMPLETE
                      Reduce Output Operator
                        key expressions: _col0 (type: bigint)
                        sort order: +
                        Map-reduce partition columns: _col0 (type: bigint)
                        Statistics: Num rows: 8116 Data size: 827832 Basic stats: COMPLETE Column stats: COMPLETE
                      Select Operator
                        expressions: _col0 (type: bigint)
                        outputColumnNames: _col0
                        Statistics: Num rows: 8116 Data size: 827832 Basic stats: COMPLETE Column stats: COMPLETE
                        Group By Operator
                          keys: _col0 (type: bigint)
                          mode: hash
                          outputColumnNames: _col0
                          Statistics: Num rows: 8116 Data size: 827832 Basic stats: COMPLETE Column stats: COMPLETE
                          Dynamic Partitioning Event Operator
                            Target column: cs_sold_date_sk (bigint)
                            Target Input: catalog_sales
                            Partition key expr: cs_sold_date_sk
                            Statistics: Num rows: 8116 Data size: 827832 Basic stats: COMPLETE Column stats: COMPLETE
                            Target Vertex: Map 10
                  Filter Operator
                    predicate: (CAST( d_date AS TIMESTAMP) BETWEEN 1998-08-04 00:00:00.0 AND 1998-09-03 00:00:00.0 and d_date_sk is not null) (type: boolean)
                    Statistics: Num rows: 8116 Data size: 827832 Basic stats: COMPLETE Column stats: COMPLETE
                    Select Operator
                      expressions: d_date_sk (type: bigint)
                      outputColumnNames: _col0
                      Statistics: Num rows: 8116 Data size: 827832 Basic stats: COMPLETE Column stats: COMPLETE
                      Reduce Output Operator
                        key expressions: _col0 (type: bigint)
                        sort order: +
                        Map-reduce partition columns: _col0 (type: bigint)
                        Statistics: Num rows: 8116 Data size: 827832 Basic stats: COMPLETE Column stats: COMPLETE
                      Select Operator
                        expressions: _col0 (type: bigint)
                        outputColumnNames: _col0
                        Statistics: Num rows: 8116 Data size: 827832 Basic stats: COMPLETE Column stats: COMPLETE
                        Group By Operator
                          keys: _col0 (type: bigint)
                          mode: hash
                          outputColumnNames: _col0
                          Statistics: Num rows: 8116 Data size: 827832 Basic stats: COMPLETE Column stats: COMPLETE
                          Dynamic Partitioning Event Operator
                            Target column: cr_returned_date_sk (bigint)
                            Target Input: catalog_returns
                            Partition key expr: cr_returned_date_sk
                            Statistics: Num rows: 8116 Data size: 827832 Basic stats: COMPLETE Column stats: COMPLETE
                            Target Vertex: Map 13
                  Filter Operator
                    predicate: (CAST( d_date AS TIMESTAMP) BETWEEN 1998-08-04 00:00:00.0 AND 1998-09-03 00:00:00.0 and d_date_sk is not null) (type: boolean)
                    Statistics: Num rows: 8116 Data size: 827832 Basic stats: COMPLETE Column stats: COMPLETE
                    Select Operator
                      expressions: d_date_sk (type: bigint)
                      outputColumnNames: _col0
                      Statistics: Num rows: 8116 Data size: 827832 Basic stats: COMPLETE Column stats: COMPLETE
                      Reduce Output Operator
                        key expressions: _col0 (type: bigint)
                        sort order: +
                        Map-reduce partition columns: _col0 (type: bigint)
                        Statistics: Num rows: 8116 Data size: 827832 Basic stats: COMPLETE Column stats: COMPLETE
                      Select Operator
                        expressions: _col0 (type: bigint)
                        outputColumnNames: _col0
                        Statistics: Num rows: 8116 Data size: 827832 Basic stats: COMPLETE Column stats: COMPLETE
                        Group By Operator
                          keys: _col0 (type: bigint)
                          mode: hash
                          outputColumnNames: _col0
                          Statistics: Num rows: 8116 Data size: 827832 Basic stats: COMPLETE Column stats: COMPLETE
                          Dynamic Partitioning Event Operator
                            Target column: ws_sold_date_sk (bigint)
                            Target Input: web_sales
                            Partition key expr: ws_sold_date_sk
                            Statistics: Num rows: 8116 Data size: 827832 Basic stats: COMPLETE Column stats: COMPLETE
                            Target Vertex: Map 15
                  Filter Operator
                    predicate: (CAST( d_date AS TIMESTAMP) BETWEEN 1998-08-04 00:00:00.0 AND 1998-09-03 00:00:00.0 and d_date_sk is not null) (type: boolean)
                    Statistics: Num rows: 8116 Data size: 827832 Basic stats: COMPLETE Column stats: COMPLETE
                    Select Operator
                      expressions: d_date_sk (type: bigint)
                      outputColumnNames: _col0
                      Statistics: Num rows: 8116 Data size: 827832 Basic stats: COMPLETE Column stats: COMPLETE
                      Reduce Output Operator
                        key expressions: _col0 (type: bigint)
                        sort order: +
                        Map-reduce partition columns: _col0 (type: bigint)
                        Statistics: Num rows: 8116 Data size: 827832 Basic stats: COMPLETE Column stats: COMPLETE
                      Select Operator
                        expressions: _col0 (type: bigint)
                        outputColumnNames: _col0
                        Statistics: Num rows: 8116 Data size: 827832 Basic stats: COMPLETE Column stats: COMPLETE
                        Group By Operator
                          keys: _col0 (type: bigint)
                          mode: hash
                          outputColumnNames: _col0
                          Statistics: Num rows: 8116 Data size: 827832 Basic stats: COMPLETE Column stats: COMPLETE
                          Dynamic Partitioning Event Operator
                            Target column: wr_returned_date_sk (bigint)
                            Target Input: web_returns
                            Partition key expr: wr_returned_date_sk
                            Statistics: Num rows: 8116 Data size: 827832 Basic stats: COMPLETE Column stats: COMPLETE
                            Target Vertex: Map 18
            Execution mode: vectorized, llap
            LLAP IO: all inputs
        Map 7 
            Map Operator Tree:
                TableScan
                  alias: store
                  filterExpr: (s_store_sk is not null or s_store_sk is not null) (type: boolean)
                  Statistics: Num rows: 1902 Data size: 15216 Basic stats: COMPLETE Column stats: COMPLETE
                  Filter Operator
                    predicate: s_store_sk is not null (type: boolean)
                    Statistics: Num rows: 1902 Data size: 15216 Basic stats: COMPLETE Column stats: COMPLETE
                    Select Operator
                      expressions: s_store_sk (type: bigint)
                      outputColumnNames: _col0
                      Statistics: Num rows: 1902 Data size: 15216 Basic stats: COMPLETE Column stats: COMPLETE
                      Reduce Output Operator
                        key expressions: _col0 (type: bigint)
                        sort order: +
                        Map-reduce partition columns: _col0 (type: bigint)
                        Statistics: Num rows: 1902 Data size: 15216 Basic stats: COMPLETE Column stats: COMPLETE
                  Filter Operator
                    predicate: s_store_sk is not null (type: boolean)
                    Statistics: Num rows: 1902 Data size: 15216 Basic stats: COMPLETE Column stats: COMPLETE
                    Select Operator
                      expressions: s_store_sk (type: bigint)
                      outputColumnNames: _col0
                      Statistics: Num rows: 1902 Data size: 15216 Basic stats: COMPLETE Column stats: COMPLETE
                      Reduce Output Operator
                        key expressions: _col0 (type: bigint)
                        sort order: +
                        Map-reduce partition columns: _col0 (type: bigint)
                        Statistics: Num rows: 1902 Data size: 15216 Basic stats: COMPLETE Column stats: COMPLETE
            Execution mode: vectorized, llap
            LLAP IO: all inputs
        Map 8 
            Map Operator Tree:
                TableScan
                  alias: store_returns
                  filterExpr: sr_store_sk is not null (type: boolean)
                  Statistics: Num rows: 27772807343 Data size: 883116794656 Basic stats: COMPLETE Column stats: COMPLETE
                  Filter Operator
                    predicate: sr_store_sk is not null (type: boolean)
                    Statistics: Num rows: 27536736218 Data size: 875610229952 Basic stats: COMPLETE Column stats: COMPLETE
                    Select Operator
                      expressions: sr_store_sk (type: bigint), sr_return_amt (type: double), sr_net_loss (type: double), sr_returned_date_sk (type: bigint)
                      outputColumnNames: _col0, _col1, _col2, _col3
                      Statistics: Num rows: 27536736218 Data size: 875610229952 Basic stats: COMPLETE Column stats: COMPLETE
                      Map Join Operator
                        condition map:
                             Inner Join 0 to 1
                        keys:
                          0 _col3 (type: bigint)
                          1 _col0 (type: bigint)
                        outputColumnNames: _col0, _col1, _col2
                        input vertices:
                          1 Map 6
                        Statistics: Num rows: 3059427908 Data size: 73426269792 Basic stats: COMPLETE Column stats: COMPLETE
                        Map Join Operator
                          condition map:
                               Inner Join 0 to 1
                          keys:
                            0 _col0 (type: bigint)
                            1 _col0 (type: bigint)
                          outputColumnNames: _col1, _col2, _col6
                          input vertices:
                            1 Map 7
                          Statistics: Num rows: 3059427908 Data size: 73426269792 Basic stats: COMPLETE Column stats: COMPLETE
                          Select Operator
                            expressions: _col6 (type: bigint), _col1 (type: double), _col2 (type: double)
                            outputColumnNames: _col6, _col1, _col2
                            Statistics: Num rows: 3059427908 Data size: 73426269792 Basic stats: COMPLETE Column stats: COMPLETE
                            Group By Operator
                              aggregations: sum(_col1), sum(_col2)
                              keys: _col6 (type: bigint)
                              mode: hash
                              outputColumnNames: _col0, _col1, _col2
                              Statistics: Num rows: 104025 Data size: 2496600 Basic stats: COMPLETE Column stats: COMPLETE
                              Reduce Output Operator
                                key expressions: _col0 (type: bigint)
                                sort order: +
                                Map-reduce partition columns: _col0 (type: bigint)
                                Statistics: Num rows: 104025 Data size: 2496600 Basic stats: COMPLETE Column stats: COMPLETE
                                value expressions: _col1 (type: double), _col2 (type: double)
            Execution mode: vectorized, llap
            LLAP IO: all inputs
        Reducer 11 
            Execution mode: vectorized, llap
            Reduce Operator Tree:
              Group By Operator
                aggregations: sum(VALUE._col0), sum(VALUE._col1)
                keys: KEY._col0 (type: bigint)
                mode: mergepartial
                outputColumnNames: _col0, _col1, _col2
                Statistics: Num rows: 3 Data size: 72 Basic stats: COMPLETE Column stats: COMPLETE
                Reduce Output Operator
                  sort order: 
                  Statistics: Num rows: 3 Data size: 72 Basic stats: COMPLETE Column stats: COMPLETE
                  value expressions: _col0 (type: bigint), _col1 (type: double), _col2 (type: double)
        Reducer 12 
            Execution mode: llap
            Reduce Operator Tree:
              Merge Join Operator
                condition map:
                     Inner Join 0 to 1
                keys:
                  0 
                  1 
                outputColumnNames: _col0, _col1, _col2, _col3, _col4
                Statistics: Num rows: 3 Data size: 120 Basic stats: COMPLETE Column stats: COMPLETE
                Select Operator
                  expressions: 'catalog channel' (type: string), _col0 (type: bigint), _col1 (type: double), _col3 (type: double), (_col2 - _col4) (type: double)
                  outputColumnNames: _col0, _col1, _col2, _col3, _col4
                  Statistics: Num rows: 3 Data size: 393 Basic stats: COMPLETE Column stats: COMPLETE
                  Group By Operator
                    aggregations: sum(_col2), sum(_col3), sum(_col4)
                    keys: _col0 (type: string), _col1 (type: bigint), 0 (type: int)
                    mode: hash
                    outputColumnNames: _col0, _col1, _col2, _col3, _col4, _col5
                    Statistics: Num rows: 649 Data size: 87615 Basic stats: COMPLETE Column stats: PARTIAL
                    Reduce Output Operator
                      key expressions: _col0 (type: string), _col1 (type: bigint), _col2 (type: int)
                      sort order: +++
                      Map-reduce partition columns: _col0 (type: string), _col1 (type: bigint), _col2 (type: int)
                      Statistics: Num rows: 649 Data size: 87615 Basic stats: COMPLETE Column stats: PARTIAL
                      TopN Hash Memory Usage: 0.04
                      value expressions: _col3 (type: double), _col4 (type: double), _col5 (type: double)
        Reducer 14 
            Execution mode: vectorized, llap
            Reduce Operator Tree:
              Group By Operator
                aggregations: sum(VALUE._col0), sum(VALUE._col1)
                mode: mergepartial
                outputColumnNames: _col0, _col1
                Statistics: Num rows: 1 Data size: 16 Basic stats: COMPLETE Column stats: COMPLETE
                Reduce Output Operator
                  sort order: 
                  Statistics: Num rows: 1 Data size: 16 Basic stats: COMPLETE Column stats: COMPLETE
                  value expressions: _col0 (type: double), _col1 (type: double)
        Reducer 16 
            Execution mode: llap
            Reduce Operator Tree:
              Group By Operator
                aggregations: sum(VALUE._col0), sum(VALUE._col1)
                keys: KEY._col0 (type: bigint)
                mode: mergepartial
                outputColumnNames: _col0, _col1, _col2
                Statistics: Num rows: 335 Data size: 8040 Basic stats: COMPLETE Column stats: PARTIAL
                Map Join Operator
                  condition map:
                       Left Outer Join0 to 1
                  keys:
                    0 _col0 (type: bigint)
                    1 _col0 (type: bigint)
                  outputColumnNames: _col0, _col1, _col2, _col4, _col5
                  input vertices:
                    1 Reducer 19
                  Statistics: Num rows: 335 Data size: 13400 Basic stats: COMPLETE Column stats: PARTIAL
                  Select Operator
                    expressions: 'web channel' (type: string), _col0 (type: bigint), _col1 (type: double), COALESCE(_col4,0) (type: double), (_col2 - COALESCE(_col5,0)) (type: double)
                    outputColumnNames: _col0, _col1, _col2, _col3, _col4
                    Statistics: Num rows: 335 Data size: 42545 Basic stats: COMPLETE Column stats: PARTIAL
                    Group By Operator
                      aggregations: sum(_col2), sum(_col3), sum(_col4)
                      keys: _col0 (type: string), _col1 (type: bigint), 0 (type: int)
                      mode: hash
                      outputColumnNames: _col0, _col1, _col2, _col3, _col4, _col5
                      Statistics: Num rows: 649 Data size: 87615 Basic stats: COMPLETE Column stats: PARTIAL
                      Reduce Output Operator
                        key expressions: _col0 (type: string), _col1 (type: bigint), _col2 (type: int)
                        sort order: +++
                        Map-reduce partition columns: _col0 (type: string), _col1 (type: bigint), _col2 (type: int)
                        Statistics: Num rows: 649 Data size: 87615 Basic stats: COMPLETE Column stats: PARTIAL
                        TopN Hash Memory Usage: 0.04
                        value expressions: _col3 (type: double), _col4 (type: double), _col5 (type: double)
        Reducer 19 
            Execution mode: vectorized, llap
            Reduce Operator Tree:
              Group By Operator
                aggregations: sum(VALUE._col0), sum(VALUE._col1)
                keys: KEY._col0 (type: bigint)
                mode: mergepartial
                outputColumnNames: _col0, _col1, _col2
                Statistics: Num rows: 395 Data size: 9480 Basic stats: COMPLETE Column stats: COMPLETE
                Reduce Output Operator
                  key expressions: _col0 (type: bigint)
                  sort order: +
                  Map-reduce partition columns: _col0 (type: bigint)
                  Statistics: Num rows: 395 Data size: 9480 Basic stats: COMPLETE Column stats: COMPLETE
                  value expressions: _col1 (type: double), _col2 (type: double)
        Reducer 2 
            Execution mode: llap
            Reduce Operator Tree:
              Group By Operator
                aggregations: sum(VALUE._col0), sum(VALUE._col1)
                keys: KEY._col0 (type: bigint)
                mode: mergepartial
                outputColumnNames: _col0, _col1, _col2
                Statistics: Num rows: 95 Data size: 2280 Basic stats: COMPLETE Column stats: COMPLETE
                Map Join Operator
                  condition map:
                       Left Outer Join0 to 1
                  keys:
                    0 _col0 (type: bigint)
                    1 _col0 (type: bigint)
                  outputColumnNames: _col0, _col1, _col2, _col4, _col5
                  input vertices:
                    1 Reducer 9
                  Statistics: Num rows: 95 Data size: 3800 Basic stats: COMPLETE Column stats: COMPLETE
                  Select Operator
                    expressions: 'store channel' (type: string), _col0 (type: bigint), _col1 (type: double), COALESCE(_col4,0) (type: double), (_col2 - COALESCE(_col5,0)) (type: double)
                    outputColumnNames: _col0, _col1, _col2, _col3, _col4
                    Statistics: Num rows: 95 Data size: 12255 Basic stats: COMPLETE Column stats: COMPLETE
                    Group By Operator
                      aggregations: sum(_col2), sum(_col3), sum(_col4)
                      keys: _col0 (type: string), _col1 (type: bigint), 0 (type: int)
                      mode: hash
                      outputColumnNames: _col0, _col1, _col2, _col3, _col4, _col5
                      Statistics: Num rows: 649 Data size: 87615 Basic stats: COMPLETE Column stats: PARTIAL
                      Reduce Output Operator
                        key expressions: _col0 (type: string), _col1 (type: bigint), _col2 (type: int)
                        sort order: +++
                        Map-reduce partition columns: _col0 (type: string), _col1 (type: bigint), _col2 (type: int)
                        Statistics: Num rows: 649 Data size: 87615 Basic stats: COMPLETE Column stats: PARTIAL
                        TopN Hash Memory Usage: 0.04
                        value expressions: _col3 (type: double), _col4 (type: double), _col5 (type: double)
        Reducer 4 
            Execution mode: llap
            Reduce Operator Tree:
              Group By Operator
                aggregations: sum(VALUE._col0), sum(VALUE._col1), sum(VALUE._col2)
                keys: KEY._col0 (type: string), KEY._col1 (type: bigint), KEY._col2 (type: int)
                mode: mergepartial
                outputColumnNames: _col0, _col1, _col3, _col4, _col5
                Statistics: Num rows: 335 Data size: 45225 Basic stats: COMPLETE Column stats: PARTIAL
                pruneGroupingSetId: true
                Select Operator
                  expressions: _col0 (type: string), _col1 (type: bigint), _col3 (type: double), _col4 (type: double), _col5 (type: double)
                  outputColumnNames: _col0, _col1, _col2, _col3, _col4
                  Statistics: Num rows: 335 Data size: 43885 Basic stats: COMPLETE Column stats: PARTIAL
                  Reduce Output Operator
                    key expressions: _col0 (type: string), _col1 (type: bigint)
                    sort order: ++
                    Statistics: Num rows: 335 Data size: 43885 Basic stats: COMPLETE Column stats: PARTIAL
                    TopN Hash Memory Usage: 0.04
                    value expressions: _col2 (type: double), _col3 (type: double), _col4 (type: double)
        Reducer 5 
            Execution mode: vectorized, llap
            Reduce Operator Tree:
              Select Operator
                expressions: KEY.reducesinkkey0 (type: string), KEY.reducesinkkey1 (type: bigint), VALUE._col0 (type: double), VALUE._col1 (type: double), VALUE._col2 (type: double)
                outputColumnNames: _col0, _col1, _col2, _col3, _col4
                Statistics: Num rows: 335 Data size: 43885 Basic stats: COMPLETE Column stats: PARTIAL
                Limit
                  Number of rows: 100
                  Statistics: Num rows: 100 Data size: 13100 Basic stats: COMPLETE Column stats: PARTIAL
                  File Output Operator
                    compressed: false
                    Statistics: Num rows: 100 Data size: 13100 Basic stats: COMPLETE Column stats: PARTIAL
                    table:
                        input format: org.apache.hadoop.mapred.SequenceFileInputFormat
                        output format: org.apache.hadoop.hive.ql.io.HiveSequenceFileOutputFormat
                        serde: org.apache.hadoop.hive.serde2.lazy.LazySimpleSerDe
        Reducer 9 
            Execution mode: vectorized, llap
            Reduce Operator Tree:
              Group By Operator
                aggregations: sum(VALUE._col0), sum(VALUE._col1)
                keys: KEY._col0 (type: bigint)
                mode: mergepartial
                outputColumnNames: _col0, _col1, _col2
                Statistics: Num rows: 95 Data size: 2280 Basic stats: COMPLETE Column stats: COMPLETE
                Reduce Output Operator
                  key expressions: _col0 (type: bigint)
                  sort order: +
                  Map-reduce partition columns: _col0 (type: bigint)
                  Statistics: Num rows: 95 Data size: 2280 Basic stats: COMPLETE Column stats: COMPLETE
                  value expressions: _col1 (type: double), _col2 (type: double)
        Union 3 
            Vertex: Union 3

  Stage: Stage-0
    Fetch Operator
      limit: 100
      Processor Tree:
        ListSink