STAGE DEPENDENCIES:
  Stage-1 is a root stage
  Stage-0 depends on stages: Stage-1

STAGE PLANS:
  Stage: Stage-1
    Tez
      DagId: hive_20170626025700_22af36cc-e180-49c4-98a3-dcdb666ed92a:447
      Edges:
        Map 1 <- Reducer 10 (BROADCAST_EDGE)
        Map 15 <- Reducer 11 (BROADCAST_EDGE)
        Map 18 <- Reducer 11 (BROADCAST_EDGE)
        Map 20 <- Reducer 12 (BROADCAST_EDGE)
        Map 23 <- Reducer 12 (BROADCAST_EDGE)
        Map 7 <- Reducer 10 (BROADCAST_EDGE)
        Reducer 10 <- Map 9 (CUSTOM_SIMPLE_EDGE)
        Reducer 11 <- Map 9 (CUSTOM_SIMPLE_EDGE)
        Reducer 12 <- Map 9 (CUSTOM_SIMPLE_EDGE)
        Reducer 16 <- Map 13 (BROADCAST_EDGE), Map 15 (CUSTOM_SIMPLE_EDGE), Map 18 (CUSTOM_SIMPLE_EDGE), Map 19 (BROADCAST_EDGE), Map 8 (BROADCAST_EDGE), Map 9 (BROADCAST_EDGE)
        Reducer 17 <- Reducer 16 (SIMPLE_EDGE), Union 4 (CONTAINS)
        Reducer 2 <- Map 1 (CUSTOM_SIMPLE_EDGE), Map 13 (BROADCAST_EDGE), Map 14 (BROADCAST_EDGE), Map 7 (CUSTOM_SIMPLE_EDGE), Map 8 (BROADCAST_EDGE), Map 9 (BROADCAST_EDGE)
        Reducer 21 <- Map 13 (BROADCAST_EDGE), Map 20 (CUSTOM_SIMPLE_EDGE), Map 23 (CUSTOM_SIMPLE_EDGE), Map 24 (BROADCAST_EDGE), Map 8 (BROADCAST_EDGE), Map 9 (BROADCAST_EDGE)
        Reducer 22 <- Reducer 21 (SIMPLE_EDGE), Union 4 (CONTAINS)
        Reducer 3 <- Reducer 2 (SIMPLE_EDGE), Union 4 (CONTAINS)
        Reducer 5 <- Union 4 (SIMPLE_EDGE)
        Reducer 6 <- Reducer 5 (SIMPLE_EDGE)
      DagName: query80.sql
      Vertices:
        Map 1 
            Map Operator Tree:
                TableScan
                  alias: store_sales
                  filterExpr: (ss_store_sk is not null and ss_item_sk is not null and ss_promo_sk is not null and (ss_item_sk BETWEEN DynamicValue(RS_25_item_i_item_sk_min) AND DynamicValue(RS_25_item_i_item_sk_max) and in_bloom_filter(ss_item_sk, DynamicValue(RS_25_item_i_item_sk_bloom_filter)))) (type: boolean)
                  Statistics: Num rows: 275035746821 Data size: 15296197549224 Basic stats: COMPLETE Column stats: COMPLETE
                  Filter Operator
                    predicate: (ss_store_sk is not null and ss_item_sk is not null and ss_promo_sk is not null and (ss_item_sk BETWEEN DynamicValue(RS_25_item_i_item_sk_min) AND DynamicValue(RS_25_item_i_item_sk_max) and in_bloom_filter(ss_item_sk, DynamicValue(RS_25_item_i_item_sk_bloom_filter)))) (type: boolean)
                    Statistics: Num rows: 268472827008 Data size: 14931198747720 Basic stats: COMPLETE Column stats: COMPLETE
                    Select Operator
                      expressions: ss_item_sk (type: bigint), ss_store_sk (type: bigint), ss_promo_sk (type: bigint), ss_ticket_number (type: bigint), ss_ext_sales_price (type: double), ss_net_profit (type: double), ss_sold_date_sk (type: bigint)
                      outputColumnNames: _col0, _col1, _col2, _col3, _col4, _col5, _col6
                      Statistics: Num rows: 268472827008 Data size: 14931198747720 Basic stats: COMPLETE Column stats: COMPLETE
                      Reduce Output Operator
                        key expressions: _col0 (type: bigint), _col3 (type: bigint)
                        sort order: ++
                        Map-reduce partition columns: _col0 (type: bigint), _col3 (type: bigint)
                        Statistics: Num rows: 268472827008 Data size: 14931198747720 Basic stats: COMPLETE Column stats: COMPLETE
                        value expressions: _col1 (type: bigint), _col2 (type: bigint), _col4 (type: double), _col5 (type: double), _col6 (type: bigint)
            Execution mode: vectorized, llap
            LLAP IO: all inputs
        Map 13 
            Map Operator Tree:
                TableScan
                  alias: promotion
                  filterExpr: ((p_channel_tv = 'n') and p_promo_sk is not null) (type: boolean)
                  Statistics: Num rows: 2500 Data size: 232500 Basic stats: COMPLETE Column stats: COMPLETE
                  Filter Operator
                    predicate: ((p_channel_tv = 'n') and p_promo_sk is not null) (type: boolean)
                    Statistics: Num rows: 1250 Data size: 116250 Basic stats: COMPLETE Column stats: COMPLETE
                    Select Operator
                      expressions: p_promo_sk (type: bigint)
                      outputColumnNames: _col0
                      Statistics: Num rows: 1250 Data size: 116250 Basic stats: COMPLETE Column stats: COMPLETE
                      Reduce Output Operator
                        key expressions: _col0 (type: bigint)
                        sort order: +
                        Map-reduce partition columns: _col0 (type: bigint)
                        Statistics: Num rows: 1250 Data size: 116250 Basic stats: COMPLETE Column stats: COMPLETE
                  Filter Operator
                    predicate: ((p_channel_tv = 'n') and p_promo_sk is not null) (type: boolean)
                    Statistics: Num rows: 1250 Data size: 116250 Basic stats: COMPLETE Column stats: COMPLETE
                    Select Operator
                      expressions: p_promo_sk (type: bigint)
                      outputColumnNames: _col0
                      Statistics: Num rows: 1250 Data size: 116250 Basic stats: COMPLETE Column stats: COMPLETE
                      Reduce Output Operator
                        key expressions: _col0 (type: bigint)
                        sort order: +
                        Map-reduce partition columns: _col0 (type: bigint)
                        Statistics: Num rows: 1250 Data size: 116250 Basic stats: COMPLETE Column stats: COMPLETE
                  Filter Operator
                    predicate: ((p_channel_tv = 'n') and p_promo_sk is not null) (type: boolean)
                    Statistics: Num rows: 1250 Data size: 116250 Basic stats: COMPLETE Column stats: COMPLETE
                    Select Operator
                      expressions: p_promo_sk (type: bigint)
                      outputColumnNames: _col0
                      Statistics: Num rows: 1250 Data size: 116250 Basic stats: COMPLETE Column stats: COMPLETE
                      Reduce Output Operator
                        key expressions: _col0 (type: bigint)
                        sort order: +
                        Map-reduce partition columns: _col0 (type: bigint)
                        Statistics: Num rows: 1250 Data size: 116250 Basic stats: COMPLETE Column stats: COMPLETE
            Execution mode: vectorized, llap
            LLAP IO: all inputs
        Map 14 
            Map Operator Tree:
                TableScan
                  alias: store
                  filterExpr: s_store_sk is not null (type: boolean)
                  Statistics: Num rows: 1902 Data size: 205416 Basic stats: COMPLETE Column stats: COMPLETE
                  Filter Operator
                    predicate: s_store_sk is not null (type: boolean)
                    Statistics: Num rows: 1902 Data size: 205416 Basic stats: COMPLETE Column stats: COMPLETE
                    Select Operator
                      expressions: s_store_sk (type: bigint), s_store_id (type: string)
                      outputColumnNames: _col0, _col1
                      Statistics: Num rows: 1902 Data size: 205416 Basic stats: COMPLETE Column stats: COMPLETE
                      Reduce Output Operator
                        key expressions: _col0 (type: bigint)
                        sort order: +
                        Map-reduce partition columns: _col0 (type: bigint)
                        Statistics: Num rows: 1902 Data size: 205416 Basic stats: COMPLETE Column stats: COMPLETE
                        value expressions: _col1 (type: string)
            Execution mode: vectorized, llap
            LLAP IO: all inputs
        Map 15 
            Map Operator Tree:
                TableScan
                  alias: catalog_sales
                  filterExpr: (cs_catalog_page_sk is not null and cs_item_sk is not null and cs_promo_sk is not null and (cs_item_sk BETWEEN DynamicValue(RS_64_item_i_item_sk_min) AND DynamicValue(RS_64_item_i_item_sk_max) and in_bloom_filter(cs_item_sk, DynamicValue(RS_64_item_i_item_sk_bloom_filter)))) (type: boolean)
                  Statistics: Num rows: 143352541321 Data size: 8023365335720 Basic stats: COMPLETE Column stats: COMPLETE
                  Filter Operator
                    predicate: (cs_catalog_page_sk is not null and cs_item_sk is not null and cs_promo_sk is not null and (cs_item_sk BETWEEN DynamicValue(RS_64_item_i_item_sk_min) AND DynamicValue(RS_64_item_i_item_sk_max) and in_bloom_filter(cs_item_sk, DynamicValue(RS_64_item_i_item_sk_bloom_filter)))) (type: boolean)
                    Statistics: Num rows: 142987605210 Data size: 8002940056088 Basic stats: COMPLETE Column stats: COMPLETE
                    Select Operator
                      expressions: cs_catalog_page_sk (type: bigint), cs_item_sk (type: bigint), cs_promo_sk (type: bigint), cs_order_number (type: bigint), cs_ext_sales_price (type: double), cs_net_profit (type: double), cs_sold_date_sk (type: bigint)
                      outputColumnNames: _col0, _col1, _col2, _col3, _col4, _col5, _col6
                      Statistics: Num rows: 142987605210 Data size: 8002940056088 Basic stats: COMPLETE Column stats: COMPLETE
                      Reduce Output Operator
                        key expressions: _col1 (type: bigint), _col3 (type: bigint)
                        sort order: ++
                        Map-reduce partition columns: _col1 (type: bigint), _col3 (type: bigint)
                        Statistics: Num rows: 142987605210 Data size: 8002940056088 Basic stats: COMPLETE Column stats: COMPLETE
                        value expressions: _col0 (type: bigint), _col2 (type: bigint), _col4 (type: double), _col5 (type: double), _col6 (type: bigint)
            Execution mode: vectorized, llap
            LLAP IO: all inputs
        Map 18 
            Map Operator Tree:
                TableScan
                  alias: catalog_returns
                  filterExpr: (cr_item_sk is not null and (cr_item_sk BETWEEN DynamicValue(RS_64_item_i_item_sk_min) AND DynamicValue(RS_64_item_i_item_sk_max) and in_bloom_filter(cr_item_sk, DynamicValue(RS_64_item_i_item_sk_bloom_filter)))) (type: boolean)
                  Statistics: Num rows: 14403369483 Data size: 458866782576 Basic stats: COMPLETE Column stats: COMPLETE
                  Filter Operator
                    predicate: (cr_item_sk is not null and (cr_item_sk BETWEEN DynamicValue(RS_64_item_i_item_sk_min) AND DynamicValue(RS_64_item_i_item_sk_max) and in_bloom_filter(cr_item_sk, DynamicValue(RS_64_item_i_item_sk_bloom_filter)))) (type: boolean)
                    Statistics: Num rows: 14403369483 Data size: 458866782576 Basic stats: COMPLETE Column stats: COMPLETE
                    Select Operator
                      expressions: cr_item_sk (type: bigint), cr_order_number (type: bigint), cr_return_amount (type: double), cr_net_loss (type: double)
                      outputColumnNames: _col0, _col1, _col2, _col3
                      Statistics: Num rows: 14403369483 Data size: 458866782576 Basic stats: COMPLETE Column stats: COMPLETE
                      Reduce Output Operator
                        key expressions: _col0 (type: bigint), _col1 (type: bigint)
                        sort order: ++
                        Map-reduce partition columns: _col0 (type: bigint), _col1 (type: bigint)
                        Statistics: Num rows: 14403369483 Data size: 458866782576 Basic stats: COMPLETE Column stats: COMPLETE
                        value expressions: _col2 (type: double), _col3 (type: double)
            Execution mode: vectorized, llap
            LLAP IO: all inputs
        Map 19 
            Map Operator Tree:
                TableScan
                  alias: catalog_page
                  filterExpr: cp_catalog_page_sk is not null (type: boolean)
                  Statistics: Num rows: 50000 Data size: 5400000 Basic stats: COMPLETE Column stats: COMPLETE
                  Filter Operator
                    predicate: cp_catalog_page_sk is not null (type: boolean)
                    Statistics: Num rows: 50000 Data size: 5400000 Basic stats: COMPLETE Column stats: COMPLETE
                    Select Operator
                      expressions: cp_catalog_page_sk (type: bigint), cp_catalog_page_id (type: string)
                      outputColumnNames: _col0, _col1
                      Statistics: Num rows: 50000 Data size: 5400000 Basic stats: COMPLETE Column stats: COMPLETE
                      Reduce Output Operator
                        key expressions: _col0 (type: bigint)
                        sort order: +
                        Map-reduce partition columns: _col0 (type: bigint)
                        Statistics: Num rows: 50000 Data size: 5400000 Basic stats: COMPLETE Column stats: COMPLETE
                        value expressions: _col1 (type: string)
            Execution mode: vectorized, llap
            LLAP IO: all inputs
        Map 20 
            Map Operator Tree:
                TableScan
                  alias: web_sales
                  filterExpr: (ws_web_site_sk is not null and ws_item_sk is not null and ws_promo_sk is not null and (ws_item_sk BETWEEN DynamicValue(RS_105_item_i_item_sk_min) AND DynamicValue(RS_105_item_i_item_sk_max) and in_bloom_filter(ws_item_sk, DynamicValue(RS_105_item_i_item_sk_bloom_filter)))) (type: boolean)
                  Statistics: Num rows: 71959659800 Data size: 4029630439776 Basic stats: COMPLETE Column stats: PARTIAL
                  Filter Operator
                    predicate: (ws_web_site_sk is not null and ws_item_sk is not null and ws_promo_sk is not null and (ws_item_sk BETWEEN DynamicValue(RS_105_item_i_item_sk_min) AND DynamicValue(RS_105_item_i_item_sk_max) and in_bloom_filter(ws_item_sk, DynamicValue(RS_105_item_i_item_sk_bloom_filter)))) (type: boolean)
                    Statistics: Num rows: 71950472132 Data size: 4029115944480 Basic stats: COMPLETE Column stats: PARTIAL
                    Select Operator
                      expressions: ws_item_sk (type: bigint), ws_web_site_sk (type: bigint), ws_promo_sk (type: bigint), ws_order_number (type: bigint), ws_ext_sales_price (type: double), ws_net_profit (type: double), ws_sold_date_sk (type: bigint)
                      outputColumnNames: _col0, _col1, _col2, _col3, _col4, _col5, _col6
                      Statistics: Num rows: 71950472132 Data size: 4029115944480 Basic stats: COMPLETE Column stats: PARTIAL
                      Reduce Output Operator
                        key expressions: _col0 (type: bigint), _col3 (type: bigint)
                        sort order: ++
                        Map-reduce partition columns: _col0 (type: bigint), _col3 (type: bigint)
                        Statistics: Num rows: 71950472132 Data size: 4029115944480 Basic stats: COMPLETE Column stats: PARTIAL
                        value expressions: _col1 (type: bigint), _col2 (type: bigint), _col4 (type: double), _col5 (type: double), _col6 (type: bigint)
            Execution mode: vectorized, llap
            LLAP IO: all inputs
        Map 23 
            Map Operator Tree:
                TableScan
                  alias: web_returns
                  filterExpr: (wr_item_sk is not null and (wr_item_sk BETWEEN DynamicValue(RS_105_item_i_item_sk_min) AND DynamicValue(RS_105_item_i_item_sk_max) and in_bloom_filter(wr_item_sk, DynamicValue(RS_105_item_i_item_sk_bloom_filter)))) (type: boolean)
                  Statistics: Num rows: 7191510606 Data size: 229005885384 Basic stats: COMPLETE Column stats: PARTIAL
                  Filter Operator
                    predicate: (wr_item_sk is not null and (wr_item_sk BETWEEN DynamicValue(RS_105_item_i_item_sk_min) AND DynamicValue(RS_105_item_i_item_sk_max) and in_bloom_filter(wr_item_sk, DynamicValue(RS_105_item_i_item_sk_bloom_filter)))) (type: boolean)
                    Statistics: Num rows: 7191510606 Data size: 229005885384 Basic stats: COMPLETE Column stats: PARTIAL
                    Select Operator
                      expressions: wr_item_sk (type: bigint), wr_order_number (type: bigint), wr_return_amt (type: double), wr_net_loss (type: double)
                      outputColumnNames: _col0, _col1, _col2, _col3
                      Statistics: Num rows: 7191510606 Data size: 229005885384 Basic stats: COMPLETE Column stats: PARTIAL
                      Reduce Output Operator
                        key expressions: _col0 (type: bigint), _col1 (type: bigint)
                        sort order: ++
                        Map-reduce partition columns: _col0 (type: bigint), _col1 (type: bigint)
                        Statistics: Num rows: 7191510606 Data size: 229005885384 Basic stats: COMPLETE Column stats: PARTIAL
                        value expressions: _col2 (type: double), _col3 (type: double)
            Execution mode: vectorized, llap
            LLAP IO: all inputs
        Map 24 
            Map Operator Tree:
                TableScan
                  alias: web_site
                  filterExpr: web_site_sk is not null (type: boolean)
                  Statistics: Num rows: 96 Data size: 10368 Basic stats: COMPLETE Column stats: COMPLETE
                  Filter Operator
                    predicate: web_site_sk is not null (type: boolean)
                    Statistics: Num rows: 96 Data size: 10368 Basic stats: COMPLETE Column stats: COMPLETE
                    Select Operator
                      expressions: web_site_sk (type: bigint), web_site_id (type: string)
                      outputColumnNames: _col0, _col1
                      Statistics: Num rows: 96 Data size: 10368 Basic stats: COMPLETE Column stats: COMPLETE
                      Reduce Output Operator
                        key expressions: _col0 (type: bigint)
                        sort order: +
                        Map-reduce partition columns: _col0 (type: bigint)
                        Statistics: Num rows: 96 Data size: 10368 Basic stats: COMPLETE Column stats: COMPLETE
                        value expressions: _col1 (type: string)
            Execution mode: vectorized, llap
            LLAP IO: all inputs
        Map 7 
            Map Operator Tree:
                TableScan
                  alias: store_returns
                  filterExpr: (sr_item_sk is not null and (sr_item_sk BETWEEN DynamicValue(RS_25_item_i_item_sk_min) AND DynamicValue(RS_25_item_i_item_sk_max) and in_bloom_filter(sr_item_sk, DynamicValue(RS_25_item_i_item_sk_bloom_filter)))) (type: boolean)
                  Statistics: Num rows: 28777641316 Data size: 917160050784 Basic stats: COMPLETE Column stats: PARTIAL
                  Filter Operator
                    predicate: (sr_item_sk is not null and (sr_item_sk BETWEEN DynamicValue(RS_25_item_i_item_sk_min) AND DynamicValue(RS_25_item_i_item_sk_max) and in_bloom_filter(sr_item_sk, DynamicValue(RS_25_item_i_item_sk_bloom_filter)))) (type: boolean)
                    Statistics: Num rows: 28777641316 Data size: 917160050784 Basic stats: COMPLETE Column stats: PARTIAL
                    Select Operator
                      expressions: sr_item_sk (type: bigint), sr_ticket_number (type: bigint), sr_return_amt (type: double), sr_net_loss (type: double)
                      outputColumnNames: _col0, _col1, _col2, _col3
                      Statistics: Num rows: 28777641316 Data size: 917160050784 Basic stats: COMPLETE Column stats: PARTIAL
                      Reduce Output Operator
                        key expressions: _col0 (type: bigint), _col1 (type: bigint)
                        sort order: ++
                        Map-reduce partition columns: _col0 (type: bigint), _col1 (type: bigint)
                        Statistics: Num rows: 28777641316 Data size: 917160050784 Basic stats: COMPLETE Column stats: PARTIAL
                        value expressions: _col2 (type: double), _col3 (type: double)
            Execution mode: vectorized, llap
            LLAP IO: all inputs
        Map 8 
            Map Operator Tree:
                TableScan
                  alias: date_dim
                  filterExpr: (CAST( d_date AS TIMESTAMP) BETWEEN 1998-08-04 00:00:00.0 AND 1998-09-03 00:00:00.0 and d_date_sk is not null) (type: boolean)
                  Statistics: Num rows: 73049 Data size: 7450998 Basic stats: COMPLETE Column stats: COMPLETE
                  Filter Operator
                    predicate: (CAST( d_date AS TIMESTAMP) BETWEEN 1998-08-04 00:00:00.0 AND 1998-09-03 00:00:00.0 and d_date_sk is not null) (type: boolean)
                    Statistics: Num rows: 8116 Data size: 827832 Basic stats: COMPLETE Column stats: COMPLETE
                    Select Operator
                      expressions: d_date_sk (type: bigint)
                      outputColumnNames: _col0
                      Statistics: Num rows: 8116 Data size: 827832 Basic stats: COMPLETE Column stats: COMPLETE
                      Reduce Output Operator
                        key expressions: _col0 (type: bigint)
                        sort order: +
                        Map-reduce partition columns: _col0 (type: bigint)
                        Statistics: Num rows: 8116 Data size: 827832 Basic stats: COMPLETE Column stats: COMPLETE
                      Select Operator
                        expressions: _col0 (type: bigint)
                        outputColumnNames: _col0
                        Statistics: Num rows: 8116 Data size: 827832 Basic stats: COMPLETE Column stats: COMPLETE
                        Group By Operator
                          keys: _col0 (type: bigint)
                          mode: hash
                          outputColumnNames: _col0
                          Statistics: Num rows: 8116 Data size: 827832 Basic stats: COMPLETE Column stats: COMPLETE
                          Dynamic Partitioning Event Operator
                            Target column: ss_sold_date_sk (bigint)
                            Target Input: store_sales
                            Partition key expr: ss_sold_date_sk
                            Statistics: Num rows: 8116 Data size: 827832 Basic stats: COMPLETE Column stats: COMPLETE
                            Target Vertex: Map 1
                  Filter Operator
                    predicate: (CAST( d_date AS TIMESTAMP) BETWEEN 1998-08-04 00:00:00.0 AND 1998-09-03 00:00:00.0 and d_date_sk is not null) (type: boolean)
                    Statistics: Num rows: 8116 Data size: 827832 Basic stats: COMPLETE Column stats: COMPLETE
                    Select Operator
                      expressions: d_date_sk (type: bigint)
                      outputColumnNames: _col0
                      Statistics: Num rows: 8116 Data size: 827832 Basic stats: COMPLETE Column stats: COMPLETE
                      Reduce Output Operator
                        key expressions: _col0 (type: bigint)
                        sort order: +
                        Map-reduce partition columns: _col0 (type: bigint)
                        Statistics: Num rows: 8116 Data size: 827832 Basic stats: COMPLETE Column stats: COMPLETE
                      Select Operator
                        expressions: _col0 (type: bigint)
                        outputColumnNames: _col0
                        Statistics: Num rows: 8116 Data size: 827832 Basic stats: COMPLETE Column stats: COMPLETE
                        Group By Operator
                          keys: _col0 (type: bigint)
                          mode: hash
                          outputColumnNames: _col0
                          Statistics: Num rows: 8116 Data size: 827832 Basic stats: COMPLETE Column stats: COMPLETE
                          Dynamic Partitioning Event Operator
                            Target column: cs_sold_date_sk (bigint)
                            Target Input: catalog_sales
                            Partition key expr: cs_sold_date_sk
                            Statistics: Num rows: 8116 Data size: 827832 Basic stats: COMPLETE Column stats: COMPLETE
                            Target Vertex: Map 15
                  Filter Operator
                    predicate: (CAST( d_date AS TIMESTAMP) BETWEEN 1998-08-04 00:00:00.0 AND 1998-09-03 00:00:00.0 and d_date_sk is not null) (type: boolean)
                    Statistics: Num rows: 8116 Data size: 827832 Basic stats: COMPLETE Column stats: COMPLETE
                    Select Operator
                      expressions: d_date_sk (type: bigint)
                      outputColumnNames: _col0
                      Statistics: Num rows: 8116 Data size: 827832 Basic stats: COMPLETE Column stats: COMPLETE
                      Reduce Output Operator
                        key expressions: _col0 (type: bigint)
                        sort order: +
                        Map-reduce partition columns: _col0 (type: bigint)
                        Statistics: Num rows: 8116 Data size: 827832 Basic stats: COMPLETE Column stats: COMPLETE
                      Select Operator
                        expressions: _col0 (type: bigint)
                        outputColumnNames: _col0
                        Statistics: Num rows: 8116 Data size: 827832 Basic stats: COMPLETE Column stats: COMPLETE
                        Group By Operator
                          keys: _col0 (type: bigint)
                          mode: hash
                          outputColumnNames: _col0
                          Statistics: Num rows: 8116 Data size: 827832 Basic stats: COMPLETE Column stats: COMPLETE
                          Dynamic Partitioning Event Operator
                            Target column: ws_sold_date_sk (bigint)
                            Target Input: web_sales
                            Partition key expr: ws_sold_date_sk
                            Statistics: Num rows: 8116 Data size: 827832 Basic stats: COMPLETE Column stats: COMPLETE
                            Target Vertex: Map 20
            Execution mode: vectorized, llap
            LLAP IO: all inputs
        Map 9 
            Map Operator Tree:
                TableScan
                  alias: item
                  filterExpr: ((i_current_price > 50.0) and i_item_sk is not null) (type: boolean)
                  Statistics: Num rows: 502000 Data size: 8021904 Basic stats: COMPLETE Column stats: COMPLETE
                  Filter Operator
                    predicate: ((i_current_price > 50.0) and i_item_sk is not null) (type: boolean)
                    Statistics: Num rows: 167333 Data size: 2673968 Basic stats: COMPLETE Column stats: COMPLETE
                    Select Operator
                      expressions: i_item_sk (type: bigint)
                      outputColumnNames: _col0
                      Statistics: Num rows: 167333 Data size: 2673968 Basic stats: COMPLETE Column stats: COMPLETE
                      Reduce Output Operator
                        key expressions: _col0 (type: bigint)
                        sort order: +
                        Map-reduce partition columns: _col0 (type: bigint)
                        Statistics: Num rows: 167333 Data size: 2673968 Basic stats: COMPLETE Column stats: COMPLETE
                      Select Operator
                        expressions: _col0 (type: bigint)
                        outputColumnNames: _col0
                        Statistics: Num rows: 167333 Data size: 1338664 Basic stats: COMPLETE Column stats: COMPLETE
                        Group By Operator
                          aggregations: min(_col0), max(_col0), bloom_filter(_col0, expectedEntries=1000000)
                          mode: hash
                          outputColumnNames: _col0, _col1, _col2
                          Statistics: Num rows: 1 Data size: 24 Basic stats: COMPLETE Column stats: COMPLETE
                          Reduce Output Operator
                            sort order: 
                            Statistics: Num rows: 1 Data size: 24 Basic stats: COMPLETE Column stats: COMPLETE
                            value expressions: _col0 (type: bigint), _col1 (type: bigint), _col2 (type: binary)
                  Filter Operator
                    predicate: ((i_current_price > 50.0) and i_item_sk is not null) (type: boolean)
                    Statistics: Num rows: 167333 Data size: 2673968 Basic stats: COMPLETE Column stats: COMPLETE
                    Select Operator
                      expressions: i_item_sk (type: bigint)
                      outputColumnNames: _col0
                      Statistics: Num rows: 167333 Data size: 2673968 Basic stats: COMPLETE Column stats: COMPLETE
                      Reduce Output Operator
                        key expressions: _col0 (type: bigint)
                        sort order: +
                        Map-reduce partition columns: _col0 (type: bigint)
                        Statistics: Num rows: 167333 Data size: 2673968 Basic stats: COMPLETE Column stats: COMPLETE
                      Select Operator
                        expressions: _col0 (type: bigint)
                        outputColumnNames: _col0
                        Statistics: Num rows: 167333 Data size: 1338664 Basic stats: COMPLETE Column stats: COMPLETE
                        Group By Operator
                          aggregations: min(_col0), max(_col0), bloom_filter(_col0, expectedEntries=1000000)
                          mode: hash
                          outputColumnNames: _col0, _col1, _col2
                          Statistics: Num rows: 1 Data size: 24 Basic stats: COMPLETE Column stats: COMPLETE
                          Reduce Output Operator
                            sort order: 
                            Statistics: Num rows: 1 Data size: 24 Basic stats: COMPLETE Column stats: COMPLETE
                            value expressions: _col0 (type: bigint), _col1 (type: bigint), _col2 (type: binary)
                  Filter Operator
                    predicate: ((i_current_price > 50.0) and i_item_sk is not null) (type: boolean)
                    Statistics: Num rows: 167333 Data size: 2673968 Basic stats: COMPLETE Column stats: COMPLETE
                    Select Operator
                      expressions: i_item_sk (type: bigint)
                      outputColumnNames: _col0
                      Statistics: Num rows: 167333 Data size: 2673968 Basic stats: COMPLETE Column stats: COMPLETE
                      Reduce Output Operator
                        key expressions: _col0 (type: bigint)
                        sort order: +
                        Map-reduce partition columns: _col0 (type: bigint)
                        Statistics: Num rows: 167333 Data size: 2673968 Basic stats: COMPLETE Column stats: COMPLETE
                      Select Operator
                        expressions: _col0 (type: bigint)
                        outputColumnNames: _col0
                        Statistics: Num rows: 167333 Data size: 1338664 Basic stats: COMPLETE Column stats: COMPLETE
                        Group By Operator
                          aggregations: min(_col0), max(_col0), bloom_filter(_col0, expectedEntries=1000000)
                          mode: hash
                          outputColumnNames: _col0, _col1, _col2
                          Statistics: Num rows: 1 Data size: 24 Basic stats: COMPLETE Column stats: COMPLETE
                          Reduce Output Operator
                            sort order: 
                            Statistics: Num rows: 1 Data size: 24 Basic stats: COMPLETE Column stats: COMPLETE
                            value expressions: _col0 (type: bigint), _col1 (type: bigint), _col2 (type: binary)
            Execution mode: vectorized, llap
            LLAP IO: all inputs
        Reducer 10 
            Execution mode: vectorized, llap
            Reduce Operator Tree:
              Group By Operator
                aggregations: min(VALUE._col0), max(VALUE._col1), bloom_filter(VALUE._col2, expectedEntries=1000000)
                mode: final
                outputColumnNames: _col0, _col1, _col2
                Statistics: Num rows: 1 Data size: 24 Basic stats: COMPLETE Column stats: COMPLETE
                Reduce Output Operator
                  sort order: 
                  Statistics: Num rows: 1 Data size: 24 Basic stats: COMPLETE Column stats: COMPLETE
                  value expressions: _col0 (type: bigint), _col1 (type: bigint), _col2 (type: binary)
                Reduce Output Operator
                  sort order: 
                  Statistics: Num rows: 1 Data size: 24 Basic stats: COMPLETE Column stats: COMPLETE
                  value expressions: _col0 (type: bigint), _col1 (type: bigint), _col2 (type: binary)
        Reducer 11 
            Execution mode: vectorized, llap
            Reduce Operator Tree:
              Group By Operator
                aggregations: min(VALUE._col0), max(VALUE._col1), bloom_filter(VALUE._col2, expectedEntries=1000000)
                mode: final
                outputColumnNames: _col0, _col1, _col2
                Statistics: Num rows: 1 Data size: 24 Basic stats: COMPLETE Column stats: COMPLETE
                Reduce Output Operator
                  sort order: 
                  Statistics: Num rows: 1 Data size: 24 Basic stats: COMPLETE Column stats: COMPLETE
                  value expressions: _col0 (type: bigint), _col1 (type: bigint), _col2 (type: binary)
                Reduce Output Operator
                  sort order: 
                  Statistics: Num rows: 1 Data size: 24 Basic stats: COMPLETE Column stats: COMPLETE
                  value expressions: _col0 (type: bigint), _col1 (type: bigint), _col2 (type: binary)
        Reducer 12 
            Execution mode: vectorized, llap
            Reduce Operator Tree:
              Group By Operator
                aggregations: min(VALUE._col0), max(VALUE._col1), bloom_filter(VALUE._col2, expectedEntries=1000000)
                mode: final
                outputColumnNames: _col0, _col1, _col2
                Statistics: Num rows: 1 Data size: 24 Basic stats: COMPLETE Column stats: COMPLETE
                Reduce Output Operator
                  sort order: 
                  Statistics: Num rows: 1 Data size: 24 Basic stats: COMPLETE Column stats: COMPLETE
                  value expressions: _col0 (type: bigint), _col1 (type: bigint), _col2 (type: binary)
                Reduce Output Operator
                  sort order: 
                  Statistics: Num rows: 1 Data size: 24 Basic stats: COMPLETE Column stats: COMPLETE
                  value expressions: _col0 (type: bigint), _col1 (type: bigint), _col2 (type: binary)
        Reducer 16 
            Execution mode: vectorized, llap
            Reduce Operator Tree:
              Map Join Operator
                condition map:
                     Left Outer Join0 to 1
                keys:
                  0 KEY.reducesinkkey0 (type: bigint), KEY.reducesinkkey1 (type: bigint)
                  1 KEY.reducesinkkey0 (type: bigint), KEY.reducesinkkey1 (type: bigint)
                outputColumnNames: _col0, _col1, _col2, _col4, _col5, _col6, _col9, _col10
                input vertices:
                  1 Map 18
                Statistics: Num rows: 142987605210 Data size: 9151206733440 Basic stats: COMPLETE Column stats: COMPLETE
                Map Join Operator
                  condition map:
                       Inner Join 0 to 1
                  keys:
                    0 _col6 (type: bigint)
                    1 _col0 (type: bigint)
                  outputColumnNames: _col0, _col1, _col2, _col4, _col5, _col9, _col10
                  input vertices:
                    1 Map 8
                  Statistics: Num rows: 15886424096 Data size: 889639749376 Basic stats: COMPLETE Column stats: COMPLETE
                  Map Join Operator
                    condition map:
                         Inner Join 0 to 1
                    keys:
                      0 _col1 (type: bigint)
                      1 _col0 (type: bigint)
                    outputColumnNames: _col0, _col2, _col4, _col5, _col9, _col10
                    input vertices:
                      1 Map 9
                    Statistics: Num rows: 5295463968 Data size: 254182270464 Basic stats: COMPLETE Column stats: COMPLETE
                    Map Join Operator
                      condition map:
                           Inner Join 0 to 1
                      keys:
                        0 _col2 (type: bigint)
                        1 _col0 (type: bigint)
                      outputColumnNames: _col0, _col4, _col5, _col9, _col10
                      input vertices:
                        1 Map 13
                      Statistics: Num rows: 2647731984 Data size: 105909279360 Basic stats: COMPLETE Column stats: COMPLETE
                      Map Join Operator
                        condition map:
                             Inner Join 0 to 1
                        keys:
                          0 _col0 (type: bigint)
                          1 _col0 (type: bigint)
                        outputColumnNames: _col4, _col5, _col9, _col10, _col18
                        input vertices:
                          1 Map 19
                        Statistics: Num rows: 2647731984 Data size: 349500621888 Basic stats: COMPLETE Column stats: COMPLETE
                        Select Operator
                          expressions: _col18 (type: string), _col4 (type: double), COALESCE(_col9,0) (type: double), (_col5 - COALESCE(_col10,0)) (type: double)
                          outputColumnNames: _col0, _col1, _col2, _col3
                          Statistics: Num rows: 2647731984 Data size: 349500621888 Basic stats: COMPLETE Column stats: COMPLETE
                          Group By Operator
                            aggregations: sum(_col1), sum(_col2), sum(_col3)
                            keys: _col0 (type: string)
                            mode: hash
                            outputColumnNames: _col0, _col1, _col2, _col3
                            Statistics: Num rows: 202309968 Data size: 25086436032 Basic stats: COMPLETE Column stats: COMPLETE
                            Reduce Output Operator
                              key expressions: _col0 (type: string)
                              sort order: +
                              Map-reduce partition columns: _col0 (type: string)
                              Statistics: Num rows: 202309968 Data size: 25086436032 Basic stats: COMPLETE Column stats: COMPLETE
                              value expressions: _col1 (type: double), _col2 (type: double), _col3 (type: double)
        Reducer 17 
            Execution mode: llap
            Reduce Operator Tree:
              Group By Operator
                aggregations: sum(VALUE._col0), sum(VALUE._col1), sum(VALUE._col2)
                keys: KEY._col0 (type: string)
                mode: mergepartial
                outputColumnNames: _col0, _col1, _col2, _col3
                Statistics: Num rows: 38846 Data size: 4816904 Basic stats: COMPLETE Column stats: COMPLETE
                Select Operator
                  expressions: 'catalog channel' (type: string), concat('catalog_page', _col0) (type: string), _col1 (type: double), _col2 (type: double), _col3 (type: double)
                  outputColumnNames: _col0, _col1, _col2, _col3, _col4
                  Statistics: Num rows: 38846 Data size: 11925722 Basic stats: COMPLETE Column stats: COMPLETE
                  Group By Operator
                    aggregations: sum(_col2), sum(_col3), sum(_col4)
                    keys: _col0 (type: string), _col1 (type: string), 0 (type: int)
                    mode: hash
                    outputColumnNames: _col0, _col1, _col2, _col3, _col4, _col5
                    Statistics: Num rows: 59697 Data size: 18565767 Basic stats: COMPLETE Column stats: PARTIAL
                    Reduce Output Operator
                      key expressions: _col0 (type: string), _col1 (type: string), _col2 (type: int)
                      sort order: +++
                      Map-reduce partition columns: _col0 (type: string), _col1 (type: string), _col2 (type: int)
                      Statistics: Num rows: 59697 Data size: 18565767 Basic stats: COMPLETE Column stats: PARTIAL
                      TopN Hash Memory Usage: 0.04
                      value expressions: _col3 (type: double), _col4 (type: double), _col5 (type: double)
        Reducer 2 
            Execution mode: vectorized, llap
            Reduce Operator Tree:
              Map Join Operator
                condition map:
                     Left Outer Join0 to 1
                keys:
                  0 KEY.reducesinkkey0 (type: bigint), KEY.reducesinkkey1 (type: bigint)
                  1 KEY.reducesinkkey0 (type: bigint), KEY.reducesinkkey1 (type: bigint)
                outputColumnNames: _col0, _col1, _col2, _col4, _col5, _col6, _col9, _col10
                input vertices:
                  1 Map 7
                Statistics: Num rows: 268472827008 Data size: 17182260928512 Basic stats: COMPLETE Column stats: PARTIAL
                Map Join Operator
                  condition map:
                       Inner Join 0 to 1
                  keys:
                    0 _col6 (type: bigint)
                    1 _col0 (type: bigint)
                  outputColumnNames: _col0, _col1, _col2, _col4, _col5, _col9, _col10
                  input vertices:
                    1 Map 8
                  Statistics: Num rows: 29828272050 Data size: 1670383234800 Basic stats: COMPLETE Column stats: PARTIAL
                  Map Join Operator
                    condition map:
                         Inner Join 0 to 1
                    keys:
                      0 _col0 (type: bigint)
                      1 _col0 (type: bigint)
                    outputColumnNames: _col1, _col2, _col4, _col5, _col9, _col10
                    input vertices:
                      1 Map 9
                    Statistics: Num rows: 9942737201 Data size: 477251385648 Basic stats: COMPLETE Column stats: PARTIAL
                    Map Join Operator
                      condition map:
                           Inner Join 0 to 1
                      keys:
                        0 _col2 (type: bigint)
                        1 _col0 (type: bigint)
                      outputColumnNames: _col1, _col4, _col5, _col9, _col10
                      input vertices:
                        1 Map 13
                      Statistics: Num rows: 4971368601 Data size: 198854744040 Basic stats: COMPLETE Column stats: PARTIAL
                      Map Join Operator
                        condition map:
                             Inner Join 0 to 1
                        keys:
                          0 _col1 (type: bigint)
                          1 _col0 (type: bigint)
                        outputColumnNames: _col4, _col5, _col9, _col10, _col18
                        input vertices:
                          1 Map 14
                        Statistics: Num rows: 4971368601 Data size: 656220655332 Basic stats: COMPLETE Column stats: PARTIAL
                        Select Operator
                          expressions: _col18 (type: string), _col4 (type: double), COALESCE(_col9,0) (type: double), (_col5 - COALESCE(_col10,0)) (type: double)
                          outputColumnNames: _col0, _col1, _col2, _col3
                          Statistics: Num rows: 4971368601 Data size: 656220655332 Basic stats: COMPLETE Column stats: PARTIAL
                          Group By Operator
                            aggregations: sum(_col1), sum(_col2), sum(_col3)
                            keys: _col0 (type: string)
                            mode: hash
                            outputColumnNames: _col0, _col1, _col2, _col3
                            Statistics: Num rows: 8761984 Data size: 1086486016 Basic stats: COMPLETE Column stats: PARTIAL
                            Reduce Output Operator
                              key expressions: _col0 (type: string)
                              sort order: +
                              Map-reduce partition columns: _col0 (type: string)
                              Statistics: Num rows: 8761984 Data size: 1086486016 Basic stats: COMPLETE Column stats: PARTIAL
                              value expressions: _col1 (type: double), _col2 (type: double), _col3 (type: double)
        Reducer 21 
            Execution mode: vectorized, llap
            Reduce Operator Tree:
              Map Join Operator
                condition map:
                     Left Outer Join0 to 1
                keys:
                  0 KEY.reducesinkkey0 (type: bigint), KEY.reducesinkkey1 (type: bigint)
                  1 KEY.reducesinkkey0 (type: bigint), KEY.reducesinkkey1 (type: bigint)
                outputColumnNames: _col0, _col1, _col2, _col4, _col5, _col6, _col9, _col10
                input vertices:
                  1 Map 23
                Statistics: Num rows: 71950472132 Data size: 4604830216448 Basic stats: COMPLETE Column stats: PARTIAL
                Map Join Operator
                  condition map:
                       Inner Join 0 to 1
                  keys:
                    0 _col6 (type: bigint)
                    1 _col0 (type: bigint)
                  outputColumnNames: _col0, _col1, _col2, _col4, _col5, _col9, _col10
                  input vertices:
                    1 Map 8
                  Statistics: Num rows: 7993949633 Data size: 447661179448 Basic stats: COMPLETE Column stats: PARTIAL
                  Map Join Operator
                    condition map:
                         Inner Join 0 to 1
                    keys:
                      0 _col0 (type: bigint)
                      1 _col0 (type: bigint)
                    outputColumnNames: _col1, _col2, _col4, _col5, _col9, _col10
                    input vertices:
                      1 Map 9
                    Statistics: Num rows: 2664644478 Data size: 127902934944 Basic stats: COMPLETE Column stats: PARTIAL
                    Map Join Operator
                      condition map:
                           Inner Join 0 to 1
                      keys:
                        0 _col2 (type: bigint)
                        1 _col0 (type: bigint)
                      outputColumnNames: _col1, _col4, _col5, _col9, _col10
                      input vertices:
                        1 Map 13
                      Statistics: Num rows: 1332322239 Data size: 53292889560 Basic stats: COMPLETE Column stats: PARTIAL
                      Map Join Operator
                        condition map:
                             Inner Join 0 to 1
                        keys:
                          0 _col1 (type: bigint)
                          1 _col0 (type: bigint)
                        outputColumnNames: _col4, _col5, _col9, _col10, _col18
                        input vertices:
                          1 Map 24
                        Statistics: Num rows: 1332322239 Data size: 175866535548 Basic stats: COMPLETE Column stats: PARTIAL
                        Select Operator
                          expressions: _col18 (type: string), _col4 (type: double), COALESCE(_col9,0) (type: double), (_col5 - COALESCE(_col10,0)) (type: double)
                          outputColumnNames: _col0, _col1, _col2, _col3
                          Statistics: Num rows: 1332322239 Data size: 175866535548 Basic stats: COMPLETE Column stats: PARTIAL
                          Group By Operator
                            aggregations: sum(_col1), sum(_col2), sum(_col3)
                            keys: _col0 (type: string)
                            mode: hash
                            outputColumnNames: _col0, _col1, _col2, _col3
                            Statistics: Num rows: 146776 Data size: 18200224 Basic stats: COMPLETE Column stats: PARTIAL
                            Reduce Output Operator
                              key expressions: _col0 (type: string)
                              sort order: +
                              Map-reduce partition columns: _col0 (type: string)
                              Statistics: Num rows: 146776 Data size: 18200224 Basic stats: COMPLETE Column stats: PARTIAL
                              value expressions: _col1 (type: double), _col2 (type: double), _col3 (type: double)
        Reducer 22 
            Execution mode: llap
            Reduce Operator Tree:
              Group By Operator
                aggregations: sum(VALUE._col0), sum(VALUE._col1), sum(VALUE._col2)
                keys: KEY._col0 (type: string)
                mode: mergepartial
                outputColumnNames: _col0, _col1, _col2, _col3
                Statistics: Num rows: 56 Data size: 6944 Basic stats: COMPLETE Column stats: PARTIAL
                Select Operator
                  expressions: 'web channel' (type: string), concat('web_site', _col0) (type: string), _col1 (type: double), _col2 (type: double), _col3 (type: double)
                  outputColumnNames: _col0, _col1, _col2, _col3, _col4
                  Statistics: Num rows: 56 Data size: 16968 Basic stats: COMPLETE Column stats: PARTIAL
                  Group By Operator
                    aggregations: sum(_col2), sum(_col3), sum(_col4)
                    keys: _col0 (type: string), _col1 (type: string), 0 (type: int)
                    mode: hash
                    outputColumnNames: _col0, _col1, _col2, _col3, _col4, _col5
                    Statistics: Num rows: 59697 Data size: 18565767 Basic stats: COMPLETE Column stats: PARTIAL
                    Reduce Output Operator
                      key expressions: _col0 (type: string), _col1 (type: string), _col2 (type: int)
                      sort order: +++
                      Map-reduce partition columns: _col0 (type: string), _col1 (type: string), _col2 (type: int)
                      Statistics: Num rows: 59697 Data size: 18565767 Basic stats: COMPLETE Column stats: PARTIAL
                      TopN Hash Memory Usage: 0.04
                      value expressions: _col3 (type: double), _col4 (type: double), _col5 (type: double)
        Reducer 3 
            Execution mode: llap
            Reduce Operator Tree:
              Group By Operator
                aggregations: sum(VALUE._col0), sum(VALUE._col1), sum(VALUE._col2)
                keys: KEY._col0 (type: string)
                mode: mergepartial
                outputColumnNames: _col0, _col1, _col2, _col3
                Statistics: Num rows: 896 Data size: 111104 Basic stats: COMPLETE Column stats: PARTIAL
                Select Operator
                  expressions: 'store channel' (type: string), concat('store', _col0) (type: string), _col1 (type: double), _col2 (type: double), _col3 (type: double)
                  outputColumnNames: _col0, _col1, _col2, _col3, _col4
                  Statistics: Num rows: 896 Data size: 273280 Basic stats: COMPLETE Column stats: PARTIAL
                  Group By Operator
                    aggregations: sum(_col2), sum(_col3), sum(_col4)
                    keys: _col0 (type: string), _col1 (type: string), 0 (type: int)
                    mode: hash
                    outputColumnNames: _col0, _col1, _col2, _col3, _col4, _col5
                    Statistics: Num rows: 59697 Data size: 18565767 Basic stats: COMPLETE Column stats: PARTIAL
                    Reduce Output Operator
                      key expressions: _col0 (type: string), _col1 (type: string), _col2 (type: int)
                      sort order: +++
                      Map-reduce partition columns: _col0 (type: string), _col1 (type: string), _col2 (type: int)
                      Statistics: Num rows: 59697 Data size: 18565767 Basic stats: COMPLETE Column stats: PARTIAL
                      TopN Hash Memory Usage: 0.04
                      value expressions: _col3 (type: double), _col4 (type: double), _col5 (type: double)
        Reducer 5 
            Execution mode: llap
            Reduce Operator Tree:
              Group By Operator
                aggregations: sum(VALUE._col0), sum(VALUE._col1), sum(VALUE._col2)
                keys: KEY._col0 (type: string), KEY._col1 (type: string), KEY._col2 (type: int)
                mode: mergepartial
                outputColumnNames: _col0, _col1, _col3, _col4, _col5
                Statistics: Num rows: 38846 Data size: 12081106 Basic stats: COMPLETE Column stats: PARTIAL
                pruneGroupingSetId: true
                Select Operator
                  expressions: _col0 (type: string), _col1 (type: string), _col3 (type: double), _col4 (type: double), _col5 (type: double)
                  outputColumnNames: _col0, _col1, _col2, _col3, _col4
                  Statistics: Num rows: 38846 Data size: 11925722 Basic stats: COMPLETE Column stats: PARTIAL
                  Reduce Output Operator
                    key expressions: _col0 (type: string), _col1 (type: string)
                    sort order: ++
                    Statistics: Num rows: 38846 Data size: 11925722 Basic stats: COMPLETE Column stats: PARTIAL
                    TopN Hash Memory Usage: 0.04
                    value expressions: _col2 (type: double), _col3 (type: double), _col4 (type: double)
        Reducer 6 
            Execution mode: vectorized, llap
            Reduce Operator Tree:
              Select Operator
                expressions: KEY.reducesinkkey0 (type: string), KEY.reducesinkkey1 (type: string), VALUE._col0 (type: double), VALUE._col1 (type: double), VALUE._col2 (type: double)
                outputColumnNames: _col0, _col1, _col2, _col3, _col4
                Statistics: Num rows: 38846 Data size: 11925722 Basic stats: COMPLETE Column stats: PARTIAL
                Limit
                  Number of rows: 100
                  Statistics: Num rows: 100 Data size: 30700 Basic stats: COMPLETE Column stats: PARTIAL
                  File Output Operator
                    compressed: false
                    Statistics: Num rows: 100 Data size: 30700 Basic stats: COMPLETE Column stats: PARTIAL
                    table:
                        input format: org.apache.hadoop.mapred.SequenceFileInputFormat
                        output format: org.apache.hadoop.hive.ql.io.HiveSequenceFileOutputFormat
                        serde: org.apache.hadoop.hive.serde2.lazy.LazySimpleSerDe
        Union 4 
            Vertex: Union 4

  Stage: Stage-0
    Fetch Operator
      limit: 100
      Processor Tree:
        ListSink