STAGE DEPENDENCIES:
  Stage-1 is a root stage
  Stage-0 depends on stages: Stage-1

STAGE PLANS:
  Stage: Stage-1
    Tez
      DagId: hive_20170626205250_0da245f2-0e9a-49b6-b6d4-48cb20f86392:662
      Edges:
        Map 1 <- Map 3 (BROADCAST_EDGE), Map 4 (BROADCAST_EDGE), Reducer 28 (BROADCAST_EDGE), Reducer 5 (BROADCAST_EDGE)
        Map 21 <- Map 15 (BROADCAST_EDGE), Map 16 (BROADCAST_EDGE), Reducer 18 (BROADCAST_EDGE)
        Map 24 <- Map 16 (BROADCAST_EDGE), Reducer 2 (BROADCAST_EDGE)
        Map 26 <- Map 29 (BROADCAST_EDGE), Map 30 (BROADCAST_EDGE)
        Map 31 <- Map 3 (BROADCAST_EDGE), Map 4 (BROADCAST_EDGE), Reducer 37 (BROADCAST_EDGE), Reducer 38 (BROADCAST_EDGE), Reducer 45 (BROADCAST_EDGE), Reducer 46 (BROADCAST_EDGE), Reducer 6 (BROADCAST_EDGE)
        Map 33 <- Map 15 (BROADCAST_EDGE), Map 16 (BROADCAST_EDGE), Reducer 19 (BROADCAST_EDGE)
        Map 39 <- Map 15 (BROADCAST_EDGE), Map 16 (BROADCAST_EDGE), Reducer 20 (BROADCAST_EDGE)
        Map 42 <- Map 16 (BROADCAST_EDGE)
        Map 44 <- Map 29 (BROADCAST_EDGE), Map 30 (BROADCAST_EDGE)
        Map 7 <- Map 15 (BROADCAST_EDGE), Map 16 (BROADCAST_EDGE), Reducer 17 (BROADCAST_EDGE)
        Reducer 10 <- Reducer 25 (XPROD_EDGE), Reducer 9 (XPROD_EDGE)
        Reducer 11 <- Map 1 (BROADCAST_EDGE), Reducer 10 (SIMPLE_EDGE), Reducer 27 (BROADCAST_EDGE)
        Reducer 12 <- Reducer 11 (SIMPLE_EDGE), Union 13 (CONTAINS)
        Reducer 14 <- Union 13 (SIMPLE_EDGE)
        Reducer 17 <- Map 16 (CUSTOM_SIMPLE_EDGE)
        Reducer 18 <- Map 16 (CUSTOM_SIMPLE_EDGE)
        Reducer 19 <- Map 16 (CUSTOM_SIMPLE_EDGE)
        Reducer 2 <- Map 1 (CUSTOM_SIMPLE_EDGE)
        Reducer 20 <- Map 16 (CUSTOM_SIMPLE_EDGE)
        Reducer 22 <- Map 21 (SIMPLE_EDGE)
        Reducer 23 <- Reducer 22 (SIMPLE_EDGE)
        Reducer 25 <- Map 24 (SIMPLE_EDGE)
        Reducer 27 <- Map 26 (SIMPLE_EDGE)
        Reducer 28 <- Reducer 27 (CUSTOM_SIMPLE_EDGE)
        Reducer 32 <- Map 31 (SIMPLE_EDGE), Union 13 (CONTAINS)
        Reducer 34 <- Map 33 (SIMPLE_EDGE)
        Reducer 35 <- Reducer 34 (SIMPLE_EDGE), Reducer 41 (BROADCAST_EDGE)
        Reducer 36 <- Reducer 35 (XPROD_EDGE), Reducer 43 (XPROD_EDGE)
        Reducer 37 <- Reducer 36 (SIMPLE_EDGE)
        Reducer 38 <- Reducer 37 (CUSTOM_SIMPLE_EDGE)
        Reducer 40 <- Map 39 (SIMPLE_EDGE)
        Reducer 41 <- Reducer 40 (SIMPLE_EDGE)
        Reducer 43 <- Map 42 (SIMPLE_EDGE)
        Reducer 45 <- Map 44 (SIMPLE_EDGE)
        Reducer 46 <- Reducer 45 (CUSTOM_SIMPLE_EDGE)
        Reducer 5 <- Map 4 (CUSTOM_SIMPLE_EDGE)
        Reducer 6 <- Map 4 (CUSTOM_SIMPLE_EDGE)
        Reducer 8 <- Map 7 (SIMPLE_EDGE)
        Reducer 9 <- Reducer 23 (BROADCAST_EDGE), Reducer 8 (SIMPLE_EDGE)
      DagName: query23_b.sql
      Vertices:
        Map 1 
            Map Operator Tree:
                TableScan
                  alias: catalog_sales
                  filterExpr: (cs_item_sk is not null and cs_bill_customer_sk is not null and (cs_bill_customer_sk BETWEEN DynamicValue(RS_117_customer_c_customer_sk_min) AND DynamicValue(RS_117_customer_c_customer_sk_max) and in_bloom_filter(cs_bill_customer_sk, DynamicValue(RS_117_customer_c_customer_sk_bloom_filter))) and (cs_item_sk BETWEEN DynamicValue(RS_125_item_i_item_sk_min) AND DynamicValue(RS_125_item_i_item_sk_max) and in_bloom_filter(cs_item_sk, DynamicValue(RS_125_item_i_item_sk_bloom_filter)))) (type: boolean)
                  Statistics: Num rows: 143352541321 Data size: 5157081795560 Basic stats: COMPLETE Column stats: COMPLETE
                  Filter Operator
                    predicate: (cs_item_sk is not null and cs_bill_customer_sk is not null and (cs_bill_customer_sk BETWEEN DynamicValue(RS_117_customer_c_customer_sk_min) AND DynamicValue(RS_117_customer_c_customer_sk_max) and in_bloom_filter(cs_bill_customer_sk, DynamicValue(RS_117_customer_c_customer_sk_bloom_filter))) and (cs_item_sk BETWEEN DynamicValue(RS_125_item_i_item_sk_min) AND DynamicValue(RS_125_item_i_item_sk_max) and in_bloom_filter(cs_item_sk, DynamicValue(RS_125_item_i_item_sk_bloom_filter)))) (type: boolean)
                    Statistics: Num rows: 143173879433 Data size: 5150654466388 Basic stats: COMPLETE Column stats: COMPLETE
                    Select Operator
                      expressions: cs_bill_customer_sk (type: bigint), cs_item_sk (type: bigint), cs_quantity (type: int), cs_list_price (type: double), cs_sold_date_sk (type: bigint)
                      outputColumnNames: _col0, _col1, _col2, _col3, _col4
                      Statistics: Num rows: 143173879433 Data size: 5150654466388 Basic stats: COMPLETE Column stats: COMPLETE
                      Map Join Operator
                        condition map:
                             Inner Join 0 to 1
                        keys:
                          0 _col4 (type: bigint)
                          1 _col0 (type: bigint)
                        outputColumnNames: _col0, _col1, _col2, _col3
                        input vertices:
                          1 Map 3
                        Statistics: Num rows: 50760248236 Data size: 1421286950608 Basic stats: COMPLETE Column stats: COMPLETE
                        Map Join Operator
                          condition map:
                               Inner Join 0 to 1
                          keys:
                            0 _col0 (type: bigint)
                            1 _col0 (type: bigint)
                          outputColumnNames: _col0, _col1, _col2, _col3, _col9, _col10
                          input vertices:
                            1 Map 4
                          Statistics: Num rows: 5803744 Data size: 1207178752 Basic stats: COMPLETE Column stats: COMPLETE
                          Reduce Output Operator
                            key expressions: _col0 (type: bigint)
                            sort order: +
                            Map-reduce partition columns: _col0 (type: bigint)
                            Statistics: Num rows: 5803744 Data size: 1207178752 Basic stats: COMPLETE Column stats: COMPLETE
                            value expressions: _col1 (type: bigint), _col2 (type: int), _col3 (type: double), _col9 (type: string), _col10 (type: string)
                          Select Operator
                            expressions: _col0 (type: bigint)
                            outputColumnNames: _col0
                            Statistics: Num rows: 5803744 Data size: 46429952 Basic stats: COMPLETE Column stats: COMPLETE
                            Group By Operator
                              aggregations: min(_col0), max(_col0), bloom_filter(_col0, expectedEntries=1000000)
                              mode: hash
                              outputColumnNames: _col0, _col1, _col2
                              Statistics: Num rows: 1 Data size: 24 Basic stats: COMPLETE Column stats: COMPLETE
                              Reduce Output Operator
                                sort order: 
                                Statistics: Num rows: 1 Data size: 24 Basic stats: COMPLETE Column stats: COMPLETE
                                value expressions: _col0 (type: bigint), _col1 (type: bigint), _col2 (type: binary)
            Execution mode: vectorized, llap
            LLAP IO: all inputs
        Map 15 
            Map Operator Tree:
                TableScan
                  alias: date_dim
                  filterExpr: ((d_year) IN (1999, 2000, 2001, 2002) and d_date_sk is not null) (type: boolean)
                  Statistics: Num rows: 73049 Data size: 876588 Basic stats: COMPLETE Column stats: COMPLETE
                  Filter Operator
                    predicate: ((d_year) IN (1999, 2000, 2001, 2002) and d_date_sk is not null) (type: boolean)
                    Statistics: Num rows: 2609 Data size: 31308 Basic stats: COMPLETE Column stats: COMPLETE
                    Select Operator
                      expressions: d_date_sk (type: bigint)
                      outputColumnNames: _col0
                      Statistics: Num rows: 2609 Data size: 31308 Basic stats: COMPLETE Column stats: COMPLETE
                      Reduce Output Operator
                        key expressions: _col0 (type: bigint)
                        sort order: +
                        Map-reduce partition columns: _col0 (type: bigint)
                        Statistics: Num rows: 2609 Data size: 31308 Basic stats: COMPLETE Column stats: COMPLETE
                      Select Operator
                        expressions: _col0 (type: bigint)
                        outputColumnNames: _col0
                        Statistics: Num rows: 2609 Data size: 31308 Basic stats: COMPLETE Column stats: COMPLETE
                        Group By Operator
                          keys: _col0 (type: bigint)
                          mode: hash
                          outputColumnNames: _col0
                          Statistics: Num rows: 1304 Data size: 15648 Basic stats: COMPLETE Column stats: COMPLETE
                          Dynamic Partitioning Event Operator
                            Target column: ss_sold_date_sk (bigint)
                            Target Input: store_sales
                            Partition key expr: ss_sold_date_sk
                            Statistics: Num rows: 1304 Data size: 15648 Basic stats: COMPLETE Column stats: COMPLETE
                            Target Vertex: Map 7
                  Filter Operator
                    predicate: ((d_year) IN (1999, 2000, 2001, 2002) and d_date_sk is not null) (type: boolean)
                    Statistics: Num rows: 2609 Data size: 31308 Basic stats: COMPLETE Column stats: COMPLETE
                    Select Operator
                      expressions: d_date_sk (type: bigint)
                      outputColumnNames: _col0
                      Statistics: Num rows: 2609 Data size: 31308 Basic stats: COMPLETE Column stats: COMPLETE
                      Reduce Output Operator
                        key expressions: _col0 (type: bigint)
                        sort order: +
                        Map-reduce partition columns: _col0 (type: bigint)
                        Statistics: Num rows: 2609 Data size: 31308 Basic stats: COMPLETE Column stats: COMPLETE
                      Select Operator
                        expressions: _col0 (type: bigint)
                        outputColumnNames: _col0
                        Statistics: Num rows: 2609 Data size: 31308 Basic stats: COMPLETE Column stats: COMPLETE
                        Group By Operator
                          keys: _col0 (type: bigint)
                          mode: hash
                          outputColumnNames: _col0
                          Statistics: Num rows: 1304 Data size: 15648 Basic stats: COMPLETE Column stats: COMPLETE
                          Dynamic Partitioning Event Operator
                            Target column: ss_sold_date_sk (bigint)
                            Target Input: store_sales
                            Partition key expr: ss_sold_date_sk
                            Statistics: Num rows: 1304 Data size: 15648 Basic stats: COMPLETE Column stats: COMPLETE
                            Target Vertex: Map 21
                  Filter Operator
                    predicate: ((d_year) IN (1999, 2000, 2001, 2002) and d_date_sk is not null) (type: boolean)
                    Statistics: Num rows: 2609 Data size: 31308 Basic stats: COMPLETE Column stats: COMPLETE
                    Select Operator
                      expressions: d_date_sk (type: bigint)
                      outputColumnNames: _col0
                      Statistics: Num rows: 2609 Data size: 31308 Basic stats: COMPLETE Column stats: COMPLETE
                      Reduce Output Operator
                        key expressions: _col0 (type: bigint)
                        sort order: +
                        Map-reduce partition columns: _col0 (type: bigint)
                        Statistics: Num rows: 2609 Data size: 31308 Basic stats: COMPLETE Column stats: COMPLETE
                      Select Operator
                        expressions: _col0 (type: bigint)
                        outputColumnNames: _col0
                        Statistics: Num rows: 2609 Data size: 31308 Basic stats: COMPLETE Column stats: COMPLETE
                        Group By Operator
                          keys: _col0 (type: bigint)
                          mode: hash
                          outputColumnNames: _col0
                          Statistics: Num rows: 1304 Data size: 15648 Basic stats: COMPLETE Column stats: COMPLETE
                          Dynamic Partitioning Event Operator
                            Target column: ss_sold_date_sk (bigint)
                            Target Input: store_sales
                            Partition key expr: ss_sold_date_sk
                            Statistics: Num rows: 1304 Data size: 15648 Basic stats: COMPLETE Column stats: COMPLETE
                            Target Vertex: Map 33
                  Filter Operator
                    predicate: ((d_year) IN (1999, 2000, 2001, 2002) and d_date_sk is not null) (type: boolean)
                    Statistics: Num rows: 2609 Data size: 31308 Basic stats: COMPLETE Column stats: COMPLETE
                    Select Operator
                      expressions: d_date_sk (type: bigint)
                      outputColumnNames: _col0
                      Statistics: Num rows: 2609 Data size: 31308 Basic stats: COMPLETE Column stats: COMPLETE
                      Reduce Output Operator
                        key expressions: _col0 (type: bigint)
                        sort order: +
                        Map-reduce partition columns: _col0 (type: bigint)
                        Statistics: Num rows: 2609 Data size: 31308 Basic stats: COMPLETE Column stats: COMPLETE
                      Select Operator
                        expressions: _col0 (type: bigint)
                        outputColumnNames: _col0
                        Statistics: Num rows: 2609 Data size: 31308 Basic stats: COMPLETE Column stats: COMPLETE
                        Group By Operator
                          keys: _col0 (type: bigint)
                          mode: hash
                          outputColumnNames: _col0
                          Statistics: Num rows: 1304 Data size: 15648 Basic stats: COMPLETE Column stats: COMPLETE
                          Dynamic Partitioning Event Operator
                            Target column: ss_sold_date_sk (bigint)
                            Target Input: store_sales
                            Partition key expr: ss_sold_date_sk
                            Statistics: Num rows: 1304 Data size: 15648 Basic stats: COMPLETE Column stats: COMPLETE
                            Target Vertex: Map 39
            Execution mode: vectorized, llap
            LLAP IO: all inputs
        Map 16 
            Map Operator Tree:
                TableScan
                  alias: customer
                  filterExpr: (c_customer_sk is not null or c_customer_sk is not null) (type: boolean)
                  Statistics: Num rows: 1000 Data size: 8000 Basic stats: COMPLETE Column stats: COMPLETE
                  Filter Operator
                    predicate: c_customer_sk is not null (type: boolean)
                    Statistics: Num rows: 1000 Data size: 8000 Basic stats: COMPLETE Column stats: COMPLETE
                    Select Operator
                      expressions: c_customer_sk (type: bigint)
                      outputColumnNames: _col0
                      Statistics: Num rows: 1000 Data size: 8000 Basic stats: COMPLETE Column stats: COMPLETE
                      Reduce Output Operator
                        key expressions: _col0 (type: bigint)
                        sort order: +
                        Map-reduce partition columns: _col0 (type: bigint)
                        Statistics: Num rows: 1000 Data size: 8000 Basic stats: COMPLETE Column stats: COMPLETE
                      Select Operator
                        expressions: _col0 (type: bigint)
                        outputColumnNames: _col0
                        Statistics: Num rows: 1000 Data size: 8000 Basic stats: COMPLETE Column stats: COMPLETE
                        Group By Operator
                          aggregations: min(_col0), max(_col0), bloom_filter(_col0, expectedEntries=1000000)
                          mode: hash
                          outputColumnNames: _col0, _col1, _col2
                          Statistics: Num rows: 1 Data size: 24 Basic stats: COMPLETE Column stats: COMPLETE
                          Reduce Output Operator
                            sort order: 
                            Statistics: Num rows: 1 Data size: 24 Basic stats: COMPLETE Column stats: COMPLETE
                            value expressions: _col0 (type: bigint), _col1 (type: bigint), _col2 (type: binary)
                  Filter Operator
                    predicate: c_customer_sk is not null (type: boolean)
                    Statistics: Num rows: 1000 Data size: 8000 Basic stats: COMPLETE Column stats: COMPLETE
                    Select Operator
                      expressions: c_customer_sk (type: bigint)
                      outputColumnNames: _col0
                      Statistics: Num rows: 1000 Data size: 8000 Basic stats: COMPLETE Column stats: COMPLETE
                      Reduce Output Operator
                        key expressions: _col0 (type: bigint)
                        sort order: +
                        Map-reduce partition columns: _col0 (type: bigint)
                        Statistics: Num rows: 1000 Data size: 8000 Basic stats: COMPLETE Column stats: COMPLETE
                      Select Operator
                        expressions: _col0 (type: bigint)
                        outputColumnNames: _col0
                        Statistics: Num rows: 1000 Data size: 8000 Basic stats: COMPLETE Column stats: COMPLETE
                        Group By Operator
                          aggregations: min(_col0), max(_col0), bloom_filter(_col0, expectedEntries=1000000)
                          mode: hash
                          outputColumnNames: _col0, _col1, _col2
                          Statistics: Num rows: 1 Data size: 24 Basic stats: COMPLETE Column stats: COMPLETE
                          Reduce Output Operator
                            sort order: 
                            Statistics: Num rows: 1 Data size: 24 Basic stats: COMPLETE Column stats: COMPLETE
                            value expressions: _col0 (type: bigint), _col1 (type: bigint), _col2 (type: binary)
                  Filter Operator
                    predicate: c_customer_sk is not null (type: boolean)
                    Statistics: Num rows: 1000 Data size: 8000 Basic stats: COMPLETE Column stats: COMPLETE
                    Select Operator
                      expressions: c_customer_sk (type: bigint)
                      outputColumnNames: _col0
                      Statistics: Num rows: 1000 Data size: 8000 Basic stats: COMPLETE Column stats: COMPLETE
                      Reduce Output Operator
                        key expressions: _col0 (type: bigint)
                        sort order: +
                        Map-reduce partition columns: _col0 (type: bigint)
                        Statistics: Num rows: 1000 Data size: 8000 Basic stats: COMPLETE Column stats: COMPLETE
                  Filter Operator
                    predicate: c_customer_sk is not null (type: boolean)
                    Statistics: Num rows: 1000 Data size: 8000 Basic stats: COMPLETE Column stats: COMPLETE
                    Select Operator
                      expressions: c_customer_sk (type: bigint)
                      outputColumnNames: _col0
                      Statistics: Num rows: 1000 Data size: 8000 Basic stats: COMPLETE Column stats: COMPLETE
                      Reduce Output Operator
                        key expressions: _col0 (type: bigint)
                        sort order: +
                        Map-reduce partition columns: _col0 (type: bigint)
                        Statistics: Num rows: 1000 Data size: 8000 Basic stats: COMPLETE Column stats: COMPLETE
                      Select Operator
                        expressions: _col0 (type: bigint)
                        outputColumnNames: _col0
                        Statistics: Num rows: 1000 Data size: 8000 Basic stats: COMPLETE Column stats: COMPLETE
                        Group By Operator
                          aggregations: min(_col0), max(_col0), bloom_filter(_col0, expectedEntries=1000000)
                          mode: hash
                          outputColumnNames: _col0, _col1, _col2
                          Statistics: Num rows: 1 Data size: 24 Basic stats: COMPLETE Column stats: COMPLETE
                          Reduce Output Operator
                            sort order: 
                            Statistics: Num rows: 1 Data size: 24 Basic stats: COMPLETE Column stats: COMPLETE
                            value expressions: _col0 (type: bigint), _col1 (type: bigint), _col2 (type: binary)
                  Filter Operator
                    predicate: c_customer_sk is not null (type: boolean)
                    Statistics: Num rows: 1000 Data size: 8000 Basic stats: COMPLETE Column stats: COMPLETE
                    Select Operator
                      expressions: c_customer_sk (type: bigint)
                      outputColumnNames: _col0
                      Statistics: Num rows: 1000 Data size: 8000 Basic stats: COMPLETE Column stats: COMPLETE
                      Reduce Output Operator
                        key expressions: _col0 (type: bigint)
                        sort order: +
                        Map-reduce partition columns: _col0 (type: bigint)
                        Statistics: Num rows: 1000 Data size: 8000 Basic stats: COMPLETE Column stats: COMPLETE
                      Select Operator
                        expressions: _col0 (type: bigint)
                        outputColumnNames: _col0
                        Statistics: Num rows: 1000 Data size: 8000 Basic stats: COMPLETE Column stats: COMPLETE
                        Group By Operator
                          aggregations: min(_col0), max(_col0), bloom_filter(_col0, expectedEntries=1000000)
                          mode: hash
                          outputColumnNames: _col0, _col1, _col2
                          Statistics: Num rows: 1 Data size: 24 Basic stats: COMPLETE Column stats: COMPLETE
                          Reduce Output Operator
                            sort order: 
                            Statistics: Num rows: 1 Data size: 24 Basic stats: COMPLETE Column stats: COMPLETE
                            value expressions: _col0 (type: bigint), _col1 (type: bigint), _col2 (type: binary)
                  Filter Operator
                    predicate: c_customer_sk is not null (type: boolean)
                    Statistics: Num rows: 1000 Data size: 8000 Basic stats: COMPLETE Column stats: COMPLETE
                    Select Operator
                      expressions: c_customer_sk (type: bigint)
                      outputColumnNames: _col0
                      Statistics: Num rows: 1000 Data size: 8000 Basic stats: COMPLETE Column stats: COMPLETE
                      Reduce Output Operator
                        key expressions: _col0 (type: bigint)
                        sort order: +
                        Map-reduce partition columns: _col0 (type: bigint)
                        Statistics: Num rows: 1000 Data size: 8000 Basic stats: COMPLETE Column stats: COMPLETE
            Execution mode: vectorized, llap
            LLAP IO: all inputs
        Map 21 
            Map Operator Tree:
                TableScan
                  alias: store_sales
                  filterExpr: (ss_customer_sk is not null and (ss_customer_sk BETWEEN DynamicValue(RS_51_customer_c_customer_sk_min) AND DynamicValue(RS_51_customer_c_customer_sk_max) and in_bloom_filter(ss_customer_sk, DynamicValue(RS_51_customer_c_customer_sk_bloom_filter)))) (type: boolean)
                  Statistics: Num rows: 275035746821 Data size: 7634813280228 Basic stats: COMPLETE Column stats: COMPLETE
                  Filter Operator
                    predicate: (ss_customer_sk is not null and (ss_customer_sk BETWEEN DynamicValue(RS_51_customer_c_customer_sk_min) AND DynamicValue(RS_51_customer_c_customer_sk_max) and in_bloom_filter(ss_customer_sk, DynamicValue(RS_51_customer_c_customer_sk_bloom_filter)))) (type: boolean)
                    Statistics: Num rows: 271722950958 Data size: 7542852223736 Basic stats: COMPLETE Column stats: COMPLETE
                    Select Operator
                      expressions: ss_customer_sk (type: bigint), ss_quantity (type: int), ss_sales_price (type: double), ss_sold_date_sk (type: bigint)
                      outputColumnNames: _col0, _col1, _col2, _col3
                      Statistics: Num rows: 271722950958 Data size: 7542852223736 Basic stats: COMPLETE Column stats: COMPLETE
                      Map Join Operator
                        condition map:
                             Inner Join 0 to 1
                        keys:
                          0 _col3 (type: bigint)
                          1 _col0 (type: bigint)
                        outputColumnNames: _col0, _col1, _col2
                        input vertices:
                          1 Map 15
                        Statistics: Num rows: 9704789353 Data size: 194095787060 Basic stats: COMPLETE Column stats: COMPLETE
                        Map Join Operator
                          condition map:
                               Inner Join 0 to 1
                          keys:
                            0 _col0 (type: bigint)
                            1 _col0 (type: bigint)
                          outputColumnNames: _col1, _col2, _col6
                          input vertices:
                            1 Map 16
                          Statistics: Num rows: 74906909 Data size: 1498138180 Basic stats: COMPLETE Column stats: COMPLETE
                          Select Operator
                            expressions: _col6 (type: bigint), (UDFToDouble(_col1) * _col2) (type: double)
                            outputColumnNames: _col0, _col1
                            Statistics: Num rows: 74906909 Data size: 1498138180 Basic stats: COMPLETE Column stats: COMPLETE
                            Group By Operator
                              aggregations: sum(_col1)
                              keys: _col0 (type: bigint)
                              mode: hash
                              outputColumnNames: _col0, _col1
                              Statistics: Num rows: 15893 Data size: 254288 Basic stats: COMPLETE Column stats: COMPLETE
                              Reduce Output Operator
                                key expressions: _col0 (type: bigint)
                                sort order: +
                                Map-reduce partition columns: _col0 (type: bigint)
                                Statistics: Num rows: 15893 Data size: 254288 Basic stats: COMPLETE Column stats: COMPLETE
                                value expressions: _col1 (type: double)
            Execution mode: vectorized, llap
            LLAP IO: all inputs
        Map 24 
            Map Operator Tree:
                TableScan
                  alias: store_sales
                  filterExpr: (ss_customer_sk is not null and (ss_customer_sk BETWEEN DynamicValue(RS_119_catalog_sales_cs_bill_customer_sk_min) AND DynamicValue(RS_119_catalog_sales_cs_bill_customer_sk_max) and in_bloom_filter(ss_customer_sk, DynamicValue(RS_119_catalog_sales_cs_bill_customer_sk_bloom_filter)))) (type: boolean)
                  Statistics: Num rows: 288018711538 Data size: 5694186600000 Basic stats: COMPLETE Column stats: PARTIAL
                  Filter Operator
                    predicate: (ss_customer_sk is not null and (ss_customer_sk BETWEEN DynamicValue(RS_119_catalog_sales_cs_bill_customer_sk_min) AND DynamicValue(RS_119_catalog_sales_cs_bill_customer_sk_max) and in_bloom_filter(ss_customer_sk, DynamicValue(RS_119_catalog_sales_cs_bill_customer_sk_bloom_filter)))) (type: boolean)
                    Statistics: Num rows: 284705915675 Data size: 5628691973928 Basic stats: COMPLETE Column stats: PARTIAL
                    Select Operator
                      expressions: ss_customer_sk (type: bigint), ss_quantity (type: int), ss_sales_price (type: double)
                      outputColumnNames: _col0, _col1, _col2
                      Statistics: Num rows: 284705915675 Data size: 5628691973928 Basic stats: COMPLETE Column stats: PARTIAL
                      Map Join Operator
                        condition map:
                             Inner Join 0 to 1
                        keys:
                          0 _col0 (type: bigint)
                          1 _col0 (type: bigint)
                        outputColumnNames: _col1, _col2, _col3
                        input vertices:
                          1 Map 16
                        Statistics: Num rows: 78443331 Data size: 1568866620 Basic stats: COMPLETE Column stats: PARTIAL
                        Select Operator
                          expressions: _col3 (type: bigint), (UDFToDouble(_col1) * _col2) (type: double)
                          outputColumnNames: _col0, _col1
                          Statistics: Num rows: 78443331 Data size: 1568866620 Basic stats: COMPLETE Column stats: PARTIAL
                          Group By Operator
                            aggregations: sum(_col1)
                            keys: _col0 (type: bigint)
                            mode: hash
                            outputColumnNames: _col0, _col1
                            Statistics: Num rows: 16584 Data size: 265344 Basic stats: COMPLETE Column stats: PARTIAL
                            Reduce Output Operator
                              key expressions: _col0 (type: bigint)
                              sort order: +
                              Map-reduce partition columns: _col0 (type: bigint)
                              Statistics: Num rows: 16584 Data size: 265344 Basic stats: COMPLETE Column stats: PARTIAL
                              value expressions: _col1 (type: double)
            Execution mode: vectorized, llap
            LLAP IO: all inputs
        Map 26 
            Map Operator Tree:
                TableScan
                  alias: store_sales
                  filterExpr: ss_item_sk is not null (type: boolean)
                  Statistics: Num rows: 275035746821 Data size: 4400571949136 Basic stats: COMPLETE Column stats: COMPLETE
                  Filter Operator
                    predicate: ss_item_sk is not null (type: boolean)
                    Statistics: Num rows: 275035746821 Data size: 4400571949136 Basic stats: COMPLETE Column stats: COMPLETE
                    Select Operator
                      expressions: ss_item_sk (type: bigint), ss_sold_date_sk (type: bigint)
                      outputColumnNames: _col0, _col1
                      Statistics: Num rows: 275035746821 Data size: 4400571949136 Basic stats: COMPLETE Column stats: COMPLETE
                      Map Join Operator
                        condition map:
                             Inner Join 0 to 1
                        keys:
                          0 _col1 (type: bigint)
                          1 _col0 (type: bigint)
                        outputColumnNames: _col0, _col3
                        input vertices:
                          1 Map 29
                        Statistics: Num rows: 9823108346 Data size: 1001957051292 Basic stats: COMPLETE Column stats: COMPLETE
                        Map Join Operator
                          condition map:
                               Inner Join 0 to 1
                          keys:
                            0 _col0 (type: bigint)
                            1 _col0 (type: bigint)
                          outputColumnNames: _col3, _col5, _col6
                          input vertices:
                            1 Map 30
                          Statistics: Num rows: 9823108346 Data size: 2809408986956 Basic stats: COMPLETE Column stats: COMPLETE
                          Select Operator
                            expressions: substr(_col6, 1, 30) (type: string), _col5 (type: bigint), _col3 (type: string)
                            outputColumnNames: _col0, _col1, _col2
                            Statistics: Num rows: 9823108346 Data size: 2809408986956 Basic stats: COMPLETE Column stats: COMPLETE
                            Group By Operator
                              aggregations: count()
                              keys: _col1 (type: bigint), _col0 (type: string), _col2 (type: string)
                              mode: hash
                              outputColumnNames: _col0, _col1, _col2, _col3
                              Statistics: Num rows: 9823108346 Data size: 2887993853724 Basic stats: COMPLETE Column stats: COMPLETE
                              Reduce Output Operator
                                key expressions: _col0 (type: bigint), _col1 (type: string), _col2 (type: string)
                                sort order: +++
                                Map-reduce partition columns: _col0 (type: bigint), _col1 (type: string), _col2 (type: string)
                                Statistics: Num rows: 9823108346 Data size: 2887993853724 Basic stats: COMPLETE Column stats: COMPLETE
                                value expressions: _col3 (type: bigint)
            Execution mode: vectorized, llap
            LLAP IO: all inputs
        Map 29 
            Map Operator Tree:
                TableScan
                  alias: date_dim
                  filterExpr: ((d_year) IN (1999, 2000, 2001, 2002) and d_date_sk is not null) (type: boolean)
                  Statistics: Num rows: 73049 Data size: 7743194 Basic stats: COMPLETE Column stats: COMPLETE
                  Filter Operator
                    predicate: ((d_year) IN (1999, 2000, 2001, 2002) and d_date_sk is not null) (type: boolean)
                    Statistics: Num rows: 2609 Data size: 276554 Basic stats: COMPLETE Column stats: COMPLETE
                    Select Operator
                      expressions: d_date_sk (type: bigint), d_date (type: string)
                      outputColumnNames: _col0, _col1
                      Statistics: Num rows: 2609 Data size: 276554 Basic stats: COMPLETE Column stats: COMPLETE
                      Reduce Output Operator
                        key expressions: _col0 (type: bigint)
                        sort order: +
                        Map-reduce partition columns: _col0 (type: bigint)
                        Statistics: Num rows: 2609 Data size: 276554 Basic stats: COMPLETE Column stats: COMPLETE
                        value expressions: _col1 (type: string)
                      Select Operator
                        expressions: _col0 (type: bigint)
                        outputColumnNames: _col0
                        Statistics: Num rows: 2609 Data size: 276554 Basic stats: COMPLETE Column stats: COMPLETE
                        Group By Operator
                          keys: _col0 (type: bigint)
                          mode: hash
                          outputColumnNames: _col0
                          Statistics: Num rows: 2609 Data size: 276554 Basic stats: COMPLETE Column stats: COMPLETE
                          Dynamic Partitioning Event Operator
                            Target column: ss_sold_date_sk (bigint)
                            Target Input: store_sales
                            Partition key expr: ss_sold_date_sk
                            Statistics: Num rows: 2609 Data size: 276554 Basic stats: COMPLETE Column stats: COMPLETE
                            Target Vertex: Map 26
                  Filter Operator
                    predicate: ((d_year) IN (1999, 2000, 2001, 2002) and d_date_sk is not null) (type: boolean)
                    Statistics: Num rows: 2609 Data size: 276554 Basic stats: COMPLETE Column stats: COMPLETE
                    Select Operator
                      expressions: d_date_sk (type: bigint), d_date (type: string)
                      outputColumnNames: _col0, _col1
                      Statistics: Num rows: 2609 Data size: 276554 Basic stats: COMPLETE Column stats: COMPLETE
                      Reduce Output Operator
                        key expressions: _col0 (type: bigint)
                        sort order: +
                        Map-reduce partition columns: _col0 (type: bigint)
                        Statistics: Num rows: 2609 Data size: 276554 Basic stats: COMPLETE Column stats: COMPLETE
                        value expressions: _col1 (type: string)
                      Select Operator
                        expressions: _col0 (type: bigint)
                        outputColumnNames: _col0
                        Statistics: Num rows: 2609 Data size: 276554 Basic stats: COMPLETE Column stats: COMPLETE
                        Group By Operator
                          keys: _col0 (type: bigint)
                          mode: hash
                          outputColumnNames: _col0
                          Statistics: Num rows: 2609 Data size: 276554 Basic stats: COMPLETE Column stats: COMPLETE
                          Dynamic Partitioning Event Operator
                            Target column: ss_sold_date_sk (bigint)
                            Target Input: store_sales
                            Partition key expr: ss_sold_date_sk
                            Statistics: Num rows: 2609 Data size: 276554 Basic stats: COMPLETE Column stats: COMPLETE
                            Target Vertex: Map 44
            Execution mode: vectorized, llap
            LLAP IO: all inputs
        Map 3 
            Map Operator Tree:
                TableScan
                  alias: date_dim
                  filterExpr: ((d_year = 1999) and (d_moy = 1) and d_date_sk is not null) (type: boolean)
                  Statistics: Num rows: 73049 Data size: 1168784 Basic stats: COMPLETE Column stats: COMPLETE
                  Filter Operator
                    predicate: ((d_year = 1999) and (d_moy = 1) and d_date_sk is not null) (type: boolean)
                    Statistics: Num rows: 652 Data size: 10432 Basic stats: COMPLETE Column stats: COMPLETE
                    Select Operator
                      expressions: d_date_sk (type: bigint)
                      outputColumnNames: _col0
                      Statistics: Num rows: 652 Data size: 10432 Basic stats: COMPLETE Column stats: COMPLETE
                      Reduce Output Operator
                        key expressions: _col0 (type: bigint)
                        sort order: +
                        Map-reduce partition columns: _col0 (type: bigint)
                        Statistics: Num rows: 652 Data size: 10432 Basic stats: COMPLETE Column stats: COMPLETE
                      Select Operator
                        expressions: _col0 (type: bigint)
                        outputColumnNames: _col0
                        Statistics: Num rows: 652 Data size: 10432 Basic stats: COMPLETE Column stats: COMPLETE
                        Group By Operator
                          keys: _col0 (type: bigint)
                          mode: hash
                          outputColumnNames: _col0
                          Statistics: Num rows: 326 Data size: 5216 Basic stats: COMPLETE Column stats: COMPLETE
                          Dynamic Partitioning Event Operator
                            Target column: cs_sold_date_sk (bigint)
                            Target Input: catalog_sales
                            Partition key expr: cs_sold_date_sk
                            Statistics: Num rows: 326 Data size: 5216 Basic stats: COMPLETE Column stats: COMPLETE
                            Target Vertex: Map 1
                  Filter Operator
                    predicate: ((d_year = 1999) and (d_moy = 1) and d_date_sk is not null) (type: boolean)
                    Statistics: Num rows: 652 Data size: 10432 Basic stats: COMPLETE Column stats: COMPLETE
                    Select Operator
                      expressions: d_date_sk (type: bigint)
                      outputColumnNames: _col0
                      Statistics: Num rows: 652 Data size: 10432 Basic stats: COMPLETE Column stats: COMPLETE
                      Reduce Output Operator
                        key expressions: _col0 (type: bigint)
                        sort order: +
                        Map-reduce partition columns: _col0 (type: bigint)
                        Statistics: Num rows: 652 Data size: 10432 Basic stats: COMPLETE Column stats: COMPLETE
                      Select Operator
                        expressions: _col0 (type: bigint)
                        outputColumnNames: _col0
                        Statistics: Num rows: 652 Data size: 10432 Basic stats: COMPLETE Column stats: COMPLETE
                        Group By Operator
                          keys: _col0 (type: bigint)
                          mode: hash
                          outputColumnNames: _col0
                          Statistics: Num rows: 326 Data size: 5216 Basic stats: COMPLETE Column stats: COMPLETE
                          Dynamic Partitioning Event Operator
                            Target column: ws_sold_date_sk (bigint)
                            Target Input: web_sales
                            Partition key expr: ws_sold_date_sk
                            Statistics: Num rows: 326 Data size: 5216 Basic stats: COMPLETE Column stats: COMPLETE
                            Target Vertex: Map 31
            Execution mode: vectorized, llap
            LLAP IO: all inputs
        Map 30 
            Map Operator Tree:
                TableScan
                  alias: item
                  filterExpr: i_item_sk is not null (type: boolean)
                  Statistics: Num rows: 502000 Data size: 96384000 Basic stats: COMPLETE Column stats: COMPLETE
                  Filter Operator
                    predicate: i_item_sk is not null (type: boolean)
                    Statistics: Num rows: 502000 Data size: 96384000 Basic stats: COMPLETE Column stats: COMPLETE
                    Select Operator
                      expressions: i_item_sk (type: bigint), i_item_desc (type: string)
                      outputColumnNames: _col0, _col1
                      Statistics: Num rows: 502000 Data size: 96384000 Basic stats: COMPLETE Column stats: COMPLETE
                      Reduce Output Operator
                        key expressions: _col0 (type: bigint)
                        sort order: +
                        Map-reduce partition columns: _col0 (type: bigint)
                        Statistics: Num rows: 502000 Data size: 96384000 Basic stats: COMPLETE Column stats: COMPLETE
                        value expressions: _col1 (type: string)
                  Filter Operator
                    predicate: i_item_sk is not null (type: boolean)
                    Statistics: Num rows: 502000 Data size: 96384000 Basic stats: COMPLETE Column stats: COMPLETE
                    Select Operator
                      expressions: i_item_sk (type: bigint), i_item_desc (type: string)
                      outputColumnNames: _col0, _col1
                      Statistics: Num rows: 502000 Data size: 96384000 Basic stats: COMPLETE Column stats: COMPLETE
                      Reduce Output Operator
                        key expressions: _col0 (type: bigint)
                        sort order: +
                        Map-reduce partition columns: _col0 (type: bigint)
                        Statistics: Num rows: 502000 Data size: 96384000 Basic stats: COMPLETE Column stats: COMPLETE
                        value expressions: _col1 (type: string)
            Execution mode: vectorized, llap
            LLAP IO: all inputs
        Map 31 
            Map Operator Tree:
                TableScan
                  alias: web_sales
                  filterExpr: (ws_item_sk is not null and ws_bill_customer_sk is not null and (ws_bill_customer_sk BETWEEN DynamicValue(RS_250_customer_c_customer_sk_min) AND DynamicValue(RS_250_customer_c_customer_sk_max) and in_bloom_filter(ws_bill_customer_sk, DynamicValue(RS_250_customer_c_customer_sk_bloom_filter))) and (ws_bill_customer_sk BETWEEN DynamicValue(RS_253_customer_c_customer_sk_min) AND DynamicValue(RS_253_customer_c_customer_sk_max) and in_bloom_filter(ws_bill_customer_sk, DynamicValue(RS_253_customer_c_customer_sk_bloom_filter))) and (ws_item_sk BETWEEN DynamicValue(RS_258_item_i_item_sk_min) AND DynamicValue(RS_258_item_i_item_sk_max) and in_bloom_filter(ws_item_sk, DynamicValue(RS_258_item_i_item_sk_bloom_filter)))) (type: boolean)
                  Statistics: Num rows: 71959659800 Data size: 2590457376208 Basic stats: COMPLETE Column stats: COMPLETE
                  Filter Operator
                    predicate: (ws_item_sk is not null and ws_bill_customer_sk is not null and (ws_bill_customer_sk BETWEEN DynamicValue(RS_250_customer_c_customer_sk_min) AND DynamicValue(RS_250_customer_c_customer_sk_max) and in_bloom_filter(ws_bill_customer_sk, DynamicValue(RS_250_customer_c_customer_sk_bloom_filter))) and (ws_bill_customer_sk BETWEEN DynamicValue(RS_253_customer_c_customer_sk_min) AND DynamicValue(RS_253_customer_c_customer_sk_max) and in_bloom_filter(ws_bill_customer_sk, DynamicValue(RS_253_customer_c_customer_sk_bloom_filter))) and (ws_item_sk BETWEEN DynamicValue(RS_258_item_i_item_sk_min) AND DynamicValue(RS_258_item_i_item_sk_max) and in_bloom_filter(ws_item_sk, DynamicValue(RS_258_item_i_item_sk_bloom_filter)))) (type: boolean)
                    Statistics: Num rows: 71955143965 Data size: 2590294811816 Basic stats: COMPLETE Column stats: COMPLETE
                    Select Operator
                      expressions: ws_item_sk (type: bigint), ws_bill_customer_sk (type: bigint), ws_quantity (type: int), ws_list_price (type: double), ws_sold_date_sk (type: bigint)
                      outputColumnNames: _col0, _col1, _col2, _col3, _col4
                      Statistics: Num rows: 71955143965 Data size: 2590294811816 Basic stats: COMPLETE Column stats: COMPLETE
                      Map Join Operator
                        condition map:
                             Inner Join 0 to 1
                        keys:
                          0 _col4 (type: bigint)
                          1 _col0 (type: bigint)
                        outputColumnNames: _col0, _col1, _col2, _col3
                        input vertices:
                          1 Map 3
                        Statistics: Num rows: 25692284536 Data size: 719383967008 Basic stats: COMPLETE Column stats: COMPLETE
                        Map Join Operator
                          condition map:
                               Inner Join 0 to 1
                          keys:
                            0 _col1 (type: bigint)
                            1 _col0 (type: bigint)
                          outputColumnNames: _col0, _col1, _col2, _col3, _col9, _col10
                          input vertices:
                            1 Map 4
                          Statistics: Num rows: 17971961 Data size: 3738167888 Basic stats: COMPLETE Column stats: COMPLETE
                          Map Join Operator
                            condition map:
                                 Inner Join 0 to 1
                            keys:
                              0 _col1 (type: bigint)
                              1 _col0 (type: bigint)
                            outputColumnNames: _col0, _col2, _col3, _col9, _col10
                            input vertices:
                              1 Reducer 37
                            Statistics: Num rows: 8985980 Data size: 1797196000 Basic stats: COMPLETE Column stats: PARTIAL
                            Map Join Operator
                              condition map:
                                   Left Semi Join 0 to 1
                              keys:
                                0 _col0 (type: bigint)
                                1 _col0 (type: bigint)
                              outputColumnNames: _col2, _col3, _col9, _col10
                              input vertices:
                                1 Reducer 45
                              Statistics: Num rows: 50 Data size: 9600 Basic stats: COMPLETE Column stats: PARTIAL
                              Select Operator
                                expressions: _col10 (type: string), _col9 (type: string), (UDFToDouble(_col2) * _col3) (type: double)
                                outputColumnNames: _col0, _col1, _col2
                                Statistics: Num rows: 50 Data size: 9600 Basic stats: COMPLETE Column stats: PARTIAL
                                Group By Operator
                                  aggregations: sum(_col2)
                                  keys: _col0 (type: string), _col1 (type: string)
                                  mode: hash
                                  outputColumnNames: _col0, _col1, _col2
                                  Statistics: Num rows: 1 Data size: 188 Basic stats: COMPLETE Column stats: PARTIAL
                                  Reduce Output Operator
                                    key expressions: _col0 (type: string), _col1 (type: string)
                                    sort order: ++
                                    Map-reduce partition columns: _col0 (type: string), _col1 (type: string)
                                    Statistics: Num rows: 1 Data size: 188 Basic stats: COMPLETE Column stats: PARTIAL
                                    value expressions: _col2 (type: double)
            Execution mode: vectorized, llap
            LLAP IO: all inputs
        Map 33 
            Map Operator Tree:
                TableScan
                  alias: store_sales
                  filterExpr: (ss_customer_sk is not null and (ss_customer_sk BETWEEN DynamicValue(RS_155_customer_c_customer_sk_min) AND DynamicValue(RS_155_customer_c_customer_sk_max) and in_bloom_filter(ss_customer_sk, DynamicValue(RS_155_customer_c_customer_sk_bloom_filter)))) (type: boolean)
                  Statistics: Num rows: 275035746821 Data size: 4374069582240 Basic stats: COMPLETE Column stats: COMPLETE
                  Filter Operator
                    predicate: (ss_customer_sk is not null and (ss_customer_sk BETWEEN DynamicValue(RS_155_customer_c_customer_sk_min) AND DynamicValue(RS_155_customer_c_customer_sk_max) and in_bloom_filter(ss_customer_sk, DynamicValue(RS_155_customer_c_customer_sk_bloom_filter)))) (type: boolean)
                    Statistics: Num rows: 271722950958 Data size: 4321384068504 Basic stats: COMPLETE Column stats: COMPLETE
                    Select Operator
                      expressions: ss_customer_sk (type: bigint), ss_sold_date_sk (type: bigint)
                      outputColumnNames: _col0, _col3
                      Statistics: Num rows: 271722950958 Data size: 4321384068504 Basic stats: COMPLETE Column stats: COMPLETE
                      Map Join Operator
                        condition map:
                             Inner Join 0 to 1
                        keys:
                          0 _col3 (type: bigint)
                          1 _col0 (type: bigint)
                        outputColumnNames: _col0
                        input vertices:
                          1 Map 15
                        Statistics: Num rows: 9704789353 Data size: 77638314824 Basic stats: COMPLETE Column stats: COMPLETE
                        Map Join Operator
                          condition map:
                               Inner Join 0 to 1
                          keys:
                            0 _col0 (type: bigint)
                            1 _col0 (type: bigint)
                          outputColumnNames: _col6
                          input vertices:
                            1 Map 16
                          Statistics: Num rows: 74906909 Data size: 599255272 Basic stats: COMPLETE Column stats: COMPLETE
                          Select Operator
                            expressions: _col6 (type: bigint)
                            outputColumnNames: _col0
                            Statistics: Num rows: 74906909 Data size: 599255272 Basic stats: COMPLETE Column stats: COMPLETE
                            Group By Operator
                              keys: _col0 (type: bigint)
                              mode: hash
                              outputColumnNames: _col0
                              Statistics: Num rows: 6219 Data size: 49752 Basic stats: COMPLETE Column stats: COMPLETE
                              Reduce Output Operator
                                key expressions: _col0 (type: bigint)
                                sort order: +
                                Map-reduce partition columns: _col0 (type: bigint)
                                Statistics: Num rows: 6219 Data size: 49752 Basic stats: COMPLETE Column stats: COMPLETE
            Execution mode: vectorized, llap
            LLAP IO: all inputs
        Map 39 
            Map Operator Tree:
                TableScan
                  alias: store_sales
                  filterExpr: (ss_customer_sk is not null and (ss_customer_sk BETWEEN DynamicValue(RS_184_customer_c_customer_sk_min) AND DynamicValue(RS_184_customer_c_customer_sk_max) and in_bloom_filter(ss_customer_sk, DynamicValue(RS_184_customer_c_customer_sk_bloom_filter)))) (type: boolean)
                  Statistics: Num rows: 275035746821 Data size: 7634813280228 Basic stats: COMPLETE Column stats: COMPLETE
                  Filter Operator
                    predicate: (ss_customer_sk is not null and (ss_customer_sk BETWEEN DynamicValue(RS_184_customer_c_customer_sk_min) AND DynamicValue(RS_184_customer_c_customer_sk_max) and in_bloom_filter(ss_customer_sk, DynamicValue(RS_184_customer_c_customer_sk_bloom_filter)))) (type: boolean)
                    Statistics: Num rows: 271722950958 Data size: 7542852223736 Basic stats: COMPLETE Column stats: COMPLETE
                    Select Operator
                      expressions: ss_customer_sk (type: bigint), ss_quantity (type: int), ss_sales_price (type: double), ss_sold_date_sk (type: bigint)
                      outputColumnNames: _col0, _col1, _col2, _col3
                      Statistics: Num rows: 271722950958 Data size: 7542852223736 Basic stats: COMPLETE Column stats: COMPLETE
                      Map Join Operator
                        condition map:
                             Inner Join 0 to 1
                        keys:
                          0 _col3 (type: bigint)
                          1 _col0 (type: bigint)
                        outputColumnNames: _col0, _col1, _col2
                        input vertices:
                          1 Map 15
                        Statistics: Num rows: 9704789353 Data size: 194095787060 Basic stats: COMPLETE Column stats: COMPLETE
                        Map Join Operator
                          condition map:
                               Inner Join 0 to 1
                          keys:
                            0 _col0 (type: bigint)
                            1 _col0 (type: bigint)
                          outputColumnNames: _col1, _col2, _col6
                          input vertices:
                            1 Map 16
                          Statistics: Num rows: 74906909 Data size: 1498138180 Basic stats: COMPLETE Column stats: COMPLETE
                          Select Operator
                            expressions: _col6 (type: bigint), (UDFToDouble(_col1) * _col2) (type: double)
                            outputColumnNames: _col0, _col1
                            Statistics: Num rows: 74906909 Data size: 1498138180 Basic stats: COMPLETE Column stats: COMPLETE
                            Group By Operator
                              aggregations: sum(_col1)
                              keys: _col0 (type: bigint)
                              mode: hash
                              outputColumnNames: _col0, _col1
                              Statistics: Num rows: 15893 Data size: 254288 Basic stats: COMPLETE Column stats: COMPLETE
                              Reduce Output Operator
                                key expressions: _col0 (type: bigint)
                                sort order: +
                                Map-reduce partition columns: _col0 (type: bigint)
                                Statistics: Num rows: 15893 Data size: 254288 Basic stats: COMPLETE Column stats: COMPLETE
                                value expressions: _col1 (type: double)
            Execution mode: vectorized, llap
            LLAP IO: all inputs
        Map 4 
            Map Operator Tree:
                TableScan
                  alias: customer
                  filterExpr: c_customer_sk is not null (type: boolean)
                  Statistics: Num rows: 1000 Data size: 188000 Basic stats: COMPLETE Column stats: COMPLETE
                  Filter Operator
                    predicate: c_customer_sk is not null (type: boolean)
                    Statistics: Num rows: 1000 Data size: 188000 Basic stats: COMPLETE Column stats: COMPLETE
                    Select Operator
                      expressions: c_customer_sk (type: bigint), c_first_name (type: string), c_last_name (type: string)
                      outputColumnNames: _col0, _col1, _col2
                      Statistics: Num rows: 1000 Data size: 188000 Basic stats: COMPLETE Column stats: COMPLETE
                      Reduce Output Operator
                        key expressions: _col0 (type: bigint)
                        sort order: +
                        Map-reduce partition columns: _col0 (type: bigint)
                        Statistics: Num rows: 1000 Data size: 188000 Basic stats: COMPLETE Column stats: COMPLETE
                        value expressions: _col1 (type: string), _col2 (type: string)
                      Select Operator
                        expressions: _col0 (type: bigint)
                        outputColumnNames: _col0
                        Statistics: Num rows: 1000 Data size: 8000 Basic stats: COMPLETE Column stats: COMPLETE
                        Group By Operator
                          aggregations: min(_col0), max(_col0), bloom_filter(_col0, expectedEntries=1000000)
                          mode: hash
                          outputColumnNames: _col0, _col1, _col2
                          Statistics: Num rows: 1 Data size: 24 Basic stats: COMPLETE Column stats: COMPLETE
                          Reduce Output Operator
                            sort order: 
                            Statistics: Num rows: 1 Data size: 24 Basic stats: COMPLETE Column stats: COMPLETE
                            value expressions: _col0 (type: bigint), _col1 (type: bigint), _col2 (type: binary)
                  Filter Operator
                    predicate: c_customer_sk is not null (type: boolean)
                    Statistics: Num rows: 1000 Data size: 188000 Basic stats: COMPLETE Column stats: COMPLETE
                    Select Operator
                      expressions: c_customer_sk (type: bigint), c_first_name (type: string), c_last_name (type: string)
                      outputColumnNames: _col0, _col1, _col2
                      Statistics: Num rows: 1000 Data size: 188000 Basic stats: COMPLETE Column stats: COMPLETE
                      Reduce Output Operator
                        key expressions: _col0 (type: bigint)
                        sort order: +
                        Map-reduce partition columns: _col0 (type: bigint)
                        Statistics: Num rows: 1000 Data size: 188000 Basic stats: COMPLETE Column stats: COMPLETE
                        value expressions: _col1 (type: string), _col2 (type: string)
                      Select Operator
                        expressions: _col0 (type: bigint)
                        outputColumnNames: _col0
                        Statistics: Num rows: 1000 Data size: 8000 Basic stats: COMPLETE Column stats: COMPLETE
                        Group By Operator
                          aggregations: min(_col0), max(_col0), bloom_filter(_col0, expectedEntries=1000000)
                          mode: hash
                          outputColumnNames: _col0, _col1, _col2
                          Statistics: Num rows: 1 Data size: 24 Basic stats: COMPLETE Column stats: COMPLETE
                          Reduce Output Operator
                            sort order: 
                            Statistics: Num rows: 1 Data size: 24 Basic stats: COMPLETE Column stats: COMPLETE
                            value expressions: _col0 (type: bigint), _col1 (type: bigint), _col2 (type: binary)
            Execution mode: vectorized, llap
            LLAP IO: all inputs
        Map 42 
            Map Operator Tree:
                TableScan
                  alias: store_sales
                  filterExpr: ss_customer_sk is not null (type: boolean)
                  Statistics: Num rows: 288018711538 Data size: 5694186600000 Basic stats: COMPLETE Column stats: PARTIAL
                  Filter Operator
                    predicate: ss_customer_sk is not null (type: boolean)
                    Statistics: Num rows: 284705915675 Data size: 5628691973928 Basic stats: COMPLETE Column stats: PARTIAL
                    Select Operator
                      expressions: ss_customer_sk (type: bigint), ss_quantity (type: int), ss_sales_price (type: double)
                      outputColumnNames: _col0, _col1, _col2
                      Statistics: Num rows: 284705915675 Data size: 5628691973928 Basic stats: COMPLETE Column stats: PARTIAL
                      Map Join Operator
                        condition map:
                             Inner Join 0 to 1
                        keys:
                          0 _col0 (type: bigint)
                          1 _col0 (type: bigint)
                        outputColumnNames: _col1, _col2, _col3
                        input vertices:
                          1 Map 16
                        Statistics: Num rows: 78443331 Data size: 1568866620 Basic stats: COMPLETE Column stats: PARTIAL
                        Select Operator
                          expressions: _col3 (type: bigint), (UDFToDouble(_col1) * _col2) (type: double)
                          outputColumnNames: _col0, _col1
                          Statistics: Num rows: 78443331 Data size: 1568866620 Basic stats: COMPLETE Column stats: PARTIAL
                          Group By Operator
                            aggregations: sum(_col1)
                            keys: _col0 (type: bigint)
                            mode: hash
                            outputColumnNames: _col0, _col1
                            Statistics: Num rows: 16584 Data size: 265344 Basic stats: COMPLETE Column stats: PARTIAL
                            Reduce Output Operator
                              key expressions: _col0 (type: bigint)
                              sort order: +
                              Map-reduce partition columns: _col0 (type: bigint)
                              Statistics: Num rows: 16584 Data size: 265344 Basic stats: COMPLETE Column stats: PARTIAL
                              value expressions: _col1 (type: double)
            Execution mode: vectorized, llap
            LLAP IO: all inputs
        Map 44 
            Map Operator Tree:
                TableScan
                  alias: store_sales
                  filterExpr: ss_item_sk is not null (type: boolean)
                  Statistics: Num rows: 275035746821 Data size: 4400571949136 Basic stats: COMPLETE Column stats: COMPLETE
                  Filter Operator
                    predicate: ss_item_sk is not null (type: boolean)
                    Statistics: Num rows: 275035746821 Data size: 4400571949136 Basic stats: COMPLETE Column stats: COMPLETE
                    Select Operator
                      expressions: ss_item_sk (type: bigint), ss_sold_date_sk (type: bigint)
                      outputColumnNames: _col0, _col1
                      Statistics: Num rows: 275035746821 Data size: 4400571949136 Basic stats: COMPLETE Column stats: COMPLETE
                      Map Join Operator
                        condition map:
                             Inner Join 0 to 1
                        keys:
                          0 _col1 (type: bigint)
                          1 _col0 (type: bigint)
                        outputColumnNames: _col0, _col3
                        input vertices:
                          1 Map 29
                        Statistics: Num rows: 9823108346 Data size: 1001957051292 Basic stats: COMPLETE Column stats: COMPLETE
                        Map Join Operator
                          condition map:
                               Inner Join 0 to 1
                          keys:
                            0 _col0 (type: bigint)
                            1 _col0 (type: bigint)
                          outputColumnNames: _col3, _col5, _col6
                          input vertices:
                            1 Map 30
                          Statistics: Num rows: 9823108346 Data size: 2809408986956 Basic stats: COMPLETE Column stats: COMPLETE
                          Select Operator
                            expressions: substr(_col6, 1, 30) (type: string), _col5 (type: bigint), _col3 (type: string)
                            outputColumnNames: _col0, _col1, _col2
                            Statistics: Num rows: 9823108346 Data size: 2809408986956 Basic stats: COMPLETE Column stats: COMPLETE
                            Group By Operator
                              aggregations: count()
                              keys: _col1 (type: bigint), _col0 (type: string), _col2 (type: string)
                              mode: hash
                              outputColumnNames: _col0, _col1, _col2, _col3
                              Statistics: Num rows: 9823108346 Data size: 2887993853724 Basic stats: COMPLETE Column stats: COMPLETE
                              Reduce Output Operator
                                key expressions: _col0 (type: bigint), _col1 (type: string), _col2 (type: string)
                                sort order: +++
                                Map-reduce partition columns: _col0 (type: bigint), _col1 (type: string), _col2 (type: string)
                                Statistics: Num rows: 9823108346 Data size: 2887993853724 Basic stats: COMPLETE Column stats: COMPLETE
                                value expressions: _col3 (type: bigint)
            Execution mode: vectorized, llap
            LLAP IO: all inputs
        Map 7 
            Map Operator Tree:
                TableScan
                  alias: store_sales
                  filterExpr: (ss_customer_sk is not null and (ss_customer_sk BETWEEN DynamicValue(RS_22_customer_c_customer_sk_min) AND DynamicValue(RS_22_customer_c_customer_sk_max) and in_bloom_filter(ss_customer_sk, DynamicValue(RS_22_customer_c_customer_sk_bloom_filter)))) (type: boolean)
                  Statistics: Num rows: 275035746821 Data size: 4374069582240 Basic stats: COMPLETE Column stats: COMPLETE
                  Filter Operator
                    predicate: (ss_customer_sk is not null and (ss_customer_sk BETWEEN DynamicValue(RS_22_customer_c_customer_sk_min) AND DynamicValue(RS_22_customer_c_customer_sk_max) and in_bloom_filter(ss_customer_sk, DynamicValue(RS_22_customer_c_customer_sk_bloom_filter)))) (type: boolean)
                    Statistics: Num rows: 271722950958 Data size: 4321384068504 Basic stats: COMPLETE Column stats: COMPLETE
                    Select Operator
                      expressions: ss_customer_sk (type: bigint), ss_sold_date_sk (type: bigint)
                      outputColumnNames: _col0, _col3
                      Statistics: Num rows: 271722950958 Data size: 4321384068504 Basic stats: COMPLETE Column stats: COMPLETE
                      Map Join Operator
                        condition map:
                             Inner Join 0 to 1
                        keys:
                          0 _col3 (type: bigint)
                          1 _col0 (type: bigint)
                        outputColumnNames: _col0
                        input vertices:
                          1 Map 15
                        Statistics: Num rows: 9704789353 Data size: 77638314824 Basic stats: COMPLETE Column stats: COMPLETE
                        Map Join Operator
                          condition map:
                               Inner Join 0 to 1
                          keys:
                            0 _col0 (type: bigint)
                            1 _col0 (type: bigint)
                          outputColumnNames: _col6
                          input vertices:
                            1 Map 16
                          Statistics: Num rows: 74906909 Data size: 599255272 Basic stats: COMPLETE Column stats: COMPLETE
                          Select Operator
                            expressions: _col6 (type: bigint)
                            outputColumnNames: _col0
                            Statistics: Num rows: 74906909 Data size: 599255272 Basic stats: COMPLETE Column stats: COMPLETE
                            Group By Operator
                              keys: _col0 (type: bigint)
                              mode: hash
                              outputColumnNames: _col0
                              Statistics: Num rows: 6219 Data size: 49752 Basic stats: COMPLETE Column stats: COMPLETE
                              Reduce Output Operator
                                key expressions: _col0 (type: bigint)
                                sort order: +
                                Map-reduce partition columns: _col0 (type: bigint)
                                Statistics: Num rows: 6219 Data size: 49752 Basic stats: COMPLETE Column stats: COMPLETE
            Execution mode: vectorized, llap
            LLAP IO: all inputs
        Reducer 10 
            Execution mode: llap
            Reduce Operator Tree:
              Merge Join Operator
                condition map:
                     Inner Join 0 to 1
                keys:
                  0 
                  1 
                outputColumnNames: _col1, _col2, _col3
                Statistics: Num rows: 691 Data size: 16584 Basic stats: COMPLETE Column stats: PARTIAL
                Filter Operator
                  predicate: (_col3 > (0.95 * _col1)) (type: boolean)
                  Statistics: Num rows: 230 Data size: 5520 Basic stats: COMPLETE Column stats: PARTIAL
                  Select Operator
                    expressions: _col2 (type: bigint)
                    outputColumnNames: _col2
                    Statistics: Num rows: 230 Data size: 5520 Basic stats: COMPLETE Column stats: PARTIAL
                    Group By Operator
                      keys: _col2 (type: bigint)
                      mode: hash
                      outputColumnNames: _col0
                      Statistics: Num rows: 115 Data size: 920 Basic stats: COMPLETE Column stats: PARTIAL
                      Reduce Output Operator
                        key expressions: _col0 (type: bigint)
                        sort order: +
                        Map-reduce partition columns: _col0 (type: bigint)
                        Statistics: Num rows: 115 Data size: 920 Basic stats: COMPLETE Column stats: PARTIAL
        Reducer 11 
            Execution mode: vectorized, llap
            Reduce Operator Tree:
              Group By Operator
                keys: KEY._col0 (type: bigint)
                mode: mergepartial
                outputColumnNames: _col0
                Statistics: Num rows: 115 Data size: 920 Basic stats: COMPLETE Column stats: PARTIAL
                Map Join Operator
                  condition map:
                       Inner Join 0 to 1
                  keys:
                    0 _col0 (type: bigint)
                    1 _col0 (type: bigint)
                  outputColumnNames: _col1, _col2, _col3, _col9, _col10
                  input vertices:
                    0 Map 1
                  Statistics: Num rows: 2901872 Data size: 580374400 Basic stats: COMPLETE Column stats: PARTIAL
                  Map Join Operator
                    condition map:
                         Left Semi Join 0 to 1
                    keys:
                      0 _col1 (type: bigint)
                      1 _col0 (type: bigint)
                    outputColumnNames: _col2, _col3, _col9, _col10
                    input vertices:
                      1 Reducer 27
                    Statistics: Num rows: 16 Data size: 3072 Basic stats: COMPLETE Column stats: PARTIAL
                    Select Operator
                      expressions: _col10 (type: string), _col9 (type: string), (UDFToDouble(_col2) * _col3) (type: double)
                      outputColumnNames: _col0, _col1, _col2
                      Statistics: Num rows: 16 Data size: 3072 Basic stats: COMPLETE Column stats: PARTIAL
                      Group By Operator
                        aggregations: sum(_col2)
                        keys: _col0 (type: string), _col1 (type: string)
                        mode: hash
                        outputColumnNames: _col0, _col1, _col2
                        Statistics: Num rows: 1 Data size: 188 Basic stats: COMPLETE Column stats: PARTIAL
                        Reduce Output Operator
                          key expressions: _col0 (type: string), _col1 (type: string)
                          sort order: ++
                          Map-reduce partition columns: _col0 (type: string), _col1 (type: string)
                          Statistics: Num rows: 1 Data size: 188 Basic stats: COMPLETE Column stats: PARTIAL
                          value expressions: _col2 (type: double)
        Reducer 12 
            Execution mode: vectorized, llap
            Reduce Operator Tree:
              Group By Operator
                aggregations: sum(VALUE._col0)
                keys: KEY._col0 (type: string), KEY._col1 (type: string)
                mode: mergepartial
                outputColumnNames: _col0, _col1, _col2
                Statistics: Num rows: 1 Data size: 188 Basic stats: COMPLETE Column stats: PARTIAL
                Reduce Output Operator
                  key expressions: _col0 (type: string), _col1 (type: string), _col2 (type: double)
                  sort order: +++
                  Statistics: Num rows: 2 Data size: 376 Basic stats: COMPLETE Column stats: PARTIAL
                  TopN Hash Memory Usage: 0.04
        Reducer 14 
            Execution mode: vectorized, llap
            Reduce Operator Tree:
              Select Operator
                expressions: KEY.reducesinkkey0 (type: string), KEY.reducesinkkey1 (type: string), KEY.reducesinkkey2 (type: double)
                outputColumnNames: _col0, _col1, _col2
                Statistics: Num rows: 2 Data size: 376 Basic stats: COMPLETE Column stats: PARTIAL
                Limit
                  Number of rows: 100
                  Statistics: Num rows: 2 Data size: 376 Basic stats: COMPLETE Column stats: PARTIAL
                  File Output Operator
                    compressed: false
                    Statistics: Num rows: 2 Data size: 376 Basic stats: COMPLETE Column stats: PARTIAL
                    table:
                        input format: org.apache.hadoop.mapred.SequenceFileInputFormat
                        output format: org.apache.hadoop.hive.ql.io.HiveSequenceFileOutputFormat
                        serde: org.apache.hadoop.hive.serde2.lazy.LazySimpleSerDe
        Reducer 17 
            Execution mode: vectorized, llap
            Reduce Operator Tree:
              Group By Operator
                aggregations: min(VALUE._col0), max(VALUE._col1), bloom_filter(VALUE._col2, expectedEntries=1000000)
                mode: final
                outputColumnNames: _col0, _col1, _col2
                Statistics: Num rows: 1 Data size: 24 Basic stats: COMPLETE Column stats: COMPLETE
                Reduce Output Operator
                  sort order: 
                  Statistics: Num rows: 1 Data size: 24 Basic stats: COMPLETE Column stats: COMPLETE
                  value expressions: _col0 (type: bigint), _col1 (type: bigint), _col2 (type: binary)
        Reducer 18 
            Execution mode: vectorized, llap
            Reduce Operator Tree:
              Group By Operator
                aggregations: min(VALUE._col0), max(VALUE._col1), bloom_filter(VALUE._col2, expectedEntries=1000000)
                mode: final
                outputColumnNames: _col0, _col1, _col2
                Statistics: Num rows: 1 Data size: 24 Basic stats: COMPLETE Column stats: COMPLETE
                Reduce Output Operator
                  sort order: 
                  Statistics: Num rows: 1 Data size: 24 Basic stats: COMPLETE Column stats: COMPLETE
                  value expressions: _col0 (type: bigint), _col1 (type: bigint), _col2 (type: binary)
        Reducer 19 
            Execution mode: vectorized, llap
            Reduce Operator Tree:
              Group By Operator
                aggregations: min(VALUE._col0), max(VALUE._col1), bloom_filter(VALUE._col2, expectedEntries=1000000)
                mode: final
                outputColumnNames: _col0, _col1, _col2
                Statistics: Num rows: 1 Data size: 24 Basic stats: COMPLETE Column stats: COMPLETE
                Reduce Output Operator
                  sort order: 
                  Statistics: Num rows: 1 Data size: 24 Basic stats: COMPLETE Column stats: COMPLETE
                  value expressions: _col0 (type: bigint), _col1 (type: bigint), _col2 (type: binary)
        Reducer 2 
            Execution mode: vectorized, llap
            Reduce Operator Tree:
              Group By Operator
                aggregations: min(VALUE._col0), max(VALUE._col1), bloom_filter(VALUE._col2, expectedEntries=1000000)
                mode: final
                outputColumnNames: _col0, _col1, _col2
                Statistics: Num rows: 1 Data size: 24 Basic stats: COMPLETE Column stats: COMPLETE
                Reduce Output Operator
                  sort order: 
                  Statistics: Num rows: 1 Data size: 24 Basic stats: COMPLETE Column stats: COMPLETE
                  value expressions: _col0 (type: bigint), _col1 (type: bigint), _col2 (type: binary)
        Reducer 20 
            Execution mode: vectorized, llap
            Reduce Operator Tree:
              Group By Operator
                aggregations: min(VALUE._col0), max(VALUE._col1), bloom_filter(VALUE._col2, expectedEntries=1000000)
                mode: final
                outputColumnNames: _col0, _col1, _col2
                Statistics: Num rows: 1 Data size: 24 Basic stats: COMPLETE Column stats: COMPLETE
                Reduce Output Operator
                  sort order: 
                  Statistics: Num rows: 1 Data size: 24 Basic stats: COMPLETE Column stats: COMPLETE
                  value expressions: _col0 (type: bigint), _col1 (type: bigint), _col2 (type: binary)
        Reducer 22 
            Execution mode: vectorized, llap
            Reduce Operator Tree:
              Group By Operator
                aggregations: sum(VALUE._col0)
                keys: KEY._col0 (type: bigint)
                mode: mergepartial
                outputColumnNames: _col0, _col1
                Statistics: Num rows: 691 Data size: 11056 Basic stats: COMPLETE Column stats: COMPLETE
                Select Operator
                  expressions: _col1 (type: double)
                  outputColumnNames: _col1
                  Statistics: Num rows: 691 Data size: 11056 Basic stats: COMPLETE Column stats: COMPLETE
                  Group By Operator
                    aggregations: max(_col1)
                    mode: hash
                    outputColumnNames: _col0
                    Statistics: Num rows: 1 Data size: 8 Basic stats: COMPLETE Column stats: COMPLETE
                    Reduce Output Operator
                      sort order: 
                      Statistics: Num rows: 1 Data size: 8 Basic stats: COMPLETE Column stats: COMPLETE
                      value expressions: _col0 (type: double)
        Reducer 23 
            Execution mode: vectorized, llap
            Reduce Operator Tree:
              Group By Operator
                aggregations: max(VALUE._col0)
                mode: mergepartial
                outputColumnNames: _col0
                Statistics: Num rows: 1 Data size: 8 Basic stats: COMPLETE Column stats: COMPLETE
                Reduce Output Operator
                  sort order: 
                  Statistics: Num rows: 1 Data size: 8 Basic stats: COMPLETE Column stats: COMPLETE
                  value expressions: _col0 (type: double)
        Reducer 25 
            Execution mode: vectorized, llap
            Reduce Operator Tree:
              Group By Operator
                aggregations: sum(VALUE._col0)
                keys: KEY._col0 (type: bigint)
                mode: mergepartial
                outputColumnNames: _col0, _col1
                Statistics: Num rows: 691 Data size: 11056 Basic stats: COMPLETE Column stats: PARTIAL
                Reduce Output Operator
                  sort order: 
                  Statistics: Num rows: 691 Data size: 11056 Basic stats: COMPLETE Column stats: PARTIAL
                  value expressions: _col0 (type: bigint), _col1 (type: double)
        Reducer 27 
            Execution mode: vectorized, llap
            Reduce Operator Tree:
              Group By Operator
                aggregations: count(VALUE._col0)
                keys: KEY._col0 (type: bigint), KEY._col1 (type: string), KEY._col2 (type: string)
                mode: mergepartial
                outputColumnNames: _col0, _col1, _col2, _col3
                Statistics: Num rows: 9823108346 Data size: 2887993853724 Basic stats: COMPLETE Column stats: COMPLETE
                Select Operator
                  expressions: _col0 (type: bigint), _col3 (type: bigint)
                  outputColumnNames: _col0, _col3
                  Statistics: Num rows: 9823108346 Data size: 157169733536 Basic stats: COMPLETE Column stats: COMPLETE
                  Filter Operator
                    predicate: (_col3 > 4) (type: boolean)
                    Statistics: Num rows: 3274369448 Data size: 52389911168 Basic stats: COMPLETE Column stats: COMPLETE
                    Select Operator
                      expressions: _col0 (type: bigint)
                      outputColumnNames: _col0
                      Statistics: Num rows: 3274369448 Data size: 26194955584 Basic stats: COMPLETE Column stats: COMPLETE
                      Group By Operator
                        keys: _col0 (type: bigint)
                        mode: hash
                        outputColumnNames: _col0
                        Statistics: Num rows: 1510824 Data size: 12086592 Basic stats: COMPLETE Column stats: COMPLETE
                        Reduce Output Operator
                          key expressions: _col0 (type: bigint)
                          sort order: +
                          Map-reduce partition columns: _col0 (type: bigint)
                          Statistics: Num rows: 1510824 Data size: 12086592 Basic stats: COMPLETE Column stats: COMPLETE
                        Select Operator
                          expressions: _col0 (type: bigint)
                          outputColumnNames: _col0
                          Statistics: Num rows: 1510824 Data size: 12086592 Basic stats: COMPLETE Column stats: COMPLETE
                          Group By Operator
                            aggregations: min(_col0), max(_col0), bloom_filter(_col0, expectedEntries=1000000)
                            mode: hash
                            outputColumnNames: _col0, _col1, _col2
                            Statistics: Num rows: 1 Data size: 24 Basic stats: COMPLETE Column stats: COMPLETE
                            Reduce Output Operator
                              sort order: 
                              Statistics: Num rows: 1 Data size: 24 Basic stats: COMPLETE Column stats: COMPLETE
                              value expressions: _col0 (type: bigint), _col1 (type: bigint), _col2 (type: binary)
        Reducer 28 
            Execution mode: vectorized, llap
            Reduce Operator Tree:
              Group By Operator
                aggregations: min(VALUE._col0), max(VALUE._col1), bloom_filter(VALUE._col2, expectedEntries=1000000)
                mode: final
                outputColumnNames: _col0, _col1, _col2
                Statistics: Num rows: 1 Data size: 24 Basic stats: COMPLETE Column stats: COMPLETE
                Reduce Output Operator
                  sort order: 
                  Statistics: Num rows: 1 Data size: 24 Basic stats: COMPLETE Column stats: COMPLETE
                  value expressions: _col0 (type: bigint), _col1 (type: bigint), _col2 (type: binary)
        Reducer 32 
            Execution mode: vectorized, llap
            Reduce Operator Tree:
              Group By Operator
                aggregations: sum(VALUE._col0)
                keys: KEY._col0 (type: string), KEY._col1 (type: string)
                mode: mergepartial
                outputColumnNames: _col0, _col1, _col2
                Statistics: Num rows: 1 Data size: 188 Basic stats: COMPLETE Column stats: PARTIAL
                Reduce Output Operator
                  key expressions: _col0 (type: string), _col1 (type: string), _col2 (type: double)
                  sort order: +++
                  Statistics: Num rows: 2 Data size: 376 Basic stats: COMPLETE Column stats: PARTIAL
                  TopN Hash Memory Usage: 0.04
        Reducer 34 
            Execution mode: vectorized, llap
            Reduce Operator Tree:
              Group By Operator
                keys: KEY._col0 (type: bigint)
                mode: mergepartial
                outputColumnNames: _col0
                Statistics: Num rows: 691 Data size: 5528 Basic stats: COMPLETE Column stats: COMPLETE
                Select Operator
                  Statistics: Num rows: 691 Data size: 5528 Basic stats: COMPLETE Column stats: COMPLETE
                  Group By Operator
                    aggregations: count()
                    mode: hash
                    outputColumnNames: _col0
                    Statistics: Num rows: 1 Data size: 8 Basic stats: COMPLETE Column stats: COMPLETE
                    Reduce Output Operator
                      sort order: 
                      Statistics: Num rows: 1 Data size: 8 Basic stats: COMPLETE Column stats: COMPLETE
                      value expressions: _col0 (type: bigint)
        Reducer 35 
            Execution mode: vectorized, llap
            Reduce Operator Tree:
              Group By Operator
                aggregations: count(VALUE._col0)
                mode: mergepartial
                outputColumnNames: _col0
                Statistics: Num rows: 1 Data size: 8 Basic stats: COMPLETE Column stats: COMPLETE
                Filter Operator
                  predicate: (sq_count_check(_col0) <= 1) (type: boolean)
                  Statistics: Num rows: 1 Data size: 8 Basic stats: COMPLETE Column stats: COMPLETE
                  Select Operator
                    Statistics: Num rows: 1 Data size: 8 Basic stats: COMPLETE Column stats: COMPLETE
                    Map Join Operator
                      condition map:
                           Left Outer Join0 to 1
                      keys:
                        0 
                        1 
                      outputColumnNames: _col1
                      input vertices:
                        1 Reducer 41
                      Statistics: Num rows: 1 Data size: 8 Basic stats: COMPLETE Column stats: COMPLETE
                      Reduce Output Operator
                        sort order: 
                        Statistics: Num rows: 1 Data size: 8 Basic stats: COMPLETE Column stats: COMPLETE
                        value expressions: _col1 (type: double)
        Reducer 36 
            Execution mode: llap
            Reduce Operator Tree:
              Merge Join Operator
                condition map:
                     Inner Join 0 to 1
                keys:
                  0 
                  1 
                outputColumnNames: _col1, _col2, _col3
                Statistics: Num rows: 691 Data size: 16584 Basic stats: COMPLETE Column stats: PARTIAL
                Filter Operator
                  predicate: (_col3 > (0.95 * _col1)) (type: boolean)
                  Statistics: Num rows: 230 Data size: 5520 Basic stats: COMPLETE Column stats: PARTIAL
                  Select Operator
                    expressions: _col2 (type: bigint)
                    outputColumnNames: _col2
                    Statistics: Num rows: 230 Data size: 5520 Basic stats: COMPLETE Column stats: PARTIAL
                    Group By Operator
                      keys: _col2 (type: bigint)
                      mode: hash
                      outputColumnNames: _col0
                      Statistics: Num rows: 115 Data size: 920 Basic stats: COMPLETE Column stats: PARTIAL
                      Reduce Output Operator
                        key expressions: _col0 (type: bigint)
                        sort order: +
                        Map-reduce partition columns: _col0 (type: bigint)
                        Statistics: Num rows: 115 Data size: 920 Basic stats: COMPLETE Column stats: PARTIAL
        Reducer 37 
            Execution mode: vectorized, llap
            Reduce Operator Tree:
              Group By Operator
                keys: KEY._col0 (type: bigint)
                mode: mergepartial
                outputColumnNames: _col0
                Statistics: Num rows: 115 Data size: 920 Basic stats: COMPLETE Column stats: PARTIAL
                Reduce Output Operator
                  key expressions: _col0 (type: bigint)
                  sort order: +
                  Map-reduce partition columns: _col0 (type: bigint)
                  Statistics: Num rows: 115 Data size: 920 Basic stats: COMPLETE Column stats: PARTIAL
                Select Operator
                  expressions: _col0 (type: bigint)
                  outputColumnNames: _col0
                  Statistics: Num rows: 115 Data size: 920 Basic stats: COMPLETE Column stats: PARTIAL
                  Group By Operator
                    aggregations: min(_col0), max(_col0), bloom_filter(_col0, expectedEntries=1000000)
                    mode: hash
                    outputColumnNames: _col0, _col1, _col2
                    Statistics: Num rows: 1 Data size: 24 Basic stats: COMPLETE Column stats: PARTIAL
                    Reduce Output Operator
                      sort order: 
                      Statistics: Num rows: 1 Data size: 24 Basic stats: COMPLETE Column stats: PARTIAL
                      value expressions: _col0 (type: bigint), _col1 (type: bigint), _col2 (type: binary)
        Reducer 38 
            Execution mode: vectorized, llap
            Reduce Operator Tree:
              Group By Operator
                aggregations: min(VALUE._col0), max(VALUE._col1), bloom_filter(VALUE._col2, expectedEntries=1000000)
                mode: final
                outputColumnNames: _col0, _col1, _col2
                Statistics: Num rows: 1 Data size: 24 Basic stats: COMPLETE Column stats: PARTIAL
                Reduce Output Operator
                  sort order: 
                  Statistics: Num rows: 1 Data size: 24 Basic stats: COMPLETE Column stats: PARTIAL
                  value expressions: _col0 (type: bigint), _col1 (type: bigint), _col2 (type: binary)
        Reducer 40 
            Execution mode: vectorized, llap
            Reduce Operator Tree:
              Group By Operator
                aggregations: sum(VALUE._col0)
                keys: KEY._col0 (type: bigint)
                mode: mergepartial
                outputColumnNames: _col0, _col1
                Statistics: Num rows: 691 Data size: 11056 Basic stats: COMPLETE Column stats: COMPLETE
                Select Operator
                  expressions: _col1 (type: double)
                  outputColumnNames: _col1
                  Statistics: Num rows: 691 Data size: 11056 Basic stats: COMPLETE Column stats: COMPLETE
                  Group By Operator
                    aggregations: max(_col1)
                    mode: hash
                    outputColumnNames: _col0
                    Statistics: Num rows: 1 Data size: 8 Basic stats: COMPLETE Column stats: COMPLETE
                    Reduce Output Operator
                      sort order: 
                      Statistics: Num rows: 1 Data size: 8 Basic stats: COMPLETE Column stats: COMPLETE
                      value expressions: _col0 (type: double)
        Reducer 41 
            Execution mode: vectorized, llap
            Reduce Operator Tree:
              Group By Operator
                aggregations: max(VALUE._col0)
                mode: mergepartial
                outputColumnNames: _col0
                Statistics: Num rows: 1 Data size: 8 Basic stats: COMPLETE Column stats: COMPLETE
                Reduce Output Operator
                  sort order: 
                  Statistics: Num rows: 1 Data size: 8 Basic stats: COMPLETE Column stats: COMPLETE
                  value expressions: _col0 (type: double)
        Reducer 43 
            Execution mode: vectorized, llap
            Reduce Operator Tree:
              Group By Operator
                aggregations: sum(VALUE._col0)
                keys: KEY._col0 (type: bigint)
                mode: mergepartial
                outputColumnNames: _col0, _col1
                Statistics: Num rows: 691 Data size: 11056 Basic stats: COMPLETE Column stats: PARTIAL
                Reduce Output Operator
                  sort order: 
                  Statistics: Num rows: 691 Data size: 11056 Basic stats: COMPLETE Column stats: PARTIAL
                  value expressions: _col0 (type: bigint), _col1 (type: double)
        Reducer 45 
            Execution mode: vectorized, llap
            Reduce Operator Tree:
              Group By Operator
                aggregations: count(VALUE._col0)
                keys: KEY._col0 (type: bigint), KEY._col1 (type: string), KEY._col2 (type: string)
                mode: mergepartial
                outputColumnNames: _col0, _col1, _col2, _col3
                Statistics: Num rows: 9823108346 Data size: 2887993853724 Basic stats: COMPLETE Column stats: COMPLETE
                Select Operator
                  expressions: _col0 (type: bigint), _col3 (type: bigint)
                  outputColumnNames: _col0, _col3
                  Statistics: Num rows: 9823108346 Data size: 157169733536 Basic stats: COMPLETE Column stats: COMPLETE
                  Filter Operator
                    predicate: (_col3 > 4) (type: boolean)
                    Statistics: Num rows: 3274369448 Data size: 52389911168 Basic stats: COMPLETE Column stats: COMPLETE
                    Select Operator
                      expressions: _col0 (type: bigint)
                      outputColumnNames: _col0
                      Statistics: Num rows: 3274369448 Data size: 26194955584 Basic stats: COMPLETE Column stats: COMPLETE
                      Group By Operator
                        keys: _col0 (type: bigint)
                        mode: hash
                        outputColumnNames: _col0
                        Statistics: Num rows: 1510824 Data size: 12086592 Basic stats: COMPLETE Column stats: COMPLETE
                        Reduce Output Operator
                          key expressions: _col0 (type: bigint)
                          sort order: +
                          Map-reduce partition columns: _col0 (type: bigint)
                          Statistics: Num rows: 1510824 Data size: 12086592 Basic stats: COMPLETE Column stats: COMPLETE
                        Select Operator
                          expressions: _col0 (type: bigint)
                          outputColumnNames: _col0
                          Statistics: Num rows: 1510824 Data size: 12086592 Basic stats: COMPLETE Column stats: COMPLETE
                          Group By Operator
                            aggregations: min(_col0), max(_col0), bloom_filter(_col0, expectedEntries=1000000)
                            mode: hash
                            outputColumnNames: _col0, _col1, _col2
                            Statistics: Num rows: 1 Data size: 24 Basic stats: COMPLETE Column stats: COMPLETE
                            Reduce Output Operator
                              sort order: 
                              Statistics: Num rows: 1 Data size: 24 Basic stats: COMPLETE Column stats: COMPLETE
                              value expressions: _col0 (type: bigint), _col1 (type: bigint), _col2 (type: binary)
        Reducer 46 
            Execution mode: vectorized, llap
            Reduce Operator Tree:
              Group By Operator
                aggregations: min(VALUE._col0), max(VALUE._col1), bloom_filter(VALUE._col2, expectedEntries=1000000)
                mode: final
                outputColumnNames: _col0, _col1, _col2
                Statistics: Num rows: 1 Data size: 24 Basic stats: COMPLETE Column stats: COMPLETE
                Reduce Output Operator
                  sort order: 
                  Statistics: Num rows: 1 Data size: 24 Basic stats: COMPLETE Column stats: COMPLETE
                  value expressions: _col0 (type: bigint), _col1 (type: bigint), _col2 (type: binary)
        Reducer 5 
            Execution mode: vectorized, llap
            Reduce Operator Tree:
              Group By Operator
                aggregations: min(VALUE._col0), max(VALUE._col1), bloom_filter(VALUE._col2, expectedEntries=1000000)
                mode: final
                outputColumnNames: _col0, _col1, _col2
                Statistics: Num rows: 1 Data size: 24 Basic stats: COMPLETE Column stats: COMPLETE
                Reduce Output Operator
                  sort order: 
                  Statistics: Num rows: 1 Data size: 24 Basic stats: COMPLETE Column stats: COMPLETE
                  value expressions: _col0 (type: bigint), _col1 (type: bigint), _col2 (type: binary)
        Reducer 6 
            Execution mode: vectorized, llap
            Reduce Operator Tree:
              Group By Operator
                aggregations: min(VALUE._col0), max(VALUE._col1), bloom_filter(VALUE._col2, expectedEntries=1000000)
                mode: final
                outputColumnNames: _col0, _col1, _col2
                Statistics: Num rows: 1 Data size: 24 Basic stats: COMPLETE Column stats: COMPLETE
                Reduce Output Operator
                  sort order: 
                  Statistics: Num rows: 1 Data size: 24 Basic stats: COMPLETE Column stats: COMPLETE
                  value expressions: _col0 (type: bigint), _col1 (type: bigint), _col2 (type: binary)
        Reducer 8 
            Execution mode: vectorized, llap
            Reduce Operator Tree:
              Group By Operator
                keys: KEY._col0 (type: bigint)
                mode: mergepartial
                outputColumnNames: _col0
                Statistics: Num rows: 691 Data size: 5528 Basic stats: COMPLETE Column stats: COMPLETE
                Select Operator
                  Statistics: Num rows: 691 Data size: 5528 Basic stats: COMPLETE Column stats: COMPLETE
                  Group By Operator
                    aggregations: count()
                    mode: hash
                    outputColumnNames: _col0
                    Statistics: Num rows: 1 Data size: 8 Basic stats: COMPLETE Column stats: COMPLETE
                    Reduce Output Operator
                      sort order: 
                      Statistics: Num rows: 1 Data size: 8 Basic stats: COMPLETE Column stats: COMPLETE
                      value expressions: _col0 (type: bigint)
        Reducer 9 
            Execution mode: vectorized, llap
            Reduce Operator Tree:
              Group By Operator
                aggregations: count(VALUE._col0)
                mode: mergepartial
                outputColumnNames: _col0
                Statistics: Num rows: 1 Data size: 8 Basic stats: COMPLETE Column stats: COMPLETE
                Filter Operator
                  predicate: (sq_count_check(_col0) <= 1) (type: boolean)
                  Statistics: Num rows: 1 Data size: 8 Basic stats: COMPLETE Column stats: COMPLETE
                  Select Operator
                    Statistics: Num rows: 1 Data size: 8 Basic stats: COMPLETE Column stats: COMPLETE
                    Map Join Operator
                      condition map:
                           Left Outer Join0 to 1
                      keys:
                        0 
                        1 
                      outputColumnNames: _col1
                      input vertices:
                        1 Reducer 23
                      Statistics: Num rows: 1 Data size: 8 Basic stats: COMPLETE Column stats: COMPLETE
                      Reduce Output Operator
                        sort order: 
                        Statistics: Num rows: 1 Data size: 8 Basic stats: COMPLETE Column stats: COMPLETE
                        value expressions: _col1 (type: double)
        Union 13 
            Vertex: Union 13

  Stage: Stage-0
    Fetch Operator
      limit: 100
      Processor Tree:
        ListSink