STAGE DEPENDENCIES:
  Stage-1 is a root stage
  Stage-0 depends on stages: Stage-1

STAGE PLANS:
  Stage: Stage-1
    Tez
      DagId: hive_20170626025607_cd4fb7a9-4c38-424a-bae1-7b2545f87e25:426
      Edges:
        Map 1 <- Map 4 (BROADCAST_EDGE), Map 5 (BROADCAST_EDGE)
        Map 14 <- Reducer 10 (BROADCAST_EDGE), Reducer 12 (BROADCAST_EDGE), Reducer 8 (BROADCAST_EDGE)
        Map 18 <- Map 4 (BROADCAST_EDGE), Map 5 (BROADCAST_EDGE)
        Map 20 <- Map 4 (BROADCAST_EDGE), Map 5 (BROADCAST_EDGE)
        Map 5 <- Reducer 15 (BROADCAST_EDGE), Reducer 16 (BROADCAST_EDGE), Reducer 17 (BROADCAST_EDGE)
        Reducer 10 <- Map 13 (XPROD_EDGE), Reducer 9 (XPROD_EDGE)
        Reducer 11 <- Map 6 (SIMPLE_EDGE)
        Reducer 12 <- Map 13 (XPROD_EDGE), Reducer 11 (XPROD_EDGE)
        Reducer 15 <- Map 14 (SIMPLE_EDGE)
        Reducer 16 <- Map 14 (SIMPLE_EDGE)
        Reducer 17 <- Map 14 (SIMPLE_EDGE)
        Reducer 19 <- Map 18 (SIMPLE_EDGE)
        Reducer 2 <- Map 1 (SIMPLE_EDGE), Reducer 19 (BROADCAST_EDGE), Reducer 21 (BROADCAST_EDGE)
        Reducer 21 <- Map 20 (SIMPLE_EDGE)
        Reducer 3 <- Reducer 2 (SIMPLE_EDGE)
        Reducer 7 <- Map 6 (SIMPLE_EDGE)
        Reducer 8 <- Map 13 (XPROD_EDGE), Reducer 7 (XPROD_EDGE)
        Reducer 9 <- Map 6 (SIMPLE_EDGE)
      DagName: query58.sql
      Vertices:
        Map 1 
            Map Operator Tree:
                TableScan
                  alias: store_sales
                  filterExpr: ss_item_sk is not null (type: boolean)
                  Statistics: Num rows: 275035746821 Data size: 6574379343904 Basic stats: COMPLETE Column stats: COMPLETE
                  Filter Operator
                    predicate: ss_item_sk is not null (type: boolean)
                    Statistics: Num rows: 275035746821 Data size: 6574379343904 Basic stats: COMPLETE Column stats: COMPLETE
                    Select Operator
                      expressions: ss_item_sk (type: bigint), ss_ext_sales_price (type: double), ss_sold_date_sk (type: bigint)
                      outputColumnNames: _col0, _col1, _col2
                      Statistics: Num rows: 275035746821 Data size: 6574379343904 Basic stats: COMPLETE Column stats: COMPLETE
                      Map Join Operator
                        condition map:
                             Inner Join 0 to 1
                        keys:
                          0 _col0 (type: bigint)
                          1 _col0 (type: bigint)
                        outputColumnNames: _col1, _col2, _col4
                        input vertices:
                          1 Map 4
                        Statistics: Num rows: 275035746821 Data size: 31904146631236 Basic stats: COMPLETE Column stats: COMPLETE
                        Map Join Operator
                          condition map:
                               Inner Join 0 to 1
                          keys:
                            0 _col2 (type: bigint)
                            1 _col0 (type: bigint)
                          outputColumnNames: _col1, _col4
                          input vertices:
                            1 Map 5
                          Statistics: Num rows: 825 Data size: 89100 Basic stats: COMPLETE Column stats: COMPLETE
                          Select Operator
                            expressions: _col4 (type: string), _col1 (type: double)
                            outputColumnNames: _col4, _col1
                            Statistics: Num rows: 825 Data size: 89100 Basic stats: COMPLETE Column stats: COMPLETE
                            Group By Operator
                              aggregations: sum(_col1)
                              keys: _col4 (type: string)
                              mode: hash
                              outputColumnNames: _col0, _col1
                              Statistics: Num rows: 1 Data size: 108 Basic stats: COMPLETE Column stats: COMPLETE
                              Reduce Output Operator
                                key expressions: _col0 (type: string)
                                sort order: +
                                Map-reduce partition columns: _col0 (type: string)
                                Statistics: Num rows: 1 Data size: 108 Basic stats: COMPLETE Column stats: COMPLETE
                                value expressions: _col1 (type: double)
            Execution mode: vectorized, llap
            LLAP IO: all inputs
        Map 13 
            Map Operator Tree:
                TableScan
                  alias: date_dim
                  filterExpr: ((d_date = '1998-02-19') and d_week_seq is not null) (type: boolean)
                  Statistics: Num rows: 73049 Data size: 7158802 Basic stats: COMPLETE Column stats: COMPLETE
                  Filter Operator
                    predicate: ((d_date = '1998-02-19') and d_week_seq is not null) (type: boolean)
                    Statistics: Num rows: 1 Data size: 98 Basic stats: COMPLETE Column stats: COMPLETE
                    Select Operator
                      expressions: d_week_seq (type: int)
                      outputColumnNames: _col0
                      Statistics: Num rows: 1 Data size: 4 Basic stats: COMPLETE Column stats: COMPLETE
                      Reduce Output Operator
                        sort order: 
                        Statistics: Num rows: 1 Data size: 4 Basic stats: COMPLETE Column stats: COMPLETE
                        value expressions: _col0 (type: int)
                  Filter Operator
                    predicate: ((d_date = '1998-02-19') and d_week_seq is not null) (type: boolean)
                    Statistics: Num rows: 1 Data size: 98 Basic stats: COMPLETE Column stats: COMPLETE
                    Select Operator
                      expressions: d_week_seq (type: int)
                      outputColumnNames: _col0
                      Statistics: Num rows: 1 Data size: 4 Basic stats: COMPLETE Column stats: COMPLETE
                      Reduce Output Operator
                        sort order: 
                        Statistics: Num rows: 1 Data size: 4 Basic stats: COMPLETE Column stats: COMPLETE
                        value expressions: _col0 (type: int)
                  Filter Operator
                    predicate: ((d_date = '1998-02-19') and d_week_seq is not null) (type: boolean)
                    Statistics: Num rows: 1 Data size: 98 Basic stats: COMPLETE Column stats: COMPLETE
                    Select Operator
                      expressions: d_week_seq (type: int)
                      outputColumnNames: _col0
                      Statistics: Num rows: 1 Data size: 4 Basic stats: COMPLETE Column stats: COMPLETE
                      Reduce Output Operator
                        sort order: 
                        Statistics: Num rows: 1 Data size: 4 Basic stats: COMPLETE Column stats: COMPLETE
                        value expressions: _col0 (type: int)
            Execution mode: vectorized, llap
            LLAP IO: all inputs
        Map 14 
            Map Operator Tree:
                TableScan
                  alias: date_dim
                  filterExpr: (d_week_seq is not null and d_date is not null) (type: boolean)
                  Statistics: Num rows: 73049 Data size: 7158802 Basic stats: COMPLETE Column stats: COMPLETE
                  Filter Operator
                    predicate: (d_week_seq is not null and d_date is not null) (type: boolean)
                    Statistics: Num rows: 73049 Data size: 7158802 Basic stats: COMPLETE Column stats: COMPLETE
                    Select Operator
                      expressions: d_date (type: string), d_week_seq (type: int)
                      outputColumnNames: _col0, _col1
                      Statistics: Num rows: 73049 Data size: 7158802 Basic stats: COMPLETE Column stats: COMPLETE
                      Map Join Operator
                        condition map:
                             Inner Join 0 to 1
                        keys:
                          0 _col1 (type: int)
                          1 _col1 (type: int)
                        outputColumnNames: _col2
                        input vertices:
                          0 Reducer 8
                        Statistics: Num rows: 5 Data size: 470 Basic stats: COMPLETE Column stats: COMPLETE
                        Group By Operator
                          keys: _col2 (type: string)
                          mode: hash
                          outputColumnNames: _col0
                          Statistics: Num rows: 2 Data size: 188 Basic stats: COMPLETE Column stats: COMPLETE
                          Reduce Output Operator
                            key expressions: _col0 (type: string)
                            sort order: +
                            Map-reduce partition columns: _col0 (type: string)
                            Statistics: Num rows: 2 Data size: 188 Basic stats: COMPLETE Column stats: COMPLETE
                  Filter Operator
                    predicate: (d_week_seq is not null and d_date is not null) (type: boolean)
                    Statistics: Num rows: 73049 Data size: 7158802 Basic stats: COMPLETE Column stats: COMPLETE
                    Select Operator
                      expressions: d_date (type: string), d_week_seq (type: int)
                      outputColumnNames: _col0, _col1
                      Statistics: Num rows: 73049 Data size: 7158802 Basic stats: COMPLETE Column stats: COMPLETE
                      Map Join Operator
                        condition map:
                             Inner Join 0 to 1
                        keys:
                          0 _col1 (type: int)
                          1 _col1 (type: int)
                        outputColumnNames: _col2
                        input vertices:
                          0 Reducer 10
                        Statistics: Num rows: 5 Data size: 470 Basic stats: COMPLETE Column stats: COMPLETE
                        Group By Operator
                          keys: _col2 (type: string)
                          mode: hash
                          outputColumnNames: _col0
                          Statistics: Num rows: 2 Data size: 188 Basic stats: COMPLETE Column stats: COMPLETE
                          Reduce Output Operator
                            key expressions: _col0 (type: string)
                            sort order: +
                            Map-reduce partition columns: _col0 (type: string)
                            Statistics: Num rows: 2 Data size: 188 Basic stats: COMPLETE Column stats: COMPLETE
                  Filter Operator
                    predicate: (d_week_seq is not null and d_date is not null) (type: boolean)
                    Statistics: Num rows: 73049 Data size: 7158802 Basic stats: COMPLETE Column stats: COMPLETE
                    Select Operator
                      expressions: d_date (type: string), d_week_seq (type: int)
                      outputColumnNames: _col0, _col1
                      Statistics: Num rows: 73049 Data size: 7158802 Basic stats: COMPLETE Column stats: COMPLETE
                      Map Join Operator
                        condition map:
                             Inner Join 0 to 1
                        keys:
                          0 _col1 (type: int)
                          1 _col1 (type: int)
                        outputColumnNames: _col2
                        input vertices:
                          0 Reducer 12
                        Statistics: Num rows: 5 Data size: 470 Basic stats: COMPLETE Column stats: COMPLETE
                        Group By Operator
                          keys: _col2 (type: string)
                          mode: hash
                          outputColumnNames: _col0
                          Statistics: Num rows: 2 Data size: 188 Basic stats: COMPLETE Column stats: COMPLETE
                          Reduce Output Operator
                            key expressions: _col0 (type: string)
                            sort order: +
                            Map-reduce partition columns: _col0 (type: string)
                            Statistics: Num rows: 2 Data size: 188 Basic stats: COMPLETE Column stats: COMPLETE
            Execution mode: vectorized, llap
            LLAP IO: all inputs
        Map 18 
            Map Operator Tree:
                TableScan
                  alias: catalog_sales
                  filterExpr: cs_item_sk is not null (type: boolean)
                  Statistics: Num rows: 143352541321 Data size: 3439005362736 Basic stats: COMPLETE Column stats: COMPLETE
                  Filter Operator
                    predicate: cs_item_sk is not null (type: boolean)
                    Statistics: Num rows: 143352541321 Data size: 3439005362736 Basic stats: COMPLETE Column stats: COMPLETE
                    Select Operator
                      expressions: cs_item_sk (type: bigint), cs_ext_sales_price (type: double), cs_sold_date_sk (type: bigint)
                      outputColumnNames: _col0, _col1, _col2
                      Statistics: Num rows: 143352541321 Data size: 3439005362736 Basic stats: COMPLETE Column stats: COMPLETE
                      Map Join Operator
                        condition map:
                             Inner Join 0 to 1
                        keys:
                          0 _col0 (type: bigint)
                          1 _col0 (type: bigint)
                        outputColumnNames: _col1, _col2, _col4
                        input vertices:
                          1 Map 4
                        Statistics: Num rows: 143352541321 Data size: 16628894793236 Basic stats: COMPLETE Column stats: COMPLETE
                        Map Join Operator
                          condition map:
                               Inner Join 0 to 1
                          keys:
                            0 _col2 (type: bigint)
                            1 _col0 (type: bigint)
                          outputColumnNames: _col1, _col4
                          input vertices:
                            1 Map 5
                          Statistics: Num rows: 427 Data size: 46116 Basic stats: COMPLETE Column stats: COMPLETE
                          Select Operator
                            expressions: _col4 (type: string), _col1 (type: double)
                            outputColumnNames: _col4, _col1
                            Statistics: Num rows: 427 Data size: 46116 Basic stats: COMPLETE Column stats: COMPLETE
                            Group By Operator
                              aggregations: sum(_col1)
                              keys: _col4 (type: string)
                              mode: hash
                              outputColumnNames: _col0, _col1
                              Statistics: Num rows: 1 Data size: 108 Basic stats: COMPLETE Column stats: COMPLETE
                              Reduce Output Operator
                                key expressions: _col0 (type: string)
                                sort order: +
                                Map-reduce partition columns: _col0 (type: string)
                                Statistics: Num rows: 1 Data size: 108 Basic stats: COMPLETE Column stats: COMPLETE
                                value expressions: _col1 (type: double)
            Execution mode: vectorized, llap
            LLAP IO: all inputs
        Map 20 
            Map Operator Tree:
                TableScan
                  alias: web_sales
                  filterExpr: ws_item_sk is not null (type: boolean)
                  Statistics: Num rows: 71959659800 Data size: 1726994829848 Basic stats: COMPLETE Column stats: COMPLETE
                  Filter Operator
                    predicate: ws_item_sk is not null (type: boolean)
                    Statistics: Num rows: 71959659800 Data size: 1726994829848 Basic stats: COMPLETE Column stats: COMPLETE
                    Select Operator
                      expressions: ws_item_sk (type: bigint), ws_ext_sales_price (type: double), ws_sold_date_sk (type: bigint)
                      outputColumnNames: _col0, _col1, _col2
                      Statistics: Num rows: 71959659800 Data size: 1726994829848 Basic stats: COMPLETE Column stats: COMPLETE
                      Map Join Operator
                        condition map:
                             Inner Join 0 to 1
                        keys:
                          0 _col0 (type: bigint)
                          1 _col0 (type: bigint)
                        outputColumnNames: _col1, _col2, _col4
                        input vertices:
                          1 Map 4
                        Statistics: Num rows: 71959659800 Data size: 8347320536800 Basic stats: COMPLETE Column stats: COMPLETE
                        Map Join Operator
                          condition map:
                               Inner Join 0 to 1
                          keys:
                            0 _col2 (type: bigint)
                            1 _col0 (type: bigint)
                          outputColumnNames: _col1, _col4
                          input vertices:
                            1 Map 5
                          Statistics: Num rows: 216 Data size: 23328 Basic stats: COMPLETE Column stats: COMPLETE
                          Select Operator
                            expressions: _col4 (type: string), _col1 (type: double)
                            outputColumnNames: _col4, _col1
                            Statistics: Num rows: 216 Data size: 23328 Basic stats: COMPLETE Column stats: COMPLETE
                            Group By Operator
                              aggregations: sum(_col1)
                              keys: _col4 (type: string)
                              mode: hash
                              outputColumnNames: _col0, _col1
                              Statistics: Num rows: 1 Data size: 108 Basic stats: COMPLETE Column stats: COMPLETE
                              Reduce Output Operator
                                key expressions: _col0 (type: string)
                                sort order: +
                                Map-reduce partition columns: _col0 (type: string)
                                Statistics: Num rows: 1 Data size: 108 Basic stats: COMPLETE Column stats: COMPLETE
                                value expressions: _col1 (type: double)
            Execution mode: vectorized, llap
            LLAP IO: all inputs
        Map 4 
            Map Operator Tree:
                TableScan
                  alias: item
                  filterExpr: ((i_item_sk is not null and i_item_id is not null) or (i_item_sk is not null and i_item_id is not null)) (type: boolean)
                  Statistics: Num rows: 502000 Data size: 54216000 Basic stats: COMPLETE Column stats: COMPLETE
                  Filter Operator
                    predicate: (i_item_sk is not null and i_item_id is not null) (type: boolean)
                    Statistics: Num rows: 502000 Data size: 54216000 Basic stats: COMPLETE Column stats: COMPLETE
                    Select Operator
                      expressions: i_item_sk (type: bigint), i_item_id (type: string)
                      outputColumnNames: _col0, _col1
                      Statistics: Num rows: 502000 Data size: 54216000 Basic stats: COMPLETE Column stats: COMPLETE
                      Reduce Output Operator
                        key expressions: _col0 (type: bigint)
                        sort order: +
                        Map-reduce partition columns: _col0 (type: bigint)
                        Statistics: Num rows: 502000 Data size: 54216000 Basic stats: COMPLETE Column stats: COMPLETE
                        value expressions: _col1 (type: string)
                  Filter Operator
                    predicate: (i_item_sk is not null and i_item_id is not null) (type: boolean)
                    Statistics: Num rows: 502000 Data size: 54216000 Basic stats: COMPLETE Column stats: COMPLETE
                    Select Operator
                      expressions: i_item_sk (type: bigint), i_item_id (type: string)
                      outputColumnNames: _col0, _col1
                      Statistics: Num rows: 502000 Data size: 54216000 Basic stats: COMPLETE Column stats: COMPLETE
                      Reduce Output Operator
                        key expressions: _col0 (type: bigint)
                        sort order: +
                        Map-reduce partition columns: _col0 (type: bigint)
                        Statistics: Num rows: 502000 Data size: 54216000 Basic stats: COMPLETE Column stats: COMPLETE
                        value expressions: _col1 (type: string)
                  Filter Operator
                    predicate: (i_item_sk is not null and i_item_id is not null) (type: boolean)
                    Statistics: Num rows: 502000 Data size: 54216000 Basic stats: COMPLETE Column stats: COMPLETE
                    Select Operator
                      expressions: i_item_sk (type: bigint), i_item_id (type: string)
                      outputColumnNames: _col0, _col1
                      Statistics: Num rows: 502000 Data size: 54216000 Basic stats: COMPLETE Column stats: COMPLETE
                      Reduce Output Operator
                        key expressions: _col0 (type: bigint)
                        sort order: +
                        Map-reduce partition columns: _col0 (type: bigint)
                        Statistics: Num rows: 502000 Data size: 54216000 Basic stats: COMPLETE Column stats: COMPLETE
                        value expressions: _col1 (type: string)
            Execution mode: vectorized, llap
            LLAP IO: all inputs
        Map 5 
            Map Operator Tree:
                TableScan
                  alias: date_dim
                  filterExpr: (d_date is not null and d_date_sk is not null) (type: boolean)
                  Statistics: Num rows: 73049 Data size: 7450998 Basic stats: COMPLETE Column stats: COMPLETE
                  Filter Operator
                    predicate: (d_date is not null and d_date_sk is not null) (type: boolean)
                    Statistics: Num rows: 73049 Data size: 7450998 Basic stats: COMPLETE Column stats: COMPLETE
                    Select Operator
                      expressions: d_date_sk (type: bigint), d_date (type: string)
                      outputColumnNames: _col0, _col1
                      Statistics: Num rows: 73049 Data size: 7450998 Basic stats: COMPLETE Column stats: COMPLETE
                      Map Join Operator
                        condition map:
                             Inner Join 0 to 1
                        keys:
                          0 _col1 (type: string)
                          1 _col0 (type: string)
                        outputColumnNames: _col0
                        input vertices:
                          1 Reducer 15
                        Statistics: Num rows: 1 Data size: 8 Basic stats: COMPLETE Column stats: COMPLETE
                        Reduce Output Operator
                          key expressions: _col0 (type: bigint)
                          sort order: +
                          Map-reduce partition columns: _col0 (type: bigint)
                          Statistics: Num rows: 1 Data size: 8 Basic stats: COMPLETE Column stats: COMPLETE
                        Select Operator
                          expressions: _col0 (type: bigint)
                          outputColumnNames: _col0
                          Statistics: Num rows: 1 Data size: 8 Basic stats: COMPLETE Column stats: COMPLETE
                          Group By Operator
                            keys: _col0 (type: bigint)
                            mode: hash
                            outputColumnNames: _col0
                            Statistics: Num rows: 1 Data size: 8 Basic stats: COMPLETE Column stats: COMPLETE
                            Dynamic Partitioning Event Operator
                              Target column: ss_sold_date_sk (bigint)
                              Target Input: store_sales
                              Partition key expr: ss_sold_date_sk
                              Statistics: Num rows: 1 Data size: 8 Basic stats: COMPLETE Column stats: COMPLETE
                              Target Vertex: Map 1
                  Filter Operator
                    predicate: (d_date is not null and d_date_sk is not null) (type: boolean)
                    Statistics: Num rows: 73049 Data size: 7450998 Basic stats: COMPLETE Column stats: COMPLETE
                    Select Operator
                      expressions: d_date_sk (type: bigint), d_date (type: string)
                      outputColumnNames: _col0, _col1
                      Statistics: Num rows: 73049 Data size: 7450998 Basic stats: COMPLETE Column stats: COMPLETE
                      Map Join Operator
                        condition map:
                             Inner Join 0 to 1
                        keys:
                          0 _col1 (type: string)
                          1 _col0 (type: string)
                        outputColumnNames: _col0
                        input vertices:
                          1 Reducer 16
                        Statistics: Num rows: 1 Data size: 8 Basic stats: COMPLETE Column stats: COMPLETE
                        Reduce Output Operator
                          key expressions: _col0 (type: bigint)
                          sort order: +
                          Map-reduce partition columns: _col0 (type: bigint)
                          Statistics: Num rows: 1 Data size: 8 Basic stats: COMPLETE Column stats: COMPLETE
                        Select Operator
                          expressions: _col0 (type: bigint)
                          outputColumnNames: _col0
                          Statistics: Num rows: 1 Data size: 8 Basic stats: COMPLETE Column stats: COMPLETE
                          Group By Operator
                            keys: _col0 (type: bigint)
                            mode: hash
                            outputColumnNames: _col0
                            Statistics: Num rows: 1 Data size: 8 Basic stats: COMPLETE Column stats: COMPLETE
                            Dynamic Partitioning Event Operator
                              Target column: cs_sold_date_sk (bigint)
                              Target Input: catalog_sales
                              Partition key expr: cs_sold_date_sk
                              Statistics: Num rows: 1 Data size: 8 Basic stats: COMPLETE Column stats: COMPLETE
                              Target Vertex: Map 18
                  Filter Operator
                    predicate: (d_date is not null and d_date_sk is not null) (type: boolean)
                    Statistics: Num rows: 73049 Data size: 7450998 Basic stats: COMPLETE Column stats: COMPLETE
                    Select Operator
                      expressions: d_date_sk (type: bigint), d_date (type: string)
                      outputColumnNames: _col0, _col1
                      Statistics: Num rows: 73049 Data size: 7450998 Basic stats: COMPLETE Column stats: COMPLETE
                      Map Join Operator
                        condition map:
                             Inner Join 0 to 1
                        keys:
                          0 _col1 (type: string)
                          1 _col0 (type: string)
                        outputColumnNames: _col0
                        input vertices:
                          1 Reducer 17
                        Statistics: Num rows: 1 Data size: 8 Basic stats: COMPLETE Column stats: COMPLETE
                        Reduce Output Operator
                          key expressions: _col0 (type: bigint)
                          sort order: +
                          Map-reduce partition columns: _col0 (type: bigint)
                          Statistics: Num rows: 1 Data size: 8 Basic stats: COMPLETE Column stats: COMPLETE
                        Select Operator
                          expressions: _col0 (type: bigint)
                          outputColumnNames: _col0
                          Statistics: Num rows: 1 Data size: 8 Basic stats: COMPLETE Column stats: COMPLETE
                          Group By Operator
                            keys: _col0 (type: bigint)
                            mode: hash
                            outputColumnNames: _col0
                            Statistics: Num rows: 1 Data size: 8 Basic stats: COMPLETE Column stats: COMPLETE
                            Dynamic Partitioning Event Operator
                              Target column: ws_sold_date_sk (bigint)
                              Target Input: web_sales
                              Partition key expr: ws_sold_date_sk
                              Statistics: Num rows: 1 Data size: 8 Basic stats: COMPLETE Column stats: COMPLETE
                              Target Vertex: Map 20
            Execution mode: vectorized, llap
            LLAP IO: all inputs
        Map 6 
            Map Operator Tree:
                TableScan
                  alias: date_dim
                  filterExpr: (d_date = '1998-02-19') (type: boolean)
                  Statistics: Num rows: 73049 Data size: 6866606 Basic stats: COMPLETE Column stats: COMPLETE
                  Filter Operator
                    predicate: (d_date = '1998-02-19') (type: boolean)
                    Statistics: Num rows: 1 Data size: 94 Basic stats: COMPLETE Column stats: COMPLETE
                    Select Operator
                      Statistics: Num rows: 1 Data size: 94 Basic stats: COMPLETE Column stats: COMPLETE
                      Group By Operator
                        aggregations: count()
                        mode: hash
                        outputColumnNames: _col0
                        Statistics: Num rows: 1 Data size: 8 Basic stats: COMPLETE Column stats: COMPLETE
                        Reduce Output Operator
                          sort order: 
                          Statistics: Num rows: 1 Data size: 8 Basic stats: COMPLETE Column stats: COMPLETE
                          value expressions: _col0 (type: bigint)
                  Filter Operator
                    predicate: (d_date = '1998-02-19') (type: boolean)
                    Statistics: Num rows: 1 Data size: 94 Basic stats: COMPLETE Column stats: COMPLETE
                    Select Operator
                      Statistics: Num rows: 1 Data size: 94 Basic stats: COMPLETE Column stats: COMPLETE
                      Group By Operator
                        aggregations: count()
                        mode: hash
                        outputColumnNames: _col0
                        Statistics: Num rows: 1 Data size: 8 Basic stats: COMPLETE Column stats: COMPLETE
                        Reduce Output Operator
                          sort order: 
                          Statistics: Num rows: 1 Data size: 8 Basic stats: COMPLETE Column stats: COMPLETE
                          value expressions: _col0 (type: bigint)
                  Filter Operator
                    predicate: (d_date = '1998-02-19') (type: boolean)
                    Statistics: Num rows: 1 Data size: 94 Basic stats: COMPLETE Column stats: COMPLETE
                    Select Operator
                      Statistics: Num rows: 1 Data size: 94 Basic stats: COMPLETE Column stats: COMPLETE
                      Group By Operator
                        aggregations: count()
                        mode: hash
                        outputColumnNames: _col0
                        Statistics: Num rows: 1 Data size: 8 Basic stats: COMPLETE Column stats: COMPLETE
                        Reduce Output Operator
                          sort order: 
                          Statistics: Num rows: 1 Data size: 8 Basic stats: COMPLETE Column stats: COMPLETE
                          value expressions: _col0 (type: bigint)
            Execution mode: vectorized, llap
            LLAP IO: all inputs
        Reducer 10 
            Execution mode: llap
            Reduce Operator Tree:
              Merge Join Operator
                condition map:
                     Inner Join 0 to 1
                keys:
                  0 
                  1 
                outputColumnNames: _col1
                Statistics: Num rows: 1 Data size: 4 Basic stats: COMPLETE Column stats: COMPLETE
                Reduce Output Operator
                  key expressions: _col1 (type: int)
                  sort order: +
                  Map-reduce partition columns: _col1 (type: int)
                  Statistics: Num rows: 1 Data size: 4 Basic stats: COMPLETE Column stats: COMPLETE
        Reducer 11 
            Execution mode: vectorized, llap
            Reduce Operator Tree:
              Group By Operator
                aggregations: count(VALUE._col0)
                mode: mergepartial
                outputColumnNames: _col0
                Statistics: Num rows: 1 Data size: 8 Basic stats: COMPLETE Column stats: COMPLETE
                Filter Operator
                  predicate: (sq_count_check(_col0) <= 1) (type: boolean)
                  Statistics: Num rows: 1 Data size: 8 Basic stats: COMPLETE Column stats: COMPLETE
                  Select Operator
                    Statistics: Num rows: 1 Data size: 8 Basic stats: COMPLETE Column stats: COMPLETE
                    Reduce Output Operator
                      sort order: 
                      Statistics: Num rows: 1 Data size: 8 Basic stats: COMPLETE Column stats: COMPLETE
        Reducer 12 
            Execution mode: llap
            Reduce Operator Tree:
              Merge Join Operator
                condition map:
                     Inner Join 0 to 1
                keys:
                  0 
                  1 
                outputColumnNames: _col1
                Statistics: Num rows: 1 Data size: 4 Basic stats: COMPLETE Column stats: COMPLETE
                Reduce Output Operator
                  key expressions: _col1 (type: int)
                  sort order: +
                  Map-reduce partition columns: _col1 (type: int)
                  Statistics: Num rows: 1 Data size: 4 Basic stats: COMPLETE Column stats: COMPLETE
        Reducer 15 
            Execution mode: vectorized, llap
            Reduce Operator Tree:
              Group By Operator
                keys: KEY._col0 (type: string)
                mode: mergepartial
                outputColumnNames: _col0
                Statistics: Num rows: 2 Data size: 188 Basic stats: COMPLETE Column stats: COMPLETE
                Reduce Output Operator
                  key expressions: _col0 (type: string)
                  sort order: +
                  Map-reduce partition columns: _col0 (type: string)
                  Statistics: Num rows: 2 Data size: 188 Basic stats: COMPLETE Column stats: COMPLETE
        Reducer 16 
            Execution mode: vectorized, llap
            Reduce Operator Tree:
              Group By Operator
                keys: KEY._col0 (type: string)
                mode: mergepartial
                outputColumnNames: _col0
                Statistics: Num rows: 2 Data size: 188 Basic stats: COMPLETE Column stats: COMPLETE
                Reduce Output Operator
                  key expressions: _col0 (type: string)
                  sort order: +
                  Map-reduce partition columns: _col0 (type: string)
                  Statistics: Num rows: 2 Data size: 188 Basic stats: COMPLETE Column stats: COMPLETE
        Reducer 17 
            Execution mode: vectorized, llap
            Reduce Operator Tree:
              Group By Operator
                keys: KEY._col0 (type: string)
                mode: mergepartial
                outputColumnNames: _col0
                Statistics: Num rows: 2 Data size: 188 Basic stats: COMPLETE Column stats: COMPLETE
                Reduce Output Operator
                  key expressions: _col0 (type: string)
                  sort order: +
                  Map-reduce partition columns: _col0 (type: string)
                  Statistics: Num rows: 2 Data size: 188 Basic stats: COMPLETE Column stats: COMPLETE
        Reducer 19 
            Execution mode: vectorized, llap
            Reduce Operator Tree:
              Group By Operator
                aggregations: sum(VALUE._col0)
                keys: KEY._col0 (type: string)
                mode: mergepartial
                outputColumnNames: _col0, _col1
                Statistics: Num rows: 1 Data size: 108 Basic stats: COMPLETE Column stats: COMPLETE
                Reduce Output Operator
                  key expressions: _col0 (type: string)
                  sort order: +
                  Map-reduce partition columns: _col0 (type: string)
                  Statistics: Num rows: 1 Data size: 108 Basic stats: COMPLETE Column stats: COMPLETE
                  value expressions: _col1 (type: double)
        Reducer 2 
            Execution mode: vectorized, llap
            Reduce Operator Tree:
              Group By Operator
                aggregations: sum(VALUE._col0)
                keys: KEY._col0 (type: string)
                mode: mergepartial
                outputColumnNames: _col0, _col1
                Statistics: Num rows: 1 Data size: 108 Basic stats: COMPLETE Column stats: COMPLETE
                Map Join Operator
                  condition map:
                       Inner Join 0 to 1
                  keys:
                    0 _col0 (type: string)
                    1 _col0 (type: string)
                  outputColumnNames: _col0, _col1, _col3
                  input vertices:
                    1 Reducer 19
                  Statistics: Num rows: 1 Data size: 116 Basic stats: COMPLETE Column stats: COMPLETE
                  Filter Operator
                    predicate: (_col1 BETWEEN (0.9 * _col3) AND (1.1 * _col3) and _col3 BETWEEN (0.9 * _col1) AND (1.1 * _col1)) (type: boolean)
                    Statistics: Num rows: 1 Data size: 116 Basic stats: COMPLETE Column stats: COMPLETE
                    Map Join Operator
                      condition map:
                           Inner Join 0 to 1
                      keys:
                        0 _col0 (type: string)
                        1 _col0 (type: string)
                      outputColumnNames: _col0, _col1, _col3, _col5
                      input vertices:
                        1 Reducer 21
                      Statistics: Num rows: 1 Data size: 124 Basic stats: COMPLETE Column stats: COMPLETE
                      Filter Operator
                        predicate: (_col1 BETWEEN (0.9 * _col5) AND (1.1 * _col5) and _col3 BETWEEN (0.9 * _col5) AND (1.1 * _col5) and _col5 BETWEEN (0.9 * _col1) AND (1.1 * _col1) and _col5 BETWEEN (0.9 * _col3) AND (1.1 * _col3)) (type: boolean)
                        Statistics: Num rows: 1 Data size: 124 Basic stats: COMPLETE Column stats: COMPLETE
                        Select Operator
                          expressions: _col0 (type: string), _col1 (type: double), (((_col1 / ((_col1 + _col3) + _col5)) / 3.0) * 100.0) (type: double), _col3 (type: double), (((_col3 / ((_col1 + _col3) + _col5)) / 3.0) * 100.0) (type: double), _col5 (type: double), (((_col5 / ((_col1 + _col3) + _col5)) / 3.0) * 100.0) (type: double), (((_col1 + _col3) + _col5) / 3.0) (type: double)
                          outputColumnNames: _col0, _col1, _col2, _col3, _col4, _col5, _col6, _col7
                          Statistics: Num rows: 1 Data size: 156 Basic stats: COMPLETE Column stats: COMPLETE
                          Reduce Output Operator
                            key expressions: _col0 (type: string), _col1 (type: double)
                            sort order: ++
                            Statistics: Num rows: 1 Data size: 156 Basic stats: COMPLETE Column stats: COMPLETE
                            TopN Hash Memory Usage: 0.04
                            value expressions: _col2 (type: double), _col3 (type: double), _col4 (type: double), _col5 (type: double), _col6 (type: double), _col7 (type: double)
        Reducer 21 
            Execution mode: vectorized, llap
            Reduce Operator Tree:
              Group By Operator
                aggregations: sum(VALUE._col0)
                keys: KEY._col0 (type: string)
                mode: mergepartial
                outputColumnNames: _col0, _col1
                Statistics: Num rows: 1 Data size: 108 Basic stats: COMPLETE Column stats: COMPLETE
                Reduce Output Operator
                  key expressions: _col0 (type: string)
                  sort order: +
                  Map-reduce partition columns: _col0 (type: string)
                  Statistics: Num rows: 1 Data size: 108 Basic stats: COMPLETE Column stats: COMPLETE
                  value expressions: _col1 (type: double)
        Reducer 3 
            Execution mode: vectorized, llap
            Reduce Operator Tree:
              Select Operator
                expressions: KEY.reducesinkkey0 (type: string), KEY.reducesinkkey1 (type: double), VALUE._col0 (type: double), VALUE._col1 (type: double), VALUE._col2 (type: double), VALUE._col3 (type: double), VALUE._col4 (type: double), VALUE._col5 (type: double)
                outputColumnNames: _col0, _col1, _col2, _col3, _col4, _col5, _col6, _col7
                Statistics: Num rows: 1 Data size: 156 Basic stats: COMPLETE Column stats: COMPLETE
                Limit
                  Number of rows: 100
                  Statistics: Num rows: 1 Data size: 156 Basic stats: COMPLETE Column stats: COMPLETE
                  File Output Operator
                    compressed: false
                    Statistics: Num rows: 1 Data size: 156 Basic stats: COMPLETE Column stats: COMPLETE
                    table:
                        input format: org.apache.hadoop.mapred.SequenceFileInputFormat
                        output format: org.apache.hadoop.hive.ql.io.HiveSequenceFileOutputFormat
                        serde: org.apache.hadoop.hive.serde2.lazy.LazySimpleSerDe
        Reducer 7 
            Execution mode: vectorized, llap
            Reduce Operator Tree:
              Group By Operator
                aggregations: count(VALUE._col0)
                mode: mergepartial
                outputColumnNames: _col0
                Statistics: Num rows: 1 Data size: 8 Basic stats: COMPLETE Column stats: COMPLETE
                Filter Operator
                  predicate: (sq_count_check(_col0) <= 1) (type: boolean)
                  Statistics: Num rows: 1 Data size: 8 Basic stats: COMPLETE Column stats: COMPLETE
                  Select Operator
                    Statistics: Num rows: 1 Data size: 8 Basic stats: COMPLETE Column stats: COMPLETE
                    Reduce Output Operator
                      sort order: 
                      Statistics: Num rows: 1 Data size: 8 Basic stats: COMPLETE Column stats: COMPLETE
        Reducer 8 
            Execution mode: llap
            Reduce Operator Tree:
              Merge Join Operator
                condition map:
                     Inner Join 0 to 1
                keys:
                  0 
                  1 
                outputColumnNames: _col1
                Statistics: Num rows: 1 Data size: 4 Basic stats: COMPLETE Column stats: COMPLETE
                Reduce Output Operator
                  key expressions: _col1 (type: int)
                  sort order: +
                  Map-reduce partition columns: _col1 (type: int)
                  Statistics: Num rows: 1 Data size: 4 Basic stats: COMPLETE Column stats: COMPLETE
        Reducer 9 
            Execution mode: vectorized, llap
            Reduce Operator Tree:
              Group By Operator
                aggregations: count(VALUE._col0)
                mode: mergepartial
                outputColumnNames: _col0
                Statistics: Num rows: 1 Data size: 8 Basic stats: COMPLETE Column stats: COMPLETE
                Filter Operator
                  predicate: (sq_count_check(_col0) <= 1) (type: boolean)
                  Statistics: Num rows: 1 Data size: 8 Basic stats: COMPLETE Column stats: COMPLETE
                  Select Operator
                    Statistics: Num rows: 1 Data size: 8 Basic stats: COMPLETE Column stats: COMPLETE
                    Reduce Output Operator
                      sort order: 
                      Statistics: Num rows: 1 Data size: 8 Basic stats: COMPLETE Column stats: COMPLETE

  Stage: Stage-0
    Fetch Operator
      limit: 100
      Processor Tree:
        ListSink