STAGE DEPENDENCIES:
  Stage-1 is a root stage
  Stage-0 depends on stages: Stage-1

STAGE PLANS:
  Stage: Stage-1
    Tez
      DagId: hive_20170626025611_ea2a2631-8555-49cf-abf0-8fd6e4b3b6b6:429
      Edges:
        Map 1 <- Map 15 (BROADCAST_EDGE), Map 2 (BROADCAST_EDGE)
        Map 16 <- Map 1 (BROADCAST_EDGE), Map 11 (BROADCAST_EDGE), Map 7 (BROADCAST_EDGE), Map 8 (BROADCAST_EDGE), Reducer 10 (BROADCAST_EDGE), Reducer 13 (BROADCAST_EDGE)
        Map 3 <- Map 1 (BROADCAST_EDGE), Map 11 (BROADCAST_EDGE), Map 14 (BROADCAST_EDGE), Map 7 (BROADCAST_EDGE), Map 8 (BROADCAST_EDGE), Reducer 12 (BROADCAST_EDGE), Reducer 9 (BROADCAST_EDGE)
        Reducer 10 <- Map 8 (CUSTOM_SIMPLE_EDGE)
        Reducer 12 <- Map 11 (CUSTOM_SIMPLE_EDGE)
        Reducer 13 <- Map 11 (CUSTOM_SIMPLE_EDGE)
        Reducer 17 <- Map 16 (SIMPLE_EDGE)
        Reducer 4 <- Map 3 (SIMPLE_EDGE)
        Reducer 5 <- Reducer 17 (XPROD_EDGE), Reducer 4 (XPROD_EDGE)
        Reducer 6 <- Reducer 5 (SIMPLE_EDGE)
        Reducer 9 <- Map 8 (CUSTOM_SIMPLE_EDGE)
      DagName: query61.sql
      Vertices:
        Map 1 
            Map Operator Tree:
                TableScan
                  alias: customer
                  filterExpr: (c_customer_sk is not null and c_current_addr_sk is not null) (type: boolean)
                  Statistics: Num rows: 1000 Data size: 16000 Basic stats: COMPLETE Column stats: COMPLETE
                  Filter Operator
                    predicate: (c_customer_sk is not null and c_current_addr_sk is not null) (type: boolean)
                    Statistics: Num rows: 1000 Data size: 16000 Basic stats: COMPLETE Column stats: COMPLETE
                    Select Operator
                      expressions: c_customer_sk (type: bigint), c_current_addr_sk (type: bigint)
                      outputColumnNames: _col0, _col1
                      Statistics: Num rows: 1000 Data size: 16000 Basic stats: COMPLETE Column stats: COMPLETE
                      Map Join Operator
                        condition map:
                             Inner Join 0 to 1
                        keys:
                          0 _col1 (type: bigint)
                          1 _col0 (type: bigint)
                        outputColumnNames: _col0
                        input vertices:
                          1 Map 2
                        Statistics: Num rows: 93 Data size: 744 Basic stats: COMPLETE Column stats: COMPLETE
                        Reduce Output Operator
                          key expressions: _col0 (type: bigint)
                          sort order: +
                          Map-reduce partition columns: _col0 (type: bigint)
                          Statistics: Num rows: 93 Data size: 744 Basic stats: COMPLETE Column stats: COMPLETE
                  Filter Operator
                    predicate: (c_customer_sk is not null and c_current_addr_sk is not null) (type: boolean)
                    Statistics: Num rows: 1000 Data size: 16000 Basic stats: COMPLETE Column stats: COMPLETE
                    Select Operator
                      expressions: c_customer_sk (type: bigint), c_current_addr_sk (type: bigint)
                      outputColumnNames: _col0, _col1
                      Statistics: Num rows: 1000 Data size: 16000 Basic stats: COMPLETE Column stats: COMPLETE
                      Map Join Operator
                        condition map:
                             Inner Join 0 to 1
                        keys:
                          0 _col1 (type: bigint)
                          1 _col0 (type: bigint)
                        outputColumnNames: _col0
                        input vertices:
                          1 Map 15
                        Statistics: Num rows: 93 Data size: 744 Basic stats: COMPLETE Column stats: COMPLETE
                        Reduce Output Operator
                          key expressions: _col0 (type: bigint)
                          sort order: +
                          Map-reduce partition columns: _col0 (type: bigint)
                          Statistics: Num rows: 93 Data size: 744 Basic stats: COMPLETE Column stats: COMPLETE
            Execution mode: vectorized, llap
            LLAP IO: all inputs
        Map 11 
            Map Operator Tree:
                TableScan
                  alias: store
                  filterExpr: ((s_gmt_offset = -7.0) and s_store_sk is not null) (type: boolean)
                  Statistics: Num rows: 1902 Data size: 30352 Basic stats: COMPLETE Column stats: COMPLETE
                  Filter Operator
                    predicate: ((s_gmt_offset = -7.0) and s_store_sk is not null) (type: boolean)
                    Statistics: Num rows: 380 Data size: 6072 Basic stats: COMPLETE Column stats: COMPLETE
                    Select Operator
                      expressions: s_store_sk (type: bigint)
                      outputColumnNames: _col0
                      Statistics: Num rows: 380 Data size: 6080 Basic stats: COMPLETE Column stats: COMPLETE
                      Reduce Output Operator
                        key expressions: _col0 (type: bigint)
                        sort order: +
                        Map-reduce partition columns: _col0 (type: bigint)
                        Statistics: Num rows: 380 Data size: 6080 Basic stats: COMPLETE Column stats: COMPLETE
                      Select Operator
                        expressions: _col0 (type: bigint)
                        outputColumnNames: _col0
                        Statistics: Num rows: 380 Data size: 3040 Basic stats: COMPLETE Column stats: COMPLETE
                        Group By Operator
                          aggregations: min(_col0), max(_col0), bloom_filter(_col0, expectedEntries=1000000)
                          mode: hash
                          outputColumnNames: _col0, _col1, _col2
                          Statistics: Num rows: 1 Data size: 24 Basic stats: COMPLETE Column stats: COMPLETE
                          Reduce Output Operator
                            sort order: 
                            Statistics: Num rows: 1 Data size: 24 Basic stats: COMPLETE Column stats: COMPLETE
                            value expressions: _col0 (type: bigint), _col1 (type: bigint), _col2 (type: binary)
                  Filter Operator
                    predicate: ((s_gmt_offset = -7.0) and s_store_sk is not null) (type: boolean)
                    Statistics: Num rows: 380 Data size: 6072 Basic stats: COMPLETE Column stats: COMPLETE
                    Select Operator
                      expressions: s_store_sk (type: bigint)
                      outputColumnNames: _col0
                      Statistics: Num rows: 380 Data size: 6080 Basic stats: COMPLETE Column stats: COMPLETE
                      Reduce Output Operator
                        key expressions: _col0 (type: bigint)
                        sort order: +
                        Map-reduce partition columns: _col0 (type: bigint)
                        Statistics: Num rows: 380 Data size: 6080 Basic stats: COMPLETE Column stats: COMPLETE
                      Select Operator
                        expressions: _col0 (type: bigint)
                        outputColumnNames: _col0
                        Statistics: Num rows: 380 Data size: 3040 Basic stats: COMPLETE Column stats: COMPLETE
                        Group By Operator
                          aggregations: min(_col0), max(_col0), bloom_filter(_col0, expectedEntries=1000000)
                          mode: hash
                          outputColumnNames: _col0, _col1, _col2
                          Statistics: Num rows: 1 Data size: 24 Basic stats: COMPLETE Column stats: COMPLETE
                          Reduce Output Operator
                            sort order: 
                            Statistics: Num rows: 1 Data size: 24 Basic stats: COMPLETE Column stats: COMPLETE
                            value expressions: _col0 (type: bigint), _col1 (type: bigint), _col2 (type: binary)
            Execution mode: vectorized, llap
            LLAP IO: all inputs
        Map 14 
            Map Operator Tree:
                TableScan
                  alias: promotion
                  filterExpr: (((p_channel_dmail = 'y') or (p_channel_email = 'y') or (p_channel_tv = 'y')) and p_promo_sk is not null) (type: boolean)
                  Statistics: Num rows: 2500 Data size: 657500 Basic stats: COMPLETE Column stats: COMPLETE
                  Filter Operator
                    predicate: (((p_channel_dmail = 'y') or (p_channel_email = 'y') or (p_channel_tv = 'y')) and p_promo_sk is not null) (type: boolean)
                    Statistics: Num rows: 2500 Data size: 657500 Basic stats: COMPLETE Column stats: COMPLETE
                    Select Operator
                      expressions: p_promo_sk (type: bigint)
                      outputColumnNames: _col0
                      Statistics: Num rows: 2500 Data size: 657500 Basic stats: COMPLETE Column stats: COMPLETE
                      Reduce Output Operator
                        key expressions: _col0 (type: bigint)
                        sort order: +
                        Map-reduce partition columns: _col0 (type: bigint)
                        Statistics: Num rows: 2500 Data size: 657500 Basic stats: COMPLETE Column stats: COMPLETE
            Execution mode: vectorized, llap
            LLAP IO: all inputs
        Map 15 
            Map Operator Tree:
                TableScan
                  alias: customer_address
                  filterExpr: ((ca_gmt_offset = -7.0) and ca_address_sk is not null) (type: boolean)
                  Statistics: Num rows: 500 Data size: 7904 Basic stats: COMPLETE Column stats: COMPLETE
                  Filter Operator
                    predicate: ((ca_gmt_offset = -7.0) and ca_address_sk is not null) (type: boolean)
                    Statistics: Num rows: 100 Data size: 1584 Basic stats: COMPLETE Column stats: COMPLETE
                    Select Operator
                      expressions: ca_address_sk (type: bigint)
                      outputColumnNames: _col0
                      Statistics: Num rows: 100 Data size: 1600 Basic stats: COMPLETE Column stats: COMPLETE
                      Reduce Output Operator
                        key expressions: _col0 (type: bigint)
                        sort order: +
                        Map-reduce partition columns: _col0 (type: bigint)
                        Statistics: Num rows: 100 Data size: 1600 Basic stats: COMPLETE Column stats: COMPLETE
            Execution mode: vectorized, llap
            LLAP IO: all inputs
        Map 16 
            Map Operator Tree:
                TableScan
                  alias: store_sales
                  filterExpr: (ss_store_sk is not null and ss_customer_sk is not null and ss_item_sk is not null and (ss_item_sk BETWEEN DynamicValue(RS_72_item_i_item_sk_min) AND DynamicValue(RS_72_item_i_item_sk_max) and in_bloom_filter(ss_item_sk, DynamicValue(RS_72_item_i_item_sk_bloom_filter))) and (ss_store_sk BETWEEN DynamicValue(RS_75_store_s_store_sk_min) AND DynamicValue(RS_75_store_s_store_sk_max) and in_bloom_filter(ss_store_sk, DynamicValue(RS_75_store_s_store_sk_bloom_filter)))) (type: boolean)
                  Statistics: Num rows: 275035746821 Data size: 10922006315768 Basic stats: COMPLETE Column stats: COMPLETE
                  Filter Operator
                    predicate: (ss_store_sk is not null and ss_customer_sk is not null and ss_item_sk is not null and (ss_item_sk BETWEEN DynamicValue(RS_72_item_i_item_sk_min) AND DynamicValue(RS_72_item_i_item_sk_max) and in_bloom_filter(ss_item_sk, DynamicValue(RS_72_item_i_item_sk_bloom_filter))) and (ss_store_sk BETWEEN DynamicValue(RS_75_store_s_store_sk_min) AND DynamicValue(RS_75_store_s_store_sk_max) and in_bloom_filter(ss_store_sk, DynamicValue(RS_75_store_s_store_sk_bloom_filter)))) (type: boolean)
                    Statistics: Num rows: 268457437199 Data size: 10660773584864 Basic stats: COMPLETE Column stats: COMPLETE
                    Select Operator
                      expressions: ss_item_sk (type: bigint), ss_customer_sk (type: bigint), ss_store_sk (type: bigint), ss_ext_sales_price (type: double), ss_sold_date_sk (type: bigint)
                      outputColumnNames: _col0, _col1, _col2, _col3, _col4
                      Statistics: Num rows: 268457437199 Data size: 10660773584864 Basic stats: COMPLETE Column stats: COMPLETE
                      Map Join Operator
                        condition map:
                             Inner Join 0 to 1
                        keys:
                          0 _col0 (type: bigint)
                          1 _col1 (type: bigint)
                        outputColumnNames: _col4, _col6, _col7, _col8
                        input vertices:
                          0 Map 1
                        Statistics: Num rows: 6966385 Data size: 222924320 Basic stats: COMPLETE Column stats: COMPLETE
                        Map Join Operator
                          condition map:
                               Inner Join 0 to 1
                          keys:
                            0 _col8 (type: bigint)
                            1 _col0 (type: bigint)
                          outputColumnNames: _col4, _col6, _col7
                          input vertices:
                            1 Map 7
                          Statistics: Num rows: 2487416 Data size: 59697984 Basic stats: COMPLETE Column stats: COMPLETE
                          Map Join Operator
                            condition map:
                                 Inner Join 0 to 1
                            keys:
                              0 _col4 (type: bigint)
                              1 _col0 (type: bigint)
                            outputColumnNames: _col6, _col7
                            input vertices:
                              1 Map 8
                            Statistics: Num rows: 248742 Data size: 3979872 Basic stats: COMPLETE Column stats: COMPLETE
                            Map Join Operator
                              condition map:
                                   Inner Join 0 to 1
                              keys:
                                0 _col6 (type: bigint)
                                1 _col0 (type: bigint)
                              outputColumnNames: _col7
                              input vertices:
                                1 Map 11
                              Statistics: Num rows: 49749 Data size: 397992 Basic stats: COMPLETE Column stats: COMPLETE
                              Group By Operator
                                aggregations: sum(_col7)
                                mode: hash
                                outputColumnNames: _col0
                                Statistics: Num rows: 1 Data size: 8 Basic stats: COMPLETE Column stats: COMPLETE
                                Reduce Output Operator
                                  sort order: 
                                  Statistics: Num rows: 1 Data size: 8 Basic stats: COMPLETE Column stats: COMPLETE
                                  value expressions: _col0 (type: double)
            Execution mode: vectorized, llap
            LLAP IO: all inputs
        Map 2 
            Map Operator Tree:
                TableScan
                  alias: customer_address
                  filterExpr: ((ca_gmt_offset = -7.0) and ca_address_sk is not null) (type: boolean)
                  Statistics: Num rows: 500 Data size: 7904 Basic stats: COMPLETE Column stats: COMPLETE
                  Filter Operator
                    predicate: ((ca_gmt_offset = -7.0) and ca_address_sk is not null) (type: boolean)
                    Statistics: Num rows: 100 Data size: 1584 Basic stats: COMPLETE Column stats: COMPLETE
                    Select Operator
                      expressions: ca_address_sk (type: bigint)
                      outputColumnNames: _col0
                      Statistics: Num rows: 100 Data size: 1600 Basic stats: COMPLETE Column stats: COMPLETE
                      Reduce Output Operator
                        key expressions: _col0 (type: bigint)
                        sort order: +
                        Map-reduce partition columns: _col0 (type: bigint)
                        Statistics: Num rows: 100 Data size: 1600 Basic stats: COMPLETE Column stats: COMPLETE
            Execution mode: vectorized, llap
            LLAP IO: all inputs
        Map 3 
            Map Operator Tree:
                TableScan
                  alias: store_sales
                  filterExpr: (ss_store_sk is not null and ss_promo_sk is not null and ss_customer_sk is not null and ss_item_sk is not null and (ss_item_sk BETWEEN DynamicValue(RS_31_item_i_item_sk_min) AND DynamicValue(RS_31_item_i_item_sk_max) and in_bloom_filter(ss_item_sk, DynamicValue(RS_31_item_i_item_sk_bloom_filter))) and (ss_store_sk BETWEEN DynamicValue(RS_34_store_s_store_sk_min) AND DynamicValue(RS_34_store_s_store_sk_max) and in_bloom_filter(ss_store_sk, DynamicValue(RS_34_store_s_store_sk_bloom_filter)))) (type: boolean)
                  Statistics: Num rows: 275035746821 Data size: 13095914539528 Basic stats: COMPLETE Column stats: COMPLETE
                  Filter Operator
                    predicate: (ss_store_sk is not null and ss_promo_sk is not null and ss_customer_sk is not null and ss_item_sk is not null and (ss_item_sk BETWEEN DynamicValue(RS_31_item_i_item_sk_min) AND DynamicValue(RS_31_item_i_item_sk_max) and in_bloom_filter(ss_item_sk, DynamicValue(RS_31_item_i_item_sk_bloom_filter))) and (ss_store_sk BETWEEN DynamicValue(RS_34_store_s_store_sk_min) AND DynamicValue(RS_34_store_s_store_sk_max) and in_bloom_filter(ss_store_sk, DynamicValue(RS_34_store_s_store_sk_bloom_filter)))) (type: boolean)
                    Statistics: Num rows: 265239081283 Data size: 12629443194848 Basic stats: COMPLETE Column stats: COMPLETE
                    Select Operator
                      expressions: ss_item_sk (type: bigint), ss_customer_sk (type: bigint), ss_store_sk (type: bigint), ss_promo_sk (type: bigint), ss_ext_sales_price (type: double), ss_sold_date_sk (type: bigint)
                      outputColumnNames: _col0, _col1, _col2, _col3, _col4, _col5
                      Statistics: Num rows: 265239081283 Data size: 12629443194848 Basic stats: COMPLETE Column stats: COMPLETE
                      Map Join Operator
                        condition map:
                             Inner Join 0 to 1
                        keys:
                          0 _col0 (type: bigint)
                          1 _col1 (type: bigint)
                        outputColumnNames: _col4, _col6, _col7, _col8, _col9
                        input vertices:
                          0 Map 1
                        Statistics: Num rows: 6966384 Data size: 278655360 Basic stats: COMPLETE Column stats: COMPLETE
                        Map Join Operator
                          condition map:
                               Inner Join 0 to 1
                          keys:
                            0 _col9 (type: bigint)
                            1 _col0 (type: bigint)
                          outputColumnNames: _col4, _col6, _col7, _col8
                          input vertices:
                            1 Map 7
                          Statistics: Num rows: 2487416 Data size: 79597312 Basic stats: COMPLETE Column stats: COMPLETE
                          Map Join Operator
                            condition map:
                                 Inner Join 0 to 1
                            keys:
                              0 _col4 (type: bigint)
                              1 _col0 (type: bigint)
                            outputColumnNames: _col6, _col7, _col8
                            input vertices:
                              1 Map 8
                            Statistics: Num rows: 248742 Data size: 5969808 Basic stats: COMPLETE Column stats: COMPLETE
                            Map Join Operator
                              condition map:
                                   Inner Join 0 to 1
                              keys:
                                0 _col6 (type: bigint)
                                1 _col0 (type: bigint)
                              outputColumnNames: _col7, _col8
                              input vertices:
                                1 Map 11
                              Statistics: Num rows: 49749 Data size: 795984 Basic stats: COMPLETE Column stats: COMPLETE
                              Map Join Operator
                                condition map:
                                     Inner Join 0 to 1
                                keys:
                                  0 _col7 (type: bigint)
                                  1 _col0 (type: bigint)
                                outputColumnNames: _col8
                                input vertices:
                                  1 Map 14
                                Statistics: Num rows: 49749 Data size: 397992 Basic stats: COMPLETE Column stats: COMPLETE
                                Group By Operator
                                  aggregations: sum(_col8)
                                  mode: hash
                                  outputColumnNames: _col0
                                  Statistics: Num rows: 1 Data size: 8 Basic stats: COMPLETE Column stats: COMPLETE
                                  Reduce Output Operator
                                    sort order: 
                                    Statistics: Num rows: 1 Data size: 8 Basic stats: COMPLETE Column stats: COMPLETE
                                    value expressions: _col0 (type: double)
            Execution mode: vectorized, llap
            LLAP IO: all inputs
        Map 7 
            Map Operator Tree:
                TableScan
                  alias: date_dim
                  filterExpr: ((d_year = 1999) and (d_moy = 11) and d_date_sk is not null) (type: boolean)
                  Statistics: Num rows: 73049 Data size: 1168784 Basic stats: COMPLETE Column stats: COMPLETE
                  Filter Operator
                    predicate: ((d_year = 1999) and (d_moy = 11) and d_date_sk is not null) (type: boolean)
                    Statistics: Num rows: 652 Data size: 10432 Basic stats: COMPLETE Column stats: COMPLETE
                    Select Operator
                      expressions: d_date_sk (type: bigint)
                      outputColumnNames: _col0
                      Statistics: Num rows: 652 Data size: 10432 Basic stats: COMPLETE Column stats: COMPLETE
                      Reduce Output Operator
                        key expressions: _col0 (type: bigint)
                        sort order: +
                        Map-reduce partition columns: _col0 (type: bigint)
                        Statistics: Num rows: 652 Data size: 10432 Basic stats: COMPLETE Column stats: COMPLETE
                      Select Operator
                        expressions: _col0 (type: bigint)
                        outputColumnNames: _col0
                        Statistics: Num rows: 652 Data size: 10432 Basic stats: COMPLETE Column stats: COMPLETE
                        Group By Operator
                          keys: _col0 (type: bigint)
                          mode: hash
                          outputColumnNames: _col0
                          Statistics: Num rows: 326 Data size: 5216 Basic stats: COMPLETE Column stats: COMPLETE
                          Dynamic Partitioning Event Operator
                            Target column: ss_sold_date_sk (bigint)
                            Target Input: store_sales
                            Partition key expr: ss_sold_date_sk
                            Statistics: Num rows: 326 Data size: 5216 Basic stats: COMPLETE Column stats: COMPLETE
                            Target Vertex: Map 3
                  Filter Operator
                    predicate: ((d_year = 1999) and (d_moy = 11) and d_date_sk is not null) (type: boolean)
                    Statistics: Num rows: 652 Data size: 10432 Basic stats: COMPLETE Column stats: COMPLETE
                    Select Operator
                      expressions: d_date_sk (type: bigint)
                      outputColumnNames: _col0
                      Statistics: Num rows: 652 Data size: 10432 Basic stats: COMPLETE Column stats: COMPLETE
                      Reduce Output Operator
                        key expressions: _col0 (type: bigint)
                        sort order: +
                        Map-reduce partition columns: _col0 (type: bigint)
                        Statistics: Num rows: 652 Data size: 10432 Basic stats: COMPLETE Column stats: COMPLETE
                      Select Operator
                        expressions: _col0 (type: bigint)
                        outputColumnNames: _col0
                        Statistics: Num rows: 652 Data size: 10432 Basic stats: COMPLETE Column stats: COMPLETE
                        Group By Operator
                          keys: _col0 (type: bigint)
                          mode: hash
                          outputColumnNames: _col0
                          Statistics: Num rows: 326 Data size: 5216 Basic stats: COMPLETE Column stats: COMPLETE
                          Dynamic Partitioning Event Operator
                            Target column: ss_sold_date_sk (bigint)
                            Target Input: store_sales
                            Partition key expr: ss_sold_date_sk
                            Statistics: Num rows: 326 Data size: 5216 Basic stats: COMPLETE Column stats: COMPLETE
                            Target Vertex: Map 16
            Execution mode: vectorized, llap
            LLAP IO: all inputs
        Map 8 
            Map Operator Tree:
                TableScan
                  alias: item
                  filterExpr: ((i_category = 'electronics') and i_item_sk is not null) (type: boolean)
                  Statistics: Num rows: 502000 Data size: 49196000 Basic stats: COMPLETE Column stats: COMPLETE
                  Filter Operator
                    predicate: ((i_category = 'electronics') and i_item_sk is not null) (type: boolean)
                    Statistics: Num rows: 50200 Data size: 4919600 Basic stats: COMPLETE Column stats: COMPLETE
                    Select Operator
                      expressions: i_item_sk (type: bigint)
                      outputColumnNames: _col0
                      Statistics: Num rows: 50200 Data size: 5170600 Basic stats: COMPLETE Column stats: COMPLETE
                      Reduce Output Operator
                        key expressions: _col0 (type: bigint)
                        sort order: +
                        Map-reduce partition columns: _col0 (type: bigint)
                        Statistics: Num rows: 50200 Data size: 5170600 Basic stats: COMPLETE Column stats: COMPLETE
                      Select Operator
                        expressions: _col0 (type: bigint)
                        outputColumnNames: _col0
                        Statistics: Num rows: 50200 Data size: 401600 Basic stats: COMPLETE Column stats: COMPLETE
                        Group By Operator
                          aggregations: min(_col0), max(_col0), bloom_filter(_col0, expectedEntries=1000000)
                          mode: hash
                          outputColumnNames: _col0, _col1, _col2
                          Statistics: Num rows: 1 Data size: 24 Basic stats: COMPLETE Column stats: COMPLETE
                          Reduce Output Operator
                            sort order: 
                            Statistics: Num rows: 1 Data size: 24 Basic stats: COMPLETE Column stats: COMPLETE
                            value expressions: _col0 (type: bigint), _col1 (type: bigint), _col2 (type: binary)
                  Filter Operator
                    predicate: ((i_category = 'electronics') and i_item_sk is not null) (type: boolean)
                    Statistics: Num rows: 50200 Data size: 4919600 Basic stats: COMPLETE Column stats: COMPLETE
                    Select Operator
                      expressions: i_item_sk (type: bigint)
                      outputColumnNames: _col0
                      Statistics: Num rows: 50200 Data size: 5170600 Basic stats: COMPLETE Column stats: COMPLETE
                      Reduce Output Operator
                        key expressions: _col0 (type: bigint)
                        sort order: +
                        Map-reduce partition columns: _col0 (type: bigint)
                        Statistics: Num rows: 50200 Data size: 5170600 Basic stats: COMPLETE Column stats: COMPLETE
                      Select Operator
                        expressions: _col0 (type: bigint)
                        outputColumnNames: _col0
                        Statistics: Num rows: 50200 Data size: 401600 Basic stats: COMPLETE Column stats: COMPLETE
                        Group By Operator
                          aggregations: min(_col0), max(_col0), bloom_filter(_col0, expectedEntries=1000000)
                          mode: hash
                          outputColumnNames: _col0, _col1, _col2
                          Statistics: Num rows: 1 Data size: 24 Basic stats: COMPLETE Column stats: COMPLETE
                          Reduce Output Operator
                            sort order: 
                            Statistics: Num rows: 1 Data size: 24 Basic stats: COMPLETE Column stats: COMPLETE
                            value expressions: _col0 (type: bigint), _col1 (type: bigint), _col2 (type: binary)
            Execution mode: vectorized, llap
            LLAP IO: all inputs
        Reducer 10 
            Execution mode: vectorized, llap
            Reduce Operator Tree:
              Group By Operator
                aggregations: min(VALUE._col0), max(VALUE._col1), bloom_filter(VALUE._col2, expectedEntries=1000000)
                mode: final
                outputColumnNames: _col0, _col1, _col2
                Statistics: Num rows: 1 Data size: 24 Basic stats: COMPLETE Column stats: COMPLETE
                Reduce Output Operator
                  sort order: 
                  Statistics: Num rows: 1 Data size: 24 Basic stats: COMPLETE Column stats: COMPLETE
                  value expressions: _col0 (type: bigint), _col1 (type: bigint), _col2 (type: binary)
        Reducer 12 
            Execution mode: vectorized, llap
            Reduce Operator Tree:
              Group By Operator
                aggregations: min(VALUE._col0), max(VALUE._col1), bloom_filter(VALUE._col2, expectedEntries=1000000)
                mode: final
                outputColumnNames: _col0, _col1, _col2
                Statistics: Num rows: 1 Data size: 24 Basic stats: COMPLETE Column stats: COMPLETE
                Reduce Output Operator
                  sort order: 
                  Statistics: Num rows: 1 Data size: 24 Basic stats: COMPLETE Column stats: COMPLETE
                  value expressions: _col0 (type: bigint), _col1 (type: bigint), _col2 (type: binary)
        Reducer 13 
            Execution mode: vectorized, llap
            Reduce Operator Tree:
              Group By Operator
                aggregations: min(VALUE._col0), max(VALUE._col1), bloom_filter(VALUE._col2, expectedEntries=1000000)
                mode: final
                outputColumnNames: _col0, _col1, _col2
                Statistics: Num rows: 1 Data size: 24 Basic stats: COMPLETE Column stats: COMPLETE
                Reduce Output Operator
                  sort order: 
                  Statistics: Num rows: 1 Data size: 24 Basic stats: COMPLETE Column stats: COMPLETE
                  value expressions: _col0 (type: bigint), _col1 (type: bigint), _col2 (type: binary)
        Reducer 17 
            Execution mode: vectorized, llap
            Reduce Operator Tree:
              Group By Operator
                aggregations: sum(VALUE._col0)
                mode: mergepartial
                outputColumnNames: _col0
                Statistics: Num rows: 1 Data size: 8 Basic stats: COMPLETE Column stats: COMPLETE
                Reduce Output Operator
                  sort order: 
                  Statistics: Num rows: 1 Data size: 8 Basic stats: COMPLETE Column stats: COMPLETE
                  value expressions: _col0 (type: double)
        Reducer 4 
            Execution mode: vectorized, llap
            Reduce Operator Tree:
              Group By Operator
                aggregations: sum(VALUE._col0)
                mode: mergepartial
                outputColumnNames: _col0
                Statistics: Num rows: 1 Data size: 8 Basic stats: COMPLETE Column stats: COMPLETE
                Reduce Output Operator
                  sort order: 
                  Statistics: Num rows: 1 Data size: 8 Basic stats: COMPLETE Column stats: COMPLETE
                  value expressions: _col0 (type: double)
        Reducer 5 
            Execution mode: llap
            Reduce Operator Tree:
              Merge Join Operator
                condition map:
                     Inner Join 0 to 1
                keys:
                  0 
                  1 
                outputColumnNames: _col0, _col1
                Statistics: Num rows: 1 Data size: 16 Basic stats: COMPLETE Column stats: COMPLETE
                Select Operator
                  expressions: _col0 (type: double), _col1 (type: double), ((CAST( _col0 AS decimal(15,4)) / CAST( _col1 AS decimal(15,4))) * 100) (type: decimal(38,19))
                  outputColumnNames: _col0, _col1, _col2
                  Statistics: Num rows: 1 Data size: 128 Basic stats: COMPLETE Column stats: COMPLETE
                  Reduce Output Operator
                    key expressions: _col0 (type: double), _col1 (type: double)
                    sort order: ++
                    Statistics: Num rows: 1 Data size: 128 Basic stats: COMPLETE Column stats: COMPLETE
                    TopN Hash Memory Usage: 0.04
                    value expressions: _col2 (type: decimal(38,19))
        Reducer 6 
            Execution mode: vectorized, llap
            Reduce Operator Tree:
              Select Operator
                expressions: KEY.reducesinkkey0 (type: double), KEY.reducesinkkey1 (type: double), VALUE._col0 (type: decimal(38,19))
                outputColumnNames: _col0, _col1, _col2
                Statistics: Num rows: 1 Data size: 128 Basic stats: COMPLETE Column stats: COMPLETE
                Limit
                  Number of rows: 100
                  Statistics: Num rows: 1 Data size: 128 Basic stats: COMPLETE Column stats: COMPLETE
                  File Output Operator
                    compressed: false
                    Statistics: Num rows: 1 Data size: 128 Basic stats: COMPLETE Column stats: COMPLETE
                    table:
                        input format: org.apache.hadoop.mapred.SequenceFileInputFormat
                        output format: org.apache.hadoop.hive.ql.io.HiveSequenceFileOutputFormat
                        serde: org.apache.hadoop.hive.serde2.lazy.LazySimpleSerDe
        Reducer 9 
            Execution mode: vectorized, llap
            Reduce Operator Tree:
              Group By Operator
                aggregations: min(VALUE._col0), max(VALUE._col1), bloom_filter(VALUE._col2, expectedEntries=1000000)
                mode: final
                outputColumnNames: _col0, _col1, _col2
                Statistics: Num rows: 1 Data size: 24 Basic stats: COMPLETE Column stats: COMPLETE
                Reduce Output Operator
                  sort order: 
                  Statistics: Num rows: 1 Data size: 24 Basic stats: COMPLETE Column stats: COMPLETE
                  value expressions: _col0 (type: bigint), _col1 (type: bigint), _col2 (type: binary)

  Stage: Stage-0
    Fetch Operator
      limit: 100
      Processor Tree:
        ListSink