STAGE DEPENDENCIES:
  Stage-1 is a root stage
  Stage-0 depends on stages: Stage-1

STAGE PLANS:
  Stage: Stage-1
    Tez
      DagId: hive_20170626025637_fcd7ddfa-10a8-40d7-8c93-6c99a8f3f868:433
      Edges:
        Map 1 <- Map 4 (BROADCAST_EDGE)
        Map 5 <- Map 4 (BROADCAST_EDGE), Reducer 3 (BROADCAST_EDGE)
        Reducer 2 <- Map 1 (SIMPLE_EDGE)
        Reducer 3 <- Reducer 2 (CUSTOM_SIMPLE_EDGE)
        Reducer 6 <- Map 5 (SIMPLE_EDGE), Map 8 (BROADCAST_EDGE), Map 9 (BROADCAST_EDGE), Reducer 2 (BROADCAST_EDGE)
        Reducer 7 <- Reducer 6 (SIMPLE_EDGE)
      DagName: query65.sql
      Vertices:
        Map 1 
            Map Operator Tree:
                TableScan
                  alias: store_sales
                  filterExpr: (ss_store_sk is not null and ss_item_sk is not null) (type: boolean)
                  Statistics: Num rows: 275035746821 Data size: 8748267745128 Basic stats: COMPLETE Column stats: COMPLETE
                  Filter Operator
                    predicate: (ss_store_sk is not null and ss_item_sk is not null) (type: boolean)
                    Statistics: Num rows: 271730420523 Data size: 8643132758952 Basic stats: COMPLETE Column stats: COMPLETE
                    Select Operator
                      expressions: ss_item_sk (type: bigint), ss_store_sk (type: bigint), ss_sales_price (type: double), ss_sold_date_sk (type: bigint)
                      outputColumnNames: _col0, _col1, _col2, _col3
                      Statistics: Num rows: 271730420523 Data size: 8643132758952 Basic stats: COMPLETE Column stats: COMPLETE
                      Map Join Operator
                        condition map:
                             Inner Join 0 to 1
                        keys:
                          0 _col3 (type: bigint)
                          1 _col0 (type: bigint)
                        outputColumnNames: _col0, _col1, _col2
                        input vertices:
                          1 Map 4
                        Statistics: Num rows: 30190202108 Data size: 724564850592 Basic stats: COMPLETE Column stats: COMPLETE
                        Select Operator
                          expressions: _col1 (type: bigint), _col0 (type: bigint), _col2 (type: double)
                          outputColumnNames: _col1, _col0, _col2
                          Statistics: Num rows: 30190202108 Data size: 724564850592 Basic stats: COMPLETE Column stats: COMPLETE
                          Group By Operator
                            aggregations: sum(_col2)
                            keys: _col1 (type: bigint), _col0 (type: bigint)
                            mode: hash
                            outputColumnNames: _col0, _col1, _col2
                            Statistics: Num rows: 15095101054 Data size: 362282425296 Basic stats: COMPLETE Column stats: COMPLETE
                            Reduce Output Operator
                              key expressions: _col0 (type: bigint), _col1 (type: bigint)
                              sort order: ++
                              Map-reduce partition columns: _col0 (type: bigint), _col1 (type: bigint)
                              Statistics: Num rows: 15095101054 Data size: 362282425296 Basic stats: COMPLETE Column stats: COMPLETE
                              value expressions: _col2 (type: double)
            Execution mode: vectorized, llap
            LLAP IO: all inputs
        Map 4 
            Map Operator Tree:
                TableScan
                  alias: date_dim
                  filterExpr: (d_month_seq BETWEEN 1212 AND 1223 and d_date_sk is not null) (type: boolean)
                  Statistics: Num rows: 73049 Data size: 876588 Basic stats: COMPLETE Column stats: COMPLETE
                  Filter Operator
                    predicate: (d_month_seq BETWEEN 1212 AND 1223 and d_date_sk is not null) (type: boolean)
                    Statistics: Num rows: 8116 Data size: 97392 Basic stats: COMPLETE Column stats: COMPLETE
                    Select Operator
                      expressions: d_date_sk (type: bigint)
                      outputColumnNames: _col0
                      Statistics: Num rows: 8116 Data size: 97392 Basic stats: COMPLETE Column stats: COMPLETE
                      Reduce Output Operator
                        key expressions: _col0 (type: bigint)
                        sort order: +
                        Map-reduce partition columns: _col0 (type: bigint)
                        Statistics: Num rows: 8116 Data size: 97392 Basic stats: COMPLETE Column stats: COMPLETE
                      Select Operator
                        expressions: _col0 (type: bigint)
                        outputColumnNames: _col0
                        Statistics: Num rows: 8116 Data size: 97392 Basic stats: COMPLETE Column stats: COMPLETE
                        Group By Operator
                          keys: _col0 (type: bigint)
                          mode: hash
                          outputColumnNames: _col0
                          Statistics: Num rows: 4058 Data size: 48696 Basic stats: COMPLETE Column stats: COMPLETE
                          Dynamic Partitioning Event Operator
                            Target column: ss_sold_date_sk (bigint)
                            Target Input: store_sales
                            Partition key expr: ss_sold_date_sk
                            Statistics: Num rows: 4058 Data size: 48696 Basic stats: COMPLETE Column stats: COMPLETE
                            Target Vertex: Map 1
                  Filter Operator
                    predicate: (d_month_seq BETWEEN 1212 AND 1223 and d_date_sk is not null) (type: boolean)
                    Statistics: Num rows: 8116 Data size: 97392 Basic stats: COMPLETE Column stats: COMPLETE
                    Select Operator
                      expressions: d_date_sk (type: bigint)
                      outputColumnNames: _col0
                      Statistics: Num rows: 8116 Data size: 97392 Basic stats: COMPLETE Column stats: COMPLETE
                      Reduce Output Operator
                        key expressions: _col0 (type: bigint)
                        sort order: +
                        Map-reduce partition columns: _col0 (type: bigint)
                        Statistics: Num rows: 8116 Data size: 97392 Basic stats: COMPLETE Column stats: COMPLETE
                      Select Operator
                        expressions: _col0 (type: bigint)
                        outputColumnNames: _col0
                        Statistics: Num rows: 8116 Data size: 97392 Basic stats: COMPLETE Column stats: COMPLETE
                        Group By Operator
                          keys: _col0 (type: bigint)
                          mode: hash
                          outputColumnNames: _col0
                          Statistics: Num rows: 4058 Data size: 48696 Basic stats: COMPLETE Column stats: COMPLETE
                          Dynamic Partitioning Event Operator
                            Target column: ss_sold_date_sk (bigint)
                            Target Input: store_sales
                            Partition key expr: ss_sold_date_sk
                            Statistics: Num rows: 4058 Data size: 48696 Basic stats: COMPLETE Column stats: COMPLETE
                            Target Vertex: Map 5
            Execution mode: vectorized, llap
            LLAP IO: all inputs
        Map 5 
            Map Operator Tree:
                TableScan
                  alias: store_sales
                  filterExpr: (ss_store_sk is not null and (ss_store_sk BETWEEN DynamicValue(RS_39_store_sales_ss_store_sk_min) AND DynamicValue(RS_39_store_sales_ss_store_sk_max) and in_bloom_filter(ss_store_sk, DynamicValue(RS_39_store_sales_ss_store_sk_bloom_filter)))) (type: boolean)
                  Statistics: Num rows: 275035746821 Data size: 8748267745128 Basic stats: COMPLETE Column stats: COMPLETE
                  Filter Operator
                    predicate: (ss_store_sk is not null and (ss_store_sk BETWEEN DynamicValue(RS_39_store_sales_ss_store_sk_min) AND DynamicValue(RS_39_store_sales_ss_store_sk_max) and in_bloom_filter(ss_store_sk, DynamicValue(RS_39_store_sales_ss_store_sk_bloom_filter)))) (type: boolean)
                    Statistics: Num rows: 271730420523 Data size: 8643132758952 Basic stats: COMPLETE Column stats: COMPLETE
                    Select Operator
                      expressions: ss_item_sk (type: bigint), ss_store_sk (type: bigint), ss_sales_price (type: double), ss_sold_date_sk (type: bigint)
                      outputColumnNames: _col0, _col1, _col2, _col3
                      Statistics: Num rows: 271730420523 Data size: 8643132758952 Basic stats: COMPLETE Column stats: COMPLETE
                      Map Join Operator
                        condition map:
                             Inner Join 0 to 1
                        keys:
                          0 _col3 (type: bigint)
                          1 _col0 (type: bigint)
                        outputColumnNames: _col0, _col1, _col2
                        input vertices:
                          1 Map 4
                        Statistics: Num rows: 30190202108 Data size: 724564850592 Basic stats: COMPLETE Column stats: COMPLETE
                        Select Operator
                          expressions: _col1 (type: bigint), _col0 (type: bigint), _col2 (type: double)
                          outputColumnNames: _col1, _col0, _col2
                          Statistics: Num rows: 30190202108 Data size: 724564850592 Basic stats: COMPLETE Column stats: COMPLETE
                          Group By Operator
                            aggregations: sum(_col2)
                            keys: _col1 (type: bigint), _col0 (type: bigint)
                            mode: hash
                            outputColumnNames: _col0, _col1, _col2
                            Statistics: Num rows: 15095101054 Data size: 362282425296 Basic stats: COMPLETE Column stats: COMPLETE
                            Reduce Output Operator
                              key expressions: _col0 (type: bigint), _col1 (type: bigint)
                              sort order: ++
                              Map-reduce partition columns: _col0 (type: bigint)
                              Statistics: Num rows: 15095101054 Data size: 362282425296 Basic stats: COMPLETE Column stats: COMPLETE
                              value expressions: _col2 (type: double)
            Execution mode: vectorized, llap
            LLAP IO: all inputs
        Map 8 
            Map Operator Tree:
                TableScan
                  alias: store
                  filterExpr: s_store_sk is not null (type: boolean)
                  Statistics: Num rows: 1902 Data size: 182592 Basic stats: COMPLETE Column stats: COMPLETE
                  Filter Operator
                    predicate: s_store_sk is not null (type: boolean)
                    Statistics: Num rows: 1902 Data size: 182592 Basic stats: COMPLETE Column stats: COMPLETE
                    Select Operator
                      expressions: s_store_sk (type: bigint), s_store_name (type: string)
                      outputColumnNames: _col0, _col1
                      Statistics: Num rows: 1902 Data size: 182592 Basic stats: COMPLETE Column stats: COMPLETE
                      Reduce Output Operator
                        key expressions: _col0 (type: bigint)
                        sort order: +
                        Map-reduce partition columns: _col0 (type: bigint)
                        Statistics: Num rows: 1902 Data size: 182592 Basic stats: COMPLETE Column stats: COMPLETE
                        value expressions: _col1 (type: string)
            Execution mode: vectorized, llap
            LLAP IO: all inputs
        Map 9 
            Map Operator Tree:
                TableScan
                  alias: item
                  filterExpr: i_item_sk is not null (type: boolean)
                  Statistics: Num rows: 502000 Data size: 154596144 Basic stats: COMPLETE Column stats: COMPLETE
                  Filter Operator
                    predicate: i_item_sk is not null (type: boolean)
                    Statistics: Num rows: 502000 Data size: 154596144 Basic stats: COMPLETE Column stats: COMPLETE
                    Select Operator
                      expressions: i_item_sk (type: bigint), i_item_desc (type: string), i_current_price (type: double), i_wholesale_cost (type: double), i_brand (type: string)
                      outputColumnNames: _col0, _col1, _col2, _col3, _col4
                      Statistics: Num rows: 502000 Data size: 154596144 Basic stats: COMPLETE Column stats: COMPLETE
                      Reduce Output Operator
                        key expressions: _col0 (type: bigint)
                        sort order: +
                        Map-reduce partition columns: _col0 (type: bigint)
                        Statistics: Num rows: 502000 Data size: 154596144 Basic stats: COMPLETE Column stats: COMPLETE
                        value expressions: _col1 (type: string), _col2 (type: double), _col3 (type: double), _col4 (type: string)
            Execution mode: vectorized, llap
            LLAP IO: all inputs
        Reducer 2 
            Execution mode: vectorized, llap
            Reduce Operator Tree:
              Group By Operator
                aggregations: sum(VALUE._col0)
                keys: KEY._col0 (type: bigint), KEY._col1 (type: bigint)
                mode: mergepartial
                outputColumnNames: _col0, _col1, _col2
                Statistics: Num rows: 3384280 Data size: 81222720 Basic stats: COMPLETE Column stats: COMPLETE
                Reduce Output Operator
                  key expressions: _col0 (type: bigint)
                  sort order: +
                  Map-reduce partition columns: _col0 (type: bigint)
                  Statistics: Num rows: 3384280 Data size: 81222720 Basic stats: COMPLETE Column stats: COMPLETE
                  value expressions: _col1 (type: bigint), _col2 (type: double)
                Select Operator
                  expressions: _col0 (type: bigint)
                  outputColumnNames: _col0
                  Statistics: Num rows: 3384280 Data size: 27074240 Basic stats: COMPLETE Column stats: COMPLETE
                  Group By Operator
                    aggregations: min(_col0), max(_col0), bloom_filter(_col0, expectedEntries=1000000)
                    mode: hash
                    outputColumnNames: _col0, _col1, _col2
                    Statistics: Num rows: 1 Data size: 24 Basic stats: COMPLETE Column stats: COMPLETE
                    Reduce Output Operator
                      sort order: 
                      Statistics: Num rows: 1 Data size: 24 Basic stats: COMPLETE Column stats: COMPLETE
                      value expressions: _col0 (type: bigint), _col1 (type: bigint), _col2 (type: binary)
        Reducer 3 
            Execution mode: vectorized, llap
            Reduce Operator Tree:
              Group By Operator
                aggregations: min(VALUE._col0), max(VALUE._col1), bloom_filter(VALUE._col2, expectedEntries=1000000)
                mode: final
                outputColumnNames: _col0, _col1, _col2
                Statistics: Num rows: 1 Data size: 24 Basic stats: COMPLETE Column stats: COMPLETE
                Reduce Output Operator
                  sort order: 
                  Statistics: Num rows: 1 Data size: 24 Basic stats: COMPLETE Column stats: COMPLETE
                  value expressions: _col0 (type: bigint), _col1 (type: bigint), _col2 (type: binary)
        Reducer 6 
            Execution mode: llap
            Reduce Operator Tree:
              Group By Operator
                aggregations: sum(VALUE._col0)
                keys: KEY._col0 (type: bigint), KEY._col1 (type: bigint)
                mode: mergepartial
                outputColumnNames: _col0, _col1, _col2
                Statistics: Num rows: 3384280 Data size: 81222720 Basic stats: COMPLETE Column stats: COMPLETE
                Select Operator
                  expressions: _col0 (type: bigint), _col2 (type: double)
                  outputColumnNames: _col1, _col2
                  Statistics: Num rows: 3384280 Data size: 81222720 Basic stats: COMPLETE Column stats: COMPLETE
                  Group By Operator
                    aggregations: avg(_col2)
                    keys: _col1 (type: bigint)
                    mode: complete
                    outputColumnNames: _col0, _col1
                    Statistics: Num rows: 95 Data size: 8360 Basic stats: COMPLETE Column stats: COMPLETE
                    Select Operator
                      expressions: _col0 (type: bigint), _col1 (type: double)
                      outputColumnNames: _col0, _col1
                      Statistics: Num rows: 95 Data size: 8360 Basic stats: COMPLETE Column stats: COMPLETE
                      Map Join Operator
                        condition map:
                             Inner Join 0 to 1
                        keys:
                          0 _col0 (type: bigint)
                          1 _col0 (type: bigint)
                        outputColumnNames: _col0, _col1, _col2, _col4
                        input vertices:
                          0 Reducer 2
                        Statistics: Num rows: 3384280 Data size: 351965120 Basic stats: COMPLETE Column stats: COMPLETE
                        Map Join Operator
                          condition map:
                               Inner Join 0 to 1
                          keys:
                            0 _col0 (type: bigint)
                            1 _col0 (type: bigint)
                          outputColumnNames: _col1, _col2, _col4, _col6
                          input vertices:
                            1 Map 8
                          Statistics: Num rows: 3384280 Data size: 622707520 Basic stats: COMPLETE Column stats: COMPLETE
                          Map Join Operator
                            condition map:
                                 Inner Join 0 to 1
                            keys:
                              0 _col1 (type: bigint)
                              1 _col0 (type: bigint)
                            outputColumnNames: _col2, _col4, _col6, _col8, _col9, _col10, _col11
                            input vertices:
                              1 Map 9
                            Statistics: Num rows: 3384280 Data size: 1610917280 Basic stats: COMPLETE Column stats: COMPLETE
                            Select Operator
                              expressions: _col6 (type: string), _col8 (type: string), _col9 (type: double), _col10 (type: double), _col11 (type: string), _col4 (type: double), _col2 (type: double)
                              outputColumnNames: _col1, _col3, _col4, _col5, _col6, _col8, _col11
                              Statistics: Num rows: 3384280 Data size: 1610917280 Basic stats: COMPLETE Column stats: COMPLETE
                              Filter Operator
                                predicate: (_col11 <= (0.1 * _col8)) (type: boolean)
                                Statistics: Num rows: 1128093 Data size: 536972268 Basic stats: COMPLETE Column stats: COMPLETE
                                Select Operator
                                  expressions: _col1 (type: string), _col3 (type: string), _col11 (type: double), _col4 (type: double), _col5 (type: double), _col6 (type: string)
                                  outputColumnNames: _col0, _col1, _col2, _col3, _col4, _col5
                                  Statistics: Num rows: 1128093 Data size: 446724828 Basic stats: COMPLETE Column stats: COMPLETE
                                  Reduce Output Operator
                                    key expressions: _col0 (type: string), _col1 (type: string)
                                    sort order: ++
                                    Statistics: Num rows: 1128093 Data size: 446724828 Basic stats: COMPLETE Column stats: COMPLETE
                                    TopN Hash Memory Usage: 0.04
                                    value expressions: _col2 (type: double), _col3 (type: double), _col4 (type: double), _col5 (type: string)
        Reducer 7 
            Execution mode: vectorized, llap
            Reduce Operator Tree:
              Select Operator
                expressions: KEY.reducesinkkey0 (type: string), KEY.reducesinkkey1 (type: string), VALUE._col0 (type: double), VALUE._col1 (type: double), VALUE._col2 (type: double), VALUE._col3 (type: string)
                outputColumnNames: _col0, _col1, _col2, _col3, _col4, _col5
                Statistics: Num rows: 1128093 Data size: 446724828 Basic stats: COMPLETE Column stats: COMPLETE
                Limit
                  Number of rows: 100
                  Statistics: Num rows: 100 Data size: 39600 Basic stats: COMPLETE Column stats: COMPLETE
                  File Output Operator
                    compressed: false
                    Statistics: Num rows: 100 Data size: 39600 Basic stats: COMPLETE Column stats: COMPLETE
                    table:
                        input format: org.apache.hadoop.mapred.SequenceFileInputFormat
                        output format: org.apache.hadoop.hive.ql.io.HiveSequenceFileOutputFormat
                        serde: org.apache.hadoop.hive.serde2.lazy.LazySimpleSerDe

  Stage: Stage-0
    Fetch Operator
      limit: 100
      Processor Tree:
        ListSink