STAGE DEPENDENCIES:
  Stage-1 is a root stage
  Stage-0 depends on stages: Stage-1

STAGE PLANS:
  Stage: Stage-1
    Tez
      DagId: hive_20170626025642_8300f15e-5453-4ea4-8f88-e5849b74e08d:438
      Edges:
        Map 1 <- Map 5 (BROADCAST_EDGE), Map 6 (BROADCAST_EDGE), Reducer 9 (BROADCAST_EDGE)
        Map 7 <- Map 10 (BROADCAST_EDGE), Map 5 (BROADCAST_EDGE)
        Reducer 2 <- Map 1 (SIMPLE_EDGE)
        Reducer 3 <- Reducer 2 (SIMPLE_EDGE)
        Reducer 4 <- Reducer 3 (SIMPLE_EDGE)
        Reducer 8 <- Map 7 (SIMPLE_EDGE)
        Reducer 9 <- Reducer 8 (SIMPLE_EDGE)
      DagName: query70.sql
      Vertices:
        Map 1 
            Map Operator Tree:
                TableScan
                  alias: store_sales
                  filterExpr: ss_store_sk is not null (type: boolean)
                  Statistics: Num rows: 275035746821 Data size: 6547909981560 Basic stats: COMPLETE Column stats: COMPLETE
                  Filter Operator
                    predicate: ss_store_sk is not null (type: boolean)
                    Statistics: Num rows: 271730420523 Data size: 6469218468520 Basic stats: COMPLETE Column stats: COMPLETE
                    Select Operator
                      expressions: ss_store_sk (type: bigint), ss_net_profit (type: double), ss_sold_date_sk (type: bigint)
                      outputColumnNames: _col0, _col1, _col2
                      Statistics: Num rows: 271730420523 Data size: 6469218468520 Basic stats: COMPLETE Column stats: COMPLETE
                      Map Join Operator
                        condition map:
                             Inner Join 0 to 1
                        keys:
                          0 _col2 (type: bigint)
                          1 _col0 (type: bigint)
                        outputColumnNames: _col0, _col1
                        input vertices:
                          1 Map 5
                        Statistics: Num rows: 30190202108 Data size: 483043233728 Basic stats: COMPLETE Column stats: COMPLETE
                        Map Join Operator
                          condition map:
                               Inner Join 0 to 1
                          keys:
                            0 _col0 (type: bigint)
                            1 _col0 (type: bigint)
                          outputColumnNames: _col1, _col6, _col7
                          input vertices:
                            1 Map 6
                          Statistics: Num rows: 30190202108 Data size: 5796518804736 Basic stats: COMPLETE Column stats: COMPLETE
                          Map Join Operator
                            condition map:
                                 Left Semi Join 0 to 1
                            keys:
                              0 _col7 (type: string)
                              1 _col0 (type: string)
                            outputColumnNames: _col1, _col6, _col7
                            input vertices:
                              1 Reducer 9
                            Statistics: Num rows: 4735717977 Data size: 909257851584 Basic stats: COMPLETE Column stats: COMPLETE
                            Select Operator
                              expressions: _col7 (type: string), _col6 (type: string), _col1 (type: double)
                              outputColumnNames: _col0, _col1, _col2
                              Statistics: Num rows: 4735717977 Data size: 909257851584 Basic stats: COMPLETE Column stats: COMPLETE
                              Group By Operator
                                aggregations: sum(_col2)
                                keys: _col0 (type: string), _col1 (type: string), 0 (type: int)
                                mode: hash
                                outputColumnNames: _col0, _col1, _col2, _col3
                                Statistics: Num rows: 4145994 Data size: 812614824 Basic stats: COMPLETE Column stats: COMPLETE
                                Reduce Output Operator
                                  key expressions: _col0 (type: string), _col1 (type: string), _col2 (type: int)
                                  sort order: +++
                                  Map-reduce partition columns: _col0 (type: string), _col1 (type: string), _col2 (type: int)
                                  Statistics: Num rows: 4145994 Data size: 812614824 Basic stats: COMPLETE Column stats: COMPLETE
                                  value expressions: _col3 (type: double)
            Execution mode: llap
            LLAP IO: all inputs
        Map 10 
            Map Operator Tree:
                TableScan
                  alias: store
                  filterExpr: (s_store_sk is not null and s_state is not null) (type: boolean)
                  Statistics: Num rows: 1902 Data size: 178788 Basic stats: COMPLETE Column stats: COMPLETE
                  Filter Operator
                    predicate: (s_store_sk is not null and s_state is not null) (type: boolean)
                    Statistics: Num rows: 1902 Data size: 178788 Basic stats: COMPLETE Column stats: COMPLETE
                    Select Operator
                      expressions: s_store_sk (type: bigint), s_state (type: string)
                      outputColumnNames: _col0, _col1
                      Statistics: Num rows: 1902 Data size: 178788 Basic stats: COMPLETE Column stats: COMPLETE
                      Reduce Output Operator
                        key expressions: _col0 (type: bigint)
                        sort order: +
                        Map-reduce partition columns: _col0 (type: bigint)
                        Statistics: Num rows: 1902 Data size: 178788 Basic stats: COMPLETE Column stats: COMPLETE
                        value expressions: _col1 (type: string)
            Execution mode: vectorized, llap
            LLAP IO: all inputs
        Map 5 
            Map Operator Tree:
                TableScan
                  alias: d1
                  filterExpr: ((d_month_seq BETWEEN 1212 AND 1223 and d_date_sk is not null) or (d_month_seq BETWEEN 1212 AND 1223 and d_date_sk is not null)) (type: boolean)
                  Statistics: Num rows: 73049 Data size: 876588 Basic stats: COMPLETE Column stats: COMPLETE
                  Filter Operator
                    predicate: (d_month_seq BETWEEN 1212 AND 1223 and d_date_sk is not null) (type: boolean)
                    Statistics: Num rows: 8116 Data size: 97392 Basic stats: COMPLETE Column stats: COMPLETE
                    Select Operator
                      expressions: d_date_sk (type: bigint)
                      outputColumnNames: _col0
                      Statistics: Num rows: 8116 Data size: 97392 Basic stats: COMPLETE Column stats: COMPLETE
                      Reduce Output Operator
                        key expressions: _col0 (type: bigint)
                        sort order: +
                        Map-reduce partition columns: _col0 (type: bigint)
                        Statistics: Num rows: 8116 Data size: 97392 Basic stats: COMPLETE Column stats: COMPLETE
                      Select Operator
                        expressions: _col0 (type: bigint)
                        outputColumnNames: _col0
                        Statistics: Num rows: 8116 Data size: 97392 Basic stats: COMPLETE Column stats: COMPLETE
                        Group By Operator
                          keys: _col0 (type: bigint)
                          mode: hash
                          outputColumnNames: _col0
                          Statistics: Num rows: 4058 Data size: 48696 Basic stats: COMPLETE Column stats: COMPLETE
                          Dynamic Partitioning Event Operator
                            Target column: ss_sold_date_sk (bigint)
                            Target Input: store_sales
                            Partition key expr: ss_sold_date_sk
                            Statistics: Num rows: 4058 Data size: 48696 Basic stats: COMPLETE Column stats: COMPLETE
                            Target Vertex: Map 1
                  Filter Operator
                    predicate: (d_month_seq BETWEEN 1212 AND 1223 and d_date_sk is not null) (type: boolean)
                    Statistics: Num rows: 8116 Data size: 97392 Basic stats: COMPLETE Column stats: COMPLETE
                    Select Operator
                      expressions: d_date_sk (type: bigint)
                      outputColumnNames: _col0
                      Statistics: Num rows: 8116 Data size: 97392 Basic stats: COMPLETE Column stats: COMPLETE
                      Reduce Output Operator
                        key expressions: _col0 (type: bigint)
                        sort order: +
                        Map-reduce partition columns: _col0 (type: bigint)
                        Statistics: Num rows: 8116 Data size: 97392 Basic stats: COMPLETE Column stats: COMPLETE
                      Select Operator
                        expressions: _col0 (type: bigint)
                        outputColumnNames: _col0
                        Statistics: Num rows: 8116 Data size: 97392 Basic stats: COMPLETE Column stats: COMPLETE
                        Group By Operator
                          keys: _col0 (type: bigint)
                          mode: hash
                          outputColumnNames: _col0
                          Statistics: Num rows: 4058 Data size: 48696 Basic stats: COMPLETE Column stats: COMPLETE
                          Dynamic Partitioning Event Operator
                            Target column: ss_sold_date_sk (bigint)
                            Target Input: store_sales
                            Partition key expr: ss_sold_date_sk
                            Statistics: Num rows: 4058 Data size: 48696 Basic stats: COMPLETE Column stats: COMPLETE
                            Target Vertex: Map 7
            Execution mode: vectorized, llap
            LLAP IO: all inputs
        Map 6 
            Map Operator Tree:
                TableScan
                  alias: store
                  filterExpr: (s_state is not null and s_store_sk is not null) (type: boolean)
                  Statistics: Num rows: 1902 Data size: 365184 Basic stats: COMPLETE Column stats: COMPLETE
                  Filter Operator
                    predicate: (s_state is not null and s_store_sk is not null) (type: boolean)
                    Statistics: Num rows: 1902 Data size: 365184 Basic stats: COMPLETE Column stats: COMPLETE
                    Select Operator
                      expressions: s_store_sk (type: bigint), s_county (type: string), s_state (type: string)
                      outputColumnNames: _col0, _col1, _col2
                      Statistics: Num rows: 1902 Data size: 365184 Basic stats: COMPLETE Column stats: COMPLETE
                      Reduce Output Operator
                        key expressions: _col0 (type: bigint)
                        sort order: +
                        Map-reduce partition columns: _col0 (type: bigint)
                        Statistics: Num rows: 1902 Data size: 365184 Basic stats: COMPLETE Column stats: COMPLETE
                        value expressions: _col1 (type: string), _col2 (type: string)
            Execution mode: vectorized, llap
            LLAP IO: all inputs
        Map 7 
            Map Operator Tree:
                TableScan
                  alias: store_sales
                  filterExpr: ss_store_sk is not null (type: boolean)
                  Statistics: Num rows: 275035746821 Data size: 6547909981560 Basic stats: COMPLETE Column stats: COMPLETE
                  Filter Operator
                    predicate: ss_store_sk is not null (type: boolean)
                    Statistics: Num rows: 271730420523 Data size: 6469218468520 Basic stats: COMPLETE Column stats: COMPLETE
                    Select Operator
                      expressions: ss_store_sk (type: bigint), ss_net_profit (type: double), ss_sold_date_sk (type: bigint)
                      outputColumnNames: _col0, _col1, _col2
                      Statistics: Num rows: 271730420523 Data size: 6469218468520 Basic stats: COMPLETE Column stats: COMPLETE
                      Map Join Operator
                        condition map:
                             Inner Join 0 to 1
                        keys:
                          0 _col2 (type: bigint)
                          1 _col0 (type: bigint)
                        outputColumnNames: _col0, _col1
                        input vertices:
                          1 Map 5
                        Statistics: Num rows: 30190202108 Data size: 483043233728 Basic stats: COMPLETE Column stats: COMPLETE
                        Map Join Operator
                          condition map:
                               Inner Join 0 to 1
                          keys:
                            0 _col0 (type: bigint)
                            1 _col0 (type: bigint)
                          outputColumnNames: _col1, _col6
                          input vertices:
                            1 Map 10
                          Statistics: Num rows: 30190202108 Data size: 2837878998152 Basic stats: COMPLETE Column stats: COMPLETE
                          Select Operator
                            expressions: _col6 (type: string), _col1 (type: double)
                            outputColumnNames: _col6, _col1
                            Statistics: Num rows: 30190202108 Data size: 2837878998152 Basic stats: COMPLETE Column stats: COMPLETE
                            Group By Operator
                              aggregations: sum(_col1)
                              keys: _col6 (type: string)
                              mode: hash
                              outputColumnNames: _col0, _col1
                              Statistics: Num rows: 2156688 Data size: 202728672 Basic stats: COMPLETE Column stats: COMPLETE
                              Reduce Output Operator
                                key expressions: _col0 (type: string)
                                sort order: +
                                Map-reduce partition columns: _col0 (type: string)
                                Statistics: Num rows: 2156688 Data size: 202728672 Basic stats: COMPLETE Column stats: COMPLETE
                                value expressions: _col1 (type: double)
            Execution mode: vectorized, llap
            LLAP IO: all inputs
        Reducer 2 
            Execution mode: vectorized, llap
            Reduce Operator Tree:
              Group By Operator
                aggregations: sum(VALUE._col0)
                keys: KEY._col0 (type: string), KEY._col1 (type: string), KEY._col2 (type: int)
                mode: mergepartial
                outputColumnNames: _col0, _col1, _col2, _col3
                Statistics: Num rows: 102 Data size: 19992 Basic stats: COMPLETE Column stats: COMPLETE
                Select Operator
                  expressions: _col0 (type: string), _col1 (type: string), _col3 (type: double), _col2 (type: int)
                  outputColumnNames: _col0, _col1, _col4, _col5
                  Statistics: Num rows: 102 Data size: 38760 Basic stats: COMPLETE Column stats: COMPLETE
                  Reduce Output Operator
                    key expressions: (grouping(_col5, 1) + grouping(_col5, 0)) (type: tinyint), CASE WHEN ((UDFToInteger(grouping(_col5, 0)) = 0)) THEN (_col0) ELSE (null) END (type: string), _col4 (type: double)
                    sort order: ++-
                    Map-reduce partition columns: (grouping(_col5, 1) + grouping(_col5, 0)) (type: tinyint), CASE WHEN ((UDFToInteger(grouping(_col5, 0)) = 0)) THEN (_col0) ELSE (null) END (type: string)
                    Statistics: Num rows: 102 Data size: 38760 Basic stats: COMPLETE Column stats: COMPLETE
                    value expressions: _col0 (type: string), _col1 (type: string), _col5 (type: int)
        Reducer 3 
            Execution mode: llap
            Reduce Operator Tree:
              Select Operator
                expressions: VALUE._col0 (type: string), VALUE._col1 (type: string), KEY.reducesinkkey2 (type: double), VALUE._col2 (type: int)
                outputColumnNames: _col0, _col1, _col4, _col5
                Statistics: Num rows: 102 Data size: 38760 Basic stats: COMPLETE Column stats: COMPLETE
                PTF Operator
                  Function definitions:
                      Input definition
                        input alias: ptf_0
                        output shape: _col0: string, _col1: string, _col4: double, _col5: int
                        type: WINDOWING
                      Windowing table definition
                        input alias: ptf_1
                        name: windowingtablefunction
                        order by: _col4 DESC NULLS LAST
                        partition by: (grouping(_col5, 1) + grouping(_col5, 0)), CASE WHEN ((UDFToInteger(grouping(_col5, 0)) = 0)) THEN (_col0) ELSE (null) END
                        raw input shape:
                        window functions:
                            window function definition
                              alias: rank_window_0
                              arguments: _col4
                              name: rank
                              window function: GenericUDAFRankEvaluator
                              window frame: PRECEDING(MAX)~FOLLOWING(MAX)
                              isPivotResult: true
                  Statistics: Num rows: 102 Data size: 38760 Basic stats: COMPLETE Column stats: COMPLETE
                  Select Operator
                    expressions: _col4 (type: double), _col0 (type: string), _col1 (type: string), (grouping(_col5, 1) + grouping(_col5, 0)) (type: tinyint), rank_window_0 (type: int)
                    outputColumnNames: _col0, _col1, _col2, _col3, _col4
                    Statistics: Num rows: 102 Data size: 20400 Basic stats: COMPLETE Column stats: COMPLETE
                    Reduce Output Operator
                      key expressions: _col3 (type: tinyint), CASE WHEN ((_col3 = 0)) THEN (_col1) ELSE (null) END (type: string), _col4 (type: int)
                      sort order: -++
                      Statistics: Num rows: 102 Data size: 20400 Basic stats: COMPLETE Column stats: COMPLETE
                      TopN Hash Memory Usage: 0.04
                      value expressions: _col0 (type: double), _col1 (type: string), _col2 (type: string)
        Reducer 4 
            Execution mode: vectorized, llap
            Reduce Operator Tree:
              Select Operator
                expressions: VALUE._col0 (type: double), VALUE._col1 (type: string), VALUE._col2 (type: string), KEY.reducesinkkey0 (type: tinyint), KEY.reducesinkkey2 (type: int)
                outputColumnNames: _col0, _col1, _col2, _col3, _col4
                Statistics: Num rows: 102 Data size: 20400 Basic stats: COMPLETE Column stats: COMPLETE
                Limit
                  Number of rows: 100
                  Statistics: Num rows: 100 Data size: 20000 Basic stats: COMPLETE Column stats: COMPLETE
                  File Output Operator
                    compressed: false
                    Statistics: Num rows: 100 Data size: 20000 Basic stats: COMPLETE Column stats: COMPLETE
                    table:
                        input format: org.apache.hadoop.mapred.SequenceFileInputFormat
                        output format: org.apache.hadoop.hive.ql.io.HiveSequenceFileOutputFormat
                        serde: org.apache.hadoop.hive.serde2.lazy.LazySimpleSerDe
        Reducer 8 
            Execution mode: vectorized, llap
            Reduce Operator Tree:
              Group By Operator
                aggregations: sum(VALUE._col0)
                keys: KEY._col0 (type: string)
                mode: mergepartial
                outputColumnNames: _col0, _col1
                Statistics: Num rows: 51 Data size: 4794 Basic stats: COMPLETE Column stats: COMPLETE
                Reduce Output Operator
                  key expressions: _col0 (type: string), _col1 (type: double)
                  sort order: +-
                  Map-reduce partition columns: _col0 (type: string)
                  Statistics: Num rows: 51 Data size: 4794 Basic stats: COMPLETE Column stats: COMPLETE
                  TopN Hash Memory Usage: 0.04
        Reducer 9 
            Execution mode: llap
            Reduce Operator Tree:
              Select Operator
                expressions: KEY.reducesinkkey0 (type: string), KEY.reducesinkkey1 (type: double)
                outputColumnNames: _col0, _col1
                Statistics: Num rows: 51 Data size: 4794 Basic stats: COMPLETE Column stats: COMPLETE
                PTF Operator
                  Function definitions:
                      Input definition
                        input alias: ptf_0
                        output shape: _col0: string, _col1: double
                        type: WINDOWING
                      Windowing table definition
                        input alias: ptf_1
                        name: windowingtablefunction
                        order by: _col1 DESC NULLS LAST
                        partition by: _col0
                        raw input shape:
                        window functions:
                            window function definition
                              alias: rank_window_0
                              arguments: _col1
                              name: rank
                              window function: GenericUDAFRankEvaluator
                              window frame: PRECEDING(MAX)~FOLLOWING(MAX)
                              isPivotResult: true
                  Statistics: Num rows: 51 Data size: 4794 Basic stats: COMPLETE Column stats: COMPLETE
                  Filter Operator
                    predicate: (rank_window_0 <= 5) (type: boolean)
                    Statistics: Num rows: 17 Data size: 1598 Basic stats: COMPLETE Column stats: COMPLETE
                    Select Operator
                      expressions: _col0 (type: string)
                      outputColumnNames: _col0
                      Statistics: Num rows: 17 Data size: 1462 Basic stats: COMPLETE Column stats: COMPLETE
                      Group By Operator
                        keys: _col0 (type: string)
                        mode: hash
                        outputColumnNames: _col0
                        Statistics: Num rows: 8 Data size: 688 Basic stats: COMPLETE Column stats: COMPLETE
                        Reduce Output Operator
                          key expressions: _col0 (type: string)
                          sort order: +
                          Map-reduce partition columns: _col0 (type: string)
                          Statistics: Num rows: 8 Data size: 688 Basic stats: COMPLETE Column stats: COMPLETE

  Stage: Stage-0
    Fetch Operator
      limit: 100
      Processor Tree:
        ListSink