STAGE DEPENDENCIES:
  Stage-1 is a root stage
  Stage-0 depends on stages: Stage-1

STAGE PLANS:
  Stage: Stage-1
    Tez
      DagId: hive_20170626025541_e375828a-a1fd-47cf-a211-c914ff42a035:399
      Edges:
        Map 1 <- Map 3 (BROADCAST_EDGE)
        Map 10 <- Map 3 (BROADCAST_EDGE), Map 9 (BROADCAST_EDGE), Reducer 5 (BROADCAST_EDGE)
        Map 6 <- Map 3 (BROADCAST_EDGE), Map 9 (BROADCAST_EDGE), Reducer 2 (BROADCAST_EDGE), Reducer 4 (BROADCAST_EDGE)
        Reducer 11 <- Map 10 (SIMPLE_EDGE)
        Reducer 2 <- Map 1 (CUSTOM_SIMPLE_EDGE)
        Reducer 4 <- Map 3 (CUSTOM_SIMPLE_EDGE)
        Reducer 5 <- Map 3 (CUSTOM_SIMPLE_EDGE)
        Reducer 7 <- Map 1 (BROADCAST_EDGE), Map 6 (SIMPLE_EDGE), Reducer 11 (BROADCAST_EDGE)
        Reducer 8 <- Reducer 7 (SIMPLE_EDGE)
      DagName: query30.sql
      Vertices:
        Map 1 
            Map Operator Tree:
                TableScan
                  alias: customer
                  filterExpr: (c_customer_sk is not null and c_current_addr_sk is not null) (type: boolean)
                  Statistics: Num rows: 1000 Data size: 857600 Basic stats: COMPLETE Column stats: COMPLETE
                  Filter Operator
                    predicate: (c_customer_sk is not null and c_current_addr_sk is not null) (type: boolean)
                    Statistics: Num rows: 1000 Data size: 857600 Basic stats: COMPLETE Column stats: COMPLETE
                    Select Operator
                      expressions: c_customer_sk (type: bigint), c_customer_id (type: string), c_current_addr_sk (type: bigint), c_salutation (type: string), c_first_name (type: string), c_last_name (type: string), c_preferred_cust_flag (type: string), c_birth_day (type: int), c_birth_month (type: int), c_birth_year (type: int), c_birth_country (type: string), c_login (type: string), c_email_address (type: string), c_last_review_date (type: string)
                      outputColumnNames: _col0, _col1, _col2, _col3, _col4, _col5, _col6, _col7, _col8, _col9, _col10, _col11, _col12, _col13
                      Statistics: Num rows: 1000 Data size: 857600 Basic stats: COMPLETE Column stats: COMPLETE
                      Map Join Operator
                        condition map:
                             Inner Join 0 to 1
                        keys:
                          0 _col2 (type: bigint)
                          1 _col0 (type: bigint)
                        outputColumnNames: _col0, _col1, _col3, _col4, _col5, _col6, _col7, _col8, _col9, _col10, _col11, _col12, _col13
                        input vertices:
                          1 Map 3
                        Statistics: Num rows: 9 Data size: 7650 Basic stats: COMPLETE Column stats: COMPLETE
                        Reduce Output Operator
                          key expressions: _col0 (type: bigint)
                          sort order: +
                          Map-reduce partition columns: _col0 (type: bigint)
                          Statistics: Num rows: 9 Data size: 7650 Basic stats: COMPLETE Column stats: COMPLETE
                          value expressions: _col1 (type: string), _col3 (type: string), _col4 (type: string), _col5 (type: string), _col6 (type: string), _col7 (type: int), _col8 (type: int), _col9 (type: int), _col10 (type: string), _col11 (type: string), _col12 (type: string), _col13 (type: string)
                        Select Operator
                          expressions: _col0 (type: bigint)
                          outputColumnNames: _col0
                          Statistics: Num rows: 9 Data size: 72 Basic stats: COMPLETE Column stats: COMPLETE
                          Group By Operator
                            aggregations: min(_col0), max(_col0), bloom_filter(_col0, expectedEntries=1000000)
                            mode: hash
                            outputColumnNames: _col0, _col1, _col2
                            Statistics: Num rows: 1 Data size: 24 Basic stats: COMPLETE Column stats: COMPLETE
                            Reduce Output Operator
                              sort order: 
                              Statistics: Num rows: 1 Data size: 24 Basic stats: COMPLETE Column stats: COMPLETE
                              value expressions: _col0 (type: bigint), _col1 (type: bigint), _col2 (type: binary)
            Execution mode: vectorized, llap
            LLAP IO: all inputs
        Map 10 
            Map Operator Tree:
                TableScan
                  alias: web_returns
                  filterExpr: (wr_returning_addr_sk is not null and (wr_returning_addr_sk BETWEEN DynamicValue(RS_39_customer_address_ca_address_sk_min) AND DynamicValue(RS_39_customer_address_ca_address_sk_max) and in_bloom_filter(wr_returning_addr_sk, DynamicValue(RS_39_customer_address_ca_address_sk_bloom_filter)))) (type: boolean)
                  Statistics: Num rows: 6871539542 Data size: 218209555072 Basic stats: COMPLETE Column stats: COMPLETE
                  Filter Operator
                    predicate: (wr_returning_addr_sk is not null and (wr_returning_addr_sk BETWEEN DynamicValue(RS_39_customer_address_ca_address_sk_min) AND DynamicValue(RS_39_customer_address_ca_address_sk_max) and in_bloom_filter(wr_returning_addr_sk, DynamicValue(RS_39_customer_address_ca_address_sk_bloom_filter)))) (type: boolean)
                    Statistics: Num rows: 6801301735 Data size: 215979114488 Basic stats: COMPLETE Column stats: COMPLETE
                    Select Operator
                      expressions: wr_returning_customer_sk (type: bigint), wr_returning_addr_sk (type: bigint), wr_return_amt (type: double), wr_returned_date_sk (type: bigint)
                      outputColumnNames: _col0, _col1, _col2, _col3
                      Statistics: Num rows: 6801301735 Data size: 215979114488 Basic stats: COMPLETE Column stats: COMPLETE
                      Map Join Operator
                        condition map:
                             Inner Join 0 to 1
                        keys:
                          0 _col3 (type: bigint)
                          1 _col0 (type: bigint)
                        outputColumnNames: _col0, _col1, _col2
                        input vertices:
                          1 Map 9
                        Statistics: Num rows: 2031327626 Data size: 48751863024 Basic stats: COMPLETE Column stats: COMPLETE
                        Map Join Operator
                          condition map:
                               Inner Join 0 to 1
                          keys:
                            0 _col1 (type: bigint)
                            1 _col0 (type: bigint)
                          outputColumnNames: _col0, _col2, _col7
                          input vertices:
                            1 Map 3
                          Statistics: Num rows: 1162065 Data size: 118530630 Basic stats: COMPLETE Column stats: COMPLETE
                          Select Operator
                            expressions: _col7 (type: string), _col0 (type: bigint), _col2 (type: double)
                            outputColumnNames: _col7, _col0, _col2
                            Statistics: Num rows: 1162065 Data size: 118530630 Basic stats: COMPLETE Column stats: COMPLETE
                            Group By Operator
                              aggregations: sum(_col2)
                              keys: _col7 (type: string), _col0 (type: bigint)
                              mode: hash
                              outputColumnNames: _col0, _col1, _col2
                              Statistics: Num rows: 12480 Data size: 1272960 Basic stats: COMPLETE Column stats: COMPLETE
                              Reduce Output Operator
                                key expressions: _col0 (type: string), _col1 (type: bigint)
                                sort order: ++
                                Map-reduce partition columns: _col0 (type: string)
                                Statistics: Num rows: 12480 Data size: 1272960 Basic stats: COMPLETE Column stats: COMPLETE
                                value expressions: _col2 (type: double)
            Execution mode: vectorized, llap
            LLAP IO: all inputs
        Map 3 
            Map Operator Tree:
                TableScan
                  alias: customer_address
                  filterExpr: (((ca_state = 'il') and ca_address_sk is not null) or ca_address_sk is not null or ((ca_state = ca_state) and ca_address_sk is not null)) (type: boolean)
                  Statistics: Num rows: 500 Data size: 47000 Basic stats: COMPLETE Column stats: COMPLETE
                  Filter Operator
                    predicate: ((ca_state = 'il') and ca_address_sk is not null) (type: boolean)
                    Statistics: Num rows: 10 Data size: 940 Basic stats: COMPLETE Column stats: COMPLETE
                    Select Operator
                      expressions: ca_address_sk (type: bigint)
                      outputColumnNames: _col0
                      Statistics: Num rows: 10 Data size: 940 Basic stats: COMPLETE Column stats: COMPLETE
                      Reduce Output Operator
                        key expressions: _col0 (type: bigint)
                        sort order: +
                        Map-reduce partition columns: _col0 (type: bigint)
                        Statistics: Num rows: 10 Data size: 940 Basic stats: COMPLETE Column stats: COMPLETE
                  Filter Operator
                    predicate: ca_address_sk is not null (type: boolean)
                    Statistics: Num rows: 500 Data size: 47000 Basic stats: COMPLETE Column stats: COMPLETE
                    Select Operator
                      expressions: ca_address_sk (type: bigint), ca_state (type: string)
                      outputColumnNames: _col0, _col1
                      Statistics: Num rows: 500 Data size: 47000 Basic stats: COMPLETE Column stats: COMPLETE
                      Reduce Output Operator
                        key expressions: _col0 (type: bigint)
                        sort order: +
                        Map-reduce partition columns: _col0 (type: bigint)
                        Statistics: Num rows: 500 Data size: 47000 Basic stats: COMPLETE Column stats: COMPLETE
                        value expressions: _col1 (type: string)
                      Select Operator
                        expressions: _col0 (type: bigint)
                        outputColumnNames: _col0
                        Statistics: Num rows: 500 Data size: 4000 Basic stats: COMPLETE Column stats: COMPLETE
                        Group By Operator
                          aggregations: min(_col0), max(_col0), bloom_filter(_col0, expectedEntries=1000000)
                          mode: hash
                          outputColumnNames: _col0, _col1, _col2
                          Statistics: Num rows: 1 Data size: 24 Basic stats: COMPLETE Column stats: COMPLETE
                          Reduce Output Operator
                            sort order: 
                            Statistics: Num rows: 1 Data size: 24 Basic stats: COMPLETE Column stats: COMPLETE
                            value expressions: _col0 (type: bigint), _col1 (type: bigint), _col2 (type: binary)
                  Filter Operator
                    predicate: ((ca_state = ca_state) and ca_address_sk is not null) (type: boolean)
                    Statistics: Num rows: 250 Data size: 23500 Basic stats: COMPLETE Column stats: COMPLETE
                    Select Operator
                      expressions: ca_address_sk (type: bigint), ca_state (type: string)
                      outputColumnNames: _col0, _col1
                      Statistics: Num rows: 250 Data size: 23500 Basic stats: COMPLETE Column stats: COMPLETE
                      Reduce Output Operator
                        key expressions: _col0 (type: bigint)
                        sort order: +
                        Map-reduce partition columns: _col0 (type: bigint)
                        Statistics: Num rows: 250 Data size: 23500 Basic stats: COMPLETE Column stats: COMPLETE
                        value expressions: _col1 (type: string)
                      Select Operator
                        expressions: _col0 (type: bigint)
                        outputColumnNames: _col0
                        Statistics: Num rows: 250 Data size: 2000 Basic stats: COMPLETE Column stats: COMPLETE
                        Group By Operator
                          aggregations: min(_col0), max(_col0), bloom_filter(_col0, expectedEntries=1000000)
                          mode: hash
                          outputColumnNames: _col0, _col1, _col2
                          Statistics: Num rows: 1 Data size: 24 Basic stats: COMPLETE Column stats: COMPLETE
                          Reduce Output Operator
                            sort order: 
                            Statistics: Num rows: 1 Data size: 24 Basic stats: COMPLETE Column stats: COMPLETE
                            value expressions: _col0 (type: bigint), _col1 (type: bigint), _col2 (type: binary)
            Execution mode: vectorized, llap
            LLAP IO: all inputs
        Map 6 
            Map Operator Tree:
                TableScan
                  alias: web_returns
                  filterExpr: (wr_returning_addr_sk is not null and wr_returning_customer_sk is not null and (wr_returning_addr_sk BETWEEN DynamicValue(RS_19_customer_address_ca_address_sk_min) AND DynamicValue(RS_19_customer_address_ca_address_sk_max) and in_bloom_filter(wr_returning_addr_sk, DynamicValue(RS_19_customer_address_ca_address_sk_bloom_filter))) and (wr_returning_customer_sk BETWEEN DynamicValue(RS_54_customer_c_customer_sk_min) AND DynamicValue(RS_54_customer_c_customer_sk_max) and in_bloom_filter(wr_returning_customer_sk, DynamicValue(RS_54_customer_c_customer_sk_bloom_filter)))) (type: boolean)
                  Statistics: Num rows: 6871539542 Data size: 218209555072 Basic stats: COMPLETE Column stats: COMPLETE
                  Filter Operator
                    predicate: (wr_returning_addr_sk is not null and wr_returning_customer_sk is not null and (wr_returning_addr_sk BETWEEN DynamicValue(RS_19_customer_address_ca_address_sk_min) AND DynamicValue(RS_19_customer_address_ca_address_sk_max) and in_bloom_filter(wr_returning_addr_sk, DynamicValue(RS_19_customer_address_ca_address_sk_bloom_filter))) and (wr_returning_customer_sk BETWEEN DynamicValue(RS_54_customer_c_customer_sk_min) AND DynamicValue(RS_54_customer_c_customer_sk_max) and in_bloom_filter(wr_returning_customer_sk, DynamicValue(RS_54_customer_c_customer_sk_bloom_filter)))) (type: boolean)
                    Statistics: Num rows: 6732532811 Data size: 213795319120 Basic stats: COMPLETE Column stats: COMPLETE
                    Select Operator
                      expressions: wr_returning_customer_sk (type: bigint), wr_returning_addr_sk (type: bigint), wr_return_amt (type: double), wr_returned_date_sk (type: bigint)
                      outputColumnNames: _col0, _col1, _col2, _col3
                      Statistics: Num rows: 6732532811 Data size: 213795319120 Basic stats: COMPLETE Column stats: COMPLETE
                      Map Join Operator
                        condition map:
                             Inner Join 0 to 1
                        keys:
                          0 _col3 (type: bigint)
                          1 _col0 (type: bigint)
                        outputColumnNames: _col0, _col1, _col2
                        input vertices:
                          1 Map 9
                        Statistics: Num rows: 2010788585 Data size: 48258926040 Basic stats: COMPLETE Column stats: COMPLETE
                        Map Join Operator
                          condition map:
                               Inner Join 0 to 1
                          keys:
                            0 _col1 (type: bigint)
                            1 _col0 (type: bigint)
                          outputColumnNames: _col0, _col2, _col7
                          input vertices:
                            1 Map 3
                          Statistics: Num rows: 2324132 Data size: 237061464 Basic stats: COMPLETE Column stats: COMPLETE
                          Select Operator
                            expressions: _col0 (type: bigint), _col7 (type: string), _col2 (type: double)
                            outputColumnNames: _col0, _col7, _col2
                            Statistics: Num rows: 2324132 Data size: 237061464 Basic stats: COMPLETE Column stats: COMPLETE
                            Group By Operator
                              aggregations: sum(_col2)
                              keys: _col0 (type: bigint), _col7 (type: string)
                              mode: hash
                              outputColumnNames: _col0, _col1, _col2
                              Statistics: Num rows: 97716 Data size: 9967032 Basic stats: COMPLETE Column stats: COMPLETE
                              Reduce Output Operator
                                key expressions: _col0 (type: bigint), _col1 (type: string)
                                sort order: ++
                                Map-reduce partition columns: _col0 (type: bigint), _col1 (type: string)
                                Statistics: Num rows: 97716 Data size: 9967032 Basic stats: COMPLETE Column stats: COMPLETE
                                value expressions: _col2 (type: double)
            Execution mode: vectorized, llap
            LLAP IO: all inputs
        Map 9 
            Map Operator Tree:
                TableScan
                  alias: date_dim
                  filterExpr: ((d_year = 2002) and d_date_sk is not null) (type: boolean)
                  Statistics: Num rows: 73049 Data size: 876588 Basic stats: COMPLETE Column stats: COMPLETE
                  Filter Operator
                    predicate: ((d_year = 2002) and d_date_sk is not null) (type: boolean)
                    Statistics: Num rows: 652 Data size: 7824 Basic stats: COMPLETE Column stats: COMPLETE
                    Select Operator
                      expressions: d_date_sk (type: bigint)
                      outputColumnNames: _col0
                      Statistics: Num rows: 652 Data size: 7824 Basic stats: COMPLETE Column stats: COMPLETE
                      Reduce Output Operator
                        key expressions: _col0 (type: bigint)
                        sort order: +
                        Map-reduce partition columns: _col0 (type: bigint)
                        Statistics: Num rows: 652 Data size: 7824 Basic stats: COMPLETE Column stats: COMPLETE
                      Select Operator
                        expressions: _col0 (type: bigint)
                        outputColumnNames: _col0
                        Statistics: Num rows: 652 Data size: 7824 Basic stats: COMPLETE Column stats: COMPLETE
                        Group By Operator
                          keys: _col0 (type: bigint)
                          mode: hash
                          outputColumnNames: _col0
                          Statistics: Num rows: 326 Data size: 3912 Basic stats: COMPLETE Column stats: COMPLETE
                          Dynamic Partitioning Event Operator
                            Target column: wr_returned_date_sk (bigint)
                            Target Input: web_returns
                            Partition key expr: wr_returned_date_sk
                            Statistics: Num rows: 326 Data size: 3912 Basic stats: COMPLETE Column stats: COMPLETE
                            Target Vertex: Map 6
                  Filter Operator
                    predicate: ((d_year = 2002) and d_date_sk is not null) (type: boolean)
                    Statistics: Num rows: 652 Data size: 7824 Basic stats: COMPLETE Column stats: COMPLETE
                    Select Operator
                      expressions: d_date_sk (type: bigint)
                      outputColumnNames: _col0
                      Statistics: Num rows: 652 Data size: 7824 Basic stats: COMPLETE Column stats: COMPLETE
                      Reduce Output Operator
                        key expressions: _col0 (type: bigint)
                        sort order: +
                        Map-reduce partition columns: _col0 (type: bigint)
                        Statistics: Num rows: 652 Data size: 7824 Basic stats: COMPLETE Column stats: COMPLETE
                      Select Operator
                        expressions: _col0 (type: bigint)
                        outputColumnNames: _col0
                        Statistics: Num rows: 652 Data size: 7824 Basic stats: COMPLETE Column stats: COMPLETE
                        Group By Operator
                          keys: _col0 (type: bigint)
                          mode: hash
                          outputColumnNames: _col0
                          Statistics: Num rows: 326 Data size: 3912 Basic stats: COMPLETE Column stats: COMPLETE
                          Dynamic Partitioning Event Operator
                            Target column: wr_returned_date_sk (bigint)
                            Target Input: web_returns
                            Partition key expr: wr_returned_date_sk
                            Statistics: Num rows: 326 Data size: 3912 Basic stats: COMPLETE Column stats: COMPLETE
                            Target Vertex: Map 10
            Execution mode: vectorized, llap
            LLAP IO: all inputs
        Reducer 11 
            Execution mode: llap
            Reduce Operator Tree:
              Group By Operator
                aggregations: sum(VALUE._col0)
                keys: KEY._col0 (type: string), KEY._col1 (type: bigint)
                mode: mergepartial
                outputColumnNames: _col0, _col1, _col2
                Statistics: Num rows: 6240 Data size: 636480 Basic stats: COMPLETE Column stats: COMPLETE
                Select Operator
                  expressions: _col0 (type: string), _col2 (type: double)
                  outputColumnNames: _col1, _col2
                  Statistics: Num rows: 6240 Data size: 636480 Basic stats: COMPLETE Column stats: COMPLETE
                  Group By Operator
                    aggregations: avg(_col2)
                    keys: _col1 (type: string)
                    mode: complete
                    outputColumnNames: _col0, _col1
                    Statistics: Num rows: 26 Data size: 4316 Basic stats: COMPLETE Column stats: COMPLETE
                    Select Operator
                      expressions: (_col1 * 1.2) (type: double), true (type: boolean), _col0 (type: string)
                      outputColumnNames: _col0, _col1, _col2
                      Statistics: Num rows: 26 Data size: 2548 Basic stats: COMPLETE Column stats: COMPLETE
                      Reduce Output Operator
                        key expressions: _col2 (type: string)
                        sort order: +
                        Map-reduce partition columns: _col2 (type: string)
                        Statistics: Num rows: 26 Data size: 2548 Basic stats: COMPLETE Column stats: COMPLETE
                        value expressions: _col0 (type: double), _col1 (type: boolean)
        Reducer 2 
            Execution mode: vectorized, llap
            Reduce Operator Tree:
              Group By Operator
                aggregations: min(VALUE._col0), max(VALUE._col1), bloom_filter(VALUE._col2, expectedEntries=1000000)
                mode: final
                outputColumnNames: _col0, _col1, _col2
                Statistics: Num rows: 1 Data size: 24 Basic stats: COMPLETE Column stats: COMPLETE
                Reduce Output Operator
                  sort order: 
                  Statistics: Num rows: 1 Data size: 24 Basic stats: COMPLETE Column stats: COMPLETE
                  value expressions: _col0 (type: bigint), _col1 (type: bigint), _col2 (type: binary)
        Reducer 4 
            Execution mode: vectorized, llap
            Reduce Operator Tree:
              Group By Operator
                aggregations: min(VALUE._col0), max(VALUE._col1), bloom_filter(VALUE._col2, expectedEntries=1000000)
                mode: final
                outputColumnNames: _col0, _col1, _col2
                Statistics: Num rows: 1 Data size: 24 Basic stats: COMPLETE Column stats: COMPLETE
                Reduce Output Operator
                  sort order: 
                  Statistics: Num rows: 1 Data size: 24 Basic stats: COMPLETE Column stats: COMPLETE
                  value expressions: _col0 (type: bigint), _col1 (type: bigint), _col2 (type: binary)
        Reducer 5 
            Execution mode: vectorized, llap
            Reduce Operator Tree:
              Group By Operator
                aggregations: min(VALUE._col0), max(VALUE._col1), bloom_filter(VALUE._col2, expectedEntries=1000000)
                mode: final
                outputColumnNames: _col0, _col1, _col2
                Statistics: Num rows: 1 Data size: 24 Basic stats: COMPLETE Column stats: COMPLETE
                Reduce Output Operator
                  sort order: 
                  Statistics: Num rows: 1 Data size: 24 Basic stats: COMPLETE Column stats: COMPLETE
                  value expressions: _col0 (type: bigint), _col1 (type: bigint), _col2 (type: binary)
        Reducer 7 
            Execution mode: vectorized, llap
            Reduce Operator Tree:
              Group By Operator
                aggregations: sum(VALUE._col0)
                keys: KEY._col0 (type: bigint), KEY._col1 (type: string)
                mode: mergepartial
                outputColumnNames: _col0, _col1, _col2
                Statistics: Num rows: 24429 Data size: 2491758 Basic stats: COMPLETE Column stats: COMPLETE
                Map Join Operator
                  condition map:
                       Inner Join 0 to 1
                  keys:
                    0 _col0 (type: bigint)
                    1 _col0 (type: bigint)
                  outputColumnNames: _col1, _col3, _col4, _col5, _col6, _col7, _col8, _col9, _col10, _col11, _col12, _col13, _col17, _col18
                  input vertices:
                    0 Map 1
                  Statistics: Num rows: 459 Data size: 429624 Basic stats: COMPLETE Column stats: COMPLETE
                  Map Join Operator
                    condition map:
                         Left Outer Join0 to 1
                    keys:
                      0 _col17 (type: string)
                      1 _col2 (type: string)
                    outputColumnNames: _col1, _col3, _col4, _col5, _col6, _col7, _col8, _col9, _col10, _col11, _col12, _col13, _col18, _col19, _col20
                    input vertices:
                      1 Reducer 11
                    Statistics: Num rows: 459 Data size: 395658 Basic stats: COMPLETE Column stats: COMPLETE
                    Select Operator
                      expressions: _col18 (type: double), _col1 (type: string), _col3 (type: string), _col4 (type: string), _col5 (type: string), _col6 (type: string), _col7 (type: int), _col8 (type: int), _col9 (type: int), _col10 (type: string), _col11 (type: string), _col12 (type: string), _col13 (type: string), _col19 (type: double), _col20 (type: boolean)
                      outputColumnNames: _col2, _col6, _col8, _col9, _col10, _col11, _col12, _col13, _col14, _col15, _col16, _col17, _col18, _col19, _col20
                      Statistics: Num rows: 459 Data size: 395658 Basic stats: COMPLETE Column stats: COMPLETE
                      Filter Operator
                        predicate: (_col2 > CASE WHEN (_col20 is null) THEN (null) ELSE (_col19) END) (type: boolean)
                        Statistics: Num rows: 153 Data size: 131886 Basic stats: COMPLETE Column stats: COMPLETE
                        Select Operator
                          expressions: _col6 (type: string), _col8 (type: string), _col9 (type: string), _col10 (type: string), _col11 (type: string), _col12 (type: int), _col13 (type: int), _col14 (type: int), _col15 (type: string), _col16 (type: string), _col17 (type: string), _col18 (type: string), _col2 (type: double)
                          outputColumnNames: _col0, _col1, _col2, _col3, _col4, _col5, _col6, _col7, _col8, _col9, _col10, _col11, _col12
                          Statistics: Num rows: 153 Data size: 130050 Basic stats: COMPLETE Column stats: COMPLETE
                          Reduce Output Operator
                            key expressions: _col0 (type: string), _col1 (type: string), _col2 (type: string), _col3 (type: string), _col4 (type: string), _col5 (type: int), _col6 (type: int), _col7 (type: int), _col8 (type: string), _col9 (type: string), _col10 (type: string), _col11 (type: string), _col12 (type: double)
                            sort order: +++++++++++++
                            Statistics: Num rows: 153 Data size: 130050 Basic stats: COMPLETE Column stats: COMPLETE
                            TopN Hash Memory Usage: 0.04
        Reducer 8 
            Execution mode: vectorized, llap
            Reduce Operator Tree:
              Select Operator
                expressions: KEY.reducesinkkey0 (type: string), KEY.reducesinkkey1 (type: string), KEY.reducesinkkey2 (type: string), KEY.reducesinkkey3 (type: string), KEY.reducesinkkey4 (type: string), KEY.reducesinkkey5 (type: int), KEY.reducesinkkey6 (type: int), KEY.reducesinkkey7 (type: int), KEY.reducesinkkey8 (type: string), KEY.reducesinkkey9 (type: string), KEY.reducesinkkey10 (type: string), KEY.reducesinkkey11 (type: string), KEY.reducesinkkey12 (type: double)
                outputColumnNames: _col0, _col1, _col2, _col3, _col4, _col5, _col6, _col7, _col8, _col9, _col10, _col11, _col12
                Statistics: Num rows: 153 Data size: 130050 Basic stats: COMPLETE Column stats: COMPLETE
                Limit
                  Number of rows: 100
                  Statistics: Num rows: 100 Data size: 85000 Basic stats: COMPLETE Column stats: COMPLETE
                  File Output Operator
                    compressed: false
                    Statistics: Num rows: 100 Data size: 85000 Basic stats: COMPLETE Column stats: COMPLETE
                    table:
                        input format: org.apache.hadoop.mapred.SequenceFileInputFormat
                        output format: org.apache.hadoop.hive.ql.io.HiveSequenceFileOutputFormat
                        serde: org.apache.hadoop.hive.serde2.lazy.LazySimpleSerDe

  Stage: Stage-0
    Fetch Operator
      limit: 100
      Processor Tree:
        ListSink