STAGE DEPENDENCIES:
  Stage-1 is a root stage
  Stage-0 depends on stages: Stage-1

STAGE PLANS:
  Stage: Stage-1
    Tez
      DagId: hive_20170626025508_936f49e0-04dc-4253-adac-bace083660f3:376
      Edges:
        Map 2 <- Map 1 (BROADCAST_EDGE), Map 18 (BROADCAST_EDGE), Map 25 (BROADCAST_EDGE), Map 37 (BROADCAST_EDGE), Map 39 (BROADCAST_EDGE), Map 40 (BROADCAST_EDGE), Map 44 (BROADCAST_EDGE), Map 45 (BROADCAST_EDGE), Map 51 (BROADCAST_EDGE), Map 52 (BROADCAST_EDGE), Map 54 (BROADCAST_EDGE), Map 55 (BROADCAST_EDGE)
        Map 26 <- Map 18 (BROADCAST_EDGE), Map 25 (BROADCAST_EDGE), Map 37 (BROADCAST_EDGE), Map 38 (BROADCAST_EDGE), Map 40 (BROADCAST_EDGE), Map 43 (BROADCAST_EDGE), Map 45 (BROADCAST_EDGE), Map 48 (BROADCAST_EDGE), Map 51 (BROADCAST_EDGE), Map 52 (BROADCAST_EDGE), Map 53 (BROADCAST_EDGE), Map 55 (BROADCAST_EDGE)
        Map 33 <- Map 18 (BROADCAST_EDGE), Map 2 (BROADCAST_EDGE), Reducer 19 (BROADCAST_EDGE)
        Map 35 <- Map 18 (BROADCAST_EDGE), Map 2 (BROADCAST_EDGE), Reducer 20 (BROADCAST_EDGE)
        Map 41 <- Map 18 (BROADCAST_EDGE), Map 2 (BROADCAST_EDGE), Reducer 21 (BROADCAST_EDGE)
        Map 46 <- Map 18 (BROADCAST_EDGE), Map 2 (BROADCAST_EDGE), Reducer 22 (BROADCAST_EDGE)
        Map 49 <- Map 18 (BROADCAST_EDGE), Map 2 (BROADCAST_EDGE), Reducer 23 (BROADCAST_EDGE)
        Map 56 <- Map 18 (BROADCAST_EDGE), Map 2 (BROADCAST_EDGE), Reducer 24 (BROADCAST_EDGE)
        Reducer 10 <- Map 2 (SIMPLE_EDGE), Union 11 (CONTAINS)
        Reducer 12 <- Map 2 (SIMPLE_EDGE), Union 13 (CONTAINS)
        Reducer 14 <- Map 2 (SIMPLE_EDGE), Union 15 (CONTAINS)
        Reducer 16 <- Map 2 (SIMPLE_EDGE), Union 17 (CONTAINS)
        Reducer 19 <- Map 18 (CUSTOM_SIMPLE_EDGE)
        Reducer 20 <- Map 18 (CUSTOM_SIMPLE_EDGE)
        Reducer 21 <- Map 18 (CUSTOM_SIMPLE_EDGE)
        Reducer 22 <- Map 18 (CUSTOM_SIMPLE_EDGE)
        Reducer 23 <- Map 18 (CUSTOM_SIMPLE_EDGE)
        Reducer 24 <- Map 18 (CUSTOM_SIMPLE_EDGE)
        Reducer 27 <- Map 26 (SIMPLE_EDGE), Union 4 (CONTAINS)
        Reducer 28 <- Map 26 (SIMPLE_EDGE), Union 11 (BROADCAST_EDGE), Union 13 (BROADCAST_EDGE), Union 6 (CONTAINS)
        Reducer 29 <- Map 26 (SIMPLE_EDGE), Union 11 (CONTAINS)
        Reducer 3 <- Map 2 (SIMPLE_EDGE), Union 4 (CONTAINS)
        Reducer 30 <- Map 26 (SIMPLE_EDGE), Union 13 (CONTAINS)
        Reducer 31 <- Map 26 (SIMPLE_EDGE), Union 15 (CONTAINS)
        Reducer 32 <- Map 26 (SIMPLE_EDGE), Union 17 (CONTAINS)
        Reducer 34 <- Map 33 (SIMPLE_EDGE), Union 4 (CONTAINS)
        Reducer 36 <- Map 35 (SIMPLE_EDGE), Union 11 (BROADCAST_EDGE), Union 13 (BROADCAST_EDGE), Union 6 (CONTAINS)
        Reducer 42 <- Map 41 (SIMPLE_EDGE), Union 11 (CONTAINS)
        Reducer 47 <- Map 46 (SIMPLE_EDGE), Union 13 (CONTAINS)
        Reducer 5 <- Map 2 (SIMPLE_EDGE), Union 11 (BROADCAST_EDGE), Union 13 (BROADCAST_EDGE), Union 6 (CONTAINS)
        Reducer 50 <- Map 49 (SIMPLE_EDGE), Union 15 (CONTAINS)
        Reducer 57 <- Map 56 (SIMPLE_EDGE), Union 17 (CONTAINS)
        Reducer 7 <- Union 15 (CUSTOM_SIMPLE_EDGE), Union 6 (CUSTOM_SIMPLE_EDGE)
        Reducer 8 <- Reducer 7 (CUSTOM_SIMPLE_EDGE), Union 17 (BROADCAST_EDGE), Union 4 (CUSTOM_SIMPLE_EDGE)
        Reducer 9 <- Reducer 8 (SIMPLE_EDGE)
      DagName: query4.sql
      Vertices:
        Map 1 
            Map Operator Tree:
                TableScan
                  alias: store_sales
                  Statistics: Num rows: 1 Data size: 8 Basic stats: COMPLETE Column stats: PARTIAL
                  Filter Operator
                    predicate: false (type: boolean)
                    Statistics: Num rows: 1 Data size: 8 Basic stats: COMPLETE Column stats: PARTIAL
                    Select Operator
                      expressions: ss_customer_sk (type: bigint), ss_ext_discount_amt (type: double), ss_ext_sales_price (type: double), ss_ext_wholesale_cost (type: double), ss_ext_list_price (type: double), ss_sold_date_sk (type: bigint)
                      outputColumnNames: _col0, _col1, _col2, _col3, _col4, _col5
                      Statistics: Num rows: 1 Data size: 8 Basic stats: COMPLETE Column stats: PARTIAL
                      Reduce Output Operator
                        key expressions: _col5 (type: bigint)
                        sort order: +
                        Map-reduce partition columns: _col5 (type: bigint)
                        Statistics: Num rows: 1 Data size: 8 Basic stats: COMPLETE Column stats: PARTIAL
                        value expressions: _col0 (type: bigint), _col1 (type: double), _col2 (type: double), _col3 (type: double), _col4 (type: double)
            Execution mode: vectorized, llap
            LLAP IO: unknown
        Map 18 
            Map Operator Tree:
                TableScan
                  alias: customer
                  filterExpr: ((c_customer_sk is not null and c_customer_id is not null) or (c_customer_sk is not null and c_customer_id is not null) or (c_customer_sk is not null and c_customer_id is not null) or (c_customer_sk is not null and c_customer_id is not null) or (c_customer_sk is not null and c_customer_id is not null)) (type: boolean)
                  Statistics: Num rows: 1000 Data size: 660000 Basic stats: COMPLETE Column stats: COMPLETE
                  Filter Operator
                    predicate: false (type: boolean)
                    Statistics: Num rows: 1 Data size: 660 Basic stats: COMPLETE Column stats: COMPLETE
                    Select Operator
                      expressions: c_customer_sk (type: bigint), c_customer_id (type: string), c_first_name (type: string), c_last_name (type: string), c_preferred_cust_flag (type: string), c_birth_country (type: string), c_login (type: string), c_email_address (type: string)
                      outputColumnNames: _col0, _col1, _col2, _col3, _col4, _col5, _col6, _col7
                      Statistics: Num rows: 1 Data size: 660 Basic stats: COMPLETE Column stats: COMPLETE
                      Reduce Output Operator
                        key expressions: _col0 (type: bigint)
                        sort order: +
                        Map-reduce partition columns: _col0 (type: bigint)
                        Statistics: Num rows: 1 Data size: 660 Basic stats: COMPLETE Column stats: COMPLETE
                        value expressions: _col1 (type: string), _col2 (type: string), _col3 (type: string), _col4 (type: string), _col5 (type: string), _col6 (type: string), _col7 (type: string)
                  Filter Operator
                    predicate: false (type: boolean)
                    Statistics: Num rows: 1 Data size: 660 Basic stats: COMPLETE Column stats: COMPLETE
                    Select Operator
                      expressions: c_customer_sk (type: bigint), c_customer_id (type: string), c_first_name (type: string), c_last_name (type: string), c_preferred_cust_flag (type: string), c_birth_country (type: string), c_login (type: string), c_email_address (type: string)
                      outputColumnNames: _col0, _col1, _col2, _col3, _col4, _col5, _col6, _col7
                      Statistics: Num rows: 1 Data size: 660 Basic stats: COMPLETE Column stats: COMPLETE
                      Reduce Output Operator
                        key expressions: _col0 (type: bigint)
                        sort order: +
                        Map-reduce partition columns: _col0 (type: bigint)
                        Statistics: Num rows: 1 Data size: 660 Basic stats: COMPLETE Column stats: COMPLETE
                        value expressions: _col1 (type: string), _col2 (type: string), _col3 (type: string), _col4 (type: string), _col5 (type: string), _col6 (type: string), _col7 (type: string)
                  Filter Operator
                    predicate: (c_customer_sk is not null and c_customer_id is not null) (type: boolean)
                    Statistics: Num rows: 1000 Data size: 660000 Basic stats: COMPLETE Column stats: COMPLETE
                    Select Operator
                      expressions: c_customer_sk (type: bigint), c_customer_id (type: string), c_first_name (type: string), c_last_name (type: string), c_preferred_cust_flag (type: string), c_birth_country (type: string), c_login (type: string), c_email_address (type: string)
                      outputColumnNames: _col0, _col1, _col2, _col3, _col4, _col5, _col6, _col7
                      Statistics: Num rows: 1000 Data size: 660000 Basic stats: COMPLETE Column stats: COMPLETE
                      Reduce Output Operator
                        key expressions: _col0 (type: bigint)
                        sort order: +
                        Map-reduce partition columns: _col0 (type: bigint)
                        Statistics: Num rows: 1000 Data size: 660000 Basic stats: COMPLETE Column stats: COMPLETE
                        value expressions: _col1 (type: string), _col2 (type: string), _col3 (type: string), _col4 (type: string), _col5 (type: string), _col6 (type: string), _col7 (type: string)
                      Select Operator
                        expressions: _col0 (type: bigint)
                        outputColumnNames: _col0
                        Statistics: Num rows: 1000 Data size: 8000 Basic stats: COMPLETE Column stats: COMPLETE
                        Group By Operator
                          aggregations: min(_col0), max(_col0), bloom_filter(_col0, expectedEntries=1000000)
                          mode: hash
                          outputColumnNames: _col0, _col1, _col2
                          Statistics: Num rows: 1 Data size: 24 Basic stats: COMPLETE Column stats: COMPLETE
                          Reduce Output Operator
                            sort order: 
                            Statistics: Num rows: 1 Data size: 24 Basic stats: COMPLETE Column stats: COMPLETE
                            value expressions: _col0 (type: bigint), _col1 (type: bigint), _col2 (type: binary)
                  Filter Operator
                    predicate: (c_customer_sk is not null and c_customer_id is not null) (type: boolean)
                    Statistics: Num rows: 1000 Data size: 660000 Basic stats: COMPLETE Column stats: COMPLETE
                    Select Operator
                      expressions: c_customer_sk (type: bigint), c_customer_id (type: string), c_first_name (type: string), c_last_name (type: string), c_preferred_cust_flag (type: string), c_birth_country (type: string), c_login (type: string), c_email_address (type: string)
                      outputColumnNames: _col0, _col1, _col2, _col3, _col4, _col5, _col6, _col7
                      Statistics: Num rows: 1000 Data size: 660000 Basic stats: COMPLETE Column stats: COMPLETE
                      Reduce Output Operator
                        key expressions: _col0 (type: bigint)
                        sort order: +
                        Map-reduce partition columns: _col0 (type: bigint)
                        Statistics: Num rows: 1000 Data size: 660000 Basic stats: COMPLETE Column stats: COMPLETE
                        value expressions: _col1 (type: string), _col2 (type: string), _col3 (type: string), _col4 (type: string), _col5 (type: string), _col6 (type: string), _col7 (type: string)
                      Select Operator
                        expressions: _col0 (type: bigint)
                        outputColumnNames: _col0
                        Statistics: Num rows: 1000 Data size: 8000 Basic stats: COMPLETE Column stats: COMPLETE
                        Group By Operator
                          aggregations: min(_col0), max(_col0), bloom_filter(_col0, expectedEntries=1000000)
                          mode: hash
                          outputColumnNames: _col0, _col1, _col2
                          Statistics: Num rows: 1 Data size: 24 Basic stats: COMPLETE Column stats: COMPLETE
                          Reduce Output Operator
                            sort order: 
                            Statistics: Num rows: 1 Data size: 24 Basic stats: COMPLETE Column stats: COMPLETE
                            value expressions: _col0 (type: bigint), _col1 (type: bigint), _col2 (type: binary)
                  Filter Operator
                    predicate: (c_customer_sk is not null and c_customer_id is not null) (type: boolean)
                    Statistics: Num rows: 1000 Data size: 660000 Basic stats: COMPLETE Column stats: COMPLETE
                    Select Operator
                      expressions: c_customer_sk (type: bigint), c_customer_id (type: string), c_first_name (type: string), c_last_name (type: string), c_preferred_cust_flag (type: string), c_birth_country (type: string), c_login (type: string), c_email_address (type: string)
                      outputColumnNames: _col0, _col1, _col2, _col3, _col4, _col5, _col6, _col7
                      Statistics: Num rows: 1000 Data size: 660000 Basic stats: COMPLETE Column stats: COMPLETE
                      Reduce Output Operator
                        key expressions: _col0 (type: bigint)
                        sort order: +
                        Map-reduce partition columns: _col0 (type: bigint)
                        Statistics: Num rows: 1000 Data size: 660000 Basic stats: COMPLETE Column stats: COMPLETE
                        value expressions: _col1 (type: string), _col2 (type: string), _col3 (type: string), _col4 (type: string), _col5 (type: string), _col6 (type: string), _col7 (type: string)
                      Select Operator
                        expressions: _col0 (type: bigint)
                        outputColumnNames: _col0
                        Statistics: Num rows: 1000 Data size: 8000 Basic stats: COMPLETE Column stats: COMPLETE
                        Group By Operator
                          aggregations: min(_col0), max(_col0), bloom_filter(_col0, expectedEntries=1000000)
                          mode: hash
                          outputColumnNames: _col0, _col1, _col2
                          Statistics: Num rows: 1 Data size: 24 Basic stats: COMPLETE Column stats: COMPLETE
                          Reduce Output Operator
                            sort order: 
                            Statistics: Num rows: 1 Data size: 24 Basic stats: COMPLETE Column stats: COMPLETE
                            value expressions: _col0 (type: bigint), _col1 (type: bigint), _col2 (type: binary)
                  Filter Operator
                    predicate: (c_customer_sk is not null and c_customer_id is not null) (type: boolean)
                    Statistics: Num rows: 1000 Data size: 660000 Basic stats: COMPLETE Column stats: COMPLETE
                    Select Operator
                      expressions: c_customer_sk (type: bigint), c_customer_id (type: string), c_first_name (type: string), c_last_name (type: string), c_preferred_cust_flag (type: string), c_birth_country (type: string), c_login (type: string), c_email_address (type: string)
                      outputColumnNames: _col0, _col1, _col2, _col3, _col4, _col5, _col6, _col7
                      Statistics: Num rows: 1000 Data size: 660000 Basic stats: COMPLETE Column stats: COMPLETE
                      Reduce Output Operator
                        key expressions: _col0 (type: bigint)
                        sort order: +
                        Map-reduce partition columns: _col0 (type: bigint)
                        Statistics: Num rows: 1000 Data size: 660000 Basic stats: COMPLETE Column stats: COMPLETE
                        value expressions: _col1 (type: string), _col2 (type: string), _col3 (type: string), _col4 (type: string), _col5 (type: string), _col6 (type: string), _col7 (type: string)
                      Select Operator
                        expressions: _col0 (type: bigint)
                        outputColumnNames: _col0
                        Statistics: Num rows: 1000 Data size: 8000 Basic stats: COMPLETE Column stats: COMPLETE
                        Group By Operator
                          aggregations: min(_col0), max(_col0), bloom_filter(_col0, expectedEntries=1000000)
                          mode: hash
                          outputColumnNames: _col0, _col1, _col2
                          Statistics: Num rows: 1 Data size: 24 Basic stats: COMPLETE Column stats: COMPLETE
                          Reduce Output Operator
                            sort order: 
                            Statistics: Num rows: 1 Data size: 24 Basic stats: COMPLETE Column stats: COMPLETE
                            value expressions: _col0 (type: bigint), _col1 (type: bigint), _col2 (type: binary)
                  Filter Operator
                    predicate: (c_customer_sk is not null and c_customer_id is not null) (type: boolean)
                    Statistics: Num rows: 1000 Data size: 660000 Basic stats: COMPLETE Column stats: COMPLETE
                    Select Operator
                      expressions: c_customer_sk (type: bigint), c_customer_id (type: string), c_first_name (type: string), c_last_name (type: string), c_preferred_cust_flag (type: string), c_birth_country (type: string), c_login (type: string), c_email_address (type: string)
                      outputColumnNames: _col0, _col1, _col2, _col3, _col4, _col5, _col6, _col7
                      Statistics: Num rows: 1000 Data size: 660000 Basic stats: COMPLETE Column stats: COMPLETE
                      Reduce Output Operator
                        key expressions: _col0 (type: bigint)
                        sort order: +
                        Map-reduce partition columns: _col0 (type: bigint)
                        Statistics: Num rows: 1000 Data size: 660000 Basic stats: COMPLETE Column stats: COMPLETE
                        value expressions: _col1 (type: string), _col2 (type: string), _col3 (type: string), _col4 (type: string), _col5 (type: string), _col6 (type: string), _col7 (type: string)
                      Select Operator
                        expressions: _col0 (type: bigint)
                        outputColumnNames: _col0
                        Statistics: Num rows: 1000 Data size: 8000 Basic stats: COMPLETE Column stats: COMPLETE
                        Group By Operator
                          aggregations: min(_col0), max(_col0), bloom_filter(_col0, expectedEntries=1000000)
                          mode: hash
                          outputColumnNames: _col0, _col1, _col2
                          Statistics: Num rows: 1 Data size: 24 Basic stats: COMPLETE Column stats: COMPLETE
                          Reduce Output Operator
                            sort order: 
                            Statistics: Num rows: 1 Data size: 24 Basic stats: COMPLETE Column stats: COMPLETE
                            value expressions: _col0 (type: bigint), _col1 (type: bigint), _col2 (type: binary)
                  Filter Operator
                    predicate: (c_customer_sk is not null and c_customer_id is not null) (type: boolean)
                    Statistics: Num rows: 1000 Data size: 660000 Basic stats: COMPLETE Column stats: COMPLETE
                    Select Operator
                      expressions: c_customer_sk (type: bigint), c_customer_id (type: string), c_first_name (type: string), c_last_name (type: string), c_preferred_cust_flag (type: string), c_birth_country (type: string), c_login (type: string), c_email_address (type: string)
                      outputColumnNames: _col0, _col1, _col2, _col3, _col4, _col5, _col6, _col7
                      Statistics: Num rows: 1000 Data size: 660000 Basic stats: COMPLETE Column stats: COMPLETE
                      Reduce Output Operator
                        key expressions: _col0 (type: bigint)
                        sort order: +
                        Map-reduce partition columns: _col0 (type: bigint)
                        Statistics: Num rows: 1000 Data size: 660000 Basic stats: COMPLETE Column stats: COMPLETE
                        value expressions: _col1 (type: string), _col2 (type: string), _col3 (type: string), _col4 (type: string), _col5 (type: string), _col6 (type: string), _col7 (type: string)
                      Select Operator
                        expressions: _col0 (type: bigint)
                        outputColumnNames: _col0
                        Statistics: Num rows: 1000 Data size: 8000 Basic stats: COMPLETE Column stats: COMPLETE
                        Group By Operator
                          aggregations: min(_col0), max(_col0), bloom_filter(_col0, expectedEntries=1000000)
                          mode: hash
                          outputColumnNames: _col0, _col1, _col2
                          Statistics: Num rows: 1 Data size: 24 Basic stats: COMPLETE Column stats: COMPLETE
                          Reduce Output Operator
                            sort order: 
                            Statistics: Num rows: 1 Data size: 24 Basic stats: COMPLETE Column stats: COMPLETE
                            value expressions: _col0 (type: bigint), _col1 (type: bigint), _col2 (type: binary)
            Execution mode: vectorized, llap
            LLAP IO: all inputs
        Map 2 
            Map Operator Tree:
                TableScan
                  alias: date_dim
                  filterExpr: (((d_year = 2002) and d_date_sk is not null) or ((d_year = 2001) and d_date_sk is not null)) (type: boolean)
                  Statistics: Num rows: 73049 Data size: 876588 Basic stats: COMPLETE Column stats: COMPLETE
                  Filter Operator
                    predicate: false (type: boolean)
                    Statistics: Num rows: 1 Data size: 12 Basic stats: COMPLETE Column stats: COMPLETE
                    Select Operator
                      expressions: d_date_sk (type: bigint), d_year (type: int)
                      outputColumnNames: _col0, _col1
                      Statistics: Num rows: 1 Data size: 12 Basic stats: COMPLETE Column stats: COMPLETE
                      Map Join Operator
                        condition map:
                             Inner Join 0 to 1
                        keys:
                          0 _col5 (type: bigint)
                          1 _col0 (type: bigint)
                        outputColumnNames: _col0, _col1, _col2, _col3, _col4, _col7
                        input vertices:
                          0 Map 1
                        Statistics: Num rows: 1 Data size: 44 Basic stats: COMPLETE Column stats: PARTIAL
                        Map Join Operator
                          condition map:
                               Inner Join 0 to 1
                          keys:
                            0 _col0 (type: bigint)
                            1 _col0 (type: bigint)
                          outputColumnNames: _col1, _col2, _col3, _col4, _col7, _col9, _col10, _col11, _col12, _col13, _col14, _col15
                          input vertices:
                            1 Map 18
                          Statistics: Num rows: 1 Data size: 688 Basic stats: COMPLETE Column stats: PARTIAL
                          Select Operator
                            expressions: _col9 (type: string), _col10 (type: string), _col11 (type: string), _col12 (type: string), _col13 (type: string), _col14 (type: string), _col15 (type: string), _col7 (type: int), ((((_col4 - _col3) - _col1) + _col2) / 2.0) (type: double)
                            outputColumnNames: _col0, _col1, _col2, _col3, _col4, _col5, _col6, _col7, _col8
                            Statistics: Num rows: 1 Data size: 688 Basic stats: COMPLETE Column stats: PARTIAL
                            Group By Operator
                              aggregations: sum(_col8)
                              keys: _col0 (type: string), _col1 (type: string), _col2 (type: string), _col3 (type: string), _col4 (type: string), _col5 (type: string), _col6 (type: string), _col7 (type: int)
                              mode: hash
                              outputColumnNames: _col0, _col1, _col2, _col3, _col4, _col5, _col6, _col7, _col8
                              Statistics: Num rows: 1 Data size: 664 Basic stats: COMPLETE Column stats: PARTIAL
                              Reduce Output Operator
                                key expressions: _col0 (type: string), _col1 (type: string), _col2 (type: string), _col3 (type: string), _col4 (type: string), _col5 (type: string), _col6 (type: string), _col7 (type: int)
                                sort order: ++++++++
                                Map-reduce partition columns: _col0 (type: string), _col1 (type: string), _col2 (type: string), _col3 (type: string), _col4 (type: string), _col5 (type: string), _col6 (type: string), _col7 (type: int)
                                Statistics: Num rows: 1 Data size: 664 Basic stats: COMPLETE Column stats: PARTIAL
                                value expressions: _col8 (type: double)
                  Filter Operator
                    predicate: ((d_year = 2002) and d_date_sk is not null) (type: boolean)
                    Statistics: Num rows: 652 Data size: 7824 Basic stats: COMPLETE Column stats: COMPLETE
                    Select Operator
                      expressions: d_date_sk (type: bigint)
                      outputColumnNames: _col0
                      Statistics: Num rows: 652 Data size: 7824 Basic stats: COMPLETE Column stats: COMPLETE
                      Reduce Output Operator
                        key expressions: _col0 (type: bigint)
                        sort order: +
                        Map-reduce partition columns: _col0 (type: bigint)
                        Statistics: Num rows: 652 Data size: 7824 Basic stats: COMPLETE Column stats: COMPLETE
                      Select Operator
                        expressions: _col0 (type: bigint)
                        outputColumnNames: _col0
                        Statistics: Num rows: 652 Data size: 7824 Basic stats: COMPLETE Column stats: COMPLETE
                        Group By Operator
                          keys: _col0 (type: bigint)
                          mode: hash
                          outputColumnNames: _col0
                          Statistics: Num rows: 326 Data size: 3912 Basic stats: COMPLETE Column stats: COMPLETE
                          Dynamic Partitioning Event Operator
                            Target column: ws_sold_date_sk (bigint)
                            Target Input: web_sales
                            Partition key expr: ws_sold_date_sk
                            Statistics: Num rows: 326 Data size: 3912 Basic stats: COMPLETE Column stats: COMPLETE
                            Target Vertex: Map 33
                  Filter Operator
                    predicate: ((d_year = 2001) and d_date_sk is not null) (type: boolean)
                    Statistics: Num rows: 652 Data size: 7824 Basic stats: COMPLETE Column stats: COMPLETE
                    Select Operator
                      expressions: d_date_sk (type: bigint)
                      outputColumnNames: _col0
                      Statistics: Num rows: 652 Data size: 7824 Basic stats: COMPLETE Column stats: COMPLETE
                      Reduce Output Operator
                        key expressions: _col0 (type: bigint)
                        sort order: +
                        Map-reduce partition columns: _col0 (type: bigint)
                        Statistics: Num rows: 652 Data size: 7824 Basic stats: COMPLETE Column stats: COMPLETE
                      Select Operator
                        expressions: _col0 (type: bigint)
                        outputColumnNames: _col0
                        Statistics: Num rows: 652 Data size: 7824 Basic stats: COMPLETE Column stats: COMPLETE
                        Group By Operator
                          keys: _col0 (type: bigint)
                          mode: hash
                          outputColumnNames: _col0
                          Statistics: Num rows: 326 Data size: 3912 Basic stats: COMPLETE Column stats: COMPLETE
                          Dynamic Partitioning Event Operator
                            Target column: ss_sold_date_sk (bigint)
                            Target Input: store_sales
                            Partition key expr: ss_sold_date_sk
                            Statistics: Num rows: 326 Data size: 3912 Basic stats: COMPLETE Column stats: COMPLETE
                            Target Vertex: Map 35
                  Filter Operator
                    predicate: false (type: boolean)
                    Statistics: Num rows: 1 Data size: 12 Basic stats: COMPLETE Column stats: COMPLETE
                    Select Operator
                      expressions: d_date_sk (type: bigint), d_year (type: int)
                      outputColumnNames: _col0, _col1
                      Statistics: Num rows: 1 Data size: 12 Basic stats: COMPLETE Column stats: COMPLETE
                      Map Join Operator
                        condition map:
                             Inner Join 0 to 1
                        keys:
                          0 _col5 (type: bigint)
                          1 _col0 (type: bigint)
                        outputColumnNames: _col0, _col1, _col2, _col3, _col4, _col7
                        input vertices:
                          0 Map 25
                        Statistics: Num rows: 1 Data size: 44 Basic stats: COMPLETE Column stats: PARTIAL
                        Map Join Operator
                          condition map:
                               Inner Join 0 to 1
                          keys:
                            0 _col0 (type: bigint)
                            1 _col0 (type: bigint)
                          outputColumnNames: _col1, _col2, _col3, _col4, _col7, _col9, _col10, _col11, _col12, _col13, _col14, _col15
                          input vertices:
                            1 Map 37
                          Statistics: Num rows: 1 Data size: 688 Basic stats: COMPLETE Column stats: PARTIAL
                          Select Operator
                            expressions: _col9 (type: string), _col10 (type: string), _col11 (type: string), _col12 (type: string), _col13 (type: string), _col14 (type: string), _col15 (type: string), _col7 (type: int), ((((_col4 - _col3) - _col1) + _col2) / 2.0) (type: double)
                            outputColumnNames: _col0, _col1, _col2, _col3, _col4, _col5, _col6, _col7, _col8
                            Statistics: Num rows: 1 Data size: 688 Basic stats: COMPLETE Column stats: PARTIAL
                            Group By Operator
                              aggregations: sum(_col8)
                              keys: _col0 (type: string), _col1 (type: string), _col2 (type: string), _col3 (type: string), _col4 (type: string), _col5 (type: string), _col6 (type: string), _col7 (type: int)
                              mode: hash
                              outputColumnNames: _col0, _col1, _col2, _col3, _col4, _col5, _col6, _col7, _col8
                              Statistics: Num rows: 1 Data size: 664 Basic stats: COMPLETE Column stats: PARTIAL
                              Reduce Output Operator
                                key expressions: _col0 (type: string), _col1 (type: string), _col2 (type: string), _col3 (type: string), _col4 (type: string), _col5 (type: string), _col6 (type: string), _col7 (type: int)
                                sort order: ++++++++
                                Map-reduce partition columns: _col0 (type: string), _col1 (type: string), _col2 (type: string), _col3 (type: string), _col4 (type: string), _col5 (type: string), _col6 (type: string), _col7 (type: int)
                                Statistics: Num rows: 1 Data size: 664 Basic stats: COMPLETE Column stats: PARTIAL
                                value expressions: _col8 (type: double)
                  Filter Operator
                    predicate: false (type: boolean)
                    Statistics: Num rows: 1 Data size: 12 Basic stats: COMPLETE Column stats: COMPLETE
                    Select Operator
                      expressions: d_date_sk (type: bigint), d_year (type: int)
                      outputColumnNames: _col0, _col1
                      Statistics: Num rows: 1 Data size: 12 Basic stats: COMPLETE Column stats: COMPLETE
                      Map Join Operator
                        condition map:
                             Inner Join 0 to 1
                        keys:
                          0 _col5 (type: bigint)
                          1 _col0 (type: bigint)
                        outputColumnNames: _col0, _col1, _col2, _col3, _col4, _col7
                        input vertices:
                          0 Map 39
                        Statistics: Num rows: 1 Data size: 44 Basic stats: COMPLETE Column stats: PARTIAL
                        Map Join Operator
                          condition map:
                               Inner Join 0 to 1
                          keys:
                            0 _col0 (type: bigint)
                            1 _col0 (type: bigint)
                          outputColumnNames: _col1, _col2, _col3, _col4, _col7, _col9, _col10, _col11, _col12, _col13, _col14, _col15
                          input vertices:
                            1 Map 40
                          Statistics: Num rows: 1 Data size: 688 Basic stats: COMPLETE Column stats: PARTIAL
                          Select Operator
                            expressions: _col9 (type: string), _col10 (type: string), _col11 (type: string), _col12 (type: string), _col13 (type: string), _col14 (type: string), _col15 (type: string), _col7 (type: int), ((((_col4 - _col3) - _col1) + _col2) / 2.0) (type: double)
                            outputColumnNames: _col0, _col1, _col2, _col3, _col4, _col5, _col6, _col7, _col8
                            Statistics: Num rows: 1 Data size: 688 Basic stats: COMPLETE Column stats: PARTIAL
                            Group By Operator
                              aggregations: sum(_col8)
                              keys: _col0 (type: string), _col1 (type: string), _col2 (type: string), _col3 (type: string), _col4 (type: string), _col5 (type: string), _col6 (type: string), _col7 (type: int)
                              mode: hash
                              outputColumnNames: _col0, _col1, _col2, _col3, _col4, _col5, _col6, _col7, _col8
                              Statistics: Num rows: 1 Data size: 664 Basic stats: COMPLETE Column stats: PARTIAL
                              Reduce Output Operator
                                key expressions: _col0 (type: string), _col1 (type: string), _col2 (type: string), _col3 (type: string), _col4 (type: string), _col5 (type: string), _col6 (type: string), _col7 (type: int)
                                sort order: ++++++++
                                Map-reduce partition columns: _col0 (type: string), _col1 (type: string), _col2 (type: string), _col3 (type: string), _col4 (type: string), _col5 (type: string), _col6 (type: string), _col7 (type: int)
                                Statistics: Num rows: 1 Data size: 664 Basic stats: COMPLETE Column stats: PARTIAL
                                value expressions: _col8 (type: double)
                  Filter Operator
                    predicate: ((d_year = 2001) and d_date_sk is not null) (type: boolean)
                    Statistics: Num rows: 652 Data size: 7824 Basic stats: COMPLETE Column stats: COMPLETE
                    Select Operator
                      expressions: d_date_sk (type: bigint)
                      outputColumnNames: _col0
                      Statistics: Num rows: 652 Data size: 7824 Basic stats: COMPLETE Column stats: COMPLETE
                      Reduce Output Operator
                        key expressions: _col0 (type: bigint)
                        sort order: +
                        Map-reduce partition columns: _col0 (type: bigint)
                        Statistics: Num rows: 652 Data size: 7824 Basic stats: COMPLETE Column stats: COMPLETE
                      Select Operator
                        expressions: _col0 (type: bigint)
                        outputColumnNames: _col0
                        Statistics: Num rows: 652 Data size: 7824 Basic stats: COMPLETE Column stats: COMPLETE
                        Group By Operator
                          keys: _col0 (type: bigint)
                          mode: hash
                          outputColumnNames: _col0
                          Statistics: Num rows: 326 Data size: 3912 Basic stats: COMPLETE Column stats: COMPLETE
                          Dynamic Partitioning Event Operator
                            Target column: cs_sold_date_sk (bigint)
                            Target Input: catalog_sales
                            Partition key expr: cs_sold_date_sk
                            Statistics: Num rows: 326 Data size: 3912 Basic stats: COMPLETE Column stats: COMPLETE
                            Target Vertex: Map 41
                  Filter Operator
                    predicate: false (type: boolean)
                    Statistics: Num rows: 1 Data size: 12 Basic stats: COMPLETE Column stats: COMPLETE
                    Select Operator
                      expressions: d_date_sk (type: bigint), d_year (type: int)
                      outputColumnNames: _col0, _col1
                      Statistics: Num rows: 1 Data size: 12 Basic stats: COMPLETE Column stats: COMPLETE
                      Map Join Operator
                        condition map:
                             Inner Join 0 to 1
                        keys:
                          0 _col5 (type: bigint)
                          1 _col0 (type: bigint)
                        outputColumnNames: _col0, _col1, _col2, _col3, _col4, _col7
                        input vertices:
                          0 Map 44
                        Statistics: Num rows: 1 Data size: 44 Basic stats: COMPLETE Column stats: PARTIAL
                        Map Join Operator
                          condition map:
                               Inner Join 0 to 1
                          keys:
                            0 _col0 (type: bigint)
                            1 _col0 (type: bigint)
                          outputColumnNames: _col1, _col2, _col3, _col4, _col7, _col9, _col10, _col11, _col12, _col13, _col14, _col15
                          input vertices:
                            1 Map 45
                          Statistics: Num rows: 1 Data size: 688 Basic stats: COMPLETE Column stats: PARTIAL
                          Select Operator
                            expressions: _col9 (type: string), _col10 (type: string), _col11 (type: string), _col12 (type: string), _col13 (type: string), _col14 (type: string), _col15 (type: string), _col7 (type: int), ((((_col4 - _col3) - _col1) + _col2) / 2.0) (type: double)
                            outputColumnNames: _col0, _col1, _col2, _col3, _col4, _col5, _col6, _col7, _col8
                            Statistics: Num rows: 1 Data size: 688 Basic stats: COMPLETE Column stats: PARTIAL
                            Group By Operator
                              aggregations: sum(_col8)
                              keys: _col0 (type: string), _col1 (type: string), _col2 (type: string), _col3 (type: string), _col4 (type: string), _col5 (type: string), _col6 (type: string), _col7 (type: int)
                              mode: hash
                              outputColumnNames: _col0, _col1, _col2, _col3, _col4, _col5, _col6, _col7, _col8
                              Statistics: Num rows: 1 Data size: 664 Basic stats: COMPLETE Column stats: PARTIAL
                              Reduce Output Operator
                                key expressions: _col0 (type: string), _col1 (type: string), _col2 (type: string), _col3 (type: string), _col4 (type: string), _col5 (type: string), _col6 (type: string), _col7 (type: int)
                                sort order: ++++++++
                                Map-reduce partition columns: _col0 (type: string), _col1 (type: string), _col2 (type: string), _col3 (type: string), _col4 (type: string), _col5 (type: string), _col6 (type: string), _col7 (type: int)
                                Statistics: Num rows: 1 Data size: 664 Basic stats: COMPLETE Column stats: PARTIAL
                                value expressions: _col8 (type: double)
                  Filter Operator
                    predicate: ((d_year = 2002) and d_date_sk is not null) (type: boolean)
                    Statistics: Num rows: 652 Data size: 7824 Basic stats: COMPLETE Column stats: COMPLETE
                    Select Operator
                      expressions: d_date_sk (type: bigint)
                      outputColumnNames: _col0
                      Statistics: Num rows: 652 Data size: 7824 Basic stats: COMPLETE Column stats: COMPLETE
                      Reduce Output Operator
                        key expressions: _col0 (type: bigint)
                        sort order: +
                        Map-reduce partition columns: _col0 (type: bigint)
                        Statistics: Num rows: 652 Data size: 7824 Basic stats: COMPLETE Column stats: COMPLETE
                      Select Operator
                        expressions: _col0 (type: bigint)
                        outputColumnNames: _col0
                        Statistics: Num rows: 652 Data size: 7824 Basic stats: COMPLETE Column stats: COMPLETE
                        Group By Operator
                          keys: _col0 (type: bigint)
                          mode: hash
                          outputColumnNames: _col0
                          Statistics: Num rows: 326 Data size: 3912 Basic stats: COMPLETE Column stats: COMPLETE
                          Dynamic Partitioning Event Operator
                            Target column: cs_sold_date_sk (bigint)
                            Target Input: catalog_sales
                            Partition key expr: cs_sold_date_sk
                            Statistics: Num rows: 326 Data size: 3912 Basic stats: COMPLETE Column stats: COMPLETE
                            Target Vertex: Map 46
                  Filter Operator
                    predicate: ((d_year = 2002) and d_date_sk is not null) (type: boolean)
                    Statistics: Num rows: 652 Data size: 7824 Basic stats: COMPLETE Column stats: COMPLETE
                    Select Operator
                      expressions: d_date_sk (type: bigint)
                      outputColumnNames: _col0
                      Statistics: Num rows: 652 Data size: 7824 Basic stats: COMPLETE Column stats: COMPLETE
                      Reduce Output Operator
                        key expressions: _col0 (type: bigint)
                        sort order: +
                        Map-reduce partition columns: _col0 (type: bigint)
                        Statistics: Num rows: 652 Data size: 7824 Basic stats: COMPLETE Column stats: COMPLETE
                      Select Operator
                        expressions: _col0 (type: bigint)
                        outputColumnNames: _col0
                        Statistics: Num rows: 652 Data size: 7824 Basic stats: COMPLETE Column stats: COMPLETE
                        Group By Operator
                          keys: _col0 (type: bigint)
                          mode: hash
                          outputColumnNames: _col0
                          Statistics: Num rows: 326 Data size: 3912 Basic stats: COMPLETE Column stats: COMPLETE
                          Dynamic Partitioning Event Operator
                            Target column: ss_sold_date_sk (bigint)
                            Target Input: store_sales
                            Partition key expr: ss_sold_date_sk
                            Statistics: Num rows: 326 Data size: 3912 Basic stats: COMPLETE Column stats: COMPLETE
                            Target Vertex: Map 49
                  Filter Operator
                    predicate: false (type: boolean)
                    Statistics: Num rows: 1 Data size: 12 Basic stats: COMPLETE Column stats: COMPLETE
                    Select Operator
                      expressions: d_date_sk (type: bigint), d_year (type: int)
                      outputColumnNames: _col0, _col1
                      Statistics: Num rows: 1 Data size: 12 Basic stats: COMPLETE Column stats: COMPLETE
                      Map Join Operator
                        condition map:
                             Inner Join 0 to 1
                        keys:
                          0 _col5 (type: bigint)
                          1 _col0 (type: bigint)
                        outputColumnNames: _col0, _col1, _col2, _col3, _col4, _col7
                        input vertices:
                          0 Map 51
                        Statistics: Num rows: 1 Data size: 44 Basic stats: COMPLETE Column stats: PARTIAL
                        Map Join Operator
                          condition map:
                               Inner Join 0 to 1
                          keys:
                            0 _col0 (type: bigint)
                            1 _col0 (type: bigint)
                          outputColumnNames: _col1, _col2, _col3, _col4, _col7, _col9, _col10, _col11, _col12, _col13, _col14, _col15
                          input vertices:
                            1 Map 52
                          Statistics: Num rows: 1 Data size: 688 Basic stats: COMPLETE Column stats: PARTIAL
                          Select Operator
                            expressions: _col9 (type: string), _col10 (type: string), _col11 (type: string), _col12 (type: string), _col13 (type: string), _col14 (type: string), _col15 (type: string), _col7 (type: int), ((((_col4 - _col3) - _col1) + _col2) / 2.0) (type: double)
                            outputColumnNames: _col0, _col1, _col2, _col3, _col4, _col5, _col6, _col7, _col8
                            Statistics: Num rows: 1 Data size: 688 Basic stats: COMPLETE Column stats: PARTIAL
                            Group By Operator
                              aggregations: sum(_col8)
                              keys: _col0 (type: string), _col1 (type: string), _col2 (type: string), _col3 (type: string), _col4 (type: string), _col5 (type: string), _col6 (type: string), _col7 (type: int)
                              mode: hash
                              outputColumnNames: _col0, _col1, _col2, _col3, _col4, _col5, _col6, _col7, _col8
                              Statistics: Num rows: 1 Data size: 664 Basic stats: COMPLETE Column stats: PARTIAL
                              Reduce Output Operator
                                key expressions: _col0 (type: string), _col1 (type: string), _col2 (type: string), _col3 (type: string), _col4 (type: string), _col5 (type: string), _col6 (type: string), _col7 (type: int)
                                sort order: ++++++++
                                Map-reduce partition columns: _col0 (type: string), _col1 (type: string), _col2 (type: string), _col3 (type: string), _col4 (type: string), _col5 (type: string), _col6 (type: string), _col7 (type: int)
                                Statistics: Num rows: 1 Data size: 664 Basic stats: COMPLETE Column stats: PARTIAL
                                value expressions: _col8 (type: double)
                  Filter Operator
                    predicate: false (type: boolean)
                    Statistics: Num rows: 1 Data size: 12 Basic stats: COMPLETE Column stats: COMPLETE
                    Select Operator
                      expressions: d_date_sk (type: bigint), d_year (type: int)
                      outputColumnNames: _col0, _col1
                      Statistics: Num rows: 1 Data size: 12 Basic stats: COMPLETE Column stats: COMPLETE
                      Map Join Operator
                        condition map:
                             Inner Join 0 to 1
                        keys:
                          0 _col5 (type: bigint)
                          1 _col0 (type: bigint)
                        outputColumnNames: _col0, _col1, _col2, _col3, _col4, _col7
                        input vertices:
                          0 Map 54
                        Statistics: Num rows: 1 Data size: 44 Basic stats: COMPLETE Column stats: PARTIAL
                        Map Join Operator
                          condition map:
                               Inner Join 0 to 1
                          keys:
                            0 _col0 (type: bigint)
                            1 _col0 (type: bigint)
                          outputColumnNames: _col1, _col2, _col3, _col4, _col7, _col9, _col10, _col11, _col12, _col13, _col14, _col15
                          input vertices:
                            1 Map 55
                          Statistics: Num rows: 1 Data size: 688 Basic stats: COMPLETE Column stats: PARTIAL
                          Select Operator
                            expressions: _col9 (type: string), _col10 (type: string), _col11 (type: string), _col12 (type: string), _col13 (type: string), _col14 (type: string), _col15 (type: string), _col7 (type: int), ((((_col4 - _col3) - _col1) + _col2) / 2.0) (type: double)
                            outputColumnNames: _col0, _col1, _col2, _col3, _col4, _col5, _col6, _col7, _col8
                            Statistics: Num rows: 1 Data size: 688 Basic stats: COMPLETE Column stats: PARTIAL
                            Group By Operator
                              aggregations: sum(_col8)
                              keys: _col0 (type: string), _col1 (type: string), _col2 (type: string), _col3 (type: string), _col4 (type: string), _col5 (type: string), _col6 (type: string), _col7 (type: int)
                              mode: hash
                              outputColumnNames: _col0, _col1, _col2, _col3, _col4, _col5, _col6, _col7, _col8
                              Statistics: Num rows: 1 Data size: 664 Basic stats: COMPLETE Column stats: PARTIAL
                              Reduce Output Operator
                                key expressions: _col0 (type: string), _col1 (type: string), _col2 (type: string), _col3 (type: string), _col4 (type: string), _col5 (type: string), _col6 (type: string), _col7 (type: int)
                                sort order: ++++++++
                                Map-reduce partition columns: _col0 (type: string), _col1 (type: string), _col2 (type: string), _col3 (type: string), _col4 (type: string), _col5 (type: string), _col6 (type: string), _col7 (type: int)
                                Statistics: Num rows: 1 Data size: 664 Basic stats: COMPLETE Column stats: PARTIAL
                                value expressions: _col8 (type: double)
                  Filter Operator
                    predicate: ((d_year = 2001) and d_date_sk is not null) (type: boolean)
                    Statistics: Num rows: 652 Data size: 7824 Basic stats: COMPLETE Column stats: COMPLETE
                    Select Operator
                      expressions: d_date_sk (type: bigint)
                      outputColumnNames: _col0
                      Statistics: Num rows: 652 Data size: 7824 Basic stats: COMPLETE Column stats: COMPLETE
                      Reduce Output Operator
                        key expressions: _col0 (type: bigint)
                        sort order: +
                        Map-reduce partition columns: _col0 (type: bigint)
                        Statistics: Num rows: 652 Data size: 7824 Basic stats: COMPLETE Column stats: COMPLETE
                      Select Operator
                        expressions: _col0 (type: bigint)
                        outputColumnNames: _col0
                        Statistics: Num rows: 652 Data size: 7824 Basic stats: COMPLETE Column stats: COMPLETE
                        Group By Operator
                          keys: _col0 (type: bigint)
                          mode: hash
                          outputColumnNames: _col0
                          Statistics: Num rows: 326 Data size: 3912 Basic stats: COMPLETE Column stats: COMPLETE
                          Dynamic Partitioning Event Operator
                            Target column: ws_sold_date_sk (bigint)
                            Target Input: web_sales
                            Partition key expr: ws_sold_date_sk
                            Statistics: Num rows: 326 Data size: 3912 Basic stats: COMPLETE Column stats: COMPLETE
                            Target Vertex: Map 56
            Execution mode: vectorized, llap
            LLAP IO: all inputs
        Map 25 
            Map Operator Tree:
                TableScan
                  alias: catalog_sales
                  Statistics: Num rows: 1 Data size: 8 Basic stats: COMPLETE Column stats: PARTIAL
                  Filter Operator
                    predicate: false (type: boolean)
                    Statistics: Num rows: 1 Data size: 8 Basic stats: COMPLETE Column stats: PARTIAL
                    Select Operator
                      expressions: cs_bill_customer_sk (type: bigint), cs_ext_discount_amt (type: double), cs_ext_sales_price (type: double), cs_ext_wholesale_cost (type: double), cs_ext_list_price (type: double), cs_sold_date_sk (type: bigint)
                      outputColumnNames: _col0, _col1, _col2, _col3, _col4, _col5
                      Statistics: Num rows: 1 Data size: 8 Basic stats: COMPLETE Column stats: PARTIAL
                      Reduce Output Operator
                        key expressions: _col5 (type: bigint)
                        sort order: +
                        Map-reduce partition columns: _col5 (type: bigint)
                        Statistics: Num rows: 1 Data size: 8 Basic stats: COMPLETE Column stats: PARTIAL
                        value expressions: _col0 (type: bigint), _col1 (type: double), _col2 (type: double), _col3 (type: double), _col4 (type: double)
                  Filter Operator
                    predicate: false (type: boolean)
                    Statistics: Num rows: 1 Data size: 8 Basic stats: COMPLETE Column stats: PARTIAL
                    Select Operator
                      expressions: cs_bill_customer_sk (type: bigint), cs_ext_discount_amt (type: double), cs_ext_sales_price (type: double), cs_ext_wholesale_cost (type: double), cs_ext_list_price (type: double), cs_sold_date_sk (type: bigint)
                      outputColumnNames: _col0, _col1, _col2, _col3, _col4, _col5
                      Statistics: Num rows: 1 Data size: 8 Basic stats: COMPLETE Column stats: PARTIAL
                      Reduce Output Operator
                        key expressions: _col5 (type: bigint)
                        sort order: +
                        Map-reduce partition columns: _col5 (type: bigint)
                        Statistics: Num rows: 1 Data size: 8 Basic stats: COMPLETE Column stats: PARTIAL
                        value expressions: _col0 (type: bigint), _col1 (type: double), _col2 (type: double), _col3 (type: double), _col4 (type: double)
            Execution mode: vectorized, llap
            LLAP IO: unknown
        Map 26 
            Map Operator Tree:
                TableScan
                  alias: date_dim
                  Statistics: Num rows: 73049 Data size: 876588 Basic stats: COMPLETE Column stats: COMPLETE
                  Filter Operator
                    predicate: false (type: boolean)
                    Statistics: Num rows: 1 Data size: 12 Basic stats: COMPLETE Column stats: COMPLETE
                    Select Operator
                      expressions: d_date_sk (type: bigint), d_year (type: int)
                      outputColumnNames: _col0, _col1
                      Statistics: Num rows: 1 Data size: 12 Basic stats: COMPLETE Column stats: COMPLETE
                      Map Join Operator
                        condition map:
                             Inner Join 0 to 1
                        keys:
                          0 _col5 (type: bigint)
                          1 _col0 (type: bigint)
                        outputColumnNames: _col0, _col1, _col2, _col3, _col4, _col7
                        input vertices:
                          0 Map 25
                        Statistics: Num rows: 1 Data size: 44 Basic stats: COMPLETE Column stats: PARTIAL
                        Map Join Operator
                          condition map:
                               Inner Join 0 to 1
                          keys:
                            0 _col0 (type: bigint)
                            1 _col0 (type: bigint)
                          outputColumnNames: _col1, _col2, _col3, _col4, _col7, _col9, _col10, _col11, _col12, _col13, _col14, _col15
                          input vertices:
                            1 Map 18
                          Statistics: Num rows: 1 Data size: 688 Basic stats: COMPLETE Column stats: PARTIAL
                          Select Operator
                            expressions: _col9 (type: string), _col10 (type: string), _col11 (type: string), _col12 (type: string), _col13 (type: string), _col14 (type: string), _col15 (type: string), _col7 (type: int), ((((_col4 - _col3) - _col1) + _col2) / 2.0) (type: double)
                            outputColumnNames: _col0, _col1, _col2, _col3, _col4, _col5, _col6, _col7, _col8
                            Statistics: Num rows: 1 Data size: 688 Basic stats: COMPLETE Column stats: PARTIAL
                            Group By Operator
                              aggregations: sum(_col8)
                              keys: _col0 (type: string), _col1 (type: string), _col2 (type: string), _col3 (type: string), _col4 (type: string), _col5 (type: string), _col6 (type: string), _col7 (type: int)
                              mode: hash
                              outputColumnNames: _col0, _col1, _col2, _col3, _col4, _col5, _col6, _col7, _col8
                              Statistics: Num rows: 1 Data size: 664 Basic stats: COMPLETE Column stats: PARTIAL
                              Reduce Output Operator
                                key expressions: _col0 (type: string), _col1 (type: string), _col2 (type: string), _col3 (type: string), _col4 (type: string), _col5 (type: string), _col6 (type: string), _col7 (type: int)
                                sort order: ++++++++
                                Map-reduce partition columns: _col0 (type: string), _col1 (type: string), _col2 (type: string), _col3 (type: string), _col4 (type: string), _col5 (type: string), _col6 (type: string), _col7 (type: int)
                                Statistics: Num rows: 1 Data size: 664 Basic stats: COMPLETE Column stats: PARTIAL
                                value expressions: _col8 (type: double)
                  Filter Operator
                    predicate: false (type: boolean)
                    Statistics: Num rows: 1 Data size: 12 Basic stats: COMPLETE Column stats: COMPLETE
                    Select Operator
                      expressions: d_date_sk (type: bigint), d_year (type: int)
                      outputColumnNames: _col0, _col1
                      Statistics: Num rows: 1 Data size: 12 Basic stats: COMPLETE Column stats: COMPLETE
                      Map Join Operator
                        condition map:
                             Inner Join 0 to 1
                        keys:
                          0 _col5 (type: bigint)
                          1 _col0 (type: bigint)
                        outputColumnNames: _col0, _col1, _col2, _col3, _col4, _col7
                        input vertices:
                          0 Map 38
                        Statistics: Num rows: 1 Data size: 44 Basic stats: COMPLETE Column stats: PARTIAL
                        Map Join Operator
                          condition map:
                               Inner Join 0 to 1
                          keys:
                            0 _col0 (type: bigint)
                            1 _col0 (type: bigint)
                          outputColumnNames: _col1, _col2, _col3, _col4, _col7, _col9, _col10, _col11, _col12, _col13, _col14, _col15
                          input vertices:
                            1 Map 37
                          Statistics: Num rows: 1 Data size: 688 Basic stats: COMPLETE Column stats: PARTIAL
                          Select Operator
                            expressions: _col9 (type: string), _col10 (type: string), _col11 (type: string), _col12 (type: string), _col13 (type: string), _col14 (type: string), _col15 (type: string), _col7 (type: int), ((((_col4 - _col3) - _col1) + _col2) / 2.0) (type: double)
                            outputColumnNames: _col0, _col1, _col2, _col3, _col4, _col5, _col6, _col7, _col8
                            Statistics: Num rows: 1 Data size: 688 Basic stats: COMPLETE Column stats: PARTIAL
                            Group By Operator
                              aggregations: sum(_col8)
                              keys: _col0 (type: string), _col1 (type: string), _col2 (type: string), _col3 (type: string), _col4 (type: string), _col5 (type: string), _col6 (type: string), _col7 (type: int)
                              mode: hash
                              outputColumnNames: _col0, _col1, _col2, _col3, _col4, _col5, _col6, _col7, _col8
                              Statistics: Num rows: 1 Data size: 664 Basic stats: COMPLETE Column stats: PARTIAL
                              Reduce Output Operator
                                key expressions: _col0 (type: string), _col1 (type: string), _col2 (type: string), _col3 (type: string), _col4 (type: string), _col5 (type: string), _col6 (type: string), _col7 (type: int)
                                sort order: ++++++++
                                Map-reduce partition columns: _col0 (type: string), _col1 (type: string), _col2 (type: string), _col3 (type: string), _col4 (type: string), _col5 (type: string), _col6 (type: string), _col7 (type: int)
                                Statistics: Num rows: 1 Data size: 664 Basic stats: COMPLETE Column stats: PARTIAL
                                value expressions: _col8 (type: double)
                  Filter Operator
                    predicate: false (type: boolean)
                    Statistics: Num rows: 1 Data size: 12 Basic stats: COMPLETE Column stats: COMPLETE
                    Select Operator
                      expressions: d_date_sk (type: bigint), d_year (type: int)
                      outputColumnNames: _col0, _col1
                      Statistics: Num rows: 1 Data size: 12 Basic stats: COMPLETE Column stats: COMPLETE
                      Map Join Operator
                        condition map:
                             Inner Join 0 to 1
                        keys:
                          0 _col5 (type: bigint)
                          1 _col0 (type: bigint)
                        outputColumnNames: _col0, _col1, _col2, _col3, _col4, _col7
                        input vertices:
                          0 Map 43
                        Statistics: Num rows: 1 Data size: 44 Basic stats: COMPLETE Column stats: PARTIAL
                        Map Join Operator
                          condition map:
                               Inner Join 0 to 1
                          keys:
                            0 _col0 (type: bigint)
                            1 _col0 (type: bigint)
                          outputColumnNames: _col1, _col2, _col3, _col4, _col7, _col9, _col10, _col11, _col12, _col13, _col14, _col15
                          input vertices:
                            1 Map 40
                          Statistics: Num rows: 1 Data size: 688 Basic stats: COMPLETE Column stats: PARTIAL
                          Select Operator
                            expressions: _col9 (type: string), _col10 (type: string), _col11 (type: string), _col12 (type: string), _col13 (type: string), _col14 (type: string), _col15 (type: string), _col7 (type: int), ((((_col4 - _col3) - _col1) + _col2) / 2.0) (type: double)
                            outputColumnNames: _col0, _col1, _col2, _col3, _col4, _col5, _col6, _col7, _col8
                            Statistics: Num rows: 1 Data size: 688 Basic stats: COMPLETE Column stats: PARTIAL
                            Group By Operator
                              aggregations: sum(_col8)
                              keys: _col0 (type: string), _col1 (type: string), _col2 (type: string), _col3 (type: string), _col4 (type: string), _col5 (type: string), _col6 (type: string), _col7 (type: int)
                              mode: hash
                              outputColumnNames: _col0, _col1, _col2, _col3, _col4, _col5, _col6, _col7, _col8
                              Statistics: Num rows: 1 Data size: 664 Basic stats: COMPLETE Column stats: PARTIAL
                              Reduce Output Operator
                                key expressions: _col0 (type: string), _col1 (type: string), _col2 (type: string), _col3 (type: string), _col4 (type: string), _col5 (type: string), _col6 (type: string), _col7 (type: int)
                                sort order: ++++++++
                                Map-reduce partition columns: _col0 (type: string), _col1 (type: string), _col2 (type: string), _col3 (type: string), _col4 (type: string), _col5 (type: string), _col6 (type: string), _col7 (type: int)
                                Statistics: Num rows: 1 Data size: 664 Basic stats: COMPLETE Column stats: PARTIAL
                                value expressions: _col8 (type: double)
                  Filter Operator
                    predicate: false (type: boolean)
                    Statistics: Num rows: 1 Data size: 12 Basic stats: COMPLETE Column stats: COMPLETE
                    Select Operator
                      expressions: d_date_sk (type: bigint), d_year (type: int)
                      outputColumnNames: _col0, _col1
                      Statistics: Num rows: 1 Data size: 12 Basic stats: COMPLETE Column stats: COMPLETE
                      Map Join Operator
                        condition map:
                             Inner Join 0 to 1
                        keys:
                          0 _col5 (type: bigint)
                          1 _col0 (type: bigint)
                        outputColumnNames: _col0, _col1, _col2, _col3, _col4, _col7
                        input vertices:
                          0 Map 48
                        Statistics: Num rows: 1 Data size: 44 Basic stats: COMPLETE Column stats: PARTIAL
                        Map Join Operator
                          condition map:
                               Inner Join 0 to 1
                          keys:
                            0 _col0 (type: bigint)
                            1 _col0 (type: bigint)
                          outputColumnNames: _col1, _col2, _col3, _col4, _col7, _col9, _col10, _col11, _col12, _col13, _col14, _col15
                          input vertices:
                            1 Map 45
                          Statistics: Num rows: 1 Data size: 688 Basic stats: COMPLETE Column stats: PARTIAL
                          Select Operator
                            expressions: _col9 (type: string), _col10 (type: string), _col11 (type: string), _col12 (type: string), _col13 (type: string), _col14 (type: string), _col15 (type: string), _col7 (type: int), ((((_col4 - _col3) - _col1) + _col2) / 2.0) (type: double)
                            outputColumnNames: _col0, _col1, _col2, _col3, _col4, _col5, _col6, _col7, _col8
                            Statistics: Num rows: 1 Data size: 688 Basic stats: COMPLETE Column stats: PARTIAL
                            Group By Operator
                              aggregations: sum(_col8)
                              keys: _col0 (type: string), _col1 (type: string), _col2 (type: string), _col3 (type: string), _col4 (type: string), _col5 (type: string), _col6 (type: string), _col7 (type: int)
                              mode: hash
                              outputColumnNames: _col0, _col1, _col2, _col3, _col4, _col5, _col6, _col7, _col8
                              Statistics: Num rows: 1 Data size: 664 Basic stats: COMPLETE Column stats: PARTIAL
                              Reduce Output Operator
                                key expressions: _col0 (type: string), _col1 (type: string), _col2 (type: string), _col3 (type: string), _col4 (type: string), _col5 (type: string), _col6 (type: string), _col7 (type: int)
                                sort order: ++++++++
                                Map-reduce partition columns: _col0 (type: string), _col1 (type: string), _col2 (type: string), _col3 (type: string), _col4 (type: string), _col5 (type: string), _col6 (type: string), _col7 (type: int)
                                Statistics: Num rows: 1 Data size: 664 Basic stats: COMPLETE Column stats: PARTIAL
                                value expressions: _col8 (type: double)
                  Filter Operator
                    predicate: false (type: boolean)
                    Statistics: Num rows: 1 Data size: 12 Basic stats: COMPLETE Column stats: COMPLETE
                    Select Operator
                      expressions: d_date_sk (type: bigint), d_year (type: int)
                      outputColumnNames: _col0, _col1
                      Statistics: Num rows: 1 Data size: 12 Basic stats: COMPLETE Column stats: COMPLETE
                      Map Join Operator
                        condition map:
                             Inner Join 0 to 1
                        keys:
                          0 _col5 (type: bigint)
                          1 _col0 (type: bigint)
                        outputColumnNames: _col0, _col1, _col2, _col3, _col4, _col7
                        input vertices:
                          0 Map 53
                        Statistics: Num rows: 1 Data size: 44 Basic stats: COMPLETE Column stats: PARTIAL
                        Map Join Operator
                          condition map:
                               Inner Join 0 to 1
                          keys:
                            0 _col0 (type: bigint)
                            1 _col0 (type: bigint)
                          outputColumnNames: _col1, _col2, _col3, _col4, _col7, _col9, _col10, _col11, _col12, _col13, _col14, _col15
                          input vertices:
                            1 Map 52
                          Statistics: Num rows: 1 Data size: 688 Basic stats: COMPLETE Column stats: PARTIAL
                          Select Operator
                            expressions: _col9 (type: string), _col10 (type: string), _col11 (type: string), _col12 (type: string), _col13 (type: string), _col14 (type: string), _col15 (type: string), _col7 (type: int), ((((_col4 - _col3) - _col1) + _col2) / 2.0) (type: double)
                            outputColumnNames: _col0, _col1, _col2, _col3, _col4, _col5, _col6, _col7, _col8
                            Statistics: Num rows: 1 Data size: 688 Basic stats: COMPLETE Column stats: PARTIAL
                            Group By Operator
                              aggregations: sum(_col8)
                              keys: _col0 (type: string), _col1 (type: string), _col2 (type: string), _col3 (type: string), _col4 (type: string), _col5 (type: string), _col6 (type: string), _col7 (type: int)
                              mode: hash
                              outputColumnNames: _col0, _col1, _col2, _col3, _col4, _col5, _col6, _col7, _col8
                              Statistics: Num rows: 1 Data size: 664 Basic stats: COMPLETE Column stats: PARTIAL
                              Reduce Output Operator
                                key expressions: _col0 (type: string), _col1 (type: string), _col2 (type: string), _col3 (type: string), _col4 (type: string), _col5 (type: string), _col6 (type: string), _col7 (type: int)
                                sort order: ++++++++
                                Map-reduce partition columns: _col0 (type: string), _col1 (type: string), _col2 (type: string), _col3 (type: string), _col4 (type: string), _col5 (type: string), _col6 (type: string), _col7 (type: int)
                                Statistics: Num rows: 1 Data size: 664 Basic stats: COMPLETE Column stats: PARTIAL
                                value expressions: _col8 (type: double)
                  Filter Operator
                    predicate: false (type: boolean)
                    Statistics: Num rows: 1 Data size: 12 Basic stats: COMPLETE Column stats: COMPLETE
                    Select Operator
                      expressions: d_date_sk (type: bigint), d_year (type: int)
                      outputColumnNames: _col0, _col1
                      Statistics: Num rows: 1 Data size: 12 Basic stats: COMPLETE Column stats: COMPLETE
                      Map Join Operator
                        condition map:
                             Inner Join 0 to 1
                        keys:
                          0 _col5 (type: bigint)
                          1 _col0 (type: bigint)
                        outputColumnNames: _col0, _col1, _col2, _col3, _col4, _col7
                        input vertices:
                          0 Map 51
                        Statistics: Num rows: 1 Data size: 44 Basic stats: COMPLETE Column stats: PARTIAL
                        Map Join Operator
                          condition map:
                               Inner Join 0 to 1
                          keys:
                            0 _col0 (type: bigint)
                            1 _col0 (type: bigint)
                          outputColumnNames: _col1, _col2, _col3, _col4, _col7, _col9, _col10, _col11, _col12, _col13, _col14, _col15
                          input vertices:
                            1 Map 55
                          Statistics: Num rows: 1 Data size: 688 Basic stats: COMPLETE Column stats: PARTIAL
                          Select Operator
                            expressions: _col9 (type: string), _col10 (type: string), _col11 (type: string), _col12 (type: string), _col13 (type: string), _col14 (type: string), _col15 (type: string), _col7 (type: int), ((((_col4 - _col3) - _col1) + _col2) / 2.0) (type: double)
                            outputColumnNames: _col0, _col1, _col2, _col3, _col4, _col5, _col6, _col7, _col8
                            Statistics: Num rows: 1 Data size: 688 Basic stats: COMPLETE Column stats: PARTIAL
                            Group By Operator
                              aggregations: sum(_col8)
                              keys: _col0 (type: string), _col1 (type: string), _col2 (type: string), _col3 (type: string), _col4 (type: string), _col5 (type: string), _col6 (type: string), _col7 (type: int)
                              mode: hash
                              outputColumnNames: _col0, _col1, _col2, _col3, _col4, _col5, _col6, _col7, _col8
                              Statistics: Num rows: 1 Data size: 664 Basic stats: COMPLETE Column stats: PARTIAL
                              Reduce Output Operator
                                key expressions: _col0 (type: string), _col1 (type: string), _col2 (type: string), _col3 (type: string), _col4 (type: string), _col5 (type: string), _col6 (type: string), _col7 (type: int)
                                sort order: ++++++++
                                Map-reduce partition columns: _col0 (type: string), _col1 (type: string), _col2 (type: string), _col3 (type: string), _col4 (type: string), _col5 (type: string), _col6 (type: string), _col7 (type: int)
                                Statistics: Num rows: 1 Data size: 664 Basic stats: COMPLETE Column stats: PARTIAL
                                value expressions: _col8 (type: double)
            Execution mode: vectorized, llap
            LLAP IO: all inputs
        Map 33 
            Map Operator Tree:
                TableScan
                  alias: web_sales
                  filterExpr: (ws_bill_customer_sk is not null and (ws_bill_customer_sk BETWEEN DynamicValue(RS_57_customer_c_customer_sk_min) AND DynamicValue(RS_57_customer_c_customer_sk_max) and in_bloom_filter(ws_bill_customer_sk, DynamicValue(RS_57_customer_c_customer_sk_bloom_filter)))) (type: boolean)
                  Statistics: Num rows: 71959659800 Data size: 3453881208464 Basic stats: COMPLETE Column stats: COMPLETE
                  Filter Operator
                    predicate: (ws_bill_customer_sk is not null and (ws_bill_customer_sk BETWEEN DynamicValue(RS_57_customer_c_customer_sk_min) AND DynamicValue(RS_57_customer_c_customer_sk_max) and in_bloom_filter(ws_bill_customer_sk, DynamicValue(RS_57_customer_c_customer_sk_bloom_filter)))) (type: boolean)
                    Statistics: Num rows: 71955143965 Data size: 3453664459832 Basic stats: COMPLETE Column stats: COMPLETE
                    Select Operator
                      expressions: ws_bill_customer_sk (type: bigint), ws_ext_discount_amt (type: double), ws_ext_sales_price (type: double), ws_ext_wholesale_cost (type: double), ws_ext_list_price (type: double), ws_sold_date_sk (type: bigint)
                      outputColumnNames: _col0, _col1, _col2, _col3, _col4, _col5
                      Statistics: Num rows: 71955143965 Data size: 3453664459832 Basic stats: COMPLETE Column stats: COMPLETE
                      Map Join Operator
                        condition map:
                             Inner Join 0 to 1
                        keys:
                          0 _col5 (type: bigint)
                          1 _col0 (type: bigint)
                        outputColumnNames: _col0, _col1, _col2, _col3, _col4
                        input vertices:
                          1 Map 2
                        Statistics: Num rows: 25692284536 Data size: 1027691381440 Basic stats: COMPLETE Column stats: COMPLETE
                        Map Join Operator
                          condition map:
                               Inner Join 0 to 1
                          keys:
                            0 _col0 (type: bigint)
                            1 _col0 (type: bigint)
                          outputColumnNames: _col1, _col2, _col3, _col4, _col9, _col10, _col11, _col12, _col13, _col14, _col15
                          input vertices:
                            1 Map 18
                          Statistics: Num rows: 17971961 Data size: 12292821324 Basic stats: COMPLETE Column stats: COMPLETE
                          Select Operator
                            expressions: _col9 (type: string), _col10 (type: string), _col11 (type: string), _col12 (type: string), _col13 (type: string), _col14 (type: string), _col15 (type: string), ((((_col4 - _col3) - _col1) + _col2) / 2.0) (type: double)
                            outputColumnNames: _col0, _col1, _col2, _col3, _col4, _col5, _col6, _col7
                            Statistics: Num rows: 17971961 Data size: 12292821324 Basic stats: COMPLETE Column stats: COMPLETE
                            Group By Operator
                              aggregations: sum(_col7)
                              keys: _col0 (type: string), _col1 (type: string), _col2 (type: string), _col3 (type: string), _col4 (type: string), _col5 (type: string), _col6 (type: string)
                              mode: hash
                              outputColumnNames: _col0, _col1, _col2, _col3, _col4, _col5, _col6, _col7
                              Statistics: Num rows: 17971961 Data size: 11861494260 Basic stats: COMPLETE Column stats: COMPLETE
                              Reduce Output Operator
                                key expressions: _col0 (type: string), _col1 (type: string), _col2 (type: string), _col3 (type: string), _col4 (type: string), _col5 (type: string), _col6 (type: string)
                                sort order: +++++++
                                Map-reduce partition columns: _col0 (type: string), _col1 (type: string), _col2 (type: string), _col3 (type: string), _col4 (type: string), _col5 (type: string), _col6 (type: string)
                                Statistics: Num rows: 17971961 Data size: 11861494260 Basic stats: COMPLETE Column stats: COMPLETE
                                value expressions: _col7 (type: double)
            Execution mode: vectorized, llap
            LLAP IO: all inputs
        Map 35 
            Map Operator Tree:
                TableScan
                  alias: store_sales
                  filterExpr: (ss_customer_sk is not null and (ss_customer_sk BETWEEN DynamicValue(RS_79_customer_c_customer_sk_min) AND DynamicValue(RS_79_customer_c_customer_sk_max) and in_bloom_filter(ss_customer_sk, DynamicValue(RS_79_customer_c_customer_sk_bloom_filter)))) (type: boolean)
                  Statistics: Num rows: 275035746821 Data size: 13069351722584 Basic stats: COMPLETE Column stats: PARTIAL
                  Filter Operator
                    predicate: (ss_customer_sk is not null and (ss_customer_sk BETWEEN DynamicValue(RS_79_customer_c_customer_sk_min) AND DynamicValue(RS_79_customer_c_customer_sk_max) and in_bloom_filter(ss_customer_sk, DynamicValue(RS_79_customer_c_customer_sk_bloom_filter)))) (type: boolean)
                    Statistics: Num rows: 271722950958 Data size: 12911931842368 Basic stats: COMPLETE Column stats: PARTIAL
                    Select Operator
                      expressions: ss_customer_sk (type: bigint), ss_ext_discount_amt (type: double), ss_ext_sales_price (type: double), ss_ext_wholesale_cost (type: double), ss_ext_list_price (type: double), ss_sold_date_sk (type: bigint)
                      outputColumnNames: _col0, _col1, _col2, _col3, _col4, _col5
                      Statistics: Num rows: 271722950958 Data size: 12911931842368 Basic stats: COMPLETE Column stats: PARTIAL
                      Map Join Operator
                        condition map:
                             Inner Join 0 to 1
                        keys:
                          0 _col5 (type: bigint)
                          1 _col0 (type: bigint)
                        outputColumnNames: _col0, _col1, _col2, _col3, _col4
                        input vertices:
                          1 Map 2
                        Statistics: Num rows: 97021324483 Data size: 3880852979320 Basic stats: COMPLETE Column stats: PARTIAL
                        Map Join Operator
                          condition map:
                               Inner Join 0 to 1
                          keys:
                            0 _col0 (type: bigint)
                            1 _col0 (type: bigint)
                          outputColumnNames: _col1, _col2, _col3, _col4, _col9, _col10, _col11, _col12, _col13, _col14, _col15
                          input vertices:
                            1 Map 18
                          Statistics: Num rows: 74907331 Data size: 51236614404 Basic stats: COMPLETE Column stats: PARTIAL
                          Select Operator
                            expressions: _col9 (type: string), _col10 (type: string), _col11 (type: string), _col12 (type: string), _col13 (type: string), _col14 (type: string), _col15 (type: string), ((((_col4 - _col3) - _col1) + _col2) / 2.0) (type: double)
                            outputColumnNames: _col0, _col1, _col2, _col3, _col4, _col5, _col6, _col7
                            Statistics: Num rows: 74907331 Data size: 51236614404 Basic stats: COMPLETE Column stats: PARTIAL
                            Group By Operator
                              aggregations: sum(_col7)
                              keys: _col0 (type: string), _col1 (type: string), _col2 (type: string), _col3 (type: string), _col4 (type: string), _col5 (type: string), _col6 (type: string)
                              mode: hash
                              outputColumnNames: _col0, _col1, _col2, _col3, _col4, _col5, _col6, _col7
                              Statistics: Num rows: 74907331 Data size: 49438838460 Basic stats: COMPLETE Column stats: PARTIAL
                              Reduce Output Operator
                                key expressions: _col0 (type: string), _col1 (type: string), _col2 (type: string), _col3 (type: string), _col4 (type: string), _col5 (type: string), _col6 (type: string)
                                sort order: +++++++
                                Map-reduce partition columns: _col0 (type: string), _col1 (type: string), _col2 (type: string), _col3 (type: string), _col4 (type: string), _col5 (type: string), _col6 (type: string)
                                Statistics: Num rows: 74907331 Data size: 49438838460 Basic stats: COMPLETE Column stats: PARTIAL
                                value expressions: _col7 (type: double)
            Execution mode: vectorized, llap
            LLAP IO: all inputs
        Map 37 
            Map Operator Tree:
                TableScan
                  alias: customer
                  Statistics: Num rows: 1000 Data size: 660000 Basic stats: COMPLETE Column stats: COMPLETE
                  Filter Operator
                    predicate: false (type: boolean)
                    Statistics: Num rows: 1 Data size: 660 Basic stats: COMPLETE Column stats: COMPLETE
                    Select Operator
                      expressions: c_customer_sk (type: bigint), c_customer_id (type: string), c_first_name (type: string), c_last_name (type: string), c_preferred_cust_flag (type: string), c_birth_country (type: string), c_login (type: string), c_email_address (type: string)
                      outputColumnNames: _col0, _col1, _col2, _col3, _col4, _col5, _col6, _col7
                      Statistics: Num rows: 1 Data size: 660 Basic stats: COMPLETE Column stats: COMPLETE
                      Reduce Output Operator
                        key expressions: _col0 (type: bigint)
                        sort order: +
                        Map-reduce partition columns: _col0 (type: bigint)
                        Statistics: Num rows: 1 Data size: 660 Basic stats: COMPLETE Column stats: COMPLETE
                        value expressions: _col1 (type: string), _col2 (type: string), _col3 (type: string), _col4 (type: string), _col5 (type: string), _col6 (type: string), _col7 (type: string)
                  Filter Operator
                    predicate: false (type: boolean)
                    Statistics: Num rows: 1 Data size: 660 Basic stats: COMPLETE Column stats: COMPLETE
                    Select Operator
                      expressions: c_customer_sk (type: bigint), c_customer_id (type: string), c_first_name (type: string), c_last_name (type: string), c_preferred_cust_flag (type: string), c_birth_country (type: string), c_login (type: string), c_email_address (type: string)
                      outputColumnNames: _col0, _col1, _col2, _col3, _col4, _col5, _col6, _col7
                      Statistics: Num rows: 1 Data size: 660 Basic stats: COMPLETE Column stats: COMPLETE
                      Reduce Output Operator
                        key expressions: _col0 (type: bigint)
                        sort order: +
                        Map-reduce partition columns: _col0 (type: bigint)
                        Statistics: Num rows: 1 Data size: 660 Basic stats: COMPLETE Column stats: COMPLETE
                        value expressions: _col1 (type: string), _col2 (type: string), _col3 (type: string), _col4 (type: string), _col5 (type: string), _col6 (type: string), _col7 (type: string)
            Execution mode: vectorized, llap
            LLAP IO: all inputs
        Map 38 
            Map Operator Tree:
                TableScan
                  alias: web_sales
                  Statistics: Num rows: 1 Data size: 8 Basic stats: COMPLETE Column stats: PARTIAL
                  Filter Operator
                    predicate: false (type: boolean)
                    Statistics: Num rows: 1 Data size: 8 Basic stats: COMPLETE Column stats: PARTIAL
                    Select Operator
                      expressions: ws_bill_customer_sk (type: bigint), ws_ext_discount_amt (type: double), ws_ext_sales_price (type: double), ws_ext_wholesale_cost (type: double), ws_ext_list_price (type: double), ws_sold_date_sk (type: bigint)
                      outputColumnNames: _col0, _col1, _col2, _col3, _col4, _col5
                      Statistics: Num rows: 1 Data size: 8 Basic stats: COMPLETE Column stats: PARTIAL
                      Reduce Output Operator
                        key expressions: _col5 (type: bigint)
                        sort order: +
                        Map-reduce partition columns: _col5 (type: bigint)
                        Statistics: Num rows: 1 Data size: 8 Basic stats: COMPLETE Column stats: PARTIAL
                        value expressions: _col0 (type: bigint), _col1 (type: double), _col2 (type: double), _col3 (type: double), _col4 (type: double)
            Execution mode: vectorized, llap
            LLAP IO: unknown
        Map 39 
            Map Operator Tree:
                TableScan
                  alias: store_sales
                  Statistics: Num rows: 1 Data size: 8 Basic stats: COMPLETE Column stats: PARTIAL
                  Filter Operator
                    predicate: false (type: boolean)
                    Statistics: Num rows: 1 Data size: 8 Basic stats: COMPLETE Column stats: PARTIAL
                    Select Operator
                      expressions: ss_customer_sk (type: bigint), ss_ext_discount_amt (type: double), ss_ext_sales_price (type: double), ss_ext_wholesale_cost (type: double), ss_ext_list_price (type: double), ss_sold_date_sk (type: bigint)
                      outputColumnNames: _col0, _col1, _col2, _col3, _col4, _col5
                      Statistics: Num rows: 1 Data size: 8 Basic stats: COMPLETE Column stats: PARTIAL
                      Reduce Output Operator
                        key expressions: _col5 (type: bigint)
                        sort order: +
                        Map-reduce partition columns: _col5 (type: bigint)
                        Statistics: Num rows: 1 Data size: 8 Basic stats: COMPLETE Column stats: PARTIAL
                        value expressions: _col0 (type: bigint), _col1 (type: double), _col2 (type: double), _col3 (type: double), _col4 (type: double)
            Execution mode: vectorized, llap
            LLAP IO: unknown
        Map 40 
            Map Operator Tree:
                TableScan
                  alias: customer
                  Statistics: Num rows: 1000 Data size: 660000 Basic stats: COMPLETE Column stats: COMPLETE
                  Filter Operator
                    predicate: false (type: boolean)
                    Statistics: Num rows: 1 Data size: 660 Basic stats: COMPLETE Column stats: COMPLETE
                    Select Operator
                      expressions: c_customer_sk (type: bigint), c_customer_id (type: string), c_first_name (type: string), c_last_name (type: string), c_preferred_cust_flag (type: string), c_birth_country (type: string), c_login (type: string), c_email_address (type: string)
                      outputColumnNames: _col0, _col1, _col2, _col3, _col4, _col5, _col6, _col7
                      Statistics: Num rows: 1 Data size: 660 Basic stats: COMPLETE Column stats: COMPLETE
                      Reduce Output Operator
                        key expressions: _col0 (type: bigint)
                        sort order: +
                        Map-reduce partition columns: _col0 (type: bigint)
                        Statistics: Num rows: 1 Data size: 660 Basic stats: COMPLETE Column stats: COMPLETE
                        value expressions: _col1 (type: string), _col2 (type: string), _col3 (type: string), _col4 (type: string), _col5 (type: string), _col6 (type: string), _col7 (type: string)
                  Filter Operator
                    predicate: false (type: boolean)
                    Statistics: Num rows: 1 Data size: 660 Basic stats: COMPLETE Column stats: COMPLETE
                    Select Operator
                      expressions: c_customer_sk (type: bigint), c_customer_id (type: string), c_first_name (type: string), c_last_name (type: string), c_preferred_cust_flag (type: string), c_birth_country (type: string), c_login (type: string), c_email_address (type: string)
                      outputColumnNames: _col0, _col1, _col2, _col3, _col4, _col5, _col6, _col7
                      Statistics: Num rows: 1 Data size: 660 Basic stats: COMPLETE Column stats: COMPLETE
                      Reduce Output Operator
                        key expressions: _col0 (type: bigint)
                        sort order: +
                        Map-reduce partition columns: _col0 (type: bigint)
                        Statistics: Num rows: 1 Data size: 660 Basic stats: COMPLETE Column stats: COMPLETE
                        value expressions: _col1 (type: string), _col2 (type: string), _col3 (type: string), _col4 (type: string), _col5 (type: string), _col6 (type: string), _col7 (type: string)
            Execution mode: vectorized, llap
            LLAP IO: all inputs
        Map 41 
            Map Operator Tree:
                TableScan
                  alias: catalog_sales
                  filterExpr: (cs_bill_customer_sk is not null and (cs_bill_customer_sk BETWEEN DynamicValue(RS_170_customer_c_customer_sk_min) AND DynamicValue(RS_170_customer_c_customer_sk_max) and in_bloom_filter(cs_bill_customer_sk, DynamicValue(RS_170_customer_c_customer_sk_bloom_filter)))) (type: boolean)
                  Statistics: Num rows: 143352541321 Data size: 6873702820472 Basic stats: COMPLETE Column stats: COMPLETE
                  Filter Operator
                    predicate: (cs_bill_customer_sk is not null and (cs_bill_customer_sk BETWEEN DynamicValue(RS_170_customer_c_customer_sk_min) AND DynamicValue(RS_170_customer_c_customer_sk_max) and in_bloom_filter(cs_bill_customer_sk, DynamicValue(RS_170_customer_c_customer_sk_bloom_filter)))) (type: boolean)
                    Statistics: Num rows: 143173879433 Data size: 6865136047168 Basic stats: COMPLETE Column stats: COMPLETE
                    Select Operator
                      expressions: cs_bill_customer_sk (type: bigint), cs_ext_discount_amt (type: double), cs_ext_sales_price (type: double), cs_ext_wholesale_cost (type: double), cs_ext_list_price (type: double), cs_sold_date_sk (type: bigint)
                      outputColumnNames: _col0, _col1, _col2, _col3, _col4, _col5
                      Statistics: Num rows: 143173879433 Data size: 6865136047168 Basic stats: COMPLETE Column stats: COMPLETE
                      Map Join Operator
                        condition map:
                             Inner Join 0 to 1
                        keys:
                          0 _col5 (type: bigint)
                          1 _col0 (type: bigint)
                        outputColumnNames: _col0, _col1, _col2, _col3, _col4
                        input vertices:
                          1 Map 2
                        Statistics: Num rows: 50760248236 Data size: 2030409929440 Basic stats: COMPLETE Column stats: COMPLETE
                        Map Join Operator
                          condition map:
                               Inner Join 0 to 1
                          keys:
                            0 _col0 (type: bigint)
                            1 _col0 (type: bigint)
                          outputColumnNames: _col1, _col2, _col3, _col4, _col9, _col10, _col11, _col12, _col13, _col14, _col15
                          input vertices:
                            1 Map 18
                          Statistics: Num rows: 5803744 Data size: 3969760896 Basic stats: COMPLETE Column stats: COMPLETE
                          Select Operator
                            expressions: _col9 (type: string), _col10 (type: string), _col11 (type: string), _col12 (type: string), _col13 (type: string), _col14 (type: string), _col15 (type: string), ((((_col4 - _col3) - _col1) + _col2) / 2.0) (type: double)
                            outputColumnNames: _col0, _col1, _col2, _col3, _col4, _col5, _col6, _col7
                            Statistics: Num rows: 5803744 Data size: 3969760896 Basic stats: COMPLETE Column stats: COMPLETE
                            Group By Operator
                              aggregations: sum(_col7)
                              keys: _col0 (type: string), _col1 (type: string), _col2 (type: string), _col3 (type: string), _col4 (type: string), _col5 (type: string), _col6 (type: string)
                              mode: hash
                              outputColumnNames: _col0, _col1, _col2, _col3, _col4, _col5, _col6, _col7
                              Statistics: Num rows: 5803744 Data size: 3830471040 Basic stats: COMPLETE Column stats: COMPLETE
                              Reduce Output Operator
                                key expressions: _col0 (type: string), _col1 (type: string), _col2 (type: string), _col3 (type: string), _col4 (type: string), _col5 (type: string), _col6 (type: string)
                                sort order: +++++++
                                Map-reduce partition columns: _col0 (type: string), _col1 (type: string), _col2 (type: string), _col3 (type: string), _col4 (type: string), _col5 (type: string), _col6 (type: string)
                                Statistics: Num rows: 5803744 Data size: 3830471040 Basic stats: COMPLETE Column stats: COMPLETE
                                value expressions: _col7 (type: double)
            Execution mode: vectorized, llap
            LLAP IO: all inputs
        Map 43 
            Map Operator Tree:
                TableScan
                  alias: web_sales
                  Statistics: Num rows: 1 Data size: 8 Basic stats: COMPLETE Column stats: PARTIAL
                  Filter Operator
                    predicate: false (type: boolean)
                    Statistics: Num rows: 1 Data size: 8 Basic stats: COMPLETE Column stats: PARTIAL
                    Select Operator
                      expressions: ws_bill_customer_sk (type: bigint), ws_ext_discount_amt (type: double), ws_ext_sales_price (type: double), ws_ext_wholesale_cost (type: double), ws_ext_list_price (type: double), ws_sold_date_sk (type: bigint)
                      outputColumnNames: _col0, _col1, _col2, _col3, _col4, _col5
                      Statistics: Num rows: 1 Data size: 8 Basic stats: COMPLETE Column stats: PARTIAL
                      Reduce Output Operator
                        key expressions: _col5 (type: bigint)
                        sort order: +
                        Map-reduce partition columns: _col5 (type: bigint)
                        Statistics: Num rows: 1 Data size: 8 Basic stats: COMPLETE Column stats: PARTIAL
                        value expressions: _col0 (type: bigint), _col1 (type: double), _col2 (type: double), _col3 (type: double), _col4 (type: double)
            Execution mode: vectorized, llap
            LLAP IO: unknown
        Map 44 
            Map Operator Tree:
                TableScan
                  alias: store_sales
                  Statistics: Num rows: 1 Data size: 8 Basic stats: COMPLETE Column stats: PARTIAL
                  Filter Operator
                    predicate: false (type: boolean)
                    Statistics: Num rows: 1 Data size: 8 Basic stats: COMPLETE Column stats: PARTIAL
                    Select Operator
                      expressions: ss_customer_sk (type: bigint), ss_ext_discount_amt (type: double), ss_ext_sales_price (type: double), ss_ext_wholesale_cost (type: double), ss_ext_list_price (type: double), ss_sold_date_sk (type: bigint)
                      outputColumnNames: _col0, _col1, _col2, _col3, _col4, _col5
                      Statistics: Num rows: 1 Data size: 8 Basic stats: COMPLETE Column stats: PARTIAL
                      Reduce Output Operator
                        key expressions: _col5 (type: bigint)
                        sort order: +
                        Map-reduce partition columns: _col5 (type: bigint)
                        Statistics: Num rows: 1 Data size: 8 Basic stats: COMPLETE Column stats: PARTIAL
                        value expressions: _col0 (type: bigint), _col1 (type: double), _col2 (type: double), _col3 (type: double), _col4 (type: double)
            Execution mode: vectorized, llap
            LLAP IO: unknown
        Map 45 
            Map Operator Tree:
                TableScan
                  alias: customer
                  Statistics: Num rows: 1000 Data size: 660000 Basic stats: COMPLETE Column stats: COMPLETE
                  Filter Operator
                    predicate: false (type: boolean)
                    Statistics: Num rows: 1 Data size: 660 Basic stats: COMPLETE Column stats: COMPLETE
                    Select Operator
                      expressions: c_customer_sk (type: bigint), c_customer_id (type: string), c_first_name (type: string), c_last_name (type: string), c_preferred_cust_flag (type: string), c_birth_country (type: string), c_login (type: string), c_email_address (type: string)
                      outputColumnNames: _col0, _col1, _col2, _col3, _col4, _col5, _col6, _col7
                      Statistics: Num rows: 1 Data size: 660 Basic stats: COMPLETE Column stats: COMPLETE
                      Reduce Output Operator
                        key expressions: _col0 (type: bigint)
                        sort order: +
                        Map-reduce partition columns: _col0 (type: bigint)
                        Statistics: Num rows: 1 Data size: 660 Basic stats: COMPLETE Column stats: COMPLETE
                        value expressions: _col1 (type: string), _col2 (type: string), _col3 (type: string), _col4 (type: string), _col5 (type: string), _col6 (type: string), _col7 (type: string)
                  Filter Operator
                    predicate: false (type: boolean)
                    Statistics: Num rows: 1 Data size: 660 Basic stats: COMPLETE Column stats: COMPLETE
                    Select Operator
                      expressions: c_customer_sk (type: bigint), c_customer_id (type: string), c_first_name (type: string), c_last_name (type: string), c_preferred_cust_flag (type: string), c_birth_country (type: string), c_login (type: string), c_email_address (type: string)
                      outputColumnNames: _col0, _col1, _col2, _col3, _col4, _col5, _col6, _col7
                      Statistics: Num rows: 1 Data size: 660 Basic stats: COMPLETE Column stats: COMPLETE
                      Reduce Output Operator
                        key expressions: _col0 (type: bigint)
                        sort order: +
                        Map-reduce partition columns: _col0 (type: bigint)
                        Statistics: Num rows: 1 Data size: 660 Basic stats: COMPLETE Column stats: COMPLETE
                        value expressions: _col1 (type: string), _col2 (type: string), _col3 (type: string), _col4 (type: string), _col5 (type: string), _col6 (type: string), _col7 (type: string)
            Execution mode: vectorized, llap
            LLAP IO: all inputs
        Map 46 
            Map Operator Tree:
                TableScan
                  alias: catalog_sales
                  filterExpr: (cs_bill_customer_sk is not null and (cs_bill_customer_sk BETWEEN DynamicValue(RS_238_customer_c_customer_sk_min) AND DynamicValue(RS_238_customer_c_customer_sk_max) and in_bloom_filter(cs_bill_customer_sk, DynamicValue(RS_238_customer_c_customer_sk_bloom_filter)))) (type: boolean)
                  Statistics: Num rows: 143352541321 Data size: 6873702820472 Basic stats: COMPLETE Column stats: COMPLETE
                  Filter Operator
                    predicate: (cs_bill_customer_sk is not null and (cs_bill_customer_sk BETWEEN DynamicValue(RS_238_customer_c_customer_sk_min) AND DynamicValue(RS_238_customer_c_customer_sk_max) and in_bloom_filter(cs_bill_customer_sk, DynamicValue(RS_238_customer_c_customer_sk_bloom_filter)))) (type: boolean)
                    Statistics: Num rows: 143173879433 Data size: 6865136047168 Basic stats: COMPLETE Column stats: COMPLETE
                    Select Operator
                      expressions: cs_bill_customer_sk (type: bigint), cs_ext_discount_amt (type: double), cs_ext_sales_price (type: double), cs_ext_wholesale_cost (type: double), cs_ext_list_price (type: double), cs_sold_date_sk (type: bigint)
                      outputColumnNames: _col0, _col1, _col2, _col3, _col4, _col5
                      Statistics: Num rows: 143173879433 Data size: 6865136047168 Basic stats: COMPLETE Column stats: COMPLETE
                      Map Join Operator
                        condition map:
                             Inner Join 0 to 1
                        keys:
                          0 _col5 (type: bigint)
                          1 _col0 (type: bigint)
                        outputColumnNames: _col0, _col1, _col2, _col3, _col4
                        input vertices:
                          1 Map 2
                        Statistics: Num rows: 50760248236 Data size: 2030409929440 Basic stats: COMPLETE Column stats: COMPLETE
                        Map Join Operator
                          condition map:
                               Inner Join 0 to 1
                          keys:
                            0 _col0 (type: bigint)
                            1 _col0 (type: bigint)
                          outputColumnNames: _col1, _col2, _col3, _col4, _col9, _col10, _col11, _col12, _col13, _col14, _col15
                          input vertices:
                            1 Map 18
                          Statistics: Num rows: 5803744 Data size: 3969760896 Basic stats: COMPLETE Column stats: COMPLETE
                          Select Operator
                            expressions: _col9 (type: string), _col10 (type: string), _col11 (type: string), _col12 (type: string), _col13 (type: string), _col14 (type: string), _col15 (type: string), ((((_col4 - _col3) - _col1) + _col2) / 2.0) (type: double)
                            outputColumnNames: _col0, _col1, _col2, _col3, _col4, _col5, _col6, _col7
                            Statistics: Num rows: 5803744 Data size: 3969760896 Basic stats: COMPLETE Column stats: COMPLETE
                            Group By Operator
                              aggregations: sum(_col7)
                              keys: _col0 (type: string), _col1 (type: string), _col2 (type: string), _col3 (type: string), _col4 (type: string), _col5 (type: string), _col6 (type: string)
                              mode: hash
                              outputColumnNames: _col0, _col1, _col2, _col3, _col4, _col5, _col6, _col7
                              Statistics: Num rows: 5803744 Data size: 3830471040 Basic stats: COMPLETE Column stats: COMPLETE
                              Reduce Output Operator
                                key expressions: _col0 (type: string), _col1 (type: string), _col2 (type: string), _col3 (type: string), _col4 (type: string), _col5 (type: string), _col6 (type: string)
                                sort order: +++++++
                                Map-reduce partition columns: _col0 (type: string), _col1 (type: string), _col2 (type: string), _col3 (type: string), _col4 (type: string), _col5 (type: string), _col6 (type: string)
                                Statistics: Num rows: 5803744 Data size: 3830471040 Basic stats: COMPLETE Column stats: COMPLETE
                                value expressions: _col7 (type: double)
            Execution mode: vectorized, llap
            LLAP IO: all inputs
        Map 48 
            Map Operator Tree:
                TableScan
                  alias: web_sales
                  Statistics: Num rows: 1 Data size: 8 Basic stats: COMPLETE Column stats: PARTIAL
                  Filter Operator
                    predicate: false (type: boolean)
                    Statistics: Num rows: 1 Data size: 8 Basic stats: COMPLETE Column stats: PARTIAL
                    Select Operator
                      expressions: ws_bill_customer_sk (type: bigint), ws_ext_discount_amt (type: double), ws_ext_sales_price (type: double), ws_ext_wholesale_cost (type: double), ws_ext_list_price (type: double), ws_sold_date_sk (type: bigint)
                      outputColumnNames: _col0, _col1, _col2, _col3, _col4, _col5
                      Statistics: Num rows: 1 Data size: 8 Basic stats: COMPLETE Column stats: PARTIAL
                      Reduce Output Operator
                        key expressions: _col5 (type: bigint)
                        sort order: +
                        Map-reduce partition columns: _col5 (type: bigint)
                        Statistics: Num rows: 1 Data size: 8 Basic stats: COMPLETE Column stats: PARTIAL
                        value expressions: _col0 (type: bigint), _col1 (type: double), _col2 (type: double), _col3 (type: double), _col4 (type: double)
            Execution mode: vectorized, llap
            LLAP IO: unknown
        Map 49 
            Map Operator Tree:
                TableScan
                  alias: store_sales
                  filterExpr: (ss_customer_sk is not null and (ss_customer_sk BETWEEN DynamicValue(RS_283_customer_c_customer_sk_min) AND DynamicValue(RS_283_customer_c_customer_sk_max) and in_bloom_filter(ss_customer_sk, DynamicValue(RS_283_customer_c_customer_sk_bloom_filter)))) (type: boolean)
                  Statistics: Num rows: 275035746821 Data size: 13069351722584 Basic stats: COMPLETE Column stats: PARTIAL
                  Filter Operator
                    predicate: (ss_customer_sk is not null and (ss_customer_sk BETWEEN DynamicValue(RS_283_customer_c_customer_sk_min) AND DynamicValue(RS_283_customer_c_customer_sk_max) and in_bloom_filter(ss_customer_sk, DynamicValue(RS_283_customer_c_customer_sk_bloom_filter)))) (type: boolean)
                    Statistics: Num rows: 271722950958 Data size: 12911931842368 Basic stats: COMPLETE Column stats: PARTIAL
                    Select Operator
                      expressions: ss_customer_sk (type: bigint), ss_ext_discount_amt (type: double), ss_ext_sales_price (type: double), ss_ext_wholesale_cost (type: double), ss_ext_list_price (type: double), ss_sold_date_sk (type: bigint)
                      outputColumnNames: _col0, _col1, _col2, _col3, _col4, _col5
                      Statistics: Num rows: 271722950958 Data size: 12911931842368 Basic stats: COMPLETE Column stats: PARTIAL
                      Map Join Operator
                        condition map:
                             Inner Join 0 to 1
                        keys:
                          0 _col5 (type: bigint)
                          1 _col0 (type: bigint)
                        outputColumnNames: _col0, _col1, _col2, _col3, _col4
                        input vertices:
                          1 Map 2
                        Statistics: Num rows: 97021324483 Data size: 3880852979320 Basic stats: COMPLETE Column stats: PARTIAL
                        Map Join Operator
                          condition map:
                               Inner Join 0 to 1
                          keys:
                            0 _col0 (type: bigint)
                            1 _col0 (type: bigint)
                          outputColumnNames: _col1, _col2, _col3, _col4, _col9, _col10, _col11, _col12, _col13, _col14, _col15
                          input vertices:
                            1 Map 18
                          Statistics: Num rows: 74907331 Data size: 51236614404 Basic stats: COMPLETE Column stats: PARTIAL
                          Select Operator
                            expressions: _col9 (type: string), _col10 (type: string), _col11 (type: string), _col12 (type: string), _col13 (type: string), _col14 (type: string), _col15 (type: string), ((((_col4 - _col3) - _col1) + _col2) / 2.0) (type: double)
                            outputColumnNames: _col0, _col1, _col2, _col3, _col4, _col5, _col6, _col7
                            Statistics: Num rows: 74907331 Data size: 51236614404 Basic stats: COMPLETE Column stats: PARTIAL
                            Group By Operator
                              aggregations: sum(_col7)
                              keys: _col0 (type: string), _col1 (type: string), _col2 (type: string), _col3 (type: string), _col4 (type: string), _col5 (type: string), _col6 (type: string)
                              mode: hash
                              outputColumnNames: _col0, _col1, _col2, _col3, _col4, _col5, _col6, _col7
                              Statistics: Num rows: 74907331 Data size: 49438838460 Basic stats: COMPLETE Column stats: PARTIAL
                              Reduce Output Operator
                                key expressions: _col0 (type: string), _col1 (type: string), _col2 (type: string), _col3 (type: string), _col4 (type: string), _col5 (type: string), _col6 (type: string)
                                sort order: +++++++
                                Map-reduce partition columns: _col0 (type: string), _col1 (type: string), _col2 (type: string), _col3 (type: string), _col4 (type: string), _col5 (type: string), _col6 (type: string)
                                Statistics: Num rows: 74907331 Data size: 49438838460 Basic stats: COMPLETE Column stats: PARTIAL
                                value expressions: _col7 (type: double)
            Execution mode: vectorized, llap
            LLAP IO: all inputs
        Map 51 
            Map Operator Tree:
                TableScan
                  alias: catalog_sales
                  Statistics: Num rows: 1 Data size: 8 Basic stats: COMPLETE Column stats: PARTIAL
                  Filter Operator
                    predicate: false (type: boolean)
                    Statistics: Num rows: 1 Data size: 8 Basic stats: COMPLETE Column stats: PARTIAL
                    Select Operator
                      expressions: cs_bill_customer_sk (type: bigint), cs_ext_discount_amt (type: double), cs_ext_sales_price (type: double), cs_ext_wholesale_cost (type: double), cs_ext_list_price (type: double), cs_sold_date_sk (type: bigint)
                      outputColumnNames: _col0, _col1, _col2, _col3, _col4, _col5
                      Statistics: Num rows: 1 Data size: 8 Basic stats: COMPLETE Column stats: PARTIAL
                      Reduce Output Operator
                        key expressions: _col5 (type: bigint)
                        sort order: +
                        Map-reduce partition columns: _col5 (type: bigint)
                        Statistics: Num rows: 1 Data size: 8 Basic stats: COMPLETE Column stats: PARTIAL
                        value expressions: _col0 (type: bigint), _col1 (type: double), _col2 (type: double), _col3 (type: double), _col4 (type: double)
                  Filter Operator
                    predicate: false (type: boolean)
                    Statistics: Num rows: 1 Data size: 8 Basic stats: COMPLETE Column stats: PARTIAL
                    Select Operator
                      expressions: cs_bill_customer_sk (type: bigint), cs_ext_discount_amt (type: double), cs_ext_sales_price (type: double), cs_ext_wholesale_cost (type: double), cs_ext_list_price (type: double), cs_sold_date_sk (type: bigint)
                      outputColumnNames: _col0, _col1, _col2, _col3, _col4, _col5
                      Statistics: Num rows: 1 Data size: 8 Basic stats: COMPLETE Column stats: PARTIAL
                      Reduce Output Operator
                        key expressions: _col5 (type: bigint)
                        sort order: +
                        Map-reduce partition columns: _col5 (type: bigint)
                        Statistics: Num rows: 1 Data size: 8 Basic stats: COMPLETE Column stats: PARTIAL
                        value expressions: _col0 (type: bigint), _col1 (type: double), _col2 (type: double), _col3 (type: double), _col4 (type: double)
            Execution mode: vectorized, llap
            LLAP IO: unknown
        Map 52 
            Map Operator Tree:
                TableScan
                  alias: customer
                  Statistics: Num rows: 1000 Data size: 660000 Basic stats: COMPLETE Column stats: COMPLETE
                  Filter Operator
                    predicate: false (type: boolean)
                    Statistics: Num rows: 1 Data size: 660 Basic stats: COMPLETE Column stats: COMPLETE
                    Select Operator
                      expressions: c_customer_sk (type: bigint), c_customer_id (type: string), c_first_name (type: string), c_last_name (type: string), c_preferred_cust_flag (type: string), c_birth_country (type: string), c_login (type: string), c_email_address (type: string)
                      outputColumnNames: _col0, _col1, _col2, _col3, _col4, _col5, _col6, _col7
                      Statistics: Num rows: 1 Data size: 660 Basic stats: COMPLETE Column stats: COMPLETE
                      Reduce Output Operator
                        key expressions: _col0 (type: bigint)
                        sort order: +
                        Map-reduce partition columns: _col0 (type: bigint)
                        Statistics: Num rows: 1 Data size: 660 Basic stats: COMPLETE Column stats: COMPLETE
                        value expressions: _col1 (type: string), _col2 (type: string), _col3 (type: string), _col4 (type: string), _col5 (type: string), _col6 (type: string), _col7 (type: string)
                  Filter Operator
                    predicate: false (type: boolean)
                    Statistics: Num rows: 1 Data size: 660 Basic stats: COMPLETE Column stats: COMPLETE
                    Select Operator
                      expressions: c_customer_sk (type: bigint), c_customer_id (type: string), c_first_name (type: string), c_last_name (type: string), c_preferred_cust_flag (type: string), c_birth_country (type: string), c_login (type: string), c_email_address (type: string)
                      outputColumnNames: _col0, _col1, _col2, _col3, _col4, _col5, _col6, _col7
                      Statistics: Num rows: 1 Data size: 660 Basic stats: COMPLETE Column stats: COMPLETE
                      Reduce Output Operator
                        key expressions: _col0 (type: bigint)
                        sort order: +
                        Map-reduce partition columns: _col0 (type: bigint)
                        Statistics: Num rows: 1 Data size: 660 Basic stats: COMPLETE Column stats: COMPLETE
                        value expressions: _col1 (type: string), _col2 (type: string), _col3 (type: string), _col4 (type: string), _col5 (type: string), _col6 (type: string), _col7 (type: string)
            Execution mode: vectorized, llap
            LLAP IO: all inputs
        Map 53 
            Map Operator Tree:
                TableScan
                  alias: web_sales
                  Statistics: Num rows: 1 Data size: 8 Basic stats: COMPLETE Column stats: PARTIAL
                  Filter Operator
                    predicate: false (type: boolean)
                    Statistics: Num rows: 1 Data size: 8 Basic stats: COMPLETE Column stats: PARTIAL
                    Select Operator
                      expressions: ws_bill_customer_sk (type: bigint), ws_ext_discount_amt (type: double), ws_ext_sales_price (type: double), ws_ext_wholesale_cost (type: double), ws_ext_list_price (type: double), ws_sold_date_sk (type: bigint)
                      outputColumnNames: _col0, _col1, _col2, _col3, _col4, _col5
                      Statistics: Num rows: 1 Data size: 8 Basic stats: COMPLETE Column stats: PARTIAL
                      Reduce Output Operator
                        key expressions: _col5 (type: bigint)
                        sort order: +
                        Map-reduce partition columns: _col5 (type: bigint)
                        Statistics: Num rows: 1 Data size: 8 Basic stats: COMPLETE Column stats: PARTIAL
                        value expressions: _col0 (type: bigint), _col1 (type: double), _col2 (type: double), _col3 (type: double), _col4 (type: double)
            Execution mode: vectorized, llap
            LLAP IO: unknown
        Map 54 
            Map Operator Tree:
                TableScan
                  alias: store_sales
                  Statistics: Num rows: 1 Data size: 8 Basic stats: COMPLETE Column stats: PARTIAL
                  Filter Operator
                    predicate: false (type: boolean)
                    Statistics: Num rows: 1 Data size: 8 Basic stats: COMPLETE Column stats: PARTIAL
                    Select Operator
                      expressions: ss_customer_sk (type: bigint), ss_ext_discount_amt (type: double), ss_ext_sales_price (type: double), ss_ext_wholesale_cost (type: double), ss_ext_list_price (type: double), ss_sold_date_sk (type: bigint)
                      outputColumnNames: _col0, _col1, _col2, _col3, _col4, _col5
                      Statistics: Num rows: 1 Data size: 8 Basic stats: COMPLETE Column stats: PARTIAL
                      Reduce Output Operator
                        key expressions: _col5 (type: bigint)
                        sort order: +
                        Map-reduce partition columns: _col5 (type: bigint)
                        Statistics: Num rows: 1 Data size: 8 Basic stats: COMPLETE Column stats: PARTIAL
                        value expressions: _col0 (type: bigint), _col1 (type: double), _col2 (type: double), _col3 (type: double), _col4 (type: double)
            Execution mode: vectorized, llap
            LLAP IO: unknown
        Map 55 
            Map Operator Tree:
                TableScan
                  alias: customer
                  Statistics: Num rows: 1000 Data size: 660000 Basic stats: COMPLETE Column stats: COMPLETE
                  Filter Operator
                    predicate: false (type: boolean)
                    Statistics: Num rows: 1 Data size: 660 Basic stats: COMPLETE Column stats: COMPLETE
                    Select Operator
                      expressions: c_customer_sk (type: bigint), c_customer_id (type: string), c_first_name (type: string), c_last_name (type: string), c_preferred_cust_flag (type: string), c_birth_country (type: string), c_login (type: string), c_email_address (type: string)
                      outputColumnNames: _col0, _col1, _col2, _col3, _col4, _col5, _col6, _col7
                      Statistics: Num rows: 1 Data size: 660 Basic stats: COMPLETE Column stats: COMPLETE
                      Reduce Output Operator
                        key expressions: _col0 (type: bigint)
                        sort order: +
                        Map-reduce partition columns: _col0 (type: bigint)
                        Statistics: Num rows: 1 Data size: 660 Basic stats: COMPLETE Column stats: COMPLETE
                        value expressions: _col1 (type: string), _col2 (type: string), _col3 (type: string), _col4 (type: string), _col5 (type: string), _col6 (type: string), _col7 (type: string)
                  Filter Operator
                    predicate: false (type: boolean)
                    Statistics: Num rows: 1 Data size: 660 Basic stats: COMPLETE Column stats: COMPLETE
                    Select Operator
                      expressions: c_customer_sk (type: bigint), c_customer_id (type: string), c_first_name (type: string), c_last_name (type: string), c_preferred_cust_flag (type: string), c_birth_country (type: string), c_login (type: string), c_email_address (type: string)
                      outputColumnNames: _col0, _col1, _col2, _col3, _col4, _col5, _col6, _col7
                      Statistics: Num rows: 1 Data size: 660 Basic stats: COMPLETE Column stats: COMPLETE
                      Reduce Output Operator
                        key expressions: _col0 (type: bigint)
                        sort order: +
                        Map-reduce partition columns: _col0 (type: bigint)
                        Statistics: Num rows: 1 Data size: 660 Basic stats: COMPLETE Column stats: COMPLETE
                        value expressions: _col1 (type: string), _col2 (type: string), _col3 (type: string), _col4 (type: string), _col5 (type: string), _col6 (type: string), _col7 (type: string)
            Execution mode: vectorized, llap
            LLAP IO: all inputs
        Map 56 
            Map Operator Tree:
                TableScan
                  alias: web_sales
                  filterExpr: (ws_bill_customer_sk is not null and (ws_bill_customer_sk BETWEEN DynamicValue(RS_407_customer_c_customer_sk_min) AND DynamicValue(RS_407_customer_c_customer_sk_max) and in_bloom_filter(ws_bill_customer_sk, DynamicValue(RS_407_customer_c_customer_sk_bloom_filter)))) (type: boolean)
                  Statistics: Num rows: 71959659800 Data size: 3453881208464 Basic stats: COMPLETE Column stats: COMPLETE
                  Filter Operator
                    predicate: (ws_bill_customer_sk is not null and (ws_bill_customer_sk BETWEEN DynamicValue(RS_407_customer_c_customer_sk_min) AND DynamicValue(RS_407_customer_c_customer_sk_max) and in_bloom_filter(ws_bill_customer_sk, DynamicValue(RS_407_customer_c_customer_sk_bloom_filter)))) (type: boolean)
                    Statistics: Num rows: 71955143965 Data size: 3453664459832 Basic stats: COMPLETE Column stats: COMPLETE
                    Select Operator
                      expressions: ws_bill_customer_sk (type: bigint), ws_ext_discount_amt (type: double), ws_ext_sales_price (type: double), ws_ext_wholesale_cost (type: double), ws_ext_list_price (type: double), ws_sold_date_sk (type: bigint)
                      outputColumnNames: _col0, _col1, _col2, _col3, _col4, _col5
                      Statistics: Num rows: 71955143965 Data size: 3453664459832 Basic stats: COMPLETE Column stats: COMPLETE
                      Map Join Operator
                        condition map:
                             Inner Join 0 to 1
                        keys:
                          0 _col5 (type: bigint)
                          1 _col0 (type: bigint)
                        outputColumnNames: _col0, _col1, _col2, _col3, _col4
                        input vertices:
                          1 Map 2
                        Statistics: Num rows: 25692284536 Data size: 1027691381440 Basic stats: COMPLETE Column stats: COMPLETE
                        Map Join Operator
                          condition map:
                               Inner Join 0 to 1
                          keys:
                            0 _col0 (type: bigint)
                            1 _col0 (type: bigint)
                          outputColumnNames: _col1, _col2, _col3, _col4, _col9, _col10, _col11, _col12, _col13, _col14, _col15
                          input vertices:
                            1 Map 18
                          Statistics: Num rows: 17971961 Data size: 12292821324 Basic stats: COMPLETE Column stats: COMPLETE
                          Select Operator
                            expressions: _col9 (type: string), _col10 (type: string), _col11 (type: string), _col12 (type: string), _col13 (type: string), _col14 (type: string), _col15 (type: string), ((((_col4 - _col3) - _col1) + _col2) / 2.0) (type: double)
                            outputColumnNames: _col0, _col1, _col2, _col3, _col4, _col5, _col6, _col7
                            Statistics: Num rows: 17971961 Data size: 12292821324 Basic stats: COMPLETE Column stats: COMPLETE
                            Group By Operator
                              aggregations: sum(_col7)
                              keys: _col0 (type: string), _col1 (type: string), _col2 (type: string), _col3 (type: string), _col4 (type: string), _col5 (type: string), _col6 (type: string)
                              mode: hash
                              outputColumnNames: _col0, _col1, _col2, _col3, _col4, _col5, _col6, _col7
                              Statistics: Num rows: 17971961 Data size: 11861494260 Basic stats: COMPLETE Column stats: COMPLETE
                              Reduce Output Operator
                                key expressions: _col0 (type: string), _col1 (type: string), _col2 (type: string), _col3 (type: string), _col4 (type: string), _col5 (type: string), _col6 (type: string)
                                sort order: +++++++
                                Map-reduce partition columns: _col0 (type: string), _col1 (type: string), _col2 (type: string), _col3 (type: string), _col4 (type: string), _col5 (type: string), _col6 (type: string)
                                Statistics: Num rows: 17971961 Data size: 11861494260 Basic stats: COMPLETE Column stats: COMPLETE
                                value expressions: _col7 (type: double)
            Execution mode: vectorized, llap
            LLAP IO: all inputs
        Reducer 10 
            Execution mode: vectorized, llap
            Reduce Operator Tree:
              Group By Operator
                aggregations: sum(VALUE._col0)
                keys: KEY._col0 (type: string), KEY._col1 (type: string), KEY._col2 (type: string), KEY._col3 (type: string), KEY._col4 (type: string), KEY._col5 (type: string), KEY._col6 (type: string), KEY._col7 (type: int)
                mode: mergepartial
                outputColumnNames: _col0, _col1, _col2, _col3, _col4, _col5, _col6, _col7, _col8
                Statistics: Num rows: 1 Data size: 664 Basic stats: COMPLETE Column stats: PARTIAL
                Select Operator
                  expressions: _col0 (type: string), _col8 (type: double)
                  outputColumnNames: _col0, _col8
                  Statistics: Num rows: 1 Data size: 108 Basic stats: COMPLETE Column stats: PARTIAL
                  Filter Operator
                    predicate: (_col8 > 0.0) (type: boolean)
                    Statistics: Num rows: 1 Data size: 108 Basic stats: COMPLETE Column stats: PARTIAL
                    Select Operator
                      expressions: _col0 (type: string), _col8 (type: double)
                      outputColumnNames: _col0, _col1
                      Statistics: Num rows: 1 Data size: 108 Basic stats: COMPLETE Column stats: PARTIAL
                      Reduce Output Operator
                        key expressions: _col0 (type: string)
                        sort order: +
                        Map-reduce partition columns: _col0 (type: string)
                        Statistics: Num rows: 1934583 Data size: 208934964 Basic stats: COMPLETE Column stats: PARTIAL
                        value expressions: _col1 (type: double)
                      Reduce Output Operator
                        key expressions: _col0 (type: string)
                        sort order: +
                        Map-reduce partition columns: _col0 (type: string)
                        Statistics: Num rows: 1934583 Data size: 208934964 Basic stats: COMPLETE Column stats: PARTIAL
                        value expressions: _col1 (type: double)
                      Reduce Output Operator
                        key expressions: _col0 (type: string)
                        sort order: +
                        Map-reduce partition columns: _col0 (type: string)
                        Statistics: Num rows: 1934583 Data size: 208934964 Basic stats: COMPLETE Column stats: PARTIAL
                        value expressions: _col1 (type: double)
        Reducer 12 
            Execution mode: vectorized, llap
            Reduce Operator Tree:
              Group By Operator
                aggregations: sum(VALUE._col0)
                keys: KEY._col0 (type: string), KEY._col1 (type: string), KEY._col2 (type: string), KEY._col3 (type: string), KEY._col4 (type: string), KEY._col5 (type: string), KEY._col6 (type: string), KEY._col7 (type: int)
                mode: mergepartial
                outputColumnNames: _col0, _col1, _col2, _col3, _col4, _col5, _col6, _col7, _col8
                Statistics: Num rows: 1 Data size: 664 Basic stats: COMPLETE Column stats: PARTIAL
                Select Operator
                  expressions: _col0 (type: string), _col8 (type: double)
                  outputColumnNames: _col0, _col1
                  Statistics: Num rows: 1 Data size: 108 Basic stats: COMPLETE Column stats: PARTIAL
                  Reduce Output Operator
                    key expressions: _col0 (type: string)
                    sort order: +
                    Map-reduce partition columns: _col0 (type: string)
                    Statistics: Num rows: 5803746 Data size: 626804568 Basic stats: COMPLETE Column stats: PARTIAL
                    value expressions: _col1 (type: double)
                  Reduce Output Operator
                    key expressions: _col0 (type: string)
                    sort order: +
                    Map-reduce partition columns: _col0 (type: string)
                    Statistics: Num rows: 5803746 Data size: 626804568 Basic stats: COMPLETE Column stats: PARTIAL
                    value expressions: _col1 (type: double)
                  Reduce Output Operator
                    key expressions: _col0 (type: string)
                    sort order: +
                    Map-reduce partition columns: _col0 (type: string)
                    Statistics: Num rows: 5803746 Data size: 626804568 Basic stats: COMPLETE Column stats: PARTIAL
                    value expressions: _col1 (type: double)
        Reducer 14 
            Execution mode: vectorized, llap
            Reduce Operator Tree:
              Group By Operator
                aggregations: sum(VALUE._col0)
                keys: KEY._col0 (type: string), KEY._col1 (type: string), KEY._col2 (type: string), KEY._col3 (type: string), KEY._col4 (type: string), KEY._col5 (type: string), KEY._col6 (type: string), KEY._col7 (type: int)
                mode: mergepartial
                outputColumnNames: _col0, _col1, _col2, _col3, _col4, _col5, _col6, _col7, _col8
                Statistics: Num rows: 1 Data size: 664 Basic stats: COMPLETE Column stats: PARTIAL
                Select Operator
                  expressions: _col0 (type: string), _col3 (type: string), _col8 (type: double)
                  outputColumnNames: _col0, _col1, _col2
                  Statistics: Num rows: 1 Data size: 193 Basic stats: COMPLETE Column stats: PARTIAL
                  Reduce Output Operator
                    key expressions: _col0 (type: string)
                    sort order: +
                    Map-reduce partition columns: _col0 (type: string)
                    Statistics: Num rows: 74907333 Data size: 14457115269 Basic stats: COMPLETE Column stats: PARTIAL
                    value expressions: _col1 (type: string), _col2 (type: double)
        Reducer 16 
            Execution mode: vectorized, llap
            Reduce Operator Tree:
              Group By Operator
                aggregations: sum(VALUE._col0)
                keys: KEY._col0 (type: string), KEY._col1 (type: string), KEY._col2 (type: string), KEY._col3 (type: string), KEY._col4 (type: string), KEY._col5 (type: string), KEY._col6 (type: string), KEY._col7 (type: int)
                mode: mergepartial
                outputColumnNames: _col0, _col1, _col2, _col3, _col4, _col5, _col6, _col7, _col8
                Statistics: Num rows: 1 Data size: 664 Basic stats: COMPLETE Column stats: PARTIAL
                Select Operator
                  expressions: _col0 (type: string), _col8 (type: double)
                  outputColumnNames: _col0, _col8
                  Statistics: Num rows: 1 Data size: 108 Basic stats: COMPLETE Column stats: PARTIAL
                  Filter Operator
                    predicate: (_col8 > 0.0) (type: boolean)
                    Statistics: Num rows: 1 Data size: 108 Basic stats: COMPLETE Column stats: PARTIAL
                    Select Operator
                      expressions: _col0 (type: string), _col8 (type: double)
                      outputColumnNames: _col0, _col1
                      Statistics: Num rows: 1 Data size: 108 Basic stats: COMPLETE Column stats: PARTIAL
                      Reduce Output Operator
                        key expressions: _col0 (type: string)
                        sort order: +
                        Map-reduce partition columns: _col0 (type: string)
                        Statistics: Num rows: 5990655 Data size: 646990740 Basic stats: COMPLETE Column stats: PARTIAL
                        value expressions: _col1 (type: double)
        Reducer 19 
            Execution mode: vectorized, llap
            Reduce Operator Tree:
              Group By Operator
                aggregations: min(VALUE._col0), max(VALUE._col1), bloom_filter(VALUE._col2, expectedEntries=1000000)
                mode: final
                outputColumnNames: _col0, _col1, _col2
                Statistics: Num rows: 1 Data size: 24 Basic stats: COMPLETE Column stats: COMPLETE
                Reduce Output Operator
                  sort order: 
                  Statistics: Num rows: 1 Data size: 24 Basic stats: COMPLETE Column stats: COMPLETE
                  value expressions: _col0 (type: bigint), _col1 (type: bigint), _col2 (type: binary)
        Reducer 20 
            Execution mode: vectorized, llap
            Reduce Operator Tree:
              Group By Operator
                aggregations: min(VALUE._col0), max(VALUE._col1), bloom_filter(VALUE._col2, expectedEntries=1000000)
                mode: final
                outputColumnNames: _col0, _col1, _col2
                Statistics: Num rows: 1 Data size: 24 Basic stats: COMPLETE Column stats: COMPLETE
                Reduce Output Operator
                  sort order: 
                  Statistics: Num rows: 1 Data size: 24 Basic stats: COMPLETE Column stats: COMPLETE
                  value expressions: _col0 (type: bigint), _col1 (type: bigint), _col2 (type: binary)
        Reducer 21 
            Execution mode: vectorized, llap
            Reduce Operator Tree:
              Group By Operator
                aggregations: min(VALUE._col0), max(VALUE._col1), bloom_filter(VALUE._col2, expectedEntries=1000000)
                mode: final
                outputColumnNames: _col0, _col1, _col2
                Statistics: Num rows: 1 Data size: 24 Basic stats: COMPLETE Column stats: COMPLETE
                Reduce Output Operator
                  sort order: 
                  Statistics: Num rows: 1 Data size: 24 Basic stats: COMPLETE Column stats: COMPLETE
                  value expressions: _col0 (type: bigint), _col1 (type: bigint), _col2 (type: binary)
        Reducer 22 
            Execution mode: vectorized, llap
            Reduce Operator Tree:
              Group By Operator
                aggregations: min(VALUE._col0), max(VALUE._col1), bloom_filter(VALUE._col2, expectedEntries=1000000)
                mode: final
                outputColumnNames: _col0, _col1, _col2
                Statistics: Num rows: 1 Data size: 24 Basic stats: COMPLETE Column stats: COMPLETE
                Reduce Output Operator
                  sort order: 
                  Statistics: Num rows: 1 Data size: 24 Basic stats: COMPLETE Column stats: COMPLETE
                  value expressions: _col0 (type: bigint), _col1 (type: bigint), _col2 (type: binary)
        Reducer 23 
            Execution mode: vectorized, llap
            Reduce Operator Tree:
              Group By Operator
                aggregations: min(VALUE._col0), max(VALUE._col1), bloom_filter(VALUE._col2, expectedEntries=1000000)
                mode: final
                outputColumnNames: _col0, _col1, _col2
                Statistics: Num rows: 1 Data size: 24 Basic stats: COMPLETE Column stats: COMPLETE
                Reduce Output Operator
                  sort order: 
                  Statistics: Num rows: 1 Data size: 24 Basic stats: COMPLETE Column stats: COMPLETE
                  value expressions: _col0 (type: bigint), _col1 (type: bigint), _col2 (type: binary)
        Reducer 24 
            Execution mode: vectorized, llap
            Reduce Operator Tree:
              Group By Operator
                aggregations: min(VALUE._col0), max(VALUE._col1), bloom_filter(VALUE._col2, expectedEntries=1000000)
                mode: final
                outputColumnNames: _col0, _col1, _col2
                Statistics: Num rows: 1 Data size: 24 Basic stats: COMPLETE Column stats: COMPLETE
                Reduce Output Operator
                  sort order: 
                  Statistics: Num rows: 1 Data size: 24 Basic stats: COMPLETE Column stats: COMPLETE
                  value expressions: _col0 (type: bigint), _col1 (type: bigint), _col2 (type: binary)
        Reducer 27 
            Execution mode: vectorized, llap
            Reduce Operator Tree:
              Group By Operator
                aggregations: sum(VALUE._col0)
                keys: KEY._col0 (type: string), KEY._col1 (type: string), KEY._col2 (type: string), KEY._col3 (type: string), KEY._col4 (type: string), KEY._col5 (type: string), KEY._col6 (type: string), KEY._col7 (type: int)
                mode: mergepartial
                outputColumnNames: _col0, _col1, _col2, _col3, _col4, _col5, _col6, _col7, _col8
                Statistics: Num rows: 1 Data size: 664 Basic stats: COMPLETE Column stats: PARTIAL
                Select Operator
                  expressions: _col0 (type: string), _col8 (type: double)
                  outputColumnNames: _col0, _col1
                  Statistics: Num rows: 1 Data size: 108 Basic stats: COMPLETE Column stats: PARTIAL
                  Reduce Output Operator
                    key expressions: _col0 (type: string)
                    sort order: +
                    Map-reduce partition columns: _col0 (type: string)
                    Statistics: Num rows: 17971963 Data size: 1940972004 Basic stats: COMPLETE Column stats: PARTIAL
                    value expressions: _col1 (type: double)
        Reducer 28 
            Execution mode: vectorized, llap
            Reduce Operator Tree:
              Group By Operator
                aggregations: sum(VALUE._col0)
                keys: KEY._col0 (type: string), KEY._col1 (type: string), KEY._col2 (type: string), KEY._col3 (type: string), KEY._col4 (type: string), KEY._col5 (type: string), KEY._col6 (type: string), KEY._col7 (type: int)
                mode: mergepartial
                outputColumnNames: _col0, _col1, _col2, _col3, _col4, _col5, _col6, _col7, _col8
                Statistics: Num rows: 1 Data size: 664 Basic stats: COMPLETE Column stats: PARTIAL
                Select Operator
                  expressions: _col0 (type: string), _col8 (type: double)
                  outputColumnNames: _col0, _col8
                  Statistics: Num rows: 1 Data size: 108 Basic stats: COMPLETE Column stats: PARTIAL
                  Filter Operator
                    predicate: (_col8 > 0.0) (type: boolean)
                    Statistics: Num rows: 1 Data size: 108 Basic stats: COMPLETE Column stats: PARTIAL
                    Select Operator
                      expressions: _col0 (type: string), _col8 (type: double)
                      outputColumnNames: _col0, _col1
                      Statistics: Num rows: 1 Data size: 108 Basic stats: COMPLETE Column stats: PARTIAL
                      Map Join Operator
                        condition map:
                             Inner Join 0 to 1
                        keys:
                          0 _col0 (type: string)
                          1 _col0 (type: string)
                        outputColumnNames: _col0, _col1, _col3
                        input vertices:
                          1 Union 11
                        Statistics: Num rows: 124496957732 Data size: 14441647096912 Basic stats: COMPLETE Column stats: PARTIAL
                        Map Join Operator
                          condition map:
                               Inner Join 0 to 1
                          keys:
                            0 _col0 (type: string)
                            1 _col0 (type: string)
                          outputColumnNames: _col0, _col1, _col3, _col5
                          input vertices:
                            1 Union 13
                          Statistics: Num rows: 621814733605218 Data size: 77105026967047032 Basic stats: COMPLETE Column stats: PARTIAL
                          Reduce Output Operator
                            key expressions: _col0 (type: string)
                            sort order: +
                            Map-reduce partition columns: _col0 (type: string)
                            Statistics: Num rows: 621814733605218 Data size: 77105026967047032 Basic stats: COMPLETE Column stats: PARTIAL
                            value expressions: _col1 (type: double), _col3 (type: double), _col5 (type: double)
        Reducer 29 
            Execution mode: vectorized, llap
            Reduce Operator Tree:
              Group By Operator
                aggregations: sum(VALUE._col0)
                keys: KEY._col0 (type: string), KEY._col1 (type: string), KEY._col2 (type: string), KEY._col3 (type: string), KEY._col4 (type: string), KEY._col5 (type: string), KEY._col6 (type: string), KEY._col7 (type: int)
                mode: mergepartial
                outputColumnNames: _col0, _col1, _col2, _col3, _col4, _col5, _col6, _col7, _col8
                Statistics: Num rows: 1 Data size: 664 Basic stats: COMPLETE Column stats: PARTIAL
                Select Operator
                  expressions: _col0 (type: string), _col8 (type: double)
                  outputColumnNames: _col0, _col8
                  Statistics: Num rows: 1 Data size: 108 Basic stats: COMPLETE Column stats: PARTIAL
                  Filter Operator
                    predicate: (_col8 > 0.0) (type: boolean)
                    Statistics: Num rows: 1 Data size: 108 Basic stats: COMPLETE Column stats: PARTIAL
                    Select Operator
                      expressions: _col0 (type: string), _col8 (type: double)
                      outputColumnNames: _col0, _col1
                      Statistics: Num rows: 1 Data size: 108 Basic stats: COMPLETE Column stats: PARTIAL
                      Reduce Output Operator
                        key expressions: _col0 (type: string)
                        sort order: +
                        Map-reduce partition columns: _col0 (type: string)
                        Statistics: Num rows: 1934583 Data size: 208934964 Basic stats: COMPLETE Column stats: PARTIAL
                        value expressions: _col1 (type: double)
                      Reduce Output Operator
                        key expressions: _col0 (type: string)
                        sort order: +
                        Map-reduce partition columns: _col0 (type: string)
                        Statistics: Num rows: 1934583 Data size: 208934964 Basic stats: COMPLETE Column stats: PARTIAL
                        value expressions: _col1 (type: double)
                      Reduce Output Operator
                        key expressions: _col0 (type: string)
                        sort order: +
                        Map-reduce partition columns: _col0 (type: string)
                        Statistics: Num rows: 1934583 Data size: 208934964 Basic stats: COMPLETE Column stats: PARTIAL
                        value expressions: _col1 (type: double)
        Reducer 3 
            Execution mode: vectorized, llap
            Reduce Operator Tree:
              Group By Operator
                aggregations: sum(VALUE._col0)
                keys: KEY._col0 (type: string), KEY._col1 (type: string), KEY._col2 (type: string), KEY._col3 (type: string), KEY._col4 (type: string), KEY._col5 (type: string), KEY._col6 (type: string), KEY._col7 (type: int)
                mode: mergepartial
                outputColumnNames: _col0, _col1, _col2, _col3, _col4, _col5, _col6, _col7, _col8
                Statistics: Num rows: 1 Data size: 664 Basic stats: COMPLETE Column stats: PARTIAL
                Select Operator
                  expressions: _col0 (type: string), _col8 (type: double)
                  outputColumnNames: _col0, _col1
                  Statistics: Num rows: 1 Data size: 108 Basic stats: COMPLETE Column stats: PARTIAL
                  Reduce Output Operator
                    key expressions: _col0 (type: string)
                    sort order: +
                    Map-reduce partition columns: _col0 (type: string)
                    Statistics: Num rows: 17971963 Data size: 1940972004 Basic stats: COMPLETE Column stats: PARTIAL
                    value expressions: _col1 (type: double)
        Reducer 30 
            Execution mode: vectorized, llap
            Reduce Operator Tree:
              Group By Operator
                aggregations: sum(VALUE._col0)
                keys: KEY._col0 (type: string), KEY._col1 (type: string), KEY._col2 (type: string), KEY._col3 (type: string), KEY._col4 (type: string), KEY._col5 (type: string), KEY._col6 (type: string), KEY._col7 (type: int)
                mode: mergepartial
                outputColumnNames: _col0, _col1, _col2, _col3, _col4, _col5, _col6, _col7, _col8
                Statistics: Num rows: 1 Data size: 664 Basic stats: COMPLETE Column stats: PARTIAL
                Select Operator
                  expressions: _col0 (type: string), _col8 (type: double)
                  outputColumnNames: _col0, _col1
                  Statistics: Num rows: 1 Data size: 108 Basic stats: COMPLETE Column stats: PARTIAL
                  Reduce Output Operator
                    key expressions: _col0 (type: string)
                    sort order: +
                    Map-reduce partition columns: _col0 (type: string)
                    Statistics: Num rows: 5803746 Data size: 626804568 Basic stats: COMPLETE Column stats: PARTIAL
                    value expressions: _col1 (type: double)
                  Reduce Output Operator
                    key expressions: _col0 (type: string)
                    sort order: +
                    Map-reduce partition columns: _col0 (type: string)
                    Statistics: Num rows: 5803746 Data size: 626804568 Basic stats: COMPLETE Column stats: PARTIAL
                    value expressions: _col1 (type: double)
                  Reduce Output Operator
                    key expressions: _col0 (type: string)
                    sort order: +
                    Map-reduce partition columns: _col0 (type: string)
                    Statistics: Num rows: 5803746 Data size: 626804568 Basic stats: COMPLETE Column stats: PARTIAL
                    value expressions: _col1 (type: double)
        Reducer 31 
            Execution mode: vectorized, llap
            Reduce Operator Tree:
              Group By Operator
                aggregations: sum(VALUE._col0)
                keys: KEY._col0 (type: string), KEY._col1 (type: string), KEY._col2 (type: string), KEY._col3 (type: string), KEY._col4 (type: string), KEY._col5 (type: string), KEY._col6 (type: string), KEY._col7 (type: int)
                mode: mergepartial
                outputColumnNames: _col0, _col1, _col2, _col3, _col4, _col5, _col6, _col7, _col8
                Statistics: Num rows: 1 Data size: 664 Basic stats: COMPLETE Column stats: PARTIAL
                Select Operator
                  expressions: _col0 (type: string), _col3 (type: string), _col8 (type: double)
                  outputColumnNames: _col0, _col1, _col2
                  Statistics: Num rows: 1 Data size: 193 Basic stats: COMPLETE Column stats: PARTIAL
                  Reduce Output Operator
                    key expressions: _col0 (type: string)
                    sort order: +
                    Map-reduce partition columns: _col0 (type: string)
                    Statistics: Num rows: 74907333 Data size: 14457115269 Basic stats: COMPLETE Column stats: PARTIAL
                    value expressions: _col1 (type: string), _col2 (type: double)
        Reducer 32 
            Execution mode: vectorized, llap
            Reduce Operator Tree:
              Group By Operator
                aggregations: sum(VALUE._col0)
                keys: KEY._col0 (type: string), KEY._col1 (type: string), KEY._col2 (type: string), KEY._col3 (type: string), KEY._col4 (type: string), KEY._col5 (type: string), KEY._col6 (type: string), KEY._col7 (type: int)
                mode: mergepartial
                outputColumnNames: _col0, _col1, _col2, _col3, _col4, _col5, _col6, _col7, _col8
                Statistics: Num rows: 1 Data size: 664 Basic stats: COMPLETE Column stats: PARTIAL
                Select Operator
                  expressions: _col0 (type: string), _col8 (type: double)
                  outputColumnNames: _col0, _col8
                  Statistics: Num rows: 1 Data size: 108 Basic stats: COMPLETE Column stats: PARTIAL
                  Filter Operator
                    predicate: (_col8 > 0.0) (type: boolean)
                    Statistics: Num rows: 1 Data size: 108 Basic stats: COMPLETE Column stats: PARTIAL
                    Select Operator
                      expressions: _col0 (type: string), _col8 (type: double)
                      outputColumnNames: _col0, _col1
                      Statistics: Num rows: 1 Data size: 108 Basic stats: COMPLETE Column stats: PARTIAL
                      Reduce Output Operator
                        key expressions: _col0 (type: string)
                        sort order: +
                        Map-reduce partition columns: _col0 (type: string)
                        Statistics: Num rows: 5990655 Data size: 646990740 Basic stats: COMPLETE Column stats: PARTIAL
                        value expressions: _col1 (type: double)
        Reducer 34 
            Execution mode: vectorized, llap
            Reduce Operator Tree:
              Group By Operator
                aggregations: sum(VALUE._col0)
                keys: KEY._col0 (type: string), KEY._col1 (type: string), KEY._col2 (type: string), KEY._col3 (type: string), KEY._col4 (type: string), KEY._col5 (type: string), KEY._col6 (type: string)
                mode: mergepartial
                outputColumnNames: _col0, _col1, _col2, _col3, _col4, _col5, _col6, _col7
                Statistics: Num rows: 17971961 Data size: 11861494260 Basic stats: COMPLETE Column stats: COMPLETE
                Select Operator
                  expressions: _col0 (type: string), _col7 (type: double)
                  outputColumnNames: _col0, _col1
                  Statistics: Num rows: 17971961 Data size: 1940971788 Basic stats: COMPLETE Column stats: COMPLETE
                  Reduce Output Operator
                    key expressions: _col0 (type: string)
                    sort order: +
                    Map-reduce partition columns: _col0 (type: string)
                    Statistics: Num rows: 17971963 Data size: 1940972004 Basic stats: COMPLETE Column stats: PARTIAL
                    value expressions: _col1 (type: double)
        Reducer 36 
            Execution mode: vectorized, llap
            Reduce Operator Tree:
              Group By Operator
                aggregations: sum(VALUE._col0)
                keys: KEY._col0 (type: string), KEY._col1 (type: string), KEY._col2 (type: string), KEY._col3 (type: string), KEY._col4 (type: string), KEY._col5 (type: string), KEY._col6 (type: string)
                mode: mergepartial
                outputColumnNames: _col0, _col1, _col2, _col3, _col4, _col5, _col6, _col7
                Statistics: Num rows: 74907331 Data size: 49438838460 Basic stats: COMPLETE Column stats: PARTIAL
                Select Operator
                  expressions: _col0 (type: string), _col7 (type: double)
                  outputColumnNames: _col0, _col7
                  Statistics: Num rows: 74907331 Data size: 8089991748 Basic stats: COMPLETE Column stats: PARTIAL
                  Filter Operator
                    predicate: (_col7 > 0.0) (type: boolean)
                    Statistics: Num rows: 24969110 Data size: 2696663880 Basic stats: COMPLETE Column stats: PARTIAL
                    Select Operator
                      expressions: _col0 (type: string), _col7 (type: double)
                      outputColumnNames: _col0, _col1
                      Statistics: Num rows: 24969110 Data size: 2696663880 Basic stats: COMPLETE Column stats: PARTIAL
                      Map Join Operator
                        condition map:
                             Inner Join 0 to 1
                        keys:
                          0 _col0 (type: string)
                          1 _col0 (type: string)
                        outputColumnNames: _col0, _col1, _col3
                        input vertices:
                          1 Union 11
                        Statistics: Num rows: 124496957732 Data size: 14441647096912 Basic stats: COMPLETE Column stats: PARTIAL
                        Map Join Operator
                          condition map:
                               Inner Join 0 to 1
                          keys:
                            0 _col0 (type: string)
                            1 _col0 (type: string)
                          outputColumnNames: _col0, _col1, _col3, _col5
                          input vertices:
                            1 Union 13
                          Statistics: Num rows: 621814733605218 Data size: 77105026967047032 Basic stats: COMPLETE Column stats: PARTIAL
                          Reduce Output Operator
                            key expressions: _col0 (type: string)
                            sort order: +
                            Map-reduce partition columns: _col0 (type: string)
                            Statistics: Num rows: 621814733605218 Data size: 77105026967047032 Basic stats: COMPLETE Column stats: PARTIAL
                            value expressions: _col1 (type: double), _col3 (type: double), _col5 (type: double)
        Reducer 42 
            Execution mode: vectorized, llap
            Reduce Operator Tree:
              Group By Operator
                aggregations: sum(VALUE._col0)
                keys: KEY._col0 (type: string), KEY._col1 (type: string), KEY._col2 (type: string), KEY._col3 (type: string), KEY._col4 (type: string), KEY._col5 (type: string), KEY._col6 (type: string)
                mode: mergepartial
                outputColumnNames: _col0, _col1, _col2, _col3, _col4, _col5, _col6, _col7
                Statistics: Num rows: 5803744 Data size: 3830471040 Basic stats: COMPLETE Column stats: COMPLETE
                Select Operator
                  expressions: _col0 (type: string), _col7 (type: double)
                  outputColumnNames: _col0, _col7
                  Statistics: Num rows: 5803744 Data size: 626804352 Basic stats: COMPLETE Column stats: COMPLETE
                  Filter Operator
                    predicate: (_col7 > 0.0) (type: boolean)
                    Statistics: Num rows: 1934581 Data size: 208934748 Basic stats: COMPLETE Column stats: COMPLETE
                    Select Operator
                      expressions: _col0 (type: string), _col7 (type: double)
                      outputColumnNames: _col0, _col1
                      Statistics: Num rows: 1934581 Data size: 208934748 Basic stats: COMPLETE Column stats: COMPLETE
                      Reduce Output Operator
                        key expressions: _col0 (type: string)
                        sort order: +
                        Map-reduce partition columns: _col0 (type: string)
                        Statistics: Num rows: 1934583 Data size: 208934964 Basic stats: COMPLETE Column stats: PARTIAL
                        value expressions: _col1 (type: double)
                      Reduce Output Operator
                        key expressions: _col0 (type: string)
                        sort order: +
                        Map-reduce partition columns: _col0 (type: string)
                        Statistics: Num rows: 1934583 Data size: 208934964 Basic stats: COMPLETE Column stats: PARTIAL
                        value expressions: _col1 (type: double)
                      Reduce Output Operator
                        key expressions: _col0 (type: string)
                        sort order: +
                        Map-reduce partition columns: _col0 (type: string)
                        Statistics: Num rows: 1934583 Data size: 208934964 Basic stats: COMPLETE Column stats: PARTIAL
                        value expressions: _col1 (type: double)
        Reducer 47 
            Execution mode: vectorized, llap
            Reduce Operator Tree:
              Group By Operator
                aggregations: sum(VALUE._col0)
                keys: KEY._col0 (type: string), KEY._col1 (type: string), KEY._col2 (type: string), KEY._col3 (type: string), KEY._col4 (type: string), KEY._col5 (type: string), KEY._col6 (type: string)
                mode: mergepartial
                outputColumnNames: _col0, _col1, _col2, _col3, _col4, _col5, _col6, _col7
                Statistics: Num rows: 5803744 Data size: 3830471040 Basic stats: COMPLETE Column stats: COMPLETE
                Select Operator
                  expressions: _col0 (type: string), _col7 (type: double)
                  outputColumnNames: _col0, _col1
                  Statistics: Num rows: 5803744 Data size: 626804352 Basic stats: COMPLETE Column stats: COMPLETE
                  Reduce Output Operator
                    key expressions: _col0 (type: string)
                    sort order: +
                    Map-reduce partition columns: _col0 (type: string)
                    Statistics: Num rows: 5803746 Data size: 626804568 Basic stats: COMPLETE Column stats: PARTIAL
                    value expressions: _col1 (type: double)
                  Reduce Output Operator
                    key expressions: _col0 (type: string)
                    sort order: +
                    Map-reduce partition columns: _col0 (type: string)
                    Statistics: Num rows: 5803746 Data size: 626804568 Basic stats: COMPLETE Column stats: PARTIAL
                    value expressions: _col1 (type: double)
                  Reduce Output Operator
                    key expressions: _col0 (type: string)
                    sort order: +
                    Map-reduce partition columns: _col0 (type: string)
                    Statistics: Num rows: 5803746 Data size: 626804568 Basic stats: COMPLETE Column stats: PARTIAL
                    value expressions: _col1 (type: double)
        Reducer 5 
            Execution mode: vectorized, llap
            Reduce Operator Tree:
              Group By Operator
                aggregations: sum(VALUE._col0)
                keys: KEY._col0 (type: string), KEY._col1 (type: string), KEY._col2 (type: string), KEY._col3 (type: string), KEY._col4 (type: string), KEY._col5 (type: string), KEY._col6 (type: string), KEY._col7 (type: int)
                mode: mergepartial
                outputColumnNames: _col0, _col1, _col2, _col3, _col4, _col5, _col6, _col7, _col8
                Statistics: Num rows: 1 Data size: 664 Basic stats: COMPLETE Column stats: PARTIAL
                Select Operator
                  expressions: _col0 (type: string), _col8 (type: double)
                  outputColumnNames: _col0, _col8
                  Statistics: Num rows: 1 Data size: 108 Basic stats: COMPLETE Column stats: PARTIAL
                  Filter Operator
                    predicate: (_col8 > 0.0) (type: boolean)
                    Statistics: Num rows: 1 Data size: 108 Basic stats: COMPLETE Column stats: PARTIAL
                    Select Operator
                      expressions: _col0 (type: string), _col8 (type: double)
                      outputColumnNames: _col0, _col1
                      Statistics: Num rows: 1 Data size: 108 Basic stats: COMPLETE Column stats: PARTIAL
                      Map Join Operator
                        condition map:
                             Inner Join 0 to 1
                        keys:
                          0 _col0 (type: string)
                          1 _col0 (type: string)
                        outputColumnNames: _col0, _col1, _col3
                        input vertices:
                          1 Union 11
                        Statistics: Num rows: 124496957732 Data size: 14441647096912 Basic stats: COMPLETE Column stats: PARTIAL
                        Map Join Operator
                          condition map:
                               Inner Join 0 to 1
                          keys:
                            0 _col0 (type: string)
                            1 _col0 (type: string)
                          outputColumnNames: _col0, _col1, _col3, _col5
                          input vertices:
                            1 Union 13
                          Statistics: Num rows: 621814733605218 Data size: 77105026967047032 Basic stats: COMPLETE Column stats: PARTIAL
                          Reduce Output Operator
                            key expressions: _col0 (type: string)
                            sort order: +
                            Map-reduce partition columns: _col0 (type: string)
                            Statistics: Num rows: 621814733605218 Data size: 77105026967047032 Basic stats: COMPLETE Column stats: PARTIAL
                            value expressions: _col1 (type: double), _col3 (type: double), _col5 (type: double)
        Reducer 50 
            Execution mode: vectorized, llap
            Reduce Operator Tree:
              Group By Operator
                aggregations: sum(VALUE._col0)
                keys: KEY._col0 (type: string), KEY._col1 (type: string), KEY._col2 (type: string), KEY._col3 (type: string), KEY._col4 (type: string), KEY._col5 (type: string), KEY._col6 (type: string)
                mode: mergepartial
                outputColumnNames: _col0, _col1, _col2, _col3, _col4, _col5, _col6, _col7
                Statistics: Num rows: 74907331 Data size: 49438838460 Basic stats: COMPLETE Column stats: PARTIAL
                Select Operator
                  expressions: _col0 (type: string), _col3 (type: string), _col7 (type: double)
                  outputColumnNames: _col0, _col1, _col2
                  Statistics: Num rows: 74907331 Data size: 14457114883 Basic stats: COMPLETE Column stats: PARTIAL
                  Reduce Output Operator
                    key expressions: _col0 (type: string)
                    sort order: +
                    Map-reduce partition columns: _col0 (type: string)
                    Statistics: Num rows: 74907333 Data size: 14457115269 Basic stats: COMPLETE Column stats: PARTIAL
                    value expressions: _col1 (type: string), _col2 (type: double)
        Reducer 57 
            Execution mode: vectorized, llap
            Reduce Operator Tree:
              Group By Operator
                aggregations: sum(VALUE._col0)
                keys: KEY._col0 (type: string), KEY._col1 (type: string), KEY._col2 (type: string), KEY._col3 (type: string), KEY._col4 (type: string), KEY._col5 (type: string), KEY._col6 (type: string)
                mode: mergepartial
                outputColumnNames: _col0, _col1, _col2, _col3, _col4, _col5, _col6, _col7
                Statistics: Num rows: 17971961 Data size: 11861494260 Basic stats: COMPLETE Column stats: COMPLETE
                Select Operator
                  expressions: _col0 (type: string), _col7 (type: double)
                  outputColumnNames: _col0, _col7
                  Statistics: Num rows: 17971961 Data size: 1940971788 Basic stats: COMPLETE Column stats: COMPLETE
                  Filter Operator
                    predicate: (_col7 > 0.0) (type: boolean)
                    Statistics: Num rows: 5990653 Data size: 646990524 Basic stats: COMPLETE Column stats: COMPLETE
                    Select Operator
                      expressions: _col0 (type: string), _col7 (type: double)
                      outputColumnNames: _col0, _col1
                      Statistics: Num rows: 5990653 Data size: 646990524 Basic stats: COMPLETE Column stats: COMPLETE
                      Reduce Output Operator
                        key expressions: _col0 (type: string)
                        sort order: +
                        Map-reduce partition columns: _col0 (type: string)
                        Statistics: Num rows: 5990655 Data size: 646990740 Basic stats: COMPLETE Column stats: PARTIAL
                        value expressions: _col1 (type: double)
        Reducer 7 
            Execution mode: llap
            Reduce Operator Tree:
              Map Join Operator
                condition map:
                     Inner Join 0 to 1
                keys:
                  0 KEY.reducesinkkey0 (type: string)
                  1 KEY.reducesinkkey0 (type: string)
                outputColumnNames: _col0, _col1, _col3, _col5, _col7, _col8
                input vertices:
                  1 Union 15
                Statistics: Num rows: 9223372036854775807 Data size: 9223372036854775807 Basic stats: COMPLETE Column stats: PARTIAL
                Select Operator
                  expressions: _col0 (type: string), _col1 (type: double), _col7 (type: string), _col8 (type: double), _col3 (type: double), _col5 (type: double)
                  outputColumnNames: _col0, _col1, _col3, _col4, _col6, _col8
                  Statistics: Num rows: 9223372036854775807 Data size: 9223372036854775807 Basic stats: COMPLETE Column stats: PARTIAL
                  Filter Operator
                    predicate: CASE WHEN ((_col1 > 0.0)) THEN (CASE WHEN ((_col6 > 0.0)) THEN (((_col8 / _col6) > (_col4 / _col1))) ELSE ((null > (_col4 / _col1))) END) ELSE (CASE WHEN ((_col6 > 0.0)) THEN (((_col8 / _col6) > null)) ELSE (null) END) END (type: boolean)
                    Statistics: Num rows: 4611686018427387903 Data size: 9223372036854775807 Basic stats: COMPLETE Column stats: PARTIAL
                    Select Operator
                      expressions: _col0 (type: string), _col3 (type: string), _col6 (type: double), _col8 (type: double)
                      outputColumnNames: _col0, _col3, _col6, _col8
                      Statistics: Num rows: 4611686018427387903 Data size: 9223372036854775807 Basic stats: COMPLETE Column stats: PARTIAL
                      Reduce Output Operator
                        key expressions: _col0 (type: string)
                        sort order: +
                        Map-reduce partition columns: _col0 (type: string)
                        Statistics: Num rows: 4611686018427387903 Data size: 9223372036854775807 Basic stats: COMPLETE Column stats: PARTIAL
                        value expressions: _col3 (type: string), _col6 (type: double), _col8 (type: double)
        Reducer 8 
            Execution mode: llap
            Reduce Operator Tree:
              Map Join Operator
                condition map:
                     Inner Join 0 to 1
                keys:
                  0 KEY.reducesinkkey0 (type: string)
                  1 KEY.reducesinkkey0 (type: string)
                outputColumnNames: _col1, _col2, _col5, _col8, _col10
                input vertices:
                  0 Union 4
                Statistics: Num rows: 9223372036854775807 Data size: 9223372036854775807 Basic stats: COMPLETE Column stats: PARTIAL
                Map Join Operator
                  condition map:
                       Inner Join 0 to 1
                  keys:
                    0 _col2 (type: string)
                    1 _col0 (type: string)
                  outputColumnNames: _col1, _col5, _col8, _col10, _col12
                  input vertices:
                    1 Union 17
                  Statistics: Num rows: 9223372036854775807 Data size: 9223372036854775807 Basic stats: COMPLETE Column stats: PARTIAL
                  Select Operator
                    expressions: _col5 (type: string), _col8 (type: double), _col10 (type: double), _col12 (type: double), _col1 (type: double)
                    outputColumnNames: _col3, _col6, _col8, _col10, _col12
                    Statistics: Num rows: 9223372036854775807 Data size: 9223372036854775807 Basic stats: COMPLETE Column stats: PARTIAL
                    Filter Operator
                      predicate: CASE WHEN ((_col10 > 0.0)) THEN (CASE WHEN ((_col6 > 0.0)) THEN (((_col8 / _col6) > (_col12 / _col10))) ELSE ((null > (_col12 / _col10))) END) ELSE (CASE WHEN ((_col6 > 0.0)) THEN (((_col8 / _col6) > null)) ELSE (null) END) END (type: boolean)
                      Statistics: Num rows: 4611686018427387903 Data size: 9223372036854775807 Basic stats: COMPLETE Column stats: PARTIAL
                      Select Operator
                        expressions: _col3 (type: string)
                        outputColumnNames: _col0
                        Statistics: Num rows: 4611686018427387903 Data size: 9223372036854775807 Basic stats: COMPLETE Column stats: PARTIAL
                        Reduce Output Operator
                          key expressions: _col0 (type: string)
                          sort order: +
                          Statistics: Num rows: 4611686018427387903 Data size: 9223372036854775807 Basic stats: COMPLETE Column stats: PARTIAL
                          TopN Hash Memory Usage: 0.04
        Reducer 9 
            Execution mode: vectorized, llap
            Reduce Operator Tree:
              Select Operator
                expressions: KEY.reducesinkkey0 (type: string)
                outputColumnNames: _col0
                Statistics: Num rows: 4611686018427387903 Data size: 9223372036854775807 Basic stats: COMPLETE Column stats: PARTIAL
                Limit
                  Number of rows: 100
                  Statistics: Num rows: 100 Data size: 8500 Basic stats: COMPLETE Column stats: PARTIAL
                  File Output Operator
                    compressed: false
                    Statistics: Num rows: 100 Data size: 8500 Basic stats: COMPLETE Column stats: PARTIAL
                    table:
                        input format: org.apache.hadoop.mapred.SequenceFileInputFormat
                        output format: org.apache.hadoop.hive.ql.io.HiveSequenceFileOutputFormat
                        serde: org.apache.hadoop.hive.serde2.lazy.LazySimpleSerDe
        Union 11 
            Vertex: Union 11
        Union 13 
            Vertex: Union 13
        Union 15 
            Vertex: Union 15
        Union 17 
            Vertex: Union 17
        Union 4 
            Vertex: Union 4
        Union 6 
            Vertex: Union 6

  Stage: Stage-0
    Fetch Operator
      limit: 100
      Processor Tree:
        ListSink