STAGE DEPENDENCIES:
  Stage-1 is a root stage
  Stage-0 depends on stages: Stage-1

STAGE PLANS:
  Stage: Stage-1
    Tez
      DagId: hive_20170626025557_dda4e021-1c44-40fa-ada2-722bb1c28225:417
      Edges:
        Map 1 <- Map 11 (BROADCAST_EDGE), Reducer 13 (BROADCAST_EDGE), Reducer 14 (BROADCAST_EDGE)
        Map 15 <- Map 11 (BROADCAST_EDGE), Reducer 21 (BROADCAST_EDGE), Reducer 22 (BROADCAST_EDGE)
        Map 23 <- Map 11 (BROADCAST_EDGE), Reducer 29 (BROADCAST_EDGE)
        Reducer 10 <- Reducer 9 (SIMPLE_EDGE)
        Reducer 13 <- Map 12 (CUSTOM_SIMPLE_EDGE)
        Reducer 14 <- Map 12 (CUSTOM_SIMPLE_EDGE)
        Reducer 16 <- Map 15 (CUSTOM_SIMPLE_EDGE), Map 20 (CUSTOM_SIMPLE_EDGE)
        Reducer 17 <- Reducer 16 (SIMPLE_EDGE)
        Reducer 18 <- Reducer 17 (SIMPLE_EDGE)
        Reducer 19 <- Reducer 18 (SIMPLE_EDGE), Union 6 (CONTAINS)
        Reducer 2 <- Map 1 (CUSTOM_SIMPLE_EDGE), Map 12 (CUSTOM_SIMPLE_EDGE)
        Reducer 21 <- Map 20 (CUSTOM_SIMPLE_EDGE)
        Reducer 22 <- Map 20 (CUSTOM_SIMPLE_EDGE)
        Reducer 24 <- Map 23 (CUSTOM_SIMPLE_EDGE), Map 28 (CUSTOM_SIMPLE_EDGE)
        Reducer 25 <- Reducer 24 (SIMPLE_EDGE)
        Reducer 26 <- Reducer 25 (SIMPLE_EDGE)
        Reducer 27 <- Reducer 26 (SIMPLE_EDGE), Union 8 (CONTAINS)
        Reducer 29 <- Map 28 (CUSTOM_SIMPLE_EDGE)
        Reducer 3 <- Reducer 2 (SIMPLE_EDGE)
        Reducer 4 <- Reducer 3 (SIMPLE_EDGE)
        Reducer 5 <- Reducer 4 (SIMPLE_EDGE), Union 6 (CONTAINS)
        Reducer 7 <- Union 6 (SIMPLE_EDGE), Union 8 (CONTAINS)
        Reducer 9 <- Union 8 (SIMPLE_EDGE)
      DagName: query49.sql
      Vertices:
        Map 1 
            Map Operator Tree:
                TableScan
                  alias: ws
                  filterExpr: ((ws_net_profit > 1.0) and (ws_net_paid > 0.0) and (ws_quantity > 0) and ws_order_number is not null and ws_item_sk is not null and (ws_item_sk BETWEEN DynamicValue(RS_13_wr_wr_item_sk_min) AND DynamicValue(RS_13_wr_wr_item_sk_max) and in_bloom_filter(ws_item_sk, DynamicValue(RS_13_wr_wr_item_sk_bloom_filter))) and (ws_order_number BETWEEN DynamicValue(RS_13_wr_wr_order_number_min) AND DynamicValue(RS_13_wr_wr_order_number_max) and in_bloom_filter(ws_order_number, DynamicValue(RS_13_wr_wr_order_number_bloom_filter)))) (type: boolean)
                  Statistics: Num rows: 71959659800 Data size: 3166171743824 Basic stats: COMPLETE Column stats: PARTIAL
                  Filter Operator
                    predicate: ((ws_net_profit > 1.0) and (ws_net_paid > 0.0) and (ws_quantity > 0) and ws_order_number is not null and ws_item_sk is not null and (ws_item_sk BETWEEN DynamicValue(RS_13_wr_wr_item_sk_min) AND DynamicValue(RS_13_wr_wr_item_sk_max) and in_bloom_filter(ws_item_sk, DynamicValue(RS_13_wr_wr_item_sk_bloom_filter))) and (ws_order_number BETWEEN DynamicValue(RS_13_wr_wr_order_number_min) AND DynamicValue(RS_13_wr_wr_order_number_max) and in_bloom_filter(ws_order_number, DynamicValue(RS_13_wr_wr_order_number_bloom_filter)))) (type: boolean)
                    Statistics: Num rows: 23986553266 Data size: 1055390581252 Basic stats: COMPLETE Column stats: PARTIAL
                    Select Operator
                      expressions: ws_item_sk (type: bigint), ws_order_number (type: bigint), ws_quantity (type: int), ws_net_paid (type: double), ws_sold_date_sk (type: bigint)
                      outputColumnNames: _col0, _col1, _col2, _col3, _col5
                      Statistics: Num rows: 23986553266 Data size: 1055390581252 Basic stats: COMPLETE Column stats: PARTIAL
                      Map Join Operator
                        condition map:
                             Inner Join 0 to 1
                        keys:
                          0 _col5 (type: bigint)
                          1 _col0 (type: bigint)
                        outputColumnNames: _col0, _col1, _col2, _col3
                        input vertices:
                          1 Map 11
                        Statistics: Num rows: 8564632320 Data size: 239809704960 Basic stats: COMPLETE Column stats: PARTIAL
                        Reduce Output Operator
                          key expressions: _col0 (type: bigint), _col1 (type: bigint)
                          sort order: ++
                          Map-reduce partition columns: _col0 (type: bigint), _col1 (type: bigint)
                          Statistics: Num rows: 8564632320 Data size: 239809704960 Basic stats: COMPLETE Column stats: PARTIAL
                          value expressions: _col2 (type: int), _col3 (type: double)
            Execution mode: vectorized, llap
            LLAP IO: all inputs
        Map 11 
            Map Operator Tree:
                TableScan
                  alias: date_dim
                  filterExpr: ((d_year = 2000) and (d_moy = 12) and d_date_sk is not null) (type: boolean)
                  Statistics: Num rows: 73049 Data size: 1168784 Basic stats: COMPLETE Column stats: COMPLETE
                  Filter Operator
                    predicate: ((d_year = 2000) and (d_moy = 12) and d_date_sk is not null) (type: boolean)
                    Statistics: Num rows: 652 Data size: 10432 Basic stats: COMPLETE Column stats: COMPLETE
                    Select Operator
                      expressions: d_date_sk (type: bigint)
                      outputColumnNames: _col0
                      Statistics: Num rows: 652 Data size: 10432 Basic stats: COMPLETE Column stats: COMPLETE
                      Reduce Output Operator
                        key expressions: _col0 (type: bigint)
                        sort order: +
                        Map-reduce partition columns: _col0 (type: bigint)
                        Statistics: Num rows: 652 Data size: 10432 Basic stats: COMPLETE Column stats: COMPLETE
                      Select Operator
                        expressions: _col0 (type: bigint)
                        outputColumnNames: _col0
                        Statistics: Num rows: 652 Data size: 10432 Basic stats: COMPLETE Column stats: COMPLETE
                        Group By Operator
                          keys: _col0 (type: bigint)
                          mode: hash
                          outputColumnNames: _col0
                          Statistics: Num rows: 326 Data size: 5216 Basic stats: COMPLETE Column stats: COMPLETE
                          Dynamic Partitioning Event Operator
                            Target column: ws_sold_date_sk (bigint)
                            Target Input: ws
                            Partition key expr: ws_sold_date_sk
                            Statistics: Num rows: 326 Data size: 5216 Basic stats: COMPLETE Column stats: COMPLETE
                            Target Vertex: Map 1
                  Filter Operator
                    predicate: ((d_year = 2000) and (d_moy = 12) and d_date_sk is not null) (type: boolean)
                    Statistics: Num rows: 652 Data size: 10432 Basic stats: COMPLETE Column stats: COMPLETE
                    Select Operator
                      expressions: d_date_sk (type: bigint)
                      outputColumnNames: _col0
                      Statistics: Num rows: 652 Data size: 10432 Basic stats: COMPLETE Column stats: COMPLETE
                      Reduce Output Operator
                        key expressions: _col0 (type: bigint)
                        sort order: +
                        Map-reduce partition columns: _col0 (type: bigint)
                        Statistics: Num rows: 652 Data size: 10432 Basic stats: COMPLETE Column stats: COMPLETE
                      Select Operator
                        expressions: _col0 (type: bigint)
                        outputColumnNames: _col0
                        Statistics: Num rows: 652 Data size: 10432 Basic stats: COMPLETE Column stats: COMPLETE
                        Group By Operator
                          keys: _col0 (type: bigint)
                          mode: hash
                          outputColumnNames: _col0
                          Statistics: Num rows: 326 Data size: 5216 Basic stats: COMPLETE Column stats: COMPLETE
                          Dynamic Partitioning Event Operator
                            Target column: cs_sold_date_sk (bigint)
                            Target Input: cs
                            Partition key expr: cs_sold_date_sk
                            Statistics: Num rows: 326 Data size: 5216 Basic stats: COMPLETE Column stats: COMPLETE
                            Target Vertex: Map 15
                  Filter Operator
                    predicate: ((d_year = 2000) and (d_moy = 12) and d_date_sk is not null) (type: boolean)
                    Statistics: Num rows: 652 Data size: 10432 Basic stats: COMPLETE Column stats: COMPLETE
                    Select Operator
                      expressions: d_date_sk (type: bigint)
                      outputColumnNames: _col0
                      Statistics: Num rows: 652 Data size: 10432 Basic stats: COMPLETE Column stats: COMPLETE
                      Reduce Output Operator
                        key expressions: _col0 (type: bigint)
                        sort order: +
                        Map-reduce partition columns: _col0 (type: bigint)
                        Statistics: Num rows: 652 Data size: 10432 Basic stats: COMPLETE Column stats: COMPLETE
                      Select Operator
                        expressions: _col0 (type: bigint)
                        outputColumnNames: _col0
                        Statistics: Num rows: 652 Data size: 10432 Basic stats: COMPLETE Column stats: COMPLETE
                        Group By Operator
                          keys: _col0 (type: bigint)
                          mode: hash
                          outputColumnNames: _col0
                          Statistics: Num rows: 326 Data size: 5216 Basic stats: COMPLETE Column stats: COMPLETE
                          Dynamic Partitioning Event Operator
                            Target column: ss_sold_date_sk (bigint)
                            Target Input: sts
                            Partition key expr: ss_sold_date_sk
                            Statistics: Num rows: 326 Data size: 5216 Basic stats: COMPLETE Column stats: COMPLETE
                            Target Vertex: Map 23
            Execution mode: vectorized, llap
            LLAP IO: all inputs
        Map 12 
            Map Operator Tree:
                TableScan
                  alias: wr
                  filterExpr: ((wr_return_amt > 10000.0) and wr_item_sk is not null and wr_order_number is not null) (type: boolean)
                  Statistics: Num rows: 7191510606 Data size: 200525618236 Basic stats: COMPLETE Column stats: PARTIAL
                  Filter Operator
                    predicate: ((wr_return_amt > 10000.0) and wr_item_sk is not null and wr_order_number is not null) (type: boolean)
                    Statistics: Num rows: 2397170202 Data size: 66841872752 Basic stats: COMPLETE Column stats: PARTIAL
                    Select Operator
                      expressions: wr_item_sk (type: bigint), wr_order_number (type: bigint), wr_return_quantity (type: int), wr_return_amt (type: double)
                      outputColumnNames: _col0, _col1, _col2, _col3
                      Statistics: Num rows: 2397170202 Data size: 66841872752 Basic stats: COMPLETE Column stats: PARTIAL
                      Reduce Output Operator
                        key expressions: _col0 (type: bigint), _col1 (type: bigint)
                        sort order: ++
                        Map-reduce partition columns: _col0 (type: bigint), _col1 (type: bigint)
                        Statistics: Num rows: 2397170202 Data size: 66841872752 Basic stats: COMPLETE Column stats: PARTIAL
                        value expressions: _col2 (type: int), _col3 (type: double)
                      Select Operator
                        expressions: _col0 (type: bigint)
                        outputColumnNames: _col0
                        Statistics: Num rows: 2397170202 Data size: 19177361616 Basic stats: COMPLETE Column stats: PARTIAL
                        Group By Operator
                          aggregations: min(_col0), max(_col0), bloom_filter(_col0, expectedEntries=1000000)
                          mode: hash
                          outputColumnNames: _col0, _col1, _col2
                          Statistics: Num rows: 1 Data size: 24 Basic stats: COMPLETE Column stats: PARTIAL
                          Reduce Output Operator
                            sort order: 
                            Statistics: Num rows: 1 Data size: 24 Basic stats: COMPLETE Column stats: PARTIAL
                            value expressions: _col0 (type: bigint), _col1 (type: bigint), _col2 (type: binary)
                      Select Operator
                        expressions: _col1 (type: bigint)
                        outputColumnNames: _col0
                        Statistics: Num rows: 2397170202 Data size: 19177361616 Basic stats: COMPLETE Column stats: PARTIAL
                        Group By Operator
                          aggregations: min(_col0), max(_col0), bloom_filter(_col0, expectedEntries=4895572)
                          mode: hash
                          outputColumnNames: _col0, _col1, _col2
                          Statistics: Num rows: 1 Data size: 24 Basic stats: COMPLETE Column stats: PARTIAL
                          Reduce Output Operator
                            sort order: 
                            Statistics: Num rows: 1 Data size: 24 Basic stats: COMPLETE Column stats: PARTIAL
                            value expressions: _col0 (type: bigint), _col1 (type: bigint), _col2 (type: binary)
            Execution mode: vectorized, llap
            LLAP IO: all inputs
        Map 15 
            Map Operator Tree:
                TableScan
                  alias: cs
                  filterExpr: ((cs_net_profit > 1.0) and (cs_net_paid > 0.0) and (cs_quantity > 0) and cs_order_number is not null and cs_item_sk is not null and (cs_item_sk BETWEEN DynamicValue(RS_45_cr_cr_item_sk_min) AND DynamicValue(RS_45_cr_cr_item_sk_max) and in_bloom_filter(cs_item_sk, DynamicValue(RS_45_cr_cr_item_sk_bloom_filter))) and (cs_order_number BETWEEN DynamicValue(RS_45_cr_cr_order_number_min) AND DynamicValue(RS_45_cr_cr_order_number_max) and in_bloom_filter(cs_order_number, DynamicValue(RS_45_cr_cr_order_number_bloom_filter)))) (type: boolean)
                  Statistics: Num rows: 143352541321 Data size: 6305324968256 Basic stats: COMPLETE Column stats: COMPLETE
                  Filter Operator
                    predicate: ((cs_net_profit > 1.0) and (cs_net_paid > 0.0) and (cs_quantity > 0) and cs_order_number is not null and cs_item_sk is not null and (cs_item_sk BETWEEN DynamicValue(RS_45_cr_cr_item_sk_min) AND DynamicValue(RS_45_cr_cr_item_sk_max) and in_bloom_filter(cs_item_sk, DynamicValue(RS_45_cr_cr_item_sk_bloom_filter))) and (cs_order_number BETWEEN DynamicValue(RS_45_cr_cr_order_number_min) AND DynamicValue(RS_45_cr_cr_order_number_max) and in_bloom_filter(cs_order_number, DynamicValue(RS_45_cr_cr_order_number_bloom_filter)))) (type: boolean)
                    Statistics: Num rows: 47784180440 Data size: 2101774989412 Basic stats: COMPLETE Column stats: COMPLETE
                    Select Operator
                      expressions: cs_item_sk (type: bigint), cs_order_number (type: bigint), cs_quantity (type: int), cs_net_paid (type: double), cs_sold_date_sk (type: bigint)
                      outputColumnNames: _col0, _col1, _col2, _col3, _col5
                      Statistics: Num rows: 47784180440 Data size: 2101774989412 Basic stats: COMPLETE Column stats: COMPLETE
                      Map Join Operator
                        condition map:
                             Inner Join 0 to 1
                        keys:
                          0 _col5 (type: bigint)
                          1 _col0 (type: bigint)
                        outputColumnNames: _col0, _col1, _col2, _col3
                        input vertices:
                          1 Map 11
                        Statistics: Num rows: 16941196750 Data size: 474353509000 Basic stats: COMPLETE Column stats: COMPLETE
                        Reduce Output Operator
                          key expressions: _col0 (type: bigint), _col1 (type: bigint)
                          sort order: ++
                          Map-reduce partition columns: _col0 (type: bigint), _col1 (type: bigint)
                          Statistics: Num rows: 16941196750 Data size: 474353509000 Basic stats: COMPLETE Column stats: COMPLETE
                          value expressions: _col2 (type: int), _col3 (type: double)
            Execution mode: vectorized, llap
            LLAP IO: all inputs
        Map 20 
            Map Operator Tree:
                TableScan
                  alias: cr
                  filterExpr: ((cr_return_amount > 10000.0) and cr_item_sk is not null and cr_order_number is not null) (type: boolean)
                  Statistics: Num rows: 14403369483 Data size: 401764797484 Basic stats: COMPLETE Column stats: COMPLETE
                  Filter Operator
                    predicate: ((cr_return_amount > 10000.0) and cr_item_sk is not null and cr_order_number is not null) (type: boolean)
                    Statistics: Num rows: 4801123161 Data size: 133921599172 Basic stats: COMPLETE Column stats: COMPLETE
                    Select Operator
                      expressions: cr_item_sk (type: bigint), cr_order_number (type: bigint), cr_return_quantity (type: int), cr_return_amount (type: double)
                      outputColumnNames: _col0, _col1, _col2, _col3
                      Statistics: Num rows: 4801123161 Data size: 133921599172 Basic stats: COMPLETE Column stats: COMPLETE
                      Reduce Output Operator
                        key expressions: _col0 (type: bigint), _col1 (type: bigint)
                        sort order: ++
                        Map-reduce partition columns: _col0 (type: bigint), _col1 (type: bigint)
                        Statistics: Num rows: 4801123161 Data size: 133921599172 Basic stats: COMPLETE Column stats: COMPLETE
                        value expressions: _col2 (type: int), _col3 (type: double)
                      Select Operator
                        expressions: _col0 (type: bigint)
                        outputColumnNames: _col0
                        Statistics: Num rows: 4801123161 Data size: 38408985288 Basic stats: COMPLETE Column stats: COMPLETE
                        Group By Operator
                          aggregations: min(_col0), max(_col0), bloom_filter(_col0, expectedEntries=1000000)
                          mode: hash
                          outputColumnNames: _col0, _col1, _col2
                          Statistics: Num rows: 1 Data size: 24 Basic stats: COMPLETE Column stats: COMPLETE
                          Reduce Output Operator
                            sort order: 
                            Statistics: Num rows: 1 Data size: 24 Basic stats: COMPLETE Column stats: COMPLETE
                            value expressions: _col0 (type: bigint), _col1 (type: bigint), _col2 (type: binary)
                      Select Operator
                        expressions: _col1 (type: bigint)
                        outputColumnNames: _col0
                        Statistics: Num rows: 4801123161 Data size: 38408985288 Basic stats: COMPLETE Column stats: COMPLETE
                        Group By Operator
                          aggregations: min(_col0), max(_col0), bloom_filter(_col0, expectedEntries=11643696)
                          mode: hash
                          outputColumnNames: _col0, _col1, _col2
                          Statistics: Num rows: 1 Data size: 24 Basic stats: COMPLETE Column stats: COMPLETE
                          Reduce Output Operator
                            sort order: 
                            Statistics: Num rows: 1 Data size: 24 Basic stats: COMPLETE Column stats: COMPLETE
                            value expressions: _col0 (type: bigint), _col1 (type: bigint), _col2 (type: binary)
            Execution mode: vectorized, llap
            LLAP IO: all inputs
        Map 23 
            Map Operator Tree:
                TableScan
                  alias: sts
                  filterExpr: ((ss_net_profit > 1.0) and (ss_net_paid > 0.0) and (ss_quantity > 0) and ss_item_sk is not null and ss_ticket_number is not null and (ss_item_sk BETWEEN DynamicValue(RS_84_sr_sr_item_sk_min) AND DynamicValue(RS_84_sr_sr_item_sk_max) and in_bloom_filter(ss_item_sk, DynamicValue(RS_84_sr_sr_item_sk_bloom_filter)))) (type: boolean)
                  Statistics: Num rows: 275035746821 Data size: 12035453258092 Basic stats: COMPLETE Column stats: COMPLETE
                  Filter Operator
                    predicate: ((ss_net_profit > 1.0) and (ss_net_paid > 0.0) and (ss_quantity > 0) and ss_item_sk is not null and ss_ticket_number is not null and (ss_item_sk BETWEEN DynamicValue(RS_84_sr_sr_item_sk_min) AND DynamicValue(RS_84_sr_sr_item_sk_max) and in_bloom_filter(ss_item_sk, DynamicValue(RS_84_sr_sr_item_sk_bloom_filter)))) (type: boolean)
                    Statistics: Num rows: 91678582273 Data size: 4011817752680 Basic stats: COMPLETE Column stats: COMPLETE
                    Select Operator
                      expressions: ss_item_sk (type: bigint), ss_ticket_number (type: bigint), ss_quantity (type: int), ss_net_paid (type: double), ss_sold_date_sk (type: bigint)
                      outputColumnNames: _col0, _col1, _col2, _col3, _col5
                      Statistics: Num rows: 91678582273 Data size: 4011817752680 Basic stats: COMPLETE Column stats: COMPLETE
                      Map Join Operator
                        condition map:
                             Inner Join 0 to 1
                        keys:
                          0 _col5 (type: bigint)
                          1 _col0 (type: bigint)
                        outputColumnNames: _col0, _col1, _col2, _col3
                        input vertices:
                          1 Map 11
                        Statistics: Num rows: 32734730164 Data size: 916572444592 Basic stats: COMPLETE Column stats: COMPLETE
                        Reduce Output Operator
                          key expressions: _col0 (type: bigint), _col1 (type: bigint)
                          sort order: ++
                          Map-reduce partition columns: _col0 (type: bigint), _col1 (type: bigint)
                          Statistics: Num rows: 32734730164 Data size: 916572444592 Basic stats: COMPLETE Column stats: COMPLETE
                          value expressions: _col2 (type: int), _col3 (type: double)
            Execution mode: vectorized, llap
            LLAP IO: all inputs
        Map 28 
            Map Operator Tree:
                TableScan
                  alias: sr
                  filterExpr: ((sr_return_amt > 10000.0) and sr_item_sk is not null and sr_ticket_number is not null) (type: boolean)
                  Statistics: Num rows: 28777641316 Data size: 802967349592 Basic stats: COMPLETE Column stats: PARTIAL
                  Filter Operator
                    predicate: ((sr_return_amt > 10000.0) and sr_item_sk is not null and sr_ticket_number is not null) (type: boolean)
                    Statistics: Num rows: 9592547105 Data size: 267655783196 Basic stats: COMPLETE Column stats: PARTIAL
                    Select Operator
                      expressions: sr_item_sk (type: bigint), sr_ticket_number (type: bigint), sr_return_quantity (type: int), sr_return_amt (type: double)
                      outputColumnNames: _col0, _col1, _col2, _col3
                      Statistics: Num rows: 9592547105 Data size: 267655783196 Basic stats: COMPLETE Column stats: PARTIAL
                      Reduce Output Operator
                        key expressions: _col0 (type: bigint), _col1 (type: bigint)
                        sort order: ++
                        Map-reduce partition columns: _col0 (type: bigint), _col1 (type: bigint)
                        Statistics: Num rows: 9592547105 Data size: 267655783196 Basic stats: COMPLETE Column stats: PARTIAL
                        value expressions: _col2 (type: int), _col3 (type: double)
                      Select Operator
                        expressions: _col0 (type: bigint)
                        outputColumnNames: _col0
                        Statistics: Num rows: 9592547105 Data size: 76740376840 Basic stats: COMPLETE Column stats: PARTIAL
                        Group By Operator
                          aggregations: min(_col0), max(_col0), bloom_filter(_col0, expectedEntries=1000000)
                          mode: hash
                          outputColumnNames: _col0, _col1, _col2
                          Statistics: Num rows: 1 Data size: 24 Basic stats: COMPLETE Column stats: PARTIAL
                          Reduce Output Operator
                            sort order: 
                            Statistics: Num rows: 1 Data size: 24 Basic stats: COMPLETE Column stats: PARTIAL
                            value expressions: _col0 (type: bigint), _col1 (type: bigint), _col2 (type: binary)
            Execution mode: vectorized, llap
            LLAP IO: all inputs
        Reducer 10 
            Execution mode: vectorized, llap
            Reduce Operator Tree:
              Select Operator
                expressions: KEY.reducesinkkey0 (type: string), VALUE._col0 (type: bigint), VALUE._col1 (type: decimal(35,20)), KEY.reducesinkkey1 (type: int), KEY.reducesinkkey2 (type: int)
                outputColumnNames: _col0, _col1, _col2, _col3, _col4
                Statistics: Num rows: 504 Data size: 110376 Basic stats: COMPLETE Column stats: PARTIAL
                Limit
                  Number of rows: 100
                  Statistics: Num rows: 100 Data size: 21900 Basic stats: COMPLETE Column stats: PARTIAL
                  File Output Operator
                    compressed: false
                    Statistics: Num rows: 100 Data size: 21900 Basic stats: COMPLETE Column stats: PARTIAL
                    table:
                        input format: org.apache.hadoop.mapred.SequenceFileInputFormat
                        output format: org.apache.hadoop.hive.ql.io.HiveSequenceFileOutputFormat
                        serde: org.apache.hadoop.hive.serde2.lazy.LazySimpleSerDe
        Reducer 13 
            Execution mode: vectorized, llap
            Reduce Operator Tree:
              Group By Operator
                aggregations: min(VALUE._col0), max(VALUE._col1), bloom_filter(VALUE._col2, expectedEntries=1000000)
                mode: final
                outputColumnNames: _col0, _col1, _col2
                Statistics: Num rows: 1 Data size: 24 Basic stats: COMPLETE Column stats: PARTIAL
                Reduce Output Operator
                  sort order: 
                  Statistics: Num rows: 1 Data size: 24 Basic stats: COMPLETE Column stats: PARTIAL
                  value expressions: _col0 (type: bigint), _col1 (type: bigint), _col2 (type: binary)
        Reducer 14 
            Execution mode: vectorized, llap
            Reduce Operator Tree:
              Group By Operator
                aggregations: min(VALUE._col0), max(VALUE._col1), bloom_filter(VALUE._col2, expectedEntries=4895572)
                mode: final
                outputColumnNames: _col0, _col1, _col2
                Statistics: Num rows: 1 Data size: 24 Basic stats: COMPLETE Column stats: PARTIAL
                Reduce Output Operator
                  sort order: 
                  Statistics: Num rows: 1 Data size: 24 Basic stats: COMPLETE Column stats: PARTIAL
                  value expressions: _col0 (type: bigint), _col1 (type: bigint), _col2 (type: binary)
        Reducer 16 
            Execution mode: vectorized, llap
            Reduce Operator Tree:
              Map Join Operator
                condition map:
                     Inner Join 0 to 1
                keys:
                  0 KEY.reducesinkkey0 (type: bigint), KEY.reducesinkkey1 (type: bigint)
                  1 KEY.reducesinkkey0 (type: bigint), KEY.reducesinkkey1 (type: bigint)
                outputColumnNames: _col0, _col2, _col3, _col11, _col12
                input vertices:
                  1 Map 20
                Statistics: Num rows: 108599989 Data size: 3475199648 Basic stats: COMPLETE Column stats: COMPLETE
                Select Operator
                  expressions: _col0 (type: bigint), COALESCE(_col11,0) (type: int), COALESCE(_col2,0) (type: int), COALESCE(_col12,0) (type: double), COALESCE(_col3,0) (type: double)
                  outputColumnNames: _col0, _col1, _col2, _col3, _col4
                  Statistics: Num rows: 108599989 Data size: 3475199648 Basic stats: COMPLETE Column stats: COMPLETE
                  Group By Operator
                    aggregations: sum(_col1), sum(_col2), sum(_col3), sum(_col4)
                    keys: _col0 (type: bigint)
                    mode: hash
                    outputColumnNames: _col0, _col1, _col2, _col3, _col4
                    Statistics: Num rows: 12792 Data size: 511680 Basic stats: COMPLETE Column stats: COMPLETE
                    Reduce Output Operator
                      key expressions: _col0 (type: bigint)
                      sort order: +
                      Map-reduce partition columns: _col0 (type: bigint)
                      Statistics: Num rows: 12792 Data size: 511680 Basic stats: COMPLETE Column stats: COMPLETE
                      value expressions: _col1 (type: bigint), _col2 (type: bigint), _col3 (type: double), _col4 (type: double)
        Reducer 17 
            Execution mode: vectorized, llap
            Reduce Operator Tree:
              Group By Operator
                aggregations: sum(VALUE._col0), sum(VALUE._col1), sum(VALUE._col2), sum(VALUE._col3)
                keys: KEY._col0 (type: bigint)
                mode: mergepartial
                outputColumnNames: _col0, _col1, _col2, _col3, _col4
                Statistics: Num rows: 246 Data size: 9840 Basic stats: COMPLETE Column stats: COMPLETE
                Reduce Output Operator
                  key expressions: 0 (type: int), (CAST( _col1 AS decimal(15,4)) / CAST( _col2 AS decimal(15,4))) (type: decimal(35,20))
                  sort order: ++
                  Map-reduce partition columns: 0 (type: int)
                  Statistics: Num rows: 246 Data size: 9840 Basic stats: COMPLETE Column stats: COMPLETE
                  value expressions: _col0 (type: bigint), _col1 (type: bigint), _col2 (type: bigint), _col3 (type: double), _col4 (type: double)
        Reducer 18 
            Execution mode: llap
            Reduce Operator Tree:
              Select Operator
                expressions: VALUE._col0 (type: bigint), VALUE._col1 (type: bigint), VALUE._col2 (type: bigint), VALUE._col3 (type: double), VALUE._col4 (type: double)
                outputColumnNames: _col0, _col1, _col2, _col3, _col4
                Statistics: Num rows: 246 Data size: 9840 Basic stats: COMPLETE Column stats: COMPLETE
                PTF Operator
                  Function definitions:
                      Input definition
                        input alias: ptf_0
                        output shape: _col0: bigint, _col1: bigint, _col2: bigint, _col3: double, _col4: double
                        type: WINDOWING
                      Windowing table definition
                        input alias: ptf_1
                        name: windowingtablefunction
                        order by: (CAST( _col1 AS decimal(15,4)) / CAST( _col2 AS decimal(15,4))) ASC NULLS FIRST
                        partition by: 0
                        raw input shape:
                        window functions:
                            window function definition
                              alias: rank_window_0
                              arguments: (CAST( _col1 AS decimal(15,4)) / CAST( _col2 AS decimal(15,4)))
                              name: rank
                              window function: GenericUDAFRankEvaluator
                              window frame: PRECEDING(MAX)~FOLLOWING(MAX)
                              isPivotResult: true
                  Statistics: Num rows: 246 Data size: 9840 Basic stats: COMPLETE Column stats: COMPLETE
                  Select Operator
                    expressions: rank_window_0 (type: int), _col0 (type: bigint), _col1 (type: bigint), _col2 (type: bigint), _col3 (type: double), _col4 (type: double)
                    outputColumnNames: rank_window_0, _col0, _col1, _col2, _col3, _col4
                    Statistics: Num rows: 246 Data size: 9840 Basic stats: COMPLETE Column stats: COMPLETE
                    Reduce Output Operator
                      key expressions: 0 (type: int), (CAST( _col3 AS decimal(15,4)) / CAST( _col4 AS decimal(15,4))) (type: decimal(35,20))
                      sort order: ++
                      Map-reduce partition columns: 0 (type: int)
                      Statistics: Num rows: 246 Data size: 9840 Basic stats: COMPLETE Column stats: COMPLETE
                      value expressions: rank_window_0 (type: int), _col0 (type: bigint), _col1 (type: bigint), _col2 (type: bigint), _col3 (type: double), _col4 (type: double)
        Reducer 19 
            Execution mode: llap
            Reduce Operator Tree:
              Select Operator
                expressions: VALUE._col0 (type: int), VALUE._col1 (type: bigint), VALUE._col2 (type: bigint), VALUE._col3 (type: bigint), VALUE._col4 (type: double), VALUE._col5 (type: double)
                outputColumnNames: _col0, _col1, _col2, _col3, _col4, _col5
                Statistics: Num rows: 246 Data size: 10824 Basic stats: COMPLETE Column stats: COMPLETE
                PTF Operator
                  Function definitions:
                      Input definition
                        input alias: ptf_0
                        type: WINDOWING
                      Windowing table definition
                        input alias: ptf_1
                        name: windowingtablefunction
                        order by: (CAST( _col4 AS decimal(15,4)) / CAST( _col5 AS decimal(15,4))) ASC NULLS FIRST
                        partition by: 0
                        raw input shape:
                        window functions:
                            window function definition
                              alias: rank_window_1
                              arguments: (CAST( _col4 AS decimal(15,4)) / CAST( _col5 AS decimal(15,4)))
                              name: rank
                              window function: GenericUDAFRankEvaluator
                              window frame: PRECEDING(MAX)~FOLLOWING(MAX)
                              isPivotResult: true
                  Statistics: Num rows: 246 Data size: 10824 Basic stats: COMPLETE Column stats: COMPLETE
                  Filter Operator
                    predicate: ((_col0 <= 10) or (rank_window_1 <= 10)) (type: boolean)
                    Statistics: Num rows: 164 Data size: 7216 Basic stats: COMPLETE Column stats: COMPLETE
                    Select Operator
                      expressions: 'catalog' (type: string), _col1 (type: bigint), (CAST( _col2 AS decimal(15,4)) / CAST( _col3 AS decimal(15,4))) (type: decimal(35,20)), _col0 (type: int), rank_window_1 (type: int)
                      outputColumnNames: _col0, _col1, _col2, _col3, _col4
                      Statistics: Num rows: 164 Data size: 35916 Basic stats: COMPLETE Column stats: COMPLETE
                      Group By Operator
                        keys: _col0 (type: string), _col3 (type: int), _col4 (type: int), _col1 (type: bigint), _col2 (type: decimal(35,20))
                        mode: hash
                        outputColumnNames: _col0, _col1, _col2, _col3, _col4
                        Statistics: Num rows: 360 Data size: 78840 Basic stats: COMPLETE Column stats: PARTIAL
                        Reduce Output Operator
                          key expressions: _col0 (type: string), _col1 (type: int), _col2 (type: int), _col3 (type: bigint), _col4 (type: decimal(35,20))
                          sort order: +++++
                          Map-reduce partition columns: _col0 (type: string), _col1 (type: int), _col2 (type: int), _col3 (type: bigint), _col4 (type: decimal(35,20))
                          Statistics: Num rows: 360 Data size: 78840 Basic stats: COMPLETE Column stats: PARTIAL
        Reducer 2 
            Execution mode: vectorized, llap
            Reduce Operator Tree:
              Map Join Operator
                condition map:
                     Inner Join 0 to 1
                keys:
                  0 KEY.reducesinkkey0 (type: bigint), KEY.reducesinkkey1 (type: bigint)
                  1 KEY.reducesinkkey0 (type: bigint), KEY.reducesinkkey1 (type: bigint)
                outputColumnNames: _col0, _col2, _col3, _col11, _col12
                input vertices:
                  1 Map 12
                Statistics: Num rows: 65198538 Data size: 2086353216 Basic stats: COMPLETE Column stats: PARTIAL
                Select Operator
                  expressions: _col0 (type: bigint), COALESCE(_col11,0) (type: int), COALESCE(_col2,0) (type: int), COALESCE(_col12,0) (type: double), COALESCE(_col3,0) (type: double)
                  outputColumnNames: _col0, _col1, _col2, _col3, _col4
                  Statistics: Num rows: 65198538 Data size: 2086353216 Basic stats: COMPLETE Column stats: PARTIAL
                  Group By Operator
                    aggregations: sum(_col1), sum(_col2), sum(_col3), sum(_col4)
                    keys: _col0 (type: bigint)
                    mode: hash
                    outputColumnNames: _col0, _col1, _col2, _col3, _col4
                    Statistics: Num rows: 9440 Data size: 377600 Basic stats: COMPLETE Column stats: PARTIAL
                    Reduce Output Operator
                      key expressions: _col0 (type: bigint)
                      sort order: +
                      Map-reduce partition columns: _col0 (type: bigint)
                      Statistics: Num rows: 9440 Data size: 377600 Basic stats: COMPLETE Column stats: PARTIAL
                      value expressions: _col1 (type: bigint), _col2 (type: bigint), _col3 (type: double), _col4 (type: double)
        Reducer 21 
            Execution mode: vectorized, llap
            Reduce Operator Tree:
              Group By Operator
                aggregations: min(VALUE._col0), max(VALUE._col1), bloom_filter(VALUE._col2, expectedEntries=1000000)
                mode: final
                outputColumnNames: _col0, _col1, _col2
                Statistics: Num rows: 1 Data size: 24 Basic stats: COMPLETE Column stats: COMPLETE
                Reduce Output Operator
                  sort order: 
                  Statistics: Num rows: 1 Data size: 24 Basic stats: COMPLETE Column stats: COMPLETE
                  value expressions: _col0 (type: bigint), _col1 (type: bigint), _col2 (type: binary)
        Reducer 22 
            Execution mode: vectorized, llap
            Reduce Operator Tree:
              Group By Operator
                aggregations: min(VALUE._col0), max(VALUE._col1), bloom_filter(VALUE._col2, expectedEntries=11643696)
                mode: final
                outputColumnNames: _col0, _col1, _col2
                Statistics: Num rows: 1 Data size: 24 Basic stats: COMPLETE Column stats: COMPLETE
                Reduce Output Operator
                  sort order: 
                  Statistics: Num rows: 1 Data size: 24 Basic stats: COMPLETE Column stats: COMPLETE
                  value expressions: _col0 (type: bigint), _col1 (type: bigint), _col2 (type: binary)
        Reducer 24 
            Execution mode: vectorized, llap
            Reduce Operator Tree:
              Map Join Operator
                condition map:
                     Inner Join 0 to 1
                keys:
                  0 KEY.reducesinkkey0 (type: bigint), KEY.reducesinkkey1 (type: bigint)
                  1 KEY.reducesinkkey0 (type: bigint), KEY.reducesinkkey1 (type: bigint)
                outputColumnNames: _col0, _col2, _col3, _col11, _col12
                input vertices:
                  1 Map 28
                Statistics: Num rows: 184082480 Data size: 5890639360 Basic stats: COMPLETE Column stats: PARTIAL
                Select Operator
                  expressions: _col0 (type: bigint), COALESCE(_col11,0) (type: int), COALESCE(_col2,0) (type: int), COALESCE(_col12,0) (type: double), COALESCE(_col3,0) (type: double)
                  outputColumnNames: _col0, _col1, _col2, _col3, _col4
                  Statistics: Num rows: 184082480 Data size: 5890639360 Basic stats: COMPLETE Column stats: PARTIAL
                  Group By Operator
                    aggregations: sum(_col1), sum(_col2), sum(_col3), sum(_col4)
                    keys: _col0 (type: bigint)
                    mode: hash
                    outputColumnNames: _col0, _col1, _col2, _col3, _col4
                    Statistics: Num rows: 19184 Data size: 767360 Basic stats: COMPLETE Column stats: PARTIAL
                    Reduce Output Operator
                      key expressions: _col0 (type: bigint)
                      sort order: +
                      Map-reduce partition columns: _col0 (type: bigint)
                      Statistics: Num rows: 19184 Data size: 767360 Basic stats: COMPLETE Column stats: PARTIAL
                      value expressions: _col1 (type: bigint), _col2 (type: bigint), _col3 (type: double), _col4 (type: double)
        Reducer 25 
            Execution mode: vectorized, llap
            Reduce Operator Tree:
              Group By Operator
                aggregations: sum(VALUE._col0), sum(VALUE._col1), sum(VALUE._col2), sum(VALUE._col3)
                keys: KEY._col0 (type: bigint)
                mode: mergepartial
                outputColumnNames: _col0, _col1, _col2, _col3, _col4
                Statistics: Num rows: 218 Data size: 8720 Basic stats: COMPLETE Column stats: PARTIAL
                Reduce Output Operator
                  key expressions: 0 (type: int), (CAST( _col1 AS decimal(15,4)) / CAST( _col2 AS decimal(15,4))) (type: decimal(35,20))
                  sort order: ++
                  Map-reduce partition columns: 0 (type: int)
                  Statistics: Num rows: 218 Data size: 8720 Basic stats: COMPLETE Column stats: PARTIAL
                  value expressions: _col0 (type: bigint), _col1 (type: bigint), _col2 (type: bigint), _col3 (type: double), _col4 (type: double)
        Reducer 26 
            Execution mode: llap
            Reduce Operator Tree:
              Select Operator
                expressions: VALUE._col0 (type: bigint), VALUE._col1 (type: bigint), VALUE._col2 (type: bigint), VALUE._col3 (type: double), VALUE._col4 (type: double)
                outputColumnNames: _col0, _col1, _col2, _col3, _col4
                Statistics: Num rows: 218 Data size: 8720 Basic stats: COMPLETE Column stats: PARTIAL
                PTF Operator
                  Function definitions:
                      Input definition
                        input alias: ptf_0
                        output shape: _col0: bigint, _col1: bigint, _col2: bigint, _col3: double, _col4: double
                        type: WINDOWING
                      Windowing table definition
                        input alias: ptf_1
                        name: windowingtablefunction
                        order by: (CAST( _col1 AS decimal(15,4)) / CAST( _col2 AS decimal(15,4))) ASC NULLS FIRST
                        partition by: 0
                        raw input shape:
                        window functions:
                            window function definition
                              alias: rank_window_0
                              arguments: (CAST( _col1 AS decimal(15,4)) / CAST( _col2 AS decimal(15,4)))
                              name: rank
                              window function: GenericUDAFRankEvaluator
                              window frame: PRECEDING(MAX)~FOLLOWING(MAX)
                              isPivotResult: true
                  Statistics: Num rows: 218 Data size: 8720 Basic stats: COMPLETE Column stats: PARTIAL
                  Select Operator
                    expressions: rank_window_0 (type: int), _col0 (type: bigint), _col1 (type: bigint), _col2 (type: bigint), _col3 (type: double), _col4 (type: double)
                    outputColumnNames: rank_window_0, _col0, _col1, _col2, _col3, _col4
                    Statistics: Num rows: 218 Data size: 8720 Basic stats: COMPLETE Column stats: PARTIAL
                    Reduce Output Operator
                      key expressions: 0 (type: int), (CAST( _col3 AS decimal(15,4)) / CAST( _col4 AS decimal(15,4))) (type: decimal(35,20))
                      sort order: ++
                      Map-reduce partition columns: 0 (type: int)
                      Statistics: Num rows: 218 Data size: 8720 Basic stats: COMPLETE Column stats: PARTIAL
                      value expressions: rank_window_0 (type: int), _col0 (type: bigint), _col1 (type: bigint), _col2 (type: bigint), _col3 (type: double), _col4 (type: double)
        Reducer 27 
            Execution mode: llap
            Reduce Operator Tree:
              Select Operator
                expressions: VALUE._col0 (type: int), VALUE._col1 (type: bigint), VALUE._col2 (type: bigint), VALUE._col3 (type: bigint), VALUE._col4 (type: double), VALUE._col5 (type: double)
                outputColumnNames: _col0, _col1, _col2, _col3, _col4, _col5
                Statistics: Num rows: 218 Data size: 9592 Basic stats: COMPLETE Column stats: PARTIAL
                PTF Operator
                  Function definitions:
                      Input definition
                        input alias: ptf_0
                        type: WINDOWING
                      Windowing table definition
                        input alias: ptf_1
                        name: windowingtablefunction
                        order by: (CAST( _col4 AS decimal(15,4)) / CAST( _col5 AS decimal(15,4))) ASC NULLS FIRST
                        partition by: 0
                        raw input shape:
                        window functions:
                            window function definition
                              alias: rank_window_1
                              arguments: (CAST( _col4 AS decimal(15,4)) / CAST( _col5 AS decimal(15,4)))
                              name: rank
                              window function: GenericUDAFRankEvaluator
                              window frame: PRECEDING(MAX)~FOLLOWING(MAX)
                              isPivotResult: true
                  Statistics: Num rows: 218 Data size: 9592 Basic stats: COMPLETE Column stats: PARTIAL
                  Filter Operator
                    predicate: ((_col0 <= 10) or (rank_window_1 <= 10)) (type: boolean)
                    Statistics: Num rows: 144 Data size: 6336 Basic stats: COMPLETE Column stats: PARTIAL
                    Select Operator
                      expressions: 'store' (type: string), _col1 (type: bigint), (CAST( _col2 AS decimal(15,4)) / CAST( _col3 AS decimal(15,4))) (type: decimal(35,20)), _col0 (type: int), rank_window_1 (type: int)
                      outputColumnNames: _col0, _col1, _col2, _col3, _col4
                      Statistics: Num rows: 144 Data size: 31248 Basic stats: COMPLETE Column stats: PARTIAL
                      Group By Operator
                        keys: _col0 (type: string), _col3 (type: int), _col4 (type: int), _col1 (type: bigint), _col2 (type: decimal(35,20))
                        mode: hash
                        outputColumnNames: _col0, _col1, _col2, _col3, _col4
                        Statistics: Num rows: 504 Data size: 110376 Basic stats: COMPLETE Column stats: PARTIAL
                        Reduce Output Operator
                          key expressions: _col0 (type: string), _col1 (type: int), _col2 (type: int), _col3 (type: bigint), _col4 (type: decimal(35,20))
                          sort order: +++++
                          Map-reduce partition columns: _col0 (type: string), _col1 (type: int), _col2 (type: int), _col3 (type: bigint), _col4 (type: decimal(35,20))
                          Statistics: Num rows: 504 Data size: 110376 Basic stats: COMPLETE Column stats: PARTIAL
                          TopN Hash Memory Usage: 0.04
        Reducer 29 
            Execution mode: vectorized, llap
            Reduce Operator Tree:
              Group By Operator
                aggregations: min(VALUE._col0), max(VALUE._col1), bloom_filter(VALUE._col2, expectedEntries=1000000)
                mode: final
                outputColumnNames: _col0, _col1, _col2
                Statistics: Num rows: 1 Data size: 24 Basic stats: COMPLETE Column stats: PARTIAL
                Reduce Output Operator
                  sort order: 
                  Statistics: Num rows: 1 Data size: 24 Basic stats: COMPLETE Column stats: PARTIAL
                  value expressions: _col0 (type: bigint), _col1 (type: bigint), _col2 (type: binary)
        Reducer 3 
            Execution mode: vectorized, llap
            Reduce Operator Tree:
              Group By Operator
                aggregations: sum(VALUE._col0), sum(VALUE._col1), sum(VALUE._col2), sum(VALUE._col3)
                keys: KEY._col0 (type: bigint)
                mode: mergepartial
                outputColumnNames: _col0, _col1, _col2, _col3, _col4
                Statistics: Num rows: 295 Data size: 11800 Basic stats: COMPLETE Column stats: PARTIAL
                Reduce Output Operator
                  key expressions: 0 (type: int), (CAST( _col1 AS decimal(15,4)) / CAST( _col2 AS decimal(15,4))) (type: decimal(35,20))
                  sort order: ++
                  Map-reduce partition columns: 0 (type: int)
                  Statistics: Num rows: 295 Data size: 11800 Basic stats: COMPLETE Column stats: PARTIAL
                  value expressions: _col0 (type: bigint), _col1 (type: bigint), _col2 (type: bigint), _col3 (type: double), _col4 (type: double)
        Reducer 4 
            Execution mode: llap
            Reduce Operator Tree:
              Select Operator
                expressions: VALUE._col0 (type: bigint), VALUE._col1 (type: bigint), VALUE._col2 (type: bigint), VALUE._col3 (type: double), VALUE._col4 (type: double)
                outputColumnNames: _col0, _col1, _col2, _col3, _col4
                Statistics: Num rows: 295 Data size: 11800 Basic stats: COMPLETE Column stats: PARTIAL
                PTF Operator
                  Function definitions:
                      Input definition
                        input alias: ptf_0
                        output shape: _col0: bigint, _col1: bigint, _col2: bigint, _col3: double, _col4: double
                        type: WINDOWING
                      Windowing table definition
                        input alias: ptf_1
                        name: windowingtablefunction
                        order by: (CAST( _col1 AS decimal(15,4)) / CAST( _col2 AS decimal(15,4))) ASC NULLS FIRST
                        partition by: 0
                        raw input shape:
                        window functions:
                            window function definition
                              alias: rank_window_0
                              arguments: (CAST( _col1 AS decimal(15,4)) / CAST( _col2 AS decimal(15,4)))
                              name: rank
                              window function: GenericUDAFRankEvaluator
                              window frame: PRECEDING(MAX)~FOLLOWING(MAX)
                              isPivotResult: true
                  Statistics: Num rows: 295 Data size: 11800 Basic stats: COMPLETE Column stats: PARTIAL
                  Select Operator
                    expressions: rank_window_0 (type: int), _col0 (type: bigint), _col1 (type: bigint), _col2 (type: bigint), _col3 (type: double), _col4 (type: double)
                    outputColumnNames: rank_window_0, _col0, _col1, _col2, _col3, _col4
                    Statistics: Num rows: 295 Data size: 11800 Basic stats: COMPLETE Column stats: PARTIAL
                    Reduce Output Operator
                      key expressions: 0 (type: int), (CAST( _col3 AS decimal(15,4)) / CAST( _col4 AS decimal(15,4))) (type: decimal(35,20))
                      sort order: ++
                      Map-reduce partition columns: 0 (type: int)
                      Statistics: Num rows: 295 Data size: 11800 Basic stats: COMPLETE Column stats: PARTIAL
                      value expressions: rank_window_0 (type: int), _col0 (type: bigint), _col1 (type: bigint), _col2 (type: bigint), _col3 (type: double), _col4 (type: double)
        Reducer 5 
            Execution mode: llap
            Reduce Operator Tree:
              Select Operator
                expressions: VALUE._col0 (type: int), VALUE._col1 (type: bigint), VALUE._col2 (type: bigint), VALUE._col3 (type: bigint), VALUE._col4 (type: double), VALUE._col5 (type: double)
                outputColumnNames: _col0, _col1, _col2, _col3, _col4, _col5
                Statistics: Num rows: 295 Data size: 12980 Basic stats: COMPLETE Column stats: PARTIAL
                PTF Operator
                  Function definitions:
                      Input definition
                        input alias: ptf_0
                        type: WINDOWING
                      Windowing table definition
                        input alias: ptf_1
                        name: windowingtablefunction
                        order by: (CAST( _col4 AS decimal(15,4)) / CAST( _col5 AS decimal(15,4))) ASC NULLS FIRST
                        partition by: 0
                        raw input shape:
                        window functions:
                            window function definition
                              alias: rank_window_1
                              arguments: (CAST( _col4 AS decimal(15,4)) / CAST( _col5 AS decimal(15,4)))
                              name: rank
                              window function: GenericUDAFRankEvaluator
                              window frame: PRECEDING(MAX)~FOLLOWING(MAX)
                              isPivotResult: true
                  Statistics: Num rows: 295 Data size: 12980 Basic stats: COMPLETE Column stats: PARTIAL
                  Filter Operator
                    predicate: ((_col0 <= 10) or (rank_window_1 <= 10)) (type: boolean)
                    Statistics: Num rows: 196 Data size: 8624 Basic stats: COMPLETE Column stats: PARTIAL
                    Select Operator
                      expressions: 'web' (type: string), _col1 (type: bigint), (CAST( _col2 AS decimal(15,4)) / CAST( _col3 AS decimal(15,4))) (type: decimal(35,20)), _col0 (type: int), rank_window_1 (type: int)
                      outputColumnNames: _col0, _col1, _col2, _col3, _col4
                      Statistics: Num rows: 196 Data size: 42140 Basic stats: COMPLETE Column stats: PARTIAL
                      Group By Operator
                        keys: _col0 (type: string), _col3 (type: int), _col4 (type: int), _col1 (type: bigint), _col2 (type: decimal(35,20))
                        mode: hash
                        outputColumnNames: _col0, _col1, _col2, _col3, _col4
                        Statistics: Num rows: 360 Data size: 78840 Basic stats: COMPLETE Column stats: PARTIAL
                        Reduce Output Operator
                          key expressions: _col0 (type: string), _col1 (type: int), _col2 (type: int), _col3 (type: bigint), _col4 (type: decimal(35,20))
                          sort order: +++++
                          Map-reduce partition columns: _col0 (type: string), _col1 (type: int), _col2 (type: int), _col3 (type: bigint), _col4 (type: decimal(35,20))
                          Statistics: Num rows: 360 Data size: 78840 Basic stats: COMPLETE Column stats: PARTIAL
        Reducer 7 
            Execution mode: vectorized, llap
            Reduce Operator Tree:
              Group By Operator
                keys: KEY._col0 (type: string), KEY._col1 (type: int), KEY._col2 (type: int), KEY._col3 (type: bigint), KEY._col4 (type: decimal(35,20))
                mode: mergepartial
                outputColumnNames: _col0, _col1, _col2, _col3, _col4
                Statistics: Num rows: 360 Data size: 78840 Basic stats: COMPLETE Column stats: PARTIAL
                Select Operator
                  expressions: _col0 (type: string), _col3 (type: bigint), _col4 (type: decimal(35,20)), _col1 (type: int), _col2 (type: int)
                  outputColumnNames: _col0, _col1, _col2, _col3, _col4
                  Statistics: Num rows: 360 Data size: 78840 Basic stats: COMPLETE Column stats: PARTIAL
                  Group By Operator
                    keys: _col0 (type: string), _col3 (type: int), _col4 (type: int), _col1 (type: bigint), _col2 (type: decimal(35,20))
                    mode: hash
                    outputColumnNames: _col0, _col1, _col2, _col3, _col4
                    Statistics: Num rows: 504 Data size: 110376 Basic stats: COMPLETE Column stats: PARTIAL
                    Reduce Output Operator
                      key expressions: _col0 (type: string), _col1 (type: int), _col2 (type: int), _col3 (type: bigint), _col4 (type: decimal(35,20))
                      sort order: +++++
                      Map-reduce partition columns: _col0 (type: string), _col1 (type: int), _col2 (type: int), _col3 (type: bigint), _col4 (type: decimal(35,20))
                      Statistics: Num rows: 504 Data size: 110376 Basic stats: COMPLETE Column stats: PARTIAL
                      TopN Hash Memory Usage: 0.04
        Reducer 9 
            Execution mode: vectorized, llap
            Reduce Operator Tree:
              Group By Operator
                keys: KEY._col0 (type: string), KEY._col1 (type: int), KEY._col2 (type: int), KEY._col3 (type: bigint), KEY._col4 (type: decimal(35,20))
                mode: mergepartial
                outputColumnNames: _col0, _col1, _col2, _col3, _col4
                Statistics: Num rows: 504 Data size: 110376 Basic stats: COMPLETE Column stats: PARTIAL
                Select Operator
                  expressions: _col0 (type: string), _col3 (type: bigint), _col4 (type: decimal(35,20)), _col1 (type: int), _col2 (type: int)
                  outputColumnNames: _col0, _col1, _col2, _col3, _col4
                  Statistics: Num rows: 504 Data size: 110376 Basic stats: COMPLETE Column stats: PARTIAL
                  Reduce Output Operator
                    key expressions: _col0 (type: string), _col3 (type: int), _col4 (type: int)
                    sort order: +++
                    Statistics: Num rows: 504 Data size: 110376 Basic stats: COMPLETE Column stats: PARTIAL
                    TopN Hash Memory Usage: 0.04
                    value expressions: _col1 (type: bigint), _col2 (type: decimal(35,20))
        Union 6 
            Vertex: Union 6
        Union 8 
            Vertex: Union 8

  Stage: Stage-0
    Fetch Operator
      limit: 100
      Processor Tree:
        ListSink