STAGE DEPENDENCIES:
  Stage-1 is a root stage
  Stage-0 depends on stages: Stage-1

STAGE PLANS:
  Stage: Stage-1
    Tez
      DagId: hive_20170626025542_0e520b2f-1817-4074-a764-56ea03228181:400
      Edges:
        Map 1 <- Map 4 (BROADCAST_EDGE), Map 5 (BROADCAST_EDGE), Reducer 6 (BROADCAST_EDGE)
        Map 12 <- Map 4 (BROADCAST_EDGE), Map 5 (BROADCAST_EDGE), Reducer 7 (BROADCAST_EDGE)
        Map 14 <- Map 4 (BROADCAST_EDGE), Map 5 (BROADCAST_EDGE), Reducer 8 (BROADCAST_EDGE)
        Map 16 <- Map 4 (BROADCAST_EDGE), Map 5 (BROADCAST_EDGE), Reducer 9 (BROADCAST_EDGE)
        Map 18 <- Map 4 (BROADCAST_EDGE), Map 5 (BROADCAST_EDGE), Reducer 10 (BROADCAST_EDGE)
        Map 20 <- Map 4 (BROADCAST_EDGE), Map 5 (BROADCAST_EDGE), Reducer 11 (BROADCAST_EDGE)
        Reducer 10 <- Map 5 (CUSTOM_SIMPLE_EDGE)
        Reducer 11 <- Map 5 (CUSTOM_SIMPLE_EDGE)
        Reducer 13 <- Map 12 (SIMPLE_EDGE)
        Reducer 15 <- Map 14 (SIMPLE_EDGE)
        Reducer 17 <- Map 16 (SIMPLE_EDGE), Reducer 19 (BROADCAST_EDGE)
        Reducer 19 <- Map 18 (SIMPLE_EDGE)
        Reducer 2 <- Map 1 (SIMPLE_EDGE), Reducer 13 (BROADCAST_EDGE), Reducer 15 (BROADCAST_EDGE), Reducer 17 (BROADCAST_EDGE), Reducer 21 (BROADCAST_EDGE)
        Reducer 21 <- Map 20 (SIMPLE_EDGE)
        Reducer 3 <- Reducer 2 (SIMPLE_EDGE)
        Reducer 6 <- Map 5 (CUSTOM_SIMPLE_EDGE)
        Reducer 7 <- Map 5 (CUSTOM_SIMPLE_EDGE)
        Reducer 8 <- Map 5 (CUSTOM_SIMPLE_EDGE)
        Reducer 9 <- Map 5 (CUSTOM_SIMPLE_EDGE)
      DagName: query31.sql
      Vertices:
        Map 1 
            Map Operator Tree:
                TableScan
                  alias: store_sales
                  filterExpr: (ss_addr_sk is not null and (ss_addr_sk BETWEEN DynamicValue(RS_13_customer_address_ca_address_sk_min) AND DynamicValue(RS_13_customer_address_ca_address_sk_max) and in_bloom_filter(ss_addr_sk, DynamicValue(RS_13_customer_address_ca_address_sk_bloom_filter)))) (type: boolean)
                  Statistics: Num rows: 275035746821 Data size: 6547906131608 Basic stats: COMPLETE Column stats: COMPLETE
                  Filter Operator
                    predicate: (ss_addr_sk is not null and (ss_addr_sk BETWEEN DynamicValue(RS_13_customer_address_ca_address_sk_min) AND DynamicValue(RS_13_customer_address_ca_address_sk_max) and in_bloom_filter(ss_addr_sk, DynamicValue(RS_13_customer_address_ca_address_sk_bloom_filter)))) (type: boolean)
                    Statistics: Num rows: 271726595283 Data size: 6469123595536 Basic stats: COMPLETE Column stats: COMPLETE
                    Select Operator
                      expressions: ss_addr_sk (type: bigint), ss_ext_sales_price (type: double), ss_sold_date_sk (type: bigint)
                      outputColumnNames: _col0, _col1, _col2
                      Statistics: Num rows: 271726595283 Data size: 6469123595536 Basic stats: COMPLETE Column stats: COMPLETE
                      Map Join Operator
                        condition map:
                             Inner Join 0 to 1
                        keys:
                          0 _col2 (type: bigint)
                          1 _col0 (type: bigint)
                        outputColumnNames: _col0, _col1
                        input vertices:
                          1 Map 4
                        Statistics: Num rows: 94492892139 Data size: 1511886274224 Basic stats: COMPLETE Column stats: COMPLETE
                        Map Join Operator
                          condition map:
                               Inner Join 0 to 1
                          keys:
                            0 _col0 (type: bigint)
                            1 _col0 (type: bigint)
                          outputColumnNames: _col1, _col7
                          input vertices:
                            1 Map 5
                          Statistics: Num rows: 31494670 Data size: 3306940350 Basic stats: COMPLETE Column stats: COMPLETE
                          Select Operator
                            expressions: _col7 (type: string), _col1 (type: double)
                            outputColumnNames: _col7, _col1
                            Statistics: Num rows: 31494670 Data size: 3306940350 Basic stats: COMPLETE Column stats: COMPLETE
                            Group By Operator
                              aggregations: sum(_col1)
                              keys: _col7 (type: string)
                              mode: hash
                              outputColumnNames: _col0, _col1
                              Statistics: Num rows: 18000 Data size: 1890000 Basic stats: COMPLETE Column stats: COMPLETE
                              Reduce Output Operator
                                key expressions: _col0 (type: string)
                                sort order: +
                                Map-reduce partition columns: _col0 (type: string)
                                Statistics: Num rows: 18000 Data size: 1890000 Basic stats: COMPLETE Column stats: COMPLETE
                                value expressions: _col1 (type: double)
            Execution mode: vectorized, llap
            LLAP IO: all inputs
        Map 12 
            Map Operator Tree:
                TableScan
                  alias: store_sales
                  filterExpr: (ss_addr_sk is not null and (ss_addr_sk BETWEEN DynamicValue(RS_33_customer_address_ca_address_sk_min) AND DynamicValue(RS_33_customer_address_ca_address_sk_max) and in_bloom_filter(ss_addr_sk, DynamicValue(RS_33_customer_address_ca_address_sk_bloom_filter)))) (type: boolean)
                  Statistics: Num rows: 275035746821 Data size: 6547906131608 Basic stats: COMPLETE Column stats: COMPLETE
                  Filter Operator
                    predicate: (ss_addr_sk is not null and (ss_addr_sk BETWEEN DynamicValue(RS_33_customer_address_ca_address_sk_min) AND DynamicValue(RS_33_customer_address_ca_address_sk_max) and in_bloom_filter(ss_addr_sk, DynamicValue(RS_33_customer_address_ca_address_sk_bloom_filter)))) (type: boolean)
                    Statistics: Num rows: 271726595283 Data size: 6469123595536 Basic stats: COMPLETE Column stats: COMPLETE
                    Select Operator
                      expressions: ss_addr_sk (type: bigint), ss_ext_sales_price (type: double), ss_sold_date_sk (type: bigint)
                      outputColumnNames: _col0, _col1, _col2
                      Statistics: Num rows: 271726595283 Data size: 6469123595536 Basic stats: COMPLETE Column stats: COMPLETE
                      Map Join Operator
                        condition map:
                             Inner Join 0 to 1
                        keys:
                          0 _col2 (type: bigint)
                          1 _col0 (type: bigint)
                        outputColumnNames: _col0, _col1
                        input vertices:
                          1 Map 4
                        Statistics: Num rows: 94492892139 Data size: 1511886274224 Basic stats: COMPLETE Column stats: COMPLETE
                        Map Join Operator
                          condition map:
                               Inner Join 0 to 1
                          keys:
                            0 _col0 (type: bigint)
                            1 _col0 (type: bigint)
                          outputColumnNames: _col1, _col7
                          input vertices:
                            1 Map 5
                          Statistics: Num rows: 31494670 Data size: 3306940350 Basic stats: COMPLETE Column stats: COMPLETE
                          Select Operator
                            expressions: _col7 (type: string), _col1 (type: double)
                            outputColumnNames: _col7, _col1
                            Statistics: Num rows: 31494670 Data size: 3306940350 Basic stats: COMPLETE Column stats: COMPLETE
                            Group By Operator
                              aggregations: sum(_col1)
                              keys: _col7 (type: string)
                              mode: hash
                              outputColumnNames: _col0, _col1
                              Statistics: Num rows: 18000 Data size: 1890000 Basic stats: COMPLETE Column stats: COMPLETE
                              Reduce Output Operator
                                key expressions: _col0 (type: string)
                                sort order: +
                                Map-reduce partition columns: _col0 (type: string)
                                Statistics: Num rows: 18000 Data size: 1890000 Basic stats: COMPLETE Column stats: COMPLETE
                                value expressions: _col1 (type: double)
            Execution mode: vectorized, llap
            LLAP IO: all inputs
        Map 14 
            Map Operator Tree:
                TableScan
                  alias: store_sales
                  filterExpr: (ss_addr_sk is not null and (ss_addr_sk BETWEEN DynamicValue(RS_53_customer_address_ca_address_sk_min) AND DynamicValue(RS_53_customer_address_ca_address_sk_max) and in_bloom_filter(ss_addr_sk, DynamicValue(RS_53_customer_address_ca_address_sk_bloom_filter)))) (type: boolean)
                  Statistics: Num rows: 275035746821 Data size: 6547906131608 Basic stats: COMPLETE Column stats: COMPLETE
                  Filter Operator
                    predicate: (ss_addr_sk is not null and (ss_addr_sk BETWEEN DynamicValue(RS_53_customer_address_ca_address_sk_min) AND DynamicValue(RS_53_customer_address_ca_address_sk_max) and in_bloom_filter(ss_addr_sk, DynamicValue(RS_53_customer_address_ca_address_sk_bloom_filter)))) (type: boolean)
                    Statistics: Num rows: 271726595283 Data size: 6469123595536 Basic stats: COMPLETE Column stats: COMPLETE
                    Select Operator
                      expressions: ss_addr_sk (type: bigint), ss_ext_sales_price (type: double), ss_sold_date_sk (type: bigint)
                      outputColumnNames: _col0, _col1, _col2
                      Statistics: Num rows: 271726595283 Data size: 6469123595536 Basic stats: COMPLETE Column stats: COMPLETE
                      Map Join Operator
                        condition map:
                             Inner Join 0 to 1
                        keys:
                          0 _col2 (type: bigint)
                          1 _col0 (type: bigint)
                        outputColumnNames: _col0, _col1
                        input vertices:
                          1 Map 4
                        Statistics: Num rows: 94492892139 Data size: 1511886274224 Basic stats: COMPLETE Column stats: COMPLETE
                        Map Join Operator
                          condition map:
                               Inner Join 0 to 1
                          keys:
                            0 _col0 (type: bigint)
                            1 _col0 (type: bigint)
                          outputColumnNames: _col1, _col7
                          input vertices:
                            1 Map 5
                          Statistics: Num rows: 31494670 Data size: 3306940350 Basic stats: COMPLETE Column stats: COMPLETE
                          Select Operator
                            expressions: _col7 (type: string), _col1 (type: double)
                            outputColumnNames: _col7, _col1
                            Statistics: Num rows: 31494670 Data size: 3306940350 Basic stats: COMPLETE Column stats: COMPLETE
                            Group By Operator
                              aggregations: sum(_col1)
                              keys: _col7 (type: string)
                              mode: hash
                              outputColumnNames: _col0, _col1
                              Statistics: Num rows: 18000 Data size: 1890000 Basic stats: COMPLETE Column stats: COMPLETE
                              Reduce Output Operator
                                key expressions: _col0 (type: string)
                                sort order: +
                                Map-reduce partition columns: _col0 (type: string)
                                Statistics: Num rows: 18000 Data size: 1890000 Basic stats: COMPLETE Column stats: COMPLETE
                                value expressions: _col1 (type: double)
            Execution mode: vectorized, llap
            LLAP IO: all inputs
        Map 16 
            Map Operator Tree:
                TableScan
                  alias: web_sales
                  filterExpr: (ws_bill_addr_sk is not null and (ws_bill_addr_sk BETWEEN DynamicValue(RS_73_customer_address_ca_address_sk_min) AND DynamicValue(RS_73_customer_address_ca_address_sk_max) and in_bloom_filter(ws_bill_addr_sk, DynamicValue(RS_73_customer_address_ca_address_sk_bloom_filter)))) (type: boolean)
                  Statistics: Num rows: 71959659800 Data size: 1726959533880 Basic stats: COMPLETE Column stats: COMPLETE
                  Filter Operator
                    predicate: (ws_bill_addr_sk is not null and (ws_bill_addr_sk BETWEEN DynamicValue(RS_73_customer_address_ca_address_sk_min) AND DynamicValue(RS_73_customer_address_ca_address_sk_max) and in_bloom_filter(ws_bill_addr_sk, DynamicValue(RS_73_customer_address_ca_address_sk_bloom_filter)))) (type: boolean)
                    Statistics: Num rows: 71955247803 Data size: 1726853650392 Basic stats: COMPLETE Column stats: COMPLETE
                    Select Operator
                      expressions: ws_bill_addr_sk (type: bigint), ws_ext_sales_price (type: double), ws_sold_date_sk (type: bigint)
                      outputColumnNames: _col0, _col1, _col2
                      Statistics: Num rows: 71955247803 Data size: 1726853650392 Basic stats: COMPLETE Column stats: COMPLETE
                      Map Join Operator
                        condition map:
                             Inner Join 0 to 1
                        keys:
                          0 _col2 (type: bigint)
                          1 _col0 (type: bigint)
                        outputColumnNames: _col0, _col1
                        input vertices:
                          1 Map 4
                        Statistics: Num rows: 25022429117 Data size: 400358865872 Basic stats: COMPLETE Column stats: COMPLETE
                        Map Join Operator
                          condition map:
                               Inner Join 0 to 1
                          keys:
                            0 _col0 (type: bigint)
                            1 _col0 (type: bigint)
                          outputColumnNames: _col1, _col7
                          input vertices:
                            1 Map 5
                          Statistics: Num rows: 9799282 Data size: 1028924610 Basic stats: COMPLETE Column stats: COMPLETE
                          Select Operator
                            expressions: _col7 (type: string), _col1 (type: double)
                            outputColumnNames: _col7, _col1
                            Statistics: Num rows: 9799282 Data size: 1028924610 Basic stats: COMPLETE Column stats: COMPLETE
                            Group By Operator
                              aggregations: sum(_col1)
                              keys: _col7 (type: string)
                              mode: hash
                              outputColumnNames: _col0, _col1
                              Statistics: Num rows: 5760 Data size: 604800 Basic stats: COMPLETE Column stats: COMPLETE
                              Reduce Output Operator
                                key expressions: _col0 (type: string)
                                sort order: +
                                Map-reduce partition columns: _col0 (type: string)
                                Statistics: Num rows: 5760 Data size: 604800 Basic stats: COMPLETE Column stats: COMPLETE
                                value expressions: _col1 (type: double)
            Execution mode: vectorized, llap
            LLAP IO: all inputs
        Map 18 
            Map Operator Tree:
                TableScan
                  alias: web_sales
                  filterExpr: (ws_bill_addr_sk is not null and (ws_bill_addr_sk BETWEEN DynamicValue(RS_93_customer_address_ca_address_sk_min) AND DynamicValue(RS_93_customer_address_ca_address_sk_max) and in_bloom_filter(ws_bill_addr_sk, DynamicValue(RS_93_customer_address_ca_address_sk_bloom_filter)))) (type: boolean)
                  Statistics: Num rows: 71959659800 Data size: 1726959533880 Basic stats: COMPLETE Column stats: COMPLETE
                  Filter Operator
                    predicate: (ws_bill_addr_sk is not null and (ws_bill_addr_sk BETWEEN DynamicValue(RS_93_customer_address_ca_address_sk_min) AND DynamicValue(RS_93_customer_address_ca_address_sk_max) and in_bloom_filter(ws_bill_addr_sk, DynamicValue(RS_93_customer_address_ca_address_sk_bloom_filter)))) (type: boolean)
                    Statistics: Num rows: 71955247803 Data size: 1726853650392 Basic stats: COMPLETE Column stats: COMPLETE
                    Select Operator
                      expressions: ws_bill_addr_sk (type: bigint), ws_ext_sales_price (type: double), ws_sold_date_sk (type: bigint)
                      outputColumnNames: _col0, _col1, _col2
                      Statistics: Num rows: 71955247803 Data size: 1726853650392 Basic stats: COMPLETE Column stats: COMPLETE
                      Map Join Operator
                        condition map:
                             Inner Join 0 to 1
                        keys:
                          0 _col2 (type: bigint)
                          1 _col0 (type: bigint)
                        outputColumnNames: _col0, _col1
                        input vertices:
                          1 Map 4
                        Statistics: Num rows: 25022429117 Data size: 400358865872 Basic stats: COMPLETE Column stats: COMPLETE
                        Map Join Operator
                          condition map:
                               Inner Join 0 to 1
                          keys:
                            0 _col0 (type: bigint)
                            1 _col0 (type: bigint)
                          outputColumnNames: _col1, _col7
                          input vertices:
                            1 Map 5
                          Statistics: Num rows: 9799282 Data size: 1028924610 Basic stats: COMPLETE Column stats: COMPLETE
                          Select Operator
                            expressions: _col7 (type: string), _col1 (type: double)
                            outputColumnNames: _col7, _col1
                            Statistics: Num rows: 9799282 Data size: 1028924610 Basic stats: COMPLETE Column stats: COMPLETE
                            Group By Operator
                              aggregations: sum(_col1)
                              keys: _col7 (type: string)
                              mode: hash
                              outputColumnNames: _col0, _col1
                              Statistics: Num rows: 5760 Data size: 604800 Basic stats: COMPLETE Column stats: COMPLETE
                              Reduce Output Operator
                                key expressions: _col0 (type: string)
                                sort order: +
                                Map-reduce partition columns: _col0 (type: string)
                                Statistics: Num rows: 5760 Data size: 604800 Basic stats: COMPLETE Column stats: COMPLETE
                                value expressions: _col1 (type: double)
            Execution mode: vectorized, llap
            LLAP IO: all inputs
        Map 20 
            Map Operator Tree:
                TableScan
                  alias: web_sales
                  filterExpr: (ws_bill_addr_sk is not null and (ws_bill_addr_sk BETWEEN DynamicValue(RS_129_customer_address_ca_address_sk_min) AND DynamicValue(RS_129_customer_address_ca_address_sk_max) and in_bloom_filter(ws_bill_addr_sk, DynamicValue(RS_129_customer_address_ca_address_sk_bloom_filter)))) (type: boolean)
                  Statistics: Num rows: 71959659800 Data size: 1726959533880 Basic stats: COMPLETE Column stats: COMPLETE
                  Filter Operator
                    predicate: (ws_bill_addr_sk is not null and (ws_bill_addr_sk BETWEEN DynamicValue(RS_129_customer_address_ca_address_sk_min) AND DynamicValue(RS_129_customer_address_ca_address_sk_max) and in_bloom_filter(ws_bill_addr_sk, DynamicValue(RS_129_customer_address_ca_address_sk_bloom_filter)))) (type: boolean)
                    Statistics: Num rows: 71955247803 Data size: 1726853650392 Basic stats: COMPLETE Column stats: COMPLETE
                    Select Operator
                      expressions: ws_bill_addr_sk (type: bigint), ws_ext_sales_price (type: double), ws_sold_date_sk (type: bigint)
                      outputColumnNames: _col0, _col1, _col2
                      Statistics: Num rows: 71955247803 Data size: 1726853650392 Basic stats: COMPLETE Column stats: COMPLETE
                      Map Join Operator
                        condition map:
                             Inner Join 0 to 1
                        keys:
                          0 _col2 (type: bigint)
                          1 _col0 (type: bigint)
                        outputColumnNames: _col0, _col1
                        input vertices:
                          1 Map 4
                        Statistics: Num rows: 25022429117 Data size: 400358865872 Basic stats: COMPLETE Column stats: COMPLETE
                        Map Join Operator
                          condition map:
                               Inner Join 0 to 1
                          keys:
                            0 _col0 (type: bigint)
                            1 _col0 (type: bigint)
                          outputColumnNames: _col1, _col7
                          input vertices:
                            1 Map 5
                          Statistics: Num rows: 9799282 Data size: 1028924610 Basic stats: COMPLETE Column stats: COMPLETE
                          Select Operator
                            expressions: _col7 (type: string), _col1 (type: double)
                            outputColumnNames: _col7, _col1
                            Statistics: Num rows: 9799282 Data size: 1028924610 Basic stats: COMPLETE Column stats: COMPLETE
                            Group By Operator
                              aggregations: sum(_col1)
                              keys: _col7 (type: string)
                              mode: hash
                              outputColumnNames: _col0, _col1
                              Statistics: Num rows: 5760 Data size: 604800 Basic stats: COMPLETE Column stats: COMPLETE
                              Reduce Output Operator
                                key expressions: _col0 (type: string)
                                sort order: +
                                Map-reduce partition columns: _col0 (type: string)
                                Statistics: Num rows: 5760 Data size: 604800 Basic stats: COMPLETE Column stats: COMPLETE
                                value expressions: _col1 (type: double)
            Execution mode: vectorized, llap
            LLAP IO: all inputs
        Map 4 
            Map Operator Tree:
                TableScan
                  alias: date_dim
                  filterExpr: (((d_qoy = 2) and (d_year = 2000) and d_date_sk is not null) or ((d_qoy = 1) and (d_year = 2000) and d_date_sk is not null) or ((d_qoy = 3) and (d_year = 2000) and d_date_sk is not null)) (type: boolean)
                  Statistics: Num rows: 73049 Data size: 1168784 Basic stats: COMPLETE Column stats: COMPLETE
                  Filter Operator
                    predicate: ((d_qoy = 2) and (d_year = 2000) and d_date_sk is not null) (type: boolean)
                    Statistics: Num rows: 635 Data size: 10160 Basic stats: COMPLETE Column stats: COMPLETE
                    Select Operator
                      expressions: d_date_sk (type: bigint)
                      outputColumnNames: _col0
                      Statistics: Num rows: 635 Data size: 10160 Basic stats: COMPLETE Column stats: COMPLETE
                      Reduce Output Operator
                        key expressions: _col0 (type: bigint)
                        sort order: +
                        Map-reduce partition columns: _col0 (type: bigint)
                        Statistics: Num rows: 635 Data size: 10160 Basic stats: COMPLETE Column stats: COMPLETE
                      Select Operator
                        expressions: _col0 (type: bigint)
                        outputColumnNames: _col0
                        Statistics: Num rows: 635 Data size: 10160 Basic stats: COMPLETE Column stats: COMPLETE
                        Group By Operator
                          keys: _col0 (type: bigint)
                          mode: hash
                          outputColumnNames: _col0
                          Statistics: Num rows: 317 Data size: 5072 Basic stats: COMPLETE Column stats: COMPLETE
                          Dynamic Partitioning Event Operator
                            Target column: ss_sold_date_sk (bigint)
                            Target Input: store_sales
                            Partition key expr: ss_sold_date_sk
                            Statistics: Num rows: 317 Data size: 5072 Basic stats: COMPLETE Column stats: COMPLETE
                            Target Vertex: Map 1
                  Filter Operator
                    predicate: ((d_qoy = 1) and (d_year = 2000) and d_date_sk is not null) (type: boolean)
                    Statistics: Num rows: 635 Data size: 10160 Basic stats: COMPLETE Column stats: COMPLETE
                    Select Operator
                      expressions: d_date_sk (type: bigint)
                      outputColumnNames: _col0
                      Statistics: Num rows: 635 Data size: 10160 Basic stats: COMPLETE Column stats: COMPLETE
                      Reduce Output Operator
                        key expressions: _col0 (type: bigint)
                        sort order: +
                        Map-reduce partition columns: _col0 (type: bigint)
                        Statistics: Num rows: 635 Data size: 10160 Basic stats: COMPLETE Column stats: COMPLETE
                      Select Operator
                        expressions: _col0 (type: bigint)
                        outputColumnNames: _col0
                        Statistics: Num rows: 635 Data size: 10160 Basic stats: COMPLETE Column stats: COMPLETE
                        Group By Operator
                          keys: _col0 (type: bigint)
                          mode: hash
                          outputColumnNames: _col0
                          Statistics: Num rows: 317 Data size: 5072 Basic stats: COMPLETE Column stats: COMPLETE
                          Dynamic Partitioning Event Operator
                            Target column: ss_sold_date_sk (bigint)
                            Target Input: store_sales
                            Partition key expr: ss_sold_date_sk
                            Statistics: Num rows: 317 Data size: 5072 Basic stats: COMPLETE Column stats: COMPLETE
                            Target Vertex: Map 12
                  Filter Operator
                    predicate: ((d_qoy = 3) and (d_year = 2000) and d_date_sk is not null) (type: boolean)
                    Statistics: Num rows: 635 Data size: 10160 Basic stats: COMPLETE Column stats: COMPLETE
                    Select Operator
                      expressions: d_date_sk (type: bigint)
                      outputColumnNames: _col0
                      Statistics: Num rows: 635 Data size: 10160 Basic stats: COMPLETE Column stats: COMPLETE
                      Reduce Output Operator
                        key expressions: _col0 (type: bigint)
                        sort order: +
                        Map-reduce partition columns: _col0 (type: bigint)
                        Statistics: Num rows: 635 Data size: 10160 Basic stats: COMPLETE Column stats: COMPLETE
                      Select Operator
                        expressions: _col0 (type: bigint)
                        outputColumnNames: _col0
                        Statistics: Num rows: 635 Data size: 10160 Basic stats: COMPLETE Column stats: COMPLETE
                        Group By Operator
                          keys: _col0 (type: bigint)
                          mode: hash
                          outputColumnNames: _col0
                          Statistics: Num rows: 317 Data size: 5072 Basic stats: COMPLETE Column stats: COMPLETE
                          Dynamic Partitioning Event Operator
                            Target column: ss_sold_date_sk (bigint)
                            Target Input: store_sales
                            Partition key expr: ss_sold_date_sk
                            Statistics: Num rows: 317 Data size: 5072 Basic stats: COMPLETE Column stats: COMPLETE
                            Target Vertex: Map 14
                  Filter Operator
                    predicate: ((d_qoy = 1) and (d_year = 2000) and d_date_sk is not null) (type: boolean)
                    Statistics: Num rows: 635 Data size: 10160 Basic stats: COMPLETE Column stats: COMPLETE
                    Select Operator
                      expressions: d_date_sk (type: bigint)
                      outputColumnNames: _col0
                      Statistics: Num rows: 635 Data size: 10160 Basic stats: COMPLETE Column stats: COMPLETE
                      Reduce Output Operator
                        key expressions: _col0 (type: bigint)
                        sort order: +
                        Map-reduce partition columns: _col0 (type: bigint)
                        Statistics: Num rows: 635 Data size: 10160 Basic stats: COMPLETE Column stats: COMPLETE
                      Select Operator
                        expressions: _col0 (type: bigint)
                        outputColumnNames: _col0
                        Statistics: Num rows: 635 Data size: 10160 Basic stats: COMPLETE Column stats: COMPLETE
                        Group By Operator
                          keys: _col0 (type: bigint)
                          mode: hash
                          outputColumnNames: _col0
                          Statistics: Num rows: 317 Data size: 5072 Basic stats: COMPLETE Column stats: COMPLETE
                          Dynamic Partitioning Event Operator
                            Target column: ws_sold_date_sk (bigint)
                            Target Input: web_sales
                            Partition key expr: ws_sold_date_sk
                            Statistics: Num rows: 317 Data size: 5072 Basic stats: COMPLETE Column stats: COMPLETE
                            Target Vertex: Map 16
                  Filter Operator
                    predicate: ((d_qoy = 2) and (d_year = 2000) and d_date_sk is not null) (type: boolean)
                    Statistics: Num rows: 635 Data size: 10160 Basic stats: COMPLETE Column stats: COMPLETE
                    Select Operator
                      expressions: d_date_sk (type: bigint)
                      outputColumnNames: _col0
                      Statistics: Num rows: 635 Data size: 10160 Basic stats: COMPLETE Column stats: COMPLETE
                      Reduce Output Operator
                        key expressions: _col0 (type: bigint)
                        sort order: +
                        Map-reduce partition columns: _col0 (type: bigint)
                        Statistics: Num rows: 635 Data size: 10160 Basic stats: COMPLETE Column stats: COMPLETE
                      Select Operator
                        expressions: _col0 (type: bigint)
                        outputColumnNames: _col0
                        Statistics: Num rows: 635 Data size: 10160 Basic stats: COMPLETE Column stats: COMPLETE
                        Group By Operator
                          keys: _col0 (type: bigint)
                          mode: hash
                          outputColumnNames: _col0
                          Statistics: Num rows: 317 Data size: 5072 Basic stats: COMPLETE Column stats: COMPLETE
                          Dynamic Partitioning Event Operator
                            Target column: ws_sold_date_sk (bigint)
                            Target Input: web_sales
                            Partition key expr: ws_sold_date_sk
                            Statistics: Num rows: 317 Data size: 5072 Basic stats: COMPLETE Column stats: COMPLETE
                            Target Vertex: Map 18
                  Filter Operator
                    predicate: ((d_qoy = 3) and (d_year = 2000) and d_date_sk is not null) (type: boolean)
                    Statistics: Num rows: 635 Data size: 10160 Basic stats: COMPLETE Column stats: COMPLETE
                    Select Operator
                      expressions: d_date_sk (type: bigint)
                      outputColumnNames: _col0
                      Statistics: Num rows: 635 Data size: 10160 Basic stats: COMPLETE Column stats: COMPLETE
                      Reduce Output Operator
                        key expressions: _col0 (type: bigint)
                        sort order: +
                        Map-reduce partition columns: _col0 (type: bigint)
                        Statistics: Num rows: 635 Data size: 10160 Basic stats: COMPLETE Column stats: COMPLETE
                      Select Operator
                        expressions: _col0 (type: bigint)
                        outputColumnNames: _col0
                        Statistics: Num rows: 635 Data size: 10160 Basic stats: COMPLETE Column stats: COMPLETE
                        Group By Operator
                          keys: _col0 (type: bigint)
                          mode: hash
                          outputColumnNames: _col0
                          Statistics: Num rows: 317 Data size: 5072 Basic stats: COMPLETE Column stats: COMPLETE
                          Dynamic Partitioning Event Operator
                            Target column: ws_sold_date_sk (bigint)
                            Target Input: web_sales
                            Partition key expr: ws_sold_date_sk
                            Statistics: Num rows: 317 Data size: 5072 Basic stats: COMPLETE Column stats: COMPLETE
                            Target Vertex: Map 20
            Execution mode: vectorized, llap
            LLAP IO: all inputs
        Map 5 
            Map Operator Tree:
                TableScan
                  alias: customer_address
                  filterExpr: ((ca_address_sk is not null and ca_county is not null) or (ca_address_sk is not null and ca_county is not null) or (ca_address_sk is not null and ca_county is not null)) (type: boolean)
                  Statistics: Num rows: 500 Data size: 52500 Basic stats: COMPLETE Column stats: COMPLETE
                  Filter Operator
                    predicate: (ca_address_sk is not null and ca_county is not null) (type: boolean)
                    Statistics: Num rows: 500 Data size: 52500 Basic stats: COMPLETE Column stats: COMPLETE
                    Select Operator
                      expressions: ca_address_sk (type: bigint), ca_county (type: string)
                      outputColumnNames: _col0, _col1
                      Statistics: Num rows: 500 Data size: 52500 Basic stats: COMPLETE Column stats: COMPLETE
                      Reduce Output Operator
                        key expressions: _col0 (type: bigint)
                        sort order: +
                        Map-reduce partition columns: _col0 (type: bigint)
                        Statistics: Num rows: 500 Data size: 52500 Basic stats: COMPLETE Column stats: COMPLETE
                        value expressions: _col1 (type: string)
                      Select Operator
                        expressions: _col0 (type: bigint)
                        outputColumnNames: _col0
                        Statistics: Num rows: 500 Data size: 4000 Basic stats: COMPLETE Column stats: COMPLETE
                        Group By Operator
                          aggregations: min(_col0), max(_col0), bloom_filter(_col0, expectedEntries=1000000)
                          mode: hash
                          outputColumnNames: _col0, _col1, _col2
                          Statistics: Num rows: 1 Data size: 24 Basic stats: COMPLETE Column stats: COMPLETE
                          Reduce Output Operator
                            sort order: 
                            Statistics: Num rows: 1 Data size: 24 Basic stats: COMPLETE Column stats: COMPLETE
                            value expressions: _col0 (type: bigint), _col1 (type: bigint), _col2 (type: binary)
                  Filter Operator
                    predicate: (ca_address_sk is not null and ca_county is not null) (type: boolean)
                    Statistics: Num rows: 500 Data size: 52500 Basic stats: COMPLETE Column stats: COMPLETE
                    Select Operator
                      expressions: ca_address_sk (type: bigint), ca_county (type: string)
                      outputColumnNames: _col0, _col1
                      Statistics: Num rows: 500 Data size: 52500 Basic stats: COMPLETE Column stats: COMPLETE
                      Reduce Output Operator
                        key expressions: _col0 (type: bigint)
                        sort order: +
                        Map-reduce partition columns: _col0 (type: bigint)
                        Statistics: Num rows: 500 Data size: 52500 Basic stats: COMPLETE Column stats: COMPLETE
                        value expressions: _col1 (type: string)
                      Select Operator
                        expressions: _col0 (type: bigint)
                        outputColumnNames: _col0
                        Statistics: Num rows: 500 Data size: 4000 Basic stats: COMPLETE Column stats: COMPLETE
                        Group By Operator
                          aggregations: min(_col0), max(_col0), bloom_filter(_col0, expectedEntries=1000000)
                          mode: hash
                          outputColumnNames: _col0, _col1, _col2
                          Statistics: Num rows: 1 Data size: 24 Basic stats: COMPLETE Column stats: COMPLETE
                          Reduce Output Operator
                            sort order: 
                            Statistics: Num rows: 1 Data size: 24 Basic stats: COMPLETE Column stats: COMPLETE
                            value expressions: _col0 (type: bigint), _col1 (type: bigint), _col2 (type: binary)
                  Filter Operator
                    predicate: (ca_address_sk is not null and ca_county is not null) (type: boolean)
                    Statistics: Num rows: 500 Data size: 52500 Basic stats: COMPLETE Column stats: COMPLETE
                    Select Operator
                      expressions: ca_address_sk (type: bigint), ca_county (type: string)
                      outputColumnNames: _col0, _col1
                      Statistics: Num rows: 500 Data size: 52500 Basic stats: COMPLETE Column stats: COMPLETE
                      Reduce Output Operator
                        key expressions: _col0 (type: bigint)
                        sort order: +
                        Map-reduce partition columns: _col0 (type: bigint)
                        Statistics: Num rows: 500 Data size: 52500 Basic stats: COMPLETE Column stats: COMPLETE
                        value expressions: _col1 (type: string)
                      Select Operator
                        expressions: _col0 (type: bigint)
                        outputColumnNames: _col0
                        Statistics: Num rows: 500 Data size: 4000 Basic stats: COMPLETE Column stats: COMPLETE
                        Group By Operator
                          aggregations: min(_col0), max(_col0), bloom_filter(_col0, expectedEntries=1000000)
                          mode: hash
                          outputColumnNames: _col0, _col1, _col2
                          Statistics: Num rows: 1 Data size: 24 Basic stats: COMPLETE Column stats: COMPLETE
                          Reduce Output Operator
                            sort order: 
                            Statistics: Num rows: 1 Data size: 24 Basic stats: COMPLETE Column stats: COMPLETE
                            value expressions: _col0 (type: bigint), _col1 (type: bigint), _col2 (type: binary)
                  Filter Operator
                    predicate: (ca_address_sk is not null and ca_county is not null) (type: boolean)
                    Statistics: Num rows: 500 Data size: 52500 Basic stats: COMPLETE Column stats: COMPLETE
                    Select Operator
                      expressions: ca_address_sk (type: bigint), ca_county (type: string)
                      outputColumnNames: _col0, _col1
                      Statistics: Num rows: 500 Data size: 52500 Basic stats: COMPLETE Column stats: COMPLETE
                      Reduce Output Operator
                        key expressions: _col0 (type: bigint)
                        sort order: +
                        Map-reduce partition columns: _col0 (type: bigint)
                        Statistics: Num rows: 500 Data size: 52500 Basic stats: COMPLETE Column stats: COMPLETE
                        value expressions: _col1 (type: string)
                      Select Operator
                        expressions: _col0 (type: bigint)
                        outputColumnNames: _col0
                        Statistics: Num rows: 500 Data size: 4000 Basic stats: COMPLETE Column stats: COMPLETE
                        Group By Operator
                          aggregations: min(_col0), max(_col0), bloom_filter(_col0, expectedEntries=1000000)
                          mode: hash
                          outputColumnNames: _col0, _col1, _col2
                          Statistics: Num rows: 1 Data size: 24 Basic stats: COMPLETE Column stats: COMPLETE
                          Reduce Output Operator
                            sort order: 
                            Statistics: Num rows: 1 Data size: 24 Basic stats: COMPLETE Column stats: COMPLETE
                            value expressions: _col0 (type: bigint), _col1 (type: bigint), _col2 (type: binary)
                  Filter Operator
                    predicate: (ca_address_sk is not null and ca_county is not null) (type: boolean)
                    Statistics: Num rows: 500 Data size: 52500 Basic stats: COMPLETE Column stats: COMPLETE
                    Select Operator
                      expressions: ca_address_sk (type: bigint), ca_county (type: string)
                      outputColumnNames: _col0, _col1
                      Statistics: Num rows: 500 Data size: 52500 Basic stats: COMPLETE Column stats: COMPLETE
                      Reduce Output Operator
                        key expressions: _col0 (type: bigint)
                        sort order: +
                        Map-reduce partition columns: _col0 (type: bigint)
                        Statistics: Num rows: 500 Data size: 52500 Basic stats: COMPLETE Column stats: COMPLETE
                        value expressions: _col1 (type: string)
                      Select Operator
                        expressions: _col0 (type: bigint)
                        outputColumnNames: _col0
                        Statistics: Num rows: 500 Data size: 4000 Basic stats: COMPLETE Column stats: COMPLETE
                        Group By Operator
                          aggregations: min(_col0), max(_col0), bloom_filter(_col0, expectedEntries=1000000)
                          mode: hash
                          outputColumnNames: _col0, _col1, _col2
                          Statistics: Num rows: 1 Data size: 24 Basic stats: COMPLETE Column stats: COMPLETE
                          Reduce Output Operator
                            sort order: 
                            Statistics: Num rows: 1 Data size: 24 Basic stats: COMPLETE Column stats: COMPLETE
                            value expressions: _col0 (type: bigint), _col1 (type: bigint), _col2 (type: binary)
                  Filter Operator
                    predicate: (ca_address_sk is not null and ca_county is not null) (type: boolean)
                    Statistics: Num rows: 500 Data size: 52500 Basic stats: COMPLETE Column stats: COMPLETE
                    Select Operator
                      expressions: ca_address_sk (type: bigint), ca_county (type: string)
                      outputColumnNames: _col0, _col1
                      Statistics: Num rows: 500 Data size: 52500 Basic stats: COMPLETE Column stats: COMPLETE
                      Reduce Output Operator
                        key expressions: _col0 (type: bigint)
                        sort order: +
                        Map-reduce partition columns: _col0 (type: bigint)
                        Statistics: Num rows: 500 Data size: 52500 Basic stats: COMPLETE Column stats: COMPLETE
                        value expressions: _col1 (type: string)
                      Select Operator
                        expressions: _col0 (type: bigint)
                        outputColumnNames: _col0
                        Statistics: Num rows: 500 Data size: 4000 Basic stats: COMPLETE Column stats: COMPLETE
                        Group By Operator
                          aggregations: min(_col0), max(_col0), bloom_filter(_col0, expectedEntries=1000000)
                          mode: hash
                          outputColumnNames: _col0, _col1, _col2
                          Statistics: Num rows: 1 Data size: 24 Basic stats: COMPLETE Column stats: COMPLETE
                          Reduce Output Operator
                            sort order: 
                            Statistics: Num rows: 1 Data size: 24 Basic stats: COMPLETE Column stats: COMPLETE
                            value expressions: _col0 (type: bigint), _col1 (type: bigint), _col2 (type: binary)
            Execution mode: vectorized, llap
            LLAP IO: all inputs
        Reducer 10 
            Execution mode: vectorized, llap
            Reduce Operator Tree:
              Group By Operator
                aggregations: min(VALUE._col0), max(VALUE._col1), bloom_filter(VALUE._col2, expectedEntries=1000000)
                mode: final
                outputColumnNames: _col0, _col1, _col2
                Statistics: Num rows: 1 Data size: 24 Basic stats: COMPLETE Column stats: COMPLETE
                Reduce Output Operator
                  sort order: 
                  Statistics: Num rows: 1 Data size: 24 Basic stats: COMPLETE Column stats: COMPLETE
                  value expressions: _col0 (type: bigint), _col1 (type: bigint), _col2 (type: binary)
        Reducer 11 
            Execution mode: vectorized, llap
            Reduce Operator Tree:
              Group By Operator
                aggregations: min(VALUE._col0), max(VALUE._col1), bloom_filter(VALUE._col2, expectedEntries=1000000)
                mode: final
                outputColumnNames: _col0, _col1, _col2
                Statistics: Num rows: 1 Data size: 24 Basic stats: COMPLETE Column stats: COMPLETE
                Reduce Output Operator
                  sort order: 
                  Statistics: Num rows: 1 Data size: 24 Basic stats: COMPLETE Column stats: COMPLETE
                  value expressions: _col0 (type: bigint), _col1 (type: bigint), _col2 (type: binary)
        Reducer 13 
            Execution mode: vectorized, llap
            Reduce Operator Tree:
              Group By Operator
                aggregations: sum(VALUE._col0)
                keys: KEY._col0 (type: string)
                mode: mergepartial
                outputColumnNames: _col0, _col1
                Statistics: Num rows: 360 Data size: 37800 Basic stats: COMPLETE Column stats: COMPLETE
                Reduce Output Operator
                  key expressions: _col0 (type: string)
                  sort order: +
                  Map-reduce partition columns: _col0 (type: string)
                  Statistics: Num rows: 360 Data size: 37800 Basic stats: COMPLETE Column stats: COMPLETE
                  value expressions: _col1 (type: double)
        Reducer 15 
            Execution mode: vectorized, llap
            Reduce Operator Tree:
              Group By Operator
                aggregations: sum(VALUE._col0)
                keys: KEY._col0 (type: string)
                mode: mergepartial
                outputColumnNames: _col0, _col1
                Statistics: Num rows: 360 Data size: 37800 Basic stats: COMPLETE Column stats: COMPLETE
                Reduce Output Operator
                  key expressions: _col0 (type: string)
                  sort order: +
                  Map-reduce partition columns: _col0 (type: string)
                  Statistics: Num rows: 360 Data size: 37800 Basic stats: COMPLETE Column stats: COMPLETE
                  value expressions: _col1 (type: double)
        Reducer 17 
            Execution mode: vectorized, llap
            Reduce Operator Tree:
              Group By Operator
                aggregations: sum(VALUE._col0)
                keys: KEY._col0 (type: string)
                mode: mergepartial
                outputColumnNames: _col0, _col1
                Statistics: Num rows: 360 Data size: 37800 Basic stats: COMPLETE Column stats: COMPLETE
                Map Join Operator
                  condition map:
                       Inner Join 0 to 1
                  keys:
                    0 _col0 (type: string)
                    1 _col0 (type: string)
                  outputColumnNames: _col0, _col1, _col3
                  input vertices:
                    1 Reducer 19
                  Statistics: Num rows: 360 Data size: 40680 Basic stats: COMPLETE Column stats: COMPLETE
                  Reduce Output Operator
                    key expressions: _col0 (type: string)
                    sort order: +
                    Map-reduce partition columns: _col0 (type: string)
                    Statistics: Num rows: 360 Data size: 40680 Basic stats: COMPLETE Column stats: COMPLETE
                    value expressions: _col1 (type: double), _col3 (type: double)
        Reducer 19 
            Execution mode: vectorized, llap
            Reduce Operator Tree:
              Group By Operator
                aggregations: sum(VALUE._col0)
                keys: KEY._col0 (type: string)
                mode: mergepartial
                outputColumnNames: _col0, _col1
                Statistics: Num rows: 360 Data size: 37800 Basic stats: COMPLETE Column stats: COMPLETE
                Reduce Output Operator
                  key expressions: _col0 (type: string)
                  sort order: +
                  Map-reduce partition columns: _col0 (type: string)
                  Statistics: Num rows: 360 Data size: 37800 Basic stats: COMPLETE Column stats: COMPLETE
                  value expressions: _col1 (type: double)
        Reducer 2 
            Execution mode: llap
            Reduce Operator Tree:
              Group By Operator
                aggregations: sum(VALUE._col0)
                keys: KEY._col0 (type: string)
                mode: mergepartial
                outputColumnNames: _col0, _col1
                Statistics: Num rows: 360 Data size: 37800 Basic stats: COMPLETE Column stats: COMPLETE
                Map Join Operator
                  condition map:
                       Inner Join 0 to 1
                  keys:
                    0 _col0 (type: string)
                    1 _col0 (type: string)
                  outputColumnNames: _col0, _col1, _col3
                  input vertices:
                    1 Reducer 13
                  Statistics: Num rows: 360 Data size: 40680 Basic stats: COMPLETE Column stats: COMPLETE
                  Map Join Operator
                    condition map:
                         Inner Join 0 to 1
                    keys:
                      0 _col0 (type: string)
                      1 _col0 (type: string)
                    outputColumnNames: _col0, _col1, _col3, _col5
                    input vertices:
                      1 Reducer 15
                    Statistics: Num rows: 360 Data size: 43560 Basic stats: COMPLETE Column stats: COMPLETE
                    Map Join Operator
                      condition map:
                           Inner Join 0 to 1
                      keys:
                        0 _col0 (type: string)
                        1 _col0 (type: string)
                      outputColumnNames: _col0, _col1, _col3, _col5, _col6, _col7, _col9
                      input vertices:
                        1 Reducer 17
                      Statistics: Num rows: 360 Data size: 84240 Basic stats: COMPLETE Column stats: COMPLETE
                      Select Operator
                        expressions: _col0 (type: string), _col3 (type: double), _col1 (type: double), _col5 (type: double), _col6 (type: string), _col7 (type: double), _col9 (type: double)
                        outputColumnNames: _col0, _col1, _col3, _col5, _col6, _col7, _col9
                        Statistics: Num rows: 360 Data size: 119160 Basic stats: COMPLETE Column stats: COMPLETE
                        Filter Operator
                          predicate: CASE WHEN ((_col1 > 0.0)) THEN (CASE WHEN ((_col7 > 0.0)) THEN (((_col9 / _col7) > (_col3 / _col1))) ELSE ((null > (_col3 / _col1))) END) ELSE (CASE WHEN ((_col7 > 0.0)) THEN (((_col9 / _col7) > null)) ELSE (null) END) END (type: boolean)
                          Statistics: Num rows: 180 Data size: 59580 Basic stats: COMPLETE Column stats: COMPLETE
                          Map Join Operator
                            condition map:
                                 Inner Join 0 to 1
                            keys:
                              0 _col6 (type: string)
                              1 _col0 (type: string)
                            outputColumnNames: _col0, _col1, _col3, _col5, _col7, _col9, _col11
                            input vertices:
                              1 Reducer 21
                            Statistics: Num rows: 180 Data size: 26100 Basic stats: COMPLETE Column stats: COMPLETE
                            Filter Operator
                              predicate: CASE WHEN ((_col3 > 0.0)) THEN (CASE WHEN ((_col9 > 0.0)) THEN (((_col11 / _col9) > (_col5 / _col3))) ELSE ((null > (_col5 / _col3))) END) ELSE (CASE WHEN ((_col9 > 0.0)) THEN (((_col11 / _col9) > null)) ELSE (null) END) END (type: boolean)
                              Statistics: Num rows: 90 Data size: 13050 Basic stats: COMPLETE Column stats: COMPLETE
                              Select Operator
                                expressions: _col0 (type: string), (_col9 / _col7) (type: double), (_col3 / _col1) (type: double), (_col11 / _col9) (type: double), (_col5 / _col3) (type: double)
                                outputColumnNames: _col0, _col2, _col3, _col4, _col5
                                Statistics: Num rows: 90 Data size: 11970 Basic stats: COMPLETE Column stats: COMPLETE
                                Reduce Output Operator
                                  sort order: 
                                  Statistics: Num rows: 90 Data size: 11970 Basic stats: COMPLETE Column stats: COMPLETE
                                  value expressions: _col0 (type: string), _col2 (type: double), _col3 (type: double), _col4 (type: double), _col5 (type: double)
        Reducer 21 
            Execution mode: vectorized, llap
            Reduce Operator Tree:
              Group By Operator
                aggregations: sum(VALUE._col0)
                keys: KEY._col0 (type: string)
                mode: mergepartial
                outputColumnNames: _col0, _col1
                Statistics: Num rows: 360 Data size: 37800 Basic stats: COMPLETE Column stats: COMPLETE
                Reduce Output Operator
                  key expressions: _col0 (type: string)
                  sort order: +
                  Map-reduce partition columns: _col0 (type: string)
                  Statistics: Num rows: 360 Data size: 37800 Basic stats: COMPLETE Column stats: COMPLETE
                  value expressions: _col1 (type: double)
        Reducer 3 
            Execution mode: vectorized, llap
            Reduce Operator Tree:
              Select Operator
                expressions: VALUE._col0 (type: string), 2000 (type: int), VALUE._col1 (type: double), VALUE._col2 (type: double), VALUE._col3 (type: double), VALUE._col4 (type: double)
                outputColumnNames: _col0, _col1, _col2, _col3, _col4, _col5
                Statistics: Num rows: 90 Data size: 11970 Basic stats: COMPLETE Column stats: COMPLETE
                File Output Operator
                  compressed: false
                  Statistics: Num rows: 90 Data size: 11970 Basic stats: COMPLETE Column stats: COMPLETE
                  table:
                      input format: org.apache.hadoop.mapred.SequenceFileInputFormat
                      output format: org.apache.hadoop.hive.ql.io.HiveSequenceFileOutputFormat
                      serde: org.apache.hadoop.hive.serde2.lazy.LazySimpleSerDe
        Reducer 6 
            Execution mode: vectorized, llap
            Reduce Operator Tree:
              Group By Operator
                aggregations: min(VALUE._col0), max(VALUE._col1), bloom_filter(VALUE._col2, expectedEntries=1000000)
                mode: final
                outputColumnNames: _col0, _col1, _col2
                Statistics: Num rows: 1 Data size: 24 Basic stats: COMPLETE Column stats: COMPLETE
                Reduce Output Operator
                  sort order: 
                  Statistics: Num rows: 1 Data size: 24 Basic stats: COMPLETE Column stats: COMPLETE
                  value expressions: _col0 (type: bigint), _col1 (type: bigint), _col2 (type: binary)
        Reducer 7 
            Execution mode: vectorized, llap
            Reduce Operator Tree:
              Group By Operator
                aggregations: min(VALUE._col0), max(VALUE._col1), bloom_filter(VALUE._col2, expectedEntries=1000000)
                mode: final
                outputColumnNames: _col0, _col1, _col2
                Statistics: Num rows: 1 Data size: 24 Basic stats: COMPLETE Column stats: COMPLETE
                Reduce Output Operator
                  sort order: 
                  Statistics: Num rows: 1 Data size: 24 Basic stats: COMPLETE Column stats: COMPLETE
                  value expressions: _col0 (type: bigint), _col1 (type: bigint), _col2 (type: binary)
        Reducer 8 
            Execution mode: vectorized, llap
            Reduce Operator Tree:
              Group By Operator
                aggregations: min(VALUE._col0), max(VALUE._col1), bloom_filter(VALUE._col2, expectedEntries=1000000)
                mode: final
                outputColumnNames: _col0, _col1, _col2
                Statistics: Num rows: 1 Data size: 24 Basic stats: COMPLETE Column stats: COMPLETE
                Reduce Output Operator
                  sort order: 
                  Statistics: Num rows: 1 Data size: 24 Basic stats: COMPLETE Column stats: COMPLETE
                  value expressions: _col0 (type: bigint), _col1 (type: bigint), _col2 (type: binary)
        Reducer 9 
            Execution mode: vectorized, llap
            Reduce Operator Tree:
              Group By Operator
                aggregations: min(VALUE._col0), max(VALUE._col1), bloom_filter(VALUE._col2, expectedEntries=1000000)
                mode: final
                outputColumnNames: _col0, _col1, _col2
                Statistics: Num rows: 1 Data size: 24 Basic stats: COMPLETE Column stats: COMPLETE
                Reduce Output Operator
                  sort order: 
                  Statistics: Num rows: 1 Data size: 24 Basic stats: COMPLETE Column stats: COMPLETE
                  value expressions: _col0 (type: bigint), _col1 (type: bigint), _col2 (type: binary)

  Stage: Stage-0
    Fetch Operator
      limit: -1
      Processor Tree:
        ListSink