STAGE DEPENDENCIES:
  Stage-1 is a root stage
  Stage-0 depends on stages: Stage-1

STAGE PLANS:
  Stage: Stage-1
    Tez
      DagId: hive_20170626025649_69995535-ef21-4a44-b38a-59890d9e51f3:442
      Edges:
        Map 1 <- Map 10 (BROADCAST_EDGE), Map 11 (BROADCAST_EDGE), Reducer 12 (BROADCAST_EDGE)
        Map 18 <- Reducer 8 (BROADCAST_EDGE), Reducer 9 (BROADCAST_EDGE)
        Map 19 <- Map 10 (BROADCAST_EDGE), Map 11 (BROADCAST_EDGE), Reducer 13 (BROADCAST_EDGE)
        Map 23 <- Reducer 21 (BROADCAST_EDGE), Reducer 22 (BROADCAST_EDGE)
        Map 24 <- Map 10 (BROADCAST_EDGE), Map 11 (BROADCAST_EDGE), Reducer 14 (BROADCAST_EDGE)
        Map 28 <- Reducer 26 (BROADCAST_EDGE), Reducer 27 (BROADCAST_EDGE)
        Map 29 <- Map 10 (BROADCAST_EDGE), Map 11 (BROADCAST_EDGE), Reducer 15 (BROADCAST_EDGE)
        Map 37 <- Reducer 35 (BROADCAST_EDGE), Reducer 36 (BROADCAST_EDGE)
        Map 38 <- Map 10 (BROADCAST_EDGE), Map 11 (BROADCAST_EDGE), Reducer 16 (BROADCAST_EDGE)
        Map 42 <- Reducer 40 (BROADCAST_EDGE), Reducer 41 (BROADCAST_EDGE)
        Map 43 <- Map 10 (BROADCAST_EDGE), Map 11 (BROADCAST_EDGE), Reducer 17 (BROADCAST_EDGE)
        Map 47 <- Reducer 45 (BROADCAST_EDGE), Reducer 46 (BROADCAST_EDGE)
        Reducer 12 <- Map 11 (CUSTOM_SIMPLE_EDGE)
        Reducer 13 <- Map 11 (CUSTOM_SIMPLE_EDGE)
        Reducer 14 <- Map 11 (CUSTOM_SIMPLE_EDGE)
        Reducer 15 <- Map 11 (CUSTOM_SIMPLE_EDGE)
        Reducer 16 <- Map 11 (CUSTOM_SIMPLE_EDGE)
        Reducer 17 <- Map 11 (CUSTOM_SIMPLE_EDGE)
        Reducer 2 <- Map 1 (CUSTOM_SIMPLE_EDGE), Map 18 (CUSTOM_SIMPLE_EDGE), Union 3 (CONTAINS)
        Reducer 20 <- Map 19 (CUSTOM_SIMPLE_EDGE), Map 23 (CUSTOM_SIMPLE_EDGE), Union 3 (CONTAINS)
        Reducer 21 <- Map 19 (CUSTOM_SIMPLE_EDGE)
        Reducer 22 <- Map 19 (CUSTOM_SIMPLE_EDGE)
        Reducer 25 <- Map 24 (CUSTOM_SIMPLE_EDGE), Map 28 (CUSTOM_SIMPLE_EDGE), Union 5 (CONTAINS)
        Reducer 26 <- Map 24 (CUSTOM_SIMPLE_EDGE)
        Reducer 27 <- Map 24 (CUSTOM_SIMPLE_EDGE)
        Reducer 30 <- Map 29 (CUSTOM_SIMPLE_EDGE), Map 37 (CUSTOM_SIMPLE_EDGE), Union 31 (CONTAINS)
        Reducer 32 <- Union 31 (SIMPLE_EDGE), Union 33 (CONTAINS)
        Reducer 34 <- Union 33 (SIMPLE_EDGE)
        Reducer 35 <- Map 29 (CUSTOM_SIMPLE_EDGE)
        Reducer 36 <- Map 29 (CUSTOM_SIMPLE_EDGE)
        Reducer 39 <- Map 38 (CUSTOM_SIMPLE_EDGE), Map 42 (CUSTOM_SIMPLE_EDGE), Union 31 (CONTAINS)
        Reducer 4 <- Union 3 (SIMPLE_EDGE), Union 5 (CONTAINS)
        Reducer 40 <- Map 38 (CUSTOM_SIMPLE_EDGE)
        Reducer 41 <- Map 38 (CUSTOM_SIMPLE_EDGE)
        Reducer 44 <- Map 43 (CUSTOM_SIMPLE_EDGE), Map 47 (CUSTOM_SIMPLE_EDGE), Union 33 (CONTAINS)
        Reducer 45 <- Map 43 (CUSTOM_SIMPLE_EDGE)
        Reducer 46 <- Map 43 (CUSTOM_SIMPLE_EDGE)
        Reducer 6 <- Reducer 34 (BROADCAST_EDGE), Union 5 (SIMPLE_EDGE)
        Reducer 7 <- Reducer 6 (SIMPLE_EDGE)
        Reducer 8 <- Map 1 (CUSTOM_SIMPLE_EDGE)
        Reducer 9 <- Map 1 (CUSTOM_SIMPLE_EDGE)
      DagName: query75.sql
      Vertices:
        Map 1 
            Map Operator Tree:
                TableScan
                  alias: catalog_sales
                  filterExpr: (cs_item_sk is not null and (cs_item_sk BETWEEN DynamicValue(RS_16_item_i_item_sk_min) AND DynamicValue(RS_16_item_i_item_sk_max) and in_bloom_filter(cs_item_sk, DynamicValue(RS_16_item_i_item_sk_bloom_filter)))) (type: boolean)
                  Statistics: Num rows: 143352541321 Data size: 5158506546688 Basic stats: COMPLETE Column stats: COMPLETE
                  Filter Operator
                    predicate: (cs_item_sk is not null and (cs_item_sk BETWEEN DynamicValue(RS_16_item_i_item_sk_min) AND DynamicValue(RS_16_item_i_item_sk_max) and in_bloom_filter(cs_item_sk, DynamicValue(RS_16_item_i_item_sk_bloom_filter)))) (type: boolean)
                    Statistics: Num rows: 143352541321 Data size: 5158506546688 Basic stats: COMPLETE Column stats: COMPLETE
                    Select Operator
                      expressions: cs_item_sk (type: bigint), cs_order_number (type: bigint), cs_quantity (type: int), cs_ext_sales_price (type: double), cs_sold_date_sk (type: bigint)
                      outputColumnNames: _col0, _col1, _col2, _col3, _col4
                      Statistics: Num rows: 143352541321 Data size: 5158506546688 Basic stats: COMPLETE Column stats: COMPLETE
                      Map Join Operator
                        condition map:
                             Inner Join 0 to 1
                        keys:
                          0 _col4 (type: bigint)
                          1 _col0 (type: bigint)
                        outputColumnNames: _col0, _col1, _col2, _col3
                        input vertices:
                          1 Map 10
                        Statistics: Num rows: 50823590249 Data size: 1423060526972 Basic stats: COMPLETE Column stats: COMPLETE
                        Map Join Operator
                          condition map:
                               Inner Join 0 to 1
                          keys:
                            0 _col0 (type: bigint)
                            1 _col0 (type: bigint)
                          outputColumnNames: _col0, _col1, _col2, _col3, _col8, _col9, _col10, _col12
                          input vertices:
                            1 Map 11
                          Statistics: Num rows: 5032244269 Data size: 221418747836 Basic stats: COMPLETE Column stats: COMPLETE
                          Reduce Output Operator
                            key expressions: _col0 (type: bigint), _col1 (type: bigint)
                            sort order: ++
                            Map-reduce partition columns: _col0 (type: bigint), _col1 (type: bigint)
                            Statistics: Num rows: 5032244269 Data size: 221418747836 Basic stats: COMPLETE Column stats: COMPLETE
                            value expressions: _col2 (type: int), _col3 (type: double), _col8 (type: int), _col9 (type: int), _col10 (type: int), _col12 (type: int)
                          Select Operator
                            expressions: _col0 (type: bigint)
                            outputColumnNames: _col0
                            Statistics: Num rows: 5032244269 Data size: 40257954152 Basic stats: COMPLETE Column stats: COMPLETE
                            Group By Operator
                              aggregations: min(_col0), max(_col0), bloom_filter(_col0, expectedEntries=1000000)
                              mode: hash
                              outputColumnNames: _col0, _col1, _col2
                              Statistics: Num rows: 1 Data size: 24 Basic stats: COMPLETE Column stats: COMPLETE
                              Reduce Output Operator
                                sort order: 
                                Statistics: Num rows: 1 Data size: 24 Basic stats: COMPLETE Column stats: COMPLETE
                                value expressions: _col0 (type: bigint), _col1 (type: bigint), _col2 (type: binary)
                          Select Operator
                            expressions: _col1 (type: bigint)
                            outputColumnNames: _col0
                            Statistics: Num rows: 5032244269 Data size: 40257954152 Basic stats: COMPLETE Column stats: COMPLETE
                            Group By Operator
                              aggregations: min(_col0), max(_col0), bloom_filter(_col0, expectedEntries=2153552)
                              mode: hash
                              outputColumnNames: _col0, _col1, _col2
                              Statistics: Num rows: 1 Data size: 24 Basic stats: COMPLETE Column stats: COMPLETE
                              Reduce Output Operator
                                sort order: 
                                Statistics: Num rows: 1 Data size: 24 Basic stats: COMPLETE Column stats: COMPLETE
                                value expressions: _col0 (type: bigint), _col1 (type: bigint), _col2 (type: binary)
            Execution mode: vectorized, llap
            LLAP IO: all inputs
        Map 10 
            Map Operator Tree:
                TableScan
                  alias: date_dim
                  filterExpr: (((d_year = 2002) and d_date_sk is not null) or ((d_year = 2001) and d_date_sk is not null)) (type: boolean)
                  Statistics: Num rows: 73049 Data size: 876588 Basic stats: COMPLETE Column stats: COMPLETE
                  Filter Operator
                    predicate: ((d_year = 2002) and d_date_sk is not null) (type: boolean)
                    Statistics: Num rows: 652 Data size: 7824 Basic stats: COMPLETE Column stats: COMPLETE
                    Select Operator
                      expressions: d_date_sk (type: bigint)
                      outputColumnNames: _col0
                      Statistics: Num rows: 652 Data size: 7824 Basic stats: COMPLETE Column stats: COMPLETE
                      Reduce Output Operator
                        key expressions: _col0 (type: bigint)
                        sort order: +
                        Map-reduce partition columns: _col0 (type: bigint)
                        Statistics: Num rows: 652 Data size: 7824 Basic stats: COMPLETE Column stats: COMPLETE
                      Select Operator
                        expressions: _col0 (type: bigint)
                        outputColumnNames: _col0
                        Statistics: Num rows: 652 Data size: 7824 Basic stats: COMPLETE Column stats: COMPLETE
                        Group By Operator
                          keys: _col0 (type: bigint)
                          mode: hash
                          outputColumnNames: _col0
                          Statistics: Num rows: 326 Data size: 3912 Basic stats: COMPLETE Column stats: COMPLETE
                          Dynamic Partitioning Event Operator
                            Target column: cs_sold_date_sk (bigint)
                            Target Input: catalog_sales
                            Partition key expr: cs_sold_date_sk
                            Statistics: Num rows: 326 Data size: 3912 Basic stats: COMPLETE Column stats: COMPLETE
                            Target Vertex: Map 1
                  Filter Operator
                    predicate: ((d_year = 2002) and d_date_sk is not null) (type: boolean)
                    Statistics: Num rows: 652 Data size: 7824 Basic stats: COMPLETE Column stats: COMPLETE
                    Select Operator
                      expressions: d_date_sk (type: bigint)
                      outputColumnNames: _col0
                      Statistics: Num rows: 652 Data size: 7824 Basic stats: COMPLETE Column stats: COMPLETE
                      Reduce Output Operator
                        key expressions: _col0 (type: bigint)
                        sort order: +
                        Map-reduce partition columns: _col0 (type: bigint)
                        Statistics: Num rows: 652 Data size: 7824 Basic stats: COMPLETE Column stats: COMPLETE
                      Select Operator
                        expressions: _col0 (type: bigint)
                        outputColumnNames: _col0
                        Statistics: Num rows: 652 Data size: 7824 Basic stats: COMPLETE Column stats: COMPLETE
                        Group By Operator
                          keys: _col0 (type: bigint)
                          mode: hash
                          outputColumnNames: _col0
                          Statistics: Num rows: 326 Data size: 3912 Basic stats: COMPLETE Column stats: COMPLETE
                          Dynamic Partitioning Event Operator
                            Target column: ss_sold_date_sk (bigint)
                            Target Input: store_sales
                            Partition key expr: ss_sold_date_sk
                            Statistics: Num rows: 326 Data size: 3912 Basic stats: COMPLETE Column stats: COMPLETE
                            Target Vertex: Map 19
                  Filter Operator
                    predicate: ((d_year = 2002) and d_date_sk is not null) (type: boolean)
                    Statistics: Num rows: 652 Data size: 7824 Basic stats: COMPLETE Column stats: COMPLETE
                    Select Operator
                      expressions: d_date_sk (type: bigint)
                      outputColumnNames: _col0
                      Statistics: Num rows: 652 Data size: 7824 Basic stats: COMPLETE Column stats: COMPLETE
                      Reduce Output Operator
                        key expressions: _col0 (type: bigint)
                        sort order: +
                        Map-reduce partition columns: _col0 (type: bigint)
                        Statistics: Num rows: 652 Data size: 7824 Basic stats: COMPLETE Column stats: COMPLETE
                      Select Operator
                        expressions: _col0 (type: bigint)
                        outputColumnNames: _col0
                        Statistics: Num rows: 652 Data size: 7824 Basic stats: COMPLETE Column stats: COMPLETE
                        Group By Operator
                          keys: _col0 (type: bigint)
                          mode: hash
                          outputColumnNames: _col0
                          Statistics: Num rows: 326 Data size: 3912 Basic stats: COMPLETE Column stats: COMPLETE
                          Dynamic Partitioning Event Operator
                            Target column: ws_sold_date_sk (bigint)
                            Target Input: web_sales
                            Partition key expr: ws_sold_date_sk
                            Statistics: Num rows: 326 Data size: 3912 Basic stats: COMPLETE Column stats: COMPLETE
                            Target Vertex: Map 24
                  Filter Operator
                    predicate: ((d_year = 2001) and d_date_sk is not null) (type: boolean)
                    Statistics: Num rows: 652 Data size: 7824 Basic stats: COMPLETE Column stats: COMPLETE
                    Select Operator
                      expressions: d_date_sk (type: bigint)
                      outputColumnNames: _col0
                      Statistics: Num rows: 652 Data size: 7824 Basic stats: COMPLETE Column stats: COMPLETE
                      Reduce Output Operator
                        key expressions: _col0 (type: bigint)
                        sort order: +
                        Map-reduce partition columns: _col0 (type: bigint)
                        Statistics: Num rows: 652 Data size: 7824 Basic stats: COMPLETE Column stats: COMPLETE
                      Select Operator
                        expressions: _col0 (type: bigint)
                        outputColumnNames: _col0
                        Statistics: Num rows: 652 Data size: 7824 Basic stats: COMPLETE Column stats: COMPLETE
                        Group By Operator
                          keys: _col0 (type: bigint)
                          mode: hash
                          outputColumnNames: _col0
                          Statistics: Num rows: 326 Data size: 3912 Basic stats: COMPLETE Column stats: COMPLETE
                          Dynamic Partitioning Event Operator
                            Target column: cs_sold_date_sk (bigint)
                            Target Input: catalog_sales
                            Partition key expr: cs_sold_date_sk
                            Statistics: Num rows: 326 Data size: 3912 Basic stats: COMPLETE Column stats: COMPLETE
                            Target Vertex: Map 29
                  Filter Operator
                    predicate: ((d_year = 2001) and d_date_sk is not null) (type: boolean)
                    Statistics: Num rows: 652 Data size: 7824 Basic stats: COMPLETE Column stats: COMPLETE
                    Select Operator
                      expressions: d_date_sk (type: bigint)
                      outputColumnNames: _col0
                      Statistics: Num rows: 652 Data size: 7824 Basic stats: COMPLETE Column stats: COMPLETE
                      Reduce Output Operator
                        key expressions: _col0 (type: bigint)
                        sort order: +
                        Map-reduce partition columns: _col0 (type: bigint)
                        Statistics: Num rows: 652 Data size: 7824 Basic stats: COMPLETE Column stats: COMPLETE
                      Select Operator
                        expressions: _col0 (type: bigint)
                        outputColumnNames: _col0
                        Statistics: Num rows: 652 Data size: 7824 Basic stats: COMPLETE Column stats: COMPLETE
                        Group By Operator
                          keys: _col0 (type: bigint)
                          mode: hash
                          outputColumnNames: _col0
                          Statistics: Num rows: 326 Data size: 3912 Basic stats: COMPLETE Column stats: COMPLETE
                          Dynamic Partitioning Event Operator
                            Target column: ss_sold_date_sk (bigint)
                            Target Input: store_sales
                            Partition key expr: ss_sold_date_sk
                            Statistics: Num rows: 326 Data size: 3912 Basic stats: COMPLETE Column stats: COMPLETE
                            Target Vertex: Map 38
                  Filter Operator
                    predicate: ((d_year = 2001) and d_date_sk is not null) (type: boolean)
                    Statistics: Num rows: 652 Data size: 7824 Basic stats: COMPLETE Column stats: COMPLETE
                    Select Operator
                      expressions: d_date_sk (type: bigint)
                      outputColumnNames: _col0
                      Statistics: Num rows: 652 Data size: 7824 Basic stats: COMPLETE Column stats: COMPLETE
                      Reduce Output Operator
                        key expressions: _col0 (type: bigint)
                        sort order: +
                        Map-reduce partition columns: _col0 (type: bigint)
                        Statistics: Num rows: 652 Data size: 7824 Basic stats: COMPLETE Column stats: COMPLETE
                      Select Operator
                        expressions: _col0 (type: bigint)
                        outputColumnNames: _col0
                        Statistics: Num rows: 652 Data size: 7824 Basic stats: COMPLETE Column stats: COMPLETE
                        Group By Operator
                          keys: _col0 (type: bigint)
                          mode: hash
                          outputColumnNames: _col0
                          Statistics: Num rows: 326 Data size: 3912 Basic stats: COMPLETE Column stats: COMPLETE
                          Dynamic Partitioning Event Operator
                            Target column: ws_sold_date_sk (bigint)
                            Target Input: web_sales
                            Partition key expr: ws_sold_date_sk
                            Statistics: Num rows: 326 Data size: 3912 Basic stats: COMPLETE Column stats: COMPLETE
                            Target Vertex: Map 43
            Execution mode: vectorized, llap
            LLAP IO: all inputs
        Map 11 
            Map Operator Tree:
                TableScan
                  alias: item
                  filterExpr: ((i_category = 'sports') and i_item_sk is not null and i_brand_id is not null and i_class_id is not null and i_category_id is not null and i_manufact_id is not null) (type: boolean)
                  Statistics: Num rows: 502000 Data size: 57208248 Basic stats: COMPLETE Column stats: COMPLETE
                  Filter Operator
                    predicate: ((i_category = 'sports') and i_item_sk is not null and i_brand_id is not null and i_class_id is not null and i_category_id is not null and i_manufact_id is not null) (type: boolean)
                    Statistics: Num rows: 49705 Data size: 5664426 Basic stats: COMPLETE Column stats: COMPLETE
                    Select Operator
                      expressions: i_item_sk (type: bigint), i_brand_id (type: int), i_class_id (type: int), i_category_id (type: int), i_manufact_id (type: int)
                      outputColumnNames: _col0, _col1, _col2, _col3, _col5
                      Statistics: Num rows: 49705 Data size: 5664426 Basic stats: COMPLETE Column stats: COMPLETE
                      Reduce Output Operator
                        key expressions: _col0 (type: bigint)
                        sort order: +
                        Map-reduce partition columns: _col0 (type: bigint)
                        Statistics: Num rows: 49705 Data size: 5664426 Basic stats: COMPLETE Column stats: COMPLETE
                        value expressions: _col1 (type: int), _col2 (type: int), _col3 (type: int), _col5 (type: int)
                      Select Operator
                        expressions: _col0 (type: bigint)
                        outputColumnNames: _col0
                        Statistics: Num rows: 49705 Data size: 397640 Basic stats: COMPLETE Column stats: COMPLETE
                        Group By Operator
                          aggregations: min(_col0), max(_col0), bloom_filter(_col0, expectedEntries=1000000)
                          mode: hash
                          outputColumnNames: _col0, _col1, _col2
                          Statistics: Num rows: 1 Data size: 24 Basic stats: COMPLETE Column stats: COMPLETE
                          Reduce Output Operator
                            sort order: 
                            Statistics: Num rows: 1 Data size: 24 Basic stats: COMPLETE Column stats: COMPLETE
                            value expressions: _col0 (type: bigint), _col1 (type: bigint), _col2 (type: binary)
                  Filter Operator
                    predicate: ((i_category = 'sports') and i_item_sk is not null and i_brand_id is not null and i_class_id is not null and i_category_id is not null and i_manufact_id is not null) (type: boolean)
                    Statistics: Num rows: 49705 Data size: 5664426 Basic stats: COMPLETE Column stats: COMPLETE
                    Select Operator
                      expressions: i_item_sk (type: bigint), i_brand_id (type: int), i_class_id (type: int), i_category_id (type: int), i_manufact_id (type: int)
                      outputColumnNames: _col0, _col1, _col2, _col3, _col5
                      Statistics: Num rows: 49705 Data size: 5664426 Basic stats: COMPLETE Column stats: COMPLETE
                      Reduce Output Operator
                        key expressions: _col0 (type: bigint)
                        sort order: +
                        Map-reduce partition columns: _col0 (type: bigint)
                        Statistics: Num rows: 49705 Data size: 5664426 Basic stats: COMPLETE Column stats: COMPLETE
                        value expressions: _col1 (type: int), _col2 (type: int), _col3 (type: int), _col5 (type: int)
                      Select Operator
                        expressions: _col0 (type: bigint)
                        outputColumnNames: _col0
                        Statistics: Num rows: 49705 Data size: 397640 Basic stats: COMPLETE Column stats: COMPLETE
                        Group By Operator
                          aggregations: min(_col0), max(_col0), bloom_filter(_col0, expectedEntries=1000000)
                          mode: hash
                          outputColumnNames: _col0, _col1, _col2
                          Statistics: Num rows: 1 Data size: 24 Basic stats: COMPLETE Column stats: COMPLETE
                          Reduce Output Operator
                            sort order: 
                            Statistics: Num rows: 1 Data size: 24 Basic stats: COMPLETE Column stats: COMPLETE
                            value expressions: _col0 (type: bigint), _col1 (type: bigint), _col2 (type: binary)
                  Filter Operator
                    predicate: ((i_category = 'sports') and i_item_sk is not null and i_brand_id is not null and i_class_id is not null and i_category_id is not null and i_manufact_id is not null) (type: boolean)
                    Statistics: Num rows: 49705 Data size: 5664426 Basic stats: COMPLETE Column stats: COMPLETE
                    Select Operator
                      expressions: i_item_sk (type: bigint), i_brand_id (type: int), i_class_id (type: int), i_category_id (type: int), i_manufact_id (type: int)
                      outputColumnNames: _col0, _col1, _col2, _col3, _col5
                      Statistics: Num rows: 49705 Data size: 5664426 Basic stats: COMPLETE Column stats: COMPLETE
                      Reduce Output Operator
                        key expressions: _col0 (type: bigint)
                        sort order: +
                        Map-reduce partition columns: _col0 (type: bigint)
                        Statistics: Num rows: 49705 Data size: 5664426 Basic stats: COMPLETE Column stats: COMPLETE
                        value expressions: _col1 (type: int), _col2 (type: int), _col3 (type: int), _col5 (type: int)
                      Select Operator
                        expressions: _col0 (type: bigint)
                        outputColumnNames: _col0
                        Statistics: Num rows: 49705 Data size: 397640 Basic stats: COMPLETE Column stats: COMPLETE
                        Group By Operator
                          aggregations: min(_col0), max(_col0), bloom_filter(_col0, expectedEntries=1000000)
                          mode: hash
                          outputColumnNames: _col0, _col1, _col2
                          Statistics: Num rows: 1 Data size: 24 Basic stats: COMPLETE Column stats: COMPLETE
                          Reduce Output Operator
                            sort order: 
                            Statistics: Num rows: 1 Data size: 24 Basic stats: COMPLETE Column stats: COMPLETE
                            value expressions: _col0 (type: bigint), _col1 (type: bigint), _col2 (type: binary)
                  Filter Operator
                    predicate: ((i_category = 'sports') and i_item_sk is not null and i_brand_id is not null and i_class_id is not null and i_category_id is not null and i_manufact_id is not null) (type: boolean)
                    Statistics: Num rows: 49705 Data size: 5664426 Basic stats: COMPLETE Column stats: COMPLETE
                    Select Operator
                      expressions: i_item_sk (type: bigint), i_brand_id (type: int), i_class_id (type: int), i_category_id (type: int), i_manufact_id (type: int)
                      outputColumnNames: _col0, _col1, _col2, _col3, _col5
                      Statistics: Num rows: 49705 Data size: 5664426 Basic stats: COMPLETE Column stats: COMPLETE
                      Reduce Output Operator
                        key expressions: _col0 (type: bigint)
                        sort order: +
                        Map-reduce partition columns: _col0 (type: bigint)
                        Statistics: Num rows: 49705 Data size: 5664426 Basic stats: COMPLETE Column stats: COMPLETE
                        value expressions: _col1 (type: int), _col2 (type: int), _col3 (type: int), _col5 (type: int)
                      Select Operator
                        expressions: _col0 (type: bigint)
                        outputColumnNames: _col0
                        Statistics: Num rows: 49705 Data size: 397640 Basic stats: COMPLETE Column stats: COMPLETE
                        Group By Operator
                          aggregations: min(_col0), max(_col0), bloom_filter(_col0, expectedEntries=1000000)
                          mode: hash
                          outputColumnNames: _col0, _col1, _col2
                          Statistics: Num rows: 1 Data size: 24 Basic stats: COMPLETE Column stats: COMPLETE
                          Reduce Output Operator
                            sort order: 
                            Statistics: Num rows: 1 Data size: 24 Basic stats: COMPLETE Column stats: COMPLETE
                            value expressions: _col0 (type: bigint), _col1 (type: bigint), _col2 (type: binary)
                  Filter Operator
                    predicate: ((i_category = 'sports') and i_item_sk is not null and i_brand_id is not null and i_class_id is not null and i_category_id is not null and i_manufact_id is not null) (type: boolean)
                    Statistics: Num rows: 49705 Data size: 5664426 Basic stats: COMPLETE Column stats: COMPLETE
                    Select Operator
                      expressions: i_item_sk (type: bigint), i_brand_id (type: int), i_class_id (type: int), i_category_id (type: int), i_manufact_id (type: int)
                      outputColumnNames: _col0, _col1, _col2, _col3, _col5
                      Statistics: Num rows: 49705 Data size: 5664426 Basic stats: COMPLETE Column stats: COMPLETE
                      Reduce Output Operator
                        key expressions: _col0 (type: bigint)
                        sort order: +
                        Map-reduce partition columns: _col0 (type: bigint)
                        Statistics: Num rows: 49705 Data size: 5664426 Basic stats: COMPLETE Column stats: COMPLETE
                        value expressions: _col1 (type: int), _col2 (type: int), _col3 (type: int), _col5 (type: int)
                      Select Operator
                        expressions: _col0 (type: bigint)
                        outputColumnNames: _col0
                        Statistics: Num rows: 49705 Data size: 397640 Basic stats: COMPLETE Column stats: COMPLETE
                        Group By Operator
                          aggregations: min(_col0), max(_col0), bloom_filter(_col0, expectedEntries=1000000)
                          mode: hash
                          outputColumnNames: _col0, _col1, _col2
                          Statistics: Num rows: 1 Data size: 24 Basic stats: COMPLETE Column stats: COMPLETE
                          Reduce Output Operator
                            sort order: 
                            Statistics: Num rows: 1 Data size: 24 Basic stats: COMPLETE Column stats: COMPLETE
                            value expressions: _col0 (type: bigint), _col1 (type: bigint), _col2 (type: binary)
                  Filter Operator
                    predicate: ((i_category = 'sports') and i_item_sk is not null and i_brand_id is not null and i_class_id is not null and i_category_id is not null and i_manufact_id is not null) (type: boolean)
                    Statistics: Num rows: 49705 Data size: 5664426 Basic stats: COMPLETE Column stats: COMPLETE
                    Select Operator
                      expressions: i_item_sk (type: bigint), i_brand_id (type: int), i_class_id (type: int), i_category_id (type: int), i_manufact_id (type: int)
                      outputColumnNames: _col0, _col1, _col2, _col3, _col5
                      Statistics: Num rows: 49705 Data size: 5664426 Basic stats: COMPLETE Column stats: COMPLETE
                      Reduce Output Operator
                        key expressions: _col0 (type: bigint)
                        sort order: +
                        Map-reduce partition columns: _col0 (type: bigint)
                        Statistics: Num rows: 49705 Data size: 5664426 Basic stats: COMPLETE Column stats: COMPLETE
                        value expressions: _col1 (type: int), _col2 (type: int), _col3 (type: int), _col5 (type: int)
                      Select Operator
                        expressions: _col0 (type: bigint)
                        outputColumnNames: _col0
                        Statistics: Num rows: 49705 Data size: 397640 Basic stats: COMPLETE Column stats: COMPLETE
                        Group By Operator
                          aggregations: min(_col0), max(_col0), bloom_filter(_col0, expectedEntries=1000000)
                          mode: hash
                          outputColumnNames: _col0, _col1, _col2
                          Statistics: Num rows: 1 Data size: 24 Basic stats: COMPLETE Column stats: COMPLETE
                          Reduce Output Operator
                            sort order: 
                            Statistics: Num rows: 1 Data size: 24 Basic stats: COMPLETE Column stats: COMPLETE
                            value expressions: _col0 (type: bigint), _col1 (type: bigint), _col2 (type: binary)
            Execution mode: vectorized, llap
            LLAP IO: all inputs
        Map 18 
            Map Operator Tree:
                TableScan
                  alias: catalog_returns
                  filterExpr: (cr_item_sk is not null and (cr_item_sk BETWEEN DynamicValue(RS_18_catalog_sales_cs_item_sk_min) AND DynamicValue(RS_18_catalog_sales_cs_item_sk_max) and in_bloom_filter(cr_item_sk, DynamicValue(RS_18_catalog_sales_cs_item_sk_bloom_filter))) and (cr_order_number BETWEEN DynamicValue(RS_18_catalog_sales_cs_order_number_min) AND DynamicValue(RS_18_catalog_sales_cs_order_number_max) and in_bloom_filter(cr_order_number, DynamicValue(RS_18_catalog_sales_cs_order_number_bloom_filter)))) (type: boolean)
                  Statistics: Num rows: 14403369483 Data size: 401764797484 Basic stats: COMPLETE Column stats: COMPLETE
                  Filter Operator
                    predicate: (cr_item_sk is not null and (cr_item_sk BETWEEN DynamicValue(RS_18_catalog_sales_cs_item_sk_min) AND DynamicValue(RS_18_catalog_sales_cs_item_sk_max) and in_bloom_filter(cr_item_sk, DynamicValue(RS_18_catalog_sales_cs_item_sk_bloom_filter))) and (cr_order_number BETWEEN DynamicValue(RS_18_catalog_sales_cs_order_number_min) AND DynamicValue(RS_18_catalog_sales_cs_order_number_max) and in_bloom_filter(cr_order_number, DynamicValue(RS_18_catalog_sales_cs_order_number_bloom_filter)))) (type: boolean)
                    Statistics: Num rows: 14403369483 Data size: 401764797484 Basic stats: COMPLETE Column stats: COMPLETE
                    Select Operator
                      expressions: cr_item_sk (type: bigint), cr_order_number (type: bigint), cr_return_quantity (type: int), cr_return_amount (type: double)
                      outputColumnNames: _col0, _col1, _col2, _col3
                      Statistics: Num rows: 14403369483 Data size: 401764797484 Basic stats: COMPLETE Column stats: COMPLETE
                      Reduce Output Operator
                        key expressions: _col0 (type: bigint), _col1 (type: bigint)
                        sort order: ++
                        Map-reduce partition columns: _col0 (type: bigint), _col1 (type: bigint)
                        Statistics: Num rows: 14403369483 Data size: 401764797484 Basic stats: COMPLETE Column stats: COMPLETE
                        value expressions: _col2 (type: int), _col3 (type: double)
            Execution mode: vectorized, llap
            LLAP IO: all inputs
        Map 19 
            Map Operator Tree:
                TableScan
                  alias: store_sales
                  filterExpr: (ss_item_sk is not null and (ss_item_sk BETWEEN DynamicValue(RS_38_item_i_item_sk_min) AND DynamicValue(RS_38_item_i_item_sk_max) and in_bloom_filter(ss_item_sk, DynamicValue(RS_38_item_i_item_sk_bloom_filter)))) (type: boolean)
                  Statistics: Num rows: 275035746821 Data size: 9861556584660 Basic stats: COMPLETE Column stats: COMPLETE
                  Filter Operator
                    predicate: (ss_item_sk is not null and (ss_item_sk BETWEEN DynamicValue(RS_38_item_i_item_sk_min) AND DynamicValue(RS_38_item_i_item_sk_max) and in_bloom_filter(ss_item_sk, DynamicValue(RS_38_item_i_item_sk_bloom_filter)))) (type: boolean)
                    Statistics: Num rows: 275035746821 Data size: 9861556584660 Basic stats: COMPLETE Column stats: COMPLETE
                    Select Operator
                      expressions: ss_item_sk (type: bigint), ss_ticket_number (type: bigint), ss_quantity (type: int), ss_ext_sales_price (type: double), ss_sold_date_sk (type: bigint)
                      outputColumnNames: _col0, _col1, _col2, _col3, _col4
                      Statistics: Num rows: 275035746821 Data size: 9861556584660 Basic stats: COMPLETE Column stats: COMPLETE
                      Map Join Operator
                        condition map:
                             Inner Join 0 to 1
                        keys:
                          0 _col4 (type: bigint)
                          1 _col0 (type: bigint)
                        outputColumnNames: _col0, _col1, _col2, _col3
                        input vertices:
                          1 Map 10
                        Statistics: Num rows: 98204190491 Data size: 2749717333748 Basic stats: COMPLETE Column stats: COMPLETE
                        Map Join Operator
                          condition map:
                               Inner Join 0 to 1
                          keys:
                            0 _col0 (type: bigint)
                            1 _col0 (type: bigint)
                          outputColumnNames: _col0, _col1, _col2, _col3, _col8, _col9, _col10, _col12
                          input vertices:
                            1 Map 11
                          Statistics: Num rows: 9723584508 Data size: 427837718352 Basic stats: COMPLETE Column stats: COMPLETE
                          Reduce Output Operator
                            key expressions: _col0 (type: bigint), _col1 (type: bigint)
                            sort order: ++
                            Map-reduce partition columns: _col0 (type: bigint), _col1 (type: bigint)
                            Statistics: Num rows: 9723584508 Data size: 427837718352 Basic stats: COMPLETE Column stats: COMPLETE
                            value expressions: _col2 (type: int), _col3 (type: double), _col8 (type: int), _col9 (type: int), _col10 (type: int), _col12 (type: int)
                          Select Operator
                            expressions: _col0 (type: bigint)
                            outputColumnNames: _col0
                            Statistics: Num rows: 9723584508 Data size: 77788676064 Basic stats: COMPLETE Column stats: COMPLETE
                            Group By Operator
                              aggregations: min(_col0), max(_col0), bloom_filter(_col0, expectedEntries=1000000)
                              mode: hash
                              outputColumnNames: _col0, _col1, _col2
                              Statistics: Num rows: 1 Data size: 24 Basic stats: COMPLETE Column stats: COMPLETE
                              Reduce Output Operator
                                sort order: 
                                Statistics: Num rows: 1 Data size: 24 Basic stats: COMPLETE Column stats: COMPLETE
                                value expressions: _col0 (type: bigint), _col1 (type: bigint), _col2 (type: binary)
                          Select Operator
                            expressions: _col1 (type: bigint)
                            outputColumnNames: _col0
                            Statistics: Num rows: 9723584508 Data size: 77788676064 Basic stats: COMPLETE Column stats: COMPLETE
                            Group By Operator
                              aggregations: min(_col0), max(_col0), bloom_filter(_col0, expectedEntries=3067266)
                              mode: hash
                              outputColumnNames: _col0, _col1, _col2
                              Statistics: Num rows: 1 Data size: 24 Basic stats: COMPLETE Column stats: COMPLETE
                              Reduce Output Operator
                                sort order: 
                                Statistics: Num rows: 1 Data size: 24 Basic stats: COMPLETE Column stats: COMPLETE
                                value expressions: _col0 (type: bigint), _col1 (type: bigint), _col2 (type: binary)
            Execution mode: vectorized, llap
            LLAP IO: all inputs
        Map 23 
            Map Operator Tree:
                TableScan
                  alias: store_returns
                  filterExpr: (sr_item_sk is not null and (sr_item_sk BETWEEN DynamicValue(RS_40_store_sales_ss_item_sk_min) AND DynamicValue(RS_40_store_sales_ss_item_sk_max) and in_bloom_filter(sr_item_sk, DynamicValue(RS_40_store_sales_ss_item_sk_bloom_filter))) and (sr_ticket_number BETWEEN DynamicValue(RS_40_store_sales_ss_ticket_number_min) AND DynamicValue(RS_40_store_sales_ss_ticket_number_max) and in_bloom_filter(sr_ticket_number, DynamicValue(RS_40_store_sales_ss_ticket_number_bloom_filter)))) (type: boolean)
                  Statistics: Num rows: 28777641316 Data size: 802967349592 Basic stats: COMPLETE Column stats: PARTIAL
                  Filter Operator
                    predicate: (sr_item_sk is not null and (sr_item_sk BETWEEN DynamicValue(RS_40_store_sales_ss_item_sk_min) AND DynamicValue(RS_40_store_sales_ss_item_sk_max) and in_bloom_filter(sr_item_sk, DynamicValue(RS_40_store_sales_ss_item_sk_bloom_filter))) and (sr_ticket_number BETWEEN DynamicValue(RS_40_store_sales_ss_ticket_number_min) AND DynamicValue(RS_40_store_sales_ss_ticket_number_max) and in_bloom_filter(sr_ticket_number, DynamicValue(RS_40_store_sales_ss_ticket_number_bloom_filter)))) (type: boolean)
                    Statistics: Num rows: 28777641316 Data size: 802967349592 Basic stats: COMPLETE Column stats: PARTIAL
                    Select Operator
                      expressions: sr_item_sk (type: bigint), sr_ticket_number (type: bigint), sr_return_quantity (type: int), sr_return_amt (type: double)
                      outputColumnNames: _col0, _col1, _col2, _col3
                      Statistics: Num rows: 28777641316 Data size: 802967349592 Basic stats: COMPLETE Column stats: PARTIAL
                      Reduce Output Operator
                        key expressions: _col0 (type: bigint), _col1 (type: bigint)
                        sort order: ++
                        Map-reduce partition columns: _col0 (type: bigint), _col1 (type: bigint)
                        Statistics: Num rows: 28777641316 Data size: 802967349592 Basic stats: COMPLETE Column stats: PARTIAL
                        value expressions: _col2 (type: int), _col3 (type: double)
            Execution mode: vectorized, llap
            LLAP IO: all inputs
        Map 24 
            Map Operator Tree:
                TableScan
                  alias: web_sales
                  filterExpr: (ws_item_sk is not null and (ws_item_sk BETWEEN DynamicValue(RS_67_item_i_item_sk_min) AND DynamicValue(RS_67_item_i_item_sk_max) and in_bloom_filter(ws_item_sk, DynamicValue(RS_67_item_i_item_sk_bloom_filter)))) (type: boolean)
                  Statistics: Num rows: 71959659800 Data size: 2590492695184 Basic stats: COMPLETE Column stats: COMPLETE
                  Filter Operator
                    predicate: (ws_item_sk is not null and (ws_item_sk BETWEEN DynamicValue(RS_67_item_i_item_sk_min) AND DynamicValue(RS_67_item_i_item_sk_max) and in_bloom_filter(ws_item_sk, DynamicValue(RS_67_item_i_item_sk_bloom_filter)))) (type: boolean)
                    Statistics: Num rows: 71959659800 Data size: 2590492695184 Basic stats: COMPLETE Column stats: COMPLETE
                    Select Operator
                      expressions: ws_item_sk (type: bigint), ws_order_number (type: bigint), ws_quantity (type: int), ws_ext_sales_price (type: double), ws_sold_date_sk (type: bigint)
                      outputColumnNames: _col0, _col1, _col2, _col3, _col4
                      Statistics: Num rows: 71959659800 Data size: 2590492695184 Basic stats: COMPLETE Column stats: COMPLETE
                      Map Join Operator
                        condition map:
                             Inner Join 0 to 1
                        keys:
                          0 _col4 (type: bigint)
                          1 _col0 (type: bigint)
                        outputColumnNames: _col0, _col1, _col2, _col3
                        input vertices:
                          1 Map 10
                        Statistics: Num rows: 25693896959 Data size: 719429114852 Basic stats: COMPLETE Column stats: COMPLETE
                        Map Join Operator
                          condition map:
                               Inner Join 0 to 1
                          keys:
                            0 _col0 (type: bigint)
                            1 _col0 (type: bigint)
                          outputColumnNames: _col0, _col1, _col2, _col3, _col8, _col9, _col10, _col12
                          input vertices:
                            1 Map 11
                          Statistics: Num rows: 2544054151 Data size: 111938382644 Basic stats: COMPLETE Column stats: COMPLETE
                          Reduce Output Operator
                            key expressions: _col0 (type: bigint), _col1 (type: bigint)
                            sort order: ++
                            Map-reduce partition columns: _col0 (type: bigint), _col1 (type: bigint)
                            Statistics: Num rows: 2544054151 Data size: 111938382644 Basic stats: COMPLETE Column stats: COMPLETE
                            value expressions: _col2 (type: int), _col3 (type: double), _col8 (type: int), _col9 (type: int), _col10 (type: int), _col12 (type: int)
                          Select Operator
                            expressions: _col0 (type: bigint)
                            outputColumnNames: _col0
                            Statistics: Num rows: 2544054151 Data size: 20352433208 Basic stats: COMPLETE Column stats: COMPLETE
                            Group By Operator
                              aggregations: min(_col0), max(_col0), bloom_filter(_col0, expectedEntries=1000000)
                              mode: hash
                              outputColumnNames: _col0, _col1, _col2
                              Statistics: Num rows: 1 Data size: 24 Basic stats: COMPLETE Column stats: COMPLETE
                              Reduce Output Operator
                                sort order: 
                                Statistics: Num rows: 1 Data size: 24 Basic stats: COMPLETE Column stats: COMPLETE
                                value expressions: _col0 (type: bigint), _col1 (type: bigint), _col2 (type: binary)
                          Select Operator
                            expressions: _col1 (type: bigint)
                            outputColumnNames: _col0
                            Statistics: Num rows: 2544054151 Data size: 20352433208 Basic stats: COMPLETE Column stats: COMPLETE
                            Group By Operator
                              aggregations: min(_col0), max(_col0), bloom_filter(_col0, expectedEntries=1000000)
                              mode: hash
                              outputColumnNames: _col0, _col1, _col2
                              Statistics: Num rows: 1 Data size: 24 Basic stats: COMPLETE Column stats: COMPLETE
                              Reduce Output Operator
                                sort order: 
                                Statistics: Num rows: 1 Data size: 24 Basic stats: COMPLETE Column stats: COMPLETE
                                value expressions: _col0 (type: bigint), _col1 (type: bigint), _col2 (type: binary)
            Execution mode: vectorized, llap
            LLAP IO: all inputs
        Map 28 
            Map Operator Tree:
                TableScan
                  alias: web_returns
                  filterExpr: (wr_item_sk is not null and (wr_item_sk BETWEEN DynamicValue(RS_69_web_sales_ws_item_sk_min) AND DynamicValue(RS_69_web_sales_ws_item_sk_max) and in_bloom_filter(wr_item_sk, DynamicValue(RS_69_web_sales_ws_item_sk_bloom_filter))) and (wr_order_number BETWEEN DynamicValue(RS_69_web_sales_ws_order_number_min) AND DynamicValue(RS_69_web_sales_ws_order_number_max) and in_bloom_filter(wr_order_number, DynamicValue(RS_69_web_sales_ws_order_number_bloom_filter)))) (type: boolean)
                  Statistics: Num rows: 7191510606 Data size: 200525618236 Basic stats: COMPLETE Column stats: PARTIAL
                  Filter Operator
                    predicate: (wr_item_sk is not null and (wr_item_sk BETWEEN DynamicValue(RS_69_web_sales_ws_item_sk_min) AND DynamicValue(RS_69_web_sales_ws_item_sk_max) and in_bloom_filter(wr_item_sk, DynamicValue(RS_69_web_sales_ws_item_sk_bloom_filter))) and (wr_order_number BETWEEN DynamicValue(RS_69_web_sales_ws_order_number_min) AND DynamicValue(RS_69_web_sales_ws_order_number_max) and in_bloom_filter(wr_order_number, DynamicValue(RS_69_web_sales_ws_order_number_bloom_filter)))) (type: boolean)
                    Statistics: Num rows: 7191510606 Data size: 200525618236 Basic stats: COMPLETE Column stats: PARTIAL
                    Select Operator
                      expressions: wr_item_sk (type: bigint), wr_order_number (type: bigint), wr_return_quantity (type: int), wr_return_amt (type: double)
                      outputColumnNames: _col0, _col1, _col2, _col3
                      Statistics: Num rows: 7191510606 Data size: 200525618236 Basic stats: COMPLETE Column stats: PARTIAL
                      Reduce Output Operator
                        key expressions: _col0 (type: bigint), _col1 (type: bigint)
                        sort order: ++
                        Map-reduce partition columns: _col0 (type: bigint), _col1 (type: bigint)
                        Statistics: Num rows: 7191510606 Data size: 200525618236 Basic stats: COMPLETE Column stats: PARTIAL
                        value expressions: _col2 (type: int), _col3 (type: double)
            Execution mode: vectorized, llap
            LLAP IO: all inputs
        Map 29 
            Map Operator Tree:
                TableScan
                  alias: catalog_sales
                  filterExpr: (cs_item_sk is not null and (cs_item_sk BETWEEN DynamicValue(RS_101_item_i_item_sk_min) AND DynamicValue(RS_101_item_i_item_sk_max) and in_bloom_filter(cs_item_sk, DynamicValue(RS_101_item_i_item_sk_bloom_filter)))) (type: boolean)
                  Statistics: Num rows: 143352541321 Data size: 5158506546688 Basic stats: COMPLETE Column stats: COMPLETE
                  Filter Operator
                    predicate: (cs_item_sk is not null and (cs_item_sk BETWEEN DynamicValue(RS_101_item_i_item_sk_min) AND DynamicValue(RS_101_item_i_item_sk_max) and in_bloom_filter(cs_item_sk, DynamicValue(RS_101_item_i_item_sk_bloom_filter)))) (type: boolean)
                    Statistics: Num rows: 143352541321 Data size: 5158506546688 Basic stats: COMPLETE Column stats: COMPLETE
                    Select Operator
                      expressions: cs_item_sk (type: bigint), cs_order_number (type: bigint), cs_quantity (type: int), cs_ext_sales_price (type: double), cs_sold_date_sk (type: bigint)
                      outputColumnNames: _col0, _col1, _col2, _col3, _col4
                      Statistics: Num rows: 143352541321 Data size: 5158506546688 Basic stats: COMPLETE Column stats: COMPLETE
                      Map Join Operator
                        condition map:
                             Inner Join 0 to 1
                        keys:
                          0 _col4 (type: bigint)
                          1 _col0 (type: bigint)
                        outputColumnNames: _col0, _col1, _col2, _col3
                        input vertices:
                          1 Map 10
                        Statistics: Num rows: 50823590249 Data size: 1423060526972 Basic stats: COMPLETE Column stats: COMPLETE
                        Map Join Operator
                          condition map:
                               Inner Join 0 to 1
                          keys:
                            0 _col0 (type: bigint)
                            1 _col0 (type: bigint)
                          outputColumnNames: _col0, _col1, _col2, _col3, _col8, _col9, _col10, _col12
                          input vertices:
                            1 Map 11
                          Statistics: Num rows: 5032244269 Data size: 221418747836 Basic stats: COMPLETE Column stats: COMPLETE
                          Reduce Output Operator
                            key expressions: _col0 (type: bigint), _col1 (type: bigint)
                            sort order: ++
                            Map-reduce partition columns: _col0 (type: bigint), _col1 (type: bigint)
                            Statistics: Num rows: 5032244269 Data size: 221418747836 Basic stats: COMPLETE Column stats: COMPLETE
                            value expressions: _col2 (type: int), _col3 (type: double), _col8 (type: int), _col9 (type: int), _col10 (type: int), _col12 (type: int)
                          Select Operator
                            expressions: _col0 (type: bigint)
                            outputColumnNames: _col0
                            Statistics: Num rows: 5032244269 Data size: 40257954152 Basic stats: COMPLETE Column stats: COMPLETE
                            Group By Operator
                              aggregations: min(_col0), max(_col0), bloom_filter(_col0, expectedEntries=1000000)
                              mode: hash
                              outputColumnNames: _col0, _col1, _col2
                              Statistics: Num rows: 1 Data size: 24 Basic stats: COMPLETE Column stats: COMPLETE
                              Reduce Output Operator
                                sort order: 
                                Statistics: Num rows: 1 Data size: 24 Basic stats: COMPLETE Column stats: COMPLETE
                                value expressions: _col0 (type: bigint), _col1 (type: bigint), _col2 (type: binary)
                          Select Operator
                            expressions: _col1 (type: bigint)
                            outputColumnNames: _col0
                            Statistics: Num rows: 5032244269 Data size: 40257954152 Basic stats: COMPLETE Column stats: COMPLETE
                            Group By Operator
                              aggregations: min(_col0), max(_col0), bloom_filter(_col0, expectedEntries=2153552)
                              mode: hash
                              outputColumnNames: _col0, _col1, _col2
                              Statistics: Num rows: 1 Data size: 24 Basic stats: COMPLETE Column stats: COMPLETE
                              Reduce Output Operator
                                sort order: 
                                Statistics: Num rows: 1 Data size: 24 Basic stats: COMPLETE Column stats: COMPLETE
                                value expressions: _col0 (type: bigint), _col1 (type: bigint), _col2 (type: binary)
            Execution mode: vectorized, llap
            LLAP IO: all inputs
        Map 37 
            Map Operator Tree:
                TableScan
                  alias: catalog_returns
                  filterExpr: (cr_item_sk is not null and (cr_item_sk BETWEEN DynamicValue(RS_103_catalog_sales_cs_item_sk_min) AND DynamicValue(RS_103_catalog_sales_cs_item_sk_max) and in_bloom_filter(cr_item_sk, DynamicValue(RS_103_catalog_sales_cs_item_sk_bloom_filter))) and (cr_order_number BETWEEN DynamicValue(RS_103_catalog_sales_cs_order_number_min) AND DynamicValue(RS_103_catalog_sales_cs_order_number_max) and in_bloom_filter(cr_order_number, DynamicValue(RS_103_catalog_sales_cs_order_number_bloom_filter)))) (type: boolean)
                  Statistics: Num rows: 14403369483 Data size: 401764797484 Basic stats: COMPLETE Column stats: COMPLETE
                  Filter Operator
                    predicate: (cr_item_sk is not null and (cr_item_sk BETWEEN DynamicValue(RS_103_catalog_sales_cs_item_sk_min) AND DynamicValue(RS_103_catalog_sales_cs_item_sk_max) and in_bloom_filter(cr_item_sk, DynamicValue(RS_103_catalog_sales_cs_item_sk_bloom_filter))) and (cr_order_number BETWEEN DynamicValue(RS_103_catalog_sales_cs_order_number_min) AND DynamicValue(RS_103_catalog_sales_cs_order_number_max) and in_bloom_filter(cr_order_number, DynamicValue(RS_103_catalog_sales_cs_order_number_bloom_filter)))) (type: boolean)
                    Statistics: Num rows: 14403369483 Data size: 401764797484 Basic stats: COMPLETE Column stats: COMPLETE
                    Select Operator
                      expressions: cr_item_sk (type: bigint), cr_order_number (type: bigint), cr_return_quantity (type: int), cr_return_amount (type: double)
                      outputColumnNames: _col0, _col1, _col2, _col3
                      Statistics: Num rows: 14403369483 Data size: 401764797484 Basic stats: COMPLETE Column stats: COMPLETE
                      Reduce Output Operator
                        key expressions: _col0 (type: bigint), _col1 (type: bigint)
                        sort order: ++
                        Map-reduce partition columns: _col0 (type: bigint), _col1 (type: bigint)
                        Statistics: Num rows: 14403369483 Data size: 401764797484 Basic stats: COMPLETE Column stats: COMPLETE
                        value expressions: _col2 (type: int), _col3 (type: double)
            Execution mode: vectorized, llap
            LLAP IO: all inputs
        Map 38 
            Map Operator Tree:
                TableScan
                  alias: store_sales
                  filterExpr: (ss_item_sk is not null and (ss_item_sk BETWEEN DynamicValue(RS_123_item_i_item_sk_min) AND DynamicValue(RS_123_item_i_item_sk_max) and in_bloom_filter(ss_item_sk, DynamicValue(RS_123_item_i_item_sk_bloom_filter)))) (type: boolean)
                  Statistics: Num rows: 275035746821 Data size: 9861556584660 Basic stats: COMPLETE Column stats: COMPLETE
                  Filter Operator
                    predicate: (ss_item_sk is not null and (ss_item_sk BETWEEN DynamicValue(RS_123_item_i_item_sk_min) AND DynamicValue(RS_123_item_i_item_sk_max) and in_bloom_filter(ss_item_sk, DynamicValue(RS_123_item_i_item_sk_bloom_filter)))) (type: boolean)
                    Statistics: Num rows: 275035746821 Data size: 9861556584660 Basic stats: COMPLETE Column stats: COMPLETE
                    Select Operator
                      expressions: ss_item_sk (type: bigint), ss_ticket_number (type: bigint), ss_quantity (type: int), ss_ext_sales_price (type: double), ss_sold_date_sk (type: bigint)
                      outputColumnNames: _col0, _col1, _col2, _col3, _col4
                      Statistics: Num rows: 275035746821 Data size: 9861556584660 Basic stats: COMPLETE Column stats: COMPLETE
                      Map Join Operator
                        condition map:
                             Inner Join 0 to 1
                        keys:
                          0 _col4 (type: bigint)
                          1 _col0 (type: bigint)
                        outputColumnNames: _col0, _col1, _col2, _col3
                        input vertices:
                          1 Map 10
                        Statistics: Num rows: 98204190491 Data size: 2749717333748 Basic stats: COMPLETE Column stats: COMPLETE
                        Map Join Operator
                          condition map:
                               Inner Join 0 to 1
                          keys:
                            0 _col0 (type: bigint)
                            1 _col0 (type: bigint)
                          outputColumnNames: _col0, _col1, _col2, _col3, _col8, _col9, _col10, _col12
                          input vertices:
                            1 Map 11
                          Statistics: Num rows: 9723584508 Data size: 427837718352 Basic stats: COMPLETE Column stats: COMPLETE
                          Reduce Output Operator
                            key expressions: _col0 (type: bigint), _col1 (type: bigint)
                            sort order: ++
                            Map-reduce partition columns: _col0 (type: bigint), _col1 (type: bigint)
                            Statistics: Num rows: 9723584508 Data size: 427837718352 Basic stats: COMPLETE Column stats: COMPLETE
                            value expressions: _col2 (type: int), _col3 (type: double), _col8 (type: int), _col9 (type: int), _col10 (type: int), _col12 (type: int)
                          Select Operator
                            expressions: _col0 (type: bigint)
                            outputColumnNames: _col0
                            Statistics: Num rows: 9723584508 Data size: 77788676064 Basic stats: COMPLETE Column stats: COMPLETE
                            Group By Operator
                              aggregations: min(_col0), max(_col0), bloom_filter(_col0, expectedEntries=1000000)
                              mode: hash
                              outputColumnNames: _col0, _col1, _col2
                              Statistics: Num rows: 1 Data size: 24 Basic stats: COMPLETE Column stats: COMPLETE
                              Reduce Output Operator
                                sort order: 
                                Statistics: Num rows: 1 Data size: 24 Basic stats: COMPLETE Column stats: COMPLETE
                                value expressions: _col0 (type: bigint), _col1 (type: bigint), _col2 (type: binary)
                          Select Operator
                            expressions: _col1 (type: bigint)
                            outputColumnNames: _col0
                            Statistics: Num rows: 9723584508 Data size: 77788676064 Basic stats: COMPLETE Column stats: COMPLETE
                            Group By Operator
                              aggregations: min(_col0), max(_col0), bloom_filter(_col0, expectedEntries=3067266)
                              mode: hash
                              outputColumnNames: _col0, _col1, _col2
                              Statistics: Num rows: 1 Data size: 24 Basic stats: COMPLETE Column stats: COMPLETE
                              Reduce Output Operator
                                sort order: 
                                Statistics: Num rows: 1 Data size: 24 Basic stats: COMPLETE Column stats: COMPLETE
                                value expressions: _col0 (type: bigint), _col1 (type: bigint), _col2 (type: binary)
            Execution mode: vectorized, llap
            LLAP IO: all inputs
        Map 42 
            Map Operator Tree:
                TableScan
                  alias: store_returns
                  filterExpr: (sr_item_sk is not null and (sr_item_sk BETWEEN DynamicValue(RS_125_store_sales_ss_item_sk_min) AND DynamicValue(RS_125_store_sales_ss_item_sk_max) and in_bloom_filter(sr_item_sk, DynamicValue(RS_125_store_sales_ss_item_sk_bloom_filter))) and (sr_ticket_number BETWEEN DynamicValue(RS_125_store_sales_ss_ticket_number_min) AND DynamicValue(RS_125_store_sales_ss_ticket_number_max) and in_bloom_filter(sr_ticket_number, DynamicValue(RS_125_store_sales_ss_ticket_number_bloom_filter)))) (type: boolean)
                  Statistics: Num rows: 28777641316 Data size: 802967349592 Basic stats: COMPLETE Column stats: PARTIAL
                  Filter Operator
                    predicate: (sr_item_sk is not null and (sr_item_sk BETWEEN DynamicValue(RS_125_store_sales_ss_item_sk_min) AND DynamicValue(RS_125_store_sales_ss_item_sk_max) and in_bloom_filter(sr_item_sk, DynamicValue(RS_125_store_sales_ss_item_sk_bloom_filter))) and (sr_ticket_number BETWEEN DynamicValue(RS_125_store_sales_ss_ticket_number_min) AND DynamicValue(RS_125_store_sales_ss_ticket_number_max) and in_bloom_filter(sr_ticket_number, DynamicValue(RS_125_store_sales_ss_ticket_number_bloom_filter)))) (type: boolean)
                    Statistics: Num rows: 28777641316 Data size: 802967349592 Basic stats: COMPLETE Column stats: PARTIAL
                    Select Operator
                      expressions: sr_item_sk (type: bigint), sr_ticket_number (type: bigint), sr_return_quantity (type: int), sr_return_amt (type: double)
                      outputColumnNames: _col0, _col1, _col2, _col3
                      Statistics: Num rows: 28777641316 Data size: 802967349592 Basic stats: COMPLETE Column stats: PARTIAL
                      Reduce Output Operator
                        key expressions: _col0 (type: bigint), _col1 (type: bigint)
                        sort order: ++
                        Map-reduce partition columns: _col0 (type: bigint), _col1 (type: bigint)
                        Statistics: Num rows: 28777641316 Data size: 802967349592 Basic stats: COMPLETE Column stats: PARTIAL
                        value expressions: _col2 (type: int), _col3 (type: double)
            Execution mode: vectorized, llap
            LLAP IO: all inputs
        Map 43 
            Map Operator Tree:
                TableScan
                  alias: web_sales
                  filterExpr: (ws_item_sk is not null and (ws_item_sk BETWEEN DynamicValue(RS_152_item_i_item_sk_min) AND DynamicValue(RS_152_item_i_item_sk_max) and in_bloom_filter(ws_item_sk, DynamicValue(RS_152_item_i_item_sk_bloom_filter)))) (type: boolean)
                  Statistics: Num rows: 71959659800 Data size: 2590492695184 Basic stats: COMPLETE Column stats: COMPLETE
                  Filter Operator
                    predicate: (ws_item_sk is not null and (ws_item_sk BETWEEN DynamicValue(RS_152_item_i_item_sk_min) AND DynamicValue(RS_152_item_i_item_sk_max) and in_bloom_filter(ws_item_sk, DynamicValue(RS_152_item_i_item_sk_bloom_filter)))) (type: boolean)
                    Statistics: Num rows: 71959659800 Data size: 2590492695184 Basic stats: COMPLETE Column stats: COMPLETE
                    Select Operator
                      expressions: ws_item_sk (type: bigint), ws_order_number (type: bigint), ws_quantity (type: int), ws_ext_sales_price (type: double), ws_sold_date_sk (type: bigint)
                      outputColumnNames: _col0, _col1, _col2, _col3, _col4
                      Statistics: Num rows: 71959659800 Data size: 2590492695184 Basic stats: COMPLETE Column stats: COMPLETE
                      Map Join Operator
                        condition map:
                             Inner Join 0 to 1
                        keys:
                          0 _col4 (type: bigint)
                          1 _col0 (type: bigint)
                        outputColumnNames: _col0, _col1, _col2, _col3
                        input vertices:
                          1 Map 10
                        Statistics: Num rows: 25693896959 Data size: 719429114852 Basic stats: COMPLETE Column stats: COMPLETE
                        Map Join Operator
                          condition map:
                               Inner Join 0 to 1
                          keys:
                            0 _col0 (type: bigint)
                            1 _col0 (type: bigint)
                          outputColumnNames: _col0, _col1, _col2, _col3, _col8, _col9, _col10, _col12
                          input vertices:
                            1 Map 11
                          Statistics: Num rows: 2544054151 Data size: 111938382644 Basic stats: COMPLETE Column stats: COMPLETE
                          Reduce Output Operator
                            key expressions: _col0 (type: bigint), _col1 (type: bigint)
                            sort order: ++
                            Map-reduce partition columns: _col0 (type: bigint), _col1 (type: bigint)
                            Statistics: Num rows: 2544054151 Data size: 111938382644 Basic stats: COMPLETE Column stats: COMPLETE
                            value expressions: _col2 (type: int), _col3 (type: double), _col8 (type: int), _col9 (type: int), _col10 (type: int), _col12 (type: int)
                          Select Operator
                            expressions: _col0 (type: bigint)
                            outputColumnNames: _col0
                            Statistics: Num rows: 2544054151 Data size: 20352433208 Basic stats: COMPLETE Column stats: COMPLETE
                            Group By Operator
                              aggregations: min(_col0), max(_col0), bloom_filter(_col0, expectedEntries=1000000)
                              mode: hash
                              outputColumnNames: _col0, _col1, _col2
                              Statistics: Num rows: 1 Data size: 24 Basic stats: COMPLETE Column stats: COMPLETE
                              Reduce Output Operator
                                sort order: 
                                Statistics: Num rows: 1 Data size: 24 Basic stats: COMPLETE Column stats: COMPLETE
                                value expressions: _col0 (type: bigint), _col1 (type: bigint), _col2 (type: binary)
                          Select Operator
                            expressions: _col1 (type: bigint)
                            outputColumnNames: _col0
                            Statistics: Num rows: 2544054151 Data size: 20352433208 Basic stats: COMPLETE Column stats: COMPLETE
                            Group By Operator
                              aggregations: min(_col0), max(_col0), bloom_filter(_col0, expectedEntries=1000000)
                              mode: hash
                              outputColumnNames: _col0, _col1, _col2
                              Statistics: Num rows: 1 Data size: 24 Basic stats: COMPLETE Column stats: COMPLETE
                              Reduce Output Operator
                                sort order: 
                                Statistics: Num rows: 1 Data size: 24 Basic stats: COMPLETE Column stats: COMPLETE
                                value expressions: _col0 (type: bigint), _col1 (type: bigint), _col2 (type: binary)
            Execution mode: vectorized, llap
            LLAP IO: all inputs
        Map 47 
            Map Operator Tree:
                TableScan
                  alias: web_returns
                  filterExpr: (wr_item_sk is not null and (wr_item_sk BETWEEN DynamicValue(RS_154_web_sales_ws_item_sk_min) AND DynamicValue(RS_154_web_sales_ws_item_sk_max) and in_bloom_filter(wr_item_sk, DynamicValue(RS_154_web_sales_ws_item_sk_bloom_filter))) and (wr_order_number BETWEEN DynamicValue(RS_154_web_sales_ws_order_number_min) AND DynamicValue(RS_154_web_sales_ws_order_number_max) and in_bloom_filter(wr_order_number, DynamicValue(RS_154_web_sales_ws_order_number_bloom_filter)))) (type: boolean)
                  Statistics: Num rows: 7191510606 Data size: 200525618236 Basic stats: COMPLETE Column stats: PARTIAL
                  Filter Operator
                    predicate: (wr_item_sk is not null and (wr_item_sk BETWEEN DynamicValue(RS_154_web_sales_ws_item_sk_min) AND DynamicValue(RS_154_web_sales_ws_item_sk_max) and in_bloom_filter(wr_item_sk, DynamicValue(RS_154_web_sales_ws_item_sk_bloom_filter))) and (wr_order_number BETWEEN DynamicValue(RS_154_web_sales_ws_order_number_min) AND DynamicValue(RS_154_web_sales_ws_order_number_max) and in_bloom_filter(wr_order_number, DynamicValue(RS_154_web_sales_ws_order_number_bloom_filter)))) (type: boolean)
                    Statistics: Num rows: 7191510606 Data size: 200525618236 Basic stats: COMPLETE Column stats: PARTIAL
                    Select Operator
                      expressions: wr_item_sk (type: bigint), wr_order_number (type: bigint), wr_return_quantity (type: int), wr_return_amt (type: double)
                      outputColumnNames: _col0, _col1, _col2, _col3
                      Statistics: Num rows: 7191510606 Data size: 200525618236 Basic stats: COMPLETE Column stats: PARTIAL
                      Reduce Output Operator
                        key expressions: _col0 (type: bigint), _col1 (type: bigint)
                        sort order: ++
                        Map-reduce partition columns: _col0 (type: bigint), _col1 (type: bigint)
                        Statistics: Num rows: 7191510606 Data size: 200525618236 Basic stats: COMPLETE Column stats: PARTIAL
                        value expressions: _col2 (type: int), _col3 (type: double)
            Execution mode: vectorized, llap
            LLAP IO: all inputs
        Reducer 12 
            Execution mode: vectorized, llap
            Reduce Operator Tree:
              Group By Operator
                aggregations: min(VALUE._col0), max(VALUE._col1), bloom_filter(VALUE._col2, expectedEntries=1000000)
                mode: final
                outputColumnNames: _col0, _col1, _col2
                Statistics: Num rows: 1 Data size: 24 Basic stats: COMPLETE Column stats: COMPLETE
                Reduce Output Operator
                  sort order: 
                  Statistics: Num rows: 1 Data size: 24 Basic stats: COMPLETE Column stats: COMPLETE
                  value expressions: _col0 (type: bigint), _col1 (type: bigint), _col2 (type: binary)
        Reducer 13 
            Execution mode: vectorized, llap
            Reduce Operator Tree:
              Group By Operator
                aggregations: min(VALUE._col0), max(VALUE._col1), bloom_filter(VALUE._col2, expectedEntries=1000000)
                mode: final
                outputColumnNames: _col0, _col1, _col2
                Statistics: Num rows: 1 Data size: 24 Basic stats: COMPLETE Column stats: COMPLETE
                Reduce Output Operator
                  sort order: 
                  Statistics: Num rows: 1 Data size: 24 Basic stats: COMPLETE Column stats: COMPLETE
                  value expressions: _col0 (type: bigint), _col1 (type: bigint), _col2 (type: binary)
        Reducer 14 
            Execution mode: vectorized, llap
            Reduce Operator Tree:
              Group By Operator
                aggregations: min(VALUE._col0), max(VALUE._col1), bloom_filter(VALUE._col2, expectedEntries=1000000)
                mode: final
                outputColumnNames: _col0, _col1, _col2
                Statistics: Num rows: 1 Data size: 24 Basic stats: COMPLETE Column stats: COMPLETE
                Reduce Output Operator
                  sort order: 
                  Statistics: Num rows: 1 Data size: 24 Basic stats: COMPLETE Column stats: COMPLETE
                  value expressions: _col0 (type: bigint), _col1 (type: bigint), _col2 (type: binary)
        Reducer 15 
            Execution mode: vectorized, llap
            Reduce Operator Tree:
              Group By Operator
                aggregations: min(VALUE._col0), max(VALUE._col1), bloom_filter(VALUE._col2, expectedEntries=1000000)
                mode: final
                outputColumnNames: _col0, _col1, _col2
                Statistics: Num rows: 1 Data size: 24 Basic stats: COMPLETE Column stats: COMPLETE
                Reduce Output Operator
                  sort order: 
                  Statistics: Num rows: 1 Data size: 24 Basic stats: COMPLETE Column stats: COMPLETE
                  value expressions: _col0 (type: bigint), _col1 (type: bigint), _col2 (type: binary)
        Reducer 16 
            Execution mode: vectorized, llap
            Reduce Operator Tree:
              Group By Operator
                aggregations: min(VALUE._col0), max(VALUE._col1), bloom_filter(VALUE._col2, expectedEntries=1000000)
                mode: final
                outputColumnNames: _col0, _col1, _col2
                Statistics: Num rows: 1 Data size: 24 Basic stats: COMPLETE Column stats: COMPLETE
                Reduce Output Operator
                  sort order: 
                  Statistics: Num rows: 1 Data size: 24 Basic stats: COMPLETE Column stats: COMPLETE
                  value expressions: _col0 (type: bigint), _col1 (type: bigint), _col2 (type: binary)
        Reducer 17 
            Execution mode: vectorized, llap
            Reduce Operator Tree:
              Group By Operator
                aggregations: min(VALUE._col0), max(VALUE._col1), bloom_filter(VALUE._col2, expectedEntries=1000000)
                mode: final
                outputColumnNames: _col0, _col1, _col2
                Statistics: Num rows: 1 Data size: 24 Basic stats: COMPLETE Column stats: COMPLETE
                Reduce Output Operator
                  sort order: 
                  Statistics: Num rows: 1 Data size: 24 Basic stats: COMPLETE Column stats: COMPLETE
                  value expressions: _col0 (type: bigint), _col1 (type: bigint), _col2 (type: binary)
        Reducer 2 
            Execution mode: vectorized, llap
            Reduce Operator Tree:
              Map Join Operator
                condition map:
                     Left Outer Join0 to 1
                keys:
                  0 KEY.reducesinkkey0 (type: bigint), KEY.reducesinkkey1 (type: bigint)
                  1 KEY.reducesinkkey0 (type: bigint), KEY.reducesinkkey1 (type: bigint)
                outputColumnNames: _col2, _col3, _col8, _col9, _col10, _col12, _col15, _col16
                input vertices:
                  1 Map 18
                Statistics: Num rows: 5032244269 Data size: 201289770760 Basic stats: COMPLETE Column stats: COMPLETE
                Select Operator
                  expressions: _col8 (type: int), _col9 (type: int), _col10 (type: int), _col12 (type: int), (_col2 - COALESCE(_col15,0)) (type: int), (_col3 - COALESCE(_col16,0.0)) (type: double)
                  outputColumnNames: _col0, _col1, _col2, _col3, _col4, _col5
                  Statistics: Num rows: 5032244269 Data size: 140902839532 Basic stats: COMPLETE Column stats: COMPLETE
                  Group By Operator
                    keys: _col0 (type: int), _col1 (type: int), _col2 (type: int), _col3 (type: int), _col4 (type: int), _col5 (type: double)
                    mode: hash
                    outputColumnNames: _col0, _col1, _col2, _col3, _col4, _col5
                    Statistics: Num rows: 14755828777 Data size: 413163205756 Basic stats: COMPLETE Column stats: PARTIAL
                    Reduce Output Operator
                      key expressions: _col0 (type: int), _col1 (type: int), _col2 (type: int), _col3 (type: int), _col4 (type: int), _col5 (type: double)
                      sort order: ++++++
                      Map-reduce partition columns: _col0 (type: int), _col1 (type: int), _col2 (type: int), _col3 (type: int), _col4 (type: int), _col5 (type: double)
                      Statistics: Num rows: 14755828777 Data size: 413163205756 Basic stats: COMPLETE Column stats: PARTIAL
        Reducer 20 
            Execution mode: vectorized, llap
            Reduce Operator Tree:
              Map Join Operator
                condition map:
                     Left Outer Join0 to 1
                keys:
                  0 KEY.reducesinkkey0 (type: bigint), KEY.reducesinkkey1 (type: bigint)
                  1 KEY.reducesinkkey0 (type: bigint), KEY.reducesinkkey1 (type: bigint)
                outputColumnNames: _col2, _col3, _col8, _col9, _col10, _col12, _col15, _col16
                input vertices:
                  1 Map 23
                Statistics: Num rows: 9723584508 Data size: 388943380320 Basic stats: COMPLETE Column stats: PARTIAL
                Select Operator
                  expressions: _col8 (type: int), _col9 (type: int), _col10 (type: int), _col12 (type: int), (_col2 - COALESCE(_col15,0)) (type: int), (_col3 - COALESCE(_col16,0.0)) (type: double)
                  outputColumnNames: _col0, _col1, _col2, _col3, _col4, _col5
                  Statistics: Num rows: 9723584508 Data size: 272260366224 Basic stats: COMPLETE Column stats: PARTIAL
                  Group By Operator
                    keys: _col0 (type: int), _col1 (type: int), _col2 (type: int), _col3 (type: int), _col4 (type: int), _col5 (type: double)
                    mode: hash
                    outputColumnNames: _col0, _col1, _col2, _col3, _col4, _col5
                    Statistics: Num rows: 14755828777 Data size: 413163205756 Basic stats: COMPLETE Column stats: PARTIAL
                    Reduce Output Operator
                      key expressions: _col0 (type: int), _col1 (type: int), _col2 (type: int), _col3 (type: int), _col4 (type: int), _col5 (type: double)
                      sort order: ++++++
                      Map-reduce partition columns: _col0 (type: int), _col1 (type: int), _col2 (type: int), _col3 (type: int), _col4 (type: int), _col5 (type: double)
                      Statistics: Num rows: 14755828777 Data size: 413163205756 Basic stats: COMPLETE Column stats: PARTIAL
        Reducer 21 
            Execution mode: vectorized, llap
            Reduce Operator Tree:
              Group By Operator
                aggregations: min(VALUE._col0), max(VALUE._col1), bloom_filter(VALUE._col2, expectedEntries=1000000)
                mode: final
                outputColumnNames: _col0, _col1, _col2
                Statistics: Num rows: 1 Data size: 24 Basic stats: COMPLETE Column stats: COMPLETE
                Reduce Output Operator
                  sort order: 
                  Statistics: Num rows: 1 Data size: 24 Basic stats: COMPLETE Column stats: COMPLETE
                  value expressions: _col0 (type: bigint), _col1 (type: bigint), _col2 (type: binary)
        Reducer 22 
            Execution mode: vectorized, llap
            Reduce Operator Tree:
              Group By Operator
                aggregations: min(VALUE._col0), max(VALUE._col1), bloom_filter(VALUE._col2, expectedEntries=3067266)
                mode: final
                outputColumnNames: _col0, _col1, _col2
                Statistics: Num rows: 1 Data size: 24 Basic stats: COMPLETE Column stats: COMPLETE
                Reduce Output Operator
                  sort order: 
                  Statistics: Num rows: 1 Data size: 24 Basic stats: COMPLETE Column stats: COMPLETE
                  value expressions: _col0 (type: bigint), _col1 (type: bigint), _col2 (type: binary)
        Reducer 25 
            Execution mode: vectorized, llap
            Reduce Operator Tree:
              Map Join Operator
                condition map:
                     Left Outer Join0 to 1
                keys:
                  0 KEY.reducesinkkey0 (type: bigint), KEY.reducesinkkey1 (type: bigint)
                  1 KEY.reducesinkkey0 (type: bigint), KEY.reducesinkkey1 (type: bigint)
                outputColumnNames: _col2, _col3, _col8, _col9, _col10, _col12, _col15, _col16
                input vertices:
                  1 Map 28
                Statistics: Num rows: 2544054151 Data size: 101762166040 Basic stats: COMPLETE Column stats: PARTIAL
                Select Operator
                  expressions: _col8 (type: int), _col9 (type: int), _col10 (type: int), _col12 (type: int), (_col2 - COALESCE(_col15,0)) (type: int), (_col3 - COALESCE(_col16,0.0)) (type: double)
                  outputColumnNames: _col0, _col1, _col2, _col3, _col4, _col5
                  Statistics: Num rows: 2544054151 Data size: 71233516228 Basic stats: COMPLETE Column stats: PARTIAL
                  Group By Operator
                    keys: _col0 (type: int), _col1 (type: int), _col2 (type: int), _col3 (type: int), _col4 (type: int), _col5 (type: double)
                    mode: hash
                    outputColumnNames: _col0, _col1, _col2, _col3, _col4, _col5
                    Statistics: Num rows: 17299882928 Data size: 484396721984 Basic stats: COMPLETE Column stats: PARTIAL
                    Reduce Output Operator
                      key expressions: _col0 (type: int), _col1 (type: int), _col2 (type: int), _col3 (type: int), _col4 (type: int), _col5 (type: double)
                      sort order: ++++++
                      Map-reduce partition columns: _col0 (type: int), _col1 (type: int), _col2 (type: int), _col3 (type: int)
                      Statistics: Num rows: 17299882928 Data size: 484396721984 Basic stats: COMPLETE Column stats: PARTIAL
        Reducer 26 
            Execution mode: vectorized, llap
            Reduce Operator Tree:
              Group By Operator
                aggregations: min(VALUE._col0), max(VALUE._col1), bloom_filter(VALUE._col2, expectedEntries=1000000)
                mode: final
                outputColumnNames: _col0, _col1, _col2
                Statistics: Num rows: 1 Data size: 24 Basic stats: COMPLETE Column stats: COMPLETE
                Reduce Output Operator
                  sort order: 
                  Statistics: Num rows: 1 Data size: 24 Basic stats: COMPLETE Column stats: COMPLETE
                  value expressions: _col0 (type: bigint), _col1 (type: bigint), _col2 (type: binary)
        Reducer 27 
            Execution mode: vectorized, llap
            Reduce Operator Tree:
              Group By Operator
                aggregations: min(VALUE._col0), max(VALUE._col1), bloom_filter(VALUE._col2, expectedEntries=1000000)
                mode: final
                outputColumnNames: _col0, _col1, _col2
                Statistics: Num rows: 1 Data size: 24 Basic stats: COMPLETE Column stats: COMPLETE
                Reduce Output Operator
                  sort order: 
                  Statistics: Num rows: 1 Data size: 24 Basic stats: COMPLETE Column stats: COMPLETE
                  value expressions: _col0 (type: bigint), _col1 (type: bigint), _col2 (type: binary)
        Reducer 30 
            Execution mode: vectorized, llap
            Reduce Operator Tree:
              Map Join Operator
                condition map:
                     Left Outer Join0 to 1
                keys:
                  0 KEY.reducesinkkey0 (type: bigint), KEY.reducesinkkey1 (type: bigint)
                  1 KEY.reducesinkkey0 (type: bigint), KEY.reducesinkkey1 (type: bigint)
                outputColumnNames: _col2, _col3, _col8, _col9, _col10, _col12, _col15, _col16
                input vertices:
                  1 Map 37
                Statistics: Num rows: 5032244269 Data size: 201289770760 Basic stats: COMPLETE Column stats: COMPLETE
                Select Operator
                  expressions: _col8 (type: int), _col9 (type: int), _col10 (type: int), _col12 (type: int), (_col2 - COALESCE(_col15,0)) (type: int), (_col3 - COALESCE(_col16,0.0)) (type: double)
                  outputColumnNames: _col0, _col1, _col2, _col3, _col4, _col5
                  Statistics: Num rows: 5032244269 Data size: 140902839532 Basic stats: COMPLETE Column stats: COMPLETE
                  Group By Operator
                    keys: _col0 (type: int), _col1 (type: int), _col2 (type: int), _col3 (type: int), _col4 (type: int), _col5 (type: double)
                    mode: hash
                    outputColumnNames: _col0, _col1, _col2, _col3, _col4, _col5
                    Statistics: Num rows: 14755828777 Data size: 413163205756 Basic stats: COMPLETE Column stats: PARTIAL
                    Reduce Output Operator
                      key expressions: _col0 (type: int), _col1 (type: int), _col2 (type: int), _col3 (type: int), _col4 (type: int), _col5 (type: double)
                      sort order: ++++++
                      Map-reduce partition columns: _col0 (type: int), _col1 (type: int), _col2 (type: int), _col3 (type: int), _col4 (type: int), _col5 (type: double)
                      Statistics: Num rows: 14755828777 Data size: 413163205756 Basic stats: COMPLETE Column stats: PARTIAL
        Reducer 32 
            Execution mode: vectorized, llap
            Reduce Operator Tree:
              Group By Operator
                keys: KEY._col0 (type: int), KEY._col1 (type: int), KEY._col2 (type: int), KEY._col3 (type: int), KEY._col4 (type: int), KEY._col5 (type: double)
                mode: mergepartial
                outputColumnNames: _col0, _col1, _col2, _col3, _col4, _col5
                Statistics: Num rows: 14755828777 Data size: 413163205756 Basic stats: COMPLETE Column stats: PARTIAL
                Group By Operator
                  keys: _col0 (type: int), _col1 (type: int), _col2 (type: int), _col3 (type: int), _col4 (type: int), _col5 (type: double)
                  mode: hash
                  outputColumnNames: _col0, _col1, _col2, _col3, _col4, _col5
                  Statistics: Num rows: 17299882928 Data size: 484396721984 Basic stats: COMPLETE Column stats: PARTIAL
                  Reduce Output Operator
                    key expressions: _col0 (type: int), _col1 (type: int), _col2 (type: int), _col3 (type: int), _col4 (type: int), _col5 (type: double)
                    sort order: ++++++
                    Map-reduce partition columns: _col0 (type: int), _col1 (type: int), _col2 (type: int), _col3 (type: int)
                    Statistics: Num rows: 17299882928 Data size: 484396721984 Basic stats: COMPLETE Column stats: PARTIAL
        Reducer 34 
            Execution mode: vectorized, llap
            Reduce Operator Tree:
              Group By Operator
                keys: KEY._col0 (type: int), KEY._col1 (type: int), KEY._col2 (type: int), KEY._col3 (type: int), KEY._col4 (type: int), KEY._col5 (type: double)
                mode: mergepartial
                outputColumnNames: _col0, _col1, _col2, _col3, _col4, _col5
                Statistics: Num rows: 17299882928 Data size: 484396721984 Basic stats: COMPLETE Column stats: PARTIAL
                Group By Operator
                  aggregations: sum(_col4), sum(_col5)
                  keys: _col0 (type: int), _col1 (type: int), _col2 (type: int), _col3 (type: int)
                  mode: complete
                  outputColumnNames: _col0, _col1, _col2, _col3, _col4, _col5
                  Statistics: Num rows: 17388 Data size: 556416 Basic stats: COMPLETE Column stats: PARTIAL
                  Reduce Output Operator
                    key expressions: _col0 (type: int), _col1 (type: int), _col2 (type: int), _col3 (type: int)
                    sort order: ++++
                    Map-reduce partition columns: _col0 (type: int), _col1 (type: int), _col2 (type: int), _col3 (type: int)
                    Statistics: Num rows: 17388 Data size: 556416 Basic stats: COMPLETE Column stats: PARTIAL
                    value expressions: _col4 (type: bigint), _col5 (type: double)
        Reducer 35 
            Execution mode: vectorized, llap
            Reduce Operator Tree:
              Group By Operator
                aggregations: min(VALUE._col0), max(VALUE._col1), bloom_filter(VALUE._col2, expectedEntries=1000000)
                mode: final
                outputColumnNames: _col0, _col1, _col2
                Statistics: Num rows: 1 Data size: 24 Basic stats: COMPLETE Column stats: COMPLETE
                Reduce Output Operator
                  sort order: 
                  Statistics: Num rows: 1 Data size: 24 Basic stats: COMPLETE Column stats: COMPLETE
                  value expressions: _col0 (type: bigint), _col1 (type: bigint), _col2 (type: binary)
        Reducer 36 
            Execution mode: vectorized, llap
            Reduce Operator Tree:
              Group By Operator
                aggregations: min(VALUE._col0), max(VALUE._col1), bloom_filter(VALUE._col2, expectedEntries=2153552)
                mode: final
                outputColumnNames: _col0, _col1, _col2
                Statistics: Num rows: 1 Data size: 24 Basic stats: COMPLETE Column stats: COMPLETE
                Reduce Output Operator
                  sort order: 
                  Statistics: Num rows: 1 Data size: 24 Basic stats: COMPLETE Column stats: COMPLETE
                  value expressions: _col0 (type: bigint), _col1 (type: bigint), _col2 (type: binary)
        Reducer 39 
            Execution mode: vectorized, llap
            Reduce Operator Tree:
              Map Join Operator
                condition map:
                     Left Outer Join0 to 1
                keys:
                  0 KEY.reducesinkkey0 (type: bigint), KEY.reducesinkkey1 (type: bigint)
                  1 KEY.reducesinkkey0 (type: bigint), KEY.reducesinkkey1 (type: bigint)
                outputColumnNames: _col2, _col3, _col8, _col9, _col10, _col12, _col15, _col16
                input vertices:
                  1 Map 42
                Statistics: Num rows: 9723584508 Data size: 388943380320 Basic stats: COMPLETE Column stats: PARTIAL
                Select Operator
                  expressions: _col8 (type: int), _col9 (type: int), _col10 (type: int), _col12 (type: int), (_col2 - COALESCE(_col15,0)) (type: int), (_col3 - COALESCE(_col16,0.0)) (type: double)
                  outputColumnNames: _col0, _col1, _col2, _col3, _col4, _col5
                  Statistics: Num rows: 9723584508 Data size: 272260366224 Basic stats: COMPLETE Column stats: PARTIAL
                  Group By Operator
                    keys: _col0 (type: int), _col1 (type: int), _col2 (type: int), _col3 (type: int), _col4 (type: int), _col5 (type: double)
                    mode: hash
                    outputColumnNames: _col0, _col1, _col2, _col3, _col4, _col5
                    Statistics: Num rows: 14755828777 Data size: 413163205756 Basic stats: COMPLETE Column stats: PARTIAL
                    Reduce Output Operator
                      key expressions: _col0 (type: int), _col1 (type: int), _col2 (type: int), _col3 (type: int), _col4 (type: int), _col5 (type: double)
                      sort order: ++++++
                      Map-reduce partition columns: _col0 (type: int), _col1 (type: int), _col2 (type: int), _col3 (type: int), _col4 (type: int), _col5 (type: double)
                      Statistics: Num rows: 14755828777 Data size: 413163205756 Basic stats: COMPLETE Column stats: PARTIAL
        Reducer 4 
            Execution mode: vectorized, llap
            Reduce Operator Tree:
              Group By Operator
                keys: KEY._col0 (type: int), KEY._col1 (type: int), KEY._col2 (type: int), KEY._col3 (type: int), KEY._col4 (type: int), KEY._col5 (type: double)
                mode: mergepartial
                outputColumnNames: _col0, _col1, _col2, _col3, _col4, _col5
                Statistics: Num rows: 14755828777 Data size: 413163205756 Basic stats: COMPLETE Column stats: PARTIAL
                Group By Operator
                  keys: _col0 (type: int), _col1 (type: int), _col2 (type: int), _col3 (type: int), _col4 (type: int), _col5 (type: double)
                  mode: hash
                  outputColumnNames: _col0, _col1, _col2, _col3, _col4, _col5
                  Statistics: Num rows: 17299882928 Data size: 484396721984 Basic stats: COMPLETE Column stats: PARTIAL
                  Reduce Output Operator
                    key expressions: _col0 (type: int), _col1 (type: int), _col2 (type: int), _col3 (type: int), _col4 (type: int), _col5 (type: double)
                    sort order: ++++++
                    Map-reduce partition columns: _col0 (type: int), _col1 (type: int), _col2 (type: int), _col3 (type: int)
                    Statistics: Num rows: 17299882928 Data size: 484396721984 Basic stats: COMPLETE Column stats: PARTIAL
        Reducer 40 
            Execution mode: vectorized, llap
            Reduce Operator Tree:
              Group By Operator
                aggregations: min(VALUE._col0), max(VALUE._col1), bloom_filter(VALUE._col2, expectedEntries=1000000)
                mode: final
                outputColumnNames: _col0, _col1, _col2
                Statistics: Num rows: 1 Data size: 24 Basic stats: COMPLETE Column stats: COMPLETE
                Reduce Output Operator
                  sort order: 
                  Statistics: Num rows: 1 Data size: 24 Basic stats: COMPLETE Column stats: COMPLETE
                  value expressions: _col0 (type: bigint), _col1 (type: bigint), _col2 (type: binary)
        Reducer 41 
            Execution mode: vectorized, llap
            Reduce Operator Tree:
              Group By Operator
                aggregations: min(VALUE._col0), max(VALUE._col1), bloom_filter(VALUE._col2, expectedEntries=3067266)
                mode: final
                outputColumnNames: _col0, _col1, _col2
                Statistics: Num rows: 1 Data size: 24 Basic stats: COMPLETE Column stats: COMPLETE
                Reduce Output Operator
                  sort order: 
                  Statistics: Num rows: 1 Data size: 24 Basic stats: COMPLETE Column stats: COMPLETE
                  value expressions: _col0 (type: bigint), _col1 (type: bigint), _col2 (type: binary)
        Reducer 44 
            Execution mode: vectorized, llap
            Reduce Operator Tree:
              Map Join Operator
                condition map:
                     Left Outer Join0 to 1
                keys:
                  0 KEY.reducesinkkey0 (type: bigint), KEY.reducesinkkey1 (type: bigint)
                  1 KEY.reducesinkkey0 (type: bigint), KEY.reducesinkkey1 (type: bigint)
                outputColumnNames: _col2, _col3, _col8, _col9, _col10, _col12, _col15, _col16
                input vertices:
                  1 Map 47
                Statistics: Num rows: 2544054151 Data size: 101762166040 Basic stats: COMPLETE Column stats: PARTIAL
                Select Operator
                  expressions: _col8 (type: int), _col9 (type: int), _col10 (type: int), _col12 (type: int), (_col2 - COALESCE(_col15,0)) (type: int), (_col3 - COALESCE(_col16,0.0)) (type: double)
                  outputColumnNames: _col0, _col1, _col2, _col3, _col4, _col5
                  Statistics: Num rows: 2544054151 Data size: 71233516228 Basic stats: COMPLETE Column stats: PARTIAL
                  Group By Operator
                    keys: _col0 (type: int), _col1 (type: int), _col2 (type: int), _col3 (type: int), _col4 (type: int), _col5 (type: double)
                    mode: hash
                    outputColumnNames: _col0, _col1, _col2, _col3, _col4, _col5
                    Statistics: Num rows: 17299882928 Data size: 484396721984 Basic stats: COMPLETE Column stats: PARTIAL
                    Reduce Output Operator
                      key expressions: _col0 (type: int), _col1 (type: int), _col2 (type: int), _col3 (type: int), _col4 (type: int), _col5 (type: double)
                      sort order: ++++++
                      Map-reduce partition columns: _col0 (type: int), _col1 (type: int), _col2 (type: int), _col3 (type: int)
                      Statistics: Num rows: 17299882928 Data size: 484396721984 Basic stats: COMPLETE Column stats: PARTIAL
        Reducer 45 
            Execution mode: vectorized, llap
            Reduce Operator Tree:
              Group By Operator
                aggregations: min(VALUE._col0), max(VALUE._col1), bloom_filter(VALUE._col2, expectedEntries=1000000)
                mode: final
                outputColumnNames: _col0, _col1, _col2
                Statistics: Num rows: 1 Data size: 24 Basic stats: COMPLETE Column stats: COMPLETE
                Reduce Output Operator
                  sort order: 
                  Statistics: Num rows: 1 Data size: 24 Basic stats: COMPLETE Column stats: COMPLETE
                  value expressions: _col0 (type: bigint), _col1 (type: bigint), _col2 (type: binary)
        Reducer 46 
            Execution mode: vectorized, llap
            Reduce Operator Tree:
              Group By Operator
                aggregations: min(VALUE._col0), max(VALUE._col1), bloom_filter(VALUE._col2, expectedEntries=1000000)
                mode: final
                outputColumnNames: _col0, _col1, _col2
                Statistics: Num rows: 1 Data size: 24 Basic stats: COMPLETE Column stats: COMPLETE
                Reduce Output Operator
                  sort order: 
                  Statistics: Num rows: 1 Data size: 24 Basic stats: COMPLETE Column stats: COMPLETE
                  value expressions: _col0 (type: bigint), _col1 (type: bigint), _col2 (type: binary)
        Reducer 6 
            Execution mode: vectorized, llap
            Reduce Operator Tree:
              Group By Operator
                keys: KEY._col0 (type: int), KEY._col1 (type: int), KEY._col2 (type: int), KEY._col3 (type: int), KEY._col4 (type: int), KEY._col5 (type: double)
                mode: mergepartial
                outputColumnNames: _col0, _col1, _col2, _col3, _col4, _col5
                Statistics: Num rows: 17299882928 Data size: 484396721984 Basic stats: COMPLETE Column stats: PARTIAL
                Group By Operator
                  aggregations: sum(_col4), sum(_col5)
                  keys: _col0 (type: int), _col1 (type: int), _col2 (type: int), _col3 (type: int)
                  mode: complete
                  outputColumnNames: _col0, _col1, _col2, _col3, _col4, _col5
                  Statistics: Num rows: 17388 Data size: 556416 Basic stats: COMPLETE Column stats: PARTIAL
                  Map Join Operator
                    condition map:
                         Inner Join 0 to 1
                    keys:
                      0 _col0 (type: int), _col1 (type: int), _col2 (type: int), _col3 (type: int)
                      1 _col0 (type: int), _col1 (type: int), _col2 (type: int), _col3 (type: int)
                    outputColumnNames: _col0, _col1, _col2, _col3, _col4, _col5, _col10, _col11
                    input vertices:
                      1 Reducer 34
                    Statistics: Num rows: 427037 Data size: 20497776 Basic stats: COMPLETE Column stats: PARTIAL
                    Filter Operator
                      predicate: ((CAST( _col4 AS decimal(17,2)) / CAST( _col10 AS decimal(17,2))) < 0.9) (type: boolean)
                      Statistics: Num rows: 142345 Data size: 6832560 Basic stats: COMPLETE Column stats: PARTIAL
                      Select Operator
                        expressions: _col0 (type: int), _col1 (type: int), _col2 (type: int), _col3 (type: int), _col10 (type: bigint), _col4 (type: bigint), (_col4 - _col10) (type: bigint), (_col5 - _col11) (type: double)
                        outputColumnNames: _col2, _col3, _col4, _col5, _col6, _col7, _col8, _col9
                        Statistics: Num rows: 142345 Data size: 7971320 Basic stats: COMPLETE Column stats: PARTIAL
                        Reduce Output Operator
                          key expressions: _col8 (type: bigint)
                          sort order: +
                          Statistics: Num rows: 142345 Data size: 7971320 Basic stats: COMPLETE Column stats: PARTIAL
                          TopN Hash Memory Usage: 0.04
                          value expressions: _col2 (type: int), _col3 (type: int), _col4 (type: int), _col5 (type: int), _col6 (type: bigint), _col7 (type: bigint), _col9 (type: double)
        Reducer 7 
            Execution mode: vectorized, llap
            Reduce Operator Tree:
              Select Operator
                expressions: 2001 (type: int), 2002 (type: int), VALUE._col0 (type: int), VALUE._col1 (type: int), VALUE._col2 (type: int), VALUE._col3 (type: int), VALUE._col4 (type: bigint), VALUE._col5 (type: bigint), KEY.reducesinkkey0 (type: bigint), VALUE._col6 (type: double)
                outputColumnNames: _col0, _col1, _col2, _col3, _col4, _col5, _col6, _col7, _col8, _col9
                Statistics: Num rows: 142345 Data size: 7971320 Basic stats: COMPLETE Column stats: PARTIAL
                Limit
                  Number of rows: 100
                  Statistics: Num rows: 100 Data size: 5600 Basic stats: COMPLETE Column stats: PARTIAL
                  File Output Operator
                    compressed: false
                    Statistics: Num rows: 100 Data size: 5600 Basic stats: COMPLETE Column stats: PARTIAL
                    table:
                        input format: org.apache.hadoop.mapred.SequenceFileInputFormat
                        output format: org.apache.hadoop.hive.ql.io.HiveSequenceFileOutputFormat
                        serde: org.apache.hadoop.hive.serde2.lazy.LazySimpleSerDe
        Reducer 8 
            Execution mode: vectorized, llap
            Reduce Operator Tree:
              Group By Operator
                aggregations: min(VALUE._col0), max(VALUE._col1), bloom_filter(VALUE._col2, expectedEntries=1000000)
                mode: final
                outputColumnNames: _col0, _col1, _col2
                Statistics: Num rows: 1 Data size: 24 Basic stats: COMPLETE Column stats: COMPLETE
                Reduce Output Operator
                  sort order: 
                  Statistics: Num rows: 1 Data size: 24 Basic stats: COMPLETE Column stats: COMPLETE
                  value expressions: _col0 (type: bigint), _col1 (type: bigint), _col2 (type: binary)
        Reducer 9 
            Execution mode: vectorized, llap
            Reduce Operator Tree:
              Group By Operator
                aggregations: min(VALUE._col0), max(VALUE._col1), bloom_filter(VALUE._col2, expectedEntries=2153552)
                mode: final
                outputColumnNames: _col0, _col1, _col2
                Statistics: Num rows: 1 Data size: 24 Basic stats: COMPLETE Column stats: COMPLETE
                Reduce Output Operator
                  sort order: 
                  Statistics: Num rows: 1 Data size: 24 Basic stats: COMPLETE Column stats: COMPLETE
                  value expressions: _col0 (type: bigint), _col1 (type: bigint), _col2 (type: binary)
        Union 3 
            Vertex: Union 3
        Union 31 
            Vertex: Union 31
        Union 33 
            Vertex: Union 33
        Union 5 
            Vertex: Union 5

  Stage: Stage-0
    Fetch Operator
      limit: 100
      Processor Tree:
        ListSink