STAGE DEPENDENCIES:
  Stage-1 is a root stage
  Stage-0 depends on stages: Stage-1

STAGE PLANS:
  Stage: Stage-1
    Tez
      DagId: hive_20170626205258_131e553d-d87f-4cb8-bde3-5596e87e44ec:666
      Edges:
        Map 1 <- Map 4 (BROADCAST_EDGE), Map 5 (BROADCAST_EDGE), Map 6 (BROADCAST_EDGE), Reducer 10 (BROADCAST_EDGE), Reducer 9 (BROADCAST_EDGE)
        Map 7 <- Map 4 (BROADCAST_EDGE), Map 5 (BROADCAST_EDGE), Map 6 (BROADCAST_EDGE)
        Reducer 10 <- Reducer 8 (CUSTOM_SIMPLE_EDGE)
        Reducer 2 <- Map 1 (SIMPLE_EDGE), Reducer 8 (BROADCAST_EDGE)
        Reducer 3 <- Reducer 2 (SIMPLE_EDGE)
        Reducer 8 <- Map 7 (SIMPLE_EDGE)
        Reducer 9 <- Reducer 8 (CUSTOM_SIMPLE_EDGE)
      DagName: query39_b.sql
      Vertices:
        Map 1 
            Map Operator Tree:
                TableScan
                  alias: inventory
                  filterExpr: (inv_item_sk is not null and inv_warehouse_sk is not null and (inv_item_sk BETWEEN DynamicValue(RS_57_item_i_item_sk_min) AND DynamicValue(RS_57_item_i_item_sk_max) and in_bloom_filter(inv_item_sk, DynamicValue(RS_57_item_i_item_sk_bloom_filter))) and (inv_warehouse_sk BETWEEN DynamicValue(RS_57_warehouse_w_warehouse_sk_min) AND DynamicValue(RS_57_warehouse_w_warehouse_sk_max) and in_bloom_filter(inv_warehouse_sk, DynamicValue(RS_57_warehouse_w_warehouse_sk_bloom_filter)))) (type: boolean)
                  Statistics: Num rows: 1965337830 Data size: 54636375940 Basic stats: COMPLETE Column stats: COMPLETE
                  Filter Operator
                    predicate: (inv_item_sk is not null and inv_warehouse_sk is not null and (inv_item_sk BETWEEN DynamicValue(RS_57_item_i_item_sk_min) AND DynamicValue(RS_57_item_i_item_sk_max) and in_bloom_filter(inv_item_sk, DynamicValue(RS_57_item_i_item_sk_bloom_filter))) and (inv_warehouse_sk BETWEEN DynamicValue(RS_57_warehouse_w_warehouse_sk_min) AND DynamicValue(RS_57_warehouse_w_warehouse_sk_max) and in_bloom_filter(inv_warehouse_sk, DynamicValue(RS_57_warehouse_w_warehouse_sk_bloom_filter)))) (type: boolean)
                    Statistics: Num rows: 1965337830 Data size: 54636375940 Basic stats: COMPLETE Column stats: COMPLETE
                    Select Operator
                      expressions: inv_item_sk (type: bigint), inv_warehouse_sk (type: bigint), inv_quantity_on_hand (type: int), inv_date_sk (type: bigint)
                      outputColumnNames: _col0, _col1, _col2, _col3
                      Statistics: Num rows: 1965337830 Data size: 54636375940 Basic stats: COMPLETE Column stats: COMPLETE
                      Map Join Operator
                        condition map:
                             Inner Join 0 to 1
                        keys:
                          0 _col3 (type: bigint)
                          1 _col0 (type: bigint)
                        outputColumnNames: _col0, _col1, _col2
                        input vertices:
                          1 Map 4
                        Statistics: Num rows: 704056493 Data size: 14081129860 Basic stats: COMPLETE Column stats: COMPLETE
                        Map Join Operator
                          condition map:
                               Inner Join 0 to 1
                          keys:
                            0 _col0 (type: bigint)
                            1 _col0 (type: bigint)
                          outputColumnNames: _col1, _col2, _col7
                          input vertices:
                            1 Map 5
                          Statistics: Num rows: 704056493 Data size: 14081129860 Basic stats: COMPLETE Column stats: COMPLETE
                          Map Join Operator
                            condition map:
                                 Inner Join 0 to 1
                            keys:
                              0 _col1 (type: bigint)
                              1 _col0 (type: bigint)
                            outputColumnNames: _col2, _col7, _col8, _col9
                            input vertices:
                              1 Map 6
                            Statistics: Num rows: 704056493 Data size: 83782722667 Basic stats: COMPLETE Column stats: COMPLETE
                            Select Operator
                              expressions: _col8 (type: bigint), _col7 (type: bigint), _col9 (type: string), _col2 (type: int)
                              outputColumnNames: _col8, _col7, _col9, _col2
                              Statistics: Num rows: 704056493 Data size: 83782722667 Basic stats: COMPLETE Column stats: COMPLETE
                              Group By Operator
                                aggregations: stddev_samp(_col2), avg(_col2)
                                keys: _col8 (type: bigint), _col7 (type: bigint), _col9 (type: string)
                                mode: hash
                                outputColumnNames: _col0, _col1, _col2, _col3, _col4
                                Statistics: Num rows: 704056493 Data size: 190799309603 Basic stats: COMPLETE Column stats: COMPLETE
                                Reduce Output Operator
                                  key expressions: _col0 (type: bigint), _col1 (type: bigint), _col2 (type: string)
                                  sort order: +++
                                  Map-reduce partition columns: _col0 (type: bigint), _col1 (type: bigint), _col2 (type: string)
                                  Statistics: Num rows: 704056493 Data size: 190799309603 Basic stats: COMPLETE Column stats: COMPLETE
                                  value expressions: _col3 (type: struct<count:bigint,sum:double,variance:double>), _col4 (type: struct<count:bigint,sum:double,input:int>)
            Execution mode: vectorized, llap
            LLAP IO: all inputs
        Map 4 
            Map Operator Tree:
                TableScan
                  alias: date_dim
                  filterExpr: (((d_year = 1999) and (d_moy = 5) and d_date_sk is not null) or ((d_year = 1999) and (d_moy = 4) and d_date_sk is not null)) (type: boolean)
                  Statistics: Num rows: 73049 Data size: 1168784 Basic stats: COMPLETE Column stats: COMPLETE
                  Filter Operator
                    predicate: ((d_year = 1999) and (d_moy = 5) and d_date_sk is not null) (type: boolean)
                    Statistics: Num rows: 652 Data size: 10432 Basic stats: COMPLETE Column stats: COMPLETE
                    Select Operator
                      expressions: d_date_sk (type: bigint)
                      outputColumnNames: _col0
                      Statistics: Num rows: 652 Data size: 10432 Basic stats: COMPLETE Column stats: COMPLETE
                      Reduce Output Operator
                        key expressions: _col0 (type: bigint)
                        sort order: +
                        Map-reduce partition columns: _col0 (type: bigint)
                        Statistics: Num rows: 652 Data size: 10432 Basic stats: COMPLETE Column stats: COMPLETE
                      Select Operator
                        expressions: _col0 (type: bigint)
                        outputColumnNames: _col0
                        Statistics: Num rows: 652 Data size: 10432 Basic stats: COMPLETE Column stats: COMPLETE
                        Group By Operator
                          keys: _col0 (type: bigint)
                          mode: hash
                          outputColumnNames: _col0
                          Statistics: Num rows: 326 Data size: 5216 Basic stats: COMPLETE Column stats: COMPLETE
                          Dynamic Partitioning Event Operator
                            Target column: inv_date_sk (bigint)
                            Target Input: inventory
                            Partition key expr: inv_date_sk
                            Statistics: Num rows: 326 Data size: 5216 Basic stats: COMPLETE Column stats: COMPLETE
                            Target Vertex: Map 1
                  Filter Operator
                    predicate: ((d_year = 1999) and (d_moy = 4) and d_date_sk is not null) (type: boolean)
                    Statistics: Num rows: 652 Data size: 10432 Basic stats: COMPLETE Column stats: COMPLETE
                    Select Operator
                      expressions: d_date_sk (type: bigint)
                      outputColumnNames: _col0
                      Statistics: Num rows: 652 Data size: 10432 Basic stats: COMPLETE Column stats: COMPLETE
                      Reduce Output Operator
                        key expressions: _col0 (type: bigint)
                        sort order: +
                        Map-reduce partition columns: _col0 (type: bigint)
                        Statistics: Num rows: 652 Data size: 10432 Basic stats: COMPLETE Column stats: COMPLETE
                      Select Operator
                        expressions: _col0 (type: bigint)
                        outputColumnNames: _col0
                        Statistics: Num rows: 652 Data size: 10432 Basic stats: COMPLETE Column stats: COMPLETE
                        Group By Operator
                          keys: _col0 (type: bigint)
                          mode: hash
                          outputColumnNames: _col0
                          Statistics: Num rows: 326 Data size: 5216 Basic stats: COMPLETE Column stats: COMPLETE
                          Dynamic Partitioning Event Operator
                            Target column: inv_date_sk (bigint)
                            Target Input: inventory
                            Partition key expr: inv_date_sk
                            Statistics: Num rows: 326 Data size: 5216 Basic stats: COMPLETE Column stats: COMPLETE
                            Target Vertex: Map 7
            Execution mode: vectorized, llap
            LLAP IO: all inputs
        Map 5 
            Map Operator Tree:
                TableScan
                  alias: item
                  filterExpr: i_item_sk is not null (type: boolean)
                  Statistics: Num rows: 502000 Data size: 4016000 Basic stats: COMPLETE Column stats: COMPLETE
                  Filter Operator
                    predicate: i_item_sk is not null (type: boolean)
                    Statistics: Num rows: 502000 Data size: 4016000 Basic stats: COMPLETE Column stats: COMPLETE
                    Select Operator
                      expressions: i_item_sk (type: bigint)
                      outputColumnNames: _col0
                      Statistics: Num rows: 502000 Data size: 4016000 Basic stats: COMPLETE Column stats: COMPLETE
                      Reduce Output Operator
                        key expressions: _col0 (type: bigint)
                        sort order: +
                        Map-reduce partition columns: _col0 (type: bigint)
                        Statistics: Num rows: 502000 Data size: 4016000 Basic stats: COMPLETE Column stats: COMPLETE
                  Filter Operator
                    predicate: i_item_sk is not null (type: boolean)
                    Statistics: Num rows: 502000 Data size: 4016000 Basic stats: COMPLETE Column stats: COMPLETE
                    Select Operator
                      expressions: i_item_sk (type: bigint)
                      outputColumnNames: _col0
                      Statistics: Num rows: 502000 Data size: 4016000 Basic stats: COMPLETE Column stats: COMPLETE
                      Reduce Output Operator
                        key expressions: _col0 (type: bigint)
                        sort order: +
                        Map-reduce partition columns: _col0 (type: bigint)
                        Statistics: Num rows: 502000 Data size: 4016000 Basic stats: COMPLETE Column stats: COMPLETE
            Execution mode: vectorized, llap
            LLAP IO: all inputs
        Map 6 
            Map Operator Tree:
                TableScan
                  alias: warehouse
                  filterExpr: w_warehouse_sk is not null (type: boolean)
                  Statistics: Num rows: 30 Data size: 3210 Basic stats: COMPLETE Column stats: COMPLETE
                  Filter Operator
                    predicate: w_warehouse_sk is not null (type: boolean)
                    Statistics: Num rows: 30 Data size: 3210 Basic stats: COMPLETE Column stats: COMPLETE
                    Select Operator
                      expressions: w_warehouse_sk (type: bigint), w_warehouse_name (type: string)
                      outputColumnNames: _col0, _col1
                      Statistics: Num rows: 30 Data size: 3210 Basic stats: COMPLETE Column stats: COMPLETE
                      Reduce Output Operator
                        key expressions: _col0 (type: bigint)
                        sort order: +
                        Map-reduce partition columns: _col0 (type: bigint)
                        Statistics: Num rows: 30 Data size: 3210 Basic stats: COMPLETE Column stats: COMPLETE
                        value expressions: _col1 (type: string)
                  Filter Operator
                    predicate: w_warehouse_sk is not null (type: boolean)
                    Statistics: Num rows: 30 Data size: 3210 Basic stats: COMPLETE Column stats: COMPLETE
                    Select Operator
                      expressions: w_warehouse_sk (type: bigint), w_warehouse_name (type: string)
                      outputColumnNames: _col0, _col1
                      Statistics: Num rows: 30 Data size: 3210 Basic stats: COMPLETE Column stats: COMPLETE
                      Reduce Output Operator
                        key expressions: _col0 (type: bigint)
                        sort order: +
                        Map-reduce partition columns: _col0 (type: bigint)
                        Statistics: Num rows: 30 Data size: 3210 Basic stats: COMPLETE Column stats: COMPLETE
                        value expressions: _col1 (type: string)
            Execution mode: vectorized, llap
            LLAP IO: all inputs
        Map 7 
            Map Operator Tree:
                TableScan
                  alias: inventory
                  filterExpr: (inv_item_sk is not null and inv_warehouse_sk is not null) (type: boolean)
                  Statistics: Num rows: 1965337830 Data size: 54636375940 Basic stats: COMPLETE Column stats: COMPLETE
                  Filter Operator
                    predicate: (inv_item_sk is not null and inv_warehouse_sk is not null) (type: boolean)
                    Statistics: Num rows: 1965337830 Data size: 54636375940 Basic stats: COMPLETE Column stats: COMPLETE
                    Select Operator
                      expressions: inv_item_sk (type: bigint), inv_warehouse_sk (type: bigint), inv_quantity_on_hand (type: int), inv_date_sk (type: bigint)
                      outputColumnNames: _col0, _col1, _col2, _col3
                      Statistics: Num rows: 1965337830 Data size: 54636375940 Basic stats: COMPLETE Column stats: COMPLETE
                      Map Join Operator
                        condition map:
                             Inner Join 0 to 1
                        keys:
                          0 _col3 (type: bigint)
                          1 _col0 (type: bigint)
                        outputColumnNames: _col0, _col1, _col2
                        input vertices:
                          1 Map 4
                        Statistics: Num rows: 704056493 Data size: 14081129860 Basic stats: COMPLETE Column stats: COMPLETE
                        Map Join Operator
                          condition map:
                               Inner Join 0 to 1
                          keys:
                            0 _col0 (type: bigint)
                            1 _col0 (type: bigint)
                          outputColumnNames: _col1, _col2, _col7
                          input vertices:
                            1 Map 5
                          Statistics: Num rows: 704056493 Data size: 14081129860 Basic stats: COMPLETE Column stats: COMPLETE
                          Map Join Operator
                            condition map:
                                 Inner Join 0 to 1
                            keys:
                              0 _col1 (type: bigint)
                              1 _col0 (type: bigint)
                            outputColumnNames: _col2, _col7, _col8, _col9
                            input vertices:
                              1 Map 6
                            Statistics: Num rows: 704056493 Data size: 83782722667 Basic stats: COMPLETE Column stats: COMPLETE
                            Select Operator
                              expressions: _col8 (type: bigint), _col7 (type: bigint), _col9 (type: string), _col2 (type: int)
                              outputColumnNames: _col8, _col7, _col9, _col2
                              Statistics: Num rows: 704056493 Data size: 83782722667 Basic stats: COMPLETE Column stats: COMPLETE
                              Group By Operator
                                aggregations: stddev_samp(_col2), avg(_col2)
                                keys: _col8 (type: bigint), _col7 (type: bigint), _col9 (type: string)
                                mode: hash
                                outputColumnNames: _col0, _col1, _col2, _col3, _col4
                                Statistics: Num rows: 704056493 Data size: 190799309603 Basic stats: COMPLETE Column stats: COMPLETE
                                Reduce Output Operator
                                  key expressions: _col0 (type: bigint), _col1 (type: bigint), _col2 (type: string)
                                  sort order: +++
                                  Map-reduce partition columns: _col0 (type: bigint), _col1 (type: bigint), _col2 (type: string)
                                  Statistics: Num rows: 704056493 Data size: 190799309603 Basic stats: COMPLETE Column stats: COMPLETE
                                  value expressions: _col3 (type: struct<count:bigint,sum:double,variance:double>), _col4 (type: struct<count:bigint,sum:double,input:int>)
            Execution mode: vectorized, llap
            LLAP IO: all inputs
        Reducer 10 
            Execution mode: vectorized, llap
            Reduce Operator Tree:
              Group By Operator
                aggregations: min(VALUE._col0), max(VALUE._col1), bloom_filter(VALUE._col2, expectedEntries=1000000)
                mode: final
                outputColumnNames: _col0, _col1, _col2
                Statistics: Num rows: 1 Data size: 24 Basic stats: COMPLETE Column stats: COMPLETE
                Reduce Output Operator
                  sort order: 
                  Statistics: Num rows: 1 Data size: 24 Basic stats: COMPLETE Column stats: COMPLETE
                  value expressions: _col0 (type: bigint), _col1 (type: bigint), _col2 (type: binary)
        Reducer 2 
            Execution mode: llap
            Reduce Operator Tree:
              Group By Operator
                aggregations: stddev_samp(VALUE._col0), avg(VALUE._col1)
                keys: KEY._col0 (type: bigint), KEY._col1 (type: bigint), KEY._col2 (type: string)
                mode: mergepartial
                outputColumnNames: _col0, _col1, _col2, _col3, _col4
                Statistics: Num rows: 26158500 Data size: 3426763500 Basic stats: COMPLETE Column stats: COMPLETE
                Select Operator
                  expressions: _col0 (type: bigint), _col1 (type: bigint), _col3 (type: double), _col4 (type: double)
                  outputColumnNames: _col1, _col2, _col3, _col4
                  Statistics: Num rows: 26158500 Data size: 3426763500 Basic stats: COMPLETE Column stats: COMPLETE
                  Filter Operator
                    predicate: CASE WHEN ((_col4 = 0.0)) THEN (false) ELSE (((_col3 / _col4) > 1.0)) END (type: boolean)
                    Statistics: Num rows: 13079250 Data size: 1713381750 Basic stats: COMPLETE Column stats: COMPLETE
                    Select Operator
                      expressions: _col1 (type: bigint), _col2 (type: bigint), _col4 (type: double), CASE WHEN ((_col4 = 0.0)) THEN (null) ELSE ((_col3 / _col4)) END (type: double)
                      outputColumnNames: _col1, _col2, _col3, _col4
                      Statistics: Num rows: 13079250 Data size: 1713381750 Basic stats: COMPLETE Column stats: COMPLETE
                      Map Join Operator
                        condition map:
                             Inner Join 0 to 1
                        keys:
                          0 _col1 (type: bigint), _col2 (type: bigint)
                          1 _col1 (type: bigint), _col2 (type: bigint)
                        outputColumnNames: _col1, _col2, _col3, _col4, _col6, _col7, _col8, _col9
                        input vertices:
                          1 Reducer 8
                        Statistics: Num rows: 294283125 Data size: 18834120000 Basic stats: COMPLETE Column stats: COMPLETE
                        Select Operator
                          expressions: _col6 (type: bigint), _col7 (type: bigint), _col8 (type: double), _col9 (type: double), _col1 (type: bigint), _col2 (type: bigint), _col3 (type: double), _col4 (type: double)
                          outputColumnNames: _col0, _col1, _col3, _col4, _col5, _col6, _col8, _col9
                          Statistics: Num rows: 294283125 Data size: 21188385000 Basic stats: COMPLETE Column stats: COMPLETE
                          Reduce Output Operator
                            key expressions: _col0 (type: bigint), _col1 (type: bigint), _col3 (type: double), _col4 (type: double), _col8 (type: double), _col9 (type: double)
                            sort order: ++++++
                            Statistics: Num rows: 294283125 Data size: 21188385000 Basic stats: COMPLETE Column stats: COMPLETE
                            value expressions: _col5 (type: bigint), _col6 (type: bigint)
        Reducer 3 
            Execution mode: vectorized, llap
            Reduce Operator Tree:
              Select Operator
                expressions: KEY.reducesinkkey0 (type: bigint), KEY.reducesinkkey1 (type: bigint), 4 (type: int), KEY.reducesinkkey2 (type: double), KEY.reducesinkkey3 (type: double), VALUE._col0 (type: bigint), VALUE._col1 (type: bigint), 5 (type: int), KEY.reducesinkkey4 (type: double), KEY.reducesinkkey5 (type: double)
                outputColumnNames: _col0, _col1, _col2, _col3, _col4, _col5, _col6, _col7, _col8, _col9
                Statistics: Num rows: 294283125 Data size: 18834120000 Basic stats: COMPLETE Column stats: COMPLETE
                File Output Operator
                  compressed: false
                  Statistics: Num rows: 294283125 Data size: 18834120000 Basic stats: COMPLETE Column stats: COMPLETE
                  table:
                      input format: org.apache.hadoop.mapred.SequenceFileInputFormat
                      output format: org.apache.hadoop.hive.ql.io.HiveSequenceFileOutputFormat
                      serde: org.apache.hadoop.hive.serde2.lazy.LazySimpleSerDe
        Reducer 8 
            Execution mode: llap
            Reduce Operator Tree:
              Group By Operator
                aggregations: stddev_samp(VALUE._col0), avg(VALUE._col1)
                keys: KEY._col0 (type: bigint), KEY._col1 (type: bigint), KEY._col2 (type: string)
                mode: mergepartial
                outputColumnNames: _col0, _col1, _col2, _col3, _col4
                Statistics: Num rows: 26158500 Data size: 3426763500 Basic stats: COMPLETE Column stats: COMPLETE
                Select Operator
                  expressions: _col0 (type: bigint), _col1 (type: bigint), _col3 (type: double), _col4 (type: double)
                  outputColumnNames: _col1, _col2, _col3, _col4
                  Statistics: Num rows: 26158500 Data size: 3426763500 Basic stats: COMPLETE Column stats: COMPLETE
                  Filter Operator
                    predicate: (CASE WHEN ((_col4 = 0.0)) THEN (false) ELSE (((_col3 / _col4) > 1.0)) END and CASE WHEN ((_col4 = 0.0)) THEN (null) ELSE (((_col3 / _col4) > 1.5)) END) (type: boolean)
                    Statistics: Num rows: 6539625 Data size: 856690875 Basic stats: COMPLETE Column stats: COMPLETE
                    Select Operator
                      expressions: _col1 (type: bigint), _col2 (type: bigint), _col4 (type: double), CASE WHEN ((_col4 = 0.0)) THEN (null) ELSE ((_col3 / _col4)) END (type: double)
                      outputColumnNames: _col1, _col2, _col3, _col4
                      Statistics: Num rows: 6539625 Data size: 856690875 Basic stats: COMPLETE Column stats: COMPLETE
                      Reduce Output Operator
                        key expressions: _col1 (type: bigint), _col2 (type: bigint)
                        sort order: ++
                        Map-reduce partition columns: _col1 (type: bigint), _col2 (type: bigint)
                        Statistics: Num rows: 6539625 Data size: 856690875 Basic stats: COMPLETE Column stats: COMPLETE
                        value expressions: _col3 (type: double), _col4 (type: double)
                      Select Operator
                        expressions: _col2 (type: bigint)
                        outputColumnNames: _col0
                        Statistics: Num rows: 6539625 Data size: 52317000 Basic stats: COMPLETE Column stats: COMPLETE
                        Group By Operator
                          aggregations: min(_col0), max(_col0), bloom_filter(_col0, expectedEntries=1000000)
                          mode: hash
                          outputColumnNames: _col0, _col1, _col2
                          Statistics: Num rows: 1 Data size: 24 Basic stats: COMPLETE Column stats: COMPLETE
                          Reduce Output Operator
                            sort order: 
                            Statistics: Num rows: 1 Data size: 24 Basic stats: COMPLETE Column stats: COMPLETE
                            value expressions: _col0 (type: bigint), _col1 (type: bigint), _col2 (type: binary)
                      Select Operator
                        expressions: _col1 (type: bigint)
                        outputColumnNames: _col0
                        Statistics: Num rows: 6539625 Data size: 52317000 Basic stats: COMPLETE Column stats: COMPLETE
                        Group By Operator
                          aggregations: min(_col0), max(_col0), bloom_filter(_col0, expectedEntries=1000000)
                          mode: hash
                          outputColumnNames: _col0, _col1, _col2
                          Statistics: Num rows: 1 Data size: 24 Basic stats: COMPLETE Column stats: COMPLETE
                          Reduce Output Operator
                            sort order: 
                            Statistics: Num rows: 1 Data size: 24 Basic stats: COMPLETE Column stats: COMPLETE
                            value expressions: _col0 (type: bigint), _col1 (type: bigint), _col2 (type: binary)
        Reducer 9 
            Execution mode: vectorized, llap
            Reduce Operator Tree:
              Group By Operator
                aggregations: min(VALUE._col0), max(VALUE._col1), bloom_filter(VALUE._col2, expectedEntries=1000000)
                mode: final
                outputColumnNames: _col0, _col1, _col2
                Statistics: Num rows: 1 Data size: 24 Basic stats: COMPLETE Column stats: COMPLETE
                Reduce Output Operator
                  sort order: 
                  Statistics: Num rows: 1 Data size: 24 Basic stats: COMPLETE Column stats: COMPLETE
                  value expressions: _col0 (type: bigint), _col1 (type: bigint), _col2 (type: binary)

  Stage: Stage-0
    Fetch Operator
      limit: -1
      Processor Tree:
        ListSink