STAGE DEPENDENCIES:
  Stage-1 is a root stage
  Stage-0 depends on stages: Stage-1

STAGE PLANS:
  Stage: Stage-1
    Tez
      DagId: hive_20170626025705_48ec912f-bb83-45b6-92be-1d21d9f02e78:450
      Edges:
        Map 1 <- Map 3 (BROADCAST_EDGE), Map 4 (BROADCAST_EDGE)
        Map 13 <- Map 3 (BROADCAST_EDGE), Map 4 (BROADCAST_EDGE)
        Map 16 <- Map 3 (BROADCAST_EDGE), Map 4 (BROADCAST_EDGE)
        Map 4 <- Reducer 6 (BROADCAST_EDGE), Reducer 7 (BROADCAST_EDGE), Reducer 8 (BROADCAST_EDGE)
        Map 5 <- Reducer 10 (BROADCAST_EDGE), Reducer 11 (BROADCAST_EDGE), Reducer 12 (BROADCAST_EDGE)
        Reducer 10 <- Map 9 (SIMPLE_EDGE)
        Reducer 11 <- Map 9 (SIMPLE_EDGE)
        Reducer 12 <- Map 9 (SIMPLE_EDGE)
        Reducer 14 <- Map 13 (SIMPLE_EDGE), Reducer 17 (BROADCAST_EDGE), Reducer 2 (BROADCAST_EDGE)
        Reducer 15 <- Reducer 14 (SIMPLE_EDGE)
        Reducer 17 <- Map 16 (SIMPLE_EDGE)
        Reducer 2 <- Map 1 (SIMPLE_EDGE)
        Reducer 6 <- Map 5 (SIMPLE_EDGE)
        Reducer 7 <- Map 5 (SIMPLE_EDGE)
        Reducer 8 <- Map 5 (SIMPLE_EDGE)
      DagName: query83.sql
      Vertices:
        Map 1 
            Map Operator Tree:
                TableScan
                  alias: catalog_returns
                  filterExpr: cr_item_sk is not null (type: boolean)
                  Statistics: Num rows: 14403369483 Data size: 287556478924 Basic stats: COMPLETE Column stats: COMPLETE
                  Filter Operator
                    predicate: cr_item_sk is not null (type: boolean)
                    Statistics: Num rows: 14403369483 Data size: 287556478924 Basic stats: COMPLETE Column stats: COMPLETE
                    Select Operator
                      expressions: cr_item_sk (type: bigint), cr_return_quantity (type: int), cr_returned_date_sk (type: bigint)
                      outputColumnNames: _col0, _col1, _col2
                      Statistics: Num rows: 14403369483 Data size: 287556478924 Basic stats: COMPLETE Column stats: COMPLETE
                      Map Join Operator
                        condition map:
                             Inner Join 0 to 1
                        keys:
                          0 _col0 (type: bigint)
                          1 _col0 (type: bigint)
                        outputColumnNames: _col1, _col2, _col4
                        input vertices:
                          1 Map 3
                        Statistics: Num rows: 14403369483 Data size: 1613177382096 Basic stats: COMPLETE Column stats: COMPLETE
                        Map Join Operator
                          condition map:
                               Inner Join 0 to 1
                          keys:
                            0 _col2 (type: bigint)
                            1 _col0 (type: bigint)
                          outputColumnNames: _col1, _col4
                          input vertices:
                            1 Map 4
                          Statistics: Num rows: 2739548 Data size: 284912992 Basic stats: COMPLETE Column stats: COMPLETE
                          Select Operator
                            expressions: _col4 (type: string), _col1 (type: int)
                            outputColumnNames: _col4, _col1
                            Statistics: Num rows: 2739548 Data size: 284912992 Basic stats: COMPLETE Column stats: COMPLETE
                            Group By Operator
                              aggregations: sum(_col1)
                              keys: _col4 (type: string)
                              mode: hash
                              outputColumnNames: _col0, _col1
                              Statistics: Num rows: 325 Data size: 35100 Basic stats: COMPLETE Column stats: COMPLETE
                              Reduce Output Operator
                                key expressions: _col0 (type: string)
                                sort order: +
                                Map-reduce partition columns: _col0 (type: string)
                                Statistics: Num rows: 325 Data size: 35100 Basic stats: COMPLETE Column stats: COMPLETE
                                value expressions: _col1 (type: bigint)
            Execution mode: vectorized, llap
            LLAP IO: all inputs
        Map 13 
            Map Operator Tree:
                TableScan
                  alias: store_returns
                  filterExpr: sr_item_sk is not null (type: boolean)
                  Statistics: Num rows: 27772807343 Data size: 554515438364 Basic stats: COMPLETE Column stats: COMPLETE
                  Filter Operator
                    predicate: sr_item_sk is not null (type: boolean)
                    Statistics: Num rows: 27772807343 Data size: 554515438364 Basic stats: COMPLETE Column stats: COMPLETE
                    Select Operator
                      expressions: sr_item_sk (type: bigint), sr_return_quantity (type: int), sr_returned_date_sk (type: bigint)
                      outputColumnNames: _col0, _col1, _col2
                      Statistics: Num rows: 27772807343 Data size: 554515438364 Basic stats: COMPLETE Column stats: COMPLETE
                      Map Join Operator
                        condition map:
                             Inner Join 0 to 1
                        keys:
                          0 _col0 (type: bigint)
                          1 _col0 (type: bigint)
                        outputColumnNames: _col1, _col2, _col4
                        input vertices:
                          1 Map 3
                        Statistics: Num rows: 27772807343 Data size: 3110554422416 Basic stats: COMPLETE Column stats: COMPLETE
                        Map Join Operator
                          condition map:
                               Inner Join 0 to 1
                          keys:
                            0 _col2 (type: bigint)
                            1 _col0 (type: bigint)
                          outputColumnNames: _col1, _col4
                          input vertices:
                            1 Map 4
                          Statistics: Num rows: 5548937 Data size: 577089448 Basic stats: COMPLETE Column stats: COMPLETE
                          Select Operator
                            expressions: _col4 (type: string), _col1 (type: int)
                            outputColumnNames: _col4, _col1
                            Statistics: Num rows: 5548937 Data size: 577089448 Basic stats: COMPLETE Column stats: COMPLETE
                            Group By Operator
                              aggregations: sum(_col1)
                              keys: _col4 (type: string)
                              mode: hash
                              outputColumnNames: _col0, _col1
                              Statistics: Num rows: 612 Data size: 66096 Basic stats: COMPLETE Column stats: COMPLETE
                              Reduce Output Operator
                                key expressions: _col0 (type: string)
                                sort order: +
                                Map-reduce partition columns: _col0 (type: string)
                                Statistics: Num rows: 612 Data size: 66096 Basic stats: COMPLETE Column stats: COMPLETE
                                value expressions: _col1 (type: bigint)
            Execution mode: vectorized, llap
            LLAP IO: all inputs
        Map 16 
            Map Operator Tree:
                TableScan
                  alias: web_returns
                  filterExpr: wr_item_sk is not null (type: boolean)
                  Statistics: Num rows: 6871539542 Data size: 137156087076 Basic stats: COMPLETE Column stats: PARTIAL
                  Filter Operator
                    predicate: wr_item_sk is not null (type: boolean)
                    Statistics: Num rows: 6871539542 Data size: 137156087076 Basic stats: COMPLETE Column stats: PARTIAL
                    Select Operator
                      expressions: wr_item_sk (type: bigint), wr_return_quantity (type: int), wr_returned_date_sk (type: bigint)
                      outputColumnNames: _col0, _col1, _col2
                      Statistics: Num rows: 6871539542 Data size: 137156087076 Basic stats: COMPLETE Column stats: PARTIAL
                      Map Join Operator
                        condition map:
                             Inner Join 0 to 1
                        keys:
                          0 _col0 (type: bigint)
                          1 _col0 (type: bigint)
                        outputColumnNames: _col1, _col2, _col4
                        input vertices:
                          1 Map 3
                        Statistics: Num rows: 6871539542 Data size: 769612428704 Basic stats: COMPLETE Column stats: PARTIAL
                        Map Join Operator
                          condition map:
                               Inner Join 0 to 1
                          keys:
                            0 _col2 (type: bigint)
                            1 _col0 (type: bigint)
                          outputColumnNames: _col1, _col4
                          input vertices:
                            1 Map 4
                          Statistics: Num rows: 1259084 Data size: 130944736 Basic stats: COMPLETE Column stats: PARTIAL
                          Select Operator
                            expressions: _col4 (type: string), _col1 (type: int)
                            outputColumnNames: _col4, _col1
                            Statistics: Num rows: 1259084 Data size: 130944736 Basic stats: COMPLETE Column stats: PARTIAL
                            Group By Operator
                              aggregations: sum(_col1)
                              keys: _col4 (type: string)
                              mode: hash
                              outputColumnNames: _col0, _col1
                              Statistics: Num rows: 126 Data size: 13608 Basic stats: COMPLETE Column stats: PARTIAL
                              Reduce Output Operator
                                key expressions: _col0 (type: string)
                                sort order: +
                                Map-reduce partition columns: _col0 (type: string)
                                Statistics: Num rows: 126 Data size: 13608 Basic stats: COMPLETE Column stats: PARTIAL
                                value expressions: _col1 (type: bigint)
            Execution mode: vectorized, llap
            LLAP IO: all inputs
        Map 3 
            Map Operator Tree:
                TableScan
                  alias: item
                  filterExpr: ((i_item_sk is not null and i_item_id is not null) or (i_item_sk is not null and i_item_id is not null)) (type: boolean)
                  Statistics: Num rows: 502000 Data size: 54216000 Basic stats: COMPLETE Column stats: COMPLETE
                  Filter Operator
                    predicate: (i_item_sk is not null and i_item_id is not null) (type: boolean)
                    Statistics: Num rows: 502000 Data size: 54216000 Basic stats: COMPLETE Column stats: COMPLETE
                    Select Operator
                      expressions: i_item_sk (type: bigint), i_item_id (type: string)
                      outputColumnNames: _col0, _col1
                      Statistics: Num rows: 502000 Data size: 54216000 Basic stats: COMPLETE Column stats: COMPLETE
                      Reduce Output Operator
                        key expressions: _col0 (type: bigint)
                        sort order: +
                        Map-reduce partition columns: _col0 (type: bigint)
                        Statistics: Num rows: 502000 Data size: 54216000 Basic stats: COMPLETE Column stats: COMPLETE
                        value expressions: _col1 (type: string)
                  Filter Operator
                    predicate: (i_item_sk is not null and i_item_id is not null) (type: boolean)
                    Statistics: Num rows: 502000 Data size: 54216000 Basic stats: COMPLETE Column stats: COMPLETE
                    Select Operator
                      expressions: i_item_sk (type: bigint), i_item_id (type: string)
                      outputColumnNames: _col0, _col1
                      Statistics: Num rows: 502000 Data size: 54216000 Basic stats: COMPLETE Column stats: COMPLETE
                      Reduce Output Operator
                        key expressions: _col0 (type: bigint)
                        sort order: +
                        Map-reduce partition columns: _col0 (type: bigint)
                        Statistics: Num rows: 502000 Data size: 54216000 Basic stats: COMPLETE Column stats: COMPLETE
                        value expressions: _col1 (type: string)
                  Filter Operator
                    predicate: (i_item_sk is not null and i_item_id is not null) (type: boolean)
                    Statistics: Num rows: 502000 Data size: 54216000 Basic stats: COMPLETE Column stats: COMPLETE
                    Select Operator
                      expressions: i_item_sk (type: bigint), i_item_id (type: string)
                      outputColumnNames: _col0, _col1
                      Statistics: Num rows: 502000 Data size: 54216000 Basic stats: COMPLETE Column stats: COMPLETE
                      Reduce Output Operator
                        key expressions: _col0 (type: bigint)
                        sort order: +
                        Map-reduce partition columns: _col0 (type: bigint)
                        Statistics: Num rows: 502000 Data size: 54216000 Basic stats: COMPLETE Column stats: COMPLETE
                        value expressions: _col1 (type: string)
            Execution mode: vectorized, llap
            LLAP IO: all inputs
        Map 4 
            Map Operator Tree:
                TableScan
                  alias: date_dim
                  filterExpr: (d_date is not null and d_date_sk is not null) (type: boolean)
                  Statistics: Num rows: 73049 Data size: 7450998 Basic stats: COMPLETE Column stats: COMPLETE
                  Filter Operator
                    predicate: (d_date is not null and d_date_sk is not null) (type: boolean)
                    Statistics: Num rows: 73049 Data size: 7450998 Basic stats: COMPLETE Column stats: COMPLETE
                    Select Operator
                      expressions: d_date_sk (type: bigint), d_date (type: string)
                      outputColumnNames: _col0, _col1
                      Statistics: Num rows: 73049 Data size: 7450998 Basic stats: COMPLETE Column stats: COMPLETE
                      Map Join Operator
                        condition map:
                             Inner Join 0 to 1
                        keys:
                          0 _col1 (type: string)
                          1 _col0 (type: string)
                        outputColumnNames: _col0
                        input vertices:
                          1 Reducer 6
                        Statistics: Num rows: 1 Data size: 8 Basic stats: COMPLETE Column stats: COMPLETE
                        Reduce Output Operator
                          key expressions: _col0 (type: bigint)
                          sort order: +
                          Map-reduce partition columns: _col0 (type: bigint)
                          Statistics: Num rows: 1 Data size: 8 Basic stats: COMPLETE Column stats: COMPLETE
                        Select Operator
                          expressions: _col0 (type: bigint)
                          outputColumnNames: _col0
                          Statistics: Num rows: 1 Data size: 8 Basic stats: COMPLETE Column stats: COMPLETE
                          Group By Operator
                            keys: _col0 (type: bigint)
                            mode: hash
                            outputColumnNames: _col0
                            Statistics: Num rows: 1 Data size: 8 Basic stats: COMPLETE Column stats: COMPLETE
                            Dynamic Partitioning Event Operator
                              Target column: cr_returned_date_sk (bigint)
                              Target Input: catalog_returns
                              Partition key expr: cr_returned_date_sk
                              Statistics: Num rows: 1 Data size: 8 Basic stats: COMPLETE Column stats: COMPLETE
                              Target Vertex: Map 1
                  Filter Operator
                    predicate: (d_date is not null and d_date_sk is not null) (type: boolean)
                    Statistics: Num rows: 73049 Data size: 7450998 Basic stats: COMPLETE Column stats: COMPLETE
                    Select Operator
                      expressions: d_date_sk (type: bigint), d_date (type: string)
                      outputColumnNames: _col0, _col1
                      Statistics: Num rows: 73049 Data size: 7450998 Basic stats: COMPLETE Column stats: COMPLETE
                      Map Join Operator
                        condition map:
                             Inner Join 0 to 1
                        keys:
                          0 _col1 (type: string)
                          1 _col0 (type: string)
                        outputColumnNames: _col0
                        input vertices:
                          1 Reducer 7
                        Statistics: Num rows: 1 Data size: 8 Basic stats: COMPLETE Column stats: COMPLETE
                        Reduce Output Operator
                          key expressions: _col0 (type: bigint)
                          sort order: +
                          Map-reduce partition columns: _col0 (type: bigint)
                          Statistics: Num rows: 1 Data size: 8 Basic stats: COMPLETE Column stats: COMPLETE
                        Select Operator
                          expressions: _col0 (type: bigint)
                          outputColumnNames: _col0
                          Statistics: Num rows: 1 Data size: 8 Basic stats: COMPLETE Column stats: COMPLETE
                          Group By Operator
                            keys: _col0 (type: bigint)
                            mode: hash
                            outputColumnNames: _col0
                            Statistics: Num rows: 1 Data size: 8 Basic stats: COMPLETE Column stats: COMPLETE
                            Dynamic Partitioning Event Operator
                              Target column: sr_returned_date_sk (bigint)
                              Target Input: store_returns
                              Partition key expr: sr_returned_date_sk
                              Statistics: Num rows: 1 Data size: 8 Basic stats: COMPLETE Column stats: COMPLETE
                              Target Vertex: Map 13
                  Filter Operator
                    predicate: (d_date is not null and d_date_sk is not null) (type: boolean)
                    Statistics: Num rows: 73049 Data size: 7450998 Basic stats: COMPLETE Column stats: COMPLETE
                    Select Operator
                      expressions: d_date_sk (type: bigint), d_date (type: string)
                      outputColumnNames: _col0, _col1
                      Statistics: Num rows: 73049 Data size: 7450998 Basic stats: COMPLETE Column stats: COMPLETE
                      Map Join Operator
                        condition map:
                             Inner Join 0 to 1
                        keys:
                          0 _col1 (type: string)
                          1 _col0 (type: string)
                        outputColumnNames: _col0
                        input vertices:
                          1 Reducer 8
                        Statistics: Num rows: 1 Data size: 8 Basic stats: COMPLETE Column stats: COMPLETE
                        Reduce Output Operator
                          key expressions: _col0 (type: bigint)
                          sort order: +
                          Map-reduce partition columns: _col0 (type: bigint)
                          Statistics: Num rows: 1 Data size: 8 Basic stats: COMPLETE Column stats: COMPLETE
                        Select Operator
                          expressions: _col0 (type: bigint)
                          outputColumnNames: _col0
                          Statistics: Num rows: 1 Data size: 8 Basic stats: COMPLETE Column stats: COMPLETE
                          Group By Operator
                            keys: _col0 (type: bigint)
                            mode: hash
                            outputColumnNames: _col0
                            Statistics: Num rows: 1 Data size: 8 Basic stats: COMPLETE Column stats: COMPLETE
                            Dynamic Partitioning Event Operator
                              Target column: wr_returned_date_sk (bigint)
                              Target Input: web_returns
                              Partition key expr: wr_returned_date_sk
                              Statistics: Num rows: 1 Data size: 8 Basic stats: COMPLETE Column stats: COMPLETE
                              Target Vertex: Map 16
            Execution mode: vectorized, llap
            LLAP IO: all inputs
        Map 5 
            Map Operator Tree:
                TableScan
                  alias: date_dim
                  filterExpr: (d_week_seq is not null and d_date is not null) (type: boolean)
                  Statistics: Num rows: 73049 Data size: 7158802 Basic stats: COMPLETE Column stats: COMPLETE
                  Filter Operator
                    predicate: (d_week_seq is not null and d_date is not null) (type: boolean)
                    Statistics: Num rows: 73049 Data size: 7158802 Basic stats: COMPLETE Column stats: COMPLETE
                    Select Operator
                      expressions: d_date (type: string), d_week_seq (type: int)
                      outputColumnNames: _col0, _col1
                      Statistics: Num rows: 73049 Data size: 7158802 Basic stats: COMPLETE Column stats: COMPLETE
                      Map Join Operator
                        condition map:
                             Inner Join 0 to 1
                        keys:
                          0 _col1 (type: int)
                          1 _col0 (type: int)
                        outputColumnNames: _col0
                        input vertices:
                          1 Reducer 10
                        Statistics: Num rows: 5 Data size: 470 Basic stats: COMPLETE Column stats: COMPLETE
                        Group By Operator
                          keys: _col0 (type: string)
                          mode: hash
                          outputColumnNames: _col0
                          Statistics: Num rows: 2 Data size: 188 Basic stats: COMPLETE Column stats: COMPLETE
                          Reduce Output Operator
                            key expressions: _col0 (type: string)
                            sort order: +
                            Map-reduce partition columns: _col0 (type: string)
                            Statistics: Num rows: 2 Data size: 188 Basic stats: COMPLETE Column stats: COMPLETE
                  Filter Operator
                    predicate: (d_week_seq is not null and d_date is not null) (type: boolean)
                    Statistics: Num rows: 73049 Data size: 7158802 Basic stats: COMPLETE Column stats: COMPLETE
                    Select Operator
                      expressions: d_date (type: string), d_week_seq (type: int)
                      outputColumnNames: _col0, _col1
                      Statistics: Num rows: 73049 Data size: 7158802 Basic stats: COMPLETE Column stats: COMPLETE
                      Map Join Operator
                        condition map:
                             Inner Join 0 to 1
                        keys:
                          0 _col1 (type: int)
                          1 _col0 (type: int)
                        outputColumnNames: _col0
                        input vertices:
                          1 Reducer 11
                        Statistics: Num rows: 5 Data size: 470 Basic stats: COMPLETE Column stats: COMPLETE
                        Group By Operator
                          keys: _col0 (type: string)
                          mode: hash
                          outputColumnNames: _col0
                          Statistics: Num rows: 2 Data size: 188 Basic stats: COMPLETE Column stats: COMPLETE
                          Reduce Output Operator
                            key expressions: _col0 (type: string)
                            sort order: +
                            Map-reduce partition columns: _col0 (type: string)
                            Statistics: Num rows: 2 Data size: 188 Basic stats: COMPLETE Column stats: COMPLETE
                  Filter Operator
                    predicate: (d_week_seq is not null and d_date is not null) (type: boolean)
                    Statistics: Num rows: 73049 Data size: 7158802 Basic stats: COMPLETE Column stats: COMPLETE
                    Select Operator
                      expressions: d_date (type: string), d_week_seq (type: int)
                      outputColumnNames: _col0, _col1
                      Statistics: Num rows: 73049 Data size: 7158802 Basic stats: COMPLETE Column stats: COMPLETE
                      Map Join Operator
                        condition map:
                             Inner Join 0 to 1
                        keys:
                          0 _col1 (type: int)
                          1 _col0 (type: int)
                        outputColumnNames: _col0
                        input vertices:
                          1 Reducer 12
                        Statistics: Num rows: 5 Data size: 470 Basic stats: COMPLETE Column stats: COMPLETE
                        Group By Operator
                          keys: _col0 (type: string)
                          mode: hash
                          outputColumnNames: _col0
                          Statistics: Num rows: 2 Data size: 188 Basic stats: COMPLETE Column stats: COMPLETE
                          Reduce Output Operator
                            key expressions: _col0 (type: string)
                            sort order: +
                            Map-reduce partition columns: _col0 (type: string)
                            Statistics: Num rows: 2 Data size: 188 Basic stats: COMPLETE Column stats: COMPLETE
            Execution mode: vectorized, llap
            LLAP IO: all inputs
        Map 9 
            Map Operator Tree:
                TableScan
                  alias: date_dim
                  filterExpr: ((d_date) IN ('1998-01-02', '1998-10-15', '1998-11-10') and d_week_seq is not null) (type: boolean)
                  Statistics: Num rows: 73049 Data size: 7158802 Basic stats: COMPLETE Column stats: COMPLETE
                  Filter Operator
                    predicate: ((d_date) IN ('1998-01-02', '1998-10-15', '1998-11-10') and d_week_seq is not null) (type: boolean)
                    Statistics: Num rows: 2 Data size: 196 Basic stats: COMPLETE Column stats: COMPLETE
                    Select Operator
                      expressions: d_week_seq (type: int)
                      outputColumnNames: d_week_seq
                      Statistics: Num rows: 2 Data size: 196 Basic stats: COMPLETE Column stats: COMPLETE
                      Group By Operator
                        keys: d_week_seq (type: int)
                        mode: hash
                        outputColumnNames: _col0
                        Statistics: Num rows: 1 Data size: 4 Basic stats: COMPLETE Column stats: COMPLETE
                        Reduce Output Operator
                          key expressions: _col0 (type: int)
                          sort order: +
                          Map-reduce partition columns: _col0 (type: int)
                          Statistics: Num rows: 1 Data size: 4 Basic stats: COMPLETE Column stats: COMPLETE
                  Filter Operator
                    predicate: ((d_date) IN ('1998-01-02', '1998-10-15', '1998-11-10') and d_week_seq is not null) (type: boolean)
                    Statistics: Num rows: 2 Data size: 196 Basic stats: COMPLETE Column stats: COMPLETE
                    Select Operator
                      expressions: d_week_seq (type: int)
                      outputColumnNames: d_week_seq
                      Statistics: Num rows: 2 Data size: 196 Basic stats: COMPLETE Column stats: COMPLETE
                      Group By Operator
                        keys: d_week_seq (type: int)
                        mode: hash
                        outputColumnNames: _col0
                        Statistics: Num rows: 1 Data size: 4 Basic stats: COMPLETE Column stats: COMPLETE
                        Reduce Output Operator
                          key expressions: _col0 (type: int)
                          sort order: +
                          Map-reduce partition columns: _col0 (type: int)
                          Statistics: Num rows: 1 Data size: 4 Basic stats: COMPLETE Column stats: COMPLETE
                  Filter Operator
                    predicate: ((d_date) IN ('1998-01-02', '1998-10-15', '1998-11-10') and d_week_seq is not null) (type: boolean)
                    Statistics: Num rows: 2 Data size: 196 Basic stats: COMPLETE Column stats: COMPLETE
                    Select Operator
                      expressions: d_week_seq (type: int)
                      outputColumnNames: d_week_seq
                      Statistics: Num rows: 2 Data size: 196 Basic stats: COMPLETE Column stats: COMPLETE
                      Group By Operator
                        keys: d_week_seq (type: int)
                        mode: hash
                        outputColumnNames: _col0
                        Statistics: Num rows: 1 Data size: 4 Basic stats: COMPLETE Column stats: COMPLETE
                        Reduce Output Operator
                          key expressions: _col0 (type: int)
                          sort order: +
                          Map-reduce partition columns: _col0 (type: int)
                          Statistics: Num rows: 1 Data size: 4 Basic stats: COMPLETE Column stats: COMPLETE
            Execution mode: vectorized, llap
            LLAP IO: all inputs
        Reducer 10 
            Execution mode: vectorized, llap
            Reduce Operator Tree:
              Group By Operator
                keys: KEY._col0 (type: int)
                mode: mergepartial
                outputColumnNames: _col0
                Statistics: Num rows: 1 Data size: 4 Basic stats: COMPLETE Column stats: COMPLETE
                Reduce Output Operator
                  key expressions: _col0 (type: int)
                  sort order: +
                  Map-reduce partition columns: _col0 (type: int)
                  Statistics: Num rows: 1 Data size: 4 Basic stats: COMPLETE Column stats: COMPLETE
        Reducer 11 
            Execution mode: vectorized, llap
            Reduce Operator Tree:
              Group By Operator
                keys: KEY._col0 (type: int)
                mode: mergepartial
                outputColumnNames: _col0
                Statistics: Num rows: 1 Data size: 4 Basic stats: COMPLETE Column stats: COMPLETE
                Reduce Output Operator
                  key expressions: _col0 (type: int)
                  sort order: +
                  Map-reduce partition columns: _col0 (type: int)
                  Statistics: Num rows: 1 Data size: 4 Basic stats: COMPLETE Column stats: COMPLETE
        Reducer 12 
            Execution mode: vectorized, llap
            Reduce Operator Tree:
              Group By Operator
                keys: KEY._col0 (type: int)
                mode: mergepartial
                outputColumnNames: _col0
                Statistics: Num rows: 1 Data size: 4 Basic stats: COMPLETE Column stats: COMPLETE
                Reduce Output Operator
                  key expressions: _col0 (type: int)
                  sort order: +
                  Map-reduce partition columns: _col0 (type: int)
                  Statistics: Num rows: 1 Data size: 4 Basic stats: COMPLETE Column stats: COMPLETE
        Reducer 14 
            Execution mode: vectorized, llap
            Reduce Operator Tree:
              Group By Operator
                aggregations: sum(VALUE._col0)
                keys: KEY._col0 (type: string)
                mode: mergepartial
                outputColumnNames: _col0, _col1
                Statistics: Num rows: 68 Data size: 7344 Basic stats: COMPLETE Column stats: COMPLETE
                Map Join Operator
                  condition map:
                       Inner Join 0 to 1
                  keys:
                    0 _col0 (type: string)
                    1 _col0 (type: string)
                  outputColumnNames: _col0, _col1, _col3
                  input vertices:
                    0 Reducer 2
                  Statistics: Num rows: 65 Data size: 7540 Basic stats: COMPLETE Column stats: COMPLETE
                  Map Join Operator
                    condition map:
                         Inner Join 0 to 1
                    keys:
                      0 _col0 (type: string)
                      1 _col0 (type: string)
                    outputColumnNames: _col0, _col1, _col3, _col5
                    input vertices:
                      1 Reducer 17
                    Statistics: Num rows: 63 Data size: 7812 Basic stats: COMPLETE Column stats: PARTIAL
                    Select Operator
                      expressions: _col0 (type: string), _col3 (type: bigint), (((UDFToDouble(_col3) / UDFToDouble(((_col3 + _col1) + _col5))) / 3.0) * 100.0) (type: double), _col1 (type: bigint), (((UDFToDouble(_col1) / UDFToDouble(((_col3 + _col1) + _col5))) / 3.0) * 100.0) (type: double), _col5 (type: bigint), (((UDFToDouble(_col5) / UDFToDouble(((_col3 + _col1) + _col5))) / 3.0) * 100.0) (type: double), (UDFToDouble(((_col3 + _col1) + _col5)) / 3.0) (type: double)
                      outputColumnNames: _col0, _col1, _col2, _col3, _col4, _col5, _col6, _col7
                      Statistics: Num rows: 63 Data size: 9828 Basic stats: COMPLETE Column stats: PARTIAL
                      Reduce Output Operator
                        key expressions: _col0 (type: string), _col1 (type: bigint)
                        sort order: ++
                        Statistics: Num rows: 63 Data size: 9828 Basic stats: COMPLETE Column stats: PARTIAL
                        TopN Hash Memory Usage: 0.04
                        value expressions: _col2 (type: double), _col3 (type: bigint), _col4 (type: double), _col5 (type: bigint), _col6 (type: double), _col7 (type: double)
        Reducer 15 
            Execution mode: vectorized, llap
            Reduce Operator Tree:
              Select Operator
                expressions: KEY.reducesinkkey0 (type: string), KEY.reducesinkkey1 (type: bigint), VALUE._col0 (type: double), VALUE._col1 (type: bigint), VALUE._col2 (type: double), VALUE._col3 (type: bigint), VALUE._col4 (type: double), VALUE._col5 (type: double)
                outputColumnNames: _col0, _col1, _col2, _col3, _col4, _col5, _col6, _col7
                Statistics: Num rows: 63 Data size: 9828 Basic stats: COMPLETE Column stats: PARTIAL
                Limit
                  Number of rows: 100
                  Statistics: Num rows: 63 Data size: 9828 Basic stats: COMPLETE Column stats: PARTIAL
                  File Output Operator
                    compressed: false
                    Statistics: Num rows: 63 Data size: 9828 Basic stats: COMPLETE Column stats: PARTIAL
                    table:
                        input format: org.apache.hadoop.mapred.SequenceFileInputFormat
                        output format: org.apache.hadoop.hive.ql.io.HiveSequenceFileOutputFormat
                        serde: org.apache.hadoop.hive.serde2.lazy.LazySimpleSerDe
        Reducer 17 
            Execution mode: vectorized, llap
            Reduce Operator Tree:
              Group By Operator
                aggregations: sum(VALUE._col0)
                keys: KEY._col0 (type: string)
                mode: mergepartial
                outputColumnNames: _col0, _col1
                Statistics: Num rows: 63 Data size: 6804 Basic stats: COMPLETE Column stats: PARTIAL
                Reduce Output Operator
                  key expressions: _col0 (type: string)
                  sort order: +
                  Map-reduce partition columns: _col0 (type: string)
                  Statistics: Num rows: 63 Data size: 6804 Basic stats: COMPLETE Column stats: PARTIAL
                  value expressions: _col1 (type: bigint)
        Reducer 2 
            Execution mode: vectorized, llap
            Reduce Operator Tree:
              Group By Operator
                aggregations: sum(VALUE._col0)
                keys: KEY._col0 (type: string)
                mode: mergepartial
                outputColumnNames: _col0, _col1
                Statistics: Num rows: 65 Data size: 7020 Basic stats: COMPLETE Column stats: COMPLETE
                Reduce Output Operator
                  key expressions: _col0 (type: string)
                  sort order: +
                  Map-reduce partition columns: _col0 (type: string)
                  Statistics: Num rows: 65 Data size: 7020 Basic stats: COMPLETE Column stats: COMPLETE
                  value expressions: _col1 (type: bigint)
        Reducer 6 
            Execution mode: vectorized, llap
            Reduce Operator Tree:
              Group By Operator
                keys: KEY._col0 (type: string)
                mode: mergepartial
                outputColumnNames: _col0
                Statistics: Num rows: 2 Data size: 188 Basic stats: COMPLETE Column stats: COMPLETE
                Reduce Output Operator
                  key expressions: _col0 (type: string)
                  sort order: +
                  Map-reduce partition columns: _col0 (type: string)
                  Statistics: Num rows: 2 Data size: 188 Basic stats: COMPLETE Column stats: COMPLETE
        Reducer 7 
            Execution mode: vectorized, llap
            Reduce Operator Tree:
              Group By Operator
                keys: KEY._col0 (type: string)
                mode: mergepartial
                outputColumnNames: _col0
                Statistics: Num rows: 2 Data size: 188 Basic stats: COMPLETE Column stats: COMPLETE
                Reduce Output Operator
                  key expressions: _col0 (type: string)
                  sort order: +
                  Map-reduce partition columns: _col0 (type: string)
                  Statistics: Num rows: 2 Data size: 188 Basic stats: COMPLETE Column stats: COMPLETE
        Reducer 8 
            Execution mode: vectorized, llap
            Reduce Operator Tree:
              Group By Operator
                keys: KEY._col0 (type: string)
                mode: mergepartial
                outputColumnNames: _col0
                Statistics: Num rows: 2 Data size: 188 Basic stats: COMPLETE Column stats: COMPLETE
                Reduce Output Operator
                  key expressions: _col0 (type: string)
                  sort order: +
                  Map-reduce partition columns: _col0 (type: string)
                  Statistics: Num rows: 2 Data size: 188 Basic stats: COMPLETE Column stats: COMPLETE

  Stage: Stage-0
    Fetch Operator
      limit: 100
      Processor Tree:
        ListSink