STAGE DEPENDENCIES:
  Stage-1 is a root stage
  Stage-0 depends on stages: Stage-1

STAGE PLANS:
  Stage: Stage-1
    Tez
      DagId: hive_20170626025532_c5b26fab-a94d-43d5-8440-a98790049b03:388
      Edges:
        Map 1 <- Map 4 (BROADCAST_EDGE)
        Map 10 <- Map 4 (BROADCAST_EDGE)
        Map 5 <- Map 4 (BROADCAST_EDGE), Reducer 11 (BROADCAST_EDGE), Reducer 12 (BROADCAST_EDGE), Reducer 13 (BROADCAST_EDGE), Reducer 2 (BROADCAST_EDGE), Reducer 3 (BROADCAST_EDGE)
        Reducer 11 <- Map 10 (CUSTOM_SIMPLE_EDGE)
        Reducer 12 <- Map 10 (CUSTOM_SIMPLE_EDGE)
        Reducer 13 <- Map 10 (CUSTOM_SIMPLE_EDGE)
        Reducer 2 <- Map 1 (CUSTOM_SIMPLE_EDGE)
        Reducer 3 <- Map 1 (CUSTOM_SIMPLE_EDGE)
        Reducer 6 <- Map 10 (CUSTOM_SIMPLE_EDGE), Map 5 (CUSTOM_SIMPLE_EDGE)
        Reducer 7 <- Map 1 (CUSTOM_SIMPLE_EDGE), Map 14 (BROADCAST_EDGE), Map 15 (BROADCAST_EDGE), Reducer 6 (CUSTOM_SIMPLE_EDGE)
        Reducer 8 <- Reducer 7 (SIMPLE_EDGE)
        Reducer 9 <- Reducer 8 (SIMPLE_EDGE)
      DagName: query17.sql
      Vertices:
        Map 1 
            Map Operator Tree:
                TableScan
                  alias: catalog_sales
                  filterExpr: (cs_bill_customer_sk is not null and cs_item_sk is not null) (type: boolean)
                  Statistics: Num rows: 143352541321 Data size: 4011712549992 Basic stats: COMPLETE Column stats: COMPLETE
                  Filter Operator
                    predicate: (cs_bill_customer_sk is not null and cs_item_sk is not null) (type: boolean)
                    Statistics: Num rows: 143173879433 Data size: 4006712707420 Basic stats: COMPLETE Column stats: COMPLETE
                    Select Operator
                      expressions: cs_bill_customer_sk (type: bigint), cs_item_sk (type: bigint), cs_quantity (type: int), cs_sold_date_sk (type: bigint)
                      outputColumnNames: _col0, _col1, _col2, _col3
                      Statistics: Num rows: 143173879433 Data size: 4006712707420 Basic stats: COMPLETE Column stats: COMPLETE
                      Map Join Operator
                        condition map:
                             Inner Join 0 to 1
                        keys:
                          0 _col3 (type: bigint)
                          1 _col0 (type: bigint)
                        outputColumnNames: _col0, _col1, _col2
                        input vertices:
                          1 Map 4
                        Statistics: Num rows: 23667354372 Data size: 473347087440 Basic stats: COMPLETE Column stats: COMPLETE
                        Reduce Output Operator
                          key expressions: _col0 (type: bigint), _col1 (type: bigint)
                          sort order: ++
                          Map-reduce partition columns: _col0 (type: bigint), _col1 (type: bigint)
                          Statistics: Num rows: 23667354372 Data size: 473347087440 Basic stats: COMPLETE Column stats: COMPLETE
                          value expressions: _col2 (type: int)
                        Select Operator
                          expressions: _col0 (type: bigint)
                          outputColumnNames: _col0
                          Statistics: Num rows: 23667354372 Data size: 189338834976 Basic stats: COMPLETE Column stats: COMPLETE
                          Group By Operator
                            aggregations: min(_col0), max(_col0), bloom_filter(_col0, expectedEntries=8155892)
                            mode: hash
                            outputColumnNames: _col0, _col1, _col2
                            Statistics: Num rows: 1 Data size: 24 Basic stats: COMPLETE Column stats: COMPLETE
                            Reduce Output Operator
                              sort order: 
                              Statistics: Num rows: 1 Data size: 24 Basic stats: COMPLETE Column stats: COMPLETE
                              value expressions: _col0 (type: bigint), _col1 (type: bigint), _col2 (type: binary)
                        Select Operator
                          expressions: _col1 (type: bigint)
                          outputColumnNames: _col0
                          Statistics: Num rows: 23667354372 Data size: 189338834976 Basic stats: COMPLETE Column stats: COMPLETE
                          Group By Operator
                            aggregations: min(_col0), max(_col0), bloom_filter(_col0, expectedEntries=1000000)
                            mode: hash
                            outputColumnNames: _col0, _col1, _col2
                            Statistics: Num rows: 1 Data size: 24 Basic stats: COMPLETE Column stats: COMPLETE
                            Reduce Output Operator
                              sort order: 
                              Statistics: Num rows: 1 Data size: 24 Basic stats: COMPLETE Column stats: COMPLETE
                              value expressions: _col0 (type: bigint), _col1 (type: bigint), _col2 (type: binary)
            Execution mode: vectorized, llap
            LLAP IO: all inputs
        Map 10 
            Map Operator Tree:
                TableScan
                  alias: store_returns
                  filterExpr: (sr_item_sk is not null and sr_customer_sk is not null and sr_ticket_number is not null) (type: boolean)
                  Statistics: Num rows: 27772807343 Data size: 997008194108 Basic stats: COMPLETE Column stats: COMPLETE
                  Filter Operator
                    predicate: (sr_item_sk is not null and sr_customer_sk is not null and sr_ticket_number is not null) (type: boolean)
                    Statistics: Num rows: 27538787124 Data size: 988607168136 Basic stats: COMPLETE Column stats: COMPLETE
                    Select Operator
                      expressions: sr_item_sk (type: bigint), sr_customer_sk (type: bigint), sr_ticket_number (type: bigint), sr_return_quantity (type: int), sr_returned_date_sk (type: bigint)
                      outputColumnNames: _col0, _col1, _col2, _col3, _col4
                      Statistics: Num rows: 27538787124 Data size: 988607168136 Basic stats: COMPLETE Column stats: COMPLETE
                      Map Join Operator
                        condition map:
                             Inner Join 0 to 1
                        keys:
                          0 _col4 (type: bigint)
                          1 _col0 (type: bigint)
                        outputColumnNames: _col0, _col1, _col2, _col3
                        input vertices:
                          1 Map 4
                        Statistics: Num rows: 4181656557 Data size: 117086383596 Basic stats: COMPLETE Column stats: COMPLETE
                        Reduce Output Operator
                          key expressions: _col1 (type: bigint), _col0 (type: bigint), _col2 (type: bigint)
                          sort order: +++
                          Map-reduce partition columns: _col1 (type: bigint), _col0 (type: bigint), _col2 (type: bigint)
                          Statistics: Num rows: 4181656557 Data size: 117086383596 Basic stats: COMPLETE Column stats: COMPLETE
                          value expressions: _col3 (type: int)
                        Select Operator
                          expressions: _col1 (type: bigint)
                          outputColumnNames: _col0
                          Statistics: Num rows: 4181656557 Data size: 33453252456 Basic stats: COMPLETE Column stats: COMPLETE
                          Group By Operator
                            aggregations: min(_col0), max(_col0), bloom_filter(_col0, expectedEntries=1000000)
                            mode: hash
                            outputColumnNames: _col0, _col1, _col2
                            Statistics: Num rows: 1 Data size: 24 Basic stats: COMPLETE Column stats: COMPLETE
                            Reduce Output Operator
                              sort order: 
                              Statistics: Num rows: 1 Data size: 24 Basic stats: COMPLETE Column stats: COMPLETE
                              value expressions: _col0 (type: bigint), _col1 (type: bigint), _col2 (type: binary)
                        Select Operator
                          expressions: _col0 (type: bigint)
                          outputColumnNames: _col0
                          Statistics: Num rows: 4181656557 Data size: 33453252456 Basic stats: COMPLETE Column stats: COMPLETE
                          Group By Operator
                            aggregations: min(_col0), max(_col0), bloom_filter(_col0, expectedEntries=1000000)
                            mode: hash
                            outputColumnNames: _col0, _col1, _col2
                            Statistics: Num rows: 1 Data size: 24 Basic stats: COMPLETE Column stats: COMPLETE
                            Reduce Output Operator
                              sort order: 
                              Statistics: Num rows: 1 Data size: 24 Basic stats: COMPLETE Column stats: COMPLETE
                              value expressions: _col0 (type: bigint), _col1 (type: bigint), _col2 (type: binary)
                        Select Operator
                          expressions: _col2 (type: bigint)
                          outputColumnNames: _col0
                          Statistics: Num rows: 4181656557 Data size: 33453252456 Basic stats: COMPLETE Column stats: COMPLETE
                          Group By Operator
                            aggregations: min(_col0), max(_col0), bloom_filter(_col0, expectedEntries=11978814)
                            mode: hash
                            outputColumnNames: _col0, _col1, _col2
                            Statistics: Num rows: 1 Data size: 24 Basic stats: COMPLETE Column stats: COMPLETE
                            Reduce Output Operator
                              sort order: 
                              Statistics: Num rows: 1 Data size: 24 Basic stats: COMPLETE Column stats: COMPLETE
                              value expressions: _col0 (type: bigint), _col1 (type: bigint), _col2 (type: binary)
            Execution mode: vectorized, llap
            LLAP IO: all inputs
        Map 14 
            Map Operator Tree:
                TableScan
                  alias: store
                  filterExpr: s_store_sk is not null (type: boolean)
                  Statistics: Num rows: 1902 Data size: 178788 Basic stats: COMPLETE Column stats: COMPLETE
                  Filter Operator
                    predicate: s_store_sk is not null (type: boolean)
                    Statistics: Num rows: 1902 Data size: 178788 Basic stats: COMPLETE Column stats: COMPLETE
                    Select Operator
                      expressions: s_store_sk (type: bigint), s_state (type: string)
                      outputColumnNames: _col0, _col1
                      Statistics: Num rows: 1902 Data size: 178788 Basic stats: COMPLETE Column stats: COMPLETE
                      Reduce Output Operator
                        key expressions: _col0 (type: bigint)
                        sort order: +
                        Map-reduce partition columns: _col0 (type: bigint)
                        Statistics: Num rows: 1902 Data size: 178788 Basic stats: COMPLETE Column stats: COMPLETE
                        value expressions: _col1 (type: string)
            Execution mode: vectorized, llap
            LLAP IO: all inputs
        Map 15 
            Map Operator Tree:
                TableScan
                  alias: item
                  filterExpr: i_item_sk is not null (type: boolean)
                  Statistics: Num rows: 502000 Data size: 146584000 Basic stats: COMPLETE Column stats: COMPLETE
                  Filter Operator
                    predicate: i_item_sk is not null (type: boolean)
                    Statistics: Num rows: 502000 Data size: 146584000 Basic stats: COMPLETE Column stats: COMPLETE
                    Select Operator
                      expressions: i_item_sk (type: bigint), i_item_id (type: string), i_item_desc (type: string)
                      outputColumnNames: _col0, _col1, _col2
                      Statistics: Num rows: 502000 Data size: 146584000 Basic stats: COMPLETE Column stats: COMPLETE
                      Reduce Output Operator
                        key expressions: _col0 (type: bigint)
                        sort order: +
                        Map-reduce partition columns: _col0 (type: bigint)
                        Statistics: Num rows: 502000 Data size: 146584000 Basic stats: COMPLETE Column stats: COMPLETE
                        value expressions: _col1 (type: string), _col2 (type: string)
            Execution mode: vectorized, llap
            LLAP IO: all inputs
        Map 4 
            Map Operator Tree:
                TableScan
                  alias: d3
                  filterExpr: (((d_quarter_name) IN ('2000q1', '2000q2', '2000q3') and d_date_sk is not null) or ((d_quarter_name = '2000q1') and d_date_sk is not null) or ((d_quarter_name) IN ('2000q1', '2000q2', '2000q3') and d_date_sk is not null)) (type: boolean)
                  Statistics: Num rows: 73049 Data size: 7158802 Basic stats: COMPLETE Column stats: COMPLETE
                  Filter Operator
                    predicate: ((d_quarter_name) IN ('2000q1', '2000q2', '2000q3') and d_date_sk is not null) (type: boolean)
                    Statistics: Num rows: 304 Data size: 29792 Basic stats: COMPLETE Column stats: COMPLETE
                    Select Operator
                      expressions: d_date_sk (type: bigint)
                      outputColumnNames: _col0
                      Statistics: Num rows: 304 Data size: 29792 Basic stats: COMPLETE Column stats: COMPLETE
                      Reduce Output Operator
                        key expressions: _col0 (type: bigint)
                        sort order: +
                        Map-reduce partition columns: _col0 (type: bigint)
                        Statistics: Num rows: 304 Data size: 29792 Basic stats: COMPLETE Column stats: COMPLETE
                      Select Operator
                        expressions: _col0 (type: bigint)
                        outputColumnNames: _col0
                        Statistics: Num rows: 304 Data size: 29792 Basic stats: COMPLETE Column stats: COMPLETE
                        Group By Operator
                          keys: _col0 (type: bigint)
                          mode: hash
                          outputColumnNames: _col0
                          Statistics: Num rows: 152 Data size: 14896 Basic stats: COMPLETE Column stats: COMPLETE
                          Dynamic Partitioning Event Operator
                            Target column: cs_sold_date_sk (bigint)
                            Target Input: catalog_sales
                            Partition key expr: cs_sold_date_sk
                            Statistics: Num rows: 152 Data size: 14896 Basic stats: COMPLETE Column stats: COMPLETE
                            Target Vertex: Map 1
                  Filter Operator
                    predicate: ((d_quarter_name = '2000q1') and d_date_sk is not null) (type: boolean)
                    Statistics: Num rows: 101 Data size: 9898 Basic stats: COMPLETE Column stats: COMPLETE
                    Select Operator
                      expressions: d_date_sk (type: bigint)
                      outputColumnNames: _col0
                      Statistics: Num rows: 101 Data size: 9898 Basic stats: COMPLETE Column stats: COMPLETE
                      Reduce Output Operator
                        key expressions: _col0 (type: bigint)
                        sort order: +
                        Map-reduce partition columns: _col0 (type: bigint)
                        Statistics: Num rows: 101 Data size: 9898 Basic stats: COMPLETE Column stats: COMPLETE
                      Select Operator
                        expressions: _col0 (type: bigint)
                        outputColumnNames: _col0
                        Statistics: Num rows: 101 Data size: 9898 Basic stats: COMPLETE Column stats: COMPLETE
                        Group By Operator
                          keys: _col0 (type: bigint)
                          mode: hash
                          outputColumnNames: _col0
                          Statistics: Num rows: 50 Data size: 4900 Basic stats: COMPLETE Column stats: COMPLETE
                          Dynamic Partitioning Event Operator
                            Target column: ss_sold_date_sk (bigint)
                            Target Input: store_sales
                            Partition key expr: ss_sold_date_sk
                            Statistics: Num rows: 50 Data size: 4900 Basic stats: COMPLETE Column stats: COMPLETE
                            Target Vertex: Map 5
                  Filter Operator
                    predicate: ((d_quarter_name) IN ('2000q1', '2000q2', '2000q3') and d_date_sk is not null) (type: boolean)
                    Statistics: Num rows: 304 Data size: 29792 Basic stats: COMPLETE Column stats: COMPLETE
                    Select Operator
                      expressions: d_date_sk (type: bigint)
                      outputColumnNames: _col0
                      Statistics: Num rows: 304 Data size: 29792 Basic stats: COMPLETE Column stats: COMPLETE
                      Reduce Output Operator
                        key expressions: _col0 (type: bigint)
                        sort order: +
                        Map-reduce partition columns: _col0 (type: bigint)
                        Statistics: Num rows: 304 Data size: 29792 Basic stats: COMPLETE Column stats: COMPLETE
                      Select Operator
                        expressions: _col0 (type: bigint)
                        outputColumnNames: _col0
                        Statistics: Num rows: 304 Data size: 29792 Basic stats: COMPLETE Column stats: COMPLETE
                        Group By Operator
                          keys: _col0 (type: bigint)
                          mode: hash
                          outputColumnNames: _col0
                          Statistics: Num rows: 152 Data size: 14896 Basic stats: COMPLETE Column stats: COMPLETE
                          Dynamic Partitioning Event Operator
                            Target column: sr_returned_date_sk (bigint)
                            Target Input: store_returns
                            Partition key expr: sr_returned_date_sk
                            Statistics: Num rows: 152 Data size: 14896 Basic stats: COMPLETE Column stats: COMPLETE
                            Target Vertex: Map 10
            Execution mode: vectorized, llap
            LLAP IO: all inputs
        Map 5 
            Map Operator Tree:
                TableScan
                  alias: store_sales
                  filterExpr: (ss_item_sk is not null and ss_customer_sk is not null and ss_ticket_number is not null and ss_store_sk is not null and (ss_customer_sk BETWEEN DynamicValue(RS_26_store_returns_sr_customer_sk_min) AND DynamicValue(RS_26_store_returns_sr_customer_sk_max) and in_bloom_filter(ss_customer_sk, DynamicValue(RS_26_store_returns_sr_customer_sk_bloom_filter))) and (ss_item_sk BETWEEN DynamicValue(RS_26_store_returns_sr_item_sk_min) AND DynamicValue(RS_26_store_returns_sr_item_sk_max) and in_bloom_filter(ss_item_sk, DynamicValue(RS_26_store_returns_sr_item_sk_bloom_filter))) and (ss_ticket_number BETWEEN DynamicValue(RS_26_store_returns_sr_ticket_number_min) AND DynamicValue(RS_26_store_returns_sr_ticket_number_max) and in_bloom_filter(ss_ticket_number, DynamicValue(RS_26_store_returns_sr_ticket_number_bloom_filter))) and (ss_customer_sk BETWEEN DynamicValue(RS_38_catalog_sales_cs_bill_customer_sk_min) AND DynamicValue(RS_38_catalog_sales_cs_bill_customer_sk_max) and in_bloom_filter(ss_customer_sk, DynamicValue(RS_38_catalog_sales_cs_bill_customer_sk_bloom_filter))) and (ss_item_sk BETWEEN DynamicValue(RS_38_catalog_sales_cs_item_sk_min) AND DynamicValue(RS_38_catalog_sales_cs_item_sk_max) and in_bloom_filter(ss_item_sk, DynamicValue(RS_38_catalog_sales_cs_item_sk_bloom_filter)))) (type: boolean)
                  Statistics: Num rows: 275035746821 Data size: 12035376161756 Basic stats: COMPLETE Column stats: COMPLETE
                  Filter Operator
                    predicate: (ss_item_sk is not null and ss_customer_sk is not null and ss_ticket_number is not null and ss_store_sk is not null and (ss_customer_sk BETWEEN DynamicValue(RS_26_store_returns_sr_customer_sk_min) AND DynamicValue(RS_26_store_returns_sr_customer_sk_max) and in_bloom_filter(ss_customer_sk, DynamicValue(RS_26_store_returns_sr_customer_sk_bloom_filter))) and (ss_item_sk BETWEEN DynamicValue(RS_26_store_returns_sr_item_sk_min) AND DynamicValue(RS_26_store_returns_sr_item_sk_max) and in_bloom_filter(ss_item_sk, DynamicValue(RS_26_store_returns_sr_item_sk_bloom_filter))) and (ss_ticket_number BETWEEN DynamicValue(RS_26_store_returns_sr_ticket_number_min) AND DynamicValue(RS_26_store_returns_sr_ticket_number_max) and in_bloom_filter(ss_ticket_number, DynamicValue(RS_26_store_returns_sr_ticket_number_bloom_filter))) and (ss_customer_sk BETWEEN DynamicValue(RS_38_catalog_sales_cs_bill_customer_sk_min) AND DynamicValue(RS_38_catalog_sales_cs_bill_customer_sk_max) and in_bloom_filter(ss_customer_sk, DynamicValue(RS_38_catalog_sales_cs_bill_customer_sk_bloom_filter))) and (ss_item_sk BETWEEN DynamicValue(RS_38_catalog_sales_cs_item_sk_min) AND DynamicValue(RS_38_catalog_sales_cs_item_sk_max) and in_bloom_filter(ss_item_sk, DynamicValue(RS_38_catalog_sales_cs_item_sk_bloom_filter)))) (type: boolean)
                    Statistics: Num rows: 268457437199 Data size: 11747513832132 Basic stats: COMPLETE Column stats: COMPLETE
                    Select Operator
                      expressions: ss_item_sk (type: bigint), ss_customer_sk (type: bigint), ss_store_sk (type: bigint), ss_ticket_number (type: bigint), ss_quantity (type: int), ss_sold_date_sk (type: bigint)
                      outputColumnNames: _col0, _col1, _col2, _col3, _col4, _col5
                      Statistics: Num rows: 268457437199 Data size: 11747513832132 Basic stats: COMPLETE Column stats: COMPLETE
                      Map Join Operator
                        condition map:
                             Inner Join 0 to 1
                        keys:
                          0 _col5 (type: bigint)
                          1 _col0 (type: bigint)
                        outputColumnNames: _col0, _col1, _col2, _col3, _col4
                        input vertices:
                          1 Map 4
                        Statistics: Num rows: 14848756169 Data size: 534555222084 Basic stats: COMPLETE Column stats: COMPLETE
                        Reduce Output Operator
                          key expressions: _col1 (type: bigint), _col0 (type: bigint), _col3 (type: bigint)
                          sort order: +++
                          Map-reduce partition columns: _col1 (type: bigint), _col0 (type: bigint), _col3 (type: bigint)
                          Statistics: Num rows: 14848756169 Data size: 534555222084 Basic stats: COMPLETE Column stats: COMPLETE
                          value expressions: _col2 (type: bigint), _col4 (type: int)
            Execution mode: vectorized, llap
            LLAP IO: all inputs
        Reducer 11 
            Execution mode: vectorized, llap
            Reduce Operator Tree:
              Group By Operator
                aggregations: min(VALUE._col0), max(VALUE._col1), bloom_filter(VALUE._col2, expectedEntries=1000000)
                mode: final
                outputColumnNames: _col0, _col1, _col2
                Statistics: Num rows: 1 Data size: 24 Basic stats: COMPLETE Column stats: COMPLETE
                Reduce Output Operator
                  sort order: 
                  Statistics: Num rows: 1 Data size: 24 Basic stats: COMPLETE Column stats: COMPLETE
                  value expressions: _col0 (type: bigint), _col1 (type: bigint), _col2 (type: binary)
        Reducer 12 
            Execution mode: vectorized, llap
            Reduce Operator Tree:
              Group By Operator
                aggregations: min(VALUE._col0), max(VALUE._col1), bloom_filter(VALUE._col2, expectedEntries=1000000)
                mode: final
                outputColumnNames: _col0, _col1, _col2
                Statistics: Num rows: 1 Data size: 24 Basic stats: COMPLETE Column stats: COMPLETE
                Reduce Output Operator
                  sort order: 
                  Statistics: Num rows: 1 Data size: 24 Basic stats: COMPLETE Column stats: COMPLETE
                  value expressions: _col0 (type: bigint), _col1 (type: bigint), _col2 (type: binary)
        Reducer 13 
            Execution mode: vectorized, llap
            Reduce Operator Tree:
              Group By Operator
                aggregations: min(VALUE._col0), max(VALUE._col1), bloom_filter(VALUE._col2, expectedEntries=11978814)
                mode: final
                outputColumnNames: _col0, _col1, _col2
                Statistics: Num rows: 1 Data size: 24 Basic stats: COMPLETE Column stats: COMPLETE
                Reduce Output Operator
                  sort order: 
                  Statistics: Num rows: 1 Data size: 24 Basic stats: COMPLETE Column stats: COMPLETE
                  value expressions: _col0 (type: bigint), _col1 (type: bigint), _col2 (type: binary)
        Reducer 2 
            Execution mode: vectorized, llap
            Reduce Operator Tree:
              Group By Operator
                aggregations: min(VALUE._col0), max(VALUE._col1), bloom_filter(VALUE._col2, expectedEntries=8155892)
                mode: final
                outputColumnNames: _col0, _col1, _col2
                Statistics: Num rows: 1 Data size: 24 Basic stats: COMPLETE Column stats: COMPLETE
                Reduce Output Operator
                  sort order: 
                  Statistics: Num rows: 1 Data size: 24 Basic stats: COMPLETE Column stats: COMPLETE
                  value expressions: _col0 (type: bigint), _col1 (type: bigint), _col2 (type: binary)
        Reducer 3 
            Execution mode: vectorized, llap
            Reduce Operator Tree:
              Group By Operator
                aggregations: min(VALUE._col0), max(VALUE._col1), bloom_filter(VALUE._col2, expectedEntries=1000000)
                mode: final
                outputColumnNames: _col0, _col1, _col2
                Statistics: Num rows: 1 Data size: 24 Basic stats: COMPLETE Column stats: COMPLETE
                Reduce Output Operator
                  sort order: 
                  Statistics: Num rows: 1 Data size: 24 Basic stats: COMPLETE Column stats: COMPLETE
                  value expressions: _col0 (type: bigint), _col1 (type: bigint), _col2 (type: binary)
        Reducer 6 
            Execution mode: vectorized, llap
            Reduce Operator Tree:
              Map Join Operator
                condition map:
                     Inner Join 0 to 1
                keys:
                  0 KEY.reducesinkkey0 (type: bigint), KEY.reducesinkkey1 (type: bigint), KEY.reducesinkkey2 (type: bigint)
                  1 KEY.reducesinkkey0 (type: bigint), KEY.reducesinkkey1 (type: bigint), KEY.reducesinkkey2 (type: bigint)
                outputColumnNames: _col0, _col2, _col4, _col8, _col9, _col11
                input vertices:
                  1 Map 10
                Statistics: Num rows: 979318134 Data size: 39172725360 Basic stats: COMPLETE Column stats: COMPLETE
                Select Operator
                  expressions: _col0 (type: bigint), _col11 (type: int), _col2 (type: bigint), _col4 (type: int), _col8 (type: bigint), _col9 (type: bigint)
                  outputColumnNames: _col0, _col11, _col2, _col4, _col8, _col9
                  Statistics: Num rows: 979318134 Data size: 39172725360 Basic stats: COMPLETE Column stats: COMPLETE
                  Reduce Output Operator
                    key expressions: _col9 (type: bigint), _col8 (type: bigint)
                    sort order: ++
                    Map-reduce partition columns: _col9 (type: bigint), _col8 (type: bigint)
                    Statistics: Num rows: 979318134 Data size: 39172725360 Basic stats: COMPLETE Column stats: COMPLETE
                    value expressions: _col0 (type: bigint), _col2 (type: bigint), _col4 (type: int), _col11 (type: int)
        Reducer 7 
            Execution mode: vectorized, llap
            Reduce Operator Tree:
              Map Join Operator
                condition map:
                     Inner Join 0 to 1
                keys:
                  0 KEY.reducesinkkey0 (type: bigint), KEY.reducesinkkey1 (type: bigint)
                  1 KEY.reducesinkkey0 (type: bigint), KEY.reducesinkkey1 (type: bigint)
                outputColumnNames: _col2, _col6, _col8, _col10, _col17
                input vertices:
                  0 Map 1
                Statistics: Num rows: 106076998 Data size: 2970155944 Basic stats: COMPLETE Column stats: COMPLETE
                Map Join Operator
                  condition map:
                       Inner Join 0 to 1
                  keys:
                    0 _col8 (type: bigint)
                    1 _col0 (type: bigint)
                  outputColumnNames: _col2, _col6, _col10, _col17, _col22
                  input vertices:
                    1 Map 14
                  Statistics: Num rows: 106076998 Data size: 11244161788 Basic stats: COMPLETE Column stats: COMPLETE
                  Map Join Operator
                    condition map:
                         Inner Join 0 to 1
                    keys:
                      0 _col6 (type: bigint)
                      1 _col0 (type: bigint)
                    outputColumnNames: _col2, _col10, _col17, _col22, _col24, _col25
                    input vertices:
                      1 Map 15
                    Statistics: Num rows: 106076998 Data size: 40521413236 Basic stats: COMPLETE Column stats: COMPLETE
                    Select Operator
                      expressions: _col24 (type: string), _col25 (type: string), _col22 (type: string), _col10 (type: int), _col17 (type: int), _col2 (type: int)
                      outputColumnNames: _col24, _col25, _col22, _col10, _col17, _col2
                      Statistics: Num rows: 106076998 Data size: 40521413236 Basic stats: COMPLETE Column stats: COMPLETE
                      Group By Operator
                        aggregations: count(_col10), avg(_col10), stddev_samp(_col10), count(_col17), avg(_col17), stddev_samp(_col17), count(_col2), avg(_col2), stddev_samp(_col2)
                        keys: _col24 (type: string), _col25 (type: string), _col22 (type: string)
                        mode: hash
                        outputColumnNames: _col0, _col1, _col2, _col3, _col4, _col5, _col6, _col7, _col8, _col9, _col10, _col11
                        Statistics: Num rows: 106076998 Data size: 91438372276 Basic stats: COMPLETE Column stats: COMPLETE
                        Reduce Output Operator
                          key expressions: _col0 (type: string), _col1 (type: string), _col2 (type: string)
                          sort order: +++
                          Map-reduce partition columns: _col0 (type: string), _col1 (type: string), _col2 (type: string)
                          Statistics: Num rows: 106076998 Data size: 91438372276 Basic stats: COMPLETE Column stats: COMPLETE
                          TopN Hash Memory Usage: 0.04
                          value expressions: _col3 (type: bigint), _col4 (type: struct<count:bigint,sum:double,input:int>), _col5 (type: struct<count:bigint,sum:double,variance:double>), _col6 (type: bigint), _col7 (type: struct<count:bigint,sum:double,input:int>), _col8 (type: struct<count:bigint,sum:double,variance:double>), _col9 (type: bigint), _col10 (type: struct<count:bigint,sum:double,input:int>), _col11 (type: struct<count:bigint,sum:double,variance:double>)
        Reducer 8 
            Execution mode: llap
            Reduce Operator Tree:
              Group By Operator
                aggregations: count(VALUE._col0), avg(VALUE._col1), stddev_samp(VALUE._col2), count(VALUE._col3), avg(VALUE._col4), stddev_samp(VALUE._col5), count(VALUE._col6), avg(VALUE._col7), stddev_samp(VALUE._col8)
                keys: KEY._col0 (type: string), KEY._col1 (type: string), KEY._col2 (type: string)
                mode: mergepartial
                outputColumnNames: _col0, _col1, _col2, _col3, _col4, _col5, _col6, _col7, _col8, _col9, _col10, _col11
                Statistics: Num rows: 106076998 Data size: 46886033116 Basic stats: COMPLETE Column stats: COMPLETE
                Select Operator
                  expressions: _col0 (type: string), _col1 (type: string), (_col8 / _col7) (type: double), _col9 (type: bigint), _col10 (type: double), (_col11 / _col10) (type: double), _col2 (type: string), _col3 (type: bigint), _col4 (type: double), _col5 (type: double), (_col5 / _col4) (type: double), _col6 (type: bigint), _col7 (type: double), _col8 (type: double)
                  outputColumnNames: _col0, _col1, _col10, _col11, _col12, _col13, _col2, _col3, _col4, _col5, _col6, _col7, _col8, _col9
                  Statistics: Num rows: 106076998 Data size: 49431881068 Basic stats: COMPLETE Column stats: COMPLETE
                  Reduce Output Operator
                    key expressions: _col0 (type: string), _col1 (type: string), _col2 (type: string)
                    sort order: +++
                    Statistics: Num rows: 106076998 Data size: 49431881068 Basic stats: COMPLETE Column stats: COMPLETE
                    TopN Hash Memory Usage: 0.04
                    value expressions: _col3 (type: bigint), _col4 (type: double), _col5 (type: double), _col6 (type: double), _col7 (type: bigint), _col8 (type: double), _col9 (type: double), _col10 (type: double), _col11 (type: bigint), _col12 (type: double), _col13 (type: double)
        Reducer 9 
            Execution mode: vectorized, llap
            Reduce Operator Tree:
              Select Operator
                expressions: KEY.reducesinkkey0 (type: string), KEY.reducesinkkey1 (type: string), KEY.reducesinkkey2 (type: string), VALUE._col0 (type: bigint), VALUE._col1 (type: double), VALUE._col2 (type: double), VALUE._col3 (type: double), VALUE._col4 (type: bigint), VALUE._col5 (type: double), VALUE._col6 (type: double), VALUE._col7 (type: double), VALUE._col8 (type: bigint), VALUE._col9 (type: double), VALUE._col10 (type: double), VALUE._col10 (type: double)
                outputColumnNames: _col0, _col1, _col2, _col3, _col4, _col5, _col6, _col7, _col8, _col9, _col10, _col11, _col12, _col13, _col14
                Statistics: Num rows: 106076998 Data size: 49431881068 Basic stats: COMPLETE Column stats: COMPLETE
                Limit
                  Number of rows: 100
                  Statistics: Num rows: 100 Data size: 46600 Basic stats: COMPLETE Column stats: COMPLETE
                  File Output Operator
                    compressed: false
                    Statistics: Num rows: 100 Data size: 46600 Basic stats: COMPLETE Column stats: COMPLETE
                    table:
                        input format: org.apache.hadoop.mapred.SequenceFileInputFormat
                        output format: org.apache.hadoop.hive.ql.io.HiveSequenceFileOutputFormat
                        serde: org.apache.hadoop.hive.serde2.lazy.LazySimpleSerDe

  Stage: Stage-0
    Fetch Operator
      limit: 100
      Processor Tree:
        ListSink