STAGE DEPENDENCIES:
  Stage-1 is a root stage
  Stage-0 depends on stages: Stage-1

STAGE PLANS:
  Stage: Stage-1
    Tez
      DagId: hive_20170626025505_511928b7-3c20-42e9-8740-24549bd4018b:373
      Edges:
        Map 1 <- Map 4 (BROADCAST_EDGE), Reducer 6 (BROADCAST_EDGE), Reducer 8 (BROADCAST_EDGE)
        Map 9 <- Map 4 (BROADCAST_EDGE)
        Reducer 10 <- Map 9 (SIMPLE_EDGE)
        Reducer 2 <- Map 1 (SIMPLE_EDGE), Map 5 (BROADCAST_EDGE), Map 7 (BROADCAST_EDGE), Reducer 10 (BROADCAST_EDGE)
        Reducer 3 <- Reducer 2 (SIMPLE_EDGE)
        Reducer 6 <- Map 5 (CUSTOM_SIMPLE_EDGE)
        Reducer 8 <- Map 7 (CUSTOM_SIMPLE_EDGE)
      DagName: query1.sql
      Vertices:
        Map 1 
            Map Operator Tree:
                TableScan
                  alias: store_returns
                  filterExpr: (sr_store_sk is not null and sr_customer_sk is not null and (sr_store_sk BETWEEN DynamicValue(RS_40_store_s_store_sk_min) AND DynamicValue(RS_40_store_s_store_sk_max) and in_bloom_filter(sr_store_sk, DynamicValue(RS_40_store_s_store_sk_bloom_filter))) and (sr_customer_sk BETWEEN DynamicValue(RS_43_customer_c_customer_sk_min) AND DynamicValue(RS_43_customer_c_customer_sk_max) and in_bloom_filter(sr_customer_sk, DynamicValue(RS_43_customer_c_customer_sk_bloom_filter)))) (type: boolean)
                  Statistics: Num rows: 27772807343 Data size: 883110472928 Basic stats: COMPLETE Column stats: COMPLETE
                  Filter Operator
                    predicate: (sr_store_sk is not null and sr_customer_sk is not null and (sr_store_sk BETWEEN DynamicValue(RS_40_store_s_store_sk_min) AND DynamicValue(RS_40_store_s_store_sk_max) and in_bloom_filter(sr_store_sk, DynamicValue(RS_40_store_s_store_sk_bloom_filter))) and (sr_customer_sk BETWEEN DynamicValue(RS_43_customer_c_customer_sk_min) AND DynamicValue(RS_43_customer_c_customer_sk_max) and in_bloom_filter(sr_customer_sk, DynamicValue(RS_43_customer_c_customer_sk_bloom_filter)))) (type: boolean)
                    Statistics: Num rows: 27304705190 Data size: 868225916656 Basic stats: COMPLETE Column stats: COMPLETE
                    Select Operator
                      expressions: sr_customer_sk (type: bigint), sr_store_sk (type: bigint), sr_fee (type: double), sr_returned_date_sk (type: bigint)
                      outputColumnNames: _col0, _col1, _col2, _col3
                      Statistics: Num rows: 27304705190 Data size: 868225916656 Basic stats: COMPLETE Column stats: COMPLETE
                      Map Join Operator
                        condition map:
                             Inner Join 0 to 1
                        keys:
                          0 _col3 (type: bigint)
                          1 _col0 (type: bigint)
                        outputColumnNames: _col0, _col1, _col2
                        input vertices:
                          1 Map 4
                        Statistics: Num rows: 8892319685 Data size: 213415672440 Basic stats: COMPLETE Column stats: COMPLETE
                        Select Operator
                          expressions: _col1 (type: bigint), _col0 (type: bigint), _col2 (type: double)
                          outputColumnNames: _col1, _col0, _col2
                          Statistics: Num rows: 8892319685 Data size: 213415672440 Basic stats: COMPLETE Column stats: COMPLETE
                          Group By Operator
                            aggregations: sum(_col2)
                            keys: _col1 (type: bigint), _col0 (type: bigint)
                            mode: hash
                            outputColumnNames: _col0, _col1, _col2
                            Statistics: Num rows: 8892319685 Data size: 213415672440 Basic stats: COMPLETE Column stats: COMPLETE
                            Reduce Output Operator
                              key expressions: _col0 (type: bigint), _col1 (type: bigint)
                              sort order: ++
                              Map-reduce partition columns: _col0 (type: bigint), _col1 (type: bigint)
                              Statistics: Num rows: 8892319685 Data size: 213415672440 Basic stats: COMPLETE Column stats: COMPLETE
                              value expressions: _col2 (type: double)
            Execution mode: vectorized, llap
            LLAP IO: all inputs
        Map 4 
            Map Operator Tree:
                TableScan
                  alias: date_dim
                  filterExpr: ((d_year = 2000) and d_date_sk is not null) (type: boolean)
                  Statistics: Num rows: 73049 Data size: 876588 Basic stats: COMPLETE Column stats: COMPLETE
                  Filter Operator
                    predicate: ((d_year = 2000) and d_date_sk is not null) (type: boolean)
                    Statistics: Num rows: 652 Data size: 7824 Basic stats: COMPLETE Column stats: COMPLETE
                    Select Operator
                      expressions: d_date_sk (type: bigint)
                      outputColumnNames: _col0
                      Statistics: Num rows: 652 Data size: 7824 Basic stats: COMPLETE Column stats: COMPLETE
                      Reduce Output Operator
                        key expressions: _col0 (type: bigint)
                        sort order: +
                        Map-reduce partition columns: _col0 (type: bigint)
                        Statistics: Num rows: 652 Data size: 7824 Basic stats: COMPLETE Column stats: COMPLETE
                      Select Operator
                        expressions: _col0 (type: bigint)
                        outputColumnNames: _col0
                        Statistics: Num rows: 652 Data size: 7824 Basic stats: COMPLETE Column stats: COMPLETE
                        Group By Operator
                          keys: _col0 (type: bigint)
                          mode: hash
                          outputColumnNames: _col0
                          Statistics: Num rows: 326 Data size: 3912 Basic stats: COMPLETE Column stats: COMPLETE
                          Dynamic Partitioning Event Operator
                            Target column: sr_returned_date_sk (bigint)
                            Target Input: store_returns
                            Partition key expr: sr_returned_date_sk
                            Statistics: Num rows: 326 Data size: 3912 Basic stats: COMPLETE Column stats: COMPLETE
                            Target Vertex: Map 1
                  Filter Operator
                    predicate: ((d_year = 2000) and d_date_sk is not null) (type: boolean)
                    Statistics: Num rows: 652 Data size: 7824 Basic stats: COMPLETE Column stats: COMPLETE
                    Select Operator
                      expressions: d_date_sk (type: bigint)
                      outputColumnNames: _col0
                      Statistics: Num rows: 652 Data size: 7824 Basic stats: COMPLETE Column stats: COMPLETE
                      Reduce Output Operator
                        key expressions: _col0 (type: bigint)
                        sort order: +
                        Map-reduce partition columns: _col0 (type: bigint)
                        Statistics: Num rows: 652 Data size: 7824 Basic stats: COMPLETE Column stats: COMPLETE
                      Select Operator
                        expressions: _col0 (type: bigint)
                        outputColumnNames: _col0
                        Statistics: Num rows: 652 Data size: 7824 Basic stats: COMPLETE Column stats: COMPLETE
                        Group By Operator
                          keys: _col0 (type: bigint)
                          mode: hash
                          outputColumnNames: _col0
                          Statistics: Num rows: 326 Data size: 3912 Basic stats: COMPLETE Column stats: COMPLETE
                          Dynamic Partitioning Event Operator
                            Target column: sr_returned_date_sk (bigint)
                            Target Input: store_returns
                            Partition key expr: sr_returned_date_sk
                            Statistics: Num rows: 326 Data size: 3912 Basic stats: COMPLETE Column stats: COMPLETE
                            Target Vertex: Map 9
            Execution mode: vectorized, llap
            LLAP IO: all inputs
        Map 5 
            Map Operator Tree:
                TableScan
                  alias: store
                  filterExpr: ((s_state = 'nm') and s_store_sk is not null) (type: boolean)
                  Statistics: Num rows: 1902 Data size: 178788 Basic stats: COMPLETE Column stats: COMPLETE
                  Filter Operator
                    predicate: ((s_state = 'nm') and s_store_sk is not null) (type: boolean)
                    Statistics: Num rows: 37 Data size: 3478 Basic stats: COMPLETE Column stats: COMPLETE
                    Select Operator
                      expressions: s_store_sk (type: bigint)
                      outputColumnNames: _col0
                      Statistics: Num rows: 37 Data size: 3478 Basic stats: COMPLETE Column stats: COMPLETE
                      Reduce Output Operator
                        key expressions: _col0 (type: bigint)
                        sort order: +
                        Map-reduce partition columns: _col0 (type: bigint)
                        Statistics: Num rows: 37 Data size: 3478 Basic stats: COMPLETE Column stats: COMPLETE
                      Select Operator
                        expressions: _col0 (type: bigint)
                        outputColumnNames: _col0
                        Statistics: Num rows: 37 Data size: 296 Basic stats: COMPLETE Column stats: COMPLETE
                        Group By Operator
                          aggregations: min(_col0), max(_col0), bloom_filter(_col0, expectedEntries=1000000)
                          mode: hash
                          outputColumnNames: _col0, _col1, _col2
                          Statistics: Num rows: 1 Data size: 24 Basic stats: COMPLETE Column stats: COMPLETE
                          Reduce Output Operator
                            sort order: 
                            Statistics: Num rows: 1 Data size: 24 Basic stats: COMPLETE Column stats: COMPLETE
                            value expressions: _col0 (type: bigint), _col1 (type: bigint), _col2 (type: binary)
            Execution mode: vectorized, llap
            LLAP IO: all inputs
        Map 7 
            Map Operator Tree:
                TableScan
                  alias: customer
                  filterExpr: c_customer_sk is not null (type: boolean)
                  Statistics: Num rows: 1000 Data size: 108000 Basic stats: COMPLETE Column stats: COMPLETE
                  Filter Operator
                    predicate: c_customer_sk is not null (type: boolean)
                    Statistics: Num rows: 1000 Data size: 108000 Basic stats: COMPLETE Column stats: COMPLETE
                    Select Operator
                      expressions: c_customer_sk (type: bigint), c_customer_id (type: string)
                      outputColumnNames: _col0, _col1
                      Statistics: Num rows: 1000 Data size: 108000 Basic stats: COMPLETE Column stats: COMPLETE
                      Reduce Output Operator
                        key expressions: _col0 (type: bigint)
                        sort order: +
                        Map-reduce partition columns: _col0 (type: bigint)
                        Statistics: Num rows: 1000 Data size: 108000 Basic stats: COMPLETE Column stats: COMPLETE
                        value expressions: _col1 (type: string)
                      Select Operator
                        expressions: _col0 (type: bigint)
                        outputColumnNames: _col0
                        Statistics: Num rows: 1000 Data size: 8000 Basic stats: COMPLETE Column stats: COMPLETE
                        Group By Operator
                          aggregations: min(_col0), max(_col0), bloom_filter(_col0, expectedEntries=1000000)
                          mode: hash
                          outputColumnNames: _col0, _col1, _col2
                          Statistics: Num rows: 1 Data size: 24 Basic stats: COMPLETE Column stats: COMPLETE
                          Reduce Output Operator
                            sort order: 
                            Statistics: Num rows: 1 Data size: 24 Basic stats: COMPLETE Column stats: COMPLETE
                            value expressions: _col0 (type: bigint), _col1 (type: bigint), _col2 (type: binary)
            Execution mode: vectorized, llap
            LLAP IO: all inputs
        Map 9 
            Map Operator Tree:
                TableScan
                  alias: store_returns
                  filterExpr: (sr_store_sk = sr_store_sk) (type: boolean)
                  Statistics: Num rows: 27772807343 Data size: 883110472928 Basic stats: COMPLETE Column stats: COMPLETE
                  Filter Operator
                    predicate: (sr_store_sk = sr_store_sk) (type: boolean)
                    Statistics: Num rows: 13886403671 Data size: 441555236472 Basic stats: COMPLETE Column stats: COMPLETE
                    Select Operator
                      expressions: sr_customer_sk (type: bigint), sr_store_sk (type: bigint), sr_fee (type: double), sr_returned_date_sk (type: bigint)
                      outputColumnNames: _col0, _col1, _col2, _col3
                      Statistics: Num rows: 13886403671 Data size: 441555236472 Basic stats: COMPLETE Column stats: COMPLETE
                      Map Join Operator
                        condition map:
                             Inner Join 0 to 1
                        keys:
                          0 _col3 (type: bigint)
                          1 _col0 (type: bigint)
                        outputColumnNames: _col0, _col1, _col2
                        input vertices:
                          1 Map 4
                        Statistics: Num rows: 4522383226 Data size: 108537197424 Basic stats: COMPLETE Column stats: COMPLETE
                        Select Operator
                          expressions: _col1 (type: bigint), _col0 (type: bigint), _col2 (type: double)
                          outputColumnNames: _col1, _col0, _col2
                          Statistics: Num rows: 4522383226 Data size: 108537197424 Basic stats: COMPLETE Column stats: COMPLETE
                          Group By Operator
                            aggregations: sum(_col2)
                            keys: _col1 (type: bigint), _col0 (type: bigint)
                            mode: hash
                            outputColumnNames: _col0, _col1, _col2
                            Statistics: Num rows: 4522383226 Data size: 108537197424 Basic stats: COMPLETE Column stats: COMPLETE
                            Reduce Output Operator
                              key expressions: _col0 (type: bigint), _col1 (type: bigint)
                              sort order: ++
                              Map-reduce partition columns: _col0 (type: bigint)
                              Statistics: Num rows: 4522383226 Data size: 108537197424 Basic stats: COMPLETE Column stats: COMPLETE
                              value expressions: _col2 (type: double)
            Execution mode: vectorized, llap
            LLAP IO: all inputs
        Reducer 10 
            Execution mode: llap
            Reduce Operator Tree:
              Group By Operator
                aggregations: sum(VALUE._col0)
                keys: KEY._col0 (type: bigint), KEY._col1 (type: bigint)
                mode: mergepartial
                outputColumnNames: _col0, _col1, _col2
                Statistics: Num rows: 70385420 Data size: 1689250080 Basic stats: COMPLETE Column stats: COMPLETE
                Select Operator
                  expressions: _col0 (type: bigint), _col2 (type: double)
                  outputColumnNames: _col1, _col2
                  Statistics: Num rows: 70385420 Data size: 1689250080 Basic stats: COMPLETE Column stats: COMPLETE
                  Group By Operator
                    aggregations: avg(_col2)
                    keys: _col1 (type: bigint)
                    mode: complete
                    outputColumnNames: _col0, _col1
                    Statistics: Num rows: 140 Data size: 12320 Basic stats: COMPLETE Column stats: COMPLETE
                    Select Operator
                      expressions: (_col1 * 1.2) (type: double), true (type: boolean), _col0 (type: bigint)
                      outputColumnNames: _col0, _col1, _col2
                      Statistics: Num rows: 140 Data size: 2800 Basic stats: COMPLETE Column stats: COMPLETE
                      Reduce Output Operator
                        key expressions: _col2 (type: bigint)
                        sort order: +
                        Map-reduce partition columns: _col2 (type: bigint)
                        Statistics: Num rows: 140 Data size: 2800 Basic stats: COMPLETE Column stats: COMPLETE
                        value expressions: _col0 (type: double), _col1 (type: boolean)
        Reducer 2 
            Execution mode: vectorized, llap
            Reduce Operator Tree:
              Group By Operator
                aggregations: sum(VALUE._col0)
                keys: KEY._col0 (type: bigint), KEY._col1 (type: bigint)
                mode: mergepartial
                outputColumnNames: _col0, _col1, _col2
                Statistics: Num rows: 271853725 Data size: 6524489400 Basic stats: COMPLETE Column stats: COMPLETE
                Select Operator
                  expressions: _col1 (type: bigint), _col0 (type: bigint), _col2 (type: double)
                  outputColumnNames: _col0, _col1, _col2
                  Statistics: Num rows: 271853725 Data size: 6524489400 Basic stats: COMPLETE Column stats: COMPLETE
                  Map Join Operator
                    condition map:
                         Inner Join 0 to 1
                    keys:
                      0 _col1 (type: bigint)
                      1 _col0 (type: bigint)
                    outputColumnNames: _col0, _col1, _col2
                    input vertices:
                      1 Map 5
                    Statistics: Num rows: 5293997 Data size: 127055928 Basic stats: COMPLETE Column stats: COMPLETE
                    Map Join Operator
                      condition map:
                           Inner Join 0 to 1
                      keys:
                        0 _col0 (type: bigint)
                        1 _col0 (type: bigint)
                      outputColumnNames: _col1, _col2, _col6
                      input vertices:
                        1 Map 7
                      Statistics: Num rows: 274998 Data size: 31899768 Basic stats: COMPLETE Column stats: COMPLETE
                      Map Join Operator
                        condition map:
                             Left Outer Join0 to 1
                        keys:
                          0 _col1 (type: bigint)
                          1 _col2 (type: bigint)
                        outputColumnNames: _col2, _col6, _col7, _col8
                        input vertices:
                          1 Reducer 10
                        Statistics: Num rows: 274998 Data size: 32999760 Basic stats: COMPLETE Column stats: COMPLETE
                        Filter Operator
                          predicate: (_col2 > CASE WHEN (_col8 is null) THEN (null) ELSE (_col7) END) (type: boolean)
                          Statistics: Num rows: 91666 Data size: 10999920 Basic stats: COMPLETE Column stats: COMPLETE
                          Select Operator
                            expressions: _col6 (type: string)
                            outputColumnNames: _col0
                            Statistics: Num rows: 91666 Data size: 9166600 Basic stats: COMPLETE Column stats: COMPLETE
                            Reduce Output Operator
                              key expressions: _col0 (type: string)
                              sort order: +
                              Statistics: Num rows: 91666 Data size: 9166600 Basic stats: COMPLETE Column stats: COMPLETE
                              TopN Hash Memory Usage: 0.04
        Reducer 3 
            Execution mode: vectorized, llap
            Reduce Operator Tree:
              Select Operator
                expressions: KEY.reducesinkkey0 (type: string)
                outputColumnNames: _col0
                Statistics: Num rows: 91666 Data size: 9166600 Basic stats: COMPLETE Column stats: COMPLETE
                Limit
                  Number of rows: 100
                  Statistics: Num rows: 100 Data size: 10000 Basic stats: COMPLETE Column stats: COMPLETE
                  File Output Operator
                    compressed: false
                    Statistics: Num rows: 100 Data size: 10000 Basic stats: COMPLETE Column stats: COMPLETE
                    table:
                        input format: org.apache.hadoop.mapred.SequenceFileInputFormat
                        output format: org.apache.hadoop.hive.ql.io.HiveSequenceFileOutputFormat
                        serde: org.apache.hadoop.hive.serde2.lazy.LazySimpleSerDe
        Reducer 6 
            Execution mode: vectorized, llap
            Reduce Operator Tree:
              Group By Operator
                aggregations: min(VALUE._col0), max(VALUE._col1), bloom_filter(VALUE._col2, expectedEntries=1000000)
                mode: final
                outputColumnNames: _col0, _col1, _col2
                Statistics: Num rows: 1 Data size: 24 Basic stats: COMPLETE Column stats: COMPLETE
                Reduce Output Operator
                  sort order: 
                  Statistics: Num rows: 1 Data size: 24 Basic stats: COMPLETE Column stats: COMPLETE
                  value expressions: _col0 (type: bigint), _col1 (type: bigint), _col2 (type: binary)
        Reducer 8 
            Execution mode: vectorized, llap
            Reduce Operator Tree:
              Group By Operator
                aggregations: min(VALUE._col0), max(VALUE._col1), bloom_filter(VALUE._col2, expectedEntries=1000000)
                mode: final
                outputColumnNames: _col0, _col1, _col2
                Statistics: Num rows: 1 Data size: 24 Basic stats: COMPLETE Column stats: COMPLETE
                Reduce Output Operator
                  sort order: 
                  Statistics: Num rows: 1 Data size: 24 Basic stats: COMPLETE Column stats: COMPLETE
                  value expressions: _col0 (type: bigint), _col1 (type: bigint), _col2 (type: binary)

  Stage: Stage-0
    Fetch Operator
      limit: 100
      Processor Tree:
        ListSink