STAGE DEPENDENCIES:
  Stage-1 is a root stage
  Stage-0 depends on stages: Stage-1

STAGE PLANS:
  Stage: Stage-1
    Tez
      DagId: hive_20170626025657_9e562751-dc6d-4859-a644-f41724d96520:445
      Edges:
        Reducer 12 <- Map 11 (CUSTOM_SIMPLE_EDGE), Map 14 (CUSTOM_SIMPLE_EDGE), Map 6 (BROADCAST_EDGE)
        Reducer 13 <- Reducer 12 (SIMPLE_EDGE)
        Reducer 2 <- Map 1 (CUSTOM_SIMPLE_EDGE), Map 5 (CUSTOM_SIMPLE_EDGE), Map 6 (BROADCAST_EDGE)
        Reducer 3 <- Reducer 13 (BROADCAST_EDGE), Reducer 2 (SIMPLE_EDGE), Reducer 9 (BROADCAST_EDGE)
        Reducer 4 <- Reducer 3 (SIMPLE_EDGE)
        Reducer 8 <- Map 10 (CUSTOM_SIMPLE_EDGE), Map 6 (BROADCAST_EDGE), Map 7 (CUSTOM_SIMPLE_EDGE)
        Reducer 9 <- Reducer 8 (SIMPLE_EDGE)
      DagName: query78.sql
      Vertices:
        Map 1 
            Map Operator Tree:
                TableScan
                  alias: store_sales
                  filterExpr: ss_sold_date_sk is not null (type: boolean)
                  Statistics: Num rows: 275035746821 Data size: 14209178919692 Basic stats: COMPLETE Column stats: COMPLETE
                  Select Operator
                    expressions: ss_item_sk (type: bigint), ss_customer_sk (type: bigint), ss_ticket_number (type: bigint), ss_quantity (type: int), ss_wholesale_cost (type: double), ss_sales_price (type: double), ss_sold_date_sk (type: bigint)
                    outputColumnNames: _col0, _col1, _col2, _col3, _col4, _col5, _col6
                    Statistics: Num rows: 275035746821 Data size: 14209178919692 Basic stats: COMPLETE Column stats: COMPLETE
                    Reduce Output Operator
                      key expressions: _col0 (type: bigint), _col2 (type: bigint)
                      sort order: ++
                      Map-reduce partition columns: _col0 (type: bigint), _col2 (type: bigint)
                      Statistics: Num rows: 275035746821 Data size: 14209178919692 Basic stats: COMPLETE Column stats: COMPLETE
                      value expressions: _col1 (type: bigint), _col3 (type: int), _col4 (type: double), _col5 (type: double), _col6 (type: bigint)
            Execution mode: vectorized, llap
            LLAP IO: all inputs
        Map 10 
            Map Operator Tree:
                TableScan
                  alias: web_returns
                  Statistics: Num rows: 7191510606 Data size: 115064169696 Basic stats: COMPLETE Column stats: PARTIAL
                  Select Operator
                    expressions: wr_item_sk (type: bigint), wr_order_number (type: bigint)
                    outputColumnNames: _col0, _col1
                    Statistics: Num rows: 7191510606 Data size: 115064169696 Basic stats: COMPLETE Column stats: PARTIAL
                    Reduce Output Operator
                      key expressions: _col0 (type: bigint), _col1 (type: bigint)
                      sort order: ++
                      Map-reduce partition columns: _col0 (type: bigint), _col1 (type: bigint)
                      Statistics: Num rows: 7191510606 Data size: 115064169696 Basic stats: COMPLETE Column stats: PARTIAL
            Execution mode: vectorized, llap
            LLAP IO: all inputs
        Map 11 
            Map Operator Tree:
                TableScan
                  alias: catalog_sales
                  filterExpr: (cs_item_sk = cs_item_sk) (type: boolean)
                  Statistics: Num rows: 143352541321 Data size: 7449279288312 Basic stats: COMPLETE Column stats: COMPLETE
                  Filter Operator
                    predicate: (cs_item_sk = cs_item_sk) (type: boolean)
                    Statistics: Num rows: 71676270660 Data size: 3724639644148 Basic stats: COMPLETE Column stats: COMPLETE
                    Select Operator
                      expressions: cs_bill_customer_sk (type: bigint), cs_item_sk (type: bigint), cs_order_number (type: bigint), cs_quantity (type: int), cs_wholesale_cost (type: double), cs_sales_price (type: double), cs_sold_date_sk (type: bigint)
                      outputColumnNames: _col0, _col1, _col2, _col3, _col4, _col5, _col6
                      Statistics: Num rows: 71676270660 Data size: 3724639644148 Basic stats: COMPLETE Column stats: COMPLETE
                      Reduce Output Operator
                        key expressions: _col1 (type: bigint), _col2 (type: bigint)
                        sort order: ++
                        Map-reduce partition columns: _col1 (type: bigint), _col2 (type: bigint)
                        Statistics: Num rows: 71676270660 Data size: 3724639644148 Basic stats: COMPLETE Column stats: COMPLETE
                        value expressions: _col0 (type: bigint), _col3 (type: int), _col4 (type: double), _col5 (type: double), _col6 (type: bigint)
            Execution mode: vectorized, llap
            LLAP IO: all inputs
        Map 14 
            Map Operator Tree:
                TableScan
                  alias: catalog_returns
                  Statistics: Num rows: 14403369483 Data size: 230453911728 Basic stats: COMPLETE Column stats: COMPLETE
                  Select Operator
                    expressions: cr_item_sk (type: bigint), cr_order_number (type: bigint)
                    outputColumnNames: _col0, _col1
                    Statistics: Num rows: 14403369483 Data size: 230453911728 Basic stats: COMPLETE Column stats: COMPLETE
                    Reduce Output Operator
                      key expressions: _col0 (type: bigint), _col1 (type: bigint)
                      sort order: ++
                      Map-reduce partition columns: _col0 (type: bigint), _col1 (type: bigint)
                      Statistics: Num rows: 14403369483 Data size: 230453911728 Basic stats: COMPLETE Column stats: COMPLETE
            Execution mode: vectorized, llap
            LLAP IO: all inputs
        Map 5 
            Map Operator Tree:
                TableScan
                  alias: store_returns
                  Statistics: Num rows: 28777641316 Data size: 460442261056 Basic stats: COMPLETE Column stats: PARTIAL
                  Select Operator
                    expressions: sr_item_sk (type: bigint), sr_ticket_number (type: bigint)
                    outputColumnNames: _col0, _col1
                    Statistics: Num rows: 28777641316 Data size: 460442261056 Basic stats: COMPLETE Column stats: PARTIAL
                    Reduce Output Operator
                      key expressions: _col0 (type: bigint), _col1 (type: bigint)
                      sort order: ++
                      Map-reduce partition columns: _col0 (type: bigint), _col1 (type: bigint)
                      Statistics: Num rows: 28777641316 Data size: 460442261056 Basic stats: COMPLETE Column stats: PARTIAL
            Execution mode: vectorized, llap
            LLAP IO: all inputs
        Map 6 
            Map Operator Tree:
                TableScan
                  alias: date_dim
                  filterExpr: ((d_year = 2000) and d_date_sk is not null) (type: boolean)
                  Statistics: Num rows: 73049 Data size: 876588 Basic stats: COMPLETE Column stats: COMPLETE
                  Filter Operator
                    predicate: ((d_year = 2000) and d_date_sk is not null) (type: boolean)
                    Statistics: Num rows: 652 Data size: 7824 Basic stats: COMPLETE Column stats: COMPLETE
                    Select Operator
                      expressions: d_date_sk (type: bigint)
                      outputColumnNames: _col0
                      Statistics: Num rows: 652 Data size: 7824 Basic stats: COMPLETE Column stats: COMPLETE
                      Reduce Output Operator
                        key expressions: _col0 (type: bigint)
                        sort order: +
                        Map-reduce partition columns: _col0 (type: bigint)
                        Statistics: Num rows: 652 Data size: 7824 Basic stats: COMPLETE Column stats: COMPLETE
                      Select Operator
                        expressions: _col0 (type: bigint)
                        outputColumnNames: _col0
                        Statistics: Num rows: 652 Data size: 7824 Basic stats: COMPLETE Column stats: COMPLETE
                        Group By Operator
                          keys: _col0 (type: bigint)
                          mode: hash
                          outputColumnNames: _col0
                          Statistics: Num rows: 326 Data size: 3912 Basic stats: COMPLETE Column stats: COMPLETE
                          Dynamic Partitioning Event Operator
                            Target column: ss_sold_date_sk (bigint)
                            Target Input: store_sales
                            Partition key expr: ss_sold_date_sk
                            Statistics: Num rows: 326 Data size: 3912 Basic stats: COMPLETE Column stats: COMPLETE
                            Target Vertex: Map 1
                  Filter Operator
                    predicate: ((d_year = 2000) and d_date_sk is not null) (type: boolean)
                    Statistics: Num rows: 652 Data size: 7824 Basic stats: COMPLETE Column stats: COMPLETE
                    Select Operator
                      expressions: d_date_sk (type: bigint)
                      outputColumnNames: _col0
                      Statistics: Num rows: 652 Data size: 7824 Basic stats: COMPLETE Column stats: COMPLETE
                      Reduce Output Operator
                        key expressions: _col0 (type: bigint)
                        sort order: +
                        Map-reduce partition columns: _col0 (type: bigint)
                        Statistics: Num rows: 652 Data size: 7824 Basic stats: COMPLETE Column stats: COMPLETE
                      Select Operator
                        expressions: _col0 (type: bigint)
                        outputColumnNames: _col0
                        Statistics: Num rows: 652 Data size: 7824 Basic stats: COMPLETE Column stats: COMPLETE
                        Group By Operator
                          keys: _col0 (type: bigint)
                          mode: hash
                          outputColumnNames: _col0
                          Statistics: Num rows: 326 Data size: 3912 Basic stats: COMPLETE Column stats: COMPLETE
                          Dynamic Partitioning Event Operator
                            Target column: ws_sold_date_sk (bigint)
                            Target Input: web_sales
                            Partition key expr: ws_sold_date_sk
                            Statistics: Num rows: 326 Data size: 3912 Basic stats: COMPLETE Column stats: COMPLETE
                            Target Vertex: Map 7
                  Filter Operator
                    predicate: ((d_year = 2000) and d_date_sk is not null) (type: boolean)
                    Statistics: Num rows: 652 Data size: 7824 Basic stats: COMPLETE Column stats: COMPLETE
                    Select Operator
                      expressions: d_date_sk (type: bigint)
                      outputColumnNames: _col0
                      Statistics: Num rows: 652 Data size: 7824 Basic stats: COMPLETE Column stats: COMPLETE
                      Reduce Output Operator
                        key expressions: _col0 (type: bigint)
                        sort order: +
                        Map-reduce partition columns: _col0 (type: bigint)
                        Statistics: Num rows: 652 Data size: 7824 Basic stats: COMPLETE Column stats: COMPLETE
                      Select Operator
                        expressions: _col0 (type: bigint)
                        outputColumnNames: _col0
                        Statistics: Num rows: 652 Data size: 7824 Basic stats: COMPLETE Column stats: COMPLETE
                        Group By Operator
                          keys: _col0 (type: bigint)
                          mode: hash
                          outputColumnNames: _col0
                          Statistics: Num rows: 326 Data size: 3912 Basic stats: COMPLETE Column stats: COMPLETE
                          Dynamic Partitioning Event Operator
                            Target column: cs_sold_date_sk (bigint)
                            Target Input: catalog_sales
                            Partition key expr: cs_sold_date_sk
                            Statistics: Num rows: 326 Data size: 3912 Basic stats: COMPLETE Column stats: COMPLETE
                            Target Vertex: Map 11
            Execution mode: vectorized, llap
            LLAP IO: all inputs
        Map 7 
            Map Operator Tree:
                TableScan
                  alias: web_sales
                  Statistics: Num rows: 71959659800 Data size: 3741778092464 Basic stats: COMPLETE Column stats: COMPLETE
                  Select Operator
                    expressions: ws_item_sk (type: bigint), ws_bill_customer_sk (type: bigint), ws_order_number (type: bigint), ws_quantity (type: int), ws_wholesale_cost (type: double), ws_sales_price (type: double), ws_sold_date_sk (type: bigint)
                    outputColumnNames: _col0, _col1, _col2, _col3, _col4, _col5, _col6
                    Statistics: Num rows: 71959659800 Data size: 3741778092464 Basic stats: COMPLETE Column stats: COMPLETE
                    Reduce Output Operator
                      key expressions: _col0 (type: bigint), _col2 (type: bigint)
                      sort order: ++
                      Map-reduce partition columns: _col0 (type: bigint), _col2 (type: bigint)
                      Statistics: Num rows: 71959659800 Data size: 3741778092464 Basic stats: COMPLETE Column stats: COMPLETE
                      value expressions: _col1 (type: bigint), _col3 (type: int), _col4 (type: double), _col5 (type: double), _col6 (type: bigint)
            Execution mode: vectorized, llap
            LLAP IO: all inputs
        Reducer 12 
            Execution mode: vectorized, llap
            Reduce Operator Tree:
              Map Join Operator
                condition map:
                     Left Outer Join0 to 1
                keys:
                  0 KEY.reducesinkkey0 (type: bigint), KEY.reducesinkkey1 (type: bigint)
                  1 KEY.reducesinkkey0 (type: bigint), KEY.reducesinkkey1 (type: bigint)
                outputColumnNames: _col0, _col1, _col3, _col4, _col5, _col6, _col8
                input vertices:
                  1 Map 14
                Statistics: Num rows: 71676270660 Data size: 3727166074320 Basic stats: COMPLETE Column stats: COMPLETE
                Filter Operator
                  predicate: _col8 is null (type: boolean)
                  Statistics: Num rows: 1 Data size: 52 Basic stats: COMPLETE Column stats: COMPLETE
                  Select Operator
                    expressions: _col0 (type: bigint), _col1 (type: bigint), _col3 (type: int), _col4 (type: double), _col5 (type: double), _col6 (type: bigint)
                    outputColumnNames: _col0, _col1, _col3, _col4, _col5, _col6
                    Statistics: Num rows: 1 Data size: 52 Basic stats: COMPLETE Column stats: COMPLETE
                    Map Join Operator
                      condition map:
                           Inner Join 0 to 1
                      keys:
                        0 _col0 (type: bigint)
                        1 _col6 (type: bigint)
                      outputColumnNames: _col2, _col3, _col5, _col6, _col7
                      input vertices:
                        0 Map 6
                      Statistics: Num rows: 1 Data size: 36 Basic stats: COMPLETE Column stats: COMPLETE
                      Group By Operator
                        aggregations: sum(_col5), sum(_col6), sum(_col7)
                        keys: _col2 (type: bigint), _col3 (type: bigint)
                        mode: hash
                        outputColumnNames: _col0, _col1, _col2, _col3, _col4
                        Statistics: Num rows: 1 Data size: 40 Basic stats: COMPLETE Column stats: COMPLETE
                        Reduce Output Operator
                          key expressions: _col0 (type: bigint), _col1 (type: bigint)
                          sort order: ++
                          Map-reduce partition columns: _col0 (type: bigint), _col1 (type: bigint)
                          Statistics: Num rows: 1 Data size: 40 Basic stats: COMPLETE Column stats: COMPLETE
                          value expressions: _col2 (type: bigint), _col3 (type: double), _col4 (type: double)
        Reducer 13 
            Execution mode: vectorized, llap
            Reduce Operator Tree:
              Group By Operator
                aggregations: sum(VALUE._col0), sum(VALUE._col1), sum(VALUE._col2)
                keys: KEY._col0 (type: bigint), KEY._col1 (type: bigint)
                mode: mergepartial
                outputColumnNames: _col0, _col1, _col2, _col3, _col4
                Statistics: Num rows: 1 Data size: 40 Basic stats: COMPLETE Column stats: COMPLETE
                Select Operator
                  expressions: _col0 (type: bigint), _col2 (type: bigint), _col3 (type: double), _col4 (type: double)
                  outputColumnNames: _col0, _col1, _col2, _col3
                  Statistics: Num rows: 1 Data size: 32 Basic stats: COMPLETE Column stats: COMPLETE
                  Reduce Output Operator
                    key expressions: _col0 (type: bigint)
                    sort order: +
                    Map-reduce partition columns: _col0 (type: bigint)
                    Statistics: Num rows: 1 Data size: 32 Basic stats: COMPLETE Column stats: COMPLETE
                    value expressions: _col1 (type: bigint), _col2 (type: double), _col3 (type: double)
        Reducer 2 
            Execution mode: vectorized, llap
            Reduce Operator Tree:
              Map Join Operator
                condition map:
                     Left Outer Join0 to 1
                keys:
                  0 KEY.reducesinkkey0 (type: bigint), KEY.reducesinkkey1 (type: bigint)
                  1 KEY.reducesinkkey0 (type: bigint), KEY.reducesinkkey1 (type: bigint)
                outputColumnNames: _col0, _col1, _col3, _col4, _col5, _col6, _col8
                input vertices:
                  1 Map 5
                Statistics: Num rows: 275035746821 Data size: 14301858834692 Basic stats: COMPLETE Column stats: PARTIAL
                Filter Operator
                  predicate: _col8 is null (type: boolean)
                  Statistics: Num rows: 1 Data size: 52 Basic stats: COMPLETE Column stats: PARTIAL
                  Select Operator
                    expressions: _col0 (type: bigint), _col1 (type: bigint), _col3 (type: int), _col4 (type: double), _col5 (type: double), _col6 (type: bigint)
                    outputColumnNames: _col0, _col1, _col3, _col4, _col5, _col6
                    Statistics: Num rows: 1 Data size: 52 Basic stats: COMPLETE Column stats: PARTIAL
                    Map Join Operator
                      condition map:
                           Inner Join 0 to 1
                      keys:
                        0 _col6 (type: bigint)
                        1 _col0 (type: bigint)
                      outputColumnNames: _col0, _col1, _col3, _col4, _col5
                      input vertices:
                        1 Map 6
                      Statistics: Num rows: 1 Data size: 36 Basic stats: COMPLETE Column stats: PARTIAL
                      Select Operator
                        expressions: _col1 (type: bigint), _col0 (type: bigint), _col3 (type: int), _col4 (type: double), _col5 (type: double)
                        outputColumnNames: _col1, _col0, _col3, _col4, _col5
                        Statistics: Num rows: 1 Data size: 36 Basic stats: COMPLETE Column stats: PARTIAL
                        Group By Operator
                          aggregations: sum(_col3), sum(_col4), sum(_col5)
                          keys: _col1 (type: bigint), _col0 (type: bigint)
                          mode: hash
                          outputColumnNames: _col0, _col1, _col2, _col3, _col4
                          Statistics: Num rows: 1 Data size: 40 Basic stats: COMPLETE Column stats: PARTIAL
                          Reduce Output Operator
                            key expressions: _col0 (type: bigint), _col1 (type: bigint)
                            sort order: ++
                            Map-reduce partition columns: _col0 (type: bigint), _col1 (type: bigint)
                            Statistics: Num rows: 1 Data size: 40 Basic stats: COMPLETE Column stats: PARTIAL
                            value expressions: _col2 (type: bigint), _col3 (type: double), _col4 (type: double)
        Reducer 3 
            Execution mode: vectorized, llap
            Reduce Operator Tree:
              Group By Operator
                aggregations: sum(VALUE._col0), sum(VALUE._col1), sum(VALUE._col2)
                keys: KEY._col0 (type: bigint), KEY._col1 (type: bigint)
                mode: mergepartial
                outputColumnNames: _col0, _col1, _col2, _col3, _col4
                Statistics: Num rows: 1 Data size: 40 Basic stats: COMPLETE Column stats: PARTIAL
                Select Operator
                  expressions: _col1 (type: bigint), _col0 (type: bigint), _col2 (type: bigint), _col3 (type: double), _col4 (type: double)
                  outputColumnNames: _col0, _col1, _col2, _col3, _col4
                  Statistics: Num rows: 1 Data size: 40 Basic stats: COMPLETE Column stats: PARTIAL
                  Map Join Operator
                    condition map:
                         Left Outer Join0 to 1
                    keys:
                      0 _col1 (type: bigint), _col0 (type: bigint)
                      1 _col1 (type: bigint), _col0 (type: bigint)
                    outputColumnNames: _col0, _col1, _col2, _col3, _col4, _col7, _col8, _col9
                    input vertices:
                      1 Reducer 9
                    Statistics: Num rows: 1 Data size: 64 Basic stats: COMPLETE Column stats: PARTIAL
                    Filter Operator
                      predicate: (COALESCE(_col7,0) > 0) (type: boolean)
                      Statistics: Num rows: 1 Data size: 64 Basic stats: COMPLETE Column stats: PARTIAL
                      Map Join Operator
                        condition map:
                             Left Outer Join0 to 1
                        keys:
                          0 _col1 (type: bigint)
                          1 _col0 (type: bigint)
                        outputColumnNames: _col0, _col1, _col2, _col3, _col4, _col7, _col8, _col9, _col11, _col12, _col13
                        input vertices:
                          1 Reducer 13
                        Statistics: Num rows: 1 Data size: 88 Basic stats: COMPLETE Column stats: PARTIAL
                        Filter Operator
                          predicate: (COALESCE(_col11,0) > 0) (type: boolean)
                          Statistics: Num rows: 1 Data size: 88 Basic stats: COMPLETE Column stats: PARTIAL
                          Select Operator
                            expressions: _col0 (type: bigint), (COALESCE(_col7,0) + COALESCE(_col11,0)) (type: bigint), (COALESCE(_col8,0) + COALESCE(_col12,0)) (type: double), (COALESCE(_col9,0) + COALESCE(_col13,0)) (type: double), _col1 (type: bigint), _col2 (type: bigint), _col3 (type: double), _col4 (type: double), _col7 (type: bigint), _col11 (type: bigint)
                            outputColumnNames: _col1, _col12, _col13, _col14, _col2, _col3, _col4, _col5, _col6, _col7
                            Statistics: Num rows: 1 Data size: 116 Basic stats: COMPLETE Column stats: PARTIAL
                            Reduce Output Operator
                              key expressions: _col1 (type: bigint), _col2 (type: bigint), _col3 (type: bigint), _col4 (type: double), _col5 (type: double), _col12 (type: bigint), _col13 (type: double), _col14 (type: double), round((UDFToDouble(_col3) / UDFToDouble(COALESCE((_col6 + _col7),1))), 2) (type: double)
                              sort order: ++---++++
                              Statistics: Num rows: 1 Data size: 116 Basic stats: COMPLETE Column stats: PARTIAL
                              TopN Hash Memory Usage: 0.04
                              value expressions: _col6 (type: bigint), _col7 (type: bigint)
        Reducer 4 
            Execution mode: vectorized, llap
            Reduce Operator Tree:
              Select Operator
                expressions: 2000 (type: int), KEY.reducesinkkey0 (type: bigint), KEY.reducesinkkey1 (type: bigint), KEY.reducesinkkey2 (type: bigint), KEY.reducesinkkey3 (type: double), KEY.reducesinkkey4 (type: double), VALUE._col0 (type: bigint), VALUE._col1 (type: bigint), KEY.reducesinkkey8 (type: double), KEY.reducesinkkey2 (type: bigint), KEY.reducesinkkey3 (type: double), KEY.reducesinkkey4 (type: double), KEY.reducesinkkey5 (type: bigint), KEY.reducesinkkey6 (type: double), KEY.reducesinkkey7 (type: double)
                outputColumnNames: _col0, _col1, _col2, _col3, _col4, _col5, _col6, _col7, _col8, _col9, _col10, _col11, _col12, _col13, _col14
                Statistics: Num rows: 1 Data size: 112 Basic stats: COMPLETE Column stats: PARTIAL
                Limit
                  Number of rows: 100
                  Statistics: Num rows: 1 Data size: 112 Basic stats: COMPLETE Column stats: PARTIAL
                  File Output Operator
                    compressed: false
                    Statistics: Num rows: 1 Data size: 112 Basic stats: COMPLETE Column stats: PARTIAL
                    table:
                        input format: org.apache.hadoop.mapred.SequenceFileInputFormat
                        output format: org.apache.hadoop.hive.ql.io.HiveSequenceFileOutputFormat
                        serde: org.apache.hadoop.hive.serde2.lazy.LazySimpleSerDe
        Reducer 8 
            Execution mode: vectorized, llap
            Reduce Operator Tree:
              Map Join Operator
                condition map:
                     Left Outer Join0 to 1
                keys:
                  0 KEY.reducesinkkey0 (type: bigint), KEY.reducesinkkey1 (type: bigint)
                  1 KEY.reducesinkkey0 (type: bigint), KEY.reducesinkkey1 (type: bigint)
                outputColumnNames: _col0, _col1, _col3, _col4, _col5, _col6, _col8
                input vertices:
                  1 Map 10
                Statistics: Num rows: 71959659800 Data size: 3741902309600 Basic stats: COMPLETE Column stats: PARTIAL
                Filter Operator
                  predicate: _col8 is null (type: boolean)
                  Statistics: Num rows: 1 Data size: 52 Basic stats: COMPLETE Column stats: PARTIAL
                  Select Operator
                    expressions: _col0 (type: bigint), _col1 (type: bigint), _col3 (type: int), _col4 (type: double), _col5 (type: double), _col6 (type: bigint)
                    outputColumnNames: _col0, _col1, _col3, _col4, _col5, _col6
                    Statistics: Num rows: 1 Data size: 52 Basic stats: COMPLETE Column stats: PARTIAL
                    Map Join Operator
                      condition map:
                           Inner Join 0 to 1
                      keys:
                        0 _col6 (type: bigint)
                        1 _col0 (type: bigint)
                      outputColumnNames: _col0, _col1, _col3, _col4, _col5
                      input vertices:
                        1 Map 6
                      Statistics: Num rows: 1 Data size: 36 Basic stats: COMPLETE Column stats: PARTIAL
                      Select Operator
                        expressions: _col1 (type: bigint), _col0 (type: bigint), _col3 (type: int), _col4 (type: double), _col5 (type: double)
                        outputColumnNames: _col1, _col0, _col3, _col4, _col5
                        Statistics: Num rows: 1 Data size: 36 Basic stats: COMPLETE Column stats: PARTIAL
                        Group By Operator
                          aggregations: sum(_col3), sum(_col4), sum(_col5)
                          keys: _col1 (type: bigint), _col0 (type: bigint)
                          mode: hash
                          outputColumnNames: _col0, _col1, _col2, _col3, _col4
                          Statistics: Num rows: 1 Data size: 40 Basic stats: COMPLETE Column stats: PARTIAL
                          Reduce Output Operator
                            key expressions: _col0 (type: bigint), _col1 (type: bigint)
                            sort order: ++
                            Map-reduce partition columns: _col0 (type: bigint), _col1 (type: bigint)
                            Statistics: Num rows: 1 Data size: 40 Basic stats: COMPLETE Column stats: PARTIAL
                            value expressions: _col2 (type: bigint), _col3 (type: double), _col4 (type: double)
        Reducer 9 
            Execution mode: vectorized, llap
            Reduce Operator Tree:
              Group By Operator
                aggregations: sum(VALUE._col0), sum(VALUE._col1), sum(VALUE._col2)
                keys: KEY._col0 (type: bigint), KEY._col1 (type: bigint)
                mode: mergepartial
                outputColumnNames: _col0, _col1, _col2, _col3, _col4
                Statistics: Num rows: 1 Data size: 40 Basic stats: COMPLETE Column stats: PARTIAL
                Select Operator
                  expressions: _col1 (type: bigint), _col0 (type: bigint), _col2 (type: bigint), _col3 (type: double), _col4 (type: double)
                  outputColumnNames: _col0, _col1, _col2, _col3, _col4
                  Statistics: Num rows: 1 Data size: 40 Basic stats: COMPLETE Column stats: PARTIAL
                  Reduce Output Operator
                    key expressions: _col1 (type: bigint), _col0 (type: bigint)
                    sort order: ++
                    Map-reduce partition columns: _col1 (type: bigint), _col0 (type: bigint)
                    Statistics: Num rows: 1 Data size: 40 Basic stats: COMPLETE Column stats: PARTIAL
                    value expressions: _col2 (type: bigint), _col3 (type: double), _col4 (type: double)

  Stage: Stage-0
    Fetch Operator
      limit: 100
      Processor Tree:
        ListSink