STAGE DEPENDENCIES:
  Stage-1 is a root stage
  Stage-0 depends on stages: Stage-1

STAGE PLANS:
  Stage: Stage-1
    Tez
      DagId: hive_20170626205236_cfa6362a-8163-4922-9de2-779f59cca85d:660
      Edges:
        Map 1 <- Map 7 (BROADCAST_EDGE), Union 2 (CONTAINS)
        Map 10 <- Map 11 (BROADCAST_EDGE), Union 2 (CONTAINS)
        Map 12 <- Map 7 (BROADCAST_EDGE), Union 13 (CONTAINS)
        Map 15 <- Map 9 (BROADCAST_EDGE), Union 13 (CONTAINS)
        Map 16 <- Map 11 (BROADCAST_EDGE), Union 13 (CONTAINS)
        Map 17 <- Map 18 (BROADCAST_EDGE), Map 49 (BROADCAST_EDGE)
        Map 19 <- Map 17 (BROADCAST_EDGE), Map 22 (BROADCAST_EDGE), Reducer 33 (BROADCAST_EDGE)
        Map 29 <- Map 22 (BROADCAST_EDGE), Map 7 (BROADCAST_EDGE)
        Map 34 <- Map 22 (BROADCAST_EDGE), Map 7 (BROADCAST_EDGE)
        Map 36 <- Map 22 (BROADCAST_EDGE), Map 7 (BROADCAST_EDGE)
        Map 38 <- Map 7 (BROADCAST_EDGE), Union 39 (CONTAINS)
        Map 42 <- Map 9 (BROADCAST_EDGE), Union 39 (CONTAINS)
        Map 43 <- Map 11 (BROADCAST_EDGE), Union 39 (CONTAINS)
        Map 44 <- Map 7 (BROADCAST_EDGE), Union 45 (CONTAINS)
        Map 47 <- Map 9 (BROADCAST_EDGE), Union 45 (CONTAINS)
        Map 48 <- Map 11 (BROADCAST_EDGE), Union 45 (CONTAINS)
        Map 50 <- Map 17 (BROADCAST_EDGE), Map 22 (BROADCAST_EDGE), Reducer 55 (BROADCAST_EDGE)
        Map 51 <- Map 22 (BROADCAST_EDGE), Map 7 (BROADCAST_EDGE)
        Map 56 <- Map 22 (BROADCAST_EDGE), Map 7 (BROADCAST_EDGE)
        Map 58 <- Map 22 (BROADCAST_EDGE), Map 7 (BROADCAST_EDGE)
        Map 8 <- Map 9 (BROADCAST_EDGE), Union 2 (CONTAINS)
        Reducer 14 <- Union 13 (SIMPLE_EDGE)
        Reducer 20 <- Map 19 (XPROD_EDGE), Reducer 24 (XPROD_EDGE), Reducer 32 (BROADCAST_EDGE)
        Reducer 21 <- Reducer 20 (SIMPLE_EDGE)
        Reducer 24 <- Map 23 (SIMPLE_EDGE)
        Reducer 25 <- Map 23 (SIMPLE_EDGE)
        Reducer 26 <- Map 50 (XPROD_EDGE), Reducer 25 (XPROD_EDGE), Reducer 54 (BROADCAST_EDGE)
        Reducer 27 <- Reducer 26 (SIMPLE_EDGE)
        Reducer 28 <- Reducer 27 (XPROD_EDGE), Reducer 41 (XPROD_EDGE)
        Reducer 3 <- Union 2 (SIMPLE_EDGE)
        Reducer 30 <- Map 29 (SIMPLE_EDGE), Union 31 (CONTAINS)
        Reducer 32 <- Map 22 (BROADCAST_EDGE), Union 31 (SIMPLE_EDGE)
        Reducer 33 <- Reducer 32 (CUSTOM_SIMPLE_EDGE)
        Reducer 35 <- Map 34 (SIMPLE_EDGE), Union 31 (CONTAINS)
        Reducer 37 <- Map 36 (SIMPLE_EDGE), Union 31 (CONTAINS)
        Reducer 4 <- Reducer 14 (XPROD_EDGE), Reducer 3 (XPROD_EDGE)
        Reducer 40 <- Union 39 (SIMPLE_EDGE)
        Reducer 41 <- Reducer 40 (XPROD_EDGE), Reducer 46 (XPROD_EDGE)
        Reducer 46 <- Union 45 (SIMPLE_EDGE)
        Reducer 5 <- Reducer 21 (XPROD_EDGE), Reducer 28 (BROADCAST_EDGE), Reducer 4 (XPROD_EDGE)
        Reducer 52 <- Map 51 (SIMPLE_EDGE), Union 53 (CONTAINS)
        Reducer 54 <- Map 22 (BROADCAST_EDGE), Union 53 (SIMPLE_EDGE)
        Reducer 55 <- Reducer 54 (CUSTOM_SIMPLE_EDGE)
        Reducer 57 <- Map 56 (SIMPLE_EDGE), Union 53 (CONTAINS)
        Reducer 59 <- Map 58 (SIMPLE_EDGE), Union 53 (CONTAINS)
        Reducer 6 <- Reducer 5 (SIMPLE_EDGE)
      DagName: query14_b.sql
      Vertices:
        Map 1 
            Map Operator Tree:
                TableScan
                  alias: store_sales
                  filterExpr: ss_sold_date_sk is not null (type: boolean)
                  Statistics: Num rows: 275035746821 Data size: 3287177240756 Basic stats: COMPLETE Column stats: COMPLETE
                  Select Operator
                    expressions: ss_quantity (type: int), ss_sold_date_sk (type: bigint)
                    outputColumnNames: _col0, _col2
                    Statistics: Num rows: 275035746821 Data size: 3287177240756 Basic stats: COMPLETE Column stats: COMPLETE
                    Map Join Operator
                      condition map:
                           Inner Join 0 to 1
                      keys:
                        0 _col2 (type: bigint)
                        1 _col0 (type: bigint)
                      outputColumnNames: _col0
                      input vertices:
                        1 Map 7
                      Statistics: Num rows: 30557435444 Data size: 122229741776 Basic stats: COMPLETE Column stats: COMPLETE
                      Select Operator
                        expressions: _col0 (type: int)
                        outputColumnNames: _col0
                        Statistics: Num rows: 54479375636 Data size: 217917502544 Basic stats: COMPLETE Column stats: COMPLETE
                        Group By Operator
                          aggregations: count(_col0)
                          mode: hash
                          outputColumnNames: _col0
                          Statistics: Num rows: 1 Data size: 8 Basic stats: COMPLETE Column stats: COMPLETE
                          Reduce Output Operator
                            sort order: 
                            Statistics: Num rows: 1 Data size: 8 Basic stats: COMPLETE Column stats: COMPLETE
                            value expressions: _col0 (type: bigint)
            Execution mode: vectorized, llap
            LLAP IO: all inputs
        Map 10 
            Map Operator Tree:
                TableScan
                  alias: web_sales
                  filterExpr: ws_sold_date_sk is not null (type: boolean)
                  Statistics: Num rows: 71959659800 Data size: 863497865336 Basic stats: COMPLETE Column stats: COMPLETE
                  Select Operator
                    expressions: ws_quantity (type: int), ws_sold_date_sk (type: bigint)
                    outputColumnNames: _col0, _col2
                    Statistics: Num rows: 71959659800 Data size: 863497865336 Basic stats: COMPLETE Column stats: COMPLETE
                    Map Join Operator
                      condition map:
                           Inner Join 0 to 1
                      keys:
                        0 _col2 (type: bigint)
                        1 _col0 (type: bigint)
                      outputColumnNames: _col0
                      input vertices:
                        1 Map 11
                      Statistics: Num rows: 7994970415 Data size: 31979881660 Basic stats: COMPLETE Column stats: COMPLETE
                      Select Operator
                        expressions: _col0 (type: int)
                        outputColumnNames: _col0
                        Statistics: Num rows: 54479375636 Data size: 217917502544 Basic stats: COMPLETE Column stats: COMPLETE
                        Group By Operator
                          aggregations: count(_col0)
                          mode: hash
                          outputColumnNames: _col0
                          Statistics: Num rows: 1 Data size: 8 Basic stats: COMPLETE Column stats: COMPLETE
                          Reduce Output Operator
                            sort order: 
                            Statistics: Num rows: 1 Data size: 8 Basic stats: COMPLETE Column stats: COMPLETE
                            value expressions: _col0 (type: bigint)
            Execution mode: vectorized, llap
            LLAP IO: all inputs
        Map 11 
            Map Operator Tree:
                TableScan
                  alias: date_dim
                  filterExpr: (d_year BETWEEN 1998 AND 2000 and d_date_sk is not null) (type: boolean)
                  Statistics: Num rows: 73049 Data size: 876588 Basic stats: COMPLETE Column stats: COMPLETE
                  Filter Operator
                    predicate: (d_year BETWEEN 1998 AND 2000 and d_date_sk is not null) (type: boolean)
                    Statistics: Num rows: 8116 Data size: 97392 Basic stats: COMPLETE Column stats: COMPLETE
                    Select Operator
                      expressions: d_date_sk (type: bigint)
                      outputColumnNames: _col0
                      Statistics: Num rows: 8116 Data size: 97392 Basic stats: COMPLETE Column stats: COMPLETE
                      Reduce Output Operator
                        key expressions: _col0 (type: bigint)
                        sort order: +
                        Map-reduce partition columns: _col0 (type: bigint)
                        Statistics: Num rows: 8116 Data size: 97392 Basic stats: COMPLETE Column stats: COMPLETE
                      Select Operator
                        expressions: _col0 (type: bigint)
                        outputColumnNames: _col0
                        Statistics: Num rows: 8116 Data size: 97392 Basic stats: COMPLETE Column stats: COMPLETE
                        Group By Operator
                          keys: _col0 (type: bigint)
                          mode: hash
                          outputColumnNames: _col0
                          Statistics: Num rows: 4058 Data size: 48696 Basic stats: COMPLETE Column stats: COMPLETE
                          Dynamic Partitioning Event Operator
                            Target column: ws_sold_date_sk (bigint)
                            Target Input: web_sales
                            Partition key expr: ws_sold_date_sk
                            Statistics: Num rows: 4058 Data size: 48696 Basic stats: COMPLETE Column stats: COMPLETE
                            Target Vertex: Map 10
                  Filter Operator
                    predicate: (d_year BETWEEN 1998 AND 2000 and d_date_sk is not null) (type: boolean)
                    Statistics: Num rows: 8116 Data size: 97392 Basic stats: COMPLETE Column stats: COMPLETE
                    Select Operator
                      expressions: d_date_sk (type: bigint)
                      outputColumnNames: _col0
                      Statistics: Num rows: 8116 Data size: 97392 Basic stats: COMPLETE Column stats: COMPLETE
                      Reduce Output Operator
                        key expressions: _col0 (type: bigint)
                        sort order: +
                        Map-reduce partition columns: _col0 (type: bigint)
                        Statistics: Num rows: 8116 Data size: 97392 Basic stats: COMPLETE Column stats: COMPLETE
                      Select Operator
                        expressions: _col0 (type: bigint)
                        outputColumnNames: _col0
                        Statistics: Num rows: 8116 Data size: 97392 Basic stats: COMPLETE Column stats: COMPLETE
                        Group By Operator
                          keys: _col0 (type: bigint)
                          mode: hash
                          outputColumnNames: _col0
                          Statistics: Num rows: 4058 Data size: 48696 Basic stats: COMPLETE Column stats: COMPLETE
                          Dynamic Partitioning Event Operator
                            Target column: ws_sold_date_sk (bigint)
                            Target Input: web_sales
                            Partition key expr: ws_sold_date_sk
                            Statistics: Num rows: 4058 Data size: 48696 Basic stats: COMPLETE Column stats: COMPLETE
                            Target Vertex: Map 16
                  Filter Operator
                    predicate: (d_year BETWEEN 1998 AND 2000 and d_date_sk is not null) (type: boolean)
                    Statistics: Num rows: 8116 Data size: 97392 Basic stats: COMPLETE Column stats: COMPLETE
                    Select Operator
                      expressions: d_date_sk (type: bigint)
                      outputColumnNames: _col0
                      Statistics: Num rows: 8116 Data size: 97392 Basic stats: COMPLETE Column stats: COMPLETE
                      Reduce Output Operator
                        key expressions: _col0 (type: bigint)
                        sort order: +
                        Map-reduce partition columns: _col0 (type: bigint)
                        Statistics: Num rows: 8116 Data size: 97392 Basic stats: COMPLETE Column stats: COMPLETE
                      Select Operator
                        expressions: _col0 (type: bigint)
                        outputColumnNames: _col0
                        Statistics: Num rows: 8116 Data size: 97392 Basic stats: COMPLETE Column stats: COMPLETE
                        Group By Operator
                          keys: _col0 (type: bigint)
                          mode: hash
                          outputColumnNames: _col0
                          Statistics: Num rows: 4058 Data size: 48696 Basic stats: COMPLETE Column stats: COMPLETE
                          Dynamic Partitioning Event Operator
                            Target column: ws_sold_date_sk (bigint)
                            Target Input: web_sales
                            Partition key expr: ws_sold_date_sk
                            Statistics: Num rows: 4058 Data size: 48696 Basic stats: COMPLETE Column stats: COMPLETE
                            Target Vertex: Map 43
                  Filter Operator
                    predicate: (d_year BETWEEN 1998 AND 2000 and d_date_sk is not null) (type: boolean)
                    Statistics: Num rows: 8116 Data size: 97392 Basic stats: COMPLETE Column stats: COMPLETE
                    Select Operator
                      expressions: d_date_sk (type: bigint)
                      outputColumnNames: _col0
                      Statistics: Num rows: 8116 Data size: 97392 Basic stats: COMPLETE Column stats: COMPLETE
                      Reduce Output Operator
                        key expressions: _col0 (type: bigint)
                        sort order: +
                        Map-reduce partition columns: _col0 (type: bigint)
                        Statistics: Num rows: 8116 Data size: 97392 Basic stats: COMPLETE Column stats: COMPLETE
                      Select Operator
                        expressions: _col0 (type: bigint)
                        outputColumnNames: _col0
                        Statistics: Num rows: 8116 Data size: 97392 Basic stats: COMPLETE Column stats: COMPLETE
                        Group By Operator
                          keys: _col0 (type: bigint)
                          mode: hash
                          outputColumnNames: _col0
                          Statistics: Num rows: 4058 Data size: 48696 Basic stats: COMPLETE Column stats: COMPLETE
                          Dynamic Partitioning Event Operator
                            Target column: ws_sold_date_sk (bigint)
                            Target Input: web_sales
                            Partition key expr: ws_sold_date_sk
                            Statistics: Num rows: 4058 Data size: 48696 Basic stats: COMPLETE Column stats: COMPLETE
                            Target Vertex: Map 48
            Execution mode: vectorized, llap
            LLAP IO: all inputs
        Map 12 
            Map Operator Tree:
                TableScan
                  alias: store_sales
                  filterExpr: ss_sold_date_sk is not null (type: boolean)
                  Statistics: Num rows: 275035746821 Data size: 5461010520492 Basic stats: COMPLETE Column stats: COMPLETE
                  Select Operator
                    expressions: ss_quantity (type: int), ss_list_price (type: double), ss_sold_date_sk (type: bigint)
                    outputColumnNames: _col0, _col1, _col2
                    Statistics: Num rows: 275035746821 Data size: 5461010520492 Basic stats: COMPLETE Column stats: COMPLETE
                    Map Join Operator
                      condition map:
                           Inner Join 0 to 1
                      keys:
                        0 _col2 (type: bigint)
                        1 _col0 (type: bigint)
                      outputColumnNames: _col0, _col1
                      input vertices:
                        1 Map 7
                      Statistics: Num rows: 30557435444 Data size: 366689225328 Basic stats: COMPLETE Column stats: COMPLETE
                      Select Operator
                        expressions: (UDFToDouble(_col0) * _col1) (type: double)
                        outputColumnNames: _col0
                        Statistics: Num rows: 54479375636 Data size: 653752507632 Basic stats: COMPLETE Column stats: COMPLETE
                        Group By Operator
                          aggregations: avg(_col0)
                          mode: hash
                          outputColumnNames: _col0
                          Statistics: Num rows: 1 Data size: 80 Basic stats: COMPLETE Column stats: COMPLETE
                          Reduce Output Operator
                            sort order: 
                            Statistics: Num rows: 1 Data size: 80 Basic stats: COMPLETE Column stats: COMPLETE
                            value expressions: _col0 (type: struct<count:bigint,sum:double,input:double>)
            Execution mode: vectorized, llap
            LLAP IO: all inputs
        Map 15 
            Map Operator Tree:
                TableScan
                  alias: catalog_sales
                  filterExpr: cs_sold_date_sk is not null (type: boolean)
                  Statistics: Num rows: 143352541321 Data size: 2864870429520 Basic stats: COMPLETE Column stats: COMPLETE
                  Select Operator
                    expressions: cs_quantity (type: int), cs_list_price (type: double), cs_sold_date_sk (type: bigint)
                    outputColumnNames: _col0, _col1, _col2
                    Statistics: Num rows: 143352541321 Data size: 2864870429520 Basic stats: COMPLETE Column stats: COMPLETE
                    Map Join Operator
                      condition map:
                           Inner Join 0 to 1
                      keys:
                        0 _col2 (type: bigint)
                        1 _col0 (type: bigint)
                      outputColumnNames: _col0, _col1
                      input vertices:
                        1 Map 9
                      Statistics: Num rows: 15926969777 Data size: 191123637324 Basic stats: COMPLETE Column stats: COMPLETE
                      Select Operator
                        expressions: (UDFToDouble(_col0) * _col1) (type: double)
                        outputColumnNames: _col0
                        Statistics: Num rows: 54479375636 Data size: 653752507632 Basic stats: COMPLETE Column stats: COMPLETE
                        Group By Operator
                          aggregations: avg(_col0)
                          mode: hash
                          outputColumnNames: _col0
                          Statistics: Num rows: 1 Data size: 80 Basic stats: COMPLETE Column stats: COMPLETE
                          Reduce Output Operator
                            sort order: 
                            Statistics: Num rows: 1 Data size: 80 Basic stats: COMPLETE Column stats: COMPLETE
                            value expressions: _col0 (type: struct<count:bigint,sum:double,input:double>)
            Execution mode: vectorized, llap
            LLAP IO: all inputs
        Map 16 
            Map Operator Tree:
                TableScan
                  alias: web_sales
                  filterExpr: ws_sold_date_sk is not null (type: boolean)
                  Statistics: Num rows: 71959659800 Data size: 1439138946080 Basic stats: COMPLETE Column stats: COMPLETE
                  Select Operator
                    expressions: ws_quantity (type: int), ws_list_price (type: double), ws_sold_date_sk (type: bigint)
                    outputColumnNames: _col0, _col1, _col2
                    Statistics: Num rows: 71959659800 Data size: 1439138946080 Basic stats: COMPLETE Column stats: COMPLETE
                    Map Join Operator
                      condition map:
                           Inner Join 0 to 1
                      keys:
                        0 _col2 (type: bigint)
                        1 _col0 (type: bigint)
                      outputColumnNames: _col0, _col1
                      input vertices:
                        1 Map 11
                      Statistics: Num rows: 7994970415 Data size: 95939644980 Basic stats: COMPLETE Column stats: COMPLETE
                      Select Operator
                        expressions: (UDFToDouble(_col0) * _col1) (type: double)
                        outputColumnNames: _col0
                        Statistics: Num rows: 54479375636 Data size: 653752507632 Basic stats: COMPLETE Column stats: COMPLETE
                        Group By Operator
                          aggregations: avg(_col0)
                          mode: hash
                          outputColumnNames: _col0
                          Statistics: Num rows: 1 Data size: 80 Basic stats: COMPLETE Column stats: COMPLETE
                          Reduce Output Operator
                            sort order: 
                            Statistics: Num rows: 1 Data size: 80 Basic stats: COMPLETE Column stats: COMPLETE
                            value expressions: _col0 (type: struct<count:bigint,sum:double,input:double>)
            Execution mode: vectorized, llap
            LLAP IO: all inputs
        Map 17 
            Map Operator Tree:
                TableScan
                  alias: date_dim
                  filterExpr: (d_date_sk is not null and d_week_seq is not null) (type: boolean)
                  Statistics: Num rows: 73049 Data size: 876588 Basic stats: COMPLETE Column stats: COMPLETE
                  Filter Operator
                    predicate: (d_date_sk is not null and d_week_seq is not null) (type: boolean)
                    Statistics: Num rows: 73049 Data size: 876588 Basic stats: COMPLETE Column stats: COMPLETE
                    Select Operator
                      expressions: d_date_sk (type: bigint), d_week_seq (type: int)
                      outputColumnNames: _col0, _col1
                      Statistics: Num rows: 73049 Data size: 876588 Basic stats: COMPLETE Column stats: COMPLETE
                      Map Join Operator
                        condition map:
                             Inner Join 0 to 1
                        keys:
                          0 _col1 (type: int)
                          1 _col0 (type: int)
                        outputColumnNames: _col0
                        input vertices:
                          1 Map 18
                        Statistics: Num rows: 3621 Data size: 28968 Basic stats: COMPLETE Column stats: COMPLETE
                        Reduce Output Operator
                          key expressions: _col0 (type: bigint)
                          sort order: +
                          Map-reduce partition columns: _col0 (type: bigint)
                          Statistics: Num rows: 3621 Data size: 28968 Basic stats: COMPLETE Column stats: COMPLETE
                        Select Operator
                          expressions: _col0 (type: bigint)
                          outputColumnNames: _col0
                          Statistics: Num rows: 3621 Data size: 28968 Basic stats: COMPLETE Column stats: COMPLETE
                          Group By Operator
                            keys: _col0 (type: bigint)
                            mode: hash
                            outputColumnNames: _col0
                            Statistics: Num rows: 1810 Data size: 14480 Basic stats: COMPLETE Column stats: COMPLETE
                            Dynamic Partitioning Event Operator
                              Target column: ss_sold_date_sk (bigint)
                              Target Input: store_sales
                              Partition key expr: ss_sold_date_sk
                              Statistics: Num rows: 1810 Data size: 14480 Basic stats: COMPLETE Column stats: COMPLETE
                              Target Vertex: Map 19
                  Filter Operator
                    predicate: (d_date_sk is not null and d_week_seq is not null) (type: boolean)
                    Statistics: Num rows: 73049 Data size: 876588 Basic stats: COMPLETE Column stats: COMPLETE
                    Select Operator
                      expressions: d_date_sk (type: bigint), d_week_seq (type: int)
                      outputColumnNames: _col0, _col1
                      Statistics: Num rows: 73049 Data size: 876588 Basic stats: COMPLETE Column stats: COMPLETE
                      Map Join Operator
                        condition map:
                             Inner Join 0 to 1
                        keys:
                          0 _col1 (type: int)
                          1 _col0 (type: int)
                        outputColumnNames: _col0
                        input vertices:
                          1 Map 49
                        Statistics: Num rows: 3621 Data size: 28968 Basic stats: COMPLETE Column stats: COMPLETE
                        Reduce Output Operator
                          key expressions: _col0 (type: bigint)
                          sort order: +
                          Map-reduce partition columns: _col0 (type: bigint)
                          Statistics: Num rows: 3621 Data size: 28968 Basic stats: COMPLETE Column stats: COMPLETE
                        Select Operator
                          expressions: _col0 (type: bigint)
                          outputColumnNames: _col0
                          Statistics: Num rows: 3621 Data size: 28968 Basic stats: COMPLETE Column stats: COMPLETE
                          Group By Operator
                            keys: _col0 (type: bigint)
                            mode: hash
                            outputColumnNames: _col0
                            Statistics: Num rows: 1810 Data size: 14480 Basic stats: COMPLETE Column stats: COMPLETE
                            Dynamic Partitioning Event Operator
                              Target column: ss_sold_date_sk (bigint)
                              Target Input: store_sales
                              Partition key expr: ss_sold_date_sk
                              Statistics: Num rows: 1810 Data size: 14480 Basic stats: COMPLETE Column stats: COMPLETE
                              Target Vertex: Map 50
            Execution mode: vectorized, llap
            LLAP IO: all inputs
        Map 18 
            Map Operator Tree:
                TableScan
                  alias: date_dim
                  filterExpr: ((d_year = 1999) and (d_moy = 12) and (d_dom = 16) and d_week_seq is not null) (type: boolean)
                  Statistics: Num rows: 73049 Data size: 1168784 Basic stats: COMPLETE Column stats: COMPLETE
                  Filter Operator
                    predicate: ((d_year = 1999) and (d_moy = 12) and (d_dom = 16) and d_week_seq is not null) (type: boolean)
                    Statistics: Num rows: 652 Data size: 10432 Basic stats: COMPLETE Column stats: COMPLETE
                    Select Operator
                      expressions: d_week_seq (type: int)
                      outputColumnNames: _col0
                      Statistics: Num rows: 652 Data size: 2608 Basic stats: COMPLETE Column stats: COMPLETE
                      Reduce Output Operator
                        key expressions: _col0 (type: int)
                        sort order: +
                        Map-reduce partition columns: _col0 (type: int)
                        Statistics: Num rows: 652 Data size: 2608 Basic stats: COMPLETE Column stats: COMPLETE
            Execution mode: vectorized, llap
            LLAP IO: all inputs
        Map 19 
            Map Operator Tree:
                TableScan
                  alias: store_sales
                  filterExpr: (ss_item_sk is not null and (ss_item_sk BETWEEN DynamicValue(RS_197_item_i_item_sk_min) AND DynamicValue(RS_197_item_i_item_sk_max) and in_bloom_filter(ss_item_sk, DynamicValue(RS_197_item_i_item_sk_bloom_filter)))) (type: boolean)
                  Statistics: Num rows: 275035746821 Data size: 7661296495060 Basic stats: COMPLETE Column stats: COMPLETE
                  Filter Operator
                    predicate: (ss_item_sk is not null and (ss_item_sk BETWEEN DynamicValue(RS_197_item_i_item_sk_min) AND DynamicValue(RS_197_item_i_item_sk_max) and in_bloom_filter(ss_item_sk, DynamicValue(RS_197_item_i_item_sk_bloom_filter)))) (type: boolean)
                    Statistics: Num rows: 275035746821 Data size: 7661296495060 Basic stats: COMPLETE Column stats: COMPLETE
                    Select Operator
                      expressions: ss_item_sk (type: bigint), ss_quantity (type: int), ss_list_price (type: double), ss_sold_date_sk (type: bigint)
                      outputColumnNames: _col0, _col1, _col2, _col3
                      Statistics: Num rows: 275035746821 Data size: 7661296495060 Basic stats: COMPLETE Column stats: COMPLETE
                      Map Join Operator
                        condition map:
                             Inner Join 0 to 1
                        keys:
                          0 _col0 (type: bigint)
                          1 _col3 (type: bigint)
                        outputColumnNames: _col3, _col4, _col5
                        input vertices:
                          0 Map 17
                        Statistics: Num rows: 98204190491 Data size: 1964083809820 Basic stats: COMPLETE Column stats: COMPLETE
                        Map Join Operator
                          condition map:
                               Inner Join 0 to 1
                          keys:
                            0 _col3 (type: bigint)
                            1 _col0 (type: bigint)
                          outputColumnNames: _col3, _col4, _col5, _col8, _col9, _col10
                          input vertices:
                            1 Map 22
                          Statistics: Num rows: 97485266870 Data size: 3119528539840 Basic stats: COMPLETE Column stats: COMPLETE
                          Reduce Output Operator
                            sort order: 
                            Statistics: Num rows: 97485266870 Data size: 3119528539840 Basic stats: COMPLETE Column stats: COMPLETE
                            value expressions: _col3 (type: bigint), _col4 (type: int), _col5 (type: double), _col8 (type: int), _col9 (type: int), _col10 (type: int)
            Execution mode: vectorized, llap
            LLAP IO: all inputs
        Map 22 
            Map Operator Tree:
                TableScan
                  alias: item
                  filterExpr: ((i_item_sk is not null and i_brand_id is not null and i_class_id is not null and i_category_id is not null) or (i_brand_id is not null and i_class_id is not null and i_category_id is not null and i_item_sk is not null) or (i_item_sk is not null and i_brand_id is not null and i_class_id is not null and i_category_id is not null) or (i_item_sk is not null and i_brand_id is not null and i_class_id is not null and i_category_id is not null) or (i_item_sk is not null and i_brand_id is not null and i_class_id is not null and i_category_id is not null)) (type: boolean)
                  Statistics: Num rows: 502000 Data size: 10025276 Basic stats: COMPLETE Column stats: COMPLETE
                  Filter Operator
                    predicate: (i_item_sk is not null and i_brand_id is not null and i_class_id is not null and i_category_id is not null) (type: boolean)
                    Statistics: Num rows: 498325 Data size: 9951884 Basic stats: COMPLETE Column stats: COMPLETE
                    Select Operator
                      expressions: i_item_sk (type: bigint), i_brand_id (type: int), i_class_id (type: int), i_category_id (type: int)
                      outputColumnNames: _col0, _col1, _col2, _col3
                      Statistics: Num rows: 498325 Data size: 9951884 Basic stats: COMPLETE Column stats: COMPLETE
                      Reduce Output Operator
                        key expressions: _col0 (type: bigint)
                        sort order: +
                        Map-reduce partition columns: _col0 (type: bigint)
                        Statistics: Num rows: 498325 Data size: 9951884 Basic stats: COMPLETE Column stats: COMPLETE
                        value expressions: _col1 (type: int), _col2 (type: int), _col3 (type: int)
                  Filter Operator
                    predicate: (i_brand_id is not null and i_class_id is not null and i_category_id is not null and i_item_sk is not null) (type: boolean)
                    Statistics: Num rows: 498325 Data size: 9951884 Basic stats: COMPLETE Column stats: COMPLETE
                    Select Operator
                      expressions: i_item_sk (type: bigint), i_brand_id (type: int), i_class_id (type: int), i_category_id (type: int)
                      outputColumnNames: _col0, _col1, _col2, _col3
                      Statistics: Num rows: 498325 Data size: 9951884 Basic stats: COMPLETE Column stats: COMPLETE
                      Reduce Output Operator
                        key expressions: _col1 (type: int), _col2 (type: int), _col3 (type: int)
                        sort order: +++
                        Map-reduce partition columns: _col1 (type: int), _col2 (type: int), _col3 (type: int)
                        Statistics: Num rows: 498325 Data size: 9951884 Basic stats: COMPLETE Column stats: COMPLETE
                        value expressions: _col0 (type: bigint)
                  Filter Operator
                    predicate: (i_item_sk is not null and i_brand_id is not null and i_class_id is not null and i_category_id is not null) (type: boolean)
                    Statistics: Num rows: 498325 Data size: 9951884 Basic stats: COMPLETE Column stats: COMPLETE
                    Select Operator
                      expressions: i_item_sk (type: bigint), i_brand_id (type: int), i_class_id (type: int), i_category_id (type: int)
                      outputColumnNames: _col0, _col1, _col2, _col3
                      Statistics: Num rows: 498325 Data size: 9951884 Basic stats: COMPLETE Column stats: COMPLETE
                      Reduce Output Operator
                        key expressions: _col0 (type: bigint)
                        sort order: +
                        Map-reduce partition columns: _col0 (type: bigint)
                        Statistics: Num rows: 498325 Data size: 9951884 Basic stats: COMPLETE Column stats: COMPLETE
                        value expressions: _col1 (type: int), _col2 (type: int), _col3 (type: int)
                  Filter Operator
                    predicate: (i_item_sk is not null and i_brand_id is not null and i_class_id is not null and i_category_id is not null) (type: boolean)
                    Statistics: Num rows: 498325 Data size: 9951884 Basic stats: COMPLETE Column stats: COMPLETE
                    Select Operator
                      expressions: i_item_sk (type: bigint), i_brand_id (type: int), i_class_id (type: int), i_category_id (type: int)
                      outputColumnNames: _col0, _col1, _col2, _col3
                      Statistics: Num rows: 498325 Data size: 9951884 Basic stats: COMPLETE Column stats: COMPLETE
                      Reduce Output Operator
                        key expressions: _col0 (type: bigint)
                        sort order: +
                        Map-reduce partition columns: _col0 (type: bigint)
                        Statistics: Num rows: 498325 Data size: 9951884 Basic stats: COMPLETE Column stats: COMPLETE
                        value expressions: _col1 (type: int), _col2 (type: int), _col3 (type: int)
                  Filter Operator
                    predicate: (i_item_sk is not null and i_brand_id is not null and i_class_id is not null and i_category_id is not null) (type: boolean)
                    Statistics: Num rows: 498325 Data size: 9951884 Basic stats: COMPLETE Column stats: COMPLETE
                    Select Operator
                      expressions: i_item_sk (type: bigint), i_brand_id (type: int), i_class_id (type: int), i_category_id (type: int)
                      outputColumnNames: _col0, _col1, _col2, _col3
                      Statistics: Num rows: 498325 Data size: 9951884 Basic stats: COMPLETE Column stats: COMPLETE
                      Reduce Output Operator
                        key expressions: _col0 (type: bigint)
                        sort order: +
                        Map-reduce partition columns: _col0 (type: bigint)
                        Statistics: Num rows: 498325 Data size: 9951884 Basic stats: COMPLETE Column stats: COMPLETE
                        value expressions: _col1 (type: int), _col2 (type: int), _col3 (type: int)
                  Filter Operator
                    predicate: (i_item_sk is not null and i_brand_id is not null and i_class_id is not null and i_category_id is not null) (type: boolean)
                    Statistics: Num rows: 498325 Data size: 9951884 Basic stats: COMPLETE Column stats: COMPLETE
                    Select Operator
                      expressions: i_item_sk (type: bigint), i_brand_id (type: int), i_class_id (type: int), i_category_id (type: int)
                      outputColumnNames: _col0, _col1, _col2, _col3
                      Statistics: Num rows: 498325 Data size: 9951884 Basic stats: COMPLETE Column stats: COMPLETE
                      Reduce Output Operator
                        key expressions: _col0 (type: bigint)
                        sort order: +
                        Map-reduce partition columns: _col0 (type: bigint)
                        Statistics: Num rows: 498325 Data size: 9951884 Basic stats: COMPLETE Column stats: COMPLETE
                        value expressions: _col1 (type: int), _col2 (type: int), _col3 (type: int)
                  Filter Operator
                    predicate: (i_brand_id is not null and i_class_id is not null and i_category_id is not null and i_item_sk is not null) (type: boolean)
                    Statistics: Num rows: 498325 Data size: 9951884 Basic stats: COMPLETE Column stats: COMPLETE
                    Select Operator
                      expressions: i_item_sk (type: bigint), i_brand_id (type: int), i_class_id (type: int), i_category_id (type: int)
                      outputColumnNames: _col0, _col1, _col2, _col3
                      Statistics: Num rows: 498325 Data size: 9951884 Basic stats: COMPLETE Column stats: COMPLETE
                      Reduce Output Operator
                        key expressions: _col1 (type: int), _col2 (type: int), _col3 (type: int)
                        sort order: +++
                        Map-reduce partition columns: _col1 (type: int), _col2 (type: int), _col3 (type: int)
                        Statistics: Num rows: 498325 Data size: 9951884 Basic stats: COMPLETE Column stats: COMPLETE
                        value expressions: _col0 (type: bigint)
                  Filter Operator
                    predicate: (i_item_sk is not null and i_brand_id is not null and i_class_id is not null and i_category_id is not null) (type: boolean)
                    Statistics: Num rows: 498325 Data size: 9951884 Basic stats: COMPLETE Column stats: COMPLETE
                    Select Operator
                      expressions: i_item_sk (type: bigint), i_brand_id (type: int), i_class_id (type: int), i_category_id (type: int)
                      outputColumnNames: _col0, _col1, _col2, _col3
                      Statistics: Num rows: 498325 Data size: 9951884 Basic stats: COMPLETE Column stats: COMPLETE
                      Reduce Output Operator
                        key expressions: _col0 (type: bigint)
                        sort order: +
                        Map-reduce partition columns: _col0 (type: bigint)
                        Statistics: Num rows: 498325 Data size: 9951884 Basic stats: COMPLETE Column stats: COMPLETE
                        value expressions: _col1 (type: int), _col2 (type: int), _col3 (type: int)
                  Filter Operator
                    predicate: (i_item_sk is not null and i_brand_id is not null and i_class_id is not null and i_category_id is not null) (type: boolean)
                    Statistics: Num rows: 498325 Data size: 9951884 Basic stats: COMPLETE Column stats: COMPLETE
                    Select Operator
                      expressions: i_item_sk (type: bigint), i_brand_id (type: int), i_class_id (type: int), i_category_id (type: int)
                      outputColumnNames: _col0, _col1, _col2, _col3
                      Statistics: Num rows: 498325 Data size: 9951884 Basic stats: COMPLETE Column stats: COMPLETE
                      Reduce Output Operator
                        key expressions: _col0 (type: bigint)
                        sort order: +
                        Map-reduce partition columns: _col0 (type: bigint)
                        Statistics: Num rows: 498325 Data size: 9951884 Basic stats: COMPLETE Column stats: COMPLETE
                        value expressions: _col1 (type: int), _col2 (type: int), _col3 (type: int)
                  Filter Operator
                    predicate: (i_item_sk is not null and i_brand_id is not null and i_class_id is not null and i_category_id is not null) (type: boolean)
                    Statistics: Num rows: 498325 Data size: 9951884 Basic stats: COMPLETE Column stats: COMPLETE
                    Select Operator
                      expressions: i_item_sk (type: bigint), i_brand_id (type: int), i_class_id (type: int), i_category_id (type: int)
                      outputColumnNames: _col0, _col1, _col2, _col3
                      Statistics: Num rows: 498325 Data size: 9951884 Basic stats: COMPLETE Column stats: COMPLETE
                      Reduce Output Operator
                        key expressions: _col0 (type: bigint)
                        sort order: +
                        Map-reduce partition columns: _col0 (type: bigint)
                        Statistics: Num rows: 498325 Data size: 9951884 Basic stats: COMPLETE Column stats: COMPLETE
                        value expressions: _col1 (type: int), _col2 (type: int), _col3 (type: int)
            Execution mode: vectorized, llap
            LLAP IO: all inputs
        Map 23 
            Map Operator Tree:
                TableScan
                  alias: date_dim
                  filterExpr: (((d_year = 1999) and (d_moy = 12) and (d_dom = 16)) or ((d_year = 1998) and (d_moy = 12) and (d_dom = 16))) (type: boolean)
                  Statistics: Num rows: 73049 Data size: 876588 Basic stats: COMPLETE Column stats: COMPLETE
                  Filter Operator
                    predicate: ((d_year = 1999) and (d_moy = 12) and (d_dom = 16)) (type: boolean)
                    Statistics: Num rows: 652 Data size: 7824 Basic stats: COMPLETE Column stats: COMPLETE
                    Select Operator
                      Statistics: Num rows: 652 Data size: 7824 Basic stats: COMPLETE Column stats: COMPLETE
                      Group By Operator
                        aggregations: count()
                        mode: hash
                        outputColumnNames: _col0
                        Statistics: Num rows: 1 Data size: 8 Basic stats: COMPLETE Column stats: COMPLETE
                        Reduce Output Operator
                          sort order: 
                          Statistics: Num rows: 1 Data size: 8 Basic stats: COMPLETE Column stats: COMPLETE
                          value expressions: _col0 (type: bigint)
                  Filter Operator
                    predicate: ((d_year = 1998) and (d_moy = 12) and (d_dom = 16)) (type: boolean)
                    Statistics: Num rows: 652 Data size: 7824 Basic stats: COMPLETE Column stats: COMPLETE
                    Select Operator
                      Statistics: Num rows: 652 Data size: 7824 Basic stats: COMPLETE Column stats: COMPLETE
                      Group By Operator
                        aggregations: count()
                        mode: hash
                        outputColumnNames: _col0
                        Statistics: Num rows: 1 Data size: 8 Basic stats: COMPLETE Column stats: COMPLETE
                        Reduce Output Operator
                          sort order: 
                          Statistics: Num rows: 1 Data size: 8 Basic stats: COMPLETE Column stats: COMPLETE
                          value expressions: _col0 (type: bigint)
            Execution mode: vectorized, llap
            LLAP IO: all inputs
        Map 29 
            Map Operator Tree:
                TableScan
                  alias: store_sales
                  filterExpr: ss_item_sk is not null (type: boolean)
                  Statistics: Num rows: 275035746821 Data size: 4400571949136 Basic stats: COMPLETE Column stats: COMPLETE
                  Filter Operator
                    predicate: ss_item_sk is not null (type: boolean)
                    Statistics: Num rows: 275035746821 Data size: 4400571949136 Basic stats: COMPLETE Column stats: COMPLETE
                    Select Operator
                      expressions: ss_item_sk (type: bigint), ss_sold_date_sk (type: bigint)
                      outputColumnNames: _col0, _col1
                      Statistics: Num rows: 275035746821 Data size: 4400571949136 Basic stats: COMPLETE Column stats: COMPLETE
                      Map Join Operator
                        condition map:
                             Inner Join 0 to 1
                        keys:
                          0 _col1 (type: bigint)
                          1 _col0 (type: bigint)
                        outputColumnNames: _col0
                        input vertices:
                          1 Map 7
                        Statistics: Num rows: 30557435444 Data size: 244459483552 Basic stats: COMPLETE Column stats: COMPLETE
                        Map Join Operator
                          condition map:
                               Inner Join 0 to 1
                          keys:
                            0 _col0 (type: bigint)
                            1 _col0 (type: bigint)
                          outputColumnNames: _col5, _col6, _col7
                          input vertices:
                            1 Map 22
                          Statistics: Num rows: 30333733563 Data size: 364004802756 Basic stats: COMPLETE Column stats: COMPLETE
                          Select Operator
                            expressions: _col5 (type: int), _col6 (type: int), _col7 (type: int)
                            outputColumnNames: _col0, _col1, _col2
                            Statistics: Num rows: 30333733563 Data size: 364004802756 Basic stats: COMPLETE Column stats: COMPLETE
                            Group By Operator
                              aggregations: count(1)
                              keys: _col0 (type: int), _col1 (type: int), _col2 (type: int)
                              mode: hash
                              outputColumnNames: _col0, _col1, _col2, _col3
                              Statistics: Num rows: 563033625 Data size: 11260672500 Basic stats: COMPLETE Column stats: COMPLETE
                              Reduce Output Operator
                                key expressions: _col0 (type: int), _col1 (type: int), _col2 (type: int)
                                sort order: +++
                                Map-reduce partition columns: _col0 (type: int), _col1 (type: int), _col2 (type: int)
                                Statistics: Num rows: 563033625 Data size: 11260672500 Basic stats: COMPLETE Column stats: COMPLETE
                                value expressions: _col3 (type: bigint)
            Execution mode: vectorized, llap
            LLAP IO: all inputs
        Map 34 
            Map Operator Tree:
                TableScan
                  alias: catalog_sales
                  filterExpr: cs_item_sk is not null (type: boolean)
                  Statistics: Num rows: 143352541321 Data size: 2293640661136 Basic stats: COMPLETE Column stats: COMPLETE
                  Filter Operator
                    predicate: cs_item_sk is not null (type: boolean)
                    Statistics: Num rows: 143352541321 Data size: 2293640661136 Basic stats: COMPLETE Column stats: COMPLETE
                    Select Operator
                      expressions: cs_item_sk (type: bigint), cs_sold_date_sk (type: bigint)
                      outputColumnNames: _col0, _col1
                      Statistics: Num rows: 143352541321 Data size: 2293640661136 Basic stats: COMPLETE Column stats: COMPLETE
                      Map Join Operator
                        condition map:
                             Inner Join 0 to 1
                        keys:
                          0 _col1 (type: bigint)
                          1 _col0 (type: bigint)
                        outputColumnNames: _col0
                        input vertices:
                          1 Map 7
                        Statistics: Num rows: 15926969777 Data size: 127415758216 Basic stats: COMPLETE Column stats: COMPLETE
                        Map Join Operator
                          condition map:
                               Inner Join 0 to 1
                          keys:
                            0 _col0 (type: bigint)
                            1 _col0 (type: bigint)
                          outputColumnNames: _col5, _col6, _col7
                          input vertices:
                            1 Map 22
                          Statistics: Num rows: 15810373177 Data size: 189724478124 Basic stats: COMPLETE Column stats: COMPLETE
                          Select Operator
                            expressions: _col5 (type: int), _col6 (type: int), _col7 (type: int)
                            outputColumnNames: _col0, _col1, _col2
                            Statistics: Num rows: 15810373177 Data size: 189724478124 Basic stats: COMPLETE Column stats: COMPLETE
                            Group By Operator
                              aggregations: count(1)
                              keys: _col0 (type: int), _col1 (type: int), _col2 (type: int)
                              mode: hash
                              outputColumnNames: _col0, _col1, _col2, _col3
                              Statistics: Num rows: 293503980 Data size: 5870079600 Basic stats: COMPLETE Column stats: COMPLETE
                              Reduce Output Operator
                                key expressions: _col0 (type: int), _col1 (type: int), _col2 (type: int)
                                sort order: +++
                                Map-reduce partition columns: _col0 (type: int), _col1 (type: int), _col2 (type: int)
                                Statistics: Num rows: 293503980 Data size: 5870079600 Basic stats: COMPLETE Column stats: COMPLETE
                                value expressions: _col3 (type: bigint)
            Execution mode: vectorized, llap
            LLAP IO: all inputs
        Map 36 
            Map Operator Tree:
                TableScan
                  alias: web_sales
                  filterExpr: ws_item_sk is not null (type: boolean)
                  Statistics: Num rows: 71959659800 Data size: 1151354556800 Basic stats: COMPLETE Column stats: COMPLETE
                  Filter Operator
                    predicate: ws_item_sk is not null (type: boolean)
                    Statistics: Num rows: 71959659800 Data size: 1151354556800 Basic stats: COMPLETE Column stats: COMPLETE
                    Select Operator
                      expressions: ws_item_sk (type: bigint), ws_sold_date_sk (type: bigint)
                      outputColumnNames: _col0, _col1
                      Statistics: Num rows: 71959659800 Data size: 1151354556800 Basic stats: COMPLETE Column stats: COMPLETE
                      Map Join Operator
                        condition map:
                             Inner Join 0 to 1
                        keys:
                          0 _col1 (type: bigint)
                          1 _col0 (type: bigint)
                        outputColumnNames: _col0
                        input vertices:
                          1 Map 7
                        Statistics: Num rows: 7994970415 Data size: 63959763320 Basic stats: COMPLETE Column stats: COMPLETE
                        Map Join Operator
                          condition map:
                               Inner Join 0 to 1
                          keys:
                            0 _col0 (type: bigint)
                            1 _col0 (type: bigint)
                          outputColumnNames: _col5, _col6, _col7
                          input vertices:
                            1 Map 22
                          Statistics: Num rows: 7936441619 Data size: 95237299428 Basic stats: COMPLETE Column stats: COMPLETE
                          Select Operator
                            expressions: _col5 (type: int), _col6 (type: int), _col7 (type: int)
                            outputColumnNames: _col0, _col1, _col2
                            Statistics: Num rows: 7936441619 Data size: 95237299428 Basic stats: COMPLETE Column stats: COMPLETE
                            Group By Operator
                              aggregations: count(1)
                              keys: _col0 (type: int), _col1 (type: int), _col2 (type: int)
                              mode: hash
                              outputColumnNames: _col0, _col1, _col2, _col3
                              Statistics: Num rows: 147374700 Data size: 2947494000 Basic stats: COMPLETE Column stats: COMPLETE
                              Reduce Output Operator
                                key expressions: _col0 (type: int), _col1 (type: int), _col2 (type: int)
                                sort order: +++
                                Map-reduce partition columns: _col0 (type: int), _col1 (type: int), _col2 (type: int)
                                Statistics: Num rows: 147374700 Data size: 2947494000 Basic stats: COMPLETE Column stats: COMPLETE
                                value expressions: _col3 (type: bigint)
            Execution mode: vectorized, llap
            LLAP IO: all inputs
        Map 38 
            Map Operator Tree:
                TableScan
                  alias: store_sales
                  filterExpr: ss_sold_date_sk is not null (type: boolean)
                  Statistics: Num rows: 275035746821 Data size: 3287177240756 Basic stats: COMPLETE Column stats: COMPLETE
                  Select Operator
                    expressions: ss_quantity (type: int), ss_sold_date_sk (type: bigint)
                    outputColumnNames: _col0, _col2
                    Statistics: Num rows: 275035746821 Data size: 3287177240756 Basic stats: COMPLETE Column stats: COMPLETE
                    Map Join Operator
                      condition map:
                           Inner Join 0 to 1
                      keys:
                        0 _col2 (type: bigint)
                        1 _col0 (type: bigint)
                      outputColumnNames: _col0
                      input vertices:
                        1 Map 7
                      Statistics: Num rows: 30557435444 Data size: 122229741776 Basic stats: COMPLETE Column stats: COMPLETE
                      Select Operator
                        expressions: _col0 (type: int)
                        outputColumnNames: _col0
                        Statistics: Num rows: 54479375636 Data size: 217917502544 Basic stats: COMPLETE Column stats: COMPLETE
                        Group By Operator
                          aggregations: count(_col0)
                          mode: hash
                          outputColumnNames: _col0
                          Statistics: Num rows: 1 Data size: 8 Basic stats: COMPLETE Column stats: COMPLETE
                          Reduce Output Operator
                            sort order: 
                            Statistics: Num rows: 1 Data size: 8 Basic stats: COMPLETE Column stats: COMPLETE
                            value expressions: _col0 (type: bigint)
            Execution mode: vectorized, llap
            LLAP IO: all inputs
        Map 42 
            Map Operator Tree:
                TableScan
                  alias: catalog_sales
                  filterExpr: cs_sold_date_sk is not null (type: boolean)
                  Statistics: Num rows: 143352541321 Data size: 1719501183952 Basic stats: COMPLETE Column stats: COMPLETE
                  Select Operator
                    expressions: cs_quantity (type: int), cs_sold_date_sk (type: bigint)
                    outputColumnNames: _col0, _col2
                    Statistics: Num rows: 143352541321 Data size: 1719501183952 Basic stats: COMPLETE Column stats: COMPLETE
                    Map Join Operator
                      condition map:
                           Inner Join 0 to 1
                      keys:
                        0 _col2 (type: bigint)
                        1 _col0 (type: bigint)
                      outputColumnNames: _col0
                      input vertices:
                        1 Map 9
                      Statistics: Num rows: 15926969777 Data size: 63707879108 Basic stats: COMPLETE Column stats: COMPLETE
                      Select Operator
                        expressions: _col0 (type: int)
                        outputColumnNames: _col0
                        Statistics: Num rows: 54479375636 Data size: 217917502544 Basic stats: COMPLETE Column stats: COMPLETE
                        Group By Operator
                          aggregations: count(_col0)
                          mode: hash
                          outputColumnNames: _col0
                          Statistics: Num rows: 1 Data size: 8 Basic stats: COMPLETE Column stats: COMPLETE
                          Reduce Output Operator
                            sort order: 
                            Statistics: Num rows: 1 Data size: 8 Basic stats: COMPLETE Column stats: COMPLETE
                            value expressions: _col0 (type: bigint)
            Execution mode: vectorized, llap
            LLAP IO: all inputs
        Map 43 
            Map Operator Tree:
                TableScan
                  alias: web_sales
                  filterExpr: ws_sold_date_sk is not null (type: boolean)
                  Statistics: Num rows: 71959659800 Data size: 863497865336 Basic stats: COMPLETE Column stats: COMPLETE
                  Select Operator
                    expressions: ws_quantity (type: int), ws_sold_date_sk (type: bigint)
                    outputColumnNames: _col0, _col2
                    Statistics: Num rows: 71959659800 Data size: 863497865336 Basic stats: COMPLETE Column stats: COMPLETE
                    Map Join Operator
                      condition map:
                           Inner Join 0 to 1
                      keys:
                        0 _col2 (type: bigint)
                        1 _col0 (type: bigint)
                      outputColumnNames: _col0
                      input vertices:
                        1 Map 11
                      Statistics: Num rows: 7994970415 Data size: 31979881660 Basic stats: COMPLETE Column stats: COMPLETE
                      Select Operator
                        expressions: _col0 (type: int)
                        outputColumnNames: _col0
                        Statistics: Num rows: 54479375636 Data size: 217917502544 Basic stats: COMPLETE Column stats: COMPLETE
                        Group By Operator
                          aggregations: count(_col0)
                          mode: hash
                          outputColumnNames: _col0
                          Statistics: Num rows: 1 Data size: 8 Basic stats: COMPLETE Column stats: COMPLETE
                          Reduce Output Operator
                            sort order: 
                            Statistics: Num rows: 1 Data size: 8 Basic stats: COMPLETE Column stats: COMPLETE
                            value expressions: _col0 (type: bigint)
            Execution mode: vectorized, llap
            LLAP IO: all inputs
        Map 44 
            Map Operator Tree:
                TableScan
                  alias: store_sales
                  filterExpr: ss_sold_date_sk is not null (type: boolean)
                  Statistics: Num rows: 275035746821 Data size: 5461010520492 Basic stats: COMPLETE Column stats: COMPLETE
                  Select Operator
                    expressions: ss_quantity (type: int), ss_list_price (type: double), ss_sold_date_sk (type: bigint)
                    outputColumnNames: _col0, _col1, _col2
                    Statistics: Num rows: 275035746821 Data size: 5461010520492 Basic stats: COMPLETE Column stats: COMPLETE
                    Map Join Operator
                      condition map:
                           Inner Join 0 to 1
                      keys:
                        0 _col2 (type: bigint)
                        1 _col0 (type: bigint)
                      outputColumnNames: _col0, _col1
                      input vertices:
                        1 Map 7
                      Statistics: Num rows: 30557435444 Data size: 366689225328 Basic stats: COMPLETE Column stats: COMPLETE
                      Select Operator
                        expressions: (UDFToDouble(_col0) * _col1) (type: double)
                        outputColumnNames: _col0
                        Statistics: Num rows: 54479375636 Data size: 653752507632 Basic stats: COMPLETE Column stats: COMPLETE
                        Group By Operator
                          aggregations: avg(_col0)
                          mode: hash
                          outputColumnNames: _col0
                          Statistics: Num rows: 1 Data size: 80 Basic stats: COMPLETE Column stats: COMPLETE
                          Reduce Output Operator
                            sort order: 
                            Statistics: Num rows: 1 Data size: 80 Basic stats: COMPLETE Column stats: COMPLETE
                            value expressions: _col0 (type: struct<count:bigint,sum:double,input:double>)
            Execution mode: vectorized, llap
            LLAP IO: all inputs
        Map 47 
            Map Operator Tree:
                TableScan
                  alias: catalog_sales
                  filterExpr: cs_sold_date_sk is not null (type: boolean)
                  Statistics: Num rows: 143352541321 Data size: 2864870429520 Basic stats: COMPLETE Column stats: COMPLETE
                  Select Operator
                    expressions: cs_quantity (type: int), cs_list_price (type: double), cs_sold_date_sk (type: bigint)
                    outputColumnNames: _col0, _col1, _col2
                    Statistics: Num rows: 143352541321 Data size: 2864870429520 Basic stats: COMPLETE Column stats: COMPLETE
                    Map Join Operator
                      condition map:
                           Inner Join 0 to 1
                      keys:
                        0 _col2 (type: bigint)
                        1 _col0 (type: bigint)
                      outputColumnNames: _col0, _col1
                      input vertices:
                        1 Map 9
                      Statistics: Num rows: 15926969777 Data size: 191123637324 Basic stats: COMPLETE Column stats: COMPLETE
                      Select Operator
                        expressions: (UDFToDouble(_col0) * _col1) (type: double)
                        outputColumnNames: _col0
                        Statistics: Num rows: 54479375636 Data size: 653752507632 Basic stats: COMPLETE Column stats: COMPLETE
                        Group By Operator
                          aggregations: avg(_col0)
                          mode: hash
                          outputColumnNames: _col0
                          Statistics: Num rows: 1 Data size: 80 Basic stats: COMPLETE Column stats: COMPLETE
                          Reduce Output Operator
                            sort order: 
                            Statistics: Num rows: 1 Data size: 80 Basic stats: COMPLETE Column stats: COMPLETE
                            value expressions: _col0 (type: struct<count:bigint,sum:double,input:double>)
            Execution mode: vectorized, llap
            LLAP IO: all inputs
        Map 48 
            Map Operator Tree:
                TableScan
                  alias: web_sales
                  filterExpr: ws_sold_date_sk is not null (type: boolean)
                  Statistics: Num rows: 71959659800 Data size: 1439138946080 Basic stats: COMPLETE Column stats: COMPLETE
                  Select Operator
                    expressions: ws_quantity (type: int), ws_list_price (type: double), ws_sold_date_sk (type: bigint)
                    outputColumnNames: _col0, _col1, _col2
                    Statistics: Num rows: 71959659800 Data size: 1439138946080 Basic stats: COMPLETE Column stats: COMPLETE
                    Map Join Operator
                      condition map:
                           Inner Join 0 to 1
                      keys:
                        0 _col2 (type: bigint)
                        1 _col0 (type: bigint)
                      outputColumnNames: _col0, _col1
                      input vertices:
                        1 Map 11
                      Statistics: Num rows: 7994970415 Data size: 95939644980 Basic stats: COMPLETE Column stats: COMPLETE
                      Select Operator
                        expressions: (UDFToDouble(_col0) * _col1) (type: double)
                        outputColumnNames: _col0
                        Statistics: Num rows: 54479375636 Data size: 653752507632 Basic stats: COMPLETE Column stats: COMPLETE
                        Group By Operator
                          aggregations: avg(_col0)
                          mode: hash
                          outputColumnNames: _col0
                          Statistics: Num rows: 1 Data size: 80 Basic stats: COMPLETE Column stats: COMPLETE
                          Reduce Output Operator
                            sort order: 
                            Statistics: Num rows: 1 Data size: 80 Basic stats: COMPLETE Column stats: COMPLETE
                            value expressions: _col0 (type: struct<count:bigint,sum:double,input:double>)
            Execution mode: vectorized, llap
            LLAP IO: all inputs
        Map 49 
            Map Operator Tree:
                TableScan
                  alias: date_dim
                  filterExpr: ((d_year = 1998) and (d_moy = 12) and (d_dom = 16) and d_week_seq is not null) (type: boolean)
                  Statistics: Num rows: 73049 Data size: 1168784 Basic stats: COMPLETE Column stats: COMPLETE
                  Filter Operator
                    predicate: ((d_year = 1998) and (d_moy = 12) and (d_dom = 16) and d_week_seq is not null) (type: boolean)
                    Statistics: Num rows: 652 Data size: 10432 Basic stats: COMPLETE Column stats: COMPLETE
                    Select Operator
                      expressions: d_week_seq (type: int)
                      outputColumnNames: _col0
                      Statistics: Num rows: 652 Data size: 2608 Basic stats: COMPLETE Column stats: COMPLETE
                      Reduce Output Operator
                        key expressions: _col0 (type: int)
                        sort order: +
                        Map-reduce partition columns: _col0 (type: int)
                        Statistics: Num rows: 652 Data size: 2608 Basic stats: COMPLETE Column stats: COMPLETE
            Execution mode: vectorized, llap
            LLAP IO: all inputs
        Map 50 
            Map Operator Tree:
                TableScan
                  alias: store_sales
                  filterExpr: (ss_item_sk is not null and (ss_item_sk BETWEEN DynamicValue(RS_410_item_i_item_sk_min) AND DynamicValue(RS_410_item_i_item_sk_max) and in_bloom_filter(ss_item_sk, DynamicValue(RS_410_item_i_item_sk_bloom_filter)))) (type: boolean)
                  Statistics: Num rows: 275035746821 Data size: 7661296495060 Basic stats: COMPLETE Column stats: COMPLETE
                  Filter Operator
                    predicate: (ss_item_sk is not null and (ss_item_sk BETWEEN DynamicValue(RS_410_item_i_item_sk_min) AND DynamicValue(RS_410_item_i_item_sk_max) and in_bloom_filter(ss_item_sk, DynamicValue(RS_410_item_i_item_sk_bloom_filter)))) (type: boolean)
                    Statistics: Num rows: 275035746821 Data size: 7661296495060 Basic stats: COMPLETE Column stats: COMPLETE
                    Select Operator
                      expressions: ss_item_sk (type: bigint), ss_quantity (type: int), ss_list_price (type: double), ss_sold_date_sk (type: bigint)
                      outputColumnNames: _col0, _col1, _col2, _col3
                      Statistics: Num rows: 275035746821 Data size: 7661296495060 Basic stats: COMPLETE Column stats: COMPLETE
                      Map Join Operator
                        condition map:
                             Inner Join 0 to 1
                        keys:
                          0 _col0 (type: bigint)
                          1 _col3 (type: bigint)
                        outputColumnNames: _col3, _col4, _col5
                        input vertices:
                          0 Map 17
                        Statistics: Num rows: 98204190491 Data size: 1964083809820 Basic stats: COMPLETE Column stats: COMPLETE
                        Map Join Operator
                          condition map:
                               Inner Join 0 to 1
                          keys:
                            0 _col3 (type: bigint)
                            1 _col0 (type: bigint)
                          outputColumnNames: _col3, _col4, _col5, _col8, _col9, _col10
                          input vertices:
                            1 Map 22
                          Statistics: Num rows: 97485266870 Data size: 3119528539840 Basic stats: COMPLETE Column stats: COMPLETE
                          Reduce Output Operator
                            sort order: 
                            Statistics: Num rows: 97485266870 Data size: 3119528539840 Basic stats: COMPLETE Column stats: COMPLETE
                            value expressions: _col3 (type: bigint), _col4 (type: int), _col5 (type: double), _col8 (type: int), _col9 (type: int), _col10 (type: int)
            Execution mode: vectorized, llap
            LLAP IO: all inputs
        Map 51 
            Map Operator Tree:
                TableScan
                  alias: store_sales
                  filterExpr: ss_item_sk is not null (type: boolean)
                  Statistics: Num rows: 275035746821 Data size: 4400571949136 Basic stats: COMPLETE Column stats: COMPLETE
                  Filter Operator
                    predicate: ss_item_sk is not null (type: boolean)
                    Statistics: Num rows: 275035746821 Data size: 4400571949136 Basic stats: COMPLETE Column stats: COMPLETE
                    Select Operator
                      expressions: ss_item_sk (type: bigint), ss_sold_date_sk (type: bigint)
                      outputColumnNames: _col0, _col1
                      Statistics: Num rows: 275035746821 Data size: 4400571949136 Basic stats: COMPLETE Column stats: COMPLETE
                      Map Join Operator
                        condition map:
                             Inner Join 0 to 1
                        keys:
                          0 _col1 (type: bigint)
                          1 _col0 (type: bigint)
                        outputColumnNames: _col0
                        input vertices:
                          1 Map 7
                        Statistics: Num rows: 30557435444 Data size: 244459483552 Basic stats: COMPLETE Column stats: COMPLETE
                        Map Join Operator
                          condition map:
                               Inner Join 0 to 1
                          keys:
                            0 _col0 (type: bigint)
                            1 _col0 (type: bigint)
                          outputColumnNames: _col5, _col6, _col7
                          input vertices:
                            1 Map 22
                          Statistics: Num rows: 30333733563 Data size: 364004802756 Basic stats: COMPLETE Column stats: COMPLETE
                          Select Operator
                            expressions: _col5 (type: int), _col6 (type: int), _col7 (type: int)
                            outputColumnNames: _col0, _col1, _col2
                            Statistics: Num rows: 30333733563 Data size: 364004802756 Basic stats: COMPLETE Column stats: COMPLETE
                            Group By Operator
                              aggregations: count(1)
                              keys: _col0 (type: int), _col1 (type: int), _col2 (type: int)
                              mode: hash
                              outputColumnNames: _col0, _col1, _col2, _col3
                              Statistics: Num rows: 563033625 Data size: 11260672500 Basic stats: COMPLETE Column stats: COMPLETE
                              Reduce Output Operator
                                key expressions: _col0 (type: int), _col1 (type: int), _col2 (type: int)
                                sort order: +++
                                Map-reduce partition columns: _col0 (type: int), _col1 (type: int), _col2 (type: int)
                                Statistics: Num rows: 563033625 Data size: 11260672500 Basic stats: COMPLETE Column stats: COMPLETE
                                value expressions: _col3 (type: bigint)
            Execution mode: vectorized, llap
            LLAP IO: all inputs
        Map 56 
            Map Operator Tree:
                TableScan
                  alias: catalog_sales
                  filterExpr: cs_item_sk is not null (type: boolean)
                  Statistics: Num rows: 143352541321 Data size: 2293640661136 Basic stats: COMPLETE Column stats: COMPLETE
                  Filter Operator
                    predicate: cs_item_sk is not null (type: boolean)
                    Statistics: Num rows: 143352541321 Data size: 2293640661136 Basic stats: COMPLETE Column stats: COMPLETE
                    Select Operator
                      expressions: cs_item_sk (type: bigint), cs_sold_date_sk (type: bigint)
                      outputColumnNames: _col0, _col1
                      Statistics: Num rows: 143352541321 Data size: 2293640661136 Basic stats: COMPLETE Column stats: COMPLETE
                      Map Join Operator
                        condition map:
                             Inner Join 0 to 1
                        keys:
                          0 _col1 (type: bigint)
                          1 _col0 (type: bigint)
                        outputColumnNames: _col0
                        input vertices:
                          1 Map 7
                        Statistics: Num rows: 15926969777 Data size: 127415758216 Basic stats: COMPLETE Column stats: COMPLETE
                        Map Join Operator
                          condition map:
                               Inner Join 0 to 1
                          keys:
                            0 _col0 (type: bigint)
                            1 _col0 (type: bigint)
                          outputColumnNames: _col5, _col6, _col7
                          input vertices:
                            1 Map 22
                          Statistics: Num rows: 15810373177 Data size: 189724478124 Basic stats: COMPLETE Column stats: COMPLETE
                          Select Operator
                            expressions: _col5 (type: int), _col6 (type: int), _col7 (type: int)
                            outputColumnNames: _col0, _col1, _col2
                            Statistics: Num rows: 15810373177 Data size: 189724478124 Basic stats: COMPLETE Column stats: COMPLETE
                            Group By Operator
                              aggregations: count(1)
                              keys: _col0 (type: int), _col1 (type: int), _col2 (type: int)
                              mode: hash
                              outputColumnNames: _col0, _col1, _col2, _col3
                              Statistics: Num rows: 293503980 Data size: 5870079600 Basic stats: COMPLETE Column stats: COMPLETE
                              Reduce Output Operator
                                key expressions: _col0 (type: int), _col1 (type: int), _col2 (type: int)
                                sort order: +++
                                Map-reduce partition columns: _col0 (type: int), _col1 (type: int), _col2 (type: int)
                                Statistics: Num rows: 293503980 Data size: 5870079600 Basic stats: COMPLETE Column stats: COMPLETE
                                value expressions: _col3 (type: bigint)
            Execution mode: vectorized, llap
            LLAP IO: all inputs
        Map 58 
            Map Operator Tree:
                TableScan
                  alias: web_sales
                  filterExpr: ws_item_sk is not null (type: boolean)
                  Statistics: Num rows: 71959659800 Data size: 1151354556800 Basic stats: COMPLETE Column stats: COMPLETE
                  Filter Operator
                    predicate: ws_item_sk is not null (type: boolean)
                    Statistics: Num rows: 71959659800 Data size: 1151354556800 Basic stats: COMPLETE Column stats: COMPLETE
                    Select Operator
                      expressions: ws_item_sk (type: bigint), ws_sold_date_sk (type: bigint)
                      outputColumnNames: _col0, _col1
                      Statistics: Num rows: 71959659800 Data size: 1151354556800 Basic stats: COMPLETE Column stats: COMPLETE
                      Map Join Operator
                        condition map:
                             Inner Join 0 to 1
                        keys:
                          0 _col1 (type: bigint)
                          1 _col0 (type: bigint)
                        outputColumnNames: _col0
                        input vertices:
                          1 Map 7
                        Statistics: Num rows: 7994970415 Data size: 63959763320 Basic stats: COMPLETE Column stats: COMPLETE
                        Map Join Operator
                          condition map:
                               Inner Join 0 to 1
                          keys:
                            0 _col0 (type: bigint)
                            1 _col0 (type: bigint)
                          outputColumnNames: _col5, _col6, _col7
                          input vertices:
                            1 Map 22
                          Statistics: Num rows: 7936441619 Data size: 95237299428 Basic stats: COMPLETE Column stats: COMPLETE
                          Select Operator
                            expressions: _col5 (type: int), _col6 (type: int), _col7 (type: int)
                            outputColumnNames: _col0, _col1, _col2
                            Statistics: Num rows: 7936441619 Data size: 95237299428 Basic stats: COMPLETE Column stats: COMPLETE
                            Group By Operator
                              aggregations: count(1)
                              keys: _col0 (type: int), _col1 (type: int), _col2 (type: int)
                              mode: hash
                              outputColumnNames: _col0, _col1, _col2, _col3
                              Statistics: Num rows: 147374700 Data size: 2947494000 Basic stats: COMPLETE Column stats: COMPLETE
                              Reduce Output Operator
                                key expressions: _col0 (type: int), _col1 (type: int), _col2 (type: int)
                                sort order: +++
                                Map-reduce partition columns: _col0 (type: int), _col1 (type: int), _col2 (type: int)
                                Statistics: Num rows: 147374700 Data size: 2947494000 Basic stats: COMPLETE Column stats: COMPLETE
                                value expressions: _col3 (type: bigint)
            Execution mode: vectorized, llap
            LLAP IO: all inputs
        Map 7 
            Map Operator Tree:
                TableScan
                  alias: date_dim
                  filterExpr: ((d_year BETWEEN 1998 AND 2000 and d_date_sk is not null) or (d_year BETWEEN 1999 AND 2001 and d_date_sk is not null) or (d_year BETWEEN 1999 AND 2001 and d_date_sk is not null) or (d_year BETWEEN 1999 AND 2001 and d_date_sk is not null)) (type: boolean)
                  Statistics: Num rows: 73049 Data size: 876588 Basic stats: COMPLETE Column stats: COMPLETE
                  Filter Operator
                    predicate: (d_year BETWEEN 1998 AND 2000 and d_date_sk is not null) (type: boolean)
                    Statistics: Num rows: 8116 Data size: 97392 Basic stats: COMPLETE Column stats: COMPLETE
                    Select Operator
                      expressions: d_date_sk (type: bigint)
                      outputColumnNames: _col0
                      Statistics: Num rows: 8116 Data size: 97392 Basic stats: COMPLETE Column stats: COMPLETE
                      Reduce Output Operator
                        key expressions: _col0 (type: bigint)
                        sort order: +
                        Map-reduce partition columns: _col0 (type: bigint)
                        Statistics: Num rows: 8116 Data size: 97392 Basic stats: COMPLETE Column stats: COMPLETE
                      Select Operator
                        expressions: _col0 (type: bigint)
                        outputColumnNames: _col0
                        Statistics: Num rows: 8116 Data size: 97392 Basic stats: COMPLETE Column stats: COMPLETE
                        Group By Operator
                          keys: _col0 (type: bigint)
                          mode: hash
                          outputColumnNames: _col0
                          Statistics: Num rows: 4058 Data size: 48696 Basic stats: COMPLETE Column stats: COMPLETE
                          Dynamic Partitioning Event Operator
                            Target column: ss_sold_date_sk (bigint)
                            Target Input: store_sales
                            Partition key expr: ss_sold_date_sk
                            Statistics: Num rows: 4058 Data size: 48696 Basic stats: COMPLETE Column stats: COMPLETE
                            Target Vertex: Map 1
                  Filter Operator
                    predicate: (d_year BETWEEN 1998 AND 2000 and d_date_sk is not null) (type: boolean)
                    Statistics: Num rows: 8116 Data size: 97392 Basic stats: COMPLETE Column stats: COMPLETE
                    Select Operator
                      expressions: d_date_sk (type: bigint)
                      outputColumnNames: _col0
                      Statistics: Num rows: 8116 Data size: 97392 Basic stats: COMPLETE Column stats: COMPLETE
                      Reduce Output Operator
                        key expressions: _col0 (type: bigint)
                        sort order: +
                        Map-reduce partition columns: _col0 (type: bigint)
                        Statistics: Num rows: 8116 Data size: 97392 Basic stats: COMPLETE Column stats: COMPLETE
                      Select Operator
                        expressions: _col0 (type: bigint)
                        outputColumnNames: _col0
                        Statistics: Num rows: 8116 Data size: 97392 Basic stats: COMPLETE Column stats: COMPLETE
                        Group By Operator
                          keys: _col0 (type: bigint)
                          mode: hash
                          outputColumnNames: _col0
                          Statistics: Num rows: 4058 Data size: 48696 Basic stats: COMPLETE Column stats: COMPLETE
                          Dynamic Partitioning Event Operator
                            Target column: ss_sold_date_sk (bigint)
                            Target Input: store_sales
                            Partition key expr: ss_sold_date_sk
                            Statistics: Num rows: 4058 Data size: 48696 Basic stats: COMPLETE Column stats: COMPLETE
                            Target Vertex: Map 12
                  Filter Operator
                    predicate: (d_year BETWEEN 1999 AND 2001 and d_date_sk is not null) (type: boolean)
                    Statistics: Num rows: 8116 Data size: 97392 Basic stats: COMPLETE Column stats: COMPLETE
                    Select Operator
                      expressions: d_date_sk (type: bigint)
                      outputColumnNames: _col0
                      Statistics: Num rows: 8116 Data size: 97392 Basic stats: COMPLETE Column stats: COMPLETE
                      Reduce Output Operator
                        key expressions: _col0 (type: bigint)
                        sort order: +
                        Map-reduce partition columns: _col0 (type: bigint)
                        Statistics: Num rows: 8116 Data size: 97392 Basic stats: COMPLETE Column stats: COMPLETE
                      Select Operator
                        expressions: _col0 (type: bigint)
                        outputColumnNames: _col0
                        Statistics: Num rows: 8116 Data size: 97392 Basic stats: COMPLETE Column stats: COMPLETE
                        Group By Operator
                          keys: _col0 (type: bigint)
                          mode: hash
                          outputColumnNames: _col0
                          Statistics: Num rows: 4058 Data size: 48696 Basic stats: COMPLETE Column stats: COMPLETE
                          Dynamic Partitioning Event Operator
                            Target column: ss_sold_date_sk (bigint)
                            Target Input: store_sales
                            Partition key expr: ss_sold_date_sk
                            Statistics: Num rows: 4058 Data size: 48696 Basic stats: COMPLETE Column stats: COMPLETE
                            Target Vertex: Map 29
                  Filter Operator
                    predicate: (d_year BETWEEN 1999 AND 2001 and d_date_sk is not null) (type: boolean)
                    Statistics: Num rows: 8116 Data size: 97392 Basic stats: COMPLETE Column stats: COMPLETE
                    Select Operator
                      expressions: d_date_sk (type: bigint)
                      outputColumnNames: _col0
                      Statistics: Num rows: 8116 Data size: 97392 Basic stats: COMPLETE Column stats: COMPLETE
                      Reduce Output Operator
                        key expressions: _col0 (type: bigint)
                        sort order: +
                        Map-reduce partition columns: _col0 (type: bigint)
                        Statistics: Num rows: 8116 Data size: 97392 Basic stats: COMPLETE Column stats: COMPLETE
                      Select Operator
                        expressions: _col0 (type: bigint)
                        outputColumnNames: _col0
                        Statistics: Num rows: 8116 Data size: 97392 Basic stats: COMPLETE Column stats: COMPLETE
                        Group By Operator
                          keys: _col0 (type: bigint)
                          mode: hash
                          outputColumnNames: _col0
                          Statistics: Num rows: 4058 Data size: 48696 Basic stats: COMPLETE Column stats: COMPLETE
                          Dynamic Partitioning Event Operator
                            Target column: cs_sold_date_sk (bigint)
                            Target Input: catalog_sales
                            Partition key expr: cs_sold_date_sk
                            Statistics: Num rows: 4058 Data size: 48696 Basic stats: COMPLETE Column stats: COMPLETE
                            Target Vertex: Map 34
                  Filter Operator
                    predicate: (d_year BETWEEN 1999 AND 2001 and d_date_sk is not null) (type: boolean)
                    Statistics: Num rows: 8116 Data size: 97392 Basic stats: COMPLETE Column stats: COMPLETE
                    Select Operator
                      expressions: d_date_sk (type: bigint)
                      outputColumnNames: _col0
                      Statistics: Num rows: 8116 Data size: 97392 Basic stats: COMPLETE Column stats: COMPLETE
                      Reduce Output Operator
                        key expressions: _col0 (type: bigint)
                        sort order: +
                        Map-reduce partition columns: _col0 (type: bigint)
                        Statistics: Num rows: 8116 Data size: 97392 Basic stats: COMPLETE Column stats: COMPLETE
                      Select Operator
                        expressions: _col0 (type: bigint)
                        outputColumnNames: _col0
                        Statistics: Num rows: 8116 Data size: 97392 Basic stats: COMPLETE Column stats: COMPLETE
                        Group By Operator
                          keys: _col0 (type: bigint)
                          mode: hash
                          outputColumnNames: _col0
                          Statistics: Num rows: 4058 Data size: 48696 Basic stats: COMPLETE Column stats: COMPLETE
                          Dynamic Partitioning Event Operator
                            Target column: ws_sold_date_sk (bigint)
                            Target Input: web_sales
                            Partition key expr: ws_sold_date_sk
                            Statistics: Num rows: 4058 Data size: 48696 Basic stats: COMPLETE Column stats: COMPLETE
                            Target Vertex: Map 36
                  Filter Operator
                    predicate: (d_year BETWEEN 1998 AND 2000 and d_date_sk is not null) (type: boolean)
                    Statistics: Num rows: 8116 Data size: 97392 Basic stats: COMPLETE Column stats: COMPLETE
                    Select Operator
                      expressions: d_date_sk (type: bigint)
                      outputColumnNames: _col0
                      Statistics: Num rows: 8116 Data size: 97392 Basic stats: COMPLETE Column stats: COMPLETE
                      Reduce Output Operator
                        key expressions: _col0 (type: bigint)
                        sort order: +
                        Map-reduce partition columns: _col0 (type: bigint)
                        Statistics: Num rows: 8116 Data size: 97392 Basic stats: COMPLETE Column stats: COMPLETE
                      Select Operator
                        expressions: _col0 (type: bigint)
                        outputColumnNames: _col0
                        Statistics: Num rows: 8116 Data size: 97392 Basic stats: COMPLETE Column stats: COMPLETE
                        Group By Operator
                          keys: _col0 (type: bigint)
                          mode: hash
                          outputColumnNames: _col0
                          Statistics: Num rows: 4058 Data size: 48696 Basic stats: COMPLETE Column stats: COMPLETE
                          Dynamic Partitioning Event Operator
                            Target column: ss_sold_date_sk (bigint)
                            Target Input: store_sales
                            Partition key expr: ss_sold_date_sk
                            Statistics: Num rows: 4058 Data size: 48696 Basic stats: COMPLETE Column stats: COMPLETE
                            Target Vertex: Map 38
                  Filter Operator
                    predicate: (d_year BETWEEN 1998 AND 2000 and d_date_sk is not null) (type: boolean)
                    Statistics: Num rows: 8116 Data size: 97392 Basic stats: COMPLETE Column stats: COMPLETE
                    Select Operator
                      expressions: d_date_sk (type: bigint)
                      outputColumnNames: _col0
                      Statistics: Num rows: 8116 Data size: 97392 Basic stats: COMPLETE Column stats: COMPLETE
                      Reduce Output Operator
                        key expressions: _col0 (type: bigint)
                        sort order: +
                        Map-reduce partition columns: _col0 (type: bigint)
                        Statistics: Num rows: 8116 Data size: 97392 Basic stats: COMPLETE Column stats: COMPLETE
                      Select Operator
                        expressions: _col0 (type: bigint)
                        outputColumnNames: _col0
                        Statistics: Num rows: 8116 Data size: 97392 Basic stats: COMPLETE Column stats: COMPLETE
                        Group By Operator
                          keys: _col0 (type: bigint)
                          mode: hash
                          outputColumnNames: _col0
                          Statistics: Num rows: 4058 Data size: 48696 Basic stats: COMPLETE Column stats: COMPLETE
                          Dynamic Partitioning Event Operator
                            Target column: ss_sold_date_sk (bigint)
                            Target Input: store_sales
                            Partition key expr: ss_sold_date_sk
                            Statistics: Num rows: 4058 Data size: 48696 Basic stats: COMPLETE Column stats: COMPLETE
                            Target Vertex: Map 44
                  Filter Operator
                    predicate: (d_year BETWEEN 1999 AND 2001 and d_date_sk is not null) (type: boolean)
                    Statistics: Num rows: 8116 Data size: 97392 Basic stats: COMPLETE Column stats: COMPLETE
                    Select Operator
                      expressions: d_date_sk (type: bigint)
                      outputColumnNames: _col0
                      Statistics: Num rows: 8116 Data size: 97392 Basic stats: COMPLETE Column stats: COMPLETE
                      Reduce Output Operator
                        key expressions: _col0 (type: bigint)
                        sort order: +
                        Map-reduce partition columns: _col0 (type: bigint)
                        Statistics: Num rows: 8116 Data size: 97392 Basic stats: COMPLETE Column stats: COMPLETE
                      Select Operator
                        expressions: _col0 (type: bigint)
                        outputColumnNames: _col0
                        Statistics: Num rows: 8116 Data size: 97392 Basic stats: COMPLETE Column stats: COMPLETE
                        Group By Operator
                          keys: _col0 (type: bigint)
                          mode: hash
                          outputColumnNames: _col0
                          Statistics: Num rows: 4058 Data size: 48696 Basic stats: COMPLETE Column stats: COMPLETE
                          Dynamic Partitioning Event Operator
                            Target column: ss_sold_date_sk (bigint)
                            Target Input: store_sales
                            Partition key expr: ss_sold_date_sk
                            Statistics: Num rows: 4058 Data size: 48696 Basic stats: COMPLETE Column stats: COMPLETE
                            Target Vertex: Map 51
                  Filter Operator
                    predicate: (d_year BETWEEN 1999 AND 2001 and d_date_sk is not null) (type: boolean)
                    Statistics: Num rows: 8116 Data size: 97392 Basic stats: COMPLETE Column stats: COMPLETE
                    Select Operator
                      expressions: d_date_sk (type: bigint)
                      outputColumnNames: _col0
                      Statistics: Num rows: 8116 Data size: 97392 Basic stats: COMPLETE Column stats: COMPLETE
                      Reduce Output Operator
                        key expressions: _col0 (type: bigint)
                        sort order: +
                        Map-reduce partition columns: _col0 (type: bigint)
                        Statistics: Num rows: 8116 Data size: 97392 Basic stats: COMPLETE Column stats: COMPLETE
                      Select Operator
                        expressions: _col0 (type: bigint)
                        outputColumnNames: _col0
                        Statistics: Num rows: 8116 Data size: 97392 Basic stats: COMPLETE Column stats: COMPLETE
                        Group By Operator
                          keys: _col0 (type: bigint)
                          mode: hash
                          outputColumnNames: _col0
                          Statistics: Num rows: 4058 Data size: 48696 Basic stats: COMPLETE Column stats: COMPLETE
                          Dynamic Partitioning Event Operator
                            Target column: cs_sold_date_sk (bigint)
                            Target Input: catalog_sales
                            Partition key expr: cs_sold_date_sk
                            Statistics: Num rows: 4058 Data size: 48696 Basic stats: COMPLETE Column stats: COMPLETE
                            Target Vertex: Map 56
                  Filter Operator
                    predicate: (d_year BETWEEN 1999 AND 2001 and d_date_sk is not null) (type: boolean)
                    Statistics: Num rows: 8116 Data size: 97392 Basic stats: COMPLETE Column stats: COMPLETE
                    Select Operator
                      expressions: d_date_sk (type: bigint)
                      outputColumnNames: _col0
                      Statistics: Num rows: 8116 Data size: 97392 Basic stats: COMPLETE Column stats: COMPLETE
                      Reduce Output Operator
                        key expressions: _col0 (type: bigint)
                        sort order: +
                        Map-reduce partition columns: _col0 (type: bigint)
                        Statistics: Num rows: 8116 Data size: 97392 Basic stats: COMPLETE Column stats: COMPLETE
                      Select Operator
                        expressions: _col0 (type: bigint)
                        outputColumnNames: _col0
                        Statistics: Num rows: 8116 Data size: 97392 Basic stats: COMPLETE Column stats: COMPLETE
                        Group By Operator
                          keys: _col0 (type: bigint)
                          mode: hash
                          outputColumnNames: _col0
                          Statistics: Num rows: 4058 Data size: 48696 Basic stats: COMPLETE Column stats: COMPLETE
                          Dynamic Partitioning Event Operator
                            Target column: ws_sold_date_sk (bigint)
                            Target Input: web_sales
                            Partition key expr: ws_sold_date_sk
                            Statistics: Num rows: 4058 Data size: 48696 Basic stats: COMPLETE Column stats: COMPLETE
                            Target Vertex: Map 58
            Execution mode: vectorized, llap
            LLAP IO: all inputs
        Map 8 
            Map Operator Tree:
                TableScan
                  alias: catalog_sales
                  filterExpr: cs_sold_date_sk is not null (type: boolean)
                  Statistics: Num rows: 143352541321 Data size: 1719501183952 Basic stats: COMPLETE Column stats: COMPLETE
                  Select Operator
                    expressions: cs_quantity (type: int), cs_sold_date_sk (type: bigint)
                    outputColumnNames: _col0, _col2
                    Statistics: Num rows: 143352541321 Data size: 1719501183952 Basic stats: COMPLETE Column stats: COMPLETE
                    Map Join Operator
                      condition map:
                           Inner Join 0 to 1
                      keys:
                        0 _col2 (type: bigint)
                        1 _col0 (type: bigint)
                      outputColumnNames: _col0
                      input vertices:
                        1 Map 9
                      Statistics: Num rows: 15926969777 Data size: 63707879108 Basic stats: COMPLETE Column stats: COMPLETE
                      Select Operator
                        expressions: _col0 (type: int)
                        outputColumnNames: _col0
                        Statistics: Num rows: 54479375636 Data size: 217917502544 Basic stats: COMPLETE Column stats: COMPLETE
                        Group By Operator
                          aggregations: count(_col0)
                          mode: hash
                          outputColumnNames: _col0
                          Statistics: Num rows: 1 Data size: 8 Basic stats: COMPLETE Column stats: COMPLETE
                          Reduce Output Operator
                            sort order: 
                            Statistics: Num rows: 1 Data size: 8 Basic stats: COMPLETE Column stats: COMPLETE
                            value expressions: _col0 (type: bigint)
            Execution mode: vectorized, llap
            LLAP IO: all inputs
        Map 9 
            Map Operator Tree:
                TableScan
                  alias: date_dim
                  filterExpr: (d_year BETWEEN 1998 AND 2000 and d_date_sk is not null) (type: boolean)
                  Statistics: Num rows: 73049 Data size: 876588 Basic stats: COMPLETE Column stats: COMPLETE
                  Filter Operator
                    predicate: (d_year BETWEEN 1998 AND 2000 and d_date_sk is not null) (type: boolean)
                    Statistics: Num rows: 8116 Data size: 97392 Basic stats: COMPLETE Column stats: COMPLETE
                    Select Operator
                      expressions: d_date_sk (type: bigint)
                      outputColumnNames: _col0
                      Statistics: Num rows: 8116 Data size: 97392 Basic stats: COMPLETE Column stats: COMPLETE
                      Reduce Output Operator
                        key expressions: _col0 (type: bigint)
                        sort order: +
                        Map-reduce partition columns: _col0 (type: bigint)
                        Statistics: Num rows: 8116 Data size: 97392 Basic stats: COMPLETE Column stats: COMPLETE
                      Select Operator
                        expressions: _col0 (type: bigint)
                        outputColumnNames: _col0
                        Statistics: Num rows: 8116 Data size: 97392 Basic stats: COMPLETE Column stats: COMPLETE
                        Group By Operator
                          keys: _col0 (type: bigint)
                          mode: hash
                          outputColumnNames: _col0
                          Statistics: Num rows: 4058 Data size: 48696 Basic stats: COMPLETE Column stats: COMPLETE
                          Dynamic Partitioning Event Operator
                            Target column: cs_sold_date_sk (bigint)
                            Target Input: catalog_sales
                            Partition key expr: cs_sold_date_sk
                            Statistics: Num rows: 4058 Data size: 48696 Basic stats: COMPLETE Column stats: COMPLETE
                            Target Vertex: Map 8
                  Filter Operator
                    predicate: (d_year BETWEEN 1998 AND 2000 and d_date_sk is not null) (type: boolean)
                    Statistics: Num rows: 8116 Data size: 97392 Basic stats: COMPLETE Column stats: COMPLETE
                    Select Operator
                      expressions: d_date_sk (type: bigint)
                      outputColumnNames: _col0
                      Statistics: Num rows: 8116 Data size: 97392 Basic stats: COMPLETE Column stats: COMPLETE
                      Reduce Output Operator
                        key expressions: _col0 (type: bigint)
                        sort order: +
                        Map-reduce partition columns: _col0 (type: bigint)
                        Statistics: Num rows: 8116 Data size: 97392 Basic stats: COMPLETE Column stats: COMPLETE
                      Select Operator
                        expressions: _col0 (type: bigint)
                        outputColumnNames: _col0
                        Statistics: Num rows: 8116 Data size: 97392 Basic stats: COMPLETE Column stats: COMPLETE
                        Group By Operator
                          keys: _col0 (type: bigint)
                          mode: hash
                          outputColumnNames: _col0
                          Statistics: Num rows: 4058 Data size: 48696 Basic stats: COMPLETE Column stats: COMPLETE
                          Dynamic Partitioning Event Operator
                            Target column: cs_sold_date_sk (bigint)
                            Target Input: catalog_sales
                            Partition key expr: cs_sold_date_sk
                            Statistics: Num rows: 4058 Data size: 48696 Basic stats: COMPLETE Column stats: COMPLETE
                            Target Vertex: Map 15
                  Filter Operator
                    predicate: (d_year BETWEEN 1998 AND 2000 and d_date_sk is not null) (type: boolean)
                    Statistics: Num rows: 8116 Data size: 97392 Basic stats: COMPLETE Column stats: COMPLETE
                    Select Operator
                      expressions: d_date_sk (type: bigint)
                      outputColumnNames: _col0
                      Statistics: Num rows: 8116 Data size: 97392 Basic stats: COMPLETE Column stats: COMPLETE
                      Reduce Output Operator
                        key expressions: _col0 (type: bigint)
                        sort order: +
                        Map-reduce partition columns: _col0 (type: bigint)
                        Statistics: Num rows: 8116 Data size: 97392 Basic stats: COMPLETE Column stats: COMPLETE
                      Select Operator
                        expressions: _col0 (type: bigint)
                        outputColumnNames: _col0
                        Statistics: Num rows: 8116 Data size: 97392 Basic stats: COMPLETE Column stats: COMPLETE
                        Group By Operator
                          keys: _col0 (type: bigint)
                          mode: hash
                          outputColumnNames: _col0
                          Statistics: Num rows: 4058 Data size: 48696 Basic stats: COMPLETE Column stats: COMPLETE
                          Dynamic Partitioning Event Operator
                            Target column: cs_sold_date_sk (bigint)
                            Target Input: catalog_sales
                            Partition key expr: cs_sold_date_sk
                            Statistics: Num rows: 4058 Data size: 48696 Basic stats: COMPLETE Column stats: COMPLETE
                            Target Vertex: Map 42
                  Filter Operator
                    predicate: (d_year BETWEEN 1998 AND 2000 and d_date_sk is not null) (type: boolean)
                    Statistics: Num rows: 8116 Data size: 97392 Basic stats: COMPLETE Column stats: COMPLETE
                    Select Operator
                      expressions: d_date_sk (type: bigint)
                      outputColumnNames: _col0
                      Statistics: Num rows: 8116 Data size: 97392 Basic stats: COMPLETE Column stats: COMPLETE
                      Reduce Output Operator
                        key expressions: _col0 (type: bigint)
                        sort order: +
                        Map-reduce partition columns: _col0 (type: bigint)
                        Statistics: Num rows: 8116 Data size: 97392 Basic stats: COMPLETE Column stats: COMPLETE
                      Select Operator
                        expressions: _col0 (type: bigint)
                        outputColumnNames: _col0
                        Statistics: Num rows: 8116 Data size: 97392 Basic stats: COMPLETE Column stats: COMPLETE
                        Group By Operator
                          keys: _col0 (type: bigint)
                          mode: hash
                          outputColumnNames: _col0
                          Statistics: Num rows: 4058 Data size: 48696 Basic stats: COMPLETE Column stats: COMPLETE
                          Dynamic Partitioning Event Operator
                            Target column: cs_sold_date_sk (bigint)
                            Target Input: catalog_sales
                            Partition key expr: cs_sold_date_sk
                            Statistics: Num rows: 4058 Data size: 48696 Basic stats: COMPLETE Column stats: COMPLETE
                            Target Vertex: Map 47
            Execution mode: vectorized, llap
            LLAP IO: all inputs
        Reducer 14 
            Execution mode: llap
            Reduce Operator Tree:
              Group By Operator
                aggregations: avg(VALUE._col0)
                mode: mergepartial
                outputColumnNames: _col0
                Statistics: Num rows: 1 Data size: 8 Basic stats: COMPLETE Column stats: COMPLETE
                Reduce Output Operator
                  sort order: 
                  Statistics: Num rows: 1 Data size: 8 Basic stats: COMPLETE Column stats: COMPLETE
                  value expressions: _col0 (type: double)
        Reducer 20 
            Execution mode: llap
            Reduce Operator Tree:
              Merge Join Operator
                condition map:
                     Inner Join 0 to 1
                keys:
                  0 
                  1 
                outputColumnNames: _col3, _col4, _col5, _col8, _col9, _col10
                Statistics: Num rows: 97485266870 Data size: 3119528539840 Basic stats: COMPLETE Column stats: COMPLETE
                Map Join Operator
                  condition map:
                       Left Semi Join 0 to 1
                  keys:
                    0 _col3 (type: bigint)
                    1 _col0 (type: bigint)
                  outputColumnNames: _col4, _col5, _col8, _col9, _col10
                  input vertices:
                    1 Reducer 32
                  Statistics: Num rows: 1 Data size: 24 Basic stats: COMPLETE Column stats: COMPLETE
                  Select Operator
                    expressions: _col8 (type: int), _col9 (type: int), _col10 (type: int), (UDFToDouble(_col4) * _col5) (type: double)
                    outputColumnNames: _col0, _col1, _col2, _col3
                    Statistics: Num rows: 1 Data size: 24 Basic stats: COMPLETE Column stats: COMPLETE
                    Group By Operator
                      aggregations: sum(_col3), count()
                      keys: _col0 (type: int), _col1 (type: int), _col2 (type: int)
                      mode: hash
                      outputColumnNames: _col0, _col1, _col2, _col3, _col4
                      Statistics: Num rows: 1 Data size: 28 Basic stats: COMPLETE Column stats: COMPLETE
                      Reduce Output Operator
                        key expressions: _col0 (type: int), _col1 (type: int), _col2 (type: int)
                        sort order: +++
                        Map-reduce partition columns: _col0 (type: int), _col1 (type: int), _col2 (type: int)
                        Statistics: Num rows: 1 Data size: 28 Basic stats: COMPLETE Column stats: COMPLETE
                        value expressions: _col3 (type: double), _col4 (type: bigint)
        Reducer 21 
            Execution mode: vectorized, llap
            Reduce Operator Tree:
              Group By Operator
                aggregations: sum(VALUE._col0), count(VALUE._col1)
                keys: KEY._col0 (type: int), KEY._col1 (type: int), KEY._col2 (type: int)
                mode: mergepartial
                outputColumnNames: _col0, _col1, _col2, _col3, _col4
                Statistics: Num rows: 1 Data size: 28 Basic stats: COMPLETE Column stats: COMPLETE
                Reduce Output Operator
                  sort order: 
                  Statistics: Num rows: 1 Data size: 28 Basic stats: COMPLETE Column stats: COMPLETE
                  value expressions: _col0 (type: int), _col1 (type: int), _col2 (type: int), _col3 (type: double), _col4 (type: bigint)
        Reducer 24 
            Execution mode: vectorized, llap
            Reduce Operator Tree:
              Group By Operator
                aggregations: count(VALUE._col0)
                mode: mergepartial
                outputColumnNames: _col0
                Statistics: Num rows: 1 Data size: 8 Basic stats: COMPLETE Column stats: COMPLETE
                Filter Operator
                  predicate: (sq_count_check(_col0) <= 1) (type: boolean)
                  Statistics: Num rows: 1 Data size: 8 Basic stats: COMPLETE Column stats: COMPLETE
                  Select Operator
                    Statistics: Num rows: 1 Data size: 8 Basic stats: COMPLETE Column stats: COMPLETE
                    Reduce Output Operator
                      sort order: 
                      Statistics: Num rows: 1 Data size: 8 Basic stats: COMPLETE Column stats: COMPLETE
        Reducer 25 
            Execution mode: vectorized, llap
            Reduce Operator Tree:
              Group By Operator
                aggregations: count(VALUE._col0)
                mode: mergepartial
                outputColumnNames: _col0
                Statistics: Num rows: 1 Data size: 8 Basic stats: COMPLETE Column stats: COMPLETE
                Filter Operator
                  predicate: (sq_count_check(_col0) <= 1) (type: boolean)
                  Statistics: Num rows: 1 Data size: 8 Basic stats: COMPLETE Column stats: COMPLETE
                  Select Operator
                    Statistics: Num rows: 1 Data size: 8 Basic stats: COMPLETE Column stats: COMPLETE
                    Reduce Output Operator
                      sort order: 
                      Statistics: Num rows: 1 Data size: 8 Basic stats: COMPLETE Column stats: COMPLETE
        Reducer 26 
            Execution mode: llap
            Reduce Operator Tree:
              Merge Join Operator
                condition map:
                     Inner Join 0 to 1
                keys:
                  0 
                  1 
                outputColumnNames: _col3, _col4, _col5, _col8, _col9, _col10
                Statistics: Num rows: 97485266870 Data size: 3119528539840 Basic stats: COMPLETE Column stats: COMPLETE
                Map Join Operator
                  condition map:
                       Left Semi Join 0 to 1
                  keys:
                    0 _col3 (type: bigint)
                    1 _col0 (type: bigint)
                  outputColumnNames: _col4, _col5, _col8, _col9, _col10
                  input vertices:
                    1 Reducer 54
                  Statistics: Num rows: 1 Data size: 24 Basic stats: COMPLETE Column stats: COMPLETE
                  Select Operator
                    expressions: _col8 (type: int), _col9 (type: int), _col10 (type: int), (UDFToDouble(_col4) * _col5) (type: double)
                    outputColumnNames: _col0, _col1, _col2, _col3
                    Statistics: Num rows: 1 Data size: 24 Basic stats: COMPLETE Column stats: COMPLETE
                    Group By Operator
                      aggregations: sum(_col3), count()
                      keys: _col0 (type: int), _col1 (type: int), _col2 (type: int)
                      mode: hash
                      outputColumnNames: _col0, _col1, _col2, _col3, _col4
                      Statistics: Num rows: 1 Data size: 28 Basic stats: COMPLETE Column stats: COMPLETE
                      Reduce Output Operator
                        key expressions: _col0 (type: int), _col1 (type: int), _col2 (type: int)
                        sort order: +++
                        Map-reduce partition columns: _col0 (type: int), _col1 (type: int), _col2 (type: int)
                        Statistics: Num rows: 1 Data size: 28 Basic stats: COMPLETE Column stats: COMPLETE
                        value expressions: _col3 (type: double), _col4 (type: bigint)
        Reducer 27 
            Execution mode: vectorized, llap
            Reduce Operator Tree:
              Group By Operator
                aggregations: sum(VALUE._col0), count(VALUE._col1)
                keys: KEY._col0 (type: int), KEY._col1 (type: int), KEY._col2 (type: int)
                mode: mergepartial
                outputColumnNames: _col0, _col1, _col2, _col3, _col4
                Statistics: Num rows: 1 Data size: 28 Basic stats: COMPLETE Column stats: COMPLETE
                Reduce Output Operator
                  sort order: 
                  Statistics: Num rows: 1 Data size: 28 Basic stats: COMPLETE Column stats: COMPLETE
                  value expressions: _col0 (type: int), _col1 (type: int), _col2 (type: int), _col3 (type: double), _col4 (type: bigint)
        Reducer 28 
            Execution mode: llap
            Reduce Operator Tree:
              Merge Join Operator
                condition map:
                     Inner Join 0 to 1
                keys:
                  0 
                  1 
                outputColumnNames: _col1, _col2, _col3, _col4, _col5, _col6
                Statistics: Num rows: 1 Data size: 36 Basic stats: COMPLETE Column stats: COMPLETE
                Filter Operator
                  predicate: (_col5 > _col1) (type: boolean)
                  Statistics: Num rows: 1 Data size: 36 Basic stats: COMPLETE Column stats: COMPLETE
                  Select Operator
                    expressions: _col2 (type: int), _col3 (type: int), _col4 (type: int), _col5 (type: double), _col6 (type: bigint)
                    outputColumnNames: _col0, _col1, _col2, _col3, _col4
                    Statistics: Num rows: 1 Data size: 28 Basic stats: COMPLETE Column stats: COMPLETE
                    Reduce Output Operator
                      key expressions: _col0 (type: int), _col1 (type: int), _col2 (type: int)
                      sort order: +++
                      Map-reduce partition columns: _col0 (type: int), _col1 (type: int), _col2 (type: int)
                      Statistics: Num rows: 1 Data size: 28 Basic stats: COMPLETE Column stats: COMPLETE
                      value expressions: _col3 (type: double), _col4 (type: bigint)
        Reducer 3 
            Execution mode: vectorized, llap
            Reduce Operator Tree:
              Group By Operator
                aggregations: count(VALUE._col0)
                mode: mergepartial
                outputColumnNames: _col0
                Statistics: Num rows: 1 Data size: 8 Basic stats: COMPLETE Column stats: COMPLETE
                Select Operator
                  Statistics: Num rows: 1 Data size: 8 Basic stats: COMPLETE Column stats: COMPLETE
                  Group By Operator
                    aggregations: count()
                    mode: complete
                    outputColumnNames: _col0
                    Statistics: Num rows: 1 Data size: 8 Basic stats: COMPLETE Column stats: COMPLETE
                    Filter Operator
                      predicate: (sq_count_check(_col0) <= 1) (type: boolean)
                      Statistics: Num rows: 1 Data size: 8 Basic stats: COMPLETE Column stats: COMPLETE
                      Select Operator
                        Statistics: Num rows: 1 Data size: 8 Basic stats: COMPLETE Column stats: COMPLETE
                        Reduce Output Operator
                          sort order: 
                          Statistics: Num rows: 1 Data size: 8 Basic stats: COMPLETE Column stats: COMPLETE
        Reducer 30 
            Execution mode: vectorized, llap
            Reduce Operator Tree:
              Group By Operator
                aggregations: count(VALUE._col0)
                keys: KEY._col0 (type: int), KEY._col1 (type: int), KEY._col2 (type: int)
                mode: mergepartial
                outputColumnNames: _col0, _col1, _col2, _col3
                Statistics: Num rows: 103785 Data size: 2075700 Basic stats: COMPLETE Column stats: COMPLETE
                Group By Operator
                  aggregations: count(_col3)
                  keys: _col0 (type: int), _col1 (type: int), _col2 (type: int)
                  mode: hash
                  outputColumnNames: _col0, _col1, _col2, _col3
                  Statistics: Num rows: 103785 Data size: 2075700 Basic stats: COMPLETE Column stats: COMPLETE
                  Reduce Output Operator
                    key expressions: _col0 (type: int), _col1 (type: int), _col2 (type: int)
                    sort order: +++
                    Map-reduce partition columns: _col0 (type: int), _col1 (type: int), _col2 (type: int)
                    Statistics: Num rows: 103785 Data size: 2075700 Basic stats: COMPLETE Column stats: COMPLETE
                    value expressions: _col3 (type: bigint)
        Reducer 32 
            Execution mode: vectorized, llap
            Reduce Operator Tree:
              Group By Operator
                aggregations: count(VALUE._col0)
                keys: KEY._col0 (type: int), KEY._col1 (type: int), KEY._col2 (type: int)
                mode: mergepartial
                outputColumnNames: _col0, _col1, _col2, _col3
                Statistics: Num rows: 103785 Data size: 2075700 Basic stats: COMPLETE Column stats: COMPLETE
                Filter Operator
                  predicate: (_col3 = 3) (type: boolean)
                  Statistics: Num rows: 1 Data size: 20 Basic stats: COMPLETE Column stats: COMPLETE
                  Select Operator
                    expressions: _col0 (type: int), _col1 (type: int), _col2 (type: int)
                    outputColumnNames: _col0, _col1, _col2
                    Statistics: Num rows: 1 Data size: 12 Basic stats: COMPLETE Column stats: COMPLETE
                    Map Join Operator
                      condition map:
                           Inner Join 0 to 1
                      keys:
                        0 _col1 (type: int), _col2 (type: int), _col3 (type: int)
                        1 _col0 (type: int), _col1 (type: int), _col2 (type: int)
                      outputColumnNames: _col0
                      input vertices:
                        0 Map 22
                      Statistics: Num rows: 112 Data size: 896 Basic stats: COMPLETE Column stats: COMPLETE
                      Group By Operator
                        keys: _col0 (type: bigint)
                        mode: hash
                        outputColumnNames: _col0
                        Statistics: Num rows: 56 Data size: 448 Basic stats: COMPLETE Column stats: COMPLETE
                        Reduce Output Operator
                          key expressions: _col0 (type: bigint)
                          sort order: +
                          Map-reduce partition columns: _col0 (type: bigint)
                          Statistics: Num rows: 56 Data size: 448 Basic stats: COMPLETE Column stats: COMPLETE
                        Select Operator
                          expressions: _col0 (type: bigint)
                          outputColumnNames: _col0
                          Statistics: Num rows: 56 Data size: 448 Basic stats: COMPLETE Column stats: COMPLETE
                          Group By Operator
                            aggregations: min(_col0), max(_col0), bloom_filter(_col0, expectedEntries=1000000)
                            mode: hash
                            outputColumnNames: _col0, _col1, _col2
                            Statistics: Num rows: 1 Data size: 24 Basic stats: COMPLETE Column stats: COMPLETE
                            Reduce Output Operator
                              sort order: 
                              Statistics: Num rows: 1 Data size: 24 Basic stats: COMPLETE Column stats: COMPLETE
                              value expressions: _col0 (type: bigint), _col1 (type: bigint), _col2 (type: binary)
        Reducer 33 
            Execution mode: vectorized, llap
            Reduce Operator Tree:
              Group By Operator
                aggregations: min(VALUE._col0), max(VALUE._col1), bloom_filter(VALUE._col2, expectedEntries=1000000)
                mode: final
                outputColumnNames: _col0, _col1, _col2
                Statistics: Num rows: 1 Data size: 24 Basic stats: COMPLETE Column stats: COMPLETE
                Reduce Output Operator
                  sort order: 
                  Statistics: Num rows: 1 Data size: 24 Basic stats: COMPLETE Column stats: COMPLETE
                  value expressions: _col0 (type: bigint), _col1 (type: bigint), _col2 (type: binary)
        Reducer 35 
            Execution mode: vectorized, llap
            Reduce Operator Tree:
              Group By Operator
                aggregations: count(VALUE._col0)
                keys: KEY._col0 (type: int), KEY._col1 (type: int), KEY._col2 (type: int)
                mode: mergepartial
                outputColumnNames: _col0, _col1, _col2, _col3
                Statistics: Num rows: 103785 Data size: 2075700 Basic stats: COMPLETE Column stats: COMPLETE
                Group By Operator
                  aggregations: count(_col3)
                  keys: _col0 (type: int), _col1 (type: int), _col2 (type: int)
                  mode: hash
                  outputColumnNames: _col0, _col1, _col2, _col3
                  Statistics: Num rows: 103785 Data size: 2075700 Basic stats: COMPLETE Column stats: COMPLETE
                  Reduce Output Operator
                    key expressions: _col0 (type: int), _col1 (type: int), _col2 (type: int)
                    sort order: +++
                    Map-reduce partition columns: _col0 (type: int), _col1 (type: int), _col2 (type: int)
                    Statistics: Num rows: 103785 Data size: 2075700 Basic stats: COMPLETE Column stats: COMPLETE
                    value expressions: _col3 (type: bigint)
        Reducer 37 
            Execution mode: vectorized, llap
            Reduce Operator Tree:
              Group By Operator
                aggregations: count(VALUE._col0)
                keys: KEY._col0 (type: int), KEY._col1 (type: int), KEY._col2 (type: int)
                mode: mergepartial
                outputColumnNames: _col0, _col1, _col2, _col3
                Statistics: Num rows: 103785 Data size: 2075700 Basic stats: COMPLETE Column stats: COMPLETE
                Group By Operator
                  aggregations: count(_col3)
                  keys: _col0 (type: int), _col1 (type: int), _col2 (type: int)
                  mode: hash
                  outputColumnNames: _col0, _col1, _col2, _col3
                  Statistics: Num rows: 103785 Data size: 2075700 Basic stats: COMPLETE Column stats: COMPLETE
                  Reduce Output Operator
                    key expressions: _col0 (type: int), _col1 (type: int), _col2 (type: int)
                    sort order: +++
                    Map-reduce partition columns: _col0 (type: int), _col1 (type: int), _col2 (type: int)
                    Statistics: Num rows: 103785 Data size: 2075700 Basic stats: COMPLETE Column stats: COMPLETE
                    value expressions: _col3 (type: bigint)
        Reducer 4 
            Execution mode: llap
            Reduce Operator Tree:
              Merge Join Operator
                condition map:
                     Inner Join 0 to 1
                keys:
                  0 
                  1 
                outputColumnNames: _col1
                Statistics: Num rows: 1 Data size: 8 Basic stats: COMPLETE Column stats: COMPLETE
                Reduce Output Operator
                  sort order: 
                  Statistics: Num rows: 1 Data size: 8 Basic stats: COMPLETE Column stats: COMPLETE
                  value expressions: _col1 (type: double)
        Reducer 40 
            Execution mode: vectorized, llap
            Reduce Operator Tree:
              Group By Operator
                aggregations: count(VALUE._col0)
                mode: mergepartial
                outputColumnNames: _col0
                Statistics: Num rows: 1 Data size: 8 Basic stats: COMPLETE Column stats: COMPLETE
                Select Operator
                  Statistics: Num rows: 1 Data size: 8 Basic stats: COMPLETE Column stats: COMPLETE
                  Group By Operator
                    aggregations: count()
                    mode: complete
                    outputColumnNames: _col0
                    Statistics: Num rows: 1 Data size: 8 Basic stats: COMPLETE Column stats: COMPLETE
                    Filter Operator
                      predicate: (sq_count_check(_col0) <= 1) (type: boolean)
                      Statistics: Num rows: 1 Data size: 8 Basic stats: COMPLETE Column stats: COMPLETE
                      Select Operator
                        Statistics: Num rows: 1 Data size: 8 Basic stats: COMPLETE Column stats: COMPLETE
                        Reduce Output Operator
                          sort order: 
                          Statistics: Num rows: 1 Data size: 8 Basic stats: COMPLETE Column stats: COMPLETE
        Reducer 41 
            Execution mode: llap
            Reduce Operator Tree:
              Merge Join Operator
                condition map:
                     Inner Join 0 to 1
                keys:
                  0 
                  1 
                outputColumnNames: _col1
                Statistics: Num rows: 1 Data size: 8 Basic stats: COMPLETE Column stats: COMPLETE
                Reduce Output Operator
                  sort order: 
                  Statistics: Num rows: 1 Data size: 8 Basic stats: COMPLETE Column stats: COMPLETE
                  value expressions: _col1 (type: double)
        Reducer 46 
            Execution mode: llap
            Reduce Operator Tree:
              Group By Operator
                aggregations: avg(VALUE._col0)
                mode: mergepartial
                outputColumnNames: _col0
                Statistics: Num rows: 1 Data size: 8 Basic stats: COMPLETE Column stats: COMPLETE
                Reduce Output Operator
                  sort order: 
                  Statistics: Num rows: 1 Data size: 8 Basic stats: COMPLETE Column stats: COMPLETE
                  value expressions: _col0 (type: double)
        Reducer 5 
            Execution mode: llap
            Reduce Operator Tree:
              Merge Join Operator
                condition map:
                     Inner Join 0 to 1
                keys:
                  0 
                  1 
                outputColumnNames: _col1, _col2, _col3, _col4, _col5, _col6
                Statistics: Num rows: 1 Data size: 36 Basic stats: COMPLETE Column stats: COMPLETE
                Filter Operator
                  predicate: (_col5 > _col1) (type: boolean)
                  Statistics: Num rows: 1 Data size: 36 Basic stats: COMPLETE Column stats: COMPLETE
                  Select Operator
                    expressions: _col2 (type: int), _col3 (type: int), _col4 (type: int), _col5 (type: double), _col6 (type: bigint)
                    outputColumnNames: _col0, _col1, _col2, _col3, _col4
                    Statistics: Num rows: 1 Data size: 28 Basic stats: COMPLETE Column stats: COMPLETE
                    Map Join Operator
                      condition map:
                           Inner Join 0 to 1
                      keys:
                        0 _col0 (type: int), _col1 (type: int), _col2 (type: int)
                        1 _col0 (type: int), _col1 (type: int), _col2 (type: int)
                      outputColumnNames: _col0, _col1, _col2, _col3, _col4, _col5, _col6, _col7, _col8, _col9
                      input vertices:
                        1 Reducer 28
                      Statistics: Num rows: 1 Data size: 56 Basic stats: COMPLETE Column stats: COMPLETE
                      Select Operator
                        expressions: _col0 (type: int), _col8 (type: double), _col9 (type: bigint), _col1 (type: int), _col2 (type: int), _col3 (type: double), _col4 (type: bigint), _col5 (type: int), _col6 (type: int), _col7 (type: int)
                        outputColumnNames: _col1, _col10, _col11, _col2, _col3, _col4, _col5, _col7, _col8, _col9
                        Statistics: Num rows: 1 Data size: 234 Basic stats: COMPLETE Column stats: COMPLETE
                        Reduce Output Operator
                          key expressions: _col1 (type: int), _col2 (type: int), _col3 (type: int)
                          sort order: +++
                          Statistics: Num rows: 1 Data size: 234 Basic stats: COMPLETE Column stats: COMPLETE
                          TopN Hash Memory Usage: 0.04
                          value expressions: _col4 (type: double), _col5 (type: bigint), _col7 (type: int), _col8 (type: int), _col9 (type: int), _col10 (type: double), _col11 (type: bigint)
        Reducer 52 
            Execution mode: vectorized, llap
            Reduce Operator Tree:
              Group By Operator
                aggregations: count(VALUE._col0)
                keys: KEY._col0 (type: int), KEY._col1 (type: int), KEY._col2 (type: int)
                mode: mergepartial
                outputColumnNames: _col0, _col1, _col2, _col3
                Statistics: Num rows: 103785 Data size: 2075700 Basic stats: COMPLETE Column stats: COMPLETE
                Group By Operator
                  aggregations: count(_col3)
                  keys: _col0 (type: int), _col1 (type: int), _col2 (type: int)
                  mode: hash
                  outputColumnNames: _col0, _col1, _col2, _col3
                  Statistics: Num rows: 103785 Data size: 2075700 Basic stats: COMPLETE Column stats: COMPLETE
                  Reduce Output Operator
                    key expressions: _col0 (type: int), _col1 (type: int), _col2 (type: int)
                    sort order: +++
                    Map-reduce partition columns: _col0 (type: int), _col1 (type: int), _col2 (type: int)
                    Statistics: Num rows: 103785 Data size: 2075700 Basic stats: COMPLETE Column stats: COMPLETE
                    value expressions: _col3 (type: bigint)
        Reducer 54 
            Execution mode: vectorized, llap
            Reduce Operator Tree:
              Group By Operator
                aggregations: count(VALUE._col0)
                keys: KEY._col0 (type: int), KEY._col1 (type: int), KEY._col2 (type: int)
                mode: mergepartial
                outputColumnNames: _col0, _col1, _col2, _col3
                Statistics: Num rows: 103785 Data size: 2075700 Basic stats: COMPLETE Column stats: COMPLETE
                Filter Operator
                  predicate: (_col3 = 3) (type: boolean)
                  Statistics: Num rows: 1 Data size: 20 Basic stats: COMPLETE Column stats: COMPLETE
                  Select Operator
                    expressions: _col0 (type: int), _col1 (type: int), _col2 (type: int)
                    outputColumnNames: _col0, _col1, _col2
                    Statistics: Num rows: 1 Data size: 12 Basic stats: COMPLETE Column stats: COMPLETE
                    Map Join Operator
                      condition map:
                           Inner Join 0 to 1
                      keys:
                        0 _col1 (type: int), _col2 (type: int), _col3 (type: int)
                        1 _col0 (type: int), _col1 (type: int), _col2 (type: int)
                      outputColumnNames: _col0
                      input vertices:
                        0 Map 22
                      Statistics: Num rows: 112 Data size: 896 Basic stats: COMPLETE Column stats: COMPLETE
                      Group By Operator
                        keys: _col0 (type: bigint)
                        mode: hash
                        outputColumnNames: _col0
                        Statistics: Num rows: 56 Data size: 448 Basic stats: COMPLETE Column stats: COMPLETE
                        Reduce Output Operator
                          key expressions: _col0 (type: bigint)
                          sort order: +
                          Map-reduce partition columns: _col0 (type: bigint)
                          Statistics: Num rows: 56 Data size: 448 Basic stats: COMPLETE Column stats: COMPLETE
                        Select Operator
                          expressions: _col0 (type: bigint)
                          outputColumnNames: _col0
                          Statistics: Num rows: 56 Data size: 448 Basic stats: COMPLETE Column stats: COMPLETE
                          Group By Operator
                            aggregations: min(_col0), max(_col0), bloom_filter(_col0, expectedEntries=1000000)
                            mode: hash
                            outputColumnNames: _col0, _col1, _col2
                            Statistics: Num rows: 1 Data size: 24 Basic stats: COMPLETE Column stats: COMPLETE
                            Reduce Output Operator
                              sort order: 
                              Statistics: Num rows: 1 Data size: 24 Basic stats: COMPLETE Column stats: COMPLETE
                              value expressions: _col0 (type: bigint), _col1 (type: bigint), _col2 (type: binary)
        Reducer 55 
            Execution mode: vectorized, llap
            Reduce Operator Tree:
              Group By Operator
                aggregations: min(VALUE._col0), max(VALUE._col1), bloom_filter(VALUE._col2, expectedEntries=1000000)
                mode: final
                outputColumnNames: _col0, _col1, _col2
                Statistics: Num rows: 1 Data size: 24 Basic stats: COMPLETE Column stats: COMPLETE
                Reduce Output Operator
                  sort order: 
                  Statistics: Num rows: 1 Data size: 24 Basic stats: COMPLETE Column stats: COMPLETE
                  value expressions: _col0 (type: bigint), _col1 (type: bigint), _col2 (type: binary)
        Reducer 57 
            Execution mode: vectorized, llap
            Reduce Operator Tree:
              Group By Operator
                aggregations: count(VALUE._col0)
                keys: KEY._col0 (type: int), KEY._col1 (type: int), KEY._col2 (type: int)
                mode: mergepartial
                outputColumnNames: _col0, _col1, _col2, _col3
                Statistics: Num rows: 103785 Data size: 2075700 Basic stats: COMPLETE Column stats: COMPLETE
                Group By Operator
                  aggregations: count(_col3)
                  keys: _col0 (type: int), _col1 (type: int), _col2 (type: int)
                  mode: hash
                  outputColumnNames: _col0, _col1, _col2, _col3
                  Statistics: Num rows: 103785 Data size: 2075700 Basic stats: COMPLETE Column stats: COMPLETE
                  Reduce Output Operator
                    key expressions: _col0 (type: int), _col1 (type: int), _col2 (type: int)
                    sort order: +++
                    Map-reduce partition columns: _col0 (type: int), _col1 (type: int), _col2 (type: int)
                    Statistics: Num rows: 103785 Data size: 2075700 Basic stats: COMPLETE Column stats: COMPLETE
                    value expressions: _col3 (type: bigint)
        Reducer 59 
            Execution mode: vectorized, llap
            Reduce Operator Tree:
              Group By Operator
                aggregations: count(VALUE._col0)
                keys: KEY._col0 (type: int), KEY._col1 (type: int), KEY._col2 (type: int)
                mode: mergepartial
                outputColumnNames: _col0, _col1, _col2, _col3
                Statistics: Num rows: 103785 Data size: 2075700 Basic stats: COMPLETE Column stats: COMPLETE
                Group By Operator
                  aggregations: count(_col3)
                  keys: _col0 (type: int), _col1 (type: int), _col2 (type: int)
                  mode: hash
                  outputColumnNames: _col0, _col1, _col2, _col3
                  Statistics: Num rows: 103785 Data size: 2075700 Basic stats: COMPLETE Column stats: COMPLETE
                  Reduce Output Operator
                    key expressions: _col0 (type: int), _col1 (type: int), _col2 (type: int)
                    sort order: +++
                    Map-reduce partition columns: _col0 (type: int), _col1 (type: int), _col2 (type: int)
                    Statistics: Num rows: 103785 Data size: 2075700 Basic stats: COMPLETE Column stats: COMPLETE
                    value expressions: _col3 (type: bigint)
        Reducer 6 
            Execution mode: vectorized, llap
            Reduce Operator Tree:
              Select Operator
                expressions: 'store' (type: string), KEY.reducesinkkey0 (type: int), KEY.reducesinkkey1 (type: int), KEY.reducesinkkey2 (type: int), VALUE._col0 (type: double), VALUE._col1 (type: bigint), 'store' (type: string), VALUE._col2 (type: int), VALUE._col3 (type: int), VALUE._col4 (type: int), VALUE._col5 (type: double), VALUE._col6 (type: bigint)
                outputColumnNames: _col0, _col1, _col2, _col3, _col4, _col5, _col6, _col7, _col8, _col9, _col10, _col11
                Statistics: Num rows: 1 Data size: 319 Basic stats: COMPLETE Column stats: COMPLETE
                Limit
                  Number of rows: 100
                  Statistics: Num rows: 1 Data size: 319 Basic stats: COMPLETE Column stats: COMPLETE
                  File Output Operator
                    compressed: false
                    Statistics: Num rows: 1 Data size: 319 Basic stats: COMPLETE Column stats: COMPLETE
                    table:
                        input format: org.apache.hadoop.mapred.SequenceFileInputFormat
                        output format: org.apache.hadoop.hive.ql.io.HiveSequenceFileOutputFormat
                        serde: org.apache.hadoop.hive.serde2.lazy.LazySimpleSerDe
        Union 13 
            Vertex: Union 13
        Union 2 
            Vertex: Union 2
        Union 31 
            Vertex: Union 31
        Union 39 
            Vertex: Union 39
        Union 45 
            Vertex: Union 45
        Union 53 
            Vertex: Union 53

  Stage: Stage-0
    Fetch Operator
      limit: 100
      Processor Tree:
        ListSink