STAGE DEPENDENCIES:
  Stage-1 is a root stage
  Stage-0 depends on stages: Stage-1

STAGE PLANS:
  Stage: Stage-1
    Tez
      DagId: hive_20170626025551_fec081af-5b40-46dc-ac24-5d6df9168678:408
      Edges:
        Map 1 <- Reducer 8 (BROADCAST_EDGE)
        Map 5 <- Reducer 8 (BROADCAST_EDGE)
        Reducer 2 <- Map 1 (CUSTOM_SIMPLE_EDGE), Map 5 (CUSTOM_SIMPLE_EDGE), Map 6 (BROADCAST_EDGE), Map 7 (BROADCAST_EDGE), Map 9 (BROADCAST_EDGE)
        Reducer 3 <- Reducer 2 (SIMPLE_EDGE)
        Reducer 4 <- Reducer 3 (SIMPLE_EDGE)
        Reducer 8 <- Map 7 (CUSTOM_SIMPLE_EDGE)
      DagName: query40.sql
      Vertices:
        Map 1 
            Map Operator Tree:
                TableScan
                  alias: catalog_sales
                  filterExpr: (cs_warehouse_sk is not null and cs_item_sk is not null and (cs_item_sk BETWEEN DynamicValue(RS_22_item_i_item_sk_min) AND DynamicValue(RS_22_item_i_item_sk_max) and in_bloom_filter(cs_item_sk, DynamicValue(RS_22_item_i_item_sk_bloom_filter)))) (type: boolean)
                  Statistics: Num rows: 143352541321 Data size: 5731205183416 Basic stats: COMPLETE Column stats: COMPLETE
                  Filter Operator
                    predicate: (cs_warehouse_sk is not null and cs_item_sk is not null and (cs_item_sk BETWEEN DynamicValue(RS_22_item_i_item_sk_min) AND DynamicValue(RS_22_item_i_item_sk_max) and in_bloom_filter(cs_item_sk, DynamicValue(RS_22_item_i_item_sk_bloom_filter)))) (type: boolean)
                    Statistics: Num rows: 143170362182 Data size: 5723921698824 Basic stats: COMPLETE Column stats: COMPLETE
                    Select Operator
                      expressions: cs_warehouse_sk (type: bigint), cs_item_sk (type: bigint), cs_order_number (type: bigint), cs_sales_price (type: double), cs_sold_date_sk (type: bigint)
                      outputColumnNames: _col0, _col1, _col2, _col3, _col4
                      Statistics: Num rows: 143170362182 Data size: 5723921698824 Basic stats: COMPLETE Column stats: COMPLETE
                      Reduce Output Operator
                        key expressions: _col1 (type: bigint), _col2 (type: bigint)
                        sort order: ++
                        Map-reduce partition columns: _col1 (type: bigint), _col2 (type: bigint)
                        Statistics: Num rows: 143170362182 Data size: 5723921698824 Basic stats: COMPLETE Column stats: COMPLETE
                        value expressions: _col0 (type: bigint), _col3 (type: double), _col4 (type: bigint)
            Execution mode: vectorized, llap
            LLAP IO: all inputs
        Map 5 
            Map Operator Tree:
                TableScan
                  alias: catalog_returns
                  filterExpr: (cr_item_sk is not null and (cr_item_sk BETWEEN DynamicValue(RS_22_item_i_item_sk_min) AND DynamicValue(RS_22_item_i_item_sk_max) and in_bloom_filter(cr_item_sk, DynamicValue(RS_22_item_i_item_sk_bloom_filter)))) (type: boolean)
                  Statistics: Num rows: 14403369483 Data size: 344666198472 Basic stats: COMPLETE Column stats: COMPLETE
                  Filter Operator
                    predicate: (cr_item_sk is not null and (cr_item_sk BETWEEN DynamicValue(RS_22_item_i_item_sk_min) AND DynamicValue(RS_22_item_i_item_sk_max) and in_bloom_filter(cr_item_sk, DynamicValue(RS_22_item_i_item_sk_bloom_filter)))) (type: boolean)
                    Statistics: Num rows: 14403369483 Data size: 344666198472 Basic stats: COMPLETE Column stats: COMPLETE
                    Select Operator
                      expressions: cr_item_sk (type: bigint), cr_order_number (type: bigint), cr_refunded_cash (type: double)
                      outputColumnNames: _col0, _col1, _col2
                      Statistics: Num rows: 14403369483 Data size: 344666198472 Basic stats: COMPLETE Column stats: COMPLETE
                      Reduce Output Operator
                        key expressions: _col0 (type: bigint), _col1 (type: bigint)
                        sort order: ++
                        Map-reduce partition columns: _col0 (type: bigint), _col1 (type: bigint)
                        Statistics: Num rows: 14403369483 Data size: 344666198472 Basic stats: COMPLETE Column stats: COMPLETE
                        value expressions: _col2 (type: double)
            Execution mode: vectorized, llap
            LLAP IO: all inputs
        Map 6 
            Map Operator Tree:
                TableScan
                  alias: date_dim
                  filterExpr: (CAST( d_date AS TIMESTAMP) BETWEEN 1998-03-09 00:00:00.0 AND 1998-05-08 00:00:00.0 and d_date_sk is not null) (type: boolean)
                  Statistics: Num rows: 73049 Data size: 7450998 Basic stats: COMPLETE Column stats: COMPLETE
                  Filter Operator
                    predicate: (CAST( d_date AS TIMESTAMP) BETWEEN 1998-03-09 00:00:00.0 AND 1998-05-08 00:00:00.0 and d_date_sk is not null) (type: boolean)
                    Statistics: Num rows: 8116 Data size: 827832 Basic stats: COMPLETE Column stats: COMPLETE
                    Select Operator
                      expressions: d_date_sk (type: bigint), d_date (type: string)
                      outputColumnNames: _col0, _col1
                      Statistics: Num rows: 8116 Data size: 827832 Basic stats: COMPLETE Column stats: COMPLETE
                      Reduce Output Operator
                        key expressions: _col0 (type: bigint)
                        sort order: +
                        Map-reduce partition columns: _col0 (type: bigint)
                        Statistics: Num rows: 8116 Data size: 827832 Basic stats: COMPLETE Column stats: COMPLETE
                        value expressions: _col1 (type: string)
                      Select Operator
                        expressions: _col0 (type: bigint)
                        outputColumnNames: _col0
                        Statistics: Num rows: 8116 Data size: 827832 Basic stats: COMPLETE Column stats: COMPLETE
                        Group By Operator
                          keys: _col0 (type: bigint)
                          mode: hash
                          outputColumnNames: _col0
                          Statistics: Num rows: 8116 Data size: 827832 Basic stats: COMPLETE Column stats: COMPLETE
                          Dynamic Partitioning Event Operator
                            Target column: cs_sold_date_sk (bigint)
                            Target Input: catalog_sales
                            Partition key expr: cs_sold_date_sk
                            Statistics: Num rows: 8116 Data size: 827832 Basic stats: COMPLETE Column stats: COMPLETE
                            Target Vertex: Map 1
            Execution mode: vectorized, llap
            LLAP IO: all inputs
        Map 7 
            Map Operator Tree:
                TableScan
                  alias: item
                  filterExpr: (i_current_price BETWEEN 0.99 AND 1.49 and i_item_sk is not null) (type: boolean)
                  Statistics: Num rows: 502000 Data size: 58221904 Basic stats: COMPLETE Column stats: COMPLETE
                  Filter Operator
                    predicate: (i_current_price BETWEEN 0.99 AND 1.49 and i_item_sk is not null) (type: boolean)
                    Statistics: Num rows: 55777 Data size: 6469020 Basic stats: COMPLETE Column stats: COMPLETE
                    Select Operator
                      expressions: i_item_sk (type: bigint), i_item_id (type: string)
                      outputColumnNames: _col0, _col1
                      Statistics: Num rows: 55777 Data size: 6469020 Basic stats: COMPLETE Column stats: COMPLETE
                      Reduce Output Operator
                        key expressions: _col0 (type: bigint)
                        sort order: +
                        Map-reduce partition columns: _col0 (type: bigint)
                        Statistics: Num rows: 55777 Data size: 6469020 Basic stats: COMPLETE Column stats: COMPLETE
                        value expressions: _col1 (type: string)
                      Select Operator
                        expressions: _col0 (type: bigint)
                        outputColumnNames: _col0
                        Statistics: Num rows: 55777 Data size: 446216 Basic stats: COMPLETE Column stats: COMPLETE
                        Group By Operator
                          aggregations: min(_col0), max(_col0), bloom_filter(_col0, expectedEntries=1000000)
                          mode: hash
                          outputColumnNames: _col0, _col1, _col2
                          Statistics: Num rows: 1 Data size: 24 Basic stats: COMPLETE Column stats: COMPLETE
                          Reduce Output Operator
                            sort order: 
                            Statistics: Num rows: 1 Data size: 24 Basic stats: COMPLETE Column stats: COMPLETE
                            value expressions: _col0 (type: bigint), _col1 (type: bigint), _col2 (type: binary)
            Execution mode: vectorized, llap
            LLAP IO: all inputs
        Map 9 
            Map Operator Tree:
                TableScan
                  alias: warehouse
                  filterExpr: w_warehouse_sk is not null (type: boolean)
                  Statistics: Num rows: 30 Data size: 2820 Basic stats: COMPLETE Column stats: COMPLETE
                  Filter Operator
                    predicate: w_warehouse_sk is not null (type: boolean)
                    Statistics: Num rows: 30 Data size: 2820 Basic stats: COMPLETE Column stats: COMPLETE
                    Select Operator
                      expressions: w_warehouse_sk (type: bigint), w_state (type: string)
                      outputColumnNames: _col0, _col1
                      Statistics: Num rows: 30 Data size: 2820 Basic stats: COMPLETE Column stats: COMPLETE
                      Reduce Output Operator
                        key expressions: _col0 (type: bigint)
                        sort order: +
                        Map-reduce partition columns: _col0 (type: bigint)
                        Statistics: Num rows: 30 Data size: 2820 Basic stats: COMPLETE Column stats: COMPLETE
                        value expressions: _col1 (type: string)
            Execution mode: vectorized, llap
            LLAP IO: all inputs
        Reducer 2 
            Execution mode: vectorized, llap
            Reduce Operator Tree:
              Map Join Operator
                condition map:
                     Left Outer Join0 to 1
                keys:
                  0 KEY.reducesinkkey0 (type: bigint), KEY.reducesinkkey1 (type: bigint)
                  1 KEY.reducesinkkey0 (type: bigint), KEY.reducesinkkey1 (type: bigint)
                outputColumnNames: _col0, _col1, _col3, _col4, _col7
                input vertices:
                  1 Map 5
                Statistics: Num rows: 143170362182 Data size: 5726814487280 Basic stats: COMPLETE Column stats: COMPLETE
                Map Join Operator
                  condition map:
                       Inner Join 0 to 1
                  keys:
                    0 _col4 (type: bigint)
                    1 _col0 (type: bigint)
                  outputColumnNames: _col0, _col1, _col3, _col7, _col9
                  input vertices:
                    1 Map 6
                  Statistics: Num rows: 15906729036 Data size: 2004247858536 Basic stats: COMPLETE Column stats: COMPLETE
                  Map Join Operator
                    condition map:
                         Inner Join 0 to 1
                    keys:
                      0 _col1 (type: bigint)
                      1 _col0 (type: bigint)
                    outputColumnNames: _col0, _col3, _col7, _col9, _col11
                    input vertices:
                      1 Map 7
                    Statistics: Num rows: 1767389700 Data size: 385290954600 Basic stats: COMPLETE Column stats: COMPLETE
                    Map Join Operator
                      condition map:
                           Inner Join 0 to 1
                      keys:
                        0 _col0 (type: bigint)
                        1 _col0 (type: bigint)
                      outputColumnNames: _col3, _col7, _col9, _col11, _col14
                      input vertices:
                        1 Map 9
                      Statistics: Num rows: 1767389700 Data size: 523147351200 Basic stats: COMPLETE Column stats: COMPLETE
                      Select Operator
                        expressions: _col14 (type: string), _col11 (type: string), CASE WHEN ((CAST( _col9 AS DATE) < 1998-04-08)) THEN ((_col3 - COALESCE(_col7,0))) ELSE (0) END (type: double), CASE WHEN ((CAST( _col9 AS DATE) >= 1998-04-08)) THEN ((_col3 - COALESCE(_col7,0))) ELSE (0) END (type: double)
                        outputColumnNames: _col0, _col1, _col2, _col3
                        Statistics: Num rows: 1767389700 Data size: 523147351200 Basic stats: COMPLETE Column stats: COMPLETE
                        Group By Operator
                          aggregations: sum(_col2), sum(_col3)
                          keys: _col0 (type: string), _col1 (type: string)
                          mode: hash
                          outputColumnNames: _col0, _col1, _col2, _col3
                          Statistics: Num rows: 883694850 Data size: 178506359700 Basic stats: COMPLETE Column stats: COMPLETE
                          Reduce Output Operator
                            key expressions: _col0 (type: string), _col1 (type: string)
                            sort order: ++
                            Map-reduce partition columns: _col0 (type: string), _col1 (type: string)
                            Statistics: Num rows: 883694850 Data size: 178506359700 Basic stats: COMPLETE Column stats: COMPLETE
                            TopN Hash Memory Usage: 0.04
                            value expressions: _col2 (type: double), _col3 (type: double)
        Reducer 3 
            Execution mode: vectorized, llap
            Reduce Operator Tree:
              Group By Operator
                aggregations: sum(VALUE._col0), sum(VALUE._col1)
                keys: KEY._col0 (type: string), KEY._col1 (type: string)
                mode: mergepartial
                outputColumnNames: _col0, _col1, _col2, _col3
                Statistics: Num rows: 677808 Data size: 136917216 Basic stats: COMPLETE Column stats: COMPLETE
                Reduce Output Operator
                  key expressions: _col0 (type: string), _col1 (type: string)
                  sort order: ++
                  Statistics: Num rows: 677808 Data size: 136917216 Basic stats: COMPLETE Column stats: COMPLETE
                  TopN Hash Memory Usage: 0.04
                  value expressions: _col2 (type: double), _col3 (type: double)
        Reducer 4 
            Execution mode: vectorized, llap
            Reduce Operator Tree:
              Select Operator
                expressions: KEY.reducesinkkey0 (type: string), KEY.reducesinkkey1 (type: string), VALUE._col0 (type: double), VALUE._col1 (type: double)
                outputColumnNames: _col0, _col1, _col2, _col3
                Statistics: Num rows: 677808 Data size: 136917216 Basic stats: COMPLETE Column stats: COMPLETE
                Limit
                  Number of rows: 100
                  Statistics: Num rows: 100 Data size: 20200 Basic stats: COMPLETE Column stats: COMPLETE
                  File Output Operator
                    compressed: false
                    Statistics: Num rows: 100 Data size: 20200 Basic stats: COMPLETE Column stats: COMPLETE
                    table:
                        input format: org.apache.hadoop.mapred.SequenceFileInputFormat
                        output format: org.apache.hadoop.hive.ql.io.HiveSequenceFileOutputFormat
                        serde: org.apache.hadoop.hive.serde2.lazy.LazySimpleSerDe
        Reducer 8 
            Execution mode: vectorized, llap
            Reduce Operator Tree:
              Group By Operator
                aggregations: min(VALUE._col0), max(VALUE._col1), bloom_filter(VALUE._col2, expectedEntries=1000000)
                mode: final
                outputColumnNames: _col0, _col1, _col2
                Statistics: Num rows: 1 Data size: 24 Basic stats: COMPLETE Column stats: COMPLETE
                Reduce Output Operator
                  sort order: 
                  Statistics: Num rows: 1 Data size: 24 Basic stats: COMPLETE Column stats: COMPLETE
                  value expressions: _col0 (type: bigint), _col1 (type: bigint), _col2 (type: binary)
                Reduce Output Operator
                  sort order: 
                  Statistics: Num rows: 1 Data size: 24 Basic stats: COMPLETE Column stats: COMPLETE
                  value expressions: _col0 (type: bigint), _col1 (type: bigint), _col2 (type: binary)

  Stage: Stage-0
    Fetch Operator
      limit: 100
      Processor Tree:
        ListSink