STAGE DEPENDENCIES:
  Stage-1 is a root stage
  Stage-0 depends on stages: Stage-1

STAGE PLANS:
  Stage: Stage-1
    Tez
      DagId: hive_20170626025613_183d89c9-1be3-4900-b2db-f055e66639f1:432
      Edges:
        Map 1 <- Map 2 (BROADCAST_EDGE), Map 32 (BROADCAST_EDGE)
        Map 18 <- Reducer 25 (BROADCAST_EDGE), Reducer 38 (BROADCAST_EDGE)
        Map 22 <- Reducer 25 (BROADCAST_EDGE), Reducer 38 (BROADCAST_EDGE)
        Map 23 <- Reducer 12 (BROADCAST_EDGE), Reducer 13 (BROADCAST_EDGE), Reducer 25 (BROADCAST_EDGE), Reducer 38 (BROADCAST_EDGE)
        Map 3 <- Map 2 (BROADCAST_EDGE), Map 32 (BROADCAST_EDGE)
        Map 34 <- Map 4 (BROADCAST_EDGE)
        Map 35 <- Map 14 (BROADCAST_EDGE), Map 15 (BROADCAST_EDGE), Map 4 (BROADCAST_EDGE), Map 7 (BROADCAST_EDGE), Reducer 17 (BROADCAST_EDGE), Reducer 26 (BROADCAST_EDGE), Reducer 30 (BROADCAST_EDGE), Reducer 43 (BROADCAST_EDGE), Reducer 44 (BROADCAST_EDGE)
        Map 4 <- Map 33 (BROADCAST_EDGE), Map 5 (BROADCAST_EDGE)
        Map 41 <- Reducer 26 (BROADCAST_EDGE)
        Map 45 <- Reducer 26 (BROADCAST_EDGE)
        Map 46 <- Reducer 26 (BROADCAST_EDGE), Reducer 39 (BROADCAST_EDGE), Reducer 40 (BROADCAST_EDGE)
        Map 6 <- Map 4 (BROADCAST_EDGE)
        Map 7 <- Map 34 (BROADCAST_EDGE), Map 6 (BROADCAST_EDGE)
        Map 8 <- Map 14 (BROADCAST_EDGE), Map 15 (BROADCAST_EDGE), Map 4 (BROADCAST_EDGE), Map 7 (BROADCAST_EDGE), Reducer 16 (BROADCAST_EDGE), Reducer 20 (BROADCAST_EDGE), Reducer 21 (BROADCAST_EDGE), Reducer 25 (BROADCAST_EDGE), Reducer 29 (BROADCAST_EDGE), Reducer 38 (BROADCAST_EDGE)
        Reducer 10 <- Reducer 37 (BROADCAST_EDGE), Reducer 9 (SIMPLE_EDGE)
        Reducer 11 <- Reducer 10 (SIMPLE_EDGE)
        Reducer 12 <- Map 8 (CUSTOM_SIMPLE_EDGE)
        Reducer 13 <- Map 8 (CUSTOM_SIMPLE_EDGE)
        Reducer 16 <- Map 15 (CUSTOM_SIMPLE_EDGE)
        Reducer 17 <- Map 15 (CUSTOM_SIMPLE_EDGE)
        Reducer 19 <- Map 18 (CUSTOM_SIMPLE_EDGE), Map 22 (CUSTOM_SIMPLE_EDGE)
        Reducer 20 <- Reducer 19 (SIMPLE_EDGE)
        Reducer 21 <- Reducer 20 (CUSTOM_SIMPLE_EDGE)
        Reducer 25 <- Map 24 (CUSTOM_SIMPLE_EDGE)
        Reducer 26 <- Map 24 (CUSTOM_SIMPLE_EDGE)
        Reducer 29 <- Map 28 (CUSTOM_SIMPLE_EDGE)
        Reducer 30 <- Map 28 (CUSTOM_SIMPLE_EDGE)
        Reducer 36 <- Map 1 (BROADCAST_EDGE), Map 24 (BROADCAST_EDGE), Map 27 (BROADCAST_EDGE), Map 28 (BROADCAST_EDGE), Map 3 (BROADCAST_EDGE), Map 31 (BROADCAST_EDGE), Map 35 (CUSTOM_SIMPLE_EDGE), Map 46 (CUSTOM_SIMPLE_EDGE)
        Reducer 37 <- Reducer 36 (SIMPLE_EDGE)
        Reducer 38 <- Reducer 37 (CUSTOM_SIMPLE_EDGE)
        Reducer 39 <- Map 35 (CUSTOM_SIMPLE_EDGE)
        Reducer 40 <- Map 35 (CUSTOM_SIMPLE_EDGE)
        Reducer 42 <- Map 41 (CUSTOM_SIMPLE_EDGE), Map 45 (CUSTOM_SIMPLE_EDGE)
        Reducer 43 <- Reducer 42 (SIMPLE_EDGE)
        Reducer 44 <- Reducer 43 (CUSTOM_SIMPLE_EDGE)
        Reducer 9 <- Map 1 (BROADCAST_EDGE), Map 23 (CUSTOM_SIMPLE_EDGE), Map 24 (BROADCAST_EDGE), Map 27 (BROADCAST_EDGE), Map 28 (BROADCAST_EDGE), Map 3 (BROADCAST_EDGE), Map 31 (BROADCAST_EDGE), Map 8 (CUSTOM_SIMPLE_EDGE)
      DagName: query64.sql
      Vertices:
        Map 1 
            Map Operator Tree:
                TableScan
                  alias: hd1
                  filterExpr: (hd_demo_sk is not null and hd_income_band_sk is not null) (type: boolean)
                  Statistics: Num rows: 7200 Data size: 115200 Basic stats: COMPLETE Column stats: COMPLETE
                  Filter Operator
                    predicate: (hd_demo_sk is not null and hd_income_band_sk is not null) (type: boolean)
                    Statistics: Num rows: 7200 Data size: 115200 Basic stats: COMPLETE Column stats: COMPLETE
                    Select Operator
                      expressions: hd_demo_sk (type: bigint), hd_income_band_sk (type: bigint)
                      outputColumnNames: _col0, _col1
                      Statistics: Num rows: 7200 Data size: 115200 Basic stats: COMPLETE Column stats: COMPLETE
                      Map Join Operator
                        condition map:
                             Inner Join 0 to 1
                        keys:
                          0 _col1 (type: bigint)
                          1 _col0 (type: bigint)
                        outputColumnNames: _col0
                        input vertices:
                          1 Map 2
                        Statistics: Num rows: 7200 Data size: 57600 Basic stats: COMPLETE Column stats: COMPLETE
                        Reduce Output Operator
                          key expressions: _col0 (type: bigint)
                          sort order: +
                          Map-reduce partition columns: _col0 (type: bigint)
                          Statistics: Num rows: 7200 Data size: 57600 Basic stats: COMPLETE Column stats: COMPLETE
                  Filter Operator
                    predicate: (hd_demo_sk is not null and hd_income_band_sk is not null) (type: boolean)
                    Statistics: Num rows: 7200 Data size: 115200 Basic stats: COMPLETE Column stats: COMPLETE
                    Select Operator
                      expressions: hd_demo_sk (type: bigint), hd_income_band_sk (type: bigint)
                      outputColumnNames: _col0, _col1
                      Statistics: Num rows: 7200 Data size: 115200 Basic stats: COMPLETE Column stats: COMPLETE
                      Map Join Operator
                        condition map:
                             Inner Join 0 to 1
                        keys:
                          0 _col1 (type: bigint)
                          1 _col0 (type: bigint)
                        outputColumnNames: _col0
                        input vertices:
                          1 Map 32
                        Statistics: Num rows: 7200 Data size: 57600 Basic stats: COMPLETE Column stats: COMPLETE
                        Reduce Output Operator
                          key expressions: _col0 (type: bigint)
                          sort order: +
                          Map-reduce partition columns: _col0 (type: bigint)
                          Statistics: Num rows: 7200 Data size: 57600 Basic stats: COMPLETE Column stats: COMPLETE
            Execution mode: vectorized, llap
            LLAP IO: all inputs
        Map 14 
            Map Operator Tree:
                TableScan
                  alias: store
                  filterExpr: (s_store_sk is not null and s_store_name is not null and s_zip is not null) (type: boolean)
                  Statistics: Num rows: 1902 Data size: 351870 Basic stats: COMPLETE Column stats: COMPLETE
                  Filter Operator
                    predicate: (s_store_sk is not null and s_store_name is not null and s_zip is not null) (type: boolean)
                    Statistics: Num rows: 1902 Data size: 351870 Basic stats: COMPLETE Column stats: COMPLETE
                    Select Operator
                      expressions: s_store_sk (type: bigint), s_store_name (type: string), s_zip (type: string)
                      outputColumnNames: _col0, _col1, _col2
                      Statistics: Num rows: 1902 Data size: 351870 Basic stats: COMPLETE Column stats: COMPLETE
                      Reduce Output Operator
                        key expressions: _col0 (type: bigint)
                        sort order: +
                        Map-reduce partition columns: _col0 (type: bigint)
                        Statistics: Num rows: 1902 Data size: 351870 Basic stats: COMPLETE Column stats: COMPLETE
                        value expressions: _col1 (type: string), _col2 (type: string)
                  Filter Operator
                    predicate: (s_store_sk is not null and s_store_name is not null and s_zip is not null) (type: boolean)
                    Statistics: Num rows: 1902 Data size: 351870 Basic stats: COMPLETE Column stats: COMPLETE
                    Select Operator
                      expressions: s_store_sk (type: bigint), s_store_name (type: string), s_zip (type: string)
                      outputColumnNames: _col0, _col1, _col2
                      Statistics: Num rows: 1902 Data size: 351870 Basic stats: COMPLETE Column stats: COMPLETE
                      Reduce Output Operator
                        key expressions: _col0 (type: bigint)
                        sort order: +
                        Map-reduce partition columns: _col0 (type: bigint)
                        Statistics: Num rows: 1902 Data size: 351870 Basic stats: COMPLETE Column stats: COMPLETE
                        value expressions: _col1 (type: string), _col2 (type: string)
            Execution mode: vectorized, llap
            LLAP IO: all inputs
        Map 15 
            Map Operator Tree:
                TableScan
                  alias: cd1
                  filterExpr: cd_demo_sk is not null (type: boolean)
                  Statistics: Num rows: 883835 Data size: 82196655 Basic stats: COMPLETE Column stats: COMPLETE
                  Filter Operator
                    predicate: cd_demo_sk is not null (type: boolean)
                    Statistics: Num rows: 883835 Data size: 82196655 Basic stats: COMPLETE Column stats: COMPLETE
                    Select Operator
                      expressions: cd_demo_sk (type: bigint), cd_marital_status (type: string)
                      outputColumnNames: _col0, _col1
                      Statistics: Num rows: 883835 Data size: 82196655 Basic stats: COMPLETE Column stats: COMPLETE
                      Reduce Output Operator
                        key expressions: _col0 (type: bigint)
                        sort order: +
                        Map-reduce partition columns: _col0 (type: bigint)
                        Statistics: Num rows: 883835 Data size: 82196655 Basic stats: COMPLETE Column stats: COMPLETE
                        value expressions: _col1 (type: string)
                      Select Operator
                        expressions: _col0 (type: bigint)
                        outputColumnNames: _col0
                        Statistics: Num rows: 883835 Data size: 7070680 Basic stats: COMPLETE Column stats: COMPLETE
                        Group By Operator
                          aggregations: min(_col0), max(_col0), bloom_filter(_col0, expectedEntries=1478300)
                          mode: hash
                          outputColumnNames: _col0, _col1, _col2
                          Statistics: Num rows: 1 Data size: 24 Basic stats: COMPLETE Column stats: COMPLETE
                          Reduce Output Operator
                            sort order: 
                            Statistics: Num rows: 1 Data size: 24 Basic stats: COMPLETE Column stats: COMPLETE
                            value expressions: _col0 (type: bigint), _col1 (type: bigint), _col2 (type: binary)
                  Filter Operator
                    predicate: cd_demo_sk is not null (type: boolean)
                    Statistics: Num rows: 883835 Data size: 82196655 Basic stats: COMPLETE Column stats: COMPLETE
                    Select Operator
                      expressions: cd_demo_sk (type: bigint), cd_marital_status (type: string)
                      outputColumnNames: _col0, _col1
                      Statistics: Num rows: 883835 Data size: 82196655 Basic stats: COMPLETE Column stats: COMPLETE
                      Reduce Output Operator
                        key expressions: _col0 (type: bigint)
                        sort order: +
                        Map-reduce partition columns: _col0 (type: bigint)
                        Statistics: Num rows: 883835 Data size: 82196655 Basic stats: COMPLETE Column stats: COMPLETE
                        value expressions: _col1 (type: string)
                      Select Operator
                        expressions: _col0 (type: bigint)
                        outputColumnNames: _col0
                        Statistics: Num rows: 883835 Data size: 7070680 Basic stats: COMPLETE Column stats: COMPLETE
                        Group By Operator
                          aggregations: min(_col0), max(_col0), bloom_filter(_col0, expectedEntries=1478300)
                          mode: hash
                          outputColumnNames: _col0, _col1, _col2
                          Statistics: Num rows: 1 Data size: 24 Basic stats: COMPLETE Column stats: COMPLETE
                          Reduce Output Operator
                            sort order: 
                            Statistics: Num rows: 1 Data size: 24 Basic stats: COMPLETE Column stats: COMPLETE
                            value expressions: _col0 (type: bigint), _col1 (type: bigint), _col2 (type: binary)
            Execution mode: vectorized, llap
            LLAP IO: all inputs
        Map 18 
            Map Operator Tree:
                TableScan
                  alias: catalog_sales
                  filterExpr: (cs_order_number is not null and cs_item_sk is not null and (cs_item_sk BETWEEN DynamicValue(RS_92_item_i_item_sk_min) AND DynamicValue(RS_92_item_i_item_sk_max) and in_bloom_filter(cs_item_sk, DynamicValue(RS_92_item_i_item_sk_bloom_filter))) and (cs_item_sk BETWEEN DynamicValue(RS_259_item_i_item_sk_min) AND DynamicValue(RS_259_item_i_item_sk_max) and in_bloom_filter(cs_item_sk, DynamicValue(RS_259_item_i_item_sk_bloom_filter)))) (type: boolean)
                  Statistics: Num rows: 144071691379 Data size: 3456282046768 Basic stats: COMPLETE Column stats: PARTIAL
                  Filter Operator
                    predicate: (cs_order_number is not null and cs_item_sk is not null and (cs_item_sk BETWEEN DynamicValue(RS_92_item_i_item_sk_min) AND DynamicValue(RS_92_item_i_item_sk_max) and in_bloom_filter(cs_item_sk, DynamicValue(RS_92_item_i_item_sk_bloom_filter))) and (cs_item_sk BETWEEN DynamicValue(RS_259_item_i_item_sk_min) AND DynamicValue(RS_259_item_i_item_sk_max) and in_bloom_filter(cs_item_sk, DynamicValue(RS_259_item_i_item_sk_bloom_filter)))) (type: boolean)
                    Statistics: Num rows: 144071691379 Data size: 3456282046768 Basic stats: COMPLETE Column stats: PARTIAL
                    Select Operator
                      expressions: cs_item_sk (type: bigint), cs_order_number (type: bigint), cs_ext_list_price (type: double)
                      outputColumnNames: _col0, _col1, _col2
                      Statistics: Num rows: 144071691379 Data size: 3456282046768 Basic stats: COMPLETE Column stats: PARTIAL
                      Reduce Output Operator
                        key expressions: _col0 (type: bigint), _col1 (type: bigint)
                        sort order: ++
                        Map-reduce partition columns: _col0 (type: bigint), _col1 (type: bigint)
                        Statistics: Num rows: 144071691379 Data size: 3456282046768 Basic stats: COMPLETE Column stats: PARTIAL
                        value expressions: _col2 (type: double)
            Execution mode: vectorized, llap
            LLAP IO: all inputs
        Map 2 
            Map Operator Tree:
                TableScan
                  alias: ib1
                  filterExpr: (ib_income_band_sk is not null or ib_income_band_sk is not null) (type: boolean)
                  Statistics: Num rows: 20 Data size: 160 Basic stats: COMPLETE Column stats: COMPLETE
                  Filter Operator
                    predicate: ib_income_band_sk is not null (type: boolean)
                    Statistics: Num rows: 20 Data size: 160 Basic stats: COMPLETE Column stats: COMPLETE
                    Select Operator
                      expressions: ib_income_band_sk (type: bigint)
                      outputColumnNames: _col0
                      Statistics: Num rows: 20 Data size: 160 Basic stats: COMPLETE Column stats: COMPLETE
                      Reduce Output Operator
                        key expressions: _col0 (type: bigint)
                        sort order: +
                        Map-reduce partition columns: _col0 (type: bigint)
                        Statistics: Num rows: 20 Data size: 160 Basic stats: COMPLETE Column stats: COMPLETE
                  Filter Operator
                    predicate: ib_income_band_sk is not null (type: boolean)
                    Statistics: Num rows: 20 Data size: 160 Basic stats: COMPLETE Column stats: COMPLETE
                    Select Operator
                      expressions: ib_income_band_sk (type: bigint)
                      outputColumnNames: _col0
                      Statistics: Num rows: 20 Data size: 160 Basic stats: COMPLETE Column stats: COMPLETE
                      Reduce Output Operator
                        key expressions: _col0 (type: bigint)
                        sort order: +
                        Map-reduce partition columns: _col0 (type: bigint)
                        Statistics: Num rows: 20 Data size: 160 Basic stats: COMPLETE Column stats: COMPLETE
            Execution mode: vectorized, llap
            LLAP IO: all inputs
        Map 22 
            Map Operator Tree:
                TableScan
                  alias: catalog_returns
                  filterExpr: (cr_item_sk is not null and cr_order_number is not null and (cr_item_sk BETWEEN DynamicValue(RS_92_item_i_item_sk_min) AND DynamicValue(RS_92_item_i_item_sk_max) and in_bloom_filter(cr_item_sk, DynamicValue(RS_92_item_i_item_sk_bloom_filter))) and (cr_item_sk BETWEEN DynamicValue(RS_259_item_i_item_sk_min) AND DynamicValue(RS_259_item_i_item_sk_max) and in_bloom_filter(cr_item_sk, DynamicValue(RS_259_item_i_item_sk_bloom_filter)))) (type: boolean)
                  Statistics: Num rows: 14403369483 Data size: 573090250272 Basic stats: COMPLETE Column stats: COMPLETE
                  Filter Operator
                    predicate: (cr_item_sk is not null and cr_order_number is not null and (cr_item_sk BETWEEN DynamicValue(RS_92_item_i_item_sk_min) AND DynamicValue(RS_92_item_i_item_sk_max) and in_bloom_filter(cr_item_sk, DynamicValue(RS_92_item_i_item_sk_bloom_filter))) and (cr_item_sk BETWEEN DynamicValue(RS_259_item_i_item_sk_min) AND DynamicValue(RS_259_item_i_item_sk_max) and in_bloom_filter(cr_item_sk, DynamicValue(RS_259_item_i_item_sk_bloom_filter)))) (type: boolean)
                    Statistics: Num rows: 14403369483 Data size: 573090250272 Basic stats: COMPLETE Column stats: COMPLETE
                    Select Operator
                      expressions: cr_item_sk (type: bigint), cr_order_number (type: bigint), cr_refunded_cash (type: double), cr_reversed_charge (type: double), cr_store_credit (type: double)
                      outputColumnNames: _col0, _col1, _col2, _col3, _col4
                      Statistics: Num rows: 14403369483 Data size: 573090250272 Basic stats: COMPLETE Column stats: COMPLETE
                      Reduce Output Operator
                        key expressions: _col0 (type: bigint), _col1 (type: bigint)
                        sort order: ++
                        Map-reduce partition columns: _col0 (type: bigint), _col1 (type: bigint)
                        Statistics: Num rows: 14403369483 Data size: 573090250272 Basic stats: COMPLETE Column stats: COMPLETE
                        value expressions: _col2 (type: double), _col3 (type: double), _col4 (type: double)
            Execution mode: vectorized, llap
            LLAP IO: all inputs
        Map 23 
            Map Operator Tree:
                TableScan
                  alias: store_returns
                  filterExpr: (sr_item_sk is not null and sr_ticket_number is not null and (sr_item_sk BETWEEN DynamicValue(RS_79_store_sales_ss_item_sk_min) AND DynamicValue(RS_79_store_sales_ss_item_sk_max) and in_bloom_filter(sr_item_sk, DynamicValue(RS_79_store_sales_ss_item_sk_bloom_filter))) and (sr_ticket_number BETWEEN DynamicValue(RS_79_store_sales_ss_ticket_number_min) AND DynamicValue(RS_79_store_sales_ss_ticket_number_max) and in_bloom_filter(sr_ticket_number, DynamicValue(RS_79_store_sales_ss_ticket_number_bloom_filter))) and (sr_item_sk BETWEEN DynamicValue(RS_92_item_i_item_sk_min) AND DynamicValue(RS_92_item_i_item_sk_max) and in_bloom_filter(sr_item_sk, DynamicValue(RS_92_item_i_item_sk_bloom_filter))) and (sr_item_sk BETWEEN DynamicValue(RS_259_item_i_item_sk_min) AND DynamicValue(RS_259_item_i_item_sk_max) and in_bloom_filter(sr_item_sk, DynamicValue(RS_259_item_i_item_sk_bloom_filter)))) (type: boolean)
                  Statistics: Num rows: 28777641316 Data size: 460442261056 Basic stats: COMPLETE Column stats: PARTIAL
                  Filter Operator
                    predicate: (sr_item_sk is not null and sr_ticket_number is not null and (sr_item_sk BETWEEN DynamicValue(RS_79_store_sales_ss_item_sk_min) AND DynamicValue(RS_79_store_sales_ss_item_sk_max) and in_bloom_filter(sr_item_sk, DynamicValue(RS_79_store_sales_ss_item_sk_bloom_filter))) and (sr_ticket_number BETWEEN DynamicValue(RS_79_store_sales_ss_ticket_number_min) AND DynamicValue(RS_79_store_sales_ss_ticket_number_max) and in_bloom_filter(sr_ticket_number, DynamicValue(RS_79_store_sales_ss_ticket_number_bloom_filter))) and (sr_item_sk BETWEEN DynamicValue(RS_92_item_i_item_sk_min) AND DynamicValue(RS_92_item_i_item_sk_max) and in_bloom_filter(sr_item_sk, DynamicValue(RS_92_item_i_item_sk_bloom_filter))) and (sr_item_sk BETWEEN DynamicValue(RS_259_item_i_item_sk_min) AND DynamicValue(RS_259_item_i_item_sk_max) and in_bloom_filter(sr_item_sk, DynamicValue(RS_259_item_i_item_sk_bloom_filter)))) (type: boolean)
                    Statistics: Num rows: 28777641316 Data size: 460442261056 Basic stats: COMPLETE Column stats: PARTIAL
                    Select Operator
                      expressions: sr_item_sk (type: bigint), sr_ticket_number (type: bigint)
                      outputColumnNames: _col0, _col1
                      Statistics: Num rows: 28777641316 Data size: 460442261056 Basic stats: COMPLETE Column stats: PARTIAL
                      Reduce Output Operator
                        key expressions: _col0 (type: bigint), _col1 (type: bigint)
                        sort order: ++
                        Map-reduce partition columns: _col0 (type: bigint), _col1 (type: bigint)
                        Statistics: Num rows: 28777641316 Data size: 460442261056 Basic stats: COMPLETE Column stats: PARTIAL
            Execution mode: vectorized, llap
            LLAP IO: all inputs
        Map 24 
            Map Operator Tree:
                TableScan
                  alias: item
                  filterExpr: ((i_color) IN ('maroon', 'burnished', 'dim', 'steel', 'navajo', 'chocolate') and i_current_price BETWEEN 35.0 AND 45.0 and i_current_price BETWEEN 36.0 AND 50.0 and i_item_sk is not null) (type: boolean)
                  Statistics: Num rows: 502000 Data size: 106413904 Basic stats: COMPLETE Column stats: COMPLETE
                  Filter Operator
                    predicate: ((i_color) IN ('maroon', 'burnished', 'dim', 'steel', 'navajo', 'chocolate') and i_current_price BETWEEN 35.0 AND 45.0 and i_current_price BETWEEN 36.0 AND 50.0 and i_item_sk is not null) (type: boolean)
                    Statistics: Num rows: 563 Data size: 119356 Basic stats: COMPLETE Column stats: COMPLETE
                    Select Operator
                      expressions: i_item_sk (type: bigint), i_product_name (type: string)
                      outputColumnNames: _col0, _col3
                      Statistics: Num rows: 563 Data size: 119356 Basic stats: COMPLETE Column stats: COMPLETE
                      Reduce Output Operator
                        key expressions: _col0 (type: bigint)
                        sort order: +
                        Map-reduce partition columns: _col0 (type: bigint)
                        Statistics: Num rows: 563 Data size: 119356 Basic stats: COMPLETE Column stats: COMPLETE
                        value expressions: _col3 (type: string)
                      Select Operator
                        expressions: _col0 (type: bigint)
                        outputColumnNames: _col0
                        Statistics: Num rows: 563 Data size: 4504 Basic stats: COMPLETE Column stats: COMPLETE
                        Group By Operator
                          aggregations: min(_col0), max(_col0), bloom_filter(_col0, expectedEntries=1000000)
                          mode: hash
                          outputColumnNames: _col0, _col1, _col2
                          Statistics: Num rows: 1 Data size: 24 Basic stats: COMPLETE Column stats: COMPLETE
                          Reduce Output Operator
                            sort order: 
                            Statistics: Num rows: 1 Data size: 24 Basic stats: COMPLETE Column stats: COMPLETE
                            value expressions: _col0 (type: bigint), _col1 (type: bigint), _col2 (type: binary)
                  Filter Operator
                    predicate: ((i_color) IN ('maroon', 'burnished', 'dim', 'steel', 'navajo', 'chocolate') and i_current_price BETWEEN 35.0 AND 45.0 and i_current_price BETWEEN 36.0 AND 50.0 and i_item_sk is not null) (type: boolean)
                    Statistics: Num rows: 563 Data size: 119356 Basic stats: COMPLETE Column stats: COMPLETE
                    Select Operator
                      expressions: i_item_sk (type: bigint), i_product_name (type: string)
                      outputColumnNames: _col0, _col3
                      Statistics: Num rows: 563 Data size: 119356 Basic stats: COMPLETE Column stats: COMPLETE
                      Reduce Output Operator
                        key expressions: _col0 (type: bigint)
                        sort order: +
                        Map-reduce partition columns: _col0 (type: bigint)
                        Statistics: Num rows: 563 Data size: 119356 Basic stats: COMPLETE Column stats: COMPLETE
                        value expressions: _col3 (type: string)
                      Select Operator
                        expressions: _col0 (type: bigint)
                        outputColumnNames: _col0
                        Statistics: Num rows: 563 Data size: 4504 Basic stats: COMPLETE Column stats: COMPLETE
                        Group By Operator
                          aggregations: min(_col0), max(_col0), bloom_filter(_col0, expectedEntries=1000000)
                          mode: hash
                          outputColumnNames: _col0, _col1, _col2
                          Statistics: Num rows: 1 Data size: 24 Basic stats: COMPLETE Column stats: COMPLETE
                          Reduce Output Operator
                            sort order: 
                            Statistics: Num rows: 1 Data size: 24 Basic stats: COMPLETE Column stats: COMPLETE
                            value expressions: _col0 (type: bigint), _col1 (type: bigint), _col2 (type: binary)
            Execution mode: vectorized, llap
            LLAP IO: all inputs
        Map 27 
            Map Operator Tree:
                TableScan
                  alias: promotion
                  filterExpr: p_promo_sk is not null (type: boolean)
                  Statistics: Num rows: 2500 Data size: 20000 Basic stats: COMPLETE Column stats: COMPLETE
                  Filter Operator
                    predicate: p_promo_sk is not null (type: boolean)
                    Statistics: Num rows: 2500 Data size: 20000 Basic stats: COMPLETE Column stats: COMPLETE
                    Select Operator
                      expressions: p_promo_sk (type: bigint)
                      outputColumnNames: _col0
                      Statistics: Num rows: 2500 Data size: 20000 Basic stats: COMPLETE Column stats: COMPLETE
                      Reduce Output Operator
                        key expressions: _col0 (type: bigint)
                        sort order: +
                        Map-reduce partition columns: _col0 (type: bigint)
                        Statistics: Num rows: 2500 Data size: 20000 Basic stats: COMPLETE Column stats: COMPLETE
                  Filter Operator
                    predicate: p_promo_sk is not null (type: boolean)
                    Statistics: Num rows: 2500 Data size: 20000 Basic stats: COMPLETE Column stats: COMPLETE
                    Select Operator
                      expressions: p_promo_sk (type: bigint)
                      outputColumnNames: _col0
                      Statistics: Num rows: 2500 Data size: 20000 Basic stats: COMPLETE Column stats: COMPLETE
                      Reduce Output Operator
                        key expressions: _col0 (type: bigint)
                        sort order: +
                        Map-reduce partition columns: _col0 (type: bigint)
                        Statistics: Num rows: 2500 Data size: 20000 Basic stats: COMPLETE Column stats: COMPLETE
            Execution mode: vectorized, llap
            LLAP IO: all inputs
        Map 28 
            Map Operator Tree:
                TableScan
                  alias: ad1
                  filterExpr: ca_address_sk is not null (type: boolean)
                  Statistics: Num rows: 500 Data size: 184500 Basic stats: COMPLETE Column stats: COMPLETE
                  Filter Operator
                    predicate: ca_address_sk is not null (type: boolean)
                    Statistics: Num rows: 500 Data size: 184500 Basic stats: COMPLETE Column stats: COMPLETE
                    Select Operator
                      expressions: ca_address_sk (type: bigint), ca_street_number (type: string), ca_street_name (type: string), ca_city (type: string), ca_zip (type: string)
                      outputColumnNames: _col0, _col1, _col2, _col3, _col4
                      Statistics: Num rows: 500 Data size: 184500 Basic stats: COMPLETE Column stats: COMPLETE
                      Reduce Output Operator
                        key expressions: _col0 (type: bigint)
                        sort order: +
                        Map-reduce partition columns: _col0 (type: bigint)
                        Statistics: Num rows: 500 Data size: 184500 Basic stats: COMPLETE Column stats: COMPLETE
                        value expressions: _col1 (type: string), _col2 (type: string), _col3 (type: string), _col4 (type: string)
                      Select Operator
                        expressions: _col0 (type: bigint)
                        outputColumnNames: _col0
                        Statistics: Num rows: 500 Data size: 4000 Basic stats: COMPLETE Column stats: COMPLETE
                        Group By Operator
                          aggregations: min(_col0), max(_col0), bloom_filter(_col0, expectedEntries=1000000)
                          mode: hash
                          outputColumnNames: _col0, _col1, _col2
                          Statistics: Num rows: 1 Data size: 24 Basic stats: COMPLETE Column stats: COMPLETE
                          Reduce Output Operator
                            sort order: 
                            Statistics: Num rows: 1 Data size: 24 Basic stats: COMPLETE Column stats: COMPLETE
                            value expressions: _col0 (type: bigint), _col1 (type: bigint), _col2 (type: binary)
                  Filter Operator
                    predicate: ca_address_sk is not null (type: boolean)
                    Statistics: Num rows: 500 Data size: 184500 Basic stats: COMPLETE Column stats: COMPLETE
                    Select Operator
                      expressions: ca_address_sk (type: bigint), ca_street_number (type: string), ca_street_name (type: string), ca_city (type: string), ca_zip (type: string)
                      outputColumnNames: _col0, _col1, _col2, _col3, _col4
                      Statistics: Num rows: 500 Data size: 184500 Basic stats: COMPLETE Column stats: COMPLETE
                      Reduce Output Operator
                        key expressions: _col0 (type: bigint)
                        sort order: +
                        Map-reduce partition columns: _col0 (type: bigint)
                        Statistics: Num rows: 500 Data size: 184500 Basic stats: COMPLETE Column stats: COMPLETE
                        value expressions: _col1 (type: string), _col2 (type: string), _col3 (type: string), _col4 (type: string)
                      Select Operator
                        expressions: _col0 (type: bigint)
                        outputColumnNames: _col0
                        Statistics: Num rows: 500 Data size: 4000 Basic stats: COMPLETE Column stats: COMPLETE
                        Group By Operator
                          aggregations: min(_col0), max(_col0), bloom_filter(_col0, expectedEntries=1000000)
                          mode: hash
                          outputColumnNames: _col0, _col1, _col2
                          Statistics: Num rows: 1 Data size: 24 Basic stats: COMPLETE Column stats: COMPLETE
                          Reduce Output Operator
                            sort order: 
                            Statistics: Num rows: 1 Data size: 24 Basic stats: COMPLETE Column stats: COMPLETE
                            value expressions: _col0 (type: bigint), _col1 (type: bigint), _col2 (type: binary)
            Execution mode: vectorized, llap
            LLAP IO: all inputs
        Map 3 
            Map Operator Tree:
                TableScan
                  alias: hd2
                  filterExpr: (hd_demo_sk is not null and hd_income_band_sk is not null) (type: boolean)
                  Statistics: Num rows: 7200 Data size: 115200 Basic stats: COMPLETE Column stats: COMPLETE
                  Filter Operator
                    predicate: (hd_demo_sk is not null and hd_income_band_sk is not null) (type: boolean)
                    Statistics: Num rows: 7200 Data size: 115200 Basic stats: COMPLETE Column stats: COMPLETE
                    Select Operator
                      expressions: hd_demo_sk (type: bigint), hd_income_band_sk (type: bigint)
                      outputColumnNames: _col0, _col1
                      Statistics: Num rows: 7200 Data size: 115200 Basic stats: COMPLETE Column stats: COMPLETE
                      Map Join Operator
                        condition map:
                             Inner Join 0 to 1
                        keys:
                          0 _col1 (type: bigint)
                          1 _col0 (type: bigint)
                        outputColumnNames: _col0
                        input vertices:
                          1 Map 2
                        Statistics: Num rows: 7200 Data size: 57600 Basic stats: COMPLETE Column stats: COMPLETE
                        Reduce Output Operator
                          key expressions: _col0 (type: bigint)
                          sort order: +
                          Map-reduce partition columns: _col0 (type: bigint)
                          Statistics: Num rows: 7200 Data size: 57600 Basic stats: COMPLETE Column stats: COMPLETE
                  Filter Operator
                    predicate: (hd_demo_sk is not null and hd_income_band_sk is not null) (type: boolean)
                    Statistics: Num rows: 7200 Data size: 115200 Basic stats: COMPLETE Column stats: COMPLETE
                    Select Operator
                      expressions: hd_demo_sk (type: bigint), hd_income_band_sk (type: bigint)
                      outputColumnNames: _col0, _col1
                      Statistics: Num rows: 7200 Data size: 115200 Basic stats: COMPLETE Column stats: COMPLETE
                      Map Join Operator
                        condition map:
                             Inner Join 0 to 1
                        keys:
                          0 _col1 (type: bigint)
                          1 _col0 (type: bigint)
                        outputColumnNames: _col0
                        input vertices:
                          1 Map 32
                        Statistics: Num rows: 7200 Data size: 57600 Basic stats: COMPLETE Column stats: COMPLETE
                        Reduce Output Operator
                          key expressions: _col0 (type: bigint)
                          sort order: +
                          Map-reduce partition columns: _col0 (type: bigint)
                          Statistics: Num rows: 7200 Data size: 57600 Basic stats: COMPLETE Column stats: COMPLETE
            Execution mode: vectorized, llap
            LLAP IO: all inputs
        Map 31 
            Map Operator Tree:
                TableScan
                  alias: ad2
                  filterExpr: ca_address_sk is not null (type: boolean)
                  Statistics: Num rows: 500 Data size: 184500 Basic stats: COMPLETE Column stats: COMPLETE
                  Filter Operator
                    predicate: ca_address_sk is not null (type: boolean)
                    Statistics: Num rows: 500 Data size: 184500 Basic stats: COMPLETE Column stats: COMPLETE
                    Select Operator
                      expressions: ca_address_sk (type: bigint), ca_street_number (type: string), ca_street_name (type: string), ca_city (type: string), ca_zip (type: string)
                      outputColumnNames: _col0, _col1, _col2, _col3, _col4
                      Statistics: Num rows: 500 Data size: 184500 Basic stats: COMPLETE Column stats: COMPLETE
                      Reduce Output Operator
                        key expressions: _col0 (type: bigint)
                        sort order: +
                        Map-reduce partition columns: _col0 (type: bigint)
                        Statistics: Num rows: 500 Data size: 184500 Basic stats: COMPLETE Column stats: COMPLETE
                        value expressions: _col1 (type: string), _col2 (type: string), _col3 (type: string), _col4 (type: string)
                  Filter Operator
                    predicate: ca_address_sk is not null (type: boolean)
                    Statistics: Num rows: 500 Data size: 184500 Basic stats: COMPLETE Column stats: COMPLETE
                    Select Operator
                      expressions: ca_address_sk (type: bigint), ca_street_number (type: string), ca_street_name (type: string), ca_city (type: string), ca_zip (type: string)
                      outputColumnNames: _col0, _col1, _col2, _col3, _col4
                      Statistics: Num rows: 500 Data size: 184500 Basic stats: COMPLETE Column stats: COMPLETE
                      Reduce Output Operator
                        key expressions: _col0 (type: bigint)
                        sort order: +
                        Map-reduce partition columns: _col0 (type: bigint)
                        Statistics: Num rows: 500 Data size: 184500 Basic stats: COMPLETE Column stats: COMPLETE
                        value expressions: _col1 (type: string), _col2 (type: string), _col3 (type: string), _col4 (type: string)
            Execution mode: vectorized, llap
            LLAP IO: all inputs
        Map 32 
            Map Operator Tree:
                TableScan
                  alias: ib1
                  filterExpr: (ib_income_band_sk is not null or ib_income_band_sk is not null) (type: boolean)
                  Statistics: Num rows: 20 Data size: 160 Basic stats: COMPLETE Column stats: COMPLETE
                  Filter Operator
                    predicate: ib_income_band_sk is not null (type: boolean)
                    Statistics: Num rows: 20 Data size: 160 Basic stats: COMPLETE Column stats: COMPLETE
                    Select Operator
                      expressions: ib_income_band_sk (type: bigint)
                      outputColumnNames: _col0
                      Statistics: Num rows: 20 Data size: 160 Basic stats: COMPLETE Column stats: COMPLETE
                      Reduce Output Operator
                        key expressions: _col0 (type: bigint)
                        sort order: +
                        Map-reduce partition columns: _col0 (type: bigint)
                        Statistics: Num rows: 20 Data size: 160 Basic stats: COMPLETE Column stats: COMPLETE
                  Filter Operator
                    predicate: ib_income_band_sk is not null (type: boolean)
                    Statistics: Num rows: 20 Data size: 160 Basic stats: COMPLETE Column stats: COMPLETE
                    Select Operator
                      expressions: ib_income_band_sk (type: bigint)
                      outputColumnNames: _col0
                      Statistics: Num rows: 20 Data size: 160 Basic stats: COMPLETE Column stats: COMPLETE
                      Reduce Output Operator
                        key expressions: _col0 (type: bigint)
                        sort order: +
                        Map-reduce partition columns: _col0 (type: bigint)
                        Statistics: Num rows: 20 Data size: 160 Basic stats: COMPLETE Column stats: COMPLETE
            Execution mode: vectorized, llap
            LLAP IO: all inputs
        Map 33 
            Map Operator Tree:
                TableScan
                  alias: customer
                  filterExpr: (c_customer_sk is not null and c_first_shipto_date_sk is not null and c_first_sales_date_sk is not null and c_current_cdemo_sk is not null and c_current_hdemo_sk is not null and c_current_addr_sk is not null) (type: boolean)
                  Statistics: Num rows: 1000 Data size: 47080 Basic stats: COMPLETE Column stats: COMPLETE
                  Filter Operator
                    predicate: (c_customer_sk is not null and c_first_shipto_date_sk is not null and c_first_sales_date_sk is not null and c_current_cdemo_sk is not null and c_current_hdemo_sk is not null and c_current_addr_sk is not null) (type: boolean)
                    Statistics: Num rows: 887 Data size: 41760 Basic stats: COMPLETE Column stats: COMPLETE
                    Select Operator
                      expressions: c_customer_sk (type: bigint), c_current_cdemo_sk (type: bigint), c_current_hdemo_sk (type: bigint), c_current_addr_sk (type: bigint), c_first_shipto_date_sk (type: bigint), c_first_sales_date_sk (type: bigint)
                      outputColumnNames: _col0, _col1, _col2, _col3, _col4, _col5
                      Statistics: Num rows: 887 Data size: 41760 Basic stats: COMPLETE Column stats: COMPLETE
                      Reduce Output Operator
                        key expressions: _col4 (type: bigint)
                        sort order: +
                        Map-reduce partition columns: _col4 (type: bigint)
                        Statistics: Num rows: 887 Data size: 41760 Basic stats: COMPLETE Column stats: COMPLETE
                        value expressions: _col0 (type: bigint), _col1 (type: bigint), _col2 (type: bigint), _col3 (type: bigint), _col5 (type: bigint)
            Execution mode: vectorized, llap
            LLAP IO: all inputs
        Map 34 
            Map Operator Tree:
                TableScan
                  alias: d2
                  filterExpr: d_date_sk is not null (type: boolean)
                  Statistics: Num rows: 73049 Data size: 876588 Basic stats: COMPLETE Column stats: COMPLETE
                  Filter Operator
                    predicate: d_date_sk is not null (type: boolean)
                    Statistics: Num rows: 73049 Data size: 876588 Basic stats: COMPLETE Column stats: COMPLETE
                    Select Operator
                      expressions: d_date_sk (type: bigint), d_year (type: int)
                      outputColumnNames: _col0, _col1
                      Statistics: Num rows: 73049 Data size: 876588 Basic stats: COMPLETE Column stats: COMPLETE
                      Map Join Operator
                        condition map:
                             Inner Join 0 to 1
                        keys:
                          0 _col7 (type: bigint)
                          1 _col0 (type: bigint)
                        outputColumnNames: _col1, _col2, _col3, _col4, _col5, _col9
                        input vertices:
                          0 Map 4
                        Statistics: Num rows: 991 Data size: 39640 Basic stats: COMPLETE Column stats: COMPLETE
                        Reduce Output Operator
                          key expressions: _col3 (type: bigint)
                          sort order: +
                          Map-reduce partition columns: _col3 (type: bigint)
                          Statistics: Num rows: 991 Data size: 39640 Basic stats: COMPLETE Column stats: COMPLETE
                          value expressions: _col1 (type: int), _col2 (type: bigint), _col4 (type: bigint), _col5 (type: bigint), _col9 (type: int)
            Execution mode: vectorized, llap
            LLAP IO: all inputs
        Map 35 
            Map Operator Tree:
                TableScan
                  alias: store_sales
                  filterExpr: (ss_item_sk is not null and ss_ticket_number is not null and ss_store_sk is not null and ss_customer_sk is not null and ss_cdemo_sk is not null and ss_promo_sk is not null and ss_hdemo_sk is not null and ss_addr_sk is not null and (ss_cdemo_sk BETWEEN DynamicValue(RS_203_cd1_cd_demo_sk_min) AND DynamicValue(RS_203_cd1_cd_demo_sk_max) and in_bloom_filter(ss_cdemo_sk, DynamicValue(RS_203_cd1_cd_demo_sk_bloom_filter))) and (ss_item_sk BETWEEN DynamicValue(RS_206_catalog_sales_cs_item_sk_min) AND DynamicValue(RS_206_catalog_sales_cs_item_sk_max) and in_bloom_filter(ss_item_sk, DynamicValue(RS_206_catalog_sales_cs_item_sk_bloom_filter))) and (ss_item_sk BETWEEN DynamicValue(RS_221_item_i_item_sk_min) AND DynamicValue(RS_221_item_i_item_sk_max) and in_bloom_filter(ss_item_sk, DynamicValue(RS_221_item_i_item_sk_bloom_filter))) and (ss_addr_sk BETWEEN DynamicValue(RS_240_ad1_ca_address_sk_min) AND DynamicValue(RS_240_ad1_ca_address_sk_max) and in_bloom_filter(ss_addr_sk, DynamicValue(RS_240_ad1_ca_address_sk_bloom_filter)))) (type: boolean)
                  Statistics: Num rows: 275035746821 Data size: 26165168519104 Basic stats: COMPLETE Column stats: COMPLETE
                  Filter Operator
                    predicate: (ss_item_sk is not null and ss_ticket_number is not null and ss_store_sk is not null and ss_customer_sk is not null and ss_cdemo_sk is not null and ss_promo_sk is not null and ss_hdemo_sk is not null and ss_addr_sk is not null and (ss_cdemo_sk BETWEEN DynamicValue(RS_203_cd1_cd_demo_sk_min) AND DynamicValue(RS_203_cd1_cd_demo_sk_max) and in_bloom_filter(ss_cdemo_sk, DynamicValue(RS_203_cd1_cd_demo_sk_bloom_filter))) and (ss_item_sk BETWEEN DynamicValue(RS_206_catalog_sales_cs_item_sk_min) AND DynamicValue(RS_206_catalog_sales_cs_item_sk_max) and in_bloom_filter(ss_item_sk, DynamicValue(RS_206_catalog_sales_cs_item_sk_bloom_filter))) and (ss_item_sk BETWEEN DynamicValue(RS_221_item_i_item_sk_min) AND DynamicValue(RS_221_item_i_item_sk_max) and in_bloom_filter(ss_item_sk, DynamicValue(RS_221_item_i_item_sk_bloom_filter))) and (ss_addr_sk BETWEEN DynamicValue(RS_240_ad1_ca_address_sk_min) AND DynamicValue(RS_240_ad1_ca_address_sk_max) and in_bloom_filter(ss_addr_sk, DynamicValue(RS_240_ad1_ca_address_sk_bloom_filter)))) (type: boolean)
                    Statistics: Num rows: 255768346733 Data size: 24332189438920 Basic stats: COMPLETE Column stats: COMPLETE
                    Select Operator
                      expressions: ss_item_sk (type: bigint), ss_customer_sk (type: bigint), ss_cdemo_sk (type: bigint), ss_hdemo_sk (type: bigint), ss_addr_sk (type: bigint), ss_store_sk (type: bigint), ss_promo_sk (type: bigint), ss_ticket_number (type: bigint), ss_wholesale_cost (type: double), ss_list_price (type: double), ss_coupon_amt (type: double), ss_sold_date_sk (type: bigint)
                      outputColumnNames: _col0, _col1, _col2, _col3, _col4, _col5, _col6, _col7, _col8, _col9, _col10, _col11
                      Statistics: Num rows: 255768346733 Data size: 24332189438920 Basic stats: COMPLETE Column stats: COMPLETE
                      Map Join Operator
                        condition map:
                             Inner Join 0 to 1
                        keys:
                          0 _col2 (type: bigint)
                          1 _col1 (type: bigint)
                        outputColumnNames: _col1, _col4, _col5, _col9, _col11, _col12, _col14, _col15, _col16, _col17, _col18, _col19, _col20, _col21, _col22, _col23
                        input vertices:
                          0 Map 7
                        Statistics: Num rows: 88690318 Data size: 17471992646 Basic stats: COMPLETE Column stats: COMPLETE
                        Map Join Operator
                          condition map:
                               Inner Join 0 to 1
                          keys:
                            0 _col23 (type: bigint)
                            1 _col0 (type: bigint)
                          outputColumnNames: _col1, _col4, _col5, _col9, _col11, _col12, _col14, _col15, _col16, _col17, _col18, _col19, _col20, _col21, _col22
                          input vertices:
                            1 Map 4
                          Statistics: Num rows: 31667742 Data size: 5985203238 Basic stats: COMPLETE Column stats: COMPLETE
                          Map Join Operator
                            condition map:
                                 Inner Join 0 to 1
                            keys:
                              0 _col17 (type: bigint)
                              1 _col0 (type: bigint)
                            outputColumnNames: _col1, _col4, _col5, _col9, _col11, _col12, _col14, _col15, _col16, _col18, _col19, _col20, _col21, _col22, _col27, _col28
                            input vertices:
                              1 Map 14
                            Statistics: Num rows: 31667742 Data size: 11337051636 Basic stats: COMPLETE Column stats: COMPLETE
                            Map Join Operator
                              condition map:
                                   Inner Join 0 to 1
                              keys:
                                0 _col14 (type: bigint)
                                1 _col0 (type: bigint)
                              outputColumnNames: _col1, _col4, _col5, _col9, _col11, _col12, _col15, _col16, _col18, _col19, _col20, _col21, _col22, _col27, _col28, _col30
                              input vertices:
                                1 Map 15
                              Statistics: Num rows: 37866547 Data size: 16471947945 Basic stats: COMPLETE Column stats: COMPLETE
                              Map Join Operator
                                condition map:
                                     Inner Join 0 to 1
                                keys:
                                  0 _col12 (type: bigint)
                                  1 _col0 (type: bigint)
                                outputColumnNames: _col1, _col4, _col5, _col9, _col11, _col12, _col15, _col16, _col18, _col19, _col20, _col21, _col22, _col27, _col28, _col30
                                input vertices:
                                  1 Reducer 43
                                Statistics: Num rows: 37866547 Data size: 16471947945 Basic stats: COMPLETE Column stats: PARTIAL
                                Reduce Output Operator
                                  key expressions: _col12 (type: bigint), _col19 (type: bigint)
                                  sort order: ++
                                  Map-reduce partition columns: _col12 (type: bigint), _col19 (type: bigint)
                                  Statistics: Num rows: 37866547 Data size: 16471947945 Basic stats: COMPLETE Column stats: PARTIAL
                                  value expressions: _col1 (type: int), _col4 (type: bigint), _col5 (type: bigint), _col9 (type: int), _col11 (type: string), _col15 (type: bigint), _col16 (type: bigint), _col18 (type: bigint), _col20 (type: double), _col21 (type: double), _col22 (type: double), _col27 (type: string), _col28 (type: string), _col30 (type: string)
                                Select Operator
                                  expressions: _col12 (type: bigint)
                                  outputColumnNames: _col0
                                  Statistics: Num rows: 37866547 Data size: 302932376 Basic stats: COMPLETE Column stats: PARTIAL
                                  Group By Operator
                                    aggregations: min(_col0), max(_col0), bloom_filter(_col0, expectedEntries=1000000)
                                    mode: hash
                                    outputColumnNames: _col0, _col1, _col2
                                    Statistics: Num rows: 1 Data size: 24 Basic stats: COMPLETE Column stats: PARTIAL
                                    Reduce Output Operator
                                      sort order: 
                                      Statistics: Num rows: 1 Data size: 24 Basic stats: COMPLETE Column stats: PARTIAL
                                      value expressions: _col0 (type: bigint), _col1 (type: bigint), _col2 (type: binary)
                                Select Operator
                                  expressions: _col19 (type: bigint)
                                  outputColumnNames: _col0
                                  Statistics: Num rows: 37866547 Data size: 302932376 Basic stats: COMPLETE Column stats: PARTIAL
                                  Group By Operator
                                    aggregations: min(_col0), max(_col0), bloom_filter(_col0, expectedEntries=1000000)
                                    mode: hash
                                    outputColumnNames: _col0, _col1, _col2
                                    Statistics: Num rows: 1 Data size: 24 Basic stats: COMPLETE Column stats: PARTIAL
                                    Reduce Output Operator
                                      sort order: 
                                      Statistics: Num rows: 1 Data size: 24 Basic stats: COMPLETE Column stats: PARTIAL
                                      value expressions: _col0 (type: bigint), _col1 (type: bigint), _col2 (type: binary)
            Execution mode: vectorized, llap
            LLAP IO: all inputs
        Map 4 
            Map Operator Tree:
                TableScan
                  alias: d3
                  filterExpr: (d_date_sk is not null or ((d_year = 2000) and d_date_sk is not null) or ((d_year = 2001) and d_date_sk is not null)) (type: boolean)
                  Statistics: Num rows: 73049 Data size: 876588 Basic stats: COMPLETE Column stats: COMPLETE
                  Filter Operator
                    predicate: d_date_sk is not null (type: boolean)
                    Statistics: Num rows: 73049 Data size: 876588 Basic stats: COMPLETE Column stats: COMPLETE
                    Select Operator
                      expressions: d_date_sk (type: bigint), d_year (type: int)
                      outputColumnNames: _col0, _col1
                      Statistics: Num rows: 73049 Data size: 876588 Basic stats: COMPLETE Column stats: COMPLETE
                      Map Join Operator
                        condition map:
                             Inner Join 0 to 1
                        keys:
                          0 _col0 (type: bigint)
                          1 _col4 (type: bigint)
                        outputColumnNames: _col1, _col2, _col3, _col4, _col5, _col7
                        input vertices:
                          1 Map 5
                        Statistics: Num rows: 887 Data size: 39028 Basic stats: COMPLETE Column stats: COMPLETE
                        Reduce Output Operator
                          key expressions: _col7 (type: bigint)
                          sort order: +
                          Map-reduce partition columns: _col7 (type: bigint)
                          Statistics: Num rows: 887 Data size: 39028 Basic stats: COMPLETE Column stats: COMPLETE
                          value expressions: _col1 (type: int), _col2 (type: bigint), _col3 (type: bigint), _col4 (type: bigint), _col5 (type: bigint)
                  Filter Operator
                    predicate: ((d_year = 2000) and d_date_sk is not null) (type: boolean)
                    Statistics: Num rows: 652 Data size: 7824 Basic stats: COMPLETE Column stats: COMPLETE
                    Select Operator
                      expressions: d_date_sk (type: bigint)
                      outputColumnNames: _col0
                      Statistics: Num rows: 652 Data size: 7824 Basic stats: COMPLETE Column stats: COMPLETE
                      Reduce Output Operator
                        key expressions: _col0 (type: bigint)
                        sort order: +
                        Map-reduce partition columns: _col0 (type: bigint)
                        Statistics: Num rows: 652 Data size: 7824 Basic stats: COMPLETE Column stats: COMPLETE
                      Select Operator
                        expressions: _col0 (type: bigint)
                        outputColumnNames: _col0
                        Statistics: Num rows: 652 Data size: 7824 Basic stats: COMPLETE Column stats: COMPLETE
                        Group By Operator
                          keys: _col0 (type: bigint)
                          mode: hash
                          outputColumnNames: _col0
                          Statistics: Num rows: 326 Data size: 3912 Basic stats: COMPLETE Column stats: COMPLETE
                          Dynamic Partitioning Event Operator
                            Target column: ss_sold_date_sk (bigint)
                            Target Input: store_sales
                            Partition key expr: ss_sold_date_sk
                            Statistics: Num rows: 326 Data size: 3912 Basic stats: COMPLETE Column stats: COMPLETE
                            Target Vertex: Map 8
                  Filter Operator
                    predicate: d_date_sk is not null (type: boolean)
                    Statistics: Num rows: 73049 Data size: 876588 Basic stats: COMPLETE Column stats: COMPLETE
                    Select Operator
                      expressions: d_date_sk (type: bigint), d_year (type: int)
                      outputColumnNames: _col0, _col1
                      Statistics: Num rows: 73049 Data size: 876588 Basic stats: COMPLETE Column stats: COMPLETE
                      Map Join Operator
                        condition map:
                             Inner Join 0 to 1
                        keys:
                          0 _col0 (type: bigint)
                          1 _col4 (type: bigint)
                        outputColumnNames: _col1, _col2, _col3, _col4, _col5, _col7
                        input vertices:
                          1 Map 33
                        Statistics: Num rows: 887 Data size: 39028 Basic stats: COMPLETE Column stats: COMPLETE
                        Reduce Output Operator
                          key expressions: _col7 (type: bigint)
                          sort order: +
                          Map-reduce partition columns: _col7 (type: bigint)
                          Statistics: Num rows: 887 Data size: 39028 Basic stats: COMPLETE Column stats: COMPLETE
                          value expressions: _col1 (type: int), _col2 (type: bigint), _col3 (type: bigint), _col4 (type: bigint), _col5 (type: bigint)
                  Filter Operator
                    predicate: ((d_year = 2001) and d_date_sk is not null) (type: boolean)
                    Statistics: Num rows: 652 Data size: 7824 Basic stats: COMPLETE Column stats: COMPLETE
                    Select Operator
                      expressions: d_date_sk (type: bigint)
                      outputColumnNames: _col0
                      Statistics: Num rows: 652 Data size: 7824 Basic stats: COMPLETE Column stats: COMPLETE
                      Reduce Output Operator
                        key expressions: _col0 (type: bigint)
                        sort order: +
                        Map-reduce partition columns: _col0 (type: bigint)
                        Statistics: Num rows: 652 Data size: 7824 Basic stats: COMPLETE Column stats: COMPLETE
                      Select Operator
                        expressions: _col0 (type: bigint)
                        outputColumnNames: _col0
                        Statistics: Num rows: 652 Data size: 7824 Basic stats: COMPLETE Column stats: COMPLETE
                        Group By Operator
                          keys: _col0 (type: bigint)
                          mode: hash
                          outputColumnNames: _col0
                          Statistics: Num rows: 326 Data size: 3912 Basic stats: COMPLETE Column stats: COMPLETE
                          Dynamic Partitioning Event Operator
                            Target column: ss_sold_date_sk (bigint)
                            Target Input: store_sales
                            Partition key expr: ss_sold_date_sk
                            Statistics: Num rows: 326 Data size: 3912 Basic stats: COMPLETE Column stats: COMPLETE
                            Target Vertex: Map 35
            Execution mode: vectorized, llap
            LLAP IO: all inputs
        Map 41 
            Map Operator Tree:
                TableScan
                  alias: catalog_sales
                  filterExpr: (cs_order_number is not null and cs_item_sk is not null and (cs_item_sk BETWEEN DynamicValue(RS_221_item_i_item_sk_min) AND DynamicValue(RS_221_item_i_item_sk_max) and in_bloom_filter(cs_item_sk, DynamicValue(RS_221_item_i_item_sk_bloom_filter)))) (type: boolean)
                  Statistics: Num rows: 144071691379 Data size: 3456282046768 Basic stats: COMPLETE Column stats: PARTIAL
                  Filter Operator
                    predicate: (cs_order_number is not null and cs_item_sk is not null and (cs_item_sk BETWEEN DynamicValue(RS_221_item_i_item_sk_min) AND DynamicValue(RS_221_item_i_item_sk_max) and in_bloom_filter(cs_item_sk, DynamicValue(RS_221_item_i_item_sk_bloom_filter)))) (type: boolean)
                    Statistics: Num rows: 144071691379 Data size: 3456282046768 Basic stats: COMPLETE Column stats: PARTIAL
                    Select Operator
                      expressions: cs_item_sk (type: bigint), cs_order_number (type: bigint), cs_ext_list_price (type: double)
                      outputColumnNames: _col0, _col1, _col2
                      Statistics: Num rows: 144071691379 Data size: 3456282046768 Basic stats: COMPLETE Column stats: PARTIAL
                      Reduce Output Operator
                        key expressions: _col0 (type: bigint), _col1 (type: bigint)
                        sort order: ++
                        Map-reduce partition columns: _col0 (type: bigint), _col1 (type: bigint)
                        Statistics: Num rows: 144071691379 Data size: 3456282046768 Basic stats: COMPLETE Column stats: PARTIAL
                        value expressions: _col2 (type: double)
            Execution mode: vectorized, llap
            LLAP IO: all inputs
        Map 45 
            Map Operator Tree:
                TableScan
                  alias: catalog_returns
                  filterExpr: (cr_item_sk is not null and cr_order_number is not null and (cr_item_sk BETWEEN DynamicValue(RS_221_item_i_item_sk_min) AND DynamicValue(RS_221_item_i_item_sk_max) and in_bloom_filter(cr_item_sk, DynamicValue(RS_221_item_i_item_sk_bloom_filter)))) (type: boolean)
                  Statistics: Num rows: 14403369483 Data size: 573090250272 Basic stats: COMPLETE Column stats: COMPLETE
                  Filter Operator
                    predicate: (cr_item_sk is not null and cr_order_number is not null and (cr_item_sk BETWEEN DynamicValue(RS_221_item_i_item_sk_min) AND DynamicValue(RS_221_item_i_item_sk_max) and in_bloom_filter(cr_item_sk, DynamicValue(RS_221_item_i_item_sk_bloom_filter)))) (type: boolean)
                    Statistics: Num rows: 14403369483 Data size: 573090250272 Basic stats: COMPLETE Column stats: COMPLETE
                    Select Operator
                      expressions: cr_item_sk (type: bigint), cr_order_number (type: bigint), cr_refunded_cash (type: double), cr_reversed_charge (type: double), cr_store_credit (type: double)
                      outputColumnNames: _col0, _col1, _col2, _col3, _col4
                      Statistics: Num rows: 14403369483 Data size: 573090250272 Basic stats: COMPLETE Column stats: COMPLETE
                      Reduce Output Operator
                        key expressions: _col0 (type: bigint), _col1 (type: bigint)
                        sort order: ++
                        Map-reduce partition columns: _col0 (type: bigint), _col1 (type: bigint)
                        Statistics: Num rows: 14403369483 Data size: 573090250272 Basic stats: COMPLETE Column stats: COMPLETE
                        value expressions: _col2 (type: double), _col3 (type: double), _col4 (type: double)
            Execution mode: vectorized, llap
            LLAP IO: all inputs
        Map 46 
            Map Operator Tree:
                TableScan
                  alias: store_returns
                  filterExpr: (sr_item_sk is not null and sr_ticket_number is not null and (sr_item_sk BETWEEN DynamicValue(RS_208_store_sales_ss_item_sk_min) AND DynamicValue(RS_208_store_sales_ss_item_sk_max) and in_bloom_filter(sr_item_sk, DynamicValue(RS_208_store_sales_ss_item_sk_bloom_filter))) and (sr_ticket_number BETWEEN DynamicValue(RS_208_store_sales_ss_ticket_number_min) AND DynamicValue(RS_208_store_sales_ss_ticket_number_max) and in_bloom_filter(sr_ticket_number, DynamicValue(RS_208_store_sales_ss_ticket_number_bloom_filter))) and (sr_item_sk BETWEEN DynamicValue(RS_221_item_i_item_sk_min) AND DynamicValue(RS_221_item_i_item_sk_max) and in_bloom_filter(sr_item_sk, DynamicValue(RS_221_item_i_item_sk_bloom_filter)))) (type: boolean)
                  Statistics: Num rows: 28777641316 Data size: 460442261056 Basic stats: COMPLETE Column stats: PARTIAL
                  Filter Operator
                    predicate: (sr_item_sk is not null and sr_ticket_number is not null and (sr_item_sk BETWEEN DynamicValue(RS_208_store_sales_ss_item_sk_min) AND DynamicValue(RS_208_store_sales_ss_item_sk_max) and in_bloom_filter(sr_item_sk, DynamicValue(RS_208_store_sales_ss_item_sk_bloom_filter))) and (sr_ticket_number BETWEEN DynamicValue(RS_208_store_sales_ss_ticket_number_min) AND DynamicValue(RS_208_store_sales_ss_ticket_number_max) and in_bloom_filter(sr_ticket_number, DynamicValue(RS_208_store_sales_ss_ticket_number_bloom_filter))) and (sr_item_sk BETWEEN DynamicValue(RS_221_item_i_item_sk_min) AND DynamicValue(RS_221_item_i_item_sk_max) and in_bloom_filter(sr_item_sk, DynamicValue(RS_221_item_i_item_sk_bloom_filter)))) (type: boolean)
                    Statistics: Num rows: 28777641316 Data size: 460442261056 Basic stats: COMPLETE Column stats: PARTIAL
                    Select Operator
                      expressions: sr_item_sk (type: bigint), sr_ticket_number (type: bigint)
                      outputColumnNames: _col0, _col1
                      Statistics: Num rows: 28777641316 Data size: 460442261056 Basic stats: COMPLETE Column stats: PARTIAL
                      Reduce Output Operator
                        key expressions: _col0 (type: bigint), _col1 (type: bigint)
                        sort order: ++
                        Map-reduce partition columns: _col0 (type: bigint), _col1 (type: bigint)
                        Statistics: Num rows: 28777641316 Data size: 460442261056 Basic stats: COMPLETE Column stats: PARTIAL
            Execution mode: vectorized, llap
            LLAP IO: all inputs
        Map 5 
            Map Operator Tree:
                TableScan
                  alias: customer
                  filterExpr: (c_customer_sk is not null and c_first_shipto_date_sk is not null and c_first_sales_date_sk is not null and c_current_cdemo_sk is not null and c_current_hdemo_sk is not null and c_current_addr_sk is not null) (type: boolean)
                  Statistics: Num rows: 1000 Data size: 47080 Basic stats: COMPLETE Column stats: COMPLETE
                  Filter Operator
                    predicate: (c_customer_sk is not null and c_first_shipto_date_sk is not null and c_first_sales_date_sk is not null and c_current_cdemo_sk is not null and c_current_hdemo_sk is not null and c_current_addr_sk is not null) (type: boolean)
                    Statistics: Num rows: 887 Data size: 41760 Basic stats: COMPLETE Column stats: COMPLETE
                    Select Operator
                      expressions: c_customer_sk (type: bigint), c_current_cdemo_sk (type: bigint), c_current_hdemo_sk (type: bigint), c_current_addr_sk (type: bigint), c_first_shipto_date_sk (type: bigint), c_first_sales_date_sk (type: bigint)
                      outputColumnNames: _col0, _col1, _col2, _col3, _col4, _col5
                      Statistics: Num rows: 887 Data size: 41760 Basic stats: COMPLETE Column stats: COMPLETE
                      Reduce Output Operator
                        key expressions: _col4 (type: bigint)
                        sort order: +
                        Map-reduce partition columns: _col4 (type: bigint)
                        Statistics: Num rows: 887 Data size: 41760 Basic stats: COMPLETE Column stats: COMPLETE
                        value expressions: _col0 (type: bigint), _col1 (type: bigint), _col2 (type: bigint), _col3 (type: bigint), _col5 (type: bigint)
            Execution mode: vectorized, llap
            LLAP IO: all inputs
        Map 6 
            Map Operator Tree:
                TableScan
                  alias: d2
                  filterExpr: d_date_sk is not null (type: boolean)
                  Statistics: Num rows: 73049 Data size: 876588 Basic stats: COMPLETE Column stats: COMPLETE
                  Filter Operator
                    predicate: d_date_sk is not null (type: boolean)
                    Statistics: Num rows: 73049 Data size: 876588 Basic stats: COMPLETE Column stats: COMPLETE
                    Select Operator
                      expressions: d_date_sk (type: bigint), d_year (type: int)
                      outputColumnNames: _col0, _col1
                      Statistics: Num rows: 73049 Data size: 876588 Basic stats: COMPLETE Column stats: COMPLETE
                      Map Join Operator
                        condition map:
                             Inner Join 0 to 1
                        keys:
                          0 _col7 (type: bigint)
                          1 _col0 (type: bigint)
                        outputColumnNames: _col1, _col2, _col3, _col4, _col5, _col9
                        input vertices:
                          0 Map 4
                        Statistics: Num rows: 991 Data size: 39640 Basic stats: COMPLETE Column stats: COMPLETE
                        Reduce Output Operator
                          key expressions: _col3 (type: bigint)
                          sort order: +
                          Map-reduce partition columns: _col3 (type: bigint)
                          Statistics: Num rows: 991 Data size: 39640 Basic stats: COMPLETE Column stats: COMPLETE
                          value expressions: _col1 (type: int), _col2 (type: bigint), _col4 (type: bigint), _col5 (type: bigint), _col9 (type: int)
            Execution mode: vectorized, llap
            LLAP IO: all inputs
        Map 7 
            Map Operator Tree:
                TableScan
                  alias: cd2
                  filterExpr: cd_demo_sk is not null (type: boolean)
                  Statistics: Num rows: 883835 Data size: 82196655 Basic stats: COMPLETE Column stats: COMPLETE
                  Filter Operator
                    predicate: cd_demo_sk is not null (type: boolean)
                    Statistics: Num rows: 883835 Data size: 82196655 Basic stats: COMPLETE Column stats: COMPLETE
                    Select Operator
                      expressions: cd_demo_sk (type: bigint), cd_marital_status (type: string)
                      outputColumnNames: _col0, _col1
                      Statistics: Num rows: 883835 Data size: 82196655 Basic stats: COMPLETE Column stats: COMPLETE
                      Map Join Operator
                        condition map:
                             Inner Join 0 to 1
                        keys:
                          0 _col3 (type: bigint)
                          1 _col0 (type: bigint)
                        outputColumnNames: _col1, _col2, _col4, _col5, _col9, _col11
                        input vertices:
                          0 Map 6
                        Statistics: Num rows: 1184 Data size: 138528 Basic stats: COMPLETE Column stats: COMPLETE
                        Reduce Output Operator
                          key expressions: _col2 (type: bigint)
                          sort order: +
                          Map-reduce partition columns: _col2 (type: bigint)
                          Statistics: Num rows: 1184 Data size: 138528 Basic stats: COMPLETE Column stats: COMPLETE
                          value expressions: _col1 (type: int), _col4 (type: bigint), _col5 (type: bigint), _col9 (type: int), _col11 (type: string)
                  Filter Operator
                    predicate: cd_demo_sk is not null (type: boolean)
                    Statistics: Num rows: 883835 Data size: 82196655 Basic stats: COMPLETE Column stats: COMPLETE
                    Select Operator
                      expressions: cd_demo_sk (type: bigint), cd_marital_status (type: string)
                      outputColumnNames: _col0, _col1
                      Statistics: Num rows: 883835 Data size: 82196655 Basic stats: COMPLETE Column stats: COMPLETE
                      Map Join Operator
                        condition map:
                             Inner Join 0 to 1
                        keys:
                          0 _col3 (type: bigint)
                          1 _col0 (type: bigint)
                        outputColumnNames: _col1, _col2, _col4, _col5, _col9, _col11
                        input vertices:
                          0 Map 34
                        Statistics: Num rows: 1184 Data size: 138528 Basic stats: COMPLETE Column stats: COMPLETE
                        Reduce Output Operator
                          key expressions: _col2 (type: bigint)
                          sort order: +
                          Map-reduce partition columns: _col2 (type: bigint)
                          Statistics: Num rows: 1184 Data size: 138528 Basic stats: COMPLETE Column stats: COMPLETE
                          value expressions: _col1 (type: int), _col4 (type: bigint), _col5 (type: bigint), _col9 (type: int), _col11 (type: string)
            Execution mode: vectorized, llap
            LLAP IO: all inputs
        Map 8 
            Map Operator Tree:
                TableScan
                  alias: store_sales
                  filterExpr: (ss_item_sk is not null and ss_ticket_number is not null and ss_store_sk is not null and ss_customer_sk is not null and ss_cdemo_sk is not null and ss_promo_sk is not null and ss_hdemo_sk is not null and ss_addr_sk is not null and (ss_cdemo_sk BETWEEN DynamicValue(RS_74_cd1_cd_demo_sk_min) AND DynamicValue(RS_74_cd1_cd_demo_sk_max) and in_bloom_filter(ss_cdemo_sk, DynamicValue(RS_74_cd1_cd_demo_sk_bloom_filter))) and (ss_item_sk BETWEEN DynamicValue(RS_77_catalog_sales_cs_item_sk_min) AND DynamicValue(RS_77_catalog_sales_cs_item_sk_max) and in_bloom_filter(ss_item_sk, DynamicValue(RS_77_catalog_sales_cs_item_sk_bloom_filter))) and (ss_item_sk BETWEEN DynamicValue(RS_92_item_i_item_sk_min) AND DynamicValue(RS_92_item_i_item_sk_max) and in_bloom_filter(ss_item_sk, DynamicValue(RS_92_item_i_item_sk_bloom_filter))) and (ss_addr_sk BETWEEN DynamicValue(RS_111_ad1_ca_address_sk_min) AND DynamicValue(RS_111_ad1_ca_address_sk_max) and in_bloom_filter(ss_addr_sk, DynamicValue(RS_111_ad1_ca_address_sk_bloom_filter))) and (ss_item_sk BETWEEN DynamicValue(RS_259_item_i_item_sk_min) AND DynamicValue(RS_259_item_i_item_sk_max) and in_bloom_filter(ss_item_sk, DynamicValue(RS_259_item_i_item_sk_bloom_filter)))) (type: boolean)
                  Statistics: Num rows: 275035746821 Data size: 26165168519104 Basic stats: COMPLETE Column stats: COMPLETE
                  Filter Operator
                    predicate: (ss_item_sk is not null and ss_ticket_number is not null and ss_store_sk is not null and ss_customer_sk is not null and ss_cdemo_sk is not null and ss_promo_sk is not null and ss_hdemo_sk is not null and ss_addr_sk is not null and (ss_cdemo_sk BETWEEN DynamicValue(RS_74_cd1_cd_demo_sk_min) AND DynamicValue(RS_74_cd1_cd_demo_sk_max) and in_bloom_filter(ss_cdemo_sk, DynamicValue(RS_74_cd1_cd_demo_sk_bloom_filter))) and (ss_item_sk BETWEEN DynamicValue(RS_77_catalog_sales_cs_item_sk_min) AND DynamicValue(RS_77_catalog_sales_cs_item_sk_max) and in_bloom_filter(ss_item_sk, DynamicValue(RS_77_catalog_sales_cs_item_sk_bloom_filter))) and (ss_item_sk BETWEEN DynamicValue(RS_92_item_i_item_sk_min) AND DynamicValue(RS_92_item_i_item_sk_max) and in_bloom_filter(ss_item_sk, DynamicValue(RS_92_item_i_item_sk_bloom_filter))) and (ss_addr_sk BETWEEN DynamicValue(RS_111_ad1_ca_address_sk_min) AND DynamicValue(RS_111_ad1_ca_address_sk_max) and in_bloom_filter(ss_addr_sk, DynamicValue(RS_111_ad1_ca_address_sk_bloom_filter))) and (ss_item_sk BETWEEN DynamicValue(RS_259_item_i_item_sk_min) AND DynamicValue(RS_259_item_i_item_sk_max) and in_bloom_filter(ss_item_sk, DynamicValue(RS_259_item_i_item_sk_bloom_filter)))) (type: boolean)
                    Statistics: Num rows: 255768346733 Data size: 24332189438920 Basic stats: COMPLETE Column stats: COMPLETE
                    Select Operator
                      expressions: ss_item_sk (type: bigint), ss_customer_sk (type: bigint), ss_cdemo_sk (type: bigint), ss_hdemo_sk (type: bigint), ss_addr_sk (type: bigint), ss_store_sk (type: bigint), ss_promo_sk (type: bigint), ss_ticket_number (type: bigint), ss_wholesale_cost (type: double), ss_list_price (type: double), ss_coupon_amt (type: double), ss_sold_date_sk (type: bigint)
                      outputColumnNames: _col0, _col1, _col2, _col3, _col4, _col5, _col6, _col7, _col8, _col9, _col10, _col11
                      Statistics: Num rows: 255768346733 Data size: 24332189438920 Basic stats: COMPLETE Column stats: COMPLETE
                      Map Join Operator
                        condition map:
                             Inner Join 0 to 1
                        keys:
                          0 _col2 (type: bigint)
                          1 _col1 (type: bigint)
                        outputColumnNames: _col1, _col4, _col5, _col9, _col11, _col12, _col14, _col15, _col16, _col17, _col18, _col19, _col20, _col21, _col22, _col23
                        input vertices:
                          0 Map 7
                        Statistics: Num rows: 88690318 Data size: 17471992646 Basic stats: COMPLETE Column stats: COMPLETE
                        Map Join Operator
                          condition map:
                               Inner Join 0 to 1
                          keys:
                            0 _col23 (type: bigint)
                            1 _col0 (type: bigint)
                          outputColumnNames: _col1, _col4, _col5, _col9, _col11, _col12, _col14, _col15, _col16, _col17, _col18, _col19, _col20, _col21, _col22
                          input vertices:
                            1 Map 4
                          Statistics: Num rows: 31667742 Data size: 5985203238 Basic stats: COMPLETE Column stats: COMPLETE
                          Map Join Operator
                            condition map:
                                 Inner Join 0 to 1
                            keys:
                              0 _col17 (type: bigint)
                              1 _col0 (type: bigint)
                            outputColumnNames: _col1, _col4, _col5, _col9, _col11, _col12, _col14, _col15, _col16, _col18, _col19, _col20, _col21, _col22, _col27, _col28
                            input vertices:
                              1 Map 14
                            Statistics: Num rows: 31667742 Data size: 11337051636 Basic stats: COMPLETE Column stats: COMPLETE
                            Map Join Operator
                              condition map:
                                   Inner Join 0 to 1
                              keys:
                                0 _col14 (type: bigint)
                                1 _col0 (type: bigint)
                              outputColumnNames: _col1, _col4, _col5, _col9, _col11, _col12, _col15, _col16, _col18, _col19, _col20, _col21, _col22, _col27, _col28, _col30
                              input vertices:
                                1 Map 15
                              Statistics: Num rows: 37866547 Data size: 16471947945 Basic stats: COMPLETE Column stats: COMPLETE
                              Map Join Operator
                                condition map:
                                     Inner Join 0 to 1
                                keys:
                                  0 _col12 (type: bigint)
                                  1 _col0 (type: bigint)
                                outputColumnNames: _col1, _col4, _col5, _col9, _col11, _col12, _col15, _col16, _col18, _col19, _col20, _col21, _col22, _col27, _col28, _col30
                                input vertices:
                                  1 Reducer 20
                                Statistics: Num rows: 37866547 Data size: 16471947945 Basic stats: COMPLETE Column stats: PARTIAL
                                Reduce Output Operator
                                  key expressions: _col12 (type: bigint), _col19 (type: bigint)
                                  sort order: ++
                                  Map-reduce partition columns: _col12 (type: bigint), _col19 (type: bigint)
                                  Statistics: Num rows: 37866547 Data size: 16471947945 Basic stats: COMPLETE Column stats: PARTIAL
                                  value expressions: _col1 (type: int), _col4 (type: bigint), _col5 (type: bigint), _col9 (type: int), _col11 (type: string), _col15 (type: bigint), _col16 (type: bigint), _col18 (type: bigint), _col20 (type: double), _col21 (type: double), _col22 (type: double), _col27 (type: string), _col28 (type: string), _col30 (type: string)
                                Select Operator
                                  expressions: _col12 (type: bigint)
                                  outputColumnNames: _col0
                                  Statistics: Num rows: 37866547 Data size: 302932376 Basic stats: COMPLETE Column stats: PARTIAL
                                  Group By Operator
                                    aggregations: min(_col0), max(_col0), bloom_filter(_col0, expectedEntries=1000000)
                                    mode: hash
                                    outputColumnNames: _col0, _col1, _col2
                                    Statistics: Num rows: 1 Data size: 24 Basic stats: COMPLETE Column stats: PARTIAL
                                    Reduce Output Operator
                                      sort order: 
                                      Statistics: Num rows: 1 Data size: 24 Basic stats: COMPLETE Column stats: PARTIAL
                                      value expressions: _col0 (type: bigint), _col1 (type: bigint), _col2 (type: binary)
                                Select Operator
                                  expressions: _col19 (type: bigint)
                                  outputColumnNames: _col0
                                  Statistics: Num rows: 37866547 Data size: 302932376 Basic stats: COMPLETE Column stats: PARTIAL
                                  Group By Operator
                                    aggregations: min(_col0), max(_col0), bloom_filter(_col0, expectedEntries=1000000)
                                    mode: hash
                                    outputColumnNames: _col0, _col1, _col2
                                    Statistics: Num rows: 1 Data size: 24 Basic stats: COMPLETE Column stats: PARTIAL
                                    Reduce Output Operator
                                      sort order: 
                                      Statistics: Num rows: 1 Data size: 24 Basic stats: COMPLETE Column stats: PARTIAL
                                      value expressions: _col0 (type: bigint), _col1 (type: bigint), _col2 (type: binary)
            Execution mode: vectorized, llap
            LLAP IO: all inputs
        Reducer 10 
            Execution mode: vectorized, llap
            Reduce Operator Tree:
              Group By Operator
                aggregations: count(VALUE._col0), sum(VALUE._col1), sum(VALUE._col2), sum(VALUE._col3)
                keys: KEY._col0 (type: string), KEY._col1 (type: bigint), KEY._col2 (type: string), KEY._col3 (type: string), KEY._col4 (type: string), KEY._col5 (type: string), KEY._col6 (type: string), KEY._col7 (type: string), KEY._col8 (type: string), KEY._col9 (type: string), KEY._col10 (type: string), KEY._col11 (type: int), KEY._col12 (type: int), KEY._col13 (type: string)
                mode: mergepartial
                outputColumnNames: _col0, _col1, _col2, _col3, _col4, _col5, _col6, _col7, _col8, _col9, _col10, _col11, _col12, _col13, _col14, _col15, _col16, _col17
                Statistics: Num rows: 363 Data size: 382602 Basic stats: COMPLETE Column stats: PARTIAL
                Select Operator
                  expressions: _col13 (type: string), _col1 (type: bigint), _col5 (type: string), _col6 (type: string), _col14 (type: bigint), _col15 (type: double), _col16 (type: double), _col17 (type: double), _col0 (type: string), _col2 (type: string), _col7 (type: string), _col8 (type: string), _col9 (type: string), _col10 (type: string), _col3 (type: string), _col4 (type: string)
                  outputColumnNames: _col0, _col1, _col10, _col11, _col13, _col14, _col15, _col16, _col2, _col3, _col4, _col5, _col6, _col7, _col8, _col9
                  Statistics: Num rows: 363 Data size: 379698 Basic stats: COMPLETE Column stats: PARTIAL
                  Map Join Operator
                    condition map:
                         Inner Join 0 to 1
                    keys:
                      0 _col2 (type: string), _col1 (type: bigint), _col3 (type: string)
                      1 _col2 (type: string), _col1 (type: bigint), _col3 (type: string)
                    outputColumnNames: _col0, _col2, _col3, _col4, _col5, _col6, _col7, _col8, _col9, _col10, _col11, _col13, _col14, _col15, _col16, _col30, _col31, _col32, _col33
                    input vertices:
                      1 Reducer 37
                    Statistics: Num rows: 131769 Data size: 140992830 Basic stats: COMPLETE Column stats: PARTIAL
                    Filter Operator
                      predicate: (_col30 <= _col13) (type: boolean)
                      Statistics: Num rows: 43923 Data size: 46997610 Basic stats: COMPLETE Column stats: PARTIAL
                      Select Operator
                        expressions: _col0 (type: string), _col2 (type: string), _col11 (type: string), _col13 (type: bigint), _col14 (type: double), _col15 (type: double), _col16 (type: double), _col31 (type: double), _col32 (type: double), _col33 (type: double), _col3 (type: string), _col30 (type: bigint), _col4 (type: string), _col5 (type: string), _col6 (type: string), _col7 (type: string), _col8 (type: string), _col9 (type: string), _col10 (type: string)
                        outputColumnNames: _col0, _col1, _col10, _col12, _col13, _col14, _col15, _col16, _col17, _col18, _col2, _col20, _col3, _col4, _col5, _col6, _col7, _col8, _col9
                        Statistics: Num rows: 43923 Data size: 47348994 Basic stats: COMPLETE Column stats: PARTIAL
                        Reduce Output Operator
                          key expressions: _col0 (type: string), _col1 (type: string), _col20 (type: bigint)
                          sort order: +++
                          Statistics: Num rows: 43923 Data size: 47348994 Basic stats: COMPLETE Column stats: PARTIAL
                          value expressions: _col2 (type: string), _col3 (type: string), _col4 (type: string), _col5 (type: string), _col6 (type: string), _col7 (type: string), _col8 (type: string), _col9 (type: string), _col10 (type: string), _col12 (type: bigint), _col13 (type: double), _col14 (type: double), _col15 (type: double), _col16 (type: double), _col17 (type: double), _col18 (type: double)
        Reducer 11 
            Execution mode: vectorized, llap
            Reduce Operator Tree:
              Select Operator
                expressions: KEY.reducesinkkey0 (type: string), KEY.reducesinkkey1 (type: string), VALUE._col0 (type: string), VALUE._col1 (type: string), VALUE._col2 (type: string), VALUE._col3 (type: string), VALUE._col4 (type: string), VALUE._col5 (type: string), VALUE._col6 (type: string), VALUE._col7 (type: string), VALUE._col8 (type: string), 2000 (type: int), VALUE._col9 (type: bigint), VALUE._col10 (type: double), VALUE._col11 (type: double), VALUE._col12 (type: double), VALUE._col13 (type: double), VALUE._col14 (type: double), VALUE._col15 (type: double), 2001 (type: int), KEY.reducesinkkey2 (type: bigint)
                outputColumnNames: _col0, _col1, _col2, _col3, _col4, _col5, _col6, _col7, _col8, _col9, _col10, _col11, _col12, _col13, _col14, _col15, _col16, _col17, _col18, _col19, _col20
                Statistics: Num rows: 43923 Data size: 47348994 Basic stats: COMPLETE Column stats: PARTIAL
                File Output Operator
                  compressed: false
                  Statistics: Num rows: 43923 Data size: 47348994 Basic stats: COMPLETE Column stats: PARTIAL
                  table:
                      input format: org.apache.hadoop.mapred.SequenceFileInputFormat
                      output format: org.apache.hadoop.hive.ql.io.HiveSequenceFileOutputFormat
                      serde: org.apache.hadoop.hive.serde2.lazy.LazySimpleSerDe
        Reducer 12 
            Execution mode: vectorized, llap
            Reduce Operator Tree:
              Group By Operator
                aggregations: min(VALUE._col0), max(VALUE._col1), bloom_filter(VALUE._col2, expectedEntries=1000000)
                mode: final
                outputColumnNames: _col0, _col1, _col2
                Statistics: Num rows: 1 Data size: 24 Basic stats: COMPLETE Column stats: PARTIAL
                Reduce Output Operator
                  sort order: 
                  Statistics: Num rows: 1 Data size: 24 Basic stats: COMPLETE Column stats: PARTIAL
                  value expressions: _col0 (type: bigint), _col1 (type: bigint), _col2 (type: binary)
        Reducer 13 
            Execution mode: vectorized, llap
            Reduce Operator Tree:
              Group By Operator
                aggregations: min(VALUE._col0), max(VALUE._col1), bloom_filter(VALUE._col2, expectedEntries=1000000)
                mode: final
                outputColumnNames: _col0, _col1, _col2
                Statistics: Num rows: 1 Data size: 24 Basic stats: COMPLETE Column stats: PARTIAL
                Reduce Output Operator
                  sort order: 
                  Statistics: Num rows: 1 Data size: 24 Basic stats: COMPLETE Column stats: PARTIAL
                  value expressions: _col0 (type: bigint), _col1 (type: bigint), _col2 (type: binary)
        Reducer 16 
            Execution mode: vectorized, llap
            Reduce Operator Tree:
              Group By Operator
                aggregations: min(VALUE._col0), max(VALUE._col1), bloom_filter(VALUE._col2, expectedEntries=1478300)
                mode: final
                outputColumnNames: _col0, _col1, _col2
                Statistics: Num rows: 1 Data size: 24 Basic stats: COMPLETE Column stats: COMPLETE
                Reduce Output Operator
                  sort order: 
                  Statistics: Num rows: 1 Data size: 24 Basic stats: COMPLETE Column stats: COMPLETE
                  value expressions: _col0 (type: bigint), _col1 (type: bigint), _col2 (type: binary)
        Reducer 17 
            Execution mode: vectorized, llap
            Reduce Operator Tree:
              Group By Operator
                aggregations: min(VALUE._col0), max(VALUE._col1), bloom_filter(VALUE._col2, expectedEntries=1478300)
                mode: final
                outputColumnNames: _col0, _col1, _col2
                Statistics: Num rows: 1 Data size: 24 Basic stats: COMPLETE Column stats: COMPLETE
                Reduce Output Operator
                  sort order: 
                  Statistics: Num rows: 1 Data size: 24 Basic stats: COMPLETE Column stats: COMPLETE
                  value expressions: _col0 (type: bigint), _col1 (type: bigint), _col2 (type: binary)
        Reducer 19 
            Execution mode: vectorized, llap
            Reduce Operator Tree:
              Map Join Operator
                condition map:
                     Inner Join 0 to 1
                keys:
                  0 KEY.reducesinkkey0 (type: bigint), KEY.reducesinkkey1 (type: bigint)
                  1 KEY.reducesinkkey0 (type: bigint), KEY.reducesinkkey1 (type: bigint)
                outputColumnNames: _col0, _col2, _col5, _col6, _col7
                input vertices:
                  1 Map 22
                Statistics: Num rows: 175290098 Data size: 7011603920 Basic stats: COMPLETE Column stats: PARTIAL
                Select Operator
                  expressions: _col0 (type: bigint), _col2 (type: double), ((_col5 + _col6) + _col7) (type: double)
                  outputColumnNames: _col0, _col1, _col2
                  Statistics: Num rows: 175290098 Data size: 7011603920 Basic stats: COMPLETE Column stats: PARTIAL
                  Group By Operator
                    aggregations: sum(_col1), sum(_col2)
                    keys: _col0 (type: bigint)
                    mode: hash
                    outputColumnNames: _col0, _col1, _col2
                    Statistics: Num rows: 41475 Data size: 995400 Basic stats: COMPLETE Column stats: PARTIAL
                    Reduce Output Operator
                      key expressions: _col0 (type: bigint)
                      sort order: +
                      Map-reduce partition columns: _col0 (type: bigint)
                      Statistics: Num rows: 41475 Data size: 995400 Basic stats: COMPLETE Column stats: PARTIAL
                      value expressions: _col1 (type: double), _col2 (type: double)
        Reducer 20 
            Execution mode: vectorized, llap
            Reduce Operator Tree:
              Group By Operator
                aggregations: sum(VALUE._col0), sum(VALUE._col1)
                keys: KEY._col0 (type: bigint)
                mode: mergepartial
                outputColumnNames: _col0, _col1, _col2
                Statistics: Num rows: 395 Data size: 9480 Basic stats: COMPLETE Column stats: PARTIAL
                Filter Operator
                  predicate: (_col1 > (2.0 * _col2)) (type: boolean)
                  Statistics: Num rows: 131 Data size: 3144 Basic stats: COMPLETE Column stats: PARTIAL
                  Select Operator
                    expressions: _col0 (type: bigint)
                    outputColumnNames: _col0
                    Statistics: Num rows: 131 Data size: 3144 Basic stats: COMPLETE Column stats: PARTIAL
                    Reduce Output Operator
                      key expressions: _col0 (type: bigint)
                      sort order: +
                      Map-reduce partition columns: _col0 (type: bigint)
                      Statistics: Num rows: 131 Data size: 3144 Basic stats: COMPLETE Column stats: PARTIAL
                    Select Operator
                      expressions: _col0 (type: bigint)
                      outputColumnNames: _col0
                      Statistics: Num rows: 131 Data size: 1048 Basic stats: COMPLETE Column stats: PARTIAL
                      Group By Operator
                        aggregations: min(_col0), max(_col0), bloom_filter(_col0, expectedEntries=1000000)
                        mode: hash
                        outputColumnNames: _col0, _col1, _col2
                        Statistics: Num rows: 1 Data size: 24 Basic stats: COMPLETE Column stats: PARTIAL
                        Reduce Output Operator
                          sort order: 
                          Statistics: Num rows: 1 Data size: 24 Basic stats: COMPLETE Column stats: PARTIAL
                          value expressions: _col0 (type: bigint), _col1 (type: bigint), _col2 (type: binary)
        Reducer 21 
            Execution mode: vectorized, llap
            Reduce Operator Tree:
              Group By Operator
                aggregations: min(VALUE._col0), max(VALUE._col1), bloom_filter(VALUE._col2, expectedEntries=1000000)
                mode: final
                outputColumnNames: _col0, _col1, _col2
                Statistics: Num rows: 1 Data size: 24 Basic stats: COMPLETE Column stats: PARTIAL
                Reduce Output Operator
                  sort order: 
                  Statistics: Num rows: 1 Data size: 24 Basic stats: COMPLETE Column stats: PARTIAL
                  value expressions: _col0 (type: bigint), _col1 (type: bigint), _col2 (type: binary)
        Reducer 25 
            Execution mode: vectorized, llap
            Reduce Operator Tree:
              Group By Operator
                aggregations: min(VALUE._col0), max(VALUE._col1), bloom_filter(VALUE._col2, expectedEntries=1000000)
                mode: final
                outputColumnNames: _col0, _col1, _col2
                Statistics: Num rows: 1 Data size: 24 Basic stats: COMPLETE Column stats: COMPLETE
                Reduce Output Operator
                  sort order: 
                  Statistics: Num rows: 1 Data size: 24 Basic stats: COMPLETE Column stats: COMPLETE
                  value expressions: _col0 (type: bigint), _col1 (type: bigint), _col2 (type: binary)
                Reduce Output Operator
                  sort order: 
                  Statistics: Num rows: 1 Data size: 24 Basic stats: COMPLETE Column stats: COMPLETE
                  value expressions: _col0 (type: bigint), _col1 (type: bigint), _col2 (type: binary)
                Reduce Output Operator
                  sort order: 
                  Statistics: Num rows: 1 Data size: 24 Basic stats: COMPLETE Column stats: COMPLETE
                  value expressions: _col0 (type: bigint), _col1 (type: bigint), _col2 (type: binary)
                Reduce Output Operator
                  sort order: 
                  Statistics: Num rows: 1 Data size: 24 Basic stats: COMPLETE Column stats: COMPLETE
                  value expressions: _col0 (type: bigint), _col1 (type: bigint), _col2 (type: binary)
        Reducer 26 
            Execution mode: vectorized, llap
            Reduce Operator Tree:
              Group By Operator
                aggregations: min(VALUE._col0), max(VALUE._col1), bloom_filter(VALUE._col2, expectedEntries=1000000)
                mode: final
                outputColumnNames: _col0, _col1, _col2
                Statistics: Num rows: 1 Data size: 24 Basic stats: COMPLETE Column stats: COMPLETE
                Reduce Output Operator
                  sort order: 
                  Statistics: Num rows: 1 Data size: 24 Basic stats: COMPLETE Column stats: COMPLETE
                  value expressions: _col0 (type: bigint), _col1 (type: bigint), _col2 (type: binary)
                Reduce Output Operator
                  sort order: 
                  Statistics: Num rows: 1 Data size: 24 Basic stats: COMPLETE Column stats: COMPLETE
                  value expressions: _col0 (type: bigint), _col1 (type: bigint), _col2 (type: binary)
                Reduce Output Operator
                  sort order: 
                  Statistics: Num rows: 1 Data size: 24 Basic stats: COMPLETE Column stats: COMPLETE
                  value expressions: _col0 (type: bigint), _col1 (type: bigint), _col2 (type: binary)
                Reduce Output Operator
                  sort order: 
                  Statistics: Num rows: 1 Data size: 24 Basic stats: COMPLETE Column stats: COMPLETE
                  value expressions: _col0 (type: bigint), _col1 (type: bigint), _col2 (type: binary)
        Reducer 29 
            Execution mode: vectorized, llap
            Reduce Operator Tree:
              Group By Operator
                aggregations: min(VALUE._col0), max(VALUE._col1), bloom_filter(VALUE._col2, expectedEntries=1000000)
                mode: final
                outputColumnNames: _col0, _col1, _col2
                Statistics: Num rows: 1 Data size: 24 Basic stats: COMPLETE Column stats: COMPLETE
                Reduce Output Operator
                  sort order: 
                  Statistics: Num rows: 1 Data size: 24 Basic stats: COMPLETE Column stats: COMPLETE
                  value expressions: _col0 (type: bigint), _col1 (type: bigint), _col2 (type: binary)
        Reducer 30 
            Execution mode: vectorized, llap
            Reduce Operator Tree:
              Group By Operator
                aggregations: min(VALUE._col0), max(VALUE._col1), bloom_filter(VALUE._col2, expectedEntries=1000000)
                mode: final
                outputColumnNames: _col0, _col1, _col2
                Statistics: Num rows: 1 Data size: 24 Basic stats: COMPLETE Column stats: COMPLETE
                Reduce Output Operator
                  sort order: 
                  Statistics: Num rows: 1 Data size: 24 Basic stats: COMPLETE Column stats: COMPLETE
                  value expressions: _col0 (type: bigint), _col1 (type: bigint), _col2 (type: binary)
        Reducer 36 
            Execution mode: vectorized, llap
            Reduce Operator Tree:
              Map Join Operator
                condition map:
                     Inner Join 0 to 1
                keys:
                  0 KEY.reducesinkkey0 (type: bigint), KEY.reducesinkkey1 (type: bigint)
                  1 KEY.reducesinkkey0 (type: bigint), KEY.reducesinkkey1 (type: bigint)
                outputColumnNames: _col1, _col4, _col5, _col9, _col11, _col12, _col15, _col16, _col18, _col20, _col21, _col22, _col27, _col28, _col30
                input vertices:
                  1 Map 46
                Statistics: Num rows: 70980 Data size: 30308460 Basic stats: COMPLETE Column stats: PARTIAL
                Select Operator
                  expressions: _col12 (type: bigint), _col15 (type: bigint), _col16 (type: bigint), _col18 (type: bigint), _col20 (type: double), _col21 (type: double), _col22 (type: double), _col9 (type: int), _col1 (type: int), _col27 (type: string), _col28 (type: string), _col4 (type: bigint), _col5 (type: bigint), _col30 (type: string), _col11 (type: string)
                  outputColumnNames: _col0, _col3, _col4, _col6, _col8, _col9, _col10, _col20, _col22, _col24, _col25, _col28, _col29, _col33, _col35
                  Statistics: Num rows: 70980 Data size: 30308460 Basic stats: COMPLETE Column stats: PARTIAL
                  Filter Operator
                    predicate: (_col33 <> _col35) (type: boolean)
                    Statistics: Num rows: 70980 Data size: 30308460 Basic stats: COMPLETE Column stats: PARTIAL
                    Select Operator
                      expressions: _col0 (type: bigint), _col10 (type: double), _col20 (type: int), _col22 (type: int), _col24 (type: string), _col25 (type: string), _col28 (type: bigint), _col29 (type: bigint), _col3 (type: bigint), _col4 (type: bigint), _col6 (type: bigint), _col8 (type: double), _col9 (type: double)
                      outputColumnNames: _col0, _col10, _col20, _col22, _col24, _col25, _col28, _col29, _col3, _col4, _col6, _col8, _col9
                      Statistics: Num rows: 70980 Data size: 30308460 Basic stats: COMPLETE Column stats: PARTIAL
                      Map Join Operator
                        condition map:
                             Inner Join 0 to 1
                        keys:
                          0 _col0 (type: bigint)
                          1 _col0 (type: bigint)
                        outputColumnNames: _col3, _col4, _col6, _col8, _col9, _col10, _col20, _col22, _col24, _col25, _col28, _col29, _col36, _col39
                        input vertices:
                          1 Map 24
                        Statistics: Num rows: 80 Data size: 29120 Basic stats: COMPLETE Column stats: PARTIAL
                        Map Join Operator
                          condition map:
                               Inner Join 0 to 1
                          keys:
                            0 _col6 (type: bigint)
                            1 _col0 (type: bigint)
                          outputColumnNames: _col3, _col4, _col8, _col9, _col10, _col20, _col22, _col24, _col25, _col28, _col29, _col36, _col39
                          input vertices:
                            1 Map 27
                          Statistics: Num rows: 80 Data size: 28480 Basic stats: COMPLETE Column stats: PARTIAL
                          Select Operator
                            expressions: _col9 (type: double), _col10 (type: double), _col20 (type: int), _col22 (type: int), _col24 (type: string), _col25 (type: string), _col28 (type: bigint), _col29 (type: bigint), _col36 (type: bigint), _col3 (type: bigint), _col39 (type: string), _col4 (type: bigint), _col8 (type: double)
                            outputColumnNames: _col10, _col11, _col21, _col23, _col25, _col26, _col29, _col30, _col37, _col4, _col40, _col5, _col9
                            Statistics: Num rows: 80 Data size: 28480 Basic stats: COMPLETE Column stats: PARTIAL
                            Map Join Operator
                              condition map:
                                   Inner Join 0 to 1
                              keys:
                                0 _col0 (type: bigint)
                                1 _col29 (type: bigint)
                              outputColumnNames: _col7, _col8, _col12, _col13, _col14, _col24, _col26, _col28, _col29, _col33, _col40, _col43
                              input vertices:
                                0 Map 3
                              Statistics: Num rows: 80 Data size: 27840 Basic stats: COMPLETE Column stats: PARTIAL
                              Map Join Operator
                                condition map:
                                     Inner Join 0 to 1
                                keys:
                                  0 _col8 (type: bigint)
                                  1 _col0 (type: bigint)
                                outputColumnNames: _col7, _col12, _col13, _col14, _col24, _col26, _col28, _col29, _col33, _col40, _col43, _col45, _col46, _col47, _col48
                                input vertices:
                                  1 Map 28
                                Statistics: Num rows: 170 Data size: 119170 Basic stats: COMPLETE Column stats: PARTIAL
                                Map Join Operator
                                  condition map:
                                       Inner Join 0 to 1
                                  keys:
                                    0 _col33 (type: bigint)
                                    1 _col0 (type: bigint)
                                  outputColumnNames: _col7, _col12, _col13, _col14, _col24, _col26, _col28, _col29, _col40, _col43, _col45, _col46, _col47, _col48, _col50, _col51, _col52, _col53
                                  input vertices:
                                    1 Map 31
                                  Statistics: Num rows: 363 Data size: 382602 Basic stats: COMPLETE Column stats: PARTIAL
                                  Select Operator
                                    expressions: _col50 (type: string), _col7 (type: bigint), _col51 (type: string), _col12 (type: double), _col13 (type: double), _col14 (type: double), _col52 (type: string), _col24 (type: int), _col26 (type: int), _col28 (type: string), _col29 (type: string), _col53 (type: string), _col40 (type: bigint), _col43 (type: string), _col45 (type: string), _col46 (type: string), _col47 (type: string), _col48 (type: string)
                                    outputColumnNames: _col1, _col17, _col2, _col22, _col23, _col24, _col3, _col34, _col36, _col38, _col39, _col4, _col50, _col53, _col6, _col7, _col8, _col9
                                    Statistics: Num rows: 363 Data size: 382602 Basic stats: COMPLETE Column stats: PARTIAL
                                    Map Join Operator
                                      condition map:
                                           Inner Join 0 to 1
                                      keys:
                                        0 _col0 (type: bigint)
                                        1 _col17 (type: bigint)
                                      outputColumnNames: _col4, _col5, _col6, _col7, _col9, _col10, _col11, _col12, _col25, _col26, _col27, _col37, _col39, _col41, _col42, _col53, _col56
                                      input vertices:
                                        0 Map 1
                                      Statistics: Num rows: 363 Data size: 379698 Basic stats: COMPLETE Column stats: PARTIAL
                                      Select Operator
                                        expressions: _col41 (type: string), _col53 (type: bigint), _col42 (type: string), _col4 (type: string), _col5 (type: string), _col6 (type: string), _col7 (type: string), _col9 (type: string), _col10 (type: string), _col11 (type: string), _col12 (type: string), _col37 (type: int), _col39 (type: int), _col56 (type: string), _col25 (type: double), _col26 (type: double), _col27 (type: double)
                                        outputColumnNames: _col41, _col53, _col42, _col4, _col5, _col6, _col7, _col9, _col10, _col11, _col12, _col37, _col39, _col56, _col25, _col26, _col27
                                        Statistics: Num rows: 363 Data size: 379698 Basic stats: COMPLETE Column stats: PARTIAL
                                        Group By Operator
                                          aggregations: count(), sum(_col25), sum(_col26), sum(_col27)
                                          keys: _col41 (type: string), _col53 (type: bigint), _col42 (type: string), _col4 (type: string), _col5 (type: string), _col6 (type: string), _col7 (type: string), _col9 (type: string), _col10 (type: string), _col11 (type: string), _col12 (type: string), _col37 (type: int), _col39 (type: int), _col56 (type: string)
                                          mode: hash
                                          outputColumnNames: _col0, _col1, _col2, _col3, _col4, _col5, _col6, _col7, _col8, _col9, _col10, _col11, _col12, _col13, _col14, _col15, _col16, _col17
                                          Statistics: Num rows: 363 Data size: 382602 Basic stats: COMPLETE Column stats: PARTIAL
                                          Reduce Output Operator
                                            key expressions: _col0 (type: string), _col1 (type: bigint), _col2 (type: string), _col3 (type: string), _col4 (type: string), _col5 (type: string), _col6 (type: string), _col7 (type: string), _col8 (type: string), _col9 (type: string), _col10 (type: string), _col11 (type: int), _col12 (type: int), _col13 (type: string)
                                            sort order: ++++++++++++++
                                            Map-reduce partition columns: _col0 (type: string), _col1 (type: bigint), _col2 (type: string), _col3 (type: string), _col4 (type: string), _col5 (type: string), _col6 (type: string), _col7 (type: string), _col8 (type: string), _col9 (type: string), _col10 (type: string), _col11 (type: int), _col12 (type: int), _col13 (type: string)
                                            Statistics: Num rows: 363 Data size: 382602 Basic stats: COMPLETE Column stats: PARTIAL
                                            value expressions: _col14 (type: bigint), _col15 (type: double), _col16 (type: double), _col17 (type: double)
        Reducer 37 
            Execution mode: vectorized, llap
            Reduce Operator Tree:
              Group By Operator
                aggregations: count(VALUE._col0), sum(VALUE._col1), sum(VALUE._col2), sum(VALUE._col3)
                keys: KEY._col0 (type: string), KEY._col1 (type: bigint), KEY._col2 (type: string), KEY._col3 (type: string), KEY._col4 (type: string), KEY._col5 (type: string), KEY._col6 (type: string), KEY._col7 (type: string), KEY._col8 (type: string), KEY._col9 (type: string), KEY._col10 (type: string), KEY._col11 (type: int), KEY._col12 (type: int), KEY._col13 (type: string)
                mode: mergepartial
                outputColumnNames: _col0, _col1, _col2, _col3, _col4, _col5, _col6, _col7, _col8, _col9, _col10, _col11, _col12, _col13, _col14, _col15, _col16, _col17
                Statistics: Num rows: 363 Data size: 382602 Basic stats: COMPLETE Column stats: PARTIAL
                Select Operator
                  expressions: _col1 (type: bigint), _col14 (type: bigint), _col15 (type: double), _col16 (type: double), _col17 (type: double), _col0 (type: string), _col2 (type: string)
                  outputColumnNames: _col1, _col13, _col14, _col15, _col16, _col2, _col3
                  Statistics: Num rows: 363 Data size: 78771 Basic stats: COMPLETE Column stats: PARTIAL
                  Reduce Output Operator
                    key expressions: _col2 (type: string), _col1 (type: bigint), _col3 (type: string)
                    sort order: +++
                    Map-reduce partition columns: _col2 (type: string), _col1 (type: bigint), _col3 (type: string)
                    Statistics: Num rows: 363 Data size: 78771 Basic stats: COMPLETE Column stats: PARTIAL
                    value expressions: _col13 (type: bigint), _col14 (type: double), _col15 (type: double), _col16 (type: double)
                  Select Operator
                    expressions: _col1 (type: bigint)
                    outputColumnNames: _col0
                    Statistics: Num rows: 363 Data size: 2904 Basic stats: COMPLETE Column stats: PARTIAL
                    Group By Operator
                      aggregations: min(_col0), max(_col0), bloom_filter(_col0, expectedEntries=1000000)
                      mode: hash
                      outputColumnNames: _col0, _col1, _col2
                      Statistics: Num rows: 1 Data size: 24 Basic stats: COMPLETE Column stats: PARTIAL
                      Reduce Output Operator
                        sort order: 
                        Statistics: Num rows: 1 Data size: 24 Basic stats: COMPLETE Column stats: PARTIAL
                        value expressions: _col0 (type: bigint), _col1 (type: bigint), _col2 (type: binary)
        Reducer 38 
            Execution mode: vectorized, llap
            Reduce Operator Tree:
              Group By Operator
                aggregations: min(VALUE._col0), max(VALUE._col1), bloom_filter(VALUE._col2, expectedEntries=1000000)
                mode: final
                outputColumnNames: _col0, _col1, _col2
                Statistics: Num rows: 1 Data size: 24 Basic stats: COMPLETE Column stats: PARTIAL
                Reduce Output Operator
                  sort order: 
                  Statistics: Num rows: 1 Data size: 24 Basic stats: COMPLETE Column stats: PARTIAL
                  value expressions: _col0 (type: bigint), _col1 (type: bigint), _col2 (type: binary)
                Reduce Output Operator
                  sort order: 
                  Statistics: Num rows: 1 Data size: 24 Basic stats: COMPLETE Column stats: PARTIAL
                  value expressions: _col0 (type: bigint), _col1 (type: bigint), _col2 (type: binary)
                Reduce Output Operator
                  sort order: 
                  Statistics: Num rows: 1 Data size: 24 Basic stats: COMPLETE Column stats: PARTIAL
                  value expressions: _col0 (type: bigint), _col1 (type: bigint), _col2 (type: binary)
                Reduce Output Operator
                  sort order: 
                  Statistics: Num rows: 1 Data size: 24 Basic stats: COMPLETE Column stats: PARTIAL
                  value expressions: _col0 (type: bigint), _col1 (type: bigint), _col2 (type: binary)
        Reducer 39 
            Execution mode: vectorized, llap
            Reduce Operator Tree:
              Group By Operator
                aggregations: min(VALUE._col0), max(VALUE._col1), bloom_filter(VALUE._col2, expectedEntries=1000000)
                mode: final
                outputColumnNames: _col0, _col1, _col2
                Statistics: Num rows: 1 Data size: 24 Basic stats: COMPLETE Column stats: PARTIAL
                Reduce Output Operator
                  sort order: 
                  Statistics: Num rows: 1 Data size: 24 Basic stats: COMPLETE Column stats: PARTIAL
                  value expressions: _col0 (type: bigint), _col1 (type: bigint), _col2 (type: binary)
        Reducer 40 
            Execution mode: vectorized, llap
            Reduce Operator Tree:
              Group By Operator
                aggregations: min(VALUE._col0), max(VALUE._col1), bloom_filter(VALUE._col2, expectedEntries=1000000)
                mode: final
                outputColumnNames: _col0, _col1, _col2
                Statistics: Num rows: 1 Data size: 24 Basic stats: COMPLETE Column stats: PARTIAL
                Reduce Output Operator
                  sort order: 
                  Statistics: Num rows: 1 Data size: 24 Basic stats: COMPLETE Column stats: PARTIAL
                  value expressions: _col0 (type: bigint), _col1 (type: bigint), _col2 (type: binary)
        Reducer 42 
            Execution mode: vectorized, llap
            Reduce Operator Tree:
              Map Join Operator
                condition map:
                     Inner Join 0 to 1
                keys:
                  0 KEY.reducesinkkey0 (type: bigint), KEY.reducesinkkey1 (type: bigint)
                  1 KEY.reducesinkkey0 (type: bigint), KEY.reducesinkkey1 (type: bigint)
                outputColumnNames: _col0, _col2, _col5, _col6, _col7
                input vertices:
                  1 Map 45
                Statistics: Num rows: 175290098 Data size: 7011603920 Basic stats: COMPLETE Column stats: PARTIAL
                Select Operator
                  expressions: _col0 (type: bigint), _col2 (type: double), ((_col5 + _col6) + _col7) (type: double)
                  outputColumnNames: _col0, _col1, _col2
                  Statistics: Num rows: 175290098 Data size: 7011603920 Basic stats: COMPLETE Column stats: PARTIAL
                  Group By Operator
                    aggregations: sum(_col1), sum(_col2)
                    keys: _col0 (type: bigint)
                    mode: hash
                    outputColumnNames: _col0, _col1, _col2
                    Statistics: Num rows: 41475 Data size: 995400 Basic stats: COMPLETE Column stats: PARTIAL
                    Reduce Output Operator
                      key expressions: _col0 (type: bigint)
                      sort order: +
                      Map-reduce partition columns: _col0 (type: bigint)
                      Statistics: Num rows: 41475 Data size: 995400 Basic stats: COMPLETE Column stats: PARTIAL
                      value expressions: _col1 (type: double), _col2 (type: double)
        Reducer 43 
            Execution mode: vectorized, llap
            Reduce Operator Tree:
              Group By Operator
                aggregations: sum(VALUE._col0), sum(VALUE._col1)
                keys: KEY._col0 (type: bigint)
                mode: mergepartial
                outputColumnNames: _col0, _col1, _col2
                Statistics: Num rows: 395 Data size: 9480 Basic stats: COMPLETE Column stats: PARTIAL
                Filter Operator
                  predicate: (_col1 > (2.0 * _col2)) (type: boolean)
                  Statistics: Num rows: 131 Data size: 3144 Basic stats: COMPLETE Column stats: PARTIAL
                  Select Operator
                    expressions: _col0 (type: bigint)
                    outputColumnNames: _col0
                    Statistics: Num rows: 131 Data size: 3144 Basic stats: COMPLETE Column stats: PARTIAL
                    Reduce Output Operator
                      key expressions: _col0 (type: bigint)
                      sort order: +
                      Map-reduce partition columns: _col0 (type: bigint)
                      Statistics: Num rows: 131 Data size: 3144 Basic stats: COMPLETE Column stats: PARTIAL
                    Select Operator
                      expressions: _col0 (type: bigint)
                      outputColumnNames: _col0
                      Statistics: Num rows: 131 Data size: 1048 Basic stats: COMPLETE Column stats: PARTIAL
                      Group By Operator
                        aggregations: min(_col0), max(_col0), bloom_filter(_col0, expectedEntries=1000000)
                        mode: hash
                        outputColumnNames: _col0, _col1, _col2
                        Statistics: Num rows: 1 Data size: 24 Basic stats: COMPLETE Column stats: PARTIAL
                        Reduce Output Operator
                          sort order: 
                          Statistics: Num rows: 1 Data size: 24 Basic stats: COMPLETE Column stats: PARTIAL
                          value expressions: _col0 (type: bigint), _col1 (type: bigint), _col2 (type: binary)
        Reducer 44 
            Execution mode: vectorized, llap
            Reduce Operator Tree:
              Group By Operator
                aggregations: min(VALUE._col0), max(VALUE._col1), bloom_filter(VALUE._col2, expectedEntries=1000000)
                mode: final
                outputColumnNames: _col0, _col1, _col2
                Statistics: Num rows: 1 Data size: 24 Basic stats: COMPLETE Column stats: PARTIAL
                Reduce Output Operator
                  sort order: 
                  Statistics: Num rows: 1 Data size: 24 Basic stats: COMPLETE Column stats: PARTIAL
                  value expressions: _col0 (type: bigint), _col1 (type: bigint), _col2 (type: binary)
        Reducer 9 
            Execution mode: vectorized, llap
            Reduce Operator Tree:
              Map Join Operator
                condition map:
                     Inner Join 0 to 1
                keys:
                  0 KEY.reducesinkkey0 (type: bigint), KEY.reducesinkkey1 (type: bigint)
                  1 KEY.reducesinkkey0 (type: bigint), KEY.reducesinkkey1 (type: bigint)
                outputColumnNames: _col1, _col4, _col5, _col9, _col11, _col12, _col15, _col16, _col18, _col20, _col21, _col22, _col27, _col28, _col30
                input vertices:
                  1 Map 23
                Statistics: Num rows: 70980 Data size: 30308460 Basic stats: COMPLETE Column stats: PARTIAL
                Select Operator
                  expressions: _col12 (type: bigint), _col15 (type: bigint), _col16 (type: bigint), _col18 (type: bigint), _col20 (type: double), _col21 (type: double), _col22 (type: double), _col9 (type: int), _col1 (type: int), _col27 (type: string), _col28 (type: string), _col4 (type: bigint), _col5 (type: bigint), _col30 (type: string), _col11 (type: string)
                  outputColumnNames: _col0, _col3, _col4, _col6, _col8, _col9, _col10, _col20, _col22, _col24, _col25, _col28, _col29, _col33, _col35
                  Statistics: Num rows: 70980 Data size: 30308460 Basic stats: COMPLETE Column stats: PARTIAL
                  Filter Operator
                    predicate: (_col33 <> _col35) (type: boolean)
                    Statistics: Num rows: 70980 Data size: 30308460 Basic stats: COMPLETE Column stats: PARTIAL
                    Select Operator
                      expressions: _col0 (type: bigint), _col10 (type: double), _col20 (type: int), _col22 (type: int), _col24 (type: string), _col25 (type: string), _col28 (type: bigint), _col29 (type: bigint), _col3 (type: bigint), _col4 (type: bigint), _col6 (type: bigint), _col8 (type: double), _col9 (type: double)
                      outputColumnNames: _col0, _col10, _col20, _col22, _col24, _col25, _col28, _col29, _col3, _col4, _col6, _col8, _col9
                      Statistics: Num rows: 70980 Data size: 30308460 Basic stats: COMPLETE Column stats: PARTIAL
                      Map Join Operator
                        condition map:
                             Inner Join 0 to 1
                        keys:
                          0 _col0 (type: bigint)
                          1 _col0 (type: bigint)
                        outputColumnNames: _col3, _col4, _col6, _col8, _col9, _col10, _col20, _col22, _col24, _col25, _col28, _col29, _col36, _col39
                        input vertices:
                          1 Map 24
                        Statistics: Num rows: 80 Data size: 29120 Basic stats: COMPLETE Column stats: PARTIAL
                        Map Join Operator
                          condition map:
                               Inner Join 0 to 1
                          keys:
                            0 _col6 (type: bigint)
                            1 _col0 (type: bigint)
                          outputColumnNames: _col3, _col4, _col8, _col9, _col10, _col20, _col22, _col24, _col25, _col28, _col29, _col36, _col39
                          input vertices:
                            1 Map 27
                          Statistics: Num rows: 80 Data size: 28480 Basic stats: COMPLETE Column stats: PARTIAL
                          Select Operator
                            expressions: _col9 (type: double), _col10 (type: double), _col20 (type: int), _col22 (type: int), _col24 (type: string), _col25 (type: string), _col28 (type: bigint), _col29 (type: bigint), _col36 (type: bigint), _col3 (type: bigint), _col39 (type: string), _col4 (type: bigint), _col8 (type: double)
                            outputColumnNames: _col10, _col11, _col21, _col23, _col25, _col26, _col29, _col30, _col37, _col4, _col40, _col5, _col9
                            Statistics: Num rows: 80 Data size: 28480 Basic stats: COMPLETE Column stats: PARTIAL
                            Map Join Operator
                              condition map:
                                   Inner Join 0 to 1
                              keys:
                                0 _col0 (type: bigint)
                                1 _col29 (type: bigint)
                              outputColumnNames: _col7, _col8, _col12, _col13, _col14, _col24, _col26, _col28, _col29, _col33, _col40, _col43
                              input vertices:
                                0 Map 3
                              Statistics: Num rows: 80 Data size: 27840 Basic stats: COMPLETE Column stats: PARTIAL
                              Map Join Operator
                                condition map:
                                     Inner Join 0 to 1
                                keys:
                                  0 _col8 (type: bigint)
                                  1 _col0 (type: bigint)
                                outputColumnNames: _col7, _col12, _col13, _col14, _col24, _col26, _col28, _col29, _col33, _col40, _col43, _col45, _col46, _col47, _col48
                                input vertices:
                                  1 Map 28
                                Statistics: Num rows: 170 Data size: 119170 Basic stats: COMPLETE Column stats: PARTIAL
                                Map Join Operator
                                  condition map:
                                       Inner Join 0 to 1
                                  keys:
                                    0 _col33 (type: bigint)
                                    1 _col0 (type: bigint)
                                  outputColumnNames: _col7, _col12, _col13, _col14, _col24, _col26, _col28, _col29, _col40, _col43, _col45, _col46, _col47, _col48, _col50, _col51, _col52, _col53
                                  input vertices:
                                    1 Map 31
                                  Statistics: Num rows: 363 Data size: 382602 Basic stats: COMPLETE Column stats: PARTIAL
                                  Select Operator
                                    expressions: _col50 (type: string), _col7 (type: bigint), _col51 (type: string), _col12 (type: double), _col13 (type: double), _col14 (type: double), _col52 (type: string), _col24 (type: int), _col26 (type: int), _col28 (type: string), _col29 (type: string), _col53 (type: string), _col40 (type: bigint), _col43 (type: string), _col45 (type: string), _col46 (type: string), _col47 (type: string), _col48 (type: string)
                                    outputColumnNames: _col1, _col17, _col2, _col22, _col23, _col24, _col3, _col34, _col36, _col38, _col39, _col4, _col50, _col53, _col6, _col7, _col8, _col9
                                    Statistics: Num rows: 363 Data size: 382602 Basic stats: COMPLETE Column stats: PARTIAL
                                    Map Join Operator
                                      condition map:
                                           Inner Join 0 to 1
                                      keys:
                                        0 _col0 (type: bigint)
                                        1 _col17 (type: bigint)
                                      outputColumnNames: _col4, _col5, _col6, _col7, _col9, _col10, _col11, _col12, _col25, _col26, _col27, _col37, _col39, _col41, _col42, _col53, _col56
                                      input vertices:
                                        0 Map 1
                                      Statistics: Num rows: 363 Data size: 379698 Basic stats: COMPLETE Column stats: PARTIAL
                                      Select Operator
                                        expressions: _col41 (type: string), _col53 (type: bigint), _col42 (type: string), _col4 (type: string), _col5 (type: string), _col6 (type: string), _col7 (type: string), _col9 (type: string), _col10 (type: string), _col11 (type: string), _col12 (type: string), _col37 (type: int), _col39 (type: int), _col56 (type: string), _col25 (type: double), _col26 (type: double), _col27 (type: double)
                                        outputColumnNames: _col41, _col53, _col42, _col4, _col5, _col6, _col7, _col9, _col10, _col11, _col12, _col37, _col39, _col56, _col25, _col26, _col27
                                        Statistics: Num rows: 363 Data size: 379698 Basic stats: COMPLETE Column stats: PARTIAL
                                        Group By Operator
                                          aggregations: count(), sum(_col25), sum(_col26), sum(_col27)
                                          keys: _col41 (type: string), _col53 (type: bigint), _col42 (type: string), _col4 (type: string), _col5 (type: string), _col6 (type: string), _col7 (type: string), _col9 (type: string), _col10 (type: string), _col11 (type: string), _col12 (type: string), _col37 (type: int), _col39 (type: int), _col56 (type: string)
                                          mode: hash
                                          outputColumnNames: _col0, _col1, _col2, _col3, _col4, _col5, _col6, _col7, _col8, _col9, _col10, _col11, _col12, _col13, _col14, _col15, _col16, _col17
                                          Statistics: Num rows: 363 Data size: 382602 Basic stats: COMPLETE Column stats: PARTIAL
                                          Reduce Output Operator
                                            key expressions: _col0 (type: string), _col1 (type: bigint), _col2 (type: string), _col3 (type: string), _col4 (type: string), _col5 (type: string), _col6 (type: string), _col7 (type: string), _col8 (type: string), _col9 (type: string), _col10 (type: string), _col11 (type: int), _col12 (type: int), _col13 (type: string)
                                            sort order: ++++++++++++++
                                            Map-reduce partition columns: _col0 (type: string), _col1 (type: bigint), _col2 (type: string), _col3 (type: string), _col4 (type: string), _col5 (type: string), _col6 (type: string), _col7 (type: string), _col8 (type: string), _col9 (type: string), _col10 (type: string), _col11 (type: int), _col12 (type: int), _col13 (type: string)
                                            Statistics: Num rows: 363 Data size: 382602 Basic stats: COMPLETE Column stats: PARTIAL
                                            value expressions: _col14 (type: bigint), _col15 (type: double), _col16 (type: double), _col17 (type: double)

  Stage: Stage-0
    Fetch Operator
      limit: -1
      Processor Tree:
        ListSink